2021-07-23 11:52:20,637 INFO o.a.j.u.JMeterUtils: Setting Locale to en_EN
2021-07-23 11:52:20,650 INFO o.a.j.JMeter: Loading user properties from: user.properties
2021-07-23 11:52:20,651 INFO o.a.j.JMeter: Loading system properties from: system.properties
2021-07-23 11:52:20,651 INFO o.a.j.JMeter: Setting JMeter property: meter.reportgenerator.report_title=AddLineItemsRepository
2021-07-23 11:52:20,651 INFO o.a.j.JMeter: Setting JMeter property: thread=1
2021-07-23 11:52:20,652 INFO o.a.j.JMeter: Setting JMeter property: rampup=1
2021-07-23 11:52:20,652 INFO o.a.j.JMeter: Setting JMeter property: tenant=Partner_ZCS_Users
2021-07-23 11:52:20,656 INFO o.a.j.JMeter: Copyright (c) 1998-2019 The Apache Software Foundation
2021-07-23 11:52:20,657 INFO o.a.j.JMeter: Version 5.1 r1853635
2021-07-23 11:52:20,657 INFO o.a.j.JMeter: java.version=1.8.0_144
2021-07-23 11:52:20,657 INFO o.a.j.JMeter: java.vm.name=Java HotSpot(TM) 64-Bit Server VM
2021-07-23 11:52:20,657 INFO o.a.j.JMeter: os.name=Windows 10
2021-07-23 11:52:20,657 INFO o.a.j.JMeter: os.arch=amd64
2021-07-23 11:52:20,657 INFO o.a.j.JMeter: os.version=10.0
2021-07-23 11:52:20,657 INFO o.a.j.JMeter: file.encoding=Cp1252
2021-07-23 11:52:20,657 INFO o.a.j.JMeter: java.awt.headless=true
2021-07-23 11:52:20,657 INFO o.a.j.JMeter: Max memory     =8589934592
2021-07-23 11:52:20,657 INFO o.a.j.JMeter: Available Processors =4
2021-07-23 11:52:20,660 INFO o.a.j.JMeter: Default Locale=English (EN)
2021-07-23 11:52:20,661 INFO o.a.j.JMeter: JMeter  Locale=English (EN)
2021-07-23 11:52:20,661 INFO o.a.j.JMeter: JMeterHome=D:\apache-jmeter-5.1\apache-jmeter-5.1
2021-07-23 11:52:20,661 INFO o.a.j.JMeter: user.dir  =D:\apache-jmeter-5.1\apache-jmeter-5.1\bin
2021-07-23 11:52:20,661 INFO o.a.j.JMeter: PWD       =D:\apache-jmeter-5.1\apache-jmeter-5.1\bin
2021-07-23 11:52:20,663 INFO o.a.j.JMeter: IP: 192.168.35.159 Name: ZIPLSY1584 FullName: host.docker.internal
2021-07-23 11:52:20,665 INFO o.a.j.JMeter: Setting property 'jmeter.reportgenerator.outputdir' to:'C:\xampp\htdocs\performance\L0_iContract_1_AddLineItemsRepository_2021-07-23_29'
2021-07-23 11:52:20,666 INFO o.a.j.s.FileServer: Default base='D:\apache-jmeter-5.1\apache-jmeter-5.1\bin'
2021-07-23 11:52:20,671 INFO o.a.j.s.FileServer: Set new base='D:\PEAutomation\Partner\iContract'
2021-07-23 11:52:20,785 INFO o.a.j.s.SaveService: Testplan (JMX) version: 2.2. Testlog (JTL) version: 2.2
2021-07-23 11:52:20,797 INFO o.a.j.s.SaveService: Using SaveService properties file encoding UTF-8
2021-07-23 11:52:20,802 INFO o.a.j.s.SaveService: Using SaveService properties version 5.0
2021-07-23 11:52:20,808 INFO o.a.j.s.SaveService: Loading file: D:\PEAutomation\Partner\iContract\L0_iContract_AddLineItemsRepository.jmx
2021-07-23 11:52:20,863 INFO o.a.j.p.h.c.CookieManager: Settings: Delete null: true Check: true Allow variable: true Save: false Prefix: COOKIE_
2021-07-23 11:52:20,868 INFO o.a.j.p.h.c.CacheManager: Will only cache the following methods: [GET]
2021-07-23 11:52:20,877 INFO o.a.j.p.h.s.HTTPSamplerBase: Parser for text/html is org.apache.jmeter.protocol.http.parser.LagartoBasedHtmlParser
2021-07-23 11:52:20,877 INFO o.a.j.p.h.s.HTTPSamplerBase: Parser for application/xhtml+xml is org.apache.jmeter.protocol.http.parser.LagartoBasedHtmlParser
2021-07-23 11:52:20,877 INFO o.a.j.p.h.s.HTTPSamplerBase: Parser for application/xml is org.apache.jmeter.protocol.http.parser.LagartoBasedHtmlParser
2021-07-23 11:52:20,877 INFO o.a.j.p.h.s.HTTPSamplerBase: Parser for text/xml is org.apache.jmeter.protocol.http.parser.LagartoBasedHtmlParser
2021-07-23 11:52:20,877 INFO o.a.j.p.h.s.HTTPSamplerBase: Parser for text/vnd.wap.wml is org.apache.jmeter.protocol.http.parser.RegexpHTMLParser
2021-07-23 11:52:20,877 INFO o.a.j.p.h.s.HTTPSamplerBase: Parser for text/css is org.apache.jmeter.protocol.http.parser.CssParser
2021-07-23 11:52:21,172 INFO o.a.j.JMeter: Creating summariser <summary>
2021-07-23 11:52:21,178 INFO o.a.j.r.d.ReportGenerator: ReportGenerator will use for Parsing the separator: ','
2021-07-23 11:52:21,178 INFO o.a.j.r.d.ReportGenerator: Will generate report at end of test from  results file: D:\PEAutomation\Partner\iContract\JTL\L0_iContract_1_AddLineItemsRepository_2021-07-23_29.jtl
2021-07-23 11:52:21,178 INFO o.a.j.r.d.ReportGenerator: Reading report generator properties from: D:\apache-jmeter-5.1\apache-jmeter-5.1\bin\reportgenerator.properties
2021-07-23 11:52:21,179 INFO o.a.j.r.d.ReportGenerator: Merging with JMeter properties
2021-07-23 11:52:21,184 INFO o.a.j.r.c.ReportGeneratorConfiguration: Property 'jmeter.reportgenerator.temp_dir' not found, using default value 'temp' instead.
2021-07-23 11:52:21,187 INFO o.a.j.r.c.ReportGeneratorConfiguration: Property 'jmeter.reportgenerator.apdex_per_transaction' not found, using default value 'null' instead.
2021-07-23 11:52:21,187 INFO o.a.j.r.c.ReportGeneratorConfiguration: apdex_per_transaction : {} is empty, not APDEX per transaction customization
2021-07-23 11:52:21,187 INFO o.a.j.r.c.ReportGeneratorConfiguration: Property 'jmeter.reportgenerator.sample_filter' not found, using default value 'null' instead.
2021-07-23 11:52:21,188 INFO o.a.j.r.c.ReportGeneratorConfiguration: Property 'jmeter.reportgenerator.report_title' not found, using default value 'null' instead.
2021-07-23 11:52:21,188 INFO o.a.j.r.c.ReportGeneratorConfiguration: Property 'jmeter.reportgenerator.start_date' not found, using default value 'null' instead.
2021-07-23 11:52:21,188 INFO o.a.j.r.c.ReportGeneratorConfiguration: Property 'jmeter.reportgenerator.end_date' not found, using default value 'null' instead.
2021-07-23 11:52:21,188 INFO o.a.j.r.c.ReportGeneratorConfiguration: Property 'jmeter.reportgenerator.date_format' not found, using default value 'null' instead.
2021-07-23 11:52:21,188 INFO o.a.j.r.c.ReportGeneratorConfiguration: Will use date range start date: null, end date: null
2021-07-23 11:52:21,192 INFO o.a.j.r.c.ReportGeneratorConfiguration: Property 'jmeter.reportgenerator.graph.totalTPS.exclude_controllers' not found, using default value 'false' instead.
2021-07-23 11:52:21,193 INFO o.a.j.r.c.ReportGeneratorConfiguration: Property 'jmeter.reportgenerator.graph.activeThreadsOverTime.exclude_controllers' not found, using default value 'false' instead.
2021-07-23 11:52:21,193 INFO o.a.j.r.c.ReportGeneratorConfiguration: Property 'jmeter.reportgenerator.graph.timeVsThreads.exclude_controllers' not found, using default value 'false' instead.
2021-07-23 11:52:21,193 INFO o.a.j.r.c.ReportGeneratorConfiguration: Property 'jmeter.reportgenerator.graph.responseTimeDistribution.exclude_controllers' not found, using default value 'false' instead.
2021-07-23 11:52:21,194 INFO o.a.j.r.c.ReportGeneratorConfiguration: Property 'jmeter.reportgenerator.graph.transactionsPerSecond.exclude_controllers' not found, using default value 'false' instead.
2021-07-23 11:52:21,194 INFO o.a.j.r.c.ReportGeneratorConfiguration: Property 'jmeter.reportgenerator.graph.responseTimePercentiles.exclude_controllers' not found, using default value 'false' instead.
2021-07-23 11:52:21,194 INFO o.a.j.r.c.ReportGeneratorConfiguration: Property 'jmeter.reportgenerator.graph.responseTimePercentilesOverTime.exclude_controllers' not found, using default value 'false' instead.
2021-07-23 11:52:21,194 INFO o.a.j.r.c.ReportGeneratorConfiguration: Property 'jmeter.reportgenerator.graph.responseTimesOverTime.exclude_controllers' not found, using default value 'false' instead.
2021-07-23 11:52:21,194 INFO o.a.j.r.c.ReportGeneratorConfiguration: Property 'jmeter.reportgenerator.graph.connectTimeOverTime.exclude_controllers' not found, using default value 'false' instead.
2021-07-23 11:52:21,194 INFO o.a.j.r.c.ReportGeneratorConfiguration: Property 'jmeter.reportgenerator.graph.latenciesOverTime.exclude_controllers' not found, using default value 'false' instead.
2021-07-23 11:52:21,195 INFO o.a.j.r.c.ReportGeneratorConfiguration: Property 'jmeter.reportgenerator.exporter.json.filters_only_sample_series' not found, using default value 'true' instead.
2021-07-23 11:52:21,195 INFO o.a.j.r.c.ReportGeneratorConfiguration: Property 'jmeter.reportgenerator.exporter.json.series_filter' not found, using default value '' instead.
2021-07-23 11:52:21,196 INFO o.a.j.r.c.ReportGeneratorConfiguration: Property 'jmeter.reportgenerator.exporter.json.show_controllers_only' not found, using default value 'false' instead.
2021-07-23 11:52:21,196 INFO o.a.j.r.c.ReportGeneratorConfiguration: Property 'jmeter.reportgenerator.exporter.html.filters_only_sample_series' not found, using default value 'true' instead.
2021-07-23 11:52:21,196 INFO o.a.j.r.c.ReportGeneratorConfiguration: Property 'jmeter.reportgenerator.exporter.html.series_filter' not found, using default value '' instead.
2021-07-23 11:52:21,196 INFO o.a.j.r.c.ReportGeneratorConfiguration: Property 'jmeter.reportgenerator.exporter.html.show_controllers_only' not found, using default value 'false' instead.
2021-07-23 11:52:21,205 INFO o.a.j.e.StandardJMeterEngine: Running the test!
2021-07-23 11:52:21,206 INFO o.a.j.s.SampleEvent: List of sample_variables: []
2021-07-23 11:52:21,206 INFO o.a.j.s.SampleEvent: List of sample_variables: []
2021-07-23 11:52:21,214 INFO o.a.j.e.u.CompoundVariable: Note: Function class names must contain the string: '.functions.'
2021-07-23 11:52:21,214 INFO o.a.j.e.u.CompoundVariable: Note: Function class names must not contain the string: '.gui.'
2021-07-23 11:52:21,933 INFO o.a.j.JMeter: Running test (1627021341933)
2021-07-23 11:52:22,012 INFO o.a.j.e.StandardJMeterEngine: Starting ThreadGroup: 1 : AddLineItemsRepository
2021-07-23 11:52:22,012 INFO o.a.j.e.StandardJMeterEngine: Starting 1 threads for group AddLineItemsRepository.
2021-07-23 11:52:22,012 INFO o.a.j.e.StandardJMeterEngine: Thread will stop on error
2021-07-23 11:52:22,013 INFO o.a.j.t.ThreadGroup: Starting thread group... number=1 threads=1 ramp-up=1 perThread=1000.0 delayedStart=true
2021-07-23 11:52:22,013 INFO o.a.j.t.ThreadGroup: Started thread group number 1
2021-07-23 11:52:22,013 INFO o.a.j.e.StandardJMeterEngine: All thread groups have been started
2021-07-23 11:52:22,086 INFO o.a.j.s.SampleResult: Note: Sample TimeStamps are START times
2021-07-23 11:52:22,087 INFO o.a.j.s.SampleResult: sampleresult.default.encoding is set to ISO-8859-1
2021-07-23 11:52:22,087 INFO o.a.j.s.SampleResult: sampleresult.useNanoTime=true
2021-07-23 11:52:22,087 INFO o.a.j.s.SampleResult: sampleresult.nanoThreadSleep=5000
2021-07-23 11:52:22,112 INFO o.a.j.t.JMeterThread: Thread started: AddLineItemsRepository 1-1
2021-07-23 11:52:22,116 INFO o.a.j.c.LoopController: iterationStart called on 3# Loop Controller for Suggested Action-Repo with source org.apache.jmeter.control.LoopController@5b615c0e and iteration 1
2021-07-23 11:52:22,116 INFO o.a.j.s.FileServer: Stored: D:/apache-jmeter-5.1/apache-jmeter-5.1/bin/Files/Partner_ZCS_Users.csv
2021-07-23 11:52:22,132 INFO o.a.j.p.h.s.HTTPHCAbstractImpl: Local host = ZIPLSY1584
2021-07-23 11:52:22,139 INFO o.a.j.p.h.s.HTTPHC4Impl: HTTP request retry count = 0
2021-07-23 11:52:22,694 INFO o.a.j.p.h.s.h.LazyLayeredConnectionSocketFactory: Setting up HTTPS TrustAll Socket Factory
2021-07-23 11:52:22,699 INFO o.a.j.u.JsseSSLManager: Using default SSL protocol: TLS
2021-07-23 11:52:22,699 INFO o.a.j.u.JsseSSLManager: SSL session context: per-thread
2021-07-23 11:52:23,010 INFO o.a.j.u.SSLManager: JmeterKeyStore Location:  type JKS
2021-07-23 11:52:23,011 INFO o.a.j.u.SSLManager: KeyStore created OK
2021-07-23 11:52:23,011 WARN o.a.j.u.SSLManager: Keystore file not found, loading empty keystore
2021-07-23 11:52:30,802 INFO o.a.j.r.Summariser: summary +     13 in 00:00:09 =    1.5/s Avg:   468 Min:   254 Max:  1174 Err:     0 (0.00%) Active: 1 Started: 1 Finished: 0
2021-07-23 11:52:51,376 INFO o.a.j.s.FileServer: Stored: D:\apache-jmeter-5.1\apache-jmeter-5.1\bin\Files\FinalVersionOfDay.docx
2021-07-23 11:53:00,427 INFO o.a.j.r.Summariser: summary +     44 in 00:00:30 =    1.5/s Avg:   437 Min:    54 Max:  1802 Err:     0 (0.00%) Active: 1 Started: 1 Finished: 0
2021-07-23 11:53:00,428 INFO o.a.j.r.Summariser: summary =     57 in 00:00:38 =    1.5/s Avg:   444 Min:    54 Max:  1802 Err:     0 (0.00%)
2021-07-23 11:53:14,635 INFO o.a.j.s.FileServer: Stored: D:/apache-jmeter-5.1/apache-jmeter-5.1/bin/Files/Line_Item_Upload_Sample_Template_dummy-10.xls
2021-07-23 11:53:30,213 INFO o.a.j.r.Summariser: summary +     32 in 00:00:30 =    1.1/s Avg:   449 Min:   276 Max:  1904 Err:     0 (0.00%) Active: 1 Started: 1 Finished: 0
2021-07-23 11:53:30,213 INFO o.a.j.r.Summariser: summary =     89 in 00:01:08 =    1.3/s Avg:   446 Min:    54 Max:  1904 Err:     0 (0.00%)
2021-07-23 11:53:37,849 INFO o.a.j.t.JMeterThread: Thread is done: AddLineItemsRepository 1-1
2021-07-23 11:53:37,849 INFO o.a.j.t.JMeterThread: Thread finished: AddLineItemsRepository 1-1
2021-07-23 11:53:37,850 INFO o.a.j.e.StandardJMeterEngine: Notifying test listeners of end of test
2021-07-23 11:53:37,850 INFO o.a.j.s.FileServer: Close: D:/apache-jmeter-5.1/apache-jmeter-5.1/bin/Files/Partner_ZCS_Users.csv
2021-07-23 11:53:37,851 INFO o.a.j.r.Summariser: summary +      5 in 00:00:08 =    0.7/s Avg:   290 Min:   271 Max:   334 Err:     0 (0.00%) Active: 0 Started: 1 Finished: 1
2021-07-23 11:53:37,852 INFO o.a.j.r.Summariser: summary =     94 in 00:01:16 =    1.2/s Avg:   438 Min:    54 Max:  1904 Err:     0 (0.00%)
2021-07-23 11:53:37,852 INFO o.a.j.JMeter: Generating Dashboard
2021-07-23 11:53:37,853 INFO o.a.j.r.d.ReportGenerator: Flushing result collector before report Generation
2021-07-23 11:53:37,885 INFO o.a.j.r.p.NormalizerSampleConsumer: Using format, 'ms', to parse timeStamp field
2021-07-23 11:53:38,021 INFO o.a.j.r.p.AbstractSampleConsumer: class org.apache.jmeter.report.processor.AggregateConsumer#stopProducing(): beginDate produced 0 samples
2021-07-23 11:53:38,021 INFO o.a.j.r.p.AbstractSampleConsumer: class org.apache.jmeter.report.processor.AggregateConsumer#stopProducing(): endDate produced 0 samples
2021-07-23 11:53:38,023 INFO o.a.j.r.p.AbstractSampleConsumer: class org.apache.jmeter.report.processor.ApdexSummaryConsumer#stopProducing(): apdexSummary produced 0 samples
2021-07-23 11:53:38,023 INFO o.a.j.r.p.AbstractSampleConsumer: class org.apache.jmeter.report.processor.RequestsSummaryConsumer#stopProducing(): requestsSummary produced 0 samples
2021-07-23 11:53:38,028 INFO o.a.j.r.p.AbstractSampleConsumer: class org.apache.jmeter.report.processor.StatisticsSummaryConsumer#stopProducing(): statisticsSummary produced 0 samples
2021-07-23 11:53:38,032 INFO o.a.j.r.p.AbstractSampleConsumer: class org.apache.jmeter.report.processor.Top5ErrorsBySamplerConsumer#stopProducing(): top5ErrorsBySampler produced 0 samples
2021-07-23 11:53:38,032 INFO o.a.j.r.p.AbstractSampleConsumer: class org.apache.jmeter.report.processor.ErrorsSummaryConsumer#stopProducing(): errorsSummary produced 0 samples
2021-07-23 11:53:38,032 INFO o.a.j.r.p.AbstractSampleConsumer: class org.apache.jmeter.report.processor.graph.impl.HitsPerSecondGraphConsumer#stopProducing(): hitsPerSecond produced 0 samples
2021-07-23 11:53:38,041 INFO o.a.j.r.p.AbstractSampleConsumer: class org.apache.jmeter.report.processor.graph.impl.LatencyVSRequestGraphConsumer#stopProducing(): latencyVsRequest produced 0 samples
2021-07-23 11:53:38,041 INFO o.a.j.r.p.AbstractSampleConsumer: class org.apache.jmeter.report.processor.graph.impl.SyntheticResponseTimeDistributionGraphConsumer#stopProducing(): syntheticResponseTimeDistribution produced 0 samples
2021-07-23 11:53:38,042 INFO o.a.j.r.p.AbstractSampleConsumer: class org.apache.jmeter.report.processor.graph.impl.BytesThroughputGraphConsumer#stopProducing(): bytesThroughputOverTime produced 0 samples
2021-07-23 11:53:38,042 INFO o.a.j.r.p.AbstractSampleConsumer: class org.apache.jmeter.report.processor.graph.impl.CodesPerSecondGraphConsumer#stopProducing(): codesPerSecond produced 0 samples
2021-07-23 11:53:38,069 INFO o.a.j.r.p.AbstractSampleConsumer: class org.apache.jmeter.report.processor.graph.impl.ResponseTimeVSRequestGraphConsumer#stopProducing(): responseTimeVsRequest produced 0 samples
2021-07-23 11:53:38,070 INFO o.a.j.r.p.AbstractSampleConsumer: class org.apache.jmeter.report.processor.FilterConsumer#stopProducing(): startIntervalControlerFilter produced 658 samples
2021-07-23 11:53:38,070 INFO o.a.j.r.p.AbstractSampleConsumer: class org.apache.jmeter.report.processor.graph.impl.TotalTPSGraphConsumer#stopProducing(): totalTPS produced 0 samples
2021-07-23 11:53:38,071 INFO o.a.j.r.p.AbstractSampleConsumer: class org.apache.jmeter.report.processor.graph.impl.ActiveThreadsGraphConsumer#stopProducing(): activeThreadsOverTime produced 0 samples
2021-07-23 11:53:38,074 INFO o.a.j.r.p.AbstractSampleConsumer: class org.apache.jmeter.report.processor.graph.impl.TimeVSThreadGraphConsumer#stopProducing(): timeVsThreads produced 0 samples
2021-07-23 11:53:38,089 INFO o.a.j.r.p.AbstractSampleConsumer: class org.apache.jmeter.report.processor.graph.impl.ResponseTimeDistributionGraphConsumer#stopProducing(): responseTimeDistribution produced 0 samples
2021-07-23 11:53:38,090 INFO o.a.j.r.p.AbstractSampleConsumer: class org.apache.jmeter.report.processor.graph.impl.TransactionsPerSecondGraphConsumer#stopProducing(): transactionsPerSecond produced 0 samples
2021-07-23 11:53:38,091 INFO o.a.j.r.p.AbstractSampleConsumer: class org.apache.jmeter.report.processor.graph.impl.ResponseTimePercentilesGraphConsumer#stopProducing(): responseTimePercentiles produced 0 samples
2021-07-23 11:53:38,145 INFO o.a.j.r.p.AbstractSampleConsumer: class org.apache.jmeter.report.processor.graph.impl.ResponseTimePercentilesOverTimeGraphConsumer#stopProducing(): responseTimePercentilesOverTime produced 0 samples
2021-07-23 11:53:38,147 INFO o.a.j.r.p.AbstractSampleConsumer: class org.apache.jmeter.report.processor.graph.impl.ResponseTimeOverTimeGraphConsumer#stopProducing(): responseTimesOverTime produced 0 samples
2021-07-23 11:53:38,148 INFO o.a.j.r.p.AbstractSampleConsumer: class org.apache.jmeter.report.processor.graph.impl.ConnectTimeOverTimeGraphConsumer#stopProducing(): connectTimeOverTime produced 0 samples
2021-07-23 11:53:38,149 INFO o.a.j.r.p.AbstractSampleConsumer: class org.apache.jmeter.report.processor.graph.impl.LatencyOverTimeGraphConsumer#stopProducing(): latenciesOverTime produced 0 samples
2021-07-23 11:53:38,149 INFO o.a.j.r.p.AbstractSampleConsumer: class org.apache.jmeter.report.processor.FilterConsumer#stopProducing(): nameFilter produced 2130 samples
2021-07-23 11:53:38,149 INFO o.a.j.r.p.AbstractSampleConsumer: class org.apache.jmeter.report.processor.FilterConsumer#stopProducing(): dateRangeFilter produced 426 samples
2021-07-23 11:53:38,149 INFO o.a.j.r.p.AbstractSampleConsumer: class org.apache.jmeter.report.processor.NormalizerSampleConsumer#stopProducing(): normalizer produced 142 samples
2021-07-23 11:53:38,150 INFO o.a.j.r.p.CsvFileSampleSource: produce(): 142 samples produced in 229ms on channel 0
2021-07-23 11:53:38,150 INFO o.a.j.r.d.ReportGenerator: Exporting data using exporter:'json' of className:'org.apache.jmeter.report.dashboard.JsonExporter'
2021-07-23 11:53:38,153 INFO o.a.j.r.d.JsonExporter: Found data for consumer statisticsSummary in context
2021-07-23 11:53:38,153 INFO o.a.j.r.d.JsonExporter: Creating statistics for overall
2021-07-23 11:53:38,153 INFO o.a.j.r.d.JsonExporter: Creating statistics for other transactions
2021-07-23 11:53:38,155 INFO o.a.j.r.d.JsonExporter: Checking output folder
2021-07-23 11:53:38,156 INFO o.a.j.r.d.JsonExporter: Writing statistics JSON to C:\xampp\htdocs\performance\L0_iContract_1_AddLineItemsRepository_2021-07-23_29\statistics.json
2021-07-23 11:53:38,476 INFO o.a.j.r.d.ReportGenerator: Exporting data using exporter:'html' of className:'org.apache.jmeter.report.dashboard.HtmlTemplateExporter'
2021-07-23 11:53:38,481 INFO o.a.j.r.d.HtmlTemplateExporter: Will generate dashboard in folder: C:\xampp\htdocs\performance\L0_iContract_1_AddLineItemsRepository_2021-07-23_29
2021-07-23 11:53:39,024 INFO o.a.j.r.d.HtmlTemplateExporter: Report will be generated in: C:\xampp\htdocs\performance\L0_iContract_1_AddLineItemsRepository_2021-07-23_29, creating folder structure
2021-07-23 11:53:39,028 INFO o.a.j.r.d.TemplateVisitor: Copying folder from 'D:\apache-jmeter-5.1\apache-jmeter-5.1\bin\report-template' to 'C:\xampp\htdocs\performance\L0_iContract_1_AddLineItemsRepository_2021-07-23_29', got message:[C:\xampp\htdocs\performance\L0_iContract_1_AddLineItemsRepository_2021-07-23_29\statistics.json], found non empty folder with following content {}, will be ignored
2021-07-23 11:53:40,386 INFO o.a.j.JMeter: Dashboard generated
