2021-07-28 08:53:18,422 INFO o.a.j.u.JMeterUtils: Setting Locale to en_EN
2021-07-28 08:53:18,432 INFO o.a.j.JMeter: Loading user properties from: user.properties
2021-07-28 08:53:18,433 INFO o.a.j.JMeter: Loading system properties from: system.properties
2021-07-28 08:53:18,433 INFO o.a.j.JMeter: Setting JMeter property: meter.reportgenerator.report_title=AddingMultipleContractingParties
2021-07-28 08:53:18,433 INFO o.a.j.JMeter: Setting JMeter property: thread=1
2021-07-28 08:53:18,433 INFO o.a.j.JMeter: Setting JMeter property: rampup=1
2021-07-28 08:53:18,433 INFO o.a.j.JMeter: Setting JMeter property: tenant=Partner_ZCS_Users
2021-07-28 08:53:18,437 INFO o.a.j.JMeter: Copyright (c) 1998-2019 The Apache Software Foundation
2021-07-28 08:53:18,437 INFO o.a.j.JMeter: Version 5.1 r1853635
2021-07-28 08:53:18,437 INFO o.a.j.JMeter: java.version=1.8.0_121
2021-07-28 08:53:18,437 INFO o.a.j.JMeter: java.vm.name=Java HotSpot(TM) 64-Bit Server VM
2021-07-28 08:53:18,438 INFO o.a.j.JMeter: os.name=Windows 10
2021-07-28 08:53:18,438 INFO o.a.j.JMeter: os.arch=amd64
2021-07-28 08:53:18,438 INFO o.a.j.JMeter: os.version=10.0
2021-07-28 08:53:18,438 INFO o.a.j.JMeter: file.encoding=Cp1252
2021-07-28 08:53:18,438 INFO o.a.j.JMeter: java.awt.headless=true
2021-07-28 08:53:18,438 INFO o.a.j.JMeter: Max memory     =8589934592
2021-07-28 08:53:18,438 INFO o.a.j.JMeter: Available Processors =6
2021-07-28 08:53:18,440 INFO o.a.j.JMeter: Default Locale=English (EN)
2021-07-28 08:53:18,440 INFO o.a.j.JMeter: JMeter  Locale=English (EN)
2021-07-28 08:53:18,440 INFO o.a.j.JMeter: JMeterHome=D:\apache-jmeter-5.1\apache-jmeter-5.1
2021-07-28 08:53:18,440 INFO o.a.j.JMeter: user.dir  =D:\apache-jmeter-5.1\apache-jmeter-5.1\bin
2021-07-28 08:53:18,441 INFO o.a.j.JMeter: PWD       =D:\apache-jmeter-5.1\apache-jmeter-5.1\bin
2021-07-28 08:53:18,442 INFO o.a.j.JMeter: IP: 192.168.0.104 Name: ZIPLSY2278 FullName: ZIPLSY2278.zycus.net
2021-07-28 08:53:18,443 INFO o.a.j.JMeter: Setting property 'jmeter.reportgenerator.outputdir' to:'C:\xampp\htdocs\POC\L0_iContract_1_AddingMultipleContractingParties_2021-07-28_25'
2021-07-28 08:53:18,445 INFO o.a.j.s.FileServer: Default base='D:\apache-jmeter-5.1\apache-jmeter-5.1\bin'
2021-07-28 08:53:18,448 INFO o.a.j.s.FileServer: Set new base='D:\PEAutomation\Partner\iContract'
2021-07-28 08:53:18,539 INFO o.a.j.s.SaveService: Testplan (JMX) version: 2.2. Testlog (JTL) version: 2.2
2021-07-28 08:53:18,548 INFO o.a.j.s.SaveService: Using SaveService properties file encoding UTF-8
2021-07-28 08:53:18,552 INFO o.a.j.s.SaveService: Using SaveService properties version 5.0
2021-07-28 08:53:18,556 INFO o.a.j.s.SaveService: Loading file: D:\PEAutomation\Partner\iContract\L0_iContract_AddingMultipleContractingParties.jmx
2021-07-28 08:53:18,597 INFO o.a.j.p.h.c.CookieManager: Settings: Delete null: true Check: true Allow variable: true Save: false Prefix: COOKIE_
2021-07-28 08:53:18,599 INFO o.a.j.p.h.c.CacheManager: Will only cache the following methods: [GET]
2021-07-28 08:53:18,606 INFO o.a.j.p.h.s.HTTPSamplerBase: Parser for text/html is org.apache.jmeter.protocol.http.parser.LagartoBasedHtmlParser
2021-07-28 08:53:18,606 INFO o.a.j.p.h.s.HTTPSamplerBase: Parser for application/xhtml+xml is org.apache.jmeter.protocol.http.parser.LagartoBasedHtmlParser
2021-07-28 08:53:18,606 INFO o.a.j.p.h.s.HTTPSamplerBase: Parser for application/xml is org.apache.jmeter.protocol.http.parser.LagartoBasedHtmlParser
2021-07-28 08:53:18,606 INFO o.a.j.p.h.s.HTTPSamplerBase: Parser for text/xml is org.apache.jmeter.protocol.http.parser.LagartoBasedHtmlParser
2021-07-28 08:53:18,606 INFO o.a.j.p.h.s.HTTPSamplerBase: Parser for text/vnd.wap.wml is org.apache.jmeter.protocol.http.parser.RegexpHTMLParser
2021-07-28 08:53:18,607 INFO o.a.j.p.h.s.HTTPSamplerBase: Parser for text/css is org.apache.jmeter.protocol.http.parser.CssParser
2021-07-28 08:53:18,736 INFO o.a.j.JMeter: Creating summariser <summary>
2021-07-28 08:53:18,740 INFO o.a.j.r.d.ReportGenerator: ReportGenerator will use for Parsing the separator: ','
2021-07-28 08:53:18,740 INFO o.a.j.r.d.ReportGenerator: Will generate report at end of test from  results file: D:\PEAutomation\Partner\iContract\JTL\L0_iContract_1_AddingMultipleContractingParties_2021-07-28_25.jtl
2021-07-28 08:53:18,740 INFO o.a.j.r.d.ReportGenerator: Reading report generator properties from: D:\apache-jmeter-5.1\apache-jmeter-5.1\bin\reportgenerator.properties
2021-07-28 08:53:18,741 INFO o.a.j.r.d.ReportGenerator: Merging with JMeter properties
2021-07-28 08:53:18,745 INFO o.a.j.r.c.ReportGeneratorConfiguration: Property 'jmeter.reportgenerator.temp_dir' not found, using default value 'temp' instead.
2021-07-28 08:53:18,747 INFO o.a.j.r.c.ReportGeneratorConfiguration: Property 'jmeter.reportgenerator.apdex_per_transaction' not found, using default value 'null' instead.
2021-07-28 08:53:18,747 INFO o.a.j.r.c.ReportGeneratorConfiguration: apdex_per_transaction : {} is empty, not APDEX per transaction customization
2021-07-28 08:53:18,747 INFO o.a.j.r.c.ReportGeneratorConfiguration: Property 'jmeter.reportgenerator.sample_filter' not found, using default value 'null' instead.
2021-07-28 08:53:18,747 INFO o.a.j.r.c.ReportGeneratorConfiguration: Property 'jmeter.reportgenerator.report_title' not found, using default value 'null' instead.
2021-07-28 08:53:18,747 INFO o.a.j.r.c.ReportGeneratorConfiguration: Property 'jmeter.reportgenerator.start_date' not found, using default value 'null' instead.
2021-07-28 08:53:18,747 INFO o.a.j.r.c.ReportGeneratorConfiguration: Property 'jmeter.reportgenerator.end_date' not found, using default value 'null' instead.
2021-07-28 08:53:18,747 INFO o.a.j.r.c.ReportGeneratorConfiguration: Property 'jmeter.reportgenerator.date_format' not found, using default value 'null' instead.
2021-07-28 08:53:18,748 INFO o.a.j.r.c.ReportGeneratorConfiguration: Will use date range start date: null, end date: null
2021-07-28 08:53:18,752 INFO o.a.j.r.c.ReportGeneratorConfiguration: Property 'jmeter.reportgenerator.graph.totalTPS.exclude_controllers' not found, using default value 'false' instead.
2021-07-28 08:53:18,752 INFO o.a.j.r.c.ReportGeneratorConfiguration: Property 'jmeter.reportgenerator.graph.activeThreadsOverTime.exclude_controllers' not found, using default value 'false' instead.
2021-07-28 08:53:18,752 INFO o.a.j.r.c.ReportGeneratorConfiguration: Property 'jmeter.reportgenerator.graph.timeVsThreads.exclude_controllers' not found, using default value 'false' instead.
2021-07-28 08:53:18,753 INFO o.a.j.r.c.ReportGeneratorConfiguration: Property 'jmeter.reportgenerator.graph.responseTimeDistribution.exclude_controllers' not found, using default value 'false' instead.
2021-07-28 08:53:18,753 INFO o.a.j.r.c.ReportGeneratorConfiguration: Property 'jmeter.reportgenerator.graph.transactionsPerSecond.exclude_controllers' not found, using default value 'false' instead.
2021-07-28 08:53:18,753 INFO o.a.j.r.c.ReportGeneratorConfiguration: Property 'jmeter.reportgenerator.graph.responseTimePercentiles.exclude_controllers' not found, using default value 'false' instead.
2021-07-28 08:53:18,753 INFO o.a.j.r.c.ReportGeneratorConfiguration: Property 'jmeter.reportgenerator.graph.responseTimePercentilesOverTime.exclude_controllers' not found, using default value 'false' instead.
2021-07-28 08:53:18,753 INFO o.a.j.r.c.ReportGeneratorConfiguration: Property 'jmeter.reportgenerator.graph.responseTimesOverTime.exclude_controllers' not found, using default value 'false' instead.
2021-07-28 08:53:18,753 INFO o.a.j.r.c.ReportGeneratorConfiguration: Property 'jmeter.reportgenerator.graph.connectTimeOverTime.exclude_controllers' not found, using default value 'false' instead.
2021-07-28 08:53:18,753 INFO o.a.j.r.c.ReportGeneratorConfiguration: Property 'jmeter.reportgenerator.graph.latenciesOverTime.exclude_controllers' not found, using default value 'false' instead.
2021-07-28 08:53:18,754 INFO o.a.j.r.c.ReportGeneratorConfiguration: Property 'jmeter.reportgenerator.exporter.json.filters_only_sample_series' not found, using default value 'true' instead.
2021-07-28 08:53:18,754 INFO o.a.j.r.c.ReportGeneratorConfiguration: Property 'jmeter.reportgenerator.exporter.json.series_filter' not found, using default value '' instead.
2021-07-28 08:53:18,754 INFO o.a.j.r.c.ReportGeneratorConfiguration: Property 'jmeter.reportgenerator.exporter.json.show_controllers_only' not found, using default value 'false' instead.
2021-07-28 08:53:18,755 INFO o.a.j.r.c.ReportGeneratorConfiguration: Property 'jmeter.reportgenerator.exporter.html.filters_only_sample_series' not found, using default value 'true' instead.
2021-07-28 08:53:18,755 INFO o.a.j.r.c.ReportGeneratorConfiguration: Property 'jmeter.reportgenerator.exporter.html.series_filter' not found, using default value '' instead.
2021-07-28 08:53:18,755 INFO o.a.j.r.c.ReportGeneratorConfiguration: Property 'jmeter.reportgenerator.exporter.html.show_controllers_only' not found, using default value 'false' instead.
2021-07-28 08:53:18,758 INFO o.a.j.e.StandardJMeterEngine: Running the test!
2021-07-28 08:53:18,759 INFO o.a.j.s.SampleEvent: List of sample_variables: []
2021-07-28 08:53:18,759 INFO o.a.j.s.SampleEvent: List of sample_variables: []
2021-07-28 08:53:18,764 INFO o.a.j.e.u.CompoundVariable: Note: Function class names must contain the string: '.functions.'
2021-07-28 08:53:18,764 INFO o.a.j.e.u.CompoundVariable: Note: Function class names must not contain the string: '.gui.'
2021-07-28 08:53:19,048 INFO o.a.j.JMeter: Running test (1627442599047)
2021-07-28 08:53:19,097 INFO o.a.j.e.StandardJMeterEngine: Starting ThreadGroup: 1 : AddingMultipleContractingParties
2021-07-28 08:53:19,098 INFO o.a.j.e.StandardJMeterEngine: Starting 1 threads for group AddingMultipleContractingParties.
2021-07-28 08:53:19,098 INFO o.a.j.e.StandardJMeterEngine: Thread will stop on error
2021-07-28 08:53:19,098 INFO o.a.j.t.ThreadGroup: Starting thread group... number=1 threads=1 ramp-up=1 perThread=1000.0 delayedStart=true
2021-07-28 08:53:19,099 INFO o.a.j.t.ThreadGroup: Started thread group number 1
2021-07-28 08:53:19,099 INFO o.a.j.e.StandardJMeterEngine: All thread groups have been started
2021-07-28 08:53:19,127 INFO o.a.j.s.SampleResult: Note: Sample TimeStamps are START times
2021-07-28 08:53:19,128 INFO o.a.j.s.SampleResult: sampleresult.default.encoding is set to ISO-8859-1
2021-07-28 08:53:19,128 INFO o.a.j.s.SampleResult: sampleresult.useNanoTime=true
2021-07-28 08:53:19,128 INFO o.a.j.s.SampleResult: sampleresult.nanoThreadSleep=5000
2021-07-28 08:53:19,133 INFO o.a.j.t.JMeterThread: Thread started: AddingMultipleContractingParties 1-1
2021-07-28 08:53:19,134 INFO o.a.j.c.LoopController: iterationStart called on 3# Loop Controller for Suggested Action-Repo with source org.apache.jmeter.control.LoopController@87437bd and iteration 1
2021-07-28 08:53:19,134 INFO o.a.j.s.FileServer: Stored: D:/apache-jmeter-5.1/apache-jmeter-5.1/bin/Files/Partner_ZCS_Users.csv
2021-07-28 08:53:19,146 INFO o.a.j.p.h.s.HTTPHCAbstractImpl: Local host = ZIPLSY2278
2021-07-28 08:53:19,150 INFO o.a.j.p.h.s.HTTPHC4Impl: HTTP request retry count = 0
2021-07-28 08:53:19,198 INFO o.a.j.p.h.s.h.LazyLayeredConnectionSocketFactory: Setting up HTTPS TrustAll Socket Factory
2021-07-28 08:53:19,203 INFO o.a.j.u.JsseSSLManager: Using default SSL protocol: TLS
2021-07-28 08:53:19,203 INFO o.a.j.u.JsseSSLManager: SSL session context: per-thread
2021-07-28 08:53:19,580 INFO o.a.j.u.SSLManager: JmeterKeyStore Location:  type JKS
2021-07-28 08:53:19,582 INFO o.a.j.u.SSLManager: KeyStore created OK
2021-07-28 08:53:19,582 WARN o.a.j.u.SSLManager: Keystore file not found, loading empty keystore
2021-07-28 08:53:30,261 INFO o.a.j.r.Summariser: summary +     21 in 00:00:11 =    1.9/s Avg:   426 Min:   205 Max:  1060 Err:     0 (0.00%) Active: 1 Started: 1 Finished: 0
2021-07-28 08:53:48,836 INFO o.a.j.s.FileServer: Stored: D:\apache-jmeter-5.1\apache-jmeter-5.1\bin\Files\FinalVersionOfDay.docx
2021-07-28 08:55:31,662 INFO o.a.j.r.Summariser: summary +     27 in 00:02:01 =    0.2/s Avg:  4229 Min:   287 Max: 102831 Err:     0 (0.00%) Active: 1 Started: 1 Finished: 0
2021-07-28 08:55:31,662 INFO o.a.j.r.Summariser: summary =     48 in 00:02:13 =    0.4/s Avg:  2565 Min:   205 Max: 102831 Err:     0 (0.00%)
2021-07-28 08:56:00,416 INFO o.a.j.r.Summariser: summary +     27 in 00:00:29 =    0.9/s Avg:   791 Min:   299 Max:  8653 Err:     0 (0.00%) Active: 1 Started: 1 Finished: 0
2021-07-28 08:56:00,416 INFO o.a.j.r.Summariser: summary =     75 in 00:02:41 =    0.5/s Avg:  1927 Min:   205 Max: 102831 Err:     0 (0.00%)
2021-07-28 08:56:17,538 INFO o.a.j.t.JMeterThread: Thread is done: AddingMultipleContractingParties 1-1
2021-07-28 08:56:17,538 INFO o.a.j.t.JMeterThread: Thread finished: AddingMultipleContractingParties 1-1
2021-07-28 08:56:17,540 INFO o.a.j.e.StandardJMeterEngine: Notifying test listeners of end of test
2021-07-28 08:56:17,540 INFO o.a.j.s.FileServer: Close: D:/apache-jmeter-5.1/apache-jmeter-5.1/bin/Files/Partner_ZCS_Users.csv
2021-07-28 08:56:17,541 INFO o.a.j.r.Summariser: summary +     14 in 00:00:17 =    0.8/s Avg:   711 Min:   303 Max:  1589 Err:     0 (0.00%) Active: 0 Started: 1 Finished: 1
2021-07-28 08:56:17,542 INFO o.a.j.r.Summariser: summary =     89 in 00:02:58 =    0.5/s Avg:  1735 Min:   205 Max: 102831 Err:     0 (0.00%)
2021-07-28 08:56:17,542 INFO o.a.j.JMeter: Generating Dashboard
2021-07-28 08:56:17,542 INFO o.a.j.r.d.ReportGenerator: Flushing result collector before report Generation
2021-07-28 08:56:17,611 INFO o.a.j.r.p.NormalizerSampleConsumer: Using format, 'ms', to parse timeStamp field
2021-07-28 08:56:17,688 INFO o.a.j.r.p.AbstractSampleConsumer: class org.apache.jmeter.report.processor.AggregateConsumer#stopProducing(): beginDate produced 0 samples
2021-07-28 08:56:17,688 INFO o.a.j.r.p.AbstractSampleConsumer: class org.apache.jmeter.report.processor.AggregateConsumer#stopProducing(): endDate produced 0 samples
2021-07-28 08:56:17,690 INFO o.a.j.r.p.AbstractSampleConsumer: class org.apache.jmeter.report.processor.ApdexSummaryConsumer#stopProducing(): apdexSummary produced 0 samples
2021-07-28 08:56:17,690 INFO o.a.j.r.p.AbstractSampleConsumer: class org.apache.jmeter.report.processor.RequestsSummaryConsumer#stopProducing(): requestsSummary produced 0 samples
2021-07-28 08:56:17,694 INFO o.a.j.r.p.AbstractSampleConsumer: class org.apache.jmeter.report.processor.StatisticsSummaryConsumer#stopProducing(): statisticsSummary produced 0 samples
2021-07-28 08:56:17,704 INFO o.a.j.r.p.AbstractSampleConsumer: class org.apache.jmeter.report.processor.Top5ErrorsBySamplerConsumer#stopProducing(): top5ErrorsBySampler produced 0 samples
2021-07-28 08:56:17,704 INFO o.a.j.r.p.AbstractSampleConsumer: class org.apache.jmeter.report.processor.ErrorsSummaryConsumer#stopProducing(): errorsSummary produced 0 samples
2021-07-28 08:56:17,704 INFO o.a.j.r.p.AbstractSampleConsumer: class org.apache.jmeter.report.processor.graph.impl.HitsPerSecondGraphConsumer#stopProducing(): hitsPerSecond produced 0 samples
2021-07-28 08:56:17,719 INFO o.a.j.r.p.AbstractSampleConsumer: class org.apache.jmeter.report.processor.graph.impl.LatencyVSRequestGraphConsumer#stopProducing(): latencyVsRequest produced 0 samples
2021-07-28 08:56:17,719 INFO o.a.j.r.p.AbstractSampleConsumer: class org.apache.jmeter.report.processor.graph.impl.SyntheticResponseTimeDistributionGraphConsumer#stopProducing(): syntheticResponseTimeDistribution produced 0 samples
2021-07-28 08:56:17,719 INFO o.a.j.r.p.AbstractSampleConsumer: class org.apache.jmeter.report.processor.graph.impl.BytesThroughputGraphConsumer#stopProducing(): bytesThroughputOverTime produced 0 samples
2021-07-28 08:56:17,719 INFO o.a.j.r.p.AbstractSampleConsumer: class org.apache.jmeter.report.processor.graph.impl.CodesPerSecondGraphConsumer#stopProducing(): codesPerSecond produced 0 samples
2021-07-28 08:56:17,724 INFO o.a.j.r.p.AbstractSampleConsumer: class org.apache.jmeter.report.processor.graph.impl.ResponseTimeVSRequestGraphConsumer#stopProducing(): responseTimeVsRequest produced 0 samples
2021-07-28 08:56:17,724 INFO o.a.j.r.p.AbstractSampleConsumer: class org.apache.jmeter.report.processor.FilterConsumer#stopProducing(): startIntervalControlerFilter produced 623 samples
2021-07-28 08:56:17,724 INFO o.a.j.r.p.AbstractSampleConsumer: class org.apache.jmeter.report.processor.graph.impl.TotalTPSGraphConsumer#stopProducing(): totalTPS produced 0 samples
2021-07-28 08:56:17,725 INFO o.a.j.r.p.AbstractSampleConsumer: class org.apache.jmeter.report.processor.graph.impl.ActiveThreadsGraphConsumer#stopProducing(): activeThreadsOverTime produced 0 samples
2021-07-28 08:56:17,725 INFO o.a.j.r.p.AbstractSampleConsumer: class org.apache.jmeter.report.processor.graph.impl.TimeVSThreadGraphConsumer#stopProducing(): timeVsThreads produced 0 samples
2021-07-28 08:56:17,731 INFO o.a.j.r.p.AbstractSampleConsumer: class org.apache.jmeter.report.processor.graph.impl.ResponseTimeDistributionGraphConsumer#stopProducing(): responseTimeDistribution produced 0 samples
2021-07-28 08:56:17,731 INFO o.a.j.r.p.AbstractSampleConsumer: class org.apache.jmeter.report.processor.graph.impl.TransactionsPerSecondGraphConsumer#stopProducing(): transactionsPerSecond produced 0 samples
2021-07-28 08:56:17,732 INFO o.a.j.r.p.AbstractSampleConsumer: class org.apache.jmeter.report.processor.graph.impl.ResponseTimePercentilesGraphConsumer#stopProducing(): responseTimePercentiles produced 0 samples
2021-07-28 08:56:17,745 INFO o.a.j.r.p.AbstractSampleConsumer: class org.apache.jmeter.report.processor.graph.impl.ResponseTimePercentilesOverTimeGraphConsumer#stopProducing(): responseTimePercentilesOverTime produced 0 samples
2021-07-28 08:56:17,745 INFO o.a.j.r.p.AbstractSampleConsumer: class org.apache.jmeter.report.processor.graph.impl.ResponseTimeOverTimeGraphConsumer#stopProducing(): responseTimesOverTime produced 0 samples
2021-07-28 08:56:17,746 INFO o.a.j.r.p.AbstractSampleConsumer: class org.apache.jmeter.report.processor.graph.impl.ConnectTimeOverTimeGraphConsumer#stopProducing(): connectTimeOverTime produced 0 samples
2021-07-28 08:56:17,746 INFO o.a.j.r.p.AbstractSampleConsumer: class org.apache.jmeter.report.processor.graph.impl.LatencyOverTimeGraphConsumer#stopProducing(): latenciesOverTime produced 0 samples
2021-07-28 08:56:17,746 INFO o.a.j.r.p.AbstractSampleConsumer: class org.apache.jmeter.report.processor.FilterConsumer#stopProducing(): nameFilter produced 1995 samples
2021-07-28 08:56:17,746 INFO o.a.j.r.p.AbstractSampleConsumer: class org.apache.jmeter.report.processor.FilterConsumer#stopProducing(): dateRangeFilter produced 399 samples
2021-07-28 08:56:17,747 INFO o.a.j.r.p.AbstractSampleConsumer: class org.apache.jmeter.report.processor.NormalizerSampleConsumer#stopProducing(): normalizer produced 133 samples
2021-07-28 08:56:17,747 INFO o.a.j.r.p.CsvFileSampleSource: produce(): 133 samples produced in 119ms on channel 0
2021-07-28 08:56:17,747 INFO o.a.j.r.d.ReportGenerator: Exporting data using exporter:'json' of className:'org.apache.jmeter.report.dashboard.JsonExporter'
2021-07-28 08:56:17,748 INFO o.a.j.r.d.JsonExporter: Found data for consumer statisticsSummary in context
2021-07-28 08:56:17,748 INFO o.a.j.r.d.JsonExporter: Creating statistics for overall
2021-07-28 08:56:17,749 INFO o.a.j.r.d.JsonExporter: Creating statistics for other transactions
2021-07-28 08:56:17,749 INFO o.a.j.r.d.JsonExporter: Checking output folder
2021-07-28 08:56:17,750 INFO o.a.j.r.d.JsonExporter: Writing statistics JSON to C:\xampp\htdocs\POC\L0_iContract_1_AddingMultipleContractingParties_2021-07-28_25\statistics.json
2021-07-28 08:56:17,901 INFO o.a.j.r.d.ReportGenerator: Exporting data using exporter:'html' of className:'org.apache.jmeter.report.dashboard.HtmlTemplateExporter'
2021-07-28 08:56:17,904 INFO o.a.j.r.d.HtmlTemplateExporter: Will generate dashboard in folder: C:\xampp\htdocs\POC\L0_iContract_1_AddingMultipleContractingParties_2021-07-28_25
2021-07-28 08:56:18,097 INFO o.a.j.r.d.HtmlTemplateExporter: Report will be generated in: C:\xampp\htdocs\POC\L0_iContract_1_AddingMultipleContractingParties_2021-07-28_25, creating folder structure
2021-07-28 08:56:18,101 INFO o.a.j.r.d.TemplateVisitor: Copying folder from 'D:\apache-jmeter-5.1\apache-jmeter-5.1\bin\report-template' to 'C:\xampp\htdocs\POC\L0_iContract_1_AddingMultipleContractingParties_2021-07-28_25', got message:[C:\xampp\htdocs\POC\L0_iContract_1_AddingMultipleContractingParties_2021-07-28_25\statistics.json], found non empty folder with following content {}, will be ignored
2021-07-28 08:56:18,819 INFO o.a.j.JMeter: Dashboard generated
