2021-07-27 18:57:49,721 INFO o.a.j.u.JMeterUtils: Setting Locale to en_EN
2021-07-27 18:57:49,732 INFO o.a.j.JMeter: Loading user properties from: user.properties
2021-07-27 18:57:49,733 INFO o.a.j.JMeter: Loading system properties from: system.properties
2021-07-27 18:57:49,733 INFO o.a.j.JMeter: Setting JMeter property: meter.reportgenerator.report_title=AddingMultipleContractingParties
2021-07-27 18:57:49,733 INFO o.a.j.JMeter: Setting JMeter property: thread=1
2021-07-27 18:57:49,733 INFO o.a.j.JMeter: Setting JMeter property: rampup=1
2021-07-27 18:57:49,733 INFO o.a.j.JMeter: Setting JMeter property: tenant=Partner_ZCS_Users
2021-07-27 18:57:49,737 INFO o.a.j.JMeter: Copyright (c) 1998-2019 The Apache Software Foundation
2021-07-27 18:57:49,737 INFO o.a.j.JMeter: Version 5.1 r1853635
2021-07-27 18:57:49,737 INFO o.a.j.JMeter: java.version=1.8.0_121
2021-07-27 18:57:49,737 INFO o.a.j.JMeter: java.vm.name=Java HotSpot(TM) 64-Bit Server VM
2021-07-27 18:57:49,737 INFO o.a.j.JMeter: os.name=Windows 10
2021-07-27 18:57:49,737 INFO o.a.j.JMeter: os.arch=amd64
2021-07-27 18:57:49,737 INFO o.a.j.JMeter: os.version=10.0
2021-07-27 18:57:49,737 INFO o.a.j.JMeter: file.encoding=Cp1252
2021-07-27 18:57:49,737 INFO o.a.j.JMeter: java.awt.headless=true
2021-07-27 18:57:49,737 INFO o.a.j.JMeter: Max memory     =8589934592
2021-07-27 18:57:49,737 INFO o.a.j.JMeter: Available Processors =6
2021-07-27 18:57:49,740 INFO o.a.j.JMeter: Default Locale=English (EN)
2021-07-27 18:57:49,740 INFO o.a.j.JMeter: JMeter  Locale=English (EN)
2021-07-27 18:57:49,740 INFO o.a.j.JMeter: JMeterHome=D:\apache-jmeter-5.1\apache-jmeter-5.1
2021-07-27 18:57:49,741 INFO o.a.j.JMeter: user.dir  =D:\apache-jmeter-5.1\apache-jmeter-5.1\bin
2021-07-27 18:57:49,741 INFO o.a.j.JMeter: PWD       =D:\apache-jmeter-5.1\apache-jmeter-5.1\bin
2021-07-27 18:57:49,742 INFO o.a.j.JMeter: IP: 192.168.0.104 Name: ZIPLSY2278 FullName: ZIPLSY2278.zycus.net
2021-07-27 18:57:49,744 INFO o.a.j.JMeter: Setting property 'jmeter.reportgenerator.outputdir' to:'C:\xampp\htdocs\POC\L0_iContract_1_AddingMultipleContractingParties_2021-07-27_24'
2021-07-27 18:57:49,746 INFO o.a.j.s.FileServer: Default base='D:\apache-jmeter-5.1\apache-jmeter-5.1\bin'
2021-07-27 18:57:49,749 INFO o.a.j.s.FileServer: Set new base='D:\PEAutomation\Partner\iContract'
2021-07-27 18:57:49,847 INFO o.a.j.s.SaveService: Testplan (JMX) version: 2.2. Testlog (JTL) version: 2.2
2021-07-27 18:57:49,856 INFO o.a.j.s.SaveService: Using SaveService properties file encoding UTF-8
2021-07-27 18:57:49,860 INFO o.a.j.s.SaveService: Using SaveService properties version 5.0
2021-07-27 18:57:49,864 INFO o.a.j.s.SaveService: Loading file: D:\PEAutomation\Partner\iContract\L0_iContract_AddingMultipleContractingParties.jmx
2021-07-27 18:57:49,907 INFO o.a.j.p.h.c.CookieManager: Settings: Delete null: true Check: true Allow variable: true Save: false Prefix: COOKIE_
2021-07-27 18:57:49,910 INFO o.a.j.p.h.c.CacheManager: Will only cache the following methods: [GET]
2021-07-27 18:57:49,917 INFO o.a.j.p.h.s.HTTPSamplerBase: Parser for text/html is org.apache.jmeter.protocol.http.parser.LagartoBasedHtmlParser
2021-07-27 18:57:49,918 INFO o.a.j.p.h.s.HTTPSamplerBase: Parser for application/xhtml+xml is org.apache.jmeter.protocol.http.parser.LagartoBasedHtmlParser
2021-07-27 18:57:49,918 INFO o.a.j.p.h.s.HTTPSamplerBase: Parser for application/xml is org.apache.jmeter.protocol.http.parser.LagartoBasedHtmlParser
2021-07-27 18:57:49,918 INFO o.a.j.p.h.s.HTTPSamplerBase: Parser for text/xml is org.apache.jmeter.protocol.http.parser.LagartoBasedHtmlParser
2021-07-27 18:57:49,918 INFO o.a.j.p.h.s.HTTPSamplerBase: Parser for text/vnd.wap.wml is org.apache.jmeter.protocol.http.parser.RegexpHTMLParser
2021-07-27 18:57:49,918 INFO o.a.j.p.h.s.HTTPSamplerBase: Parser for text/css is org.apache.jmeter.protocol.http.parser.CssParser
2021-07-27 18:57:50,062 INFO o.a.j.JMeter: Creating summariser <summary>
2021-07-27 18:57:50,068 INFO o.a.j.r.d.ReportGenerator: ReportGenerator will use for Parsing the separator: ','
2021-07-27 18:57:50,068 INFO o.a.j.r.d.ReportGenerator: Will generate report at end of test from  results file: D:\PEAutomation\Partner\iContract\JTL\L0_iContract_1_AddingMultipleContractingParties_2021-07-27_24.jtl
2021-07-27 18:57:50,068 INFO o.a.j.r.d.ReportGenerator: Reading report generator properties from: D:\apache-jmeter-5.1\apache-jmeter-5.1\bin\reportgenerator.properties
2021-07-27 18:57:50,069 INFO o.a.j.r.d.ReportGenerator: Merging with JMeter properties
2021-07-27 18:57:50,075 INFO o.a.j.r.c.ReportGeneratorConfiguration: Property 'jmeter.reportgenerator.temp_dir' not found, using default value 'temp' instead.
2021-07-27 18:57:50,078 INFO o.a.j.r.c.ReportGeneratorConfiguration: Property 'jmeter.reportgenerator.apdex_per_transaction' not found, using default value 'null' instead.
2021-07-27 18:57:50,078 INFO o.a.j.r.c.ReportGeneratorConfiguration: apdex_per_transaction : {} is empty, not APDEX per transaction customization
2021-07-27 18:57:50,078 INFO o.a.j.r.c.ReportGeneratorConfiguration: Property 'jmeter.reportgenerator.sample_filter' not found, using default value 'null' instead.
2021-07-27 18:57:50,078 INFO o.a.j.r.c.ReportGeneratorConfiguration: Property 'jmeter.reportgenerator.report_title' not found, using default value 'null' instead.
2021-07-27 18:57:50,078 INFO o.a.j.r.c.ReportGeneratorConfiguration: Property 'jmeter.reportgenerator.start_date' not found, using default value 'null' instead.
2021-07-27 18:57:50,078 INFO o.a.j.r.c.ReportGeneratorConfiguration: Property 'jmeter.reportgenerator.end_date' not found, using default value 'null' instead.
2021-07-27 18:57:50,078 INFO o.a.j.r.c.ReportGeneratorConfiguration: Property 'jmeter.reportgenerator.date_format' not found, using default value 'null' instead.
2021-07-27 18:57:50,079 INFO o.a.j.r.c.ReportGeneratorConfiguration: Will use date range start date: null, end date: null
2021-07-27 18:57:50,083 INFO o.a.j.r.c.ReportGeneratorConfiguration: Property 'jmeter.reportgenerator.graph.totalTPS.exclude_controllers' not found, using default value 'false' instead.
2021-07-27 18:57:50,083 INFO o.a.j.r.c.ReportGeneratorConfiguration: Property 'jmeter.reportgenerator.graph.activeThreadsOverTime.exclude_controllers' not found, using default value 'false' instead.
2021-07-27 18:57:50,084 INFO o.a.j.r.c.ReportGeneratorConfiguration: Property 'jmeter.reportgenerator.graph.timeVsThreads.exclude_controllers' not found, using default value 'false' instead.
2021-07-27 18:57:50,084 INFO o.a.j.r.c.ReportGeneratorConfiguration: Property 'jmeter.reportgenerator.graph.responseTimeDistribution.exclude_controllers' not found, using default value 'false' instead.
2021-07-27 18:57:50,084 INFO o.a.j.r.c.ReportGeneratorConfiguration: Property 'jmeter.reportgenerator.graph.transactionsPerSecond.exclude_controllers' not found, using default value 'false' instead.
2021-07-27 18:57:50,084 INFO o.a.j.r.c.ReportGeneratorConfiguration: Property 'jmeter.reportgenerator.graph.responseTimePercentiles.exclude_controllers' not found, using default value 'false' instead.
2021-07-27 18:57:50,084 INFO o.a.j.r.c.ReportGeneratorConfiguration: Property 'jmeter.reportgenerator.graph.responseTimePercentilesOverTime.exclude_controllers' not found, using default value 'false' instead.
2021-07-27 18:57:50,084 INFO o.a.j.r.c.ReportGeneratorConfiguration: Property 'jmeter.reportgenerator.graph.responseTimesOverTime.exclude_controllers' not found, using default value 'false' instead.
2021-07-27 18:57:50,084 INFO o.a.j.r.c.ReportGeneratorConfiguration: Property 'jmeter.reportgenerator.graph.connectTimeOverTime.exclude_controllers' not found, using default value 'false' instead.
2021-07-27 18:57:50,084 INFO o.a.j.r.c.ReportGeneratorConfiguration: Property 'jmeter.reportgenerator.graph.latenciesOverTime.exclude_controllers' not found, using default value 'false' instead.
2021-07-27 18:57:50,085 INFO o.a.j.r.c.ReportGeneratorConfiguration: Property 'jmeter.reportgenerator.exporter.json.filters_only_sample_series' not found, using default value 'true' instead.
2021-07-27 18:57:50,085 INFO o.a.j.r.c.ReportGeneratorConfiguration: Property 'jmeter.reportgenerator.exporter.json.series_filter' not found, using default value '' instead.
2021-07-27 18:57:50,086 INFO o.a.j.r.c.ReportGeneratorConfiguration: Property 'jmeter.reportgenerator.exporter.json.show_controllers_only' not found, using default value 'false' instead.
2021-07-27 18:57:50,086 INFO o.a.j.r.c.ReportGeneratorConfiguration: Property 'jmeter.reportgenerator.exporter.html.filters_only_sample_series' not found, using default value 'true' instead.
2021-07-27 18:57:50,086 INFO o.a.j.r.c.ReportGeneratorConfiguration: Property 'jmeter.reportgenerator.exporter.html.series_filter' not found, using default value '' instead.
2021-07-27 18:57:50,086 INFO o.a.j.r.c.ReportGeneratorConfiguration: Property 'jmeter.reportgenerator.exporter.html.show_controllers_only' not found, using default value 'false' instead.
2021-07-27 18:57:50,090 INFO o.a.j.e.StandardJMeterEngine: Running the test!
2021-07-27 18:57:50,091 INFO o.a.j.s.SampleEvent: List of sample_variables: []
2021-07-27 18:57:50,091 INFO o.a.j.s.SampleEvent: List of sample_variables: []
2021-07-27 18:57:50,096 INFO o.a.j.e.u.CompoundVariable: Note: Function class names must contain the string: '.functions.'
2021-07-27 18:57:50,096 INFO o.a.j.e.u.CompoundVariable: Note: Function class names must not contain the string: '.gui.'
2021-07-27 18:57:50,406 INFO o.a.j.JMeter: Running test (1627392470406)
2021-07-27 18:57:50,457 INFO o.a.j.e.StandardJMeterEngine: Starting ThreadGroup: 1 : AddingMultipleContractingParties
2021-07-27 18:57:50,457 INFO o.a.j.e.StandardJMeterEngine: Starting 1 threads for group AddingMultipleContractingParties.
2021-07-27 18:57:50,457 INFO o.a.j.e.StandardJMeterEngine: Thread will stop on error
2021-07-27 18:57:50,457 INFO o.a.j.t.ThreadGroup: Starting thread group... number=1 threads=1 ramp-up=1 perThread=1000.0 delayedStart=true
2021-07-27 18:57:50,458 INFO o.a.j.t.ThreadGroup: Started thread group number 1
2021-07-27 18:57:50,458 INFO o.a.j.e.StandardJMeterEngine: All thread groups have been started
2021-07-27 18:57:50,491 INFO o.a.j.s.SampleResult: Note: Sample TimeStamps are START times
2021-07-27 18:57:50,492 INFO o.a.j.s.SampleResult: sampleresult.default.encoding is set to ISO-8859-1
2021-07-27 18:57:50,492 INFO o.a.j.s.SampleResult: sampleresult.useNanoTime=true
2021-07-27 18:57:50,492 INFO o.a.j.s.SampleResult: sampleresult.nanoThreadSleep=5000
2021-07-27 18:57:50,498 INFO o.a.j.t.JMeterThread: Thread started: AddingMultipleContractingParties 1-1
2021-07-27 18:57:50,499 INFO o.a.j.c.LoopController: iterationStart called on 3# Loop Controller for Suggested Action-Repo with source org.apache.jmeter.control.LoopController@292a47c3 and iteration 1
2021-07-27 18:57:50,500 INFO o.a.j.s.FileServer: Stored: D:/apache-jmeter-5.1/apache-jmeter-5.1/bin/Files/Partner_ZCS_Users.csv
2021-07-27 18:57:50,512 INFO o.a.j.p.h.s.HTTPHCAbstractImpl: Local host = ZIPLSY2278
2021-07-27 18:57:50,518 INFO o.a.j.p.h.s.HTTPHC4Impl: HTTP request retry count = 0
2021-07-27 18:57:50,573 INFO o.a.j.p.h.s.h.LazyLayeredConnectionSocketFactory: Setting up HTTPS TrustAll Socket Factory
2021-07-27 18:57:50,579 INFO o.a.j.u.JsseSSLManager: Using default SSL protocol: TLS
2021-07-27 18:57:50,579 INFO o.a.j.u.JsseSSLManager: SSL session context: per-thread
2021-07-27 18:57:50,971 INFO o.a.j.u.SSLManager: JmeterKeyStore Location:  type JKS
2021-07-27 18:57:50,974 INFO o.a.j.u.SSLManager: KeyStore created OK
2021-07-27 18:57:50,974 WARN o.a.j.u.SSLManager: Keystore file not found, loading empty keystore
2021-07-27 18:58:00,014 INFO o.a.j.r.Summariser: summary +     19 in 00:00:10 =    2.0/s Avg:   387 Min:   212 Max:  1047 Err:     0 (0.00%) Active: 1 Started: 1 Finished: 0
2021-07-27 18:58:17,354 INFO o.a.j.s.FileServer: Stored: D:\apache-jmeter-5.1\apache-jmeter-5.1\bin\Files\FinalVersionOfDay.docx
2021-07-27 18:58:33,133 INFO o.a.j.r.Summariser: summary +     52 in 00:00:33 =    1.6/s Avg:   396 Min:   242 Max:  1913 Err:     0 (0.00%) Active: 1 Started: 1 Finished: 0
2021-07-27 18:58:33,133 INFO o.a.j.r.Summariser: summary =     71 in 00:00:43 =    1.7/s Avg:   393 Min:   212 Max:  1913 Err:     0 (0.00%)
2021-07-27 18:58:51,334 INFO o.a.j.t.JMeterThread: Thread is done: AddingMultipleContractingParties 1-1
2021-07-27 18:58:51,334 INFO o.a.j.t.JMeterThread: Thread finished: AddingMultipleContractingParties 1-1
2021-07-27 18:58:51,336 INFO o.a.j.e.StandardJMeterEngine: Notifying test listeners of end of test
2021-07-27 18:58:51,336 INFO o.a.j.s.FileServer: Close: D:/apache-jmeter-5.1/apache-jmeter-5.1/bin/Files/Partner_ZCS_Users.csv
2021-07-27 18:58:51,337 INFO o.a.j.r.Summariser: summary +     18 in 00:00:18 =    1.0/s Avg:   495 Min:   273 Max:  1452 Err:     0 (0.00%) Active: 0 Started: 1 Finished: 1
2021-07-27 18:58:51,338 INFO o.a.j.r.Summariser: summary =     89 in 00:01:01 =    1.5/s Avg:   414 Min:   212 Max:  1913 Err:     0 (0.00%)
2021-07-27 18:58:51,338 INFO o.a.j.JMeter: Generating Dashboard
2021-07-27 18:58:51,338 INFO o.a.j.r.d.ReportGenerator: Flushing result collector before report Generation
2021-07-27 18:58:51,358 INFO o.a.j.r.p.NormalizerSampleConsumer: Using format, 'ms', to parse timeStamp field
2021-07-27 18:58:51,428 INFO o.a.j.r.p.AbstractSampleConsumer: class org.apache.jmeter.report.processor.AggregateConsumer#stopProducing(): beginDate produced 0 samples
2021-07-27 18:58:51,428 INFO o.a.j.r.p.AbstractSampleConsumer: class org.apache.jmeter.report.processor.AggregateConsumer#stopProducing(): endDate produced 0 samples
2021-07-27 18:58:51,431 INFO o.a.j.r.p.AbstractSampleConsumer: class org.apache.jmeter.report.processor.ApdexSummaryConsumer#stopProducing(): apdexSummary produced 0 samples
2021-07-27 18:58:51,431 INFO o.a.j.r.p.AbstractSampleConsumer: class org.apache.jmeter.report.processor.RequestsSummaryConsumer#stopProducing(): requestsSummary produced 0 samples
2021-07-27 18:58:51,435 INFO o.a.j.r.p.AbstractSampleConsumer: class org.apache.jmeter.report.processor.StatisticsSummaryConsumer#stopProducing(): statisticsSummary produced 0 samples
2021-07-27 18:58:51,438 INFO o.a.j.r.p.AbstractSampleConsumer: class org.apache.jmeter.report.processor.Top5ErrorsBySamplerConsumer#stopProducing(): top5ErrorsBySampler produced 0 samples
2021-07-27 18:58:51,438 INFO o.a.j.r.p.AbstractSampleConsumer: class org.apache.jmeter.report.processor.ErrorsSummaryConsumer#stopProducing(): errorsSummary produced 0 samples
2021-07-27 18:58:51,438 INFO o.a.j.r.p.AbstractSampleConsumer: class org.apache.jmeter.report.processor.graph.impl.HitsPerSecondGraphConsumer#stopProducing(): hitsPerSecond produced 0 samples
2021-07-27 18:58:51,447 INFO o.a.j.r.p.AbstractSampleConsumer: class org.apache.jmeter.report.processor.graph.impl.LatencyVSRequestGraphConsumer#stopProducing(): latencyVsRequest produced 0 samples
2021-07-27 18:58:51,447 INFO o.a.j.r.p.AbstractSampleConsumer: class org.apache.jmeter.report.processor.graph.impl.SyntheticResponseTimeDistributionGraphConsumer#stopProducing(): syntheticResponseTimeDistribution produced 0 samples
2021-07-27 18:58:51,447 INFO o.a.j.r.p.AbstractSampleConsumer: class org.apache.jmeter.report.processor.graph.impl.BytesThroughputGraphConsumer#stopProducing(): bytesThroughputOverTime produced 0 samples
2021-07-27 18:58:51,447 INFO o.a.j.r.p.AbstractSampleConsumer: class org.apache.jmeter.report.processor.graph.impl.CodesPerSecondGraphConsumer#stopProducing(): codesPerSecond produced 0 samples
2021-07-27 18:58:51,451 INFO o.a.j.r.p.AbstractSampleConsumer: class org.apache.jmeter.report.processor.graph.impl.ResponseTimeVSRequestGraphConsumer#stopProducing(): responseTimeVsRequest produced 0 samples
2021-07-27 18:58:51,452 INFO o.a.j.r.p.AbstractSampleConsumer: class org.apache.jmeter.report.processor.FilterConsumer#stopProducing(): startIntervalControlerFilter produced 623 samples
2021-07-27 18:58:51,452 INFO o.a.j.r.p.AbstractSampleConsumer: class org.apache.jmeter.report.processor.graph.impl.TotalTPSGraphConsumer#stopProducing(): totalTPS produced 0 samples
2021-07-27 18:58:51,452 INFO o.a.j.r.p.AbstractSampleConsumer: class org.apache.jmeter.report.processor.graph.impl.ActiveThreadsGraphConsumer#stopProducing(): activeThreadsOverTime produced 0 samples
2021-07-27 18:58:51,452 INFO o.a.j.r.p.AbstractSampleConsumer: class org.apache.jmeter.report.processor.graph.impl.TimeVSThreadGraphConsumer#stopProducing(): timeVsThreads produced 0 samples
2021-07-27 18:58:51,457 INFO o.a.j.r.p.AbstractSampleConsumer: class org.apache.jmeter.report.processor.graph.impl.ResponseTimeDistributionGraphConsumer#stopProducing(): responseTimeDistribution produced 0 samples
2021-07-27 18:58:51,458 INFO o.a.j.r.p.AbstractSampleConsumer: class org.apache.jmeter.report.processor.graph.impl.TransactionsPerSecondGraphConsumer#stopProducing(): transactionsPerSecond produced 0 samples
2021-07-27 18:58:51,459 INFO o.a.j.r.p.AbstractSampleConsumer: class org.apache.jmeter.report.processor.graph.impl.ResponseTimePercentilesGraphConsumer#stopProducing(): responseTimePercentiles produced 0 samples
2021-07-27 18:58:51,474 INFO o.a.j.r.p.AbstractSampleConsumer: class org.apache.jmeter.report.processor.graph.impl.ResponseTimePercentilesOverTimeGraphConsumer#stopProducing(): responseTimePercentilesOverTime produced 0 samples
2021-07-27 18:58:51,475 INFO o.a.j.r.p.AbstractSampleConsumer: class org.apache.jmeter.report.processor.graph.impl.ResponseTimeOverTimeGraphConsumer#stopProducing(): responseTimesOverTime produced 0 samples
2021-07-27 18:58:51,475 INFO o.a.j.r.p.AbstractSampleConsumer: class org.apache.jmeter.report.processor.graph.impl.ConnectTimeOverTimeGraphConsumer#stopProducing(): connectTimeOverTime produced 0 samples
2021-07-27 18:58:51,476 INFO o.a.j.r.p.AbstractSampleConsumer: class org.apache.jmeter.report.processor.graph.impl.LatencyOverTimeGraphConsumer#stopProducing(): latenciesOverTime produced 0 samples
2021-07-27 18:58:51,476 INFO o.a.j.r.p.AbstractSampleConsumer: class org.apache.jmeter.report.processor.FilterConsumer#stopProducing(): nameFilter produced 1995 samples
2021-07-27 18:58:51,476 INFO o.a.j.r.p.AbstractSampleConsumer: class org.apache.jmeter.report.processor.FilterConsumer#stopProducing(): dateRangeFilter produced 399 samples
2021-07-27 18:58:51,476 INFO o.a.j.r.p.AbstractSampleConsumer: class org.apache.jmeter.report.processor.NormalizerSampleConsumer#stopProducing(): normalizer produced 133 samples
2021-07-27 18:58:51,477 INFO o.a.j.r.p.CsvFileSampleSource: produce(): 133 samples produced in 98ms on channel 0
2021-07-27 18:58:51,477 INFO o.a.j.r.d.ReportGenerator: Exporting data using exporter:'json' of className:'org.apache.jmeter.report.dashboard.JsonExporter'
2021-07-27 18:58:51,478 INFO o.a.j.r.d.JsonExporter: Found data for consumer statisticsSummary in context
2021-07-27 18:58:51,479 INFO o.a.j.r.d.JsonExporter: Creating statistics for overall
2021-07-27 18:58:51,479 INFO o.a.j.r.d.JsonExporter: Creating statistics for other transactions
2021-07-27 18:58:51,480 INFO o.a.j.r.d.JsonExporter: Checking output folder
2021-07-27 18:58:51,481 INFO o.a.j.r.d.JsonExporter: Writing statistics JSON to C:\xampp\htdocs\POC\L0_iContract_1_AddingMultipleContractingParties_2021-07-27_24\statistics.json
2021-07-27 18:58:51,626 INFO o.a.j.r.d.ReportGenerator: Exporting data using exporter:'html' of className:'org.apache.jmeter.report.dashboard.HtmlTemplateExporter'
2021-07-27 18:58:51,630 INFO o.a.j.r.d.HtmlTemplateExporter: Will generate dashboard in folder: C:\xampp\htdocs\POC\L0_iContract_1_AddingMultipleContractingParties_2021-07-27_24
2021-07-27 18:58:51,828 INFO o.a.j.r.d.HtmlTemplateExporter: Report will be generated in: C:\xampp\htdocs\POC\L0_iContract_1_AddingMultipleContractingParties_2021-07-27_24, creating folder structure
2021-07-27 18:58:51,832 INFO o.a.j.r.d.TemplateVisitor: Copying folder from 'D:\apache-jmeter-5.1\apache-jmeter-5.1\bin\report-template' to 'C:\xampp\htdocs\POC\L0_iContract_1_AddingMultipleContractingParties_2021-07-27_24', got message:[C:\xampp\htdocs\POC\L0_iContract_1_AddingMultipleContractingParties_2021-07-27_24\statistics.json], found non empty folder with following content {}, will be ignored
2021-07-27 18:58:52,549 INFO o.a.j.JMeter: Dashboard generated
