2021-07-23 11:06:55,662 INFO o.a.j.u.JMeterUtils: Setting Locale to en_EN
2021-07-23 11:06:55,696 INFO o.a.j.JMeter: Loading user properties from: user.properties
2021-07-23 11:06:55,697 INFO o.a.j.JMeter: Loading system properties from: system.properties
2021-07-23 11:06:55,698 INFO o.a.j.JMeter: Setting JMeter property: meter.reportgenerator.report_title=MultipleBUsAuthoringContract
2021-07-23 11:06:55,699 INFO o.a.j.JMeter: Setting JMeter property: thread=1
2021-07-23 11:06:55,699 INFO o.a.j.JMeter: Setting JMeter property: rampup=1
2021-07-23 11:06:55,699 INFO o.a.j.JMeter: Setting JMeter property: tenant=Partner_ZCS_Users
2021-07-23 11:06:55,705 INFO o.a.j.JMeter: Copyright (c) 1998-2019 The Apache Software Foundation
2021-07-23 11:06:55,705 INFO o.a.j.JMeter: Version 5.1 r1853635
2021-07-23 11:06:55,705 INFO o.a.j.JMeter: java.version=1.8.0_144
2021-07-23 11:06:55,705 INFO o.a.j.JMeter: java.vm.name=Java HotSpot(TM) 64-Bit Server VM
2021-07-23 11:06:55,706 INFO o.a.j.JMeter: os.name=Windows 10
2021-07-23 11:06:55,706 INFO o.a.j.JMeter: os.arch=amd64
2021-07-23 11:06:55,706 INFO o.a.j.JMeter: os.version=10.0
2021-07-23 11:06:55,706 INFO o.a.j.JMeter: file.encoding=Cp1252
2021-07-23 11:06:55,706 INFO o.a.j.JMeter: java.awt.headless=true
2021-07-23 11:06:55,706 INFO o.a.j.JMeter: Max memory     =8589934592
2021-07-23 11:06:55,706 INFO o.a.j.JMeter: Available Processors =4
2021-07-23 11:06:55,709 INFO o.a.j.JMeter: Default Locale=English (EN)
2021-07-23 11:06:55,709 INFO o.a.j.JMeter: JMeter  Locale=English (EN)
2021-07-23 11:06:55,709 INFO o.a.j.JMeter: JMeterHome=D:\apache-jmeter-5.1\apache-jmeter-5.1
2021-07-23 11:06:55,710 INFO o.a.j.JMeter: user.dir  =D:\apache-jmeter-5.1\apache-jmeter-5.1\bin
2021-07-23 11:06:55,710 INFO o.a.j.JMeter: PWD       =D:\apache-jmeter-5.1\apache-jmeter-5.1\bin
2021-07-23 11:06:55,712 INFO o.a.j.JMeter: IP: 192.168.35.159 Name: ZIPLSY1584 FullName: host.docker.internal
2021-07-23 11:06:55,714 INFO o.a.j.JMeter: Setting property 'jmeter.reportgenerator.outputdir' to:'C:\xampp\htdocs\performance\L0_iContract_1_MultipleBUsAuthoringContract_2021-07-23_21'
2021-07-23 11:06:55,716 INFO o.a.j.s.FileServer: Default base='D:\apache-jmeter-5.1\apache-jmeter-5.1\bin'
2021-07-23 11:06:55,720 INFO o.a.j.s.FileServer: Set new base='D:\PEAutomation\Partner\iContract'
2021-07-23 11:06:55,831 INFO o.a.j.s.SaveService: Testplan (JMX) version: 2.2. Testlog (JTL) version: 2.2
2021-07-23 11:06:55,843 INFO o.a.j.s.SaveService: Using SaveService properties file encoding UTF-8
2021-07-23 11:06:55,848 INFO o.a.j.s.SaveService: Using SaveService properties version 5.0
2021-07-23 11:06:55,853 INFO o.a.j.s.SaveService: Loading file: D:\PEAutomation\Partner\iContract\L0_iContract_MultipleBUsAuthoringContract.jmx
2021-07-23 11:06:55,936 INFO o.a.j.p.h.c.CookieManager: Settings: Delete null: true Check: true Allow variable: true Save: false Prefix: COOKIE_
2021-07-23 11:06:55,944 INFO o.a.j.p.h.c.CacheManager: Will only cache the following methods: [GET]
2021-07-23 11:06:55,953 INFO o.a.j.p.h.s.HTTPSamplerBase: Parser for text/html is org.apache.jmeter.protocol.http.parser.LagartoBasedHtmlParser
2021-07-23 11:06:55,953 INFO o.a.j.p.h.s.HTTPSamplerBase: Parser for application/xhtml+xml is org.apache.jmeter.protocol.http.parser.LagartoBasedHtmlParser
2021-07-23 11:06:55,953 INFO o.a.j.p.h.s.HTTPSamplerBase: Parser for application/xml is org.apache.jmeter.protocol.http.parser.LagartoBasedHtmlParser
2021-07-23 11:06:55,953 INFO o.a.j.p.h.s.HTTPSamplerBase: Parser for text/xml is org.apache.jmeter.protocol.http.parser.LagartoBasedHtmlParser
2021-07-23 11:06:55,953 INFO o.a.j.p.h.s.HTTPSamplerBase: Parser for text/vnd.wap.wml is org.apache.jmeter.protocol.http.parser.RegexpHTMLParser
2021-07-23 11:06:55,954 INFO o.a.j.p.h.s.HTTPSamplerBase: Parser for text/css is org.apache.jmeter.protocol.http.parser.CssParser
2021-07-23 11:06:56,174 INFO o.a.j.JMeter: Creating summariser <summary>
2021-07-23 11:06:56,180 INFO o.a.j.r.d.ReportGenerator: ReportGenerator will use for Parsing the separator: ','
2021-07-23 11:06:56,180 INFO o.a.j.r.d.ReportGenerator: Will generate report at end of test from  results file: D:\PEAutomation\Partner\iContract\JTL\L0_iContract_1_MultipleBUsAuthoringContract_2021-07-23_21.jtl
2021-07-23 11:06:56,180 INFO o.a.j.r.d.ReportGenerator: Reading report generator properties from: D:\apache-jmeter-5.1\apache-jmeter-5.1\bin\reportgenerator.properties
2021-07-23 11:06:56,181 INFO o.a.j.r.d.ReportGenerator: Merging with JMeter properties
2021-07-23 11:06:56,188 INFO o.a.j.r.c.ReportGeneratorConfiguration: Property 'jmeter.reportgenerator.temp_dir' not found, using default value 'temp' instead.
2021-07-23 11:06:56,190 INFO o.a.j.r.c.ReportGeneratorConfiguration: Property 'jmeter.reportgenerator.apdex_per_transaction' not found, using default value 'null' instead.
2021-07-23 11:06:56,190 INFO o.a.j.r.c.ReportGeneratorConfiguration: apdex_per_transaction : {} is empty, not APDEX per transaction customization
2021-07-23 11:06:56,190 INFO o.a.j.r.c.ReportGeneratorConfiguration: Property 'jmeter.reportgenerator.sample_filter' not found, using default value 'null' instead.
2021-07-23 11:06:56,190 INFO o.a.j.r.c.ReportGeneratorConfiguration: Property 'jmeter.reportgenerator.report_title' not found, using default value 'null' instead.
2021-07-23 11:06:56,191 INFO o.a.j.r.c.ReportGeneratorConfiguration: Property 'jmeter.reportgenerator.start_date' not found, using default value 'null' instead.
2021-07-23 11:06:56,191 INFO o.a.j.r.c.ReportGeneratorConfiguration: Property 'jmeter.reportgenerator.end_date' not found, using default value 'null' instead.
2021-07-23 11:06:56,191 INFO o.a.j.r.c.ReportGeneratorConfiguration: Property 'jmeter.reportgenerator.date_format' not found, using default value 'null' instead.
2021-07-23 11:06:56,192 INFO o.a.j.r.c.ReportGeneratorConfiguration: Will use date range start date: null, end date: null
2021-07-23 11:06:56,197 INFO o.a.j.r.c.ReportGeneratorConfiguration: Property 'jmeter.reportgenerator.graph.totalTPS.exclude_controllers' not found, using default value 'false' instead.
2021-07-23 11:06:56,197 INFO o.a.j.r.c.ReportGeneratorConfiguration: Property 'jmeter.reportgenerator.graph.activeThreadsOverTime.exclude_controllers' not found, using default value 'false' instead.
2021-07-23 11:06:56,197 INFO o.a.j.r.c.ReportGeneratorConfiguration: Property 'jmeter.reportgenerator.graph.timeVsThreads.exclude_controllers' not found, using default value 'false' instead.
2021-07-23 11:06:56,197 INFO o.a.j.r.c.ReportGeneratorConfiguration: Property 'jmeter.reportgenerator.graph.responseTimeDistribution.exclude_controllers' not found, using default value 'false' instead.
2021-07-23 11:06:56,197 INFO o.a.j.r.c.ReportGeneratorConfiguration: Property 'jmeter.reportgenerator.graph.transactionsPerSecond.exclude_controllers' not found, using default value 'false' instead.
2021-07-23 11:06:56,198 INFO o.a.j.r.c.ReportGeneratorConfiguration: Property 'jmeter.reportgenerator.graph.responseTimePercentiles.exclude_controllers' not found, using default value 'false' instead.
2021-07-23 11:06:56,198 INFO o.a.j.r.c.ReportGeneratorConfiguration: Property 'jmeter.reportgenerator.graph.responseTimePercentilesOverTime.exclude_controllers' not found, using default value 'false' instead.
2021-07-23 11:06:56,199 INFO o.a.j.r.c.ReportGeneratorConfiguration: Property 'jmeter.reportgenerator.graph.responseTimesOverTime.exclude_controllers' not found, using default value 'false' instead.
2021-07-23 11:06:56,199 INFO o.a.j.r.c.ReportGeneratorConfiguration: Property 'jmeter.reportgenerator.graph.connectTimeOverTime.exclude_controllers' not found, using default value 'false' instead.
2021-07-23 11:06:56,199 INFO o.a.j.r.c.ReportGeneratorConfiguration: Property 'jmeter.reportgenerator.graph.latenciesOverTime.exclude_controllers' not found, using default value 'false' instead.
2021-07-23 11:06:56,200 INFO o.a.j.r.c.ReportGeneratorConfiguration: Property 'jmeter.reportgenerator.exporter.json.filters_only_sample_series' not found, using default value 'true' instead.
2021-07-23 11:06:56,201 INFO o.a.j.r.c.ReportGeneratorConfiguration: Property 'jmeter.reportgenerator.exporter.json.series_filter' not found, using default value '' instead.
2021-07-23 11:06:56,201 INFO o.a.j.r.c.ReportGeneratorConfiguration: Property 'jmeter.reportgenerator.exporter.json.show_controllers_only' not found, using default value 'false' instead.
2021-07-23 11:06:56,201 INFO o.a.j.r.c.ReportGeneratorConfiguration: Property 'jmeter.reportgenerator.exporter.html.filters_only_sample_series' not found, using default value 'true' instead.
2021-07-23 11:06:56,201 INFO o.a.j.r.c.ReportGeneratorConfiguration: Property 'jmeter.reportgenerator.exporter.html.series_filter' not found, using default value '' instead.
2021-07-23 11:06:56,201 INFO o.a.j.r.c.ReportGeneratorConfiguration: Property 'jmeter.reportgenerator.exporter.html.show_controllers_only' not found, using default value 'false' instead.
2021-07-23 11:06:56,206 INFO o.a.j.e.StandardJMeterEngine: Running the test!
2021-07-23 11:06:56,207 INFO o.a.j.s.SampleEvent: List of sample_variables: []
2021-07-23 11:06:56,207 INFO o.a.j.s.SampleEvent: List of sample_variables: []
2021-07-23 11:06:56,214 INFO o.a.j.e.u.CompoundVariable: Note: Function class names must contain the string: '.functions.'
2021-07-23 11:06:56,214 INFO o.a.j.e.u.CompoundVariable: Note: Function class names must not contain the string: '.gui.'
2021-07-23 11:06:57,125 INFO o.a.j.JMeter: Running test (1627018617125)
2021-07-23 11:06:57,214 INFO o.a.j.e.StandardJMeterEngine: Starting ThreadGroup: 1 : MultipleBUsAuthoringContract
2021-07-23 11:06:57,214 INFO o.a.j.e.StandardJMeterEngine: Starting 1 threads for group MultipleBUsAuthoringContract.
2021-07-23 11:06:57,214 INFO o.a.j.e.StandardJMeterEngine: Thread will stop on error
2021-07-23 11:06:57,214 INFO o.a.j.t.ThreadGroup: Starting thread group... number=1 threads=1 ramp-up=1 perThread=1000.0 delayedStart=true
2021-07-23 11:06:57,215 INFO o.a.j.t.ThreadGroup: Started thread group number 1
2021-07-23 11:06:57,215 INFO o.a.j.e.StandardJMeterEngine: All thread groups have been started
2021-07-23 11:06:57,250 INFO o.a.j.s.SampleResult: Note: Sample TimeStamps are START times
2021-07-23 11:06:57,250 INFO o.a.j.s.SampleResult: sampleresult.default.encoding is set to ISO-8859-1
2021-07-23 11:06:57,250 INFO o.a.j.s.SampleResult: sampleresult.useNanoTime=true
2021-07-23 11:06:57,250 INFO o.a.j.s.SampleResult: sampleresult.nanoThreadSleep=5000
2021-07-23 11:06:57,256 INFO o.a.j.t.JMeterThread: Thread started: MultipleBUsAuthoringContract 1-1
2021-07-23 11:06:57,268 INFO o.a.j.c.LoopController: iterationStart called on 3# Loop Controller for Suggested Action-Autho with source org.apache.jmeter.control.LoopController@58a7d168 and iteration 1
2021-07-23 11:06:57,269 INFO o.a.j.s.FileServer: Stored: D:/apache-jmeter-5.1/apache-jmeter-5.1/bin/Files/Partner_ZCS_Users.csv
2021-07-23 11:06:57,284 INFO o.a.j.p.h.s.HTTPHCAbstractImpl: Local host = ZIPLSY1584
2021-07-23 11:06:57,290 INFO o.a.j.p.h.s.HTTPHC4Impl: HTTP request retry count = 0
2021-07-23 11:06:57,475 INFO o.a.j.p.h.s.h.LazyLayeredConnectionSocketFactory: Setting up HTTPS TrustAll Socket Factory
2021-07-23 11:06:57,498 INFO o.a.j.u.JsseSSLManager: Using default SSL protocol: TLS
2021-07-23 11:06:57,498 INFO o.a.j.u.JsseSSLManager: SSL session context: per-thread
2021-07-23 11:06:58,202 INFO o.a.j.u.SSLManager: JmeterKeyStore Location:  type JKS
2021-07-23 11:06:58,203 INFO o.a.j.u.SSLManager: KeyStore created OK
2021-07-23 11:06:58,203 WARN o.a.j.u.SSLManager: Keystore file not found, loading empty keystore
2021-07-23 11:07:00,275 INFO o.a.j.r.Summariser: summary +      4 in 00:00:03 =    1.3/s Avg:   714 Min:   222 Max:  2017 Err:     0 (0.00%) Active: 1 Started: 1 Finished: 0
2021-07-23 11:07:31,239 INFO o.a.j.r.Summariser: summary +     50 in 00:00:31 =    1.6/s Avg:   371 Min:   235 Max:  2701 Err:     0 (0.00%) Active: 1 Started: 1 Finished: 0
2021-07-23 11:07:31,239 INFO o.a.j.r.Summariser: summary =     54 in 00:00:34 =    1.6/s Avg:   396 Min:   222 Max:  2701 Err:     0 (0.00%)
2021-07-23 11:07:37,776 ERROR o.a.j.u.BeanShellInterpreter: Error invoking bsh method: eval	Sourced file: inline evaluation of: ``String totalRecords = vars.get("totalRecords"); String perpage = vars.get("perpa . . . '' : Typed variable declaration : Method Invocation Integer.parseInt
2021-07-23 11:07:37,777 WARN o.a.j.e.BeanShellPostProcessor: Problem in BeanShell script: org.apache.jorphan.util.JMeterException: Error invoking bsh method: eval	Sourced file: inline evaluation of: ``String totalRecords = vars.get("totalRecords"); String perpage = vars.get("perpa . . . '' : Typed variable declaration : Method Invocation Integer.parseInt
2021-07-23 11:08:01,224 INFO o.a.j.r.Summariser: summary +     37 in 00:00:30 =    1.2/s Avg:   449 Min:   250 Max:  1921 Err:     0 (0.00%) Active: 1 Started: 1 Finished: 0
2021-07-23 11:08:01,225 INFO o.a.j.r.Summariser: summary =     91 in 00:01:04 =    1.4/s Avg:   417 Min:   222 Max:  2701 Err:     0 (0.00%)
2021-07-23 11:08:09,179 INFO o.a.j.t.JMeterThread: Thread is done: MultipleBUsAuthoringContract 1-1
2021-07-23 11:08:09,180 INFO o.a.j.t.JMeterThread: Thread finished: MultipleBUsAuthoringContract 1-1
2021-07-23 11:08:09,181 INFO o.a.j.e.StandardJMeterEngine: Notifying test listeners of end of test
2021-07-23 11:08:09,181 INFO o.a.j.s.FileServer: Close: D:/apache-jmeter-5.1/apache-jmeter-5.1/bin/Files/Partner_ZCS_Users.csv
2021-07-23 11:08:09,182 INFO o.a.j.r.Summariser: summary +      6 in 00:00:08 =    0.8/s Avg:   303 Min:   260 Max:   473 Err:     0 (0.00%) Active: 0 Started: 1 Finished: 1
2021-07-23 11:08:09,182 INFO o.a.j.r.Summariser: summary =     97 in 00:01:12 =    1.3/s Avg:   410 Min:   222 Max:  2701 Err:     0 (0.00%)
2021-07-23 11:08:09,183 INFO o.a.j.JMeter: Generating Dashboard
2021-07-23 11:08:09,183 INFO o.a.j.r.d.ReportGenerator: Flushing result collector before report Generation
2021-07-23 11:08:09,196 INFO o.a.j.r.p.NormalizerSampleConsumer: Using format, 'ms', to parse timeStamp field
2021-07-23 11:08:09,304 INFO o.a.j.r.p.AbstractSampleConsumer: class org.apache.jmeter.report.processor.AggregateConsumer#stopProducing(): beginDate produced 0 samples
2021-07-23 11:08:09,304 INFO o.a.j.r.p.AbstractSampleConsumer: class org.apache.jmeter.report.processor.AggregateConsumer#stopProducing(): endDate produced 0 samples
2021-07-23 11:08:09,307 INFO o.a.j.r.p.AbstractSampleConsumer: class org.apache.jmeter.report.processor.ApdexSummaryConsumer#stopProducing(): apdexSummary produced 0 samples
2021-07-23 11:08:09,307 INFO o.a.j.r.p.AbstractSampleConsumer: class org.apache.jmeter.report.processor.RequestsSummaryConsumer#stopProducing(): requestsSummary produced 0 samples
2021-07-23 11:08:09,313 INFO o.a.j.r.p.AbstractSampleConsumer: class org.apache.jmeter.report.processor.StatisticsSummaryConsumer#stopProducing(): statisticsSummary produced 0 samples
2021-07-23 11:08:09,320 INFO o.a.j.r.p.AbstractSampleConsumer: class org.apache.jmeter.report.processor.Top5ErrorsBySamplerConsumer#stopProducing(): top5ErrorsBySampler produced 0 samples
2021-07-23 11:08:09,321 INFO o.a.j.r.p.AbstractSampleConsumer: class org.apache.jmeter.report.processor.ErrorsSummaryConsumer#stopProducing(): errorsSummary produced 0 samples
2021-07-23 11:08:09,321 INFO o.a.j.r.p.AbstractSampleConsumer: class org.apache.jmeter.report.processor.graph.impl.HitsPerSecondGraphConsumer#stopProducing(): hitsPerSecond produced 0 samples
2021-07-23 11:08:09,332 INFO o.a.j.r.p.AbstractSampleConsumer: class org.apache.jmeter.report.processor.graph.impl.LatencyVSRequestGraphConsumer#stopProducing(): latencyVsRequest produced 0 samples
2021-07-23 11:08:09,332 INFO o.a.j.r.p.AbstractSampleConsumer: class org.apache.jmeter.report.processor.graph.impl.SyntheticResponseTimeDistributionGraphConsumer#stopProducing(): syntheticResponseTimeDistribution produced 0 samples
2021-07-23 11:08:09,333 INFO o.a.j.r.p.AbstractSampleConsumer: class org.apache.jmeter.report.processor.graph.impl.BytesThroughputGraphConsumer#stopProducing(): bytesThroughputOverTime produced 0 samples
2021-07-23 11:08:09,333 INFO o.a.j.r.p.AbstractSampleConsumer: class org.apache.jmeter.report.processor.graph.impl.CodesPerSecondGraphConsumer#stopProducing(): codesPerSecond produced 0 samples
2021-07-23 11:08:09,338 INFO o.a.j.r.p.AbstractSampleConsumer: class org.apache.jmeter.report.processor.graph.impl.ResponseTimeVSRequestGraphConsumer#stopProducing(): responseTimeVsRequest produced 0 samples
2021-07-23 11:08:09,339 INFO o.a.j.r.p.AbstractSampleConsumer: class org.apache.jmeter.report.processor.FilterConsumer#stopProducing(): startIntervalControlerFilter produced 679 samples
2021-07-23 11:08:09,339 INFO o.a.j.r.p.AbstractSampleConsumer: class org.apache.jmeter.report.processor.graph.impl.TotalTPSGraphConsumer#stopProducing(): totalTPS produced 0 samples
2021-07-23 11:08:09,339 INFO o.a.j.r.p.AbstractSampleConsumer: class org.apache.jmeter.report.processor.graph.impl.ActiveThreadsGraphConsumer#stopProducing(): activeThreadsOverTime produced 0 samples
2021-07-23 11:08:09,339 INFO o.a.j.r.p.AbstractSampleConsumer: class org.apache.jmeter.report.processor.graph.impl.TimeVSThreadGraphConsumer#stopProducing(): timeVsThreads produced 0 samples
2021-07-23 11:08:09,345 INFO o.a.j.r.p.AbstractSampleConsumer: class org.apache.jmeter.report.processor.graph.impl.ResponseTimeDistributionGraphConsumer#stopProducing(): responseTimeDistribution produced 0 samples
2021-07-23 11:08:09,346 INFO o.a.j.r.p.AbstractSampleConsumer: class org.apache.jmeter.report.processor.graph.impl.TransactionsPerSecondGraphConsumer#stopProducing(): transactionsPerSecond produced 0 samples
2021-07-23 11:08:09,347 INFO o.a.j.r.p.AbstractSampleConsumer: class org.apache.jmeter.report.processor.graph.impl.ResponseTimePercentilesGraphConsumer#stopProducing(): responseTimePercentiles produced 0 samples
2021-07-23 11:08:09,395 INFO o.a.j.r.p.AbstractSampleConsumer: class org.apache.jmeter.report.processor.graph.impl.ResponseTimePercentilesOverTimeGraphConsumer#stopProducing(): responseTimePercentilesOverTime produced 0 samples
2021-07-23 11:08:09,395 INFO o.a.j.r.p.AbstractSampleConsumer: class org.apache.jmeter.report.processor.graph.impl.ResponseTimeOverTimeGraphConsumer#stopProducing(): responseTimesOverTime produced 0 samples
2021-07-23 11:08:09,396 INFO o.a.j.r.p.AbstractSampleConsumer: class org.apache.jmeter.report.processor.graph.impl.ConnectTimeOverTimeGraphConsumer#stopProducing(): connectTimeOverTime produced 0 samples
2021-07-23 11:08:09,396 INFO o.a.j.r.p.AbstractSampleConsumer: class org.apache.jmeter.report.processor.graph.impl.LatencyOverTimeGraphConsumer#stopProducing(): latenciesOverTime produced 0 samples
2021-07-23 11:08:09,397 INFO o.a.j.r.p.AbstractSampleConsumer: class org.apache.jmeter.report.processor.FilterConsumer#stopProducing(): nameFilter produced 2115 samples
2021-07-23 11:08:09,397 INFO o.a.j.r.p.AbstractSampleConsumer: class org.apache.jmeter.report.processor.FilterConsumer#stopProducing(): dateRangeFilter produced 423 samples
2021-07-23 11:08:09,397 INFO o.a.j.r.p.AbstractSampleConsumer: class org.apache.jmeter.report.processor.NormalizerSampleConsumer#stopProducing(): normalizer produced 141 samples
2021-07-23 11:08:09,398 INFO o.a.j.r.p.CsvFileSampleSource: produce(): 141 samples produced in 174ms on channel 0
2021-07-23 11:08:09,398 INFO o.a.j.r.d.ReportGenerator: Exporting data using exporter:'json' of className:'org.apache.jmeter.report.dashboard.JsonExporter'
2021-07-23 11:08:09,401 INFO o.a.j.r.d.JsonExporter: Found data for consumer statisticsSummary in context
2021-07-23 11:08:09,401 INFO o.a.j.r.d.JsonExporter: Creating statistics for overall
2021-07-23 11:08:09,401 INFO o.a.j.r.d.JsonExporter: Creating statistics for other transactions
2021-07-23 11:08:09,402 INFO o.a.j.r.d.JsonExporter: Checking output folder
2021-07-23 11:08:09,404 INFO o.a.j.r.d.JsonExporter: Writing statistics JSON to C:\xampp\htdocs\performance\L0_iContract_1_MultipleBUsAuthoringContract_2021-07-23_21\statistics.json
2021-07-23 11:08:09,704 INFO o.a.j.r.d.ReportGenerator: Exporting data using exporter:'html' of className:'org.apache.jmeter.report.dashboard.HtmlTemplateExporter'
2021-07-23 11:08:09,707 INFO o.a.j.r.d.HtmlTemplateExporter: Will generate dashboard in folder: C:\xampp\htdocs\performance\L0_iContract_1_MultipleBUsAuthoringContract_2021-07-23_21
2021-07-23 11:08:10,640 INFO o.a.j.r.d.HtmlTemplateExporter: Report will be generated in: C:\xampp\htdocs\performance\L0_iContract_1_MultipleBUsAuthoringContract_2021-07-23_21, creating folder structure
2021-07-23 11:08:10,654 INFO o.a.j.r.d.TemplateVisitor: Copying folder from 'D:\apache-jmeter-5.1\apache-jmeter-5.1\bin\report-template' to 'C:\xampp\htdocs\performance\L0_iContract_1_MultipleBUsAuthoringContract_2021-07-23_21', got message:[C:\xampp\htdocs\performance\L0_iContract_1_MultipleBUsAuthoringContract_2021-07-23_21\statistics.json], found non empty folder with following content {}, will be ignored
2021-07-23 11:08:12,845 INFO o.a.j.JMeter: Dashboard generated
