2021-07-23 14:55:11,812 INFO o.a.j.u.JMeterUtils: Setting Locale to en_EN
2021-07-23 14:55:11,823 INFO o.a.j.JMeter: Loading user properties from: user.properties
2021-07-23 14:55:11,823 INFO o.a.j.JMeter: Loading system properties from: system.properties
2021-07-23 14:55:11,824 INFO o.a.j.JMeter: Setting JMeter property: meter.reportgenerator.report_title=MultipleBUsAuthoringContract
2021-07-23 14:55:11,824 INFO o.a.j.JMeter: Setting JMeter property: thread=1
2021-07-23 14:55:11,824 INFO o.a.j.JMeter: Setting JMeter property: rampup=1
2021-07-23 14:55:11,824 INFO o.a.j.JMeter: Setting JMeter property: tenant=Partner_ZCS_Users
2021-07-23 14:55:11,829 INFO o.a.j.JMeter: Copyright (c) 1998-2019 The Apache Software Foundation
2021-07-23 14:55:11,829 INFO o.a.j.JMeter: Version 5.1 r1853635
2021-07-23 14:55:11,829 INFO o.a.j.JMeter: java.version=1.8.0_144
2021-07-23 14:55:11,829 INFO o.a.j.JMeter: java.vm.name=Java HotSpot(TM) 64-Bit Server VM
2021-07-23 14:55:11,829 INFO o.a.j.JMeter: os.name=Windows 10
2021-07-23 14:55:11,829 INFO o.a.j.JMeter: os.arch=amd64
2021-07-23 14:55:11,829 INFO o.a.j.JMeter: os.version=10.0
2021-07-23 14:55:11,829 INFO o.a.j.JMeter: file.encoding=Cp1252
2021-07-23 14:55:11,829 INFO o.a.j.JMeter: java.awt.headless=true
2021-07-23 14:55:11,829 INFO o.a.j.JMeter: Max memory     =8589934592
2021-07-23 14:55:11,829 INFO o.a.j.JMeter: Available Processors =4
2021-07-23 14:55:11,833 INFO o.a.j.JMeter: Default Locale=English (EN)
2021-07-23 14:55:11,833 INFO o.a.j.JMeter: JMeter  Locale=English (EN)
2021-07-23 14:55:11,833 INFO o.a.j.JMeter: JMeterHome=D:\apache-jmeter-5.1\apache-jmeter-5.1
2021-07-23 14:55:11,833 INFO o.a.j.JMeter: user.dir  =D:\apache-jmeter-5.1\apache-jmeter-5.1\bin
2021-07-23 14:55:11,834 INFO o.a.j.JMeter: PWD       =D:\apache-jmeter-5.1\apache-jmeter-5.1\bin
2021-07-23 14:55:11,835 INFO o.a.j.JMeter: IP: 192.168.35.159 Name: ZIPLSY1584 FullName: host.docker.internal
2021-07-23 14:55:11,837 INFO o.a.j.JMeter: Setting property 'jmeter.reportgenerator.outputdir' to:'C:\xampp\htdocs\performance\L0_iContract_1_MultipleBUsAuthoringContract_2021-07-23_26'
2021-07-23 14:55:11,839 INFO o.a.j.s.FileServer: Default base='D:\apache-jmeter-5.1\apache-jmeter-5.1\bin'
2021-07-23 14:55:11,842 INFO o.a.j.s.FileServer: Set new base='D:\PEAutomation\Partner\iContract'
2021-07-23 14:55:11,943 INFO o.a.j.s.SaveService: Testplan (JMX) version: 2.2. Testlog (JTL) version: 2.2
2021-07-23 14:55:11,954 INFO o.a.j.s.SaveService: Using SaveService properties file encoding UTF-8
2021-07-23 14:55:11,959 INFO o.a.j.s.SaveService: Using SaveService properties version 5.0
2021-07-23 14:55:11,963 INFO o.a.j.s.SaveService: Loading file: D:\PEAutomation\Partner\iContract\L0_iContract_MultipleBUsAuthoringContract.jmx
2021-07-23 14:55:12,013 INFO o.a.j.p.h.c.CookieManager: Settings: Delete null: true Check: true Allow variable: true Save: false Prefix: COOKIE_
2021-07-23 14:55:12,018 INFO o.a.j.p.h.c.CacheManager: Will only cache the following methods: [GET]
2021-07-23 14:55:12,027 INFO o.a.j.p.h.s.HTTPSamplerBase: Parser for text/html is org.apache.jmeter.protocol.http.parser.LagartoBasedHtmlParser
2021-07-23 14:55:12,027 INFO o.a.j.p.h.s.HTTPSamplerBase: Parser for application/xhtml+xml is org.apache.jmeter.protocol.http.parser.LagartoBasedHtmlParser
2021-07-23 14:55:12,027 INFO o.a.j.p.h.s.HTTPSamplerBase: Parser for application/xml is org.apache.jmeter.protocol.http.parser.LagartoBasedHtmlParser
2021-07-23 14:55:12,027 INFO o.a.j.p.h.s.HTTPSamplerBase: Parser for text/xml is org.apache.jmeter.protocol.http.parser.LagartoBasedHtmlParser
2021-07-23 14:55:12,027 INFO o.a.j.p.h.s.HTTPSamplerBase: Parser for text/vnd.wap.wml is org.apache.jmeter.protocol.http.parser.RegexpHTMLParser
2021-07-23 14:55:12,027 INFO o.a.j.p.h.s.HTTPSamplerBase: Parser for text/css is org.apache.jmeter.protocol.http.parser.CssParser
2021-07-23 14:55:12,197 INFO o.a.j.JMeter: Creating summariser <summary>
2021-07-23 14:55:12,202 INFO o.a.j.r.d.ReportGenerator: ReportGenerator will use for Parsing the separator: ','
2021-07-23 14:55:12,202 INFO o.a.j.r.d.ReportGenerator: Will generate report at end of test from  results file: D:\PEAutomation\Partner\iContract\JTL\L0_iContract_1_MultipleBUsAuthoringContract_2021-07-23_26.jtl
2021-07-23 14:55:12,202 INFO o.a.j.r.d.ReportGenerator: Reading report generator properties from: D:\apache-jmeter-5.1\apache-jmeter-5.1\bin\reportgenerator.properties
2021-07-23 14:55:12,203 INFO o.a.j.r.d.ReportGenerator: Merging with JMeter properties
2021-07-23 14:55:12,209 INFO o.a.j.r.c.ReportGeneratorConfiguration: Property 'jmeter.reportgenerator.temp_dir' not found, using default value 'temp' instead.
2021-07-23 14:55:12,212 INFO o.a.j.r.c.ReportGeneratorConfiguration: Property 'jmeter.reportgenerator.apdex_per_transaction' not found, using default value 'null' instead.
2021-07-23 14:55:12,212 INFO o.a.j.r.c.ReportGeneratorConfiguration: apdex_per_transaction : {} is empty, not APDEX per transaction customization
2021-07-23 14:55:12,212 INFO o.a.j.r.c.ReportGeneratorConfiguration: Property 'jmeter.reportgenerator.sample_filter' not found, using default value 'null' instead.
2021-07-23 14:55:12,212 INFO o.a.j.r.c.ReportGeneratorConfiguration: Property 'jmeter.reportgenerator.report_title' not found, using default value 'null' instead.
2021-07-23 14:55:12,212 INFO o.a.j.r.c.ReportGeneratorConfiguration: Property 'jmeter.reportgenerator.start_date' not found, using default value 'null' instead.
2021-07-23 14:55:12,212 INFO o.a.j.r.c.ReportGeneratorConfiguration: Property 'jmeter.reportgenerator.end_date' not found, using default value 'null' instead.
2021-07-23 14:55:12,212 INFO o.a.j.r.c.ReportGeneratorConfiguration: Property 'jmeter.reportgenerator.date_format' not found, using default value 'null' instead.
2021-07-23 14:55:12,213 INFO o.a.j.r.c.ReportGeneratorConfiguration: Will use date range start date: null, end date: null
2021-07-23 14:55:12,216 INFO o.a.j.r.c.ReportGeneratorConfiguration: Property 'jmeter.reportgenerator.graph.totalTPS.exclude_controllers' not found, using default value 'false' instead.
2021-07-23 14:55:12,216 INFO o.a.j.r.c.ReportGeneratorConfiguration: Property 'jmeter.reportgenerator.graph.activeThreadsOverTime.exclude_controllers' not found, using default value 'false' instead.
2021-07-23 14:55:12,217 INFO o.a.j.r.c.ReportGeneratorConfiguration: Property 'jmeter.reportgenerator.graph.timeVsThreads.exclude_controllers' not found, using default value 'false' instead.
2021-07-23 14:55:12,217 INFO o.a.j.r.c.ReportGeneratorConfiguration: Property 'jmeter.reportgenerator.graph.responseTimeDistribution.exclude_controllers' not found, using default value 'false' instead.
2021-07-23 14:55:12,217 INFO o.a.j.r.c.ReportGeneratorConfiguration: Property 'jmeter.reportgenerator.graph.transactionsPerSecond.exclude_controllers' not found, using default value 'false' instead.
2021-07-23 14:55:12,217 INFO o.a.j.r.c.ReportGeneratorConfiguration: Property 'jmeter.reportgenerator.graph.responseTimePercentiles.exclude_controllers' not found, using default value 'false' instead.
2021-07-23 14:55:12,217 INFO o.a.j.r.c.ReportGeneratorConfiguration: Property 'jmeter.reportgenerator.graph.responseTimePercentilesOverTime.exclude_controllers' not found, using default value 'false' instead.
2021-07-23 14:55:12,217 INFO o.a.j.r.c.ReportGeneratorConfiguration: Property 'jmeter.reportgenerator.graph.responseTimesOverTime.exclude_controllers' not found, using default value 'false' instead.
2021-07-23 14:55:12,217 INFO o.a.j.r.c.ReportGeneratorConfiguration: Property 'jmeter.reportgenerator.graph.connectTimeOverTime.exclude_controllers' not found, using default value 'false' instead.
2021-07-23 14:55:12,217 INFO o.a.j.r.c.ReportGeneratorConfiguration: Property 'jmeter.reportgenerator.graph.latenciesOverTime.exclude_controllers' not found, using default value 'false' instead.
2021-07-23 14:55:12,218 INFO o.a.j.r.c.ReportGeneratorConfiguration: Property 'jmeter.reportgenerator.exporter.json.filters_only_sample_series' not found, using default value 'true' instead.
2021-07-23 14:55:12,218 INFO o.a.j.r.c.ReportGeneratorConfiguration: Property 'jmeter.reportgenerator.exporter.json.series_filter' not found, using default value '' instead.
2021-07-23 14:55:12,219 INFO o.a.j.r.c.ReportGeneratorConfiguration: Property 'jmeter.reportgenerator.exporter.json.show_controllers_only' not found, using default value 'false' instead.
2021-07-23 14:55:12,219 INFO o.a.j.r.c.ReportGeneratorConfiguration: Property 'jmeter.reportgenerator.exporter.html.filters_only_sample_series' not found, using default value 'true' instead.
2021-07-23 14:55:12,219 INFO o.a.j.r.c.ReportGeneratorConfiguration: Property 'jmeter.reportgenerator.exporter.html.series_filter' not found, using default value '' instead.
2021-07-23 14:55:12,219 INFO o.a.j.r.c.ReportGeneratorConfiguration: Property 'jmeter.reportgenerator.exporter.html.show_controllers_only' not found, using default value 'false' instead.
2021-07-23 14:55:12,223 INFO o.a.j.e.StandardJMeterEngine: Running the test!
2021-07-23 14:55:12,229 INFO o.a.j.s.SampleEvent: List of sample_variables: []
2021-07-23 14:55:12,230 INFO o.a.j.s.SampleEvent: List of sample_variables: []
2021-07-23 14:55:12,236 INFO o.a.j.e.u.CompoundVariable: Note: Function class names must contain the string: '.functions.'
2021-07-23 14:55:12,237 INFO o.a.j.e.u.CompoundVariable: Note: Function class names must not contain the string: '.gui.'
2021-07-23 14:55:12,771 INFO o.a.j.JMeter: Running test (1627032312770)
2021-07-23 14:55:12,869 INFO o.a.j.e.StandardJMeterEngine: Starting ThreadGroup: 1 : MultipleBUsAuthoringContract
2021-07-23 14:55:12,869 INFO o.a.j.e.StandardJMeterEngine: Starting 1 threads for group MultipleBUsAuthoringContract.
2021-07-23 14:55:12,869 INFO o.a.j.e.StandardJMeterEngine: Thread will stop on error
2021-07-23 14:55:12,870 INFO o.a.j.t.ThreadGroup: Starting thread group... number=1 threads=1 ramp-up=1 perThread=1000.0 delayedStart=true
2021-07-23 14:55:12,870 INFO o.a.j.t.ThreadGroup: Started thread group number 1
2021-07-23 14:55:12,870 INFO o.a.j.e.StandardJMeterEngine: All thread groups have been started
2021-07-23 14:55:12,914 INFO o.a.j.s.SampleResult: Note: Sample TimeStamps are START times
2021-07-23 14:55:12,914 INFO o.a.j.s.SampleResult: sampleresult.default.encoding is set to ISO-8859-1
2021-07-23 14:55:12,914 INFO o.a.j.s.SampleResult: sampleresult.useNanoTime=true
2021-07-23 14:55:12,914 INFO o.a.j.s.SampleResult: sampleresult.nanoThreadSleep=5000
2021-07-23 14:55:12,921 INFO o.a.j.t.JMeterThread: Thread started: MultipleBUsAuthoringContract 1-1
2021-07-23 14:55:12,922 INFO o.a.j.c.LoopController: iterationStart called on 3# Loop Controller for Suggested Action-Autho with source org.apache.jmeter.control.LoopController@b744c79 and iteration 1
2021-07-23 14:55:12,923 INFO o.a.j.s.FileServer: Stored: D:/apache-jmeter-5.1/apache-jmeter-5.1/bin/Files/Partner_ZCS_Users.csv
2021-07-23 14:55:12,938 INFO o.a.j.p.h.s.HTTPHCAbstractImpl: Local host = ZIPLSY1584
2021-07-23 14:55:12,948 INFO o.a.j.p.h.s.HTTPHC4Impl: HTTP request retry count = 0
2021-07-23 14:55:13,008 INFO o.a.j.p.h.s.h.LazyLayeredConnectionSocketFactory: Setting up HTTPS TrustAll Socket Factory
2021-07-23 14:55:13,013 INFO o.a.j.u.JsseSSLManager: Using default SSL protocol: TLS
2021-07-23 14:55:13,013 INFO o.a.j.u.JsseSSLManager: SSL session context: per-thread
2021-07-23 14:55:13,484 INFO o.a.j.u.SSLManager: JmeterKeyStore Location:  type JKS
2021-07-23 14:55:13,486 INFO o.a.j.u.SSLManager: KeyStore created OK
2021-07-23 14:55:13,486 WARN o.a.j.u.SSLManager: Keystore file not found, loading empty keystore
2021-07-23 14:55:30,547 INFO o.a.j.r.Summariser: summary +     22 in 00:00:18 =    1.2/s Avg:   701 Min:   273 Max:  1596 Err:     0 (0.00%) Active: 1 Started: 1 Finished: 0
2021-07-23 14:56:00,278 INFO o.a.j.r.Summariser: summary +     31 in 00:00:30 =    1.0/s Avg:   630 Min:   336 Max:  2788 Err:     0 (0.00%) Active: 1 Started: 1 Finished: 0
2021-07-23 14:56:00,279 INFO o.a.j.r.Summariser: summary =     53 in 00:00:48 =    1.1/s Avg:   660 Min:   273 Max:  2788 Err:     0 (0.00%)
2021-07-23 14:56:12,277 ERROR o.a.j.u.BeanShellInterpreter: Error invoking bsh method: eval	Sourced file: inline evaluation of: ``String totalRecords = vars.get("totalRecords"); String perpage = vars.get("perpa . . . '' : Typed variable declaration : Method Invocation Integer.parseInt
2021-07-23 14:56:12,277 WARN o.a.j.e.BeanShellPostProcessor: Problem in BeanShell script: org.apache.jorphan.util.JMeterException: Error invoking bsh method: eval	Sourced file: inline evaluation of: ``String totalRecords = vars.get("totalRecords"); String perpage = vars.get("perpa . . . '' : Typed variable declaration : Method Invocation Integer.parseInt
2021-07-23 14:56:30,393 INFO o.a.j.r.Summariser: summary +     29 in 00:00:30 =    1.0/s Avg:   681 Min:   385 Max:  1836 Err:     0 (0.00%) Active: 1 Started: 1 Finished: 0
2021-07-23 14:56:30,393 INFO o.a.j.r.Summariser: summary =     82 in 00:01:18 =    1.1/s Avg:   667 Min:   273 Max:  2788 Err:     0 (0.00%)
2021-07-23 14:56:50,393 INFO o.a.j.t.JMeterThread: Thread is done: MultipleBUsAuthoringContract 1-1
2021-07-23 14:56:50,393 INFO o.a.j.t.JMeterThread: Thread finished: MultipleBUsAuthoringContract 1-1
2021-07-23 14:56:50,394 INFO o.a.j.e.StandardJMeterEngine: Notifying test listeners of end of test
2021-07-23 14:56:50,395 INFO o.a.j.s.FileServer: Close: D:/apache-jmeter-5.1/apache-jmeter-5.1/bin/Files/Partner_ZCS_Users.csv
2021-07-23 14:56:50,396 INFO o.a.j.r.Summariser: summary +     15 in 00:00:20 =    0.7/s Avg:   718 Min:   349 Max:  2099 Err:     0 (0.00%) Active: 0 Started: 1 Finished: 1
2021-07-23 14:56:50,396 INFO o.a.j.r.Summariser: summary =     97 in 00:01:38 =    1.0/s Avg:   675 Min:   273 Max:  2788 Err:     0 (0.00%)
2021-07-23 14:56:50,396 INFO o.a.j.JMeter: Generating Dashboard
2021-07-23 14:56:50,397 INFO o.a.j.r.d.ReportGenerator: Flushing result collector before report Generation
2021-07-23 14:56:50,409 INFO o.a.j.r.p.NormalizerSampleConsumer: Using format, 'ms', to parse timeStamp field
2021-07-23 14:56:50,487 INFO o.a.j.r.p.AbstractSampleConsumer: class org.apache.jmeter.report.processor.AggregateConsumer#stopProducing(): beginDate produced 0 samples
2021-07-23 14:56:50,487 INFO o.a.j.r.p.AbstractSampleConsumer: class org.apache.jmeter.report.processor.AggregateConsumer#stopProducing(): endDate produced 0 samples
2021-07-23 14:56:50,489 INFO o.a.j.r.p.AbstractSampleConsumer: class org.apache.jmeter.report.processor.ApdexSummaryConsumer#stopProducing(): apdexSummary produced 0 samples
2021-07-23 14:56:50,489 INFO o.a.j.r.p.AbstractSampleConsumer: class org.apache.jmeter.report.processor.RequestsSummaryConsumer#stopProducing(): requestsSummary produced 0 samples
2021-07-23 14:56:50,494 INFO o.a.j.r.p.AbstractSampleConsumer: class org.apache.jmeter.report.processor.StatisticsSummaryConsumer#stopProducing(): statisticsSummary produced 0 samples
2021-07-23 14:56:50,498 INFO o.a.j.r.p.AbstractSampleConsumer: class org.apache.jmeter.report.processor.Top5ErrorsBySamplerConsumer#stopProducing(): top5ErrorsBySampler produced 0 samples
2021-07-23 14:56:50,498 INFO o.a.j.r.p.AbstractSampleConsumer: class org.apache.jmeter.report.processor.ErrorsSummaryConsumer#stopProducing(): errorsSummary produced 0 samples
2021-07-23 14:56:50,498 INFO o.a.j.r.p.AbstractSampleConsumer: class org.apache.jmeter.report.processor.graph.impl.HitsPerSecondGraphConsumer#stopProducing(): hitsPerSecond produced 0 samples
2021-07-23 14:56:50,502 INFO o.a.j.r.p.AbstractSampleConsumer: class org.apache.jmeter.report.processor.graph.impl.LatencyVSRequestGraphConsumer#stopProducing(): latencyVsRequest produced 0 samples
2021-07-23 14:56:50,502 INFO o.a.j.r.p.AbstractSampleConsumer: class org.apache.jmeter.report.processor.graph.impl.SyntheticResponseTimeDistributionGraphConsumer#stopProducing(): syntheticResponseTimeDistribution produced 0 samples
2021-07-23 14:56:50,503 INFO o.a.j.r.p.AbstractSampleConsumer: class org.apache.jmeter.report.processor.graph.impl.BytesThroughputGraphConsumer#stopProducing(): bytesThroughputOverTime produced 0 samples
2021-07-23 14:56:50,503 INFO o.a.j.r.p.AbstractSampleConsumer: class org.apache.jmeter.report.processor.graph.impl.CodesPerSecondGraphConsumer#stopProducing(): codesPerSecond produced 0 samples
2021-07-23 14:56:50,511 INFO o.a.j.r.p.AbstractSampleConsumer: class org.apache.jmeter.report.processor.graph.impl.ResponseTimeVSRequestGraphConsumer#stopProducing(): responseTimeVsRequest produced 0 samples
2021-07-23 14:56:50,511 INFO o.a.j.r.p.AbstractSampleConsumer: class org.apache.jmeter.report.processor.FilterConsumer#stopProducing(): startIntervalControlerFilter produced 679 samples
2021-07-23 14:56:50,511 INFO o.a.j.r.p.AbstractSampleConsumer: class org.apache.jmeter.report.processor.graph.impl.TotalTPSGraphConsumer#stopProducing(): totalTPS produced 0 samples
2021-07-23 14:56:50,512 INFO o.a.j.r.p.AbstractSampleConsumer: class org.apache.jmeter.report.processor.graph.impl.ActiveThreadsGraphConsumer#stopProducing(): activeThreadsOverTime produced 0 samples
2021-07-23 14:56:50,512 INFO o.a.j.r.p.AbstractSampleConsumer: class org.apache.jmeter.report.processor.graph.impl.TimeVSThreadGraphConsumer#stopProducing(): timeVsThreads produced 0 samples
2021-07-23 14:56:50,518 INFO o.a.j.r.p.AbstractSampleConsumer: class org.apache.jmeter.report.processor.graph.impl.ResponseTimeDistributionGraphConsumer#stopProducing(): responseTimeDistribution produced 0 samples
2021-07-23 14:56:50,519 INFO o.a.j.r.p.AbstractSampleConsumer: class org.apache.jmeter.report.processor.graph.impl.TransactionsPerSecondGraphConsumer#stopProducing(): transactionsPerSecond produced 0 samples
2021-07-23 14:56:50,520 INFO o.a.j.r.p.AbstractSampleConsumer: class org.apache.jmeter.report.processor.graph.impl.ResponseTimePercentilesGraphConsumer#stopProducing(): responseTimePercentiles produced 0 samples
2021-07-23 14:56:50,536 INFO o.a.j.r.p.AbstractSampleConsumer: class org.apache.jmeter.report.processor.graph.impl.ResponseTimePercentilesOverTimeGraphConsumer#stopProducing(): responseTimePercentilesOverTime produced 0 samples
2021-07-23 14:56:50,537 INFO o.a.j.r.p.AbstractSampleConsumer: class org.apache.jmeter.report.processor.graph.impl.ResponseTimeOverTimeGraphConsumer#stopProducing(): responseTimesOverTime produced 0 samples
2021-07-23 14:56:50,537 INFO o.a.j.r.p.AbstractSampleConsumer: class org.apache.jmeter.report.processor.graph.impl.ConnectTimeOverTimeGraphConsumer#stopProducing(): connectTimeOverTime produced 0 samples
2021-07-23 14:56:50,537 INFO o.a.j.r.p.AbstractSampleConsumer: class org.apache.jmeter.report.processor.graph.impl.LatencyOverTimeGraphConsumer#stopProducing(): latenciesOverTime produced 0 samples
2021-07-23 14:56:50,538 INFO o.a.j.r.p.AbstractSampleConsumer: class org.apache.jmeter.report.processor.FilterConsumer#stopProducing(): nameFilter produced 2115 samples
2021-07-23 14:56:50,538 INFO o.a.j.r.p.AbstractSampleConsumer: class org.apache.jmeter.report.processor.FilterConsumer#stopProducing(): dateRangeFilter produced 423 samples
2021-07-23 14:56:50,538 INFO o.a.j.r.p.AbstractSampleConsumer: class org.apache.jmeter.report.processor.NormalizerSampleConsumer#stopProducing(): normalizer produced 141 samples
2021-07-23 14:56:50,539 INFO o.a.j.r.p.CsvFileSampleSource: produce(): 141 samples produced in 110ms on channel 0
2021-07-23 14:56:50,539 INFO o.a.j.r.d.ReportGenerator: Exporting data using exporter:'json' of className:'org.apache.jmeter.report.dashboard.JsonExporter'
2021-07-23 14:56:50,541 INFO o.a.j.r.d.JsonExporter: Found data for consumer statisticsSummary in context
2021-07-23 14:56:50,541 INFO o.a.j.r.d.JsonExporter: Creating statistics for overall
2021-07-23 14:56:50,541 INFO o.a.j.r.d.JsonExporter: Creating statistics for other transactions
2021-07-23 14:56:50,542 INFO o.a.j.r.d.JsonExporter: Checking output folder
2021-07-23 14:56:50,543 INFO o.a.j.r.d.JsonExporter: Writing statistics JSON to C:\xampp\htdocs\performance\L0_iContract_1_MultipleBUsAuthoringContract_2021-07-23_26\statistics.json
2021-07-23 14:56:50,688 INFO o.a.j.r.d.ReportGenerator: Exporting data using exporter:'html' of className:'org.apache.jmeter.report.dashboard.HtmlTemplateExporter'
2021-07-23 14:56:50,691 INFO o.a.j.r.d.HtmlTemplateExporter: Will generate dashboard in folder: C:\xampp\htdocs\performance\L0_iContract_1_MultipleBUsAuthoringContract_2021-07-23_26
2021-07-23 14:56:50,919 INFO o.a.j.r.d.HtmlTemplateExporter: Report will be generated in: C:\xampp\htdocs\performance\L0_iContract_1_MultipleBUsAuthoringContract_2021-07-23_26, creating folder structure
2021-07-23 14:56:50,923 INFO o.a.j.r.d.TemplateVisitor: Copying folder from 'D:\apache-jmeter-5.1\apache-jmeter-5.1\bin\report-template' to 'C:\xampp\htdocs\performance\L0_iContract_1_MultipleBUsAuthoringContract_2021-07-23_26', got message:[C:\xampp\htdocs\performance\L0_iContract_1_MultipleBUsAuthoringContract_2021-07-23_26\statistics.json], found non empty folder with following content {}, will be ignored
2021-07-23 14:56:52,117 INFO o.a.j.JMeter: Dashboard generated
