2021-07-28 14:05:30,486 INFO o.a.j.u.JMeterUtils: Setting Locale to en_EN
2021-07-28 14:05:30,496 INFO o.a.j.JMeter: Loading user properties from: user.properties
2021-07-28 14:05:30,496 INFO o.a.j.JMeter: Loading system properties from: system.properties
2021-07-28 14:05:30,496 INFO o.a.j.JMeter: Setting JMeter property: meter.reportgenerator.report_title=AddingMultipleContractingParties
2021-07-28 14:05:30,496 INFO o.a.j.JMeter: Setting JMeter property: thread=1
2021-07-28 14:05:30,496 INFO o.a.j.JMeter: Setting JMeter property: rampup=1
2021-07-28 14:05:30,496 INFO o.a.j.JMeter: Setting JMeter property: tenant=Partner_ZCS_Users
2021-07-28 14:05:30,500 INFO o.a.j.JMeter: Copyright (c) 1998-2019 The Apache Software Foundation
2021-07-28 14:05:30,500 INFO o.a.j.JMeter: Version 5.1 r1853635
2021-07-28 14:05:30,500 INFO o.a.j.JMeter: java.version=1.8.0_121
2021-07-28 14:05:30,500 INFO o.a.j.JMeter: java.vm.name=Java HotSpot(TM) 64-Bit Server VM
2021-07-28 14:05:30,500 INFO o.a.j.JMeter: os.name=Windows 10
2021-07-28 14:05:30,500 INFO o.a.j.JMeter: os.arch=amd64
2021-07-28 14:05:30,500 INFO o.a.j.JMeter: os.version=10.0
2021-07-28 14:05:30,500 INFO o.a.j.JMeter: file.encoding=Cp1252
2021-07-28 14:05:30,500 INFO o.a.j.JMeter: java.awt.headless=true
2021-07-28 14:05:30,500 INFO o.a.j.JMeter: Max memory     =8589934592
2021-07-28 14:05:30,500 INFO o.a.j.JMeter: Available Processors =6
2021-07-28 14:05:30,503 INFO o.a.j.JMeter: Default Locale=English (EN)
2021-07-28 14:05:30,503 INFO o.a.j.JMeter: JMeter  Locale=English (EN)
2021-07-28 14:05:30,503 INFO o.a.j.JMeter: JMeterHome=D:\apache-jmeter-5.1\apache-jmeter-5.1
2021-07-28 14:05:30,503 INFO o.a.j.JMeter: user.dir  =D:\apache-jmeter-5.1\apache-jmeter-5.1\bin
2021-07-28 14:05:30,503 INFO o.a.j.JMeter: PWD       =D:\apache-jmeter-5.1\apache-jmeter-5.1\bin
2021-07-28 14:05:30,504 INFO o.a.j.JMeter: IP: 172.30.225.123 Name: ZIPLSY2278 FullName: ZIPLSY2278.zycus.net
2021-07-28 14:05:30,506 INFO o.a.j.JMeter: Setting property 'jmeter.reportgenerator.outputdir' to:'C:\xampp\htdocs\POC\L0_iContract_1_AddingMultipleContractingParties_2021-07-28_26'
2021-07-28 14:05:30,508 INFO o.a.j.s.FileServer: Default base='D:\apache-jmeter-5.1\apache-jmeter-5.1\bin'
2021-07-28 14:05:30,510 INFO o.a.j.s.FileServer: Set new base='D:\PEAutomation\Partner\iContract'
2021-07-28 14:05:30,602 INFO o.a.j.s.SaveService: Testplan (JMX) version: 2.2. Testlog (JTL) version: 2.2
2021-07-28 14:05:30,611 INFO o.a.j.s.SaveService: Using SaveService properties file encoding UTF-8
2021-07-28 14:05:30,615 INFO o.a.j.s.SaveService: Using SaveService properties version 5.0
2021-07-28 14:05:30,619 INFO o.a.j.s.SaveService: Loading file: D:\PEAutomation\Partner\iContract\L0_iContract_AddingMultipleContractingParties.jmx
2021-07-28 14:05:30,659 INFO o.a.j.p.h.c.CookieManager: Settings: Delete null: true Check: true Allow variable: true Save: false Prefix: COOKIE_
2021-07-28 14:05:30,662 INFO o.a.j.p.h.c.CacheManager: Will only cache the following methods: [GET]
2021-07-28 14:05:30,670 INFO o.a.j.p.h.s.HTTPSamplerBase: Parser for text/html is org.apache.jmeter.protocol.http.parser.LagartoBasedHtmlParser
2021-07-28 14:05:30,670 INFO o.a.j.p.h.s.HTTPSamplerBase: Parser for application/xhtml+xml is org.apache.jmeter.protocol.http.parser.LagartoBasedHtmlParser
2021-07-28 14:05:30,670 INFO o.a.j.p.h.s.HTTPSamplerBase: Parser for application/xml is org.apache.jmeter.protocol.http.parser.LagartoBasedHtmlParser
2021-07-28 14:05:30,670 INFO o.a.j.p.h.s.HTTPSamplerBase: Parser for text/xml is org.apache.jmeter.protocol.http.parser.LagartoBasedHtmlParser
2021-07-28 14:05:30,670 INFO o.a.j.p.h.s.HTTPSamplerBase: Parser for text/vnd.wap.wml is org.apache.jmeter.protocol.http.parser.RegexpHTMLParser
2021-07-28 14:05:30,670 INFO o.a.j.p.h.s.HTTPSamplerBase: Parser for text/css is org.apache.jmeter.protocol.http.parser.CssParser
2021-07-28 14:05:30,804 INFO o.a.j.JMeter: Creating summariser <summary>
2021-07-28 14:05:30,808 INFO o.a.j.r.d.ReportGenerator: ReportGenerator will use for Parsing the separator: ','
2021-07-28 14:05:30,808 INFO o.a.j.r.d.ReportGenerator: Will generate report at end of test from  results file: D:\PEAutomation\Partner\iContract\JTL\L0_iContract_1_AddingMultipleContractingParties_2021-07-28_26.jtl
2021-07-28 14:05:30,808 INFO o.a.j.r.d.ReportGenerator: Reading report generator properties from: D:\apache-jmeter-5.1\apache-jmeter-5.1\bin\reportgenerator.properties
2021-07-28 14:05:30,809 INFO o.a.j.r.d.ReportGenerator: Merging with JMeter properties
2021-07-28 14:05:30,813 INFO o.a.j.r.c.ReportGeneratorConfiguration: Property 'jmeter.reportgenerator.temp_dir' not found, using default value 'temp' instead.
2021-07-28 14:05:30,815 INFO o.a.j.r.c.ReportGeneratorConfiguration: Property 'jmeter.reportgenerator.apdex_per_transaction' not found, using default value 'null' instead.
2021-07-28 14:05:30,815 INFO o.a.j.r.c.ReportGeneratorConfiguration: apdex_per_transaction : {} is empty, not APDEX per transaction customization
2021-07-28 14:05:30,815 INFO o.a.j.r.c.ReportGeneratorConfiguration: Property 'jmeter.reportgenerator.sample_filter' not found, using default value 'null' instead.
2021-07-28 14:05:30,815 INFO o.a.j.r.c.ReportGeneratorConfiguration: Property 'jmeter.reportgenerator.report_title' not found, using default value 'null' instead.
2021-07-28 14:05:30,815 INFO o.a.j.r.c.ReportGeneratorConfiguration: Property 'jmeter.reportgenerator.start_date' not found, using default value 'null' instead.
2021-07-28 14:05:30,815 INFO o.a.j.r.c.ReportGeneratorConfiguration: Property 'jmeter.reportgenerator.end_date' not found, using default value 'null' instead.
2021-07-28 14:05:30,815 INFO o.a.j.r.c.ReportGeneratorConfiguration: Property 'jmeter.reportgenerator.date_format' not found, using default value 'null' instead.
2021-07-28 14:05:30,816 INFO o.a.j.r.c.ReportGeneratorConfiguration: Will use date range start date: null, end date: null
2021-07-28 14:05:30,820 INFO o.a.j.r.c.ReportGeneratorConfiguration: Property 'jmeter.reportgenerator.graph.totalTPS.exclude_controllers' not found, using default value 'false' instead.
2021-07-28 14:05:30,820 INFO o.a.j.r.c.ReportGeneratorConfiguration: Property 'jmeter.reportgenerator.graph.activeThreadsOverTime.exclude_controllers' not found, using default value 'false' instead.
2021-07-28 14:05:30,821 INFO o.a.j.r.c.ReportGeneratorConfiguration: Property 'jmeter.reportgenerator.graph.timeVsThreads.exclude_controllers' not found, using default value 'false' instead.
2021-07-28 14:05:30,821 INFO o.a.j.r.c.ReportGeneratorConfiguration: Property 'jmeter.reportgenerator.graph.responseTimeDistribution.exclude_controllers' not found, using default value 'false' instead.
2021-07-28 14:05:30,821 INFO o.a.j.r.c.ReportGeneratorConfiguration: Property 'jmeter.reportgenerator.graph.transactionsPerSecond.exclude_controllers' not found, using default value 'false' instead.
2021-07-28 14:05:30,821 INFO o.a.j.r.c.ReportGeneratorConfiguration: Property 'jmeter.reportgenerator.graph.responseTimePercentiles.exclude_controllers' not found, using default value 'false' instead.
2021-07-28 14:05:30,821 INFO o.a.j.r.c.ReportGeneratorConfiguration: Property 'jmeter.reportgenerator.graph.responseTimePercentilesOverTime.exclude_controllers' not found, using default value 'false' instead.
2021-07-28 14:05:30,821 INFO o.a.j.r.c.ReportGeneratorConfiguration: Property 'jmeter.reportgenerator.graph.responseTimesOverTime.exclude_controllers' not found, using default value 'false' instead.
2021-07-28 14:05:30,821 INFO o.a.j.r.c.ReportGeneratorConfiguration: Property 'jmeter.reportgenerator.graph.connectTimeOverTime.exclude_controllers' not found, using default value 'false' instead.
2021-07-28 14:05:30,821 INFO o.a.j.r.c.ReportGeneratorConfiguration: Property 'jmeter.reportgenerator.graph.latenciesOverTime.exclude_controllers' not found, using default value 'false' instead.
2021-07-28 14:05:30,822 INFO o.a.j.r.c.ReportGeneratorConfiguration: Property 'jmeter.reportgenerator.exporter.json.filters_only_sample_series' not found, using default value 'true' instead.
2021-07-28 14:05:30,822 INFO o.a.j.r.c.ReportGeneratorConfiguration: Property 'jmeter.reportgenerator.exporter.json.series_filter' not found, using default value '' instead.
2021-07-28 14:05:30,822 INFO o.a.j.r.c.ReportGeneratorConfiguration: Property 'jmeter.reportgenerator.exporter.json.show_controllers_only' not found, using default value 'false' instead.
2021-07-28 14:05:30,822 INFO o.a.j.r.c.ReportGeneratorConfiguration: Property 'jmeter.reportgenerator.exporter.html.filters_only_sample_series' not found, using default value 'true' instead.
2021-07-28 14:05:30,822 INFO o.a.j.r.c.ReportGeneratorConfiguration: Property 'jmeter.reportgenerator.exporter.html.series_filter' not found, using default value '' instead.
2021-07-28 14:05:30,822 INFO o.a.j.r.c.ReportGeneratorConfiguration: Property 'jmeter.reportgenerator.exporter.html.show_controllers_only' not found, using default value 'false' instead.
2021-07-28 14:05:30,825 INFO o.a.j.e.StandardJMeterEngine: Running the test!
2021-07-28 14:05:30,825 INFO o.a.j.s.SampleEvent: List of sample_variables: []
2021-07-28 14:05:30,826 INFO o.a.j.s.SampleEvent: List of sample_variables: []
2021-07-28 14:05:30,831 INFO o.a.j.e.u.CompoundVariable: Note: Function class names must contain the string: '.functions.'
2021-07-28 14:05:30,832 INFO o.a.j.e.u.CompoundVariable: Note: Function class names must not contain the string: '.gui.'
2021-07-28 14:05:31,130 INFO o.a.j.JMeter: Running test (1627461331130)
2021-07-28 14:05:31,190 INFO o.a.j.e.StandardJMeterEngine: Starting ThreadGroup: 1 : AddingMultipleContractingParties
2021-07-28 14:05:31,191 INFO o.a.j.e.StandardJMeterEngine: Starting 1 threads for group AddingMultipleContractingParties.
2021-07-28 14:05:31,191 INFO o.a.j.e.StandardJMeterEngine: Thread will stop on error
2021-07-28 14:05:31,191 INFO o.a.j.t.ThreadGroup: Starting thread group... number=1 threads=1 ramp-up=1 perThread=1000.0 delayedStart=true
2021-07-28 14:05:31,192 INFO o.a.j.t.ThreadGroup: Started thread group number 1
2021-07-28 14:05:31,192 INFO o.a.j.e.StandardJMeterEngine: All thread groups have been started
2021-07-28 14:05:31,226 INFO o.a.j.s.SampleResult: Note: Sample TimeStamps are START times
2021-07-28 14:05:31,226 INFO o.a.j.s.SampleResult: sampleresult.default.encoding is set to ISO-8859-1
2021-07-28 14:05:31,226 INFO o.a.j.s.SampleResult: sampleresult.useNanoTime=true
2021-07-28 14:05:31,226 INFO o.a.j.s.SampleResult: sampleresult.nanoThreadSleep=5000
2021-07-28 14:05:31,232 INFO o.a.j.t.JMeterThread: Thread started: AddingMultipleContractingParties 1-1
2021-07-28 14:05:31,233 INFO o.a.j.c.LoopController: iterationStart called on 3# Loop Controller for Suggested Action-Repo with source org.apache.jmeter.control.LoopController@1c0440ad and iteration 1
2021-07-28 14:05:31,233 INFO o.a.j.s.FileServer: Stored: D:/apache-jmeter-5.1/apache-jmeter-5.1/bin/Files/Partner_ZCS_Users.csv
2021-07-28 14:05:31,248 INFO o.a.j.p.h.s.HTTPHCAbstractImpl: Local host = ZIPLSY2278
2021-07-28 14:05:31,253 INFO o.a.j.p.h.s.HTTPHC4Impl: HTTP request retry count = 0
2021-07-28 14:05:31,307 INFO o.a.j.p.h.s.h.LazyLayeredConnectionSocketFactory: Setting up HTTPS TrustAll Socket Factory
2021-07-28 14:05:31,313 INFO o.a.j.u.JsseSSLManager: Using default SSL protocol: TLS
2021-07-28 14:05:31,313 INFO o.a.j.u.JsseSSLManager: SSL session context: per-thread
2021-07-28 14:05:31,868 INFO o.a.j.u.SSLManager: JmeterKeyStore Location:  type JKS
2021-07-28 14:05:31,870 INFO o.a.j.u.SSLManager: KeyStore created OK
2021-07-28 14:05:31,871 WARN o.a.j.u.SSLManager: Keystore file not found, loading empty keystore
2021-07-28 14:05:32,854 INFO o.a.j.r.Summariser: summary +      1 in 00:00:02 =    0.6/s Avg:  1573 Min:  1573 Max:  1573 Err:     0 (0.00%) Active: 1 Started: 1 Finished: 0
2021-07-28 14:06:00,270 INFO o.a.j.s.FileServer: Stored: D:\apache-jmeter-5.1\apache-jmeter-5.1\bin\Files\FinalVersionOfDay.docx
2021-07-28 14:06:02,099 INFO o.a.j.r.Summariser: summary +     47 in 00:00:29 =    1.6/s Avg:   425 Min:   230 Max:  1845 Err:     0 (0.00%) Active: 1 Started: 1 Finished: 0
2021-07-28 14:06:02,099 INFO o.a.j.r.Summariser: summary =     48 in 00:00:31 =    1.5/s Avg:   449 Min:   230 Max:  1845 Err:     0 (0.00%)
2021-07-28 14:06:31,816 INFO o.a.j.r.Summariser: summary +     28 in 00:00:30 =    0.9/s Avg:   735 Min:   256 Max:  8489 Err:     0 (0.00%) Active: 1 Started: 1 Finished: 0
2021-07-28 14:06:31,816 INFO o.a.j.r.Summariser: summary =     76 in 00:01:01 =    1.3/s Avg:   554 Min:   230 Max:  8489 Err:     0 (0.00%)
2021-07-28 14:06:43,681 INFO o.a.j.t.JMeterThread: Thread is done: AddingMultipleContractingParties 1-1
2021-07-28 14:06:43,681 INFO o.a.j.t.JMeterThread: Thread finished: AddingMultipleContractingParties 1-1
2021-07-28 14:06:43,682 INFO o.a.j.e.StandardJMeterEngine: Notifying test listeners of end of test
2021-07-28 14:06:43,683 INFO o.a.j.s.FileServer: Close: D:/apache-jmeter-5.1/apache-jmeter-5.1/bin/Files/Partner_ZCS_Users.csv
2021-07-28 14:06:43,684 INFO o.a.j.r.Summariser: summary +     13 in 00:00:12 =    1.1/s Avg:   529 Min:   255 Max:  1225 Err:     0 (0.00%) Active: 0 Started: 1 Finished: 1
2021-07-28 14:06:43,684 INFO o.a.j.r.Summariser: summary =     89 in 00:01:13 =    1.2/s Avg:   551 Min:   230 Max:  8489 Err:     0 (0.00%)
2021-07-28 14:06:43,684 INFO o.a.j.JMeter: Generating Dashboard
2021-07-28 14:06:43,684 INFO o.a.j.r.d.ReportGenerator: Flushing result collector before report Generation
2021-07-28 14:06:43,719 INFO o.a.j.r.p.NormalizerSampleConsumer: Using format, 'ms', to parse timeStamp field
2021-07-28 14:06:43,796 INFO o.a.j.r.p.AbstractSampleConsumer: class org.apache.jmeter.report.processor.AggregateConsumer#stopProducing(): beginDate produced 0 samples
2021-07-28 14:06:43,796 INFO o.a.j.r.p.AbstractSampleConsumer: class org.apache.jmeter.report.processor.AggregateConsumer#stopProducing(): endDate produced 0 samples
2021-07-28 14:06:43,798 INFO o.a.j.r.p.AbstractSampleConsumer: class org.apache.jmeter.report.processor.ApdexSummaryConsumer#stopProducing(): apdexSummary produced 0 samples
2021-07-28 14:06:43,798 INFO o.a.j.r.p.AbstractSampleConsumer: class org.apache.jmeter.report.processor.RequestsSummaryConsumer#stopProducing(): requestsSummary produced 0 samples
2021-07-28 14:06:43,803 INFO o.a.j.r.p.AbstractSampleConsumer: class org.apache.jmeter.report.processor.StatisticsSummaryConsumer#stopProducing(): statisticsSummary produced 0 samples
2021-07-28 14:06:43,808 INFO o.a.j.r.p.AbstractSampleConsumer: class org.apache.jmeter.report.processor.Top5ErrorsBySamplerConsumer#stopProducing(): top5ErrorsBySampler produced 0 samples
2021-07-28 14:06:43,808 INFO o.a.j.r.p.AbstractSampleConsumer: class org.apache.jmeter.report.processor.ErrorsSummaryConsumer#stopProducing(): errorsSummary produced 0 samples
2021-07-28 14:06:43,808 INFO o.a.j.r.p.AbstractSampleConsumer: class org.apache.jmeter.report.processor.graph.impl.HitsPerSecondGraphConsumer#stopProducing(): hitsPerSecond produced 0 samples
2021-07-28 14:06:43,816 INFO o.a.j.r.p.AbstractSampleConsumer: class org.apache.jmeter.report.processor.graph.impl.LatencyVSRequestGraphConsumer#stopProducing(): latencyVsRequest produced 0 samples
2021-07-28 14:06:43,816 INFO o.a.j.r.p.AbstractSampleConsumer: class org.apache.jmeter.report.processor.graph.impl.SyntheticResponseTimeDistributionGraphConsumer#stopProducing(): syntheticResponseTimeDistribution produced 0 samples
2021-07-28 14:06:43,816 INFO o.a.j.r.p.AbstractSampleConsumer: class org.apache.jmeter.report.processor.graph.impl.BytesThroughputGraphConsumer#stopProducing(): bytesThroughputOverTime produced 0 samples
2021-07-28 14:06:43,816 INFO o.a.j.r.p.AbstractSampleConsumer: class org.apache.jmeter.report.processor.graph.impl.CodesPerSecondGraphConsumer#stopProducing(): codesPerSecond produced 0 samples
2021-07-28 14:06:43,820 INFO o.a.j.r.p.AbstractSampleConsumer: class org.apache.jmeter.report.processor.graph.impl.ResponseTimeVSRequestGraphConsumer#stopProducing(): responseTimeVsRequest produced 0 samples
2021-07-28 14:06:43,820 INFO o.a.j.r.p.AbstractSampleConsumer: class org.apache.jmeter.report.processor.FilterConsumer#stopProducing(): startIntervalControlerFilter produced 623 samples
2021-07-28 14:06:43,821 INFO o.a.j.r.p.AbstractSampleConsumer: class org.apache.jmeter.report.processor.graph.impl.TotalTPSGraphConsumer#stopProducing(): totalTPS produced 0 samples
2021-07-28 14:06:43,821 INFO o.a.j.r.p.AbstractSampleConsumer: class org.apache.jmeter.report.processor.graph.impl.ActiveThreadsGraphConsumer#stopProducing(): activeThreadsOverTime produced 0 samples
2021-07-28 14:06:43,821 INFO o.a.j.r.p.AbstractSampleConsumer: class org.apache.jmeter.report.processor.graph.impl.TimeVSThreadGraphConsumer#stopProducing(): timeVsThreads produced 0 samples
2021-07-28 14:06:43,827 INFO o.a.j.r.p.AbstractSampleConsumer: class org.apache.jmeter.report.processor.graph.impl.ResponseTimeDistributionGraphConsumer#stopProducing(): responseTimeDistribution produced 0 samples
2021-07-28 14:06:43,828 INFO o.a.j.r.p.AbstractSampleConsumer: class org.apache.jmeter.report.processor.graph.impl.TransactionsPerSecondGraphConsumer#stopProducing(): transactionsPerSecond produced 0 samples
2021-07-28 14:06:43,828 INFO o.a.j.r.p.AbstractSampleConsumer: class org.apache.jmeter.report.processor.graph.impl.ResponseTimePercentilesGraphConsumer#stopProducing(): responseTimePercentiles produced 0 samples
2021-07-28 14:06:43,843 INFO o.a.j.r.p.AbstractSampleConsumer: class org.apache.jmeter.report.processor.graph.impl.ResponseTimePercentilesOverTimeGraphConsumer#stopProducing(): responseTimePercentilesOverTime produced 0 samples
2021-07-28 14:06:43,843 INFO o.a.j.r.p.AbstractSampleConsumer: class org.apache.jmeter.report.processor.graph.impl.ResponseTimeOverTimeGraphConsumer#stopProducing(): responseTimesOverTime produced 0 samples
2021-07-28 14:06:43,844 INFO o.a.j.r.p.AbstractSampleConsumer: class org.apache.jmeter.report.processor.graph.impl.ConnectTimeOverTimeGraphConsumer#stopProducing(): connectTimeOverTime produced 0 samples
2021-07-28 14:06:43,844 INFO o.a.j.r.p.AbstractSampleConsumer: class org.apache.jmeter.report.processor.graph.impl.LatencyOverTimeGraphConsumer#stopProducing(): latenciesOverTime produced 0 samples
2021-07-28 14:06:43,844 INFO o.a.j.r.p.AbstractSampleConsumer: class org.apache.jmeter.report.processor.FilterConsumer#stopProducing(): nameFilter produced 1995 samples
2021-07-28 14:06:43,844 INFO o.a.j.r.p.AbstractSampleConsumer: class org.apache.jmeter.report.processor.FilterConsumer#stopProducing(): dateRangeFilter produced 399 samples
2021-07-28 14:06:43,844 INFO o.a.j.r.p.AbstractSampleConsumer: class org.apache.jmeter.report.processor.NormalizerSampleConsumer#stopProducing(): normalizer produced 133 samples
2021-07-28 14:06:43,845 INFO o.a.j.r.p.CsvFileSampleSource: produce(): 133 samples produced in 108ms on channel 0
2021-07-28 14:06:43,845 INFO o.a.j.r.d.ReportGenerator: Exporting data using exporter:'json' of className:'org.apache.jmeter.report.dashboard.JsonExporter'
2021-07-28 14:06:43,847 INFO o.a.j.r.d.JsonExporter: Found data for consumer statisticsSummary in context
2021-07-28 14:06:43,847 INFO o.a.j.r.d.JsonExporter: Creating statistics for overall
2021-07-28 14:06:43,847 INFO o.a.j.r.d.JsonExporter: Creating statistics for other transactions
2021-07-28 14:06:43,848 INFO o.a.j.r.d.JsonExporter: Checking output folder
2021-07-28 14:06:43,850 INFO o.a.j.r.d.JsonExporter: Writing statistics JSON to C:\xampp\htdocs\POC\L0_iContract_1_AddingMultipleContractingParties_2021-07-28_26\statistics.json
2021-07-28 14:06:43,986 INFO o.a.j.r.d.ReportGenerator: Exporting data using exporter:'html' of className:'org.apache.jmeter.report.dashboard.HtmlTemplateExporter'
2021-07-28 14:06:43,990 INFO o.a.j.r.d.HtmlTemplateExporter: Will generate dashboard in folder: C:\xampp\htdocs\POC\L0_iContract_1_AddingMultipleContractingParties_2021-07-28_26
2021-07-28 14:06:44,203 INFO o.a.j.r.d.HtmlTemplateExporter: Report will be generated in: C:\xampp\htdocs\POC\L0_iContract_1_AddingMultipleContractingParties_2021-07-28_26, creating folder structure
2021-07-28 14:06:44,206 INFO o.a.j.r.d.TemplateVisitor: Copying folder from 'D:\apache-jmeter-5.1\apache-jmeter-5.1\bin\report-template' to 'C:\xampp\htdocs\POC\L0_iContract_1_AddingMultipleContractingParties_2021-07-28_26', got message:[C:\xampp\htdocs\POC\L0_iContract_1_AddingMultipleContractingParties_2021-07-28_26\statistics.json], found non empty folder with following content {}, will be ignored
2021-07-28 14:06:45,047 INFO o.a.j.JMeter: Dashboard generated
