2021-07-22 12:30:19,691 INFO o.a.j.u.JMeterUtils: Setting Locale to en_EN
2021-07-22 12:30:19,703 INFO o.a.j.JMeter: Loading user properties from: user.properties
2021-07-22 12:30:19,703 INFO o.a.j.JMeter: Loading system properties from: system.properties
2021-07-22 12:30:19,703 INFO o.a.j.JMeter: Setting JMeter property: meter.reportgenerator.report_title=ReviewCheckoutCheckinParallelReview
2021-07-22 12:30:19,703 INFO o.a.j.JMeter: Setting JMeter property: thread=1
2021-07-22 12:30:19,703 INFO o.a.j.JMeter: Setting JMeter property: rampup=1
2021-07-22 12:30:19,708 INFO o.a.j.JMeter: Copyright (c) 1998-2019 The Apache Software Foundation
2021-07-22 12:30:19,708 INFO o.a.j.JMeter: Version 5.1 r1853635
2021-07-22 12:30:19,708 INFO o.a.j.JMeter: java.version=1.8.0_144
2021-07-22 12:30:19,708 INFO o.a.j.JMeter: java.vm.name=Java HotSpot(TM) 64-Bit Server VM
2021-07-22 12:30:19,708 INFO o.a.j.JMeter: os.name=Windows 10
2021-07-22 12:30:19,708 INFO o.a.j.JMeter: os.arch=amd64
2021-07-22 12:30:19,708 INFO o.a.j.JMeter: os.version=10.0
2021-07-22 12:30:19,708 INFO o.a.j.JMeter: file.encoding=Cp1252
2021-07-22 12:30:19,708 INFO o.a.j.JMeter: java.awt.headless=true
2021-07-22 12:30:19,708 INFO o.a.j.JMeter: Max memory     =8589934592
2021-07-22 12:30:19,708 INFO o.a.j.JMeter: Available Processors =4
2021-07-22 12:30:19,711 INFO o.a.j.JMeter: Default Locale=English (EN)
2021-07-22 12:30:19,711 INFO o.a.j.JMeter: JMeter  Locale=English (EN)
2021-07-22 12:30:19,712 INFO o.a.j.JMeter: JMeterHome=D:\apache-jmeter-5.1\apache-jmeter-5.1
2021-07-22 12:30:19,712 INFO o.a.j.JMeter: user.dir  =D:\apache-jmeter-5.1\apache-jmeter-5.1\bin
2021-07-22 12:30:19,712 INFO o.a.j.JMeter: PWD       =D:\apache-jmeter-5.1\apache-jmeter-5.1\bin
2021-07-22 12:30:19,713 INFO o.a.j.JMeter: IP: 192.168.35.159 Name: ZIPLSY1584 FullName: host.docker.internal
2021-07-22 12:30:19,715 INFO o.a.j.JMeter: Setting property 'jmeter.reportgenerator.outputdir' to:'C:\xampp\htdocs\performance\L1_iContract_1_ReviewCheckoutCheckinParallelReview_2021-07-22_8'
2021-07-22 12:30:19,717 INFO o.a.j.s.FileServer: Default base='D:\apache-jmeter-5.1\apache-jmeter-5.1\bin'
2021-07-22 12:30:19,720 INFO o.a.j.s.FileServer: Set new base='D:\PEAutomation\Partner\iContract'
2021-07-22 12:30:19,836 INFO o.a.j.s.SaveService: Testplan (JMX) version: 2.2. Testlog (JTL) version: 2.2
2021-07-22 12:30:19,867 INFO o.a.j.s.SaveService: Using SaveService properties file encoding UTF-8
2021-07-22 12:30:19,873 INFO o.a.j.s.SaveService: Using SaveService properties version 5.0
2021-07-22 12:30:19,883 INFO o.a.j.s.SaveService: Loading file: D:\PEAutomation\Partner\iContract\L1_iContract_ReviewCheckoutCheckinParallelReview.jmx
2021-07-22 12:30:19,937 INFO o.a.j.p.h.c.CookieManager: Settings: Delete null: true Check: true Allow variable: true Save: false Prefix: COOKIE_
2021-07-22 12:30:19,940 INFO o.a.j.p.h.c.CacheManager: Will only cache the following methods: [GET]
2021-07-22 12:30:19,948 INFO o.a.j.p.h.s.HTTPSamplerBase: Parser for text/html is org.apache.jmeter.protocol.http.parser.LagartoBasedHtmlParser
2021-07-22 12:30:19,948 INFO o.a.j.p.h.s.HTTPSamplerBase: Parser for application/xhtml+xml is org.apache.jmeter.protocol.http.parser.LagartoBasedHtmlParser
2021-07-22 12:30:19,948 INFO o.a.j.p.h.s.HTTPSamplerBase: Parser for application/xml is org.apache.jmeter.protocol.http.parser.LagartoBasedHtmlParser
2021-07-22 12:30:19,948 INFO o.a.j.p.h.s.HTTPSamplerBase: Parser for text/xml is org.apache.jmeter.protocol.http.parser.LagartoBasedHtmlParser
2021-07-22 12:30:19,949 INFO o.a.j.p.h.s.HTTPSamplerBase: Parser for text/vnd.wap.wml is org.apache.jmeter.protocol.http.parser.RegexpHTMLParser
2021-07-22 12:30:19,949 INFO o.a.j.p.h.s.HTTPSamplerBase: Parser for text/css is org.apache.jmeter.protocol.http.parser.CssParser
2021-07-22 12:30:20,179 INFO o.a.j.JMeter: Creating summariser <summary>
2021-07-22 12:30:20,184 INFO o.a.j.r.d.ReportGenerator: ReportGenerator will use for Parsing the separator: ','
2021-07-22 12:30:20,184 INFO o.a.j.r.d.ReportGenerator: Will generate report at end of test from  results file: D:\PEAutomation\Partner\iContract\JTL\L1_iContract_1_ReviewCheckoutCheckinParallelReview_2021-07-22_8.jtl
2021-07-22 12:30:20,185 INFO o.a.j.r.d.ReportGenerator: Reading report generator properties from: D:\apache-jmeter-5.1\apache-jmeter-5.1\bin\reportgenerator.properties
2021-07-22 12:30:20,185 INFO o.a.j.r.d.ReportGenerator: Merging with JMeter properties
2021-07-22 12:30:20,193 INFO o.a.j.r.c.ReportGeneratorConfiguration: Property 'jmeter.reportgenerator.temp_dir' not found, using default value 'temp' instead.
2021-07-22 12:30:20,195 INFO o.a.j.r.c.ReportGeneratorConfiguration: Property 'jmeter.reportgenerator.apdex_per_transaction' not found, using default value 'null' instead.
2021-07-22 12:30:20,195 INFO o.a.j.r.c.ReportGeneratorConfiguration: apdex_per_transaction : {} is empty, not APDEX per transaction customization
2021-07-22 12:30:20,196 INFO o.a.j.r.c.ReportGeneratorConfiguration: Property 'jmeter.reportgenerator.sample_filter' not found, using default value 'null' instead.
2021-07-22 12:30:20,196 INFO o.a.j.r.c.ReportGeneratorConfiguration: Property 'jmeter.reportgenerator.report_title' not found, using default value 'null' instead.
2021-07-22 12:30:20,196 INFO o.a.j.r.c.ReportGeneratorConfiguration: Property 'jmeter.reportgenerator.start_date' not found, using default value 'null' instead.
2021-07-22 12:30:20,196 INFO o.a.j.r.c.ReportGeneratorConfiguration: Property 'jmeter.reportgenerator.end_date' not found, using default value 'null' instead.
2021-07-22 12:30:20,196 INFO o.a.j.r.c.ReportGeneratorConfiguration: Property 'jmeter.reportgenerator.date_format' not found, using default value 'null' instead.
2021-07-22 12:30:20,196 INFO o.a.j.r.c.ReportGeneratorConfiguration: Will use date range start date: null, end date: null
2021-07-22 12:30:20,200 INFO o.a.j.r.c.ReportGeneratorConfiguration: Property 'jmeter.reportgenerator.graph.totalTPS.exclude_controllers' not found, using default value 'false' instead.
2021-07-22 12:30:20,201 INFO o.a.j.r.c.ReportGeneratorConfiguration: Property 'jmeter.reportgenerator.graph.activeThreadsOverTime.exclude_controllers' not found, using default value 'false' instead.
2021-07-22 12:30:20,201 INFO o.a.j.r.c.ReportGeneratorConfiguration: Property 'jmeter.reportgenerator.graph.timeVsThreads.exclude_controllers' not found, using default value 'false' instead.
2021-07-22 12:30:20,201 INFO o.a.j.r.c.ReportGeneratorConfiguration: Property 'jmeter.reportgenerator.graph.responseTimeDistribution.exclude_controllers' not found, using default value 'false' instead.
2021-07-22 12:30:20,201 INFO o.a.j.r.c.ReportGeneratorConfiguration: Property 'jmeter.reportgenerator.graph.transactionsPerSecond.exclude_controllers' not found, using default value 'false' instead.
2021-07-22 12:30:20,201 INFO o.a.j.r.c.ReportGeneratorConfiguration: Property 'jmeter.reportgenerator.graph.responseTimePercentiles.exclude_controllers' not found, using default value 'false' instead.
2021-07-22 12:30:20,201 INFO o.a.j.r.c.ReportGeneratorConfiguration: Property 'jmeter.reportgenerator.graph.responseTimePercentilesOverTime.exclude_controllers' not found, using default value 'false' instead.
2021-07-22 12:30:20,201 INFO o.a.j.r.c.ReportGeneratorConfiguration: Property 'jmeter.reportgenerator.graph.responseTimesOverTime.exclude_controllers' not found, using default value 'false' instead.
2021-07-22 12:30:20,201 INFO o.a.j.r.c.ReportGeneratorConfiguration: Property 'jmeter.reportgenerator.graph.connectTimeOverTime.exclude_controllers' not found, using default value 'false' instead.
2021-07-22 12:30:20,202 INFO o.a.j.r.c.ReportGeneratorConfiguration: Property 'jmeter.reportgenerator.graph.latenciesOverTime.exclude_controllers' not found, using default value 'false' instead.
2021-07-22 12:30:20,202 INFO o.a.j.r.c.ReportGeneratorConfiguration: Property 'jmeter.reportgenerator.exporter.json.filters_only_sample_series' not found, using default value 'true' instead.
2021-07-22 12:30:20,203 INFO o.a.j.r.c.ReportGeneratorConfiguration: Property 'jmeter.reportgenerator.exporter.json.series_filter' not found, using default value '' instead.
2021-07-22 12:30:20,203 INFO o.a.j.r.c.ReportGeneratorConfiguration: Property 'jmeter.reportgenerator.exporter.json.show_controllers_only' not found, using default value 'false' instead.
2021-07-22 12:30:20,203 INFO o.a.j.r.c.ReportGeneratorConfiguration: Property 'jmeter.reportgenerator.exporter.html.filters_only_sample_series' not found, using default value 'true' instead.
2021-07-22 12:30:20,203 INFO o.a.j.r.c.ReportGeneratorConfiguration: Property 'jmeter.reportgenerator.exporter.html.series_filter' not found, using default value '' instead.
2021-07-22 12:30:20,203 INFO o.a.j.r.c.ReportGeneratorConfiguration: Property 'jmeter.reportgenerator.exporter.html.show_controllers_only' not found, using default value 'false' instead.
2021-07-22 12:30:20,207 INFO o.a.j.e.StandardJMeterEngine: Running the test!
2021-07-22 12:30:20,208 INFO o.a.j.s.SampleEvent: List of sample_variables: []
2021-07-22 12:30:20,208 INFO o.a.j.s.SampleEvent: List of sample_variables: []
2021-07-22 12:30:20,214 INFO o.a.j.e.u.CompoundVariable: Note: Function class names must contain the string: '.functions.'
2021-07-22 12:30:20,214 INFO o.a.j.e.u.CompoundVariable: Note: Function class names must not contain the string: '.gui.'
2021-07-22 12:30:20,593 INFO o.a.j.JMeter: Running test (1626937220593)
2021-07-22 12:30:20,663 INFO o.a.j.e.StandardJMeterEngine: Starting ThreadGroup: 1 : ReviewCheckoutCheckinParallel Review
2021-07-22 12:30:20,664 INFO o.a.j.e.StandardJMeterEngine: Starting 1 threads for group ReviewCheckoutCheckinParallel Review.
2021-07-22 12:30:20,664 INFO o.a.j.e.StandardJMeterEngine: Thread will stop on error
2021-07-22 12:30:20,664 INFO o.a.j.t.ThreadGroup: Starting thread group... number=1 threads=1 ramp-up=1 perThread=1000.0 delayedStart=true
2021-07-22 12:30:20,664 INFO o.a.j.t.ThreadGroup: Started thread group number 1
2021-07-22 12:30:20,665 INFO o.a.j.e.StandardJMeterEngine: All thread groups have been started
2021-07-22 12:30:20,705 INFO o.a.j.s.SampleResult: Note: Sample TimeStamps are START times
2021-07-22 12:30:20,705 INFO o.a.j.s.SampleResult: sampleresult.default.encoding is set to ISO-8859-1
2021-07-22 12:30:20,705 INFO o.a.j.s.SampleResult: sampleresult.useNanoTime=true
2021-07-22 12:30:20,705 INFO o.a.j.s.SampleResult: sampleresult.nanoThreadSleep=5000
2021-07-22 12:30:20,712 INFO o.a.j.t.JMeterThread: Thread started: ReviewCheckoutCheckinParallel Review 1-1
2021-07-22 12:30:20,714 INFO o.a.j.c.LoopController: iterationStart called on 3# Loop Controller for Suggested Action-Autho with source org.apache.jmeter.control.LoopController@4ae06ad6 and iteration 1
2021-07-22 12:30:20,714 INFO o.a.j.s.FileServer: Stored: D:/apache-jmeter-5.1/apache-jmeter-5.1/bin/Files/Partner_ZCS_Users.csv
2021-07-22 12:30:20,729 INFO o.a.j.p.h.s.HTTPHCAbstractImpl: Local host = ZIPLSY1584
2021-07-22 12:30:20,734 INFO o.a.j.p.h.s.HTTPHC4Impl: HTTP request retry count = 0
2021-07-22 12:30:20,786 INFO o.a.j.p.h.s.h.LazyLayeredConnectionSocketFactory: Setting up HTTPS TrustAll Socket Factory
2021-07-22 12:30:20,791 INFO o.a.j.u.JsseSSLManager: Using default SSL protocol: TLS
2021-07-22 12:30:20,791 INFO o.a.j.u.JsseSSLManager: SSL session context: per-thread
2021-07-22 12:30:21,069 INFO o.a.j.u.SSLManager: JmeterKeyStore Location:  type JKS
2021-07-22 12:30:21,070 INFO o.a.j.u.SSLManager: KeyStore created OK
2021-07-22 12:30:21,070 WARN o.a.j.u.SSLManager: Keystore file not found, loading empty keystore
2021-07-22 12:30:30,323 INFO o.a.j.r.Summariser: summary +     21 in 00:00:10 =    2.2/s Avg:   452 Min:   239 Max:   950 Err:     0 (0.00%) Active: 1 Started: 1 Finished: 0
2021-07-22 12:30:52,072 ERROR o.a.j.u.BeanShellInterpreter: Error invoking bsh method: eval	Sourced file: inline evaluation of: ``String totalRecords = vars.get("totalRecords"); String perpage = vars.get("perpa . . . '' : Typed variable declaration : Method Invocation Integer.parseInt
2021-07-22 12:30:52,072 WARN o.a.j.e.BeanShellPostProcessor: Problem in BeanShell script: org.apache.jorphan.util.JMeterException: Error invoking bsh method: eval	Sourced file: inline evaluation of: ``String totalRecords = vars.get("totalRecords"); String perpage = vars.get("perpa . . . '' : Typed variable declaration : Method Invocation Integer.parseInt
2021-07-22 12:30:52,384 ERROR o.a.j.u.BeanShellInterpreter: Error invoking bsh method: eval	Sourced file: inline evaluation of: ``String totalRecords = vars.get("totalRecords"); String perpage = vars.get("perpa . . . '' : Typed variable declaration : Method Invocation Integer.parseInt
2021-07-22 12:30:52,384 WARN o.a.j.e.BeanShellPostProcessor: Problem in BeanShell script: org.apache.jorphan.util.JMeterException: Error invoking bsh method: eval	Sourced file: inline evaluation of: ``String totalRecords = vars.get("totalRecords"); String perpage = vars.get("perpa . . . '' : Typed variable declaration : Method Invocation Integer.parseInt
2021-07-22 12:31:01,617 INFO o.a.j.r.Summariser: summary +     66 in 00:00:31 =    2.1/s Avg:   471 Min:   258 Max:  2816 Err:     0 (0.00%) Active: 1 Started: 1 Finished: 0
2021-07-22 12:31:01,617 INFO o.a.j.r.Summariser: summary =     87 in 00:00:41 =    2.1/s Avg:   466 Min:   239 Max:  2816 Err:     0 (0.00%)
2021-07-22 12:31:02,796 ERROR o.a.j.u.BeanShellInterpreter: Error invoking bsh method: eval	Sourced file: inline evaluation of: ``String totalRecords = vars.get("totalRecords"); String perpage = vars.get("perpa . . . '' : Typed variable declaration : Method Invocation Integer.parseInt
2021-07-22 12:31:02,796 WARN o.a.j.e.BeanShellPostProcessor: Problem in BeanShell script: org.apache.jorphan.util.JMeterException: Error invoking bsh method: eval	Sourced file: inline evaluation of: ``String totalRecords = vars.get("totalRecords"); String perpage = vars.get("perpa . . . '' : Typed variable declaration : Method Invocation Integer.parseInt
2021-07-22 12:31:04,979 INFO o.a.j.t.JMeterThread: Stop Thread detected by thread: ReviewCheckoutCheckinParallel Review 1-1
2021-07-22 12:31:04,980 INFO o.a.j.t.JMeterThread: Thread finished: ReviewCheckoutCheckinParallel Review 1-1
2021-07-22 12:31:04,983 INFO o.a.j.e.StandardJMeterEngine: Notifying test listeners of end of test
2021-07-22 12:31:04,983 INFO o.a.j.s.FileServer: Close: D:/apache-jmeter-5.1/apache-jmeter-5.1/bin/Files/Partner_ZCS_Users.csv
2021-07-22 12:31:04,984 INFO o.a.j.r.Summariser: summary +      9 in 00:00:03 =    2.7/s Avg:   372 Min:   266 Max:   522 Err:     1 (11.11%) Active: 0 Started: 1 Finished: 1
2021-07-22 12:31:04,984 INFO o.a.j.r.Summariser: summary =     96 in 00:00:44 =    2.2/s Avg:   457 Min:   239 Max:  2816 Err:     1 (1.04%)
2021-07-22 12:31:04,985 INFO o.a.j.JMeter: Generating Dashboard
2021-07-22 12:31:04,985 INFO o.a.j.r.d.ReportGenerator: Flushing result collector before report Generation
2021-07-22 12:31:04,995 INFO o.a.j.r.p.NormalizerSampleConsumer: Using format, 'ms', to parse timeStamp field
2021-07-22 12:31:05,079 INFO o.a.j.r.p.AbstractSampleConsumer: class org.apache.jmeter.report.processor.AggregateConsumer#stopProducing(): beginDate produced 0 samples
2021-07-22 12:31:05,079 INFO o.a.j.r.p.AbstractSampleConsumer: class org.apache.jmeter.report.processor.AggregateConsumer#stopProducing(): endDate produced 0 samples
2021-07-22 12:31:05,082 INFO o.a.j.r.p.AbstractSampleConsumer: class org.apache.jmeter.report.processor.ApdexSummaryConsumer#stopProducing(): apdexSummary produced 0 samples
2021-07-22 12:31:05,082 INFO o.a.j.r.p.AbstractSampleConsumer: class org.apache.jmeter.report.processor.RequestsSummaryConsumer#stopProducing(): requestsSummary produced 0 samples
2021-07-22 12:31:05,087 INFO o.a.j.r.p.AbstractSampleConsumer: class org.apache.jmeter.report.processor.StatisticsSummaryConsumer#stopProducing(): statisticsSummary produced 0 samples
2021-07-22 12:31:05,092 INFO o.a.j.r.p.AbstractSampleConsumer: class org.apache.jmeter.report.processor.Top5ErrorsBySamplerConsumer#stopProducing(): top5ErrorsBySampler produced 0 samples
2021-07-22 12:31:05,092 INFO o.a.j.r.p.AbstractSampleConsumer: class org.apache.jmeter.report.processor.ErrorsSummaryConsumer#stopProducing(): errorsSummary produced 0 samples
2021-07-22 12:31:05,092 INFO o.a.j.r.p.AbstractSampleConsumer: class org.apache.jmeter.report.processor.graph.impl.HitsPerSecondGraphConsumer#stopProducing(): hitsPerSecond produced 0 samples
2021-07-22 12:31:05,101 INFO o.a.j.r.p.AbstractSampleConsumer: class org.apache.jmeter.report.processor.graph.impl.LatencyVSRequestGraphConsumer#stopProducing(): latencyVsRequest produced 0 samples
2021-07-22 12:31:05,102 INFO o.a.j.r.p.AbstractSampleConsumer: class org.apache.jmeter.report.processor.graph.impl.SyntheticResponseTimeDistributionGraphConsumer#stopProducing(): syntheticResponseTimeDistribution produced 0 samples
2021-07-22 12:31:05,102 INFO o.a.j.r.p.AbstractSampleConsumer: class org.apache.jmeter.report.processor.graph.impl.BytesThroughputGraphConsumer#stopProducing(): bytesThroughputOverTime produced 0 samples
2021-07-22 12:31:05,102 INFO o.a.j.r.p.AbstractSampleConsumer: class org.apache.jmeter.report.processor.graph.impl.CodesPerSecondGraphConsumer#stopProducing(): codesPerSecond produced 0 samples
2021-07-22 12:31:05,106 INFO o.a.j.r.p.AbstractSampleConsumer: class org.apache.jmeter.report.processor.graph.impl.ResponseTimeVSRequestGraphConsumer#stopProducing(): responseTimeVsRequest produced 0 samples
2021-07-22 12:31:05,107 INFO o.a.j.r.p.AbstractSampleConsumer: class org.apache.jmeter.report.processor.FilterConsumer#stopProducing(): startIntervalControlerFilter produced 672 samples
2021-07-22 12:31:05,107 INFO o.a.j.r.p.AbstractSampleConsumer: class org.apache.jmeter.report.processor.graph.impl.TotalTPSGraphConsumer#stopProducing(): totalTPS produced 0 samples
2021-07-22 12:31:05,107 INFO o.a.j.r.p.AbstractSampleConsumer: class org.apache.jmeter.report.processor.graph.impl.ActiveThreadsGraphConsumer#stopProducing(): activeThreadsOverTime produced 0 samples
2021-07-22 12:31:05,107 INFO o.a.j.r.p.AbstractSampleConsumer: class org.apache.jmeter.report.processor.graph.impl.TimeVSThreadGraphConsumer#stopProducing(): timeVsThreads produced 0 samples
2021-07-22 12:31:05,113 INFO o.a.j.r.p.AbstractSampleConsumer: class org.apache.jmeter.report.processor.graph.impl.ResponseTimeDistributionGraphConsumer#stopProducing(): responseTimeDistribution produced 0 samples
2021-07-22 12:31:05,114 INFO o.a.j.r.p.AbstractSampleConsumer: class org.apache.jmeter.report.processor.graph.impl.TransactionsPerSecondGraphConsumer#stopProducing(): transactionsPerSecond produced 0 samples
2021-07-22 12:31:05,115 INFO o.a.j.r.p.AbstractSampleConsumer: class org.apache.jmeter.report.processor.graph.impl.ResponseTimePercentilesGraphConsumer#stopProducing(): responseTimePercentiles produced 0 samples
2021-07-22 12:31:05,127 INFO o.a.j.r.p.AbstractSampleConsumer: class org.apache.jmeter.report.processor.graph.impl.ResponseTimePercentilesOverTimeGraphConsumer#stopProducing(): responseTimePercentilesOverTime produced 0 samples
2021-07-22 12:31:05,128 INFO o.a.j.r.p.AbstractSampleConsumer: class org.apache.jmeter.report.processor.graph.impl.ResponseTimeOverTimeGraphConsumer#stopProducing(): responseTimesOverTime produced 0 samples
2021-07-22 12:31:05,128 INFO o.a.j.r.p.AbstractSampleConsumer: class org.apache.jmeter.report.processor.graph.impl.ConnectTimeOverTimeGraphConsumer#stopProducing(): connectTimeOverTime produced 0 samples
2021-07-22 12:31:05,129 INFO o.a.j.r.p.AbstractSampleConsumer: class org.apache.jmeter.report.processor.graph.impl.LatencyOverTimeGraphConsumer#stopProducing(): latenciesOverTime produced 0 samples
2021-07-22 12:31:05,129 INFO o.a.j.r.p.AbstractSampleConsumer: class org.apache.jmeter.report.processor.FilterConsumer#stopProducing(): nameFilter produced 2055 samples
2021-07-22 12:31:05,129 INFO o.a.j.r.p.AbstractSampleConsumer: class org.apache.jmeter.report.processor.FilterConsumer#stopProducing(): dateRangeFilter produced 411 samples
2021-07-22 12:31:05,129 INFO o.a.j.r.p.AbstractSampleConsumer: class org.apache.jmeter.report.processor.NormalizerSampleConsumer#stopProducing(): normalizer produced 137 samples
2021-07-22 12:31:05,130 INFO o.a.j.r.p.CsvFileSampleSource: produce(): 137 samples produced in 114ms on channel 0
2021-07-22 12:31:05,130 INFO o.a.j.r.d.ReportGenerator: Exporting data using exporter:'json' of className:'org.apache.jmeter.report.dashboard.JsonExporter'
2021-07-22 12:31:05,132 INFO o.a.j.r.d.JsonExporter: Found data for consumer statisticsSummary in context
2021-07-22 12:31:05,132 INFO o.a.j.r.d.JsonExporter: Creating statistics for overall
2021-07-22 12:31:05,132 INFO o.a.j.r.d.JsonExporter: Creating statistics for other transactions
2021-07-22 12:31:05,133 INFO o.a.j.r.d.JsonExporter: Checking output folder
2021-07-22 12:31:05,135 INFO o.a.j.r.d.JsonExporter: Writing statistics JSON to C:\xampp\htdocs\performance\L1_iContract_1_ReviewCheckoutCheckinParallelReview_2021-07-22_8\statistics.json
2021-07-22 12:31:05,286 INFO o.a.j.r.d.ReportGenerator: Exporting data using exporter:'html' of className:'org.apache.jmeter.report.dashboard.HtmlTemplateExporter'
2021-07-22 12:31:05,289 INFO o.a.j.r.d.HtmlTemplateExporter: Will generate dashboard in folder: C:\xampp\htdocs\performance\L1_iContract_1_ReviewCheckoutCheckinParallelReview_2021-07-22_8
2021-07-22 12:31:05,511 INFO o.a.j.r.d.HtmlTemplateExporter: Report will be generated in: C:\xampp\htdocs\performance\L1_iContract_1_ReviewCheckoutCheckinParallelReview_2021-07-22_8, creating folder structure
2021-07-22 12:31:05,514 INFO o.a.j.r.d.TemplateVisitor: Copying folder from 'D:\apache-jmeter-5.1\apache-jmeter-5.1\bin\report-template' to 'C:\xampp\htdocs\performance\L1_iContract_1_ReviewCheckoutCheckinParallelReview_2021-07-22_8', got message:[C:\xampp\htdocs\performance\L1_iContract_1_ReviewCheckoutCheckinParallelReview_2021-07-22_8\statistics.json], found non empty folder with following content {}, will be ignored
2021-07-22 12:31:06,753 INFO o.a.j.JMeter: Dashboard generated
