2021-07-27 18:54:03,515 INFO o.a.j.u.JMeterUtils: Setting Locale to en_EN
2021-07-27 18:54:03,525 INFO o.a.j.JMeter: Loading user properties from: user.properties
2021-07-27 18:54:03,526 INFO o.a.j.JMeter: Loading system properties from: system.properties
2021-07-27 18:54:03,526 INFO o.a.j.JMeter: Setting JMeter property: meter.reportgenerator.report_title=CreateAuthoringWithAdditionalSingleDoc
2021-07-27 18:54:03,526 INFO o.a.j.JMeter: Setting JMeter property: thread=1
2021-07-27 18:54:03,526 INFO o.a.j.JMeter: Setting JMeter property: rampup=1
2021-07-27 18:54:03,526 INFO o.a.j.JMeter: Setting JMeter property: tenant=Partner_ZCS_Users
2021-07-27 18:54:03,530 INFO o.a.j.JMeter: Copyright (c) 1998-2019 The Apache Software Foundation
2021-07-27 18:54:03,530 INFO o.a.j.JMeter: Version 5.1 r1853635
2021-07-27 18:54:03,530 INFO o.a.j.JMeter: java.version=1.8.0_121
2021-07-27 18:54:03,530 INFO o.a.j.JMeter: java.vm.name=Java HotSpot(TM) 64-Bit Server VM
2021-07-27 18:54:03,530 INFO o.a.j.JMeter: os.name=Windows 10
2021-07-27 18:54:03,531 INFO o.a.j.JMeter: os.arch=amd64
2021-07-27 18:54:03,531 INFO o.a.j.JMeter: os.version=10.0
2021-07-27 18:54:03,531 INFO o.a.j.JMeter: file.encoding=Cp1252
2021-07-27 18:54:03,531 INFO o.a.j.JMeter: java.awt.headless=true
2021-07-27 18:54:03,531 INFO o.a.j.JMeter: Max memory     =8589934592
2021-07-27 18:54:03,531 INFO o.a.j.JMeter: Available Processors =6
2021-07-27 18:54:03,533 INFO o.a.j.JMeter: Default Locale=English (EN)
2021-07-27 18:54:03,534 INFO o.a.j.JMeter: JMeter  Locale=English (EN)
2021-07-27 18:54:03,534 INFO o.a.j.JMeter: JMeterHome=D:\apache-jmeter-5.1\apache-jmeter-5.1
2021-07-27 18:54:03,534 INFO o.a.j.JMeter: user.dir  =D:\apache-jmeter-5.1\apache-jmeter-5.1\bin
2021-07-27 18:54:03,534 INFO o.a.j.JMeter: PWD       =D:\apache-jmeter-5.1\apache-jmeter-5.1\bin
2021-07-27 18:54:03,535 INFO o.a.j.JMeter: IP: 192.168.0.104 Name: ZIPLSY2278 FullName: ZIPLSY2278.zycus.net
2021-07-27 18:54:03,537 INFO o.a.j.JMeter: Setting property 'jmeter.reportgenerator.outputdir' to:'C:\xampp\htdocs\POC\L1_iContract_1_CreateAuthoringWithAdditionalSingleDoc_2021-07-27_22'
2021-07-27 18:54:03,539 INFO o.a.j.s.FileServer: Default base='D:\apache-jmeter-5.1\apache-jmeter-5.1\bin'
2021-07-27 18:54:03,542 INFO o.a.j.s.FileServer: Set new base='D:\PEAutomation\Partner\iContract'
2021-07-27 18:54:03,634 INFO o.a.j.s.SaveService: Testplan (JMX) version: 2.2. Testlog (JTL) version: 2.2
2021-07-27 18:54:03,644 INFO o.a.j.s.SaveService: Using SaveService properties file encoding UTF-8
2021-07-27 18:54:03,648 INFO o.a.j.s.SaveService: Using SaveService properties version 5.0
2021-07-27 18:54:03,652 INFO o.a.j.s.SaveService: Loading file: D:\PEAutomation\Partner\iContract\L1_iContract_CreateAuthoringWithAdditionalSingleDoc.jmx
2021-07-27 18:54:03,723 INFO o.a.j.p.h.c.CookieManager: Settings: Delete null: true Check: true Allow variable: true Save: false Prefix: COOKIE_
2021-07-27 18:54:03,726 INFO o.a.j.p.h.c.CacheManager: Will only cache the following methods: [GET]
2021-07-27 18:54:03,734 INFO o.a.j.p.h.s.HTTPSamplerBase: Parser for text/html is org.apache.jmeter.protocol.http.parser.LagartoBasedHtmlParser
2021-07-27 18:54:03,734 INFO o.a.j.p.h.s.HTTPSamplerBase: Parser for application/xhtml+xml is org.apache.jmeter.protocol.http.parser.LagartoBasedHtmlParser
2021-07-27 18:54:03,734 INFO o.a.j.p.h.s.HTTPSamplerBase: Parser for application/xml is org.apache.jmeter.protocol.http.parser.LagartoBasedHtmlParser
2021-07-27 18:54:03,734 INFO o.a.j.p.h.s.HTTPSamplerBase: Parser for text/xml is org.apache.jmeter.protocol.http.parser.LagartoBasedHtmlParser
2021-07-27 18:54:03,734 INFO o.a.j.p.h.s.HTTPSamplerBase: Parser for text/vnd.wap.wml is org.apache.jmeter.protocol.http.parser.RegexpHTMLParser
2021-07-27 18:54:03,734 INFO o.a.j.p.h.s.HTTPSamplerBase: Parser for text/css is org.apache.jmeter.protocol.http.parser.CssParser
2021-07-27 18:54:03,904 INFO o.a.j.JMeter: Creating summariser <summary>
2021-07-27 18:54:03,909 INFO o.a.j.r.d.ReportGenerator: ReportGenerator will use for Parsing the separator: ','
2021-07-27 18:54:03,910 INFO o.a.j.r.d.ReportGenerator: Will generate report at end of test from  results file: D:\PEAutomation\Partner\iContract\JTL\L1_iContract_1_CreateAuthoringWithAdditionalSingleDoc_2021-07-27_22.jtl
2021-07-27 18:54:03,910 INFO o.a.j.r.d.ReportGenerator: Reading report generator properties from: D:\apache-jmeter-5.1\apache-jmeter-5.1\bin\reportgenerator.properties
2021-07-27 18:54:03,911 INFO o.a.j.r.d.ReportGenerator: Merging with JMeter properties
2021-07-27 18:54:03,915 INFO o.a.j.r.c.ReportGeneratorConfiguration: Property 'jmeter.reportgenerator.temp_dir' not found, using default value 'temp' instead.
2021-07-27 18:54:03,917 INFO o.a.j.r.c.ReportGeneratorConfiguration: Property 'jmeter.reportgenerator.apdex_per_transaction' not found, using default value 'null' instead.
2021-07-27 18:54:03,918 INFO o.a.j.r.c.ReportGeneratorConfiguration: apdex_per_transaction : {} is empty, not APDEX per transaction customization
2021-07-27 18:54:03,918 INFO o.a.j.r.c.ReportGeneratorConfiguration: Property 'jmeter.reportgenerator.sample_filter' not found, using default value 'null' instead.
2021-07-27 18:54:03,918 INFO o.a.j.r.c.ReportGeneratorConfiguration: Property 'jmeter.reportgenerator.report_title' not found, using default value 'null' instead.
2021-07-27 18:54:03,918 INFO o.a.j.r.c.ReportGeneratorConfiguration: Property 'jmeter.reportgenerator.start_date' not found, using default value 'null' instead.
2021-07-27 18:54:03,918 INFO o.a.j.r.c.ReportGeneratorConfiguration: Property 'jmeter.reportgenerator.end_date' not found, using default value 'null' instead.
2021-07-27 18:54:03,918 INFO o.a.j.r.c.ReportGeneratorConfiguration: Property 'jmeter.reportgenerator.date_format' not found, using default value 'null' instead.
2021-07-27 18:54:03,918 INFO o.a.j.r.c.ReportGeneratorConfiguration: Will use date range start date: null, end date: null
2021-07-27 18:54:03,921 INFO o.a.j.r.c.ReportGeneratorConfiguration: Property 'jmeter.reportgenerator.graph.totalTPS.exclude_controllers' not found, using default value 'false' instead.
2021-07-27 18:54:03,921 INFO o.a.j.r.c.ReportGeneratorConfiguration: Property 'jmeter.reportgenerator.graph.activeThreadsOverTime.exclude_controllers' not found, using default value 'false' instead.
2021-07-27 18:54:03,922 INFO o.a.j.r.c.ReportGeneratorConfiguration: Property 'jmeter.reportgenerator.graph.timeVsThreads.exclude_controllers' not found, using default value 'false' instead.
2021-07-27 18:54:03,922 INFO o.a.j.r.c.ReportGeneratorConfiguration: Property 'jmeter.reportgenerator.graph.responseTimeDistribution.exclude_controllers' not found, using default value 'false' instead.
2021-07-27 18:54:03,922 INFO o.a.j.r.c.ReportGeneratorConfiguration: Property 'jmeter.reportgenerator.graph.transactionsPerSecond.exclude_controllers' not found, using default value 'false' instead.
2021-07-27 18:54:03,922 INFO o.a.j.r.c.ReportGeneratorConfiguration: Property 'jmeter.reportgenerator.graph.responseTimePercentiles.exclude_controllers' not found, using default value 'false' instead.
2021-07-27 18:54:03,922 INFO o.a.j.r.c.ReportGeneratorConfiguration: Property 'jmeter.reportgenerator.graph.responseTimePercentilesOverTime.exclude_controllers' not found, using default value 'false' instead.
2021-07-27 18:54:03,922 INFO o.a.j.r.c.ReportGeneratorConfiguration: Property 'jmeter.reportgenerator.graph.responseTimesOverTime.exclude_controllers' not found, using default value 'false' instead.
2021-07-27 18:54:03,922 INFO o.a.j.r.c.ReportGeneratorConfiguration: Property 'jmeter.reportgenerator.graph.connectTimeOverTime.exclude_controllers' not found, using default value 'false' instead.
2021-07-27 18:54:03,922 INFO o.a.j.r.c.ReportGeneratorConfiguration: Property 'jmeter.reportgenerator.graph.latenciesOverTime.exclude_controllers' not found, using default value 'false' instead.
2021-07-27 18:54:03,923 INFO o.a.j.r.c.ReportGeneratorConfiguration: Property 'jmeter.reportgenerator.exporter.json.filters_only_sample_series' not found, using default value 'true' instead.
2021-07-27 18:54:03,923 INFO o.a.j.r.c.ReportGeneratorConfiguration: Property 'jmeter.reportgenerator.exporter.json.series_filter' not found, using default value '' instead.
2021-07-27 18:54:03,923 INFO o.a.j.r.c.ReportGeneratorConfiguration: Property 'jmeter.reportgenerator.exporter.json.show_controllers_only' not found, using default value 'false' instead.
2021-07-27 18:54:03,924 INFO o.a.j.r.c.ReportGeneratorConfiguration: Property 'jmeter.reportgenerator.exporter.html.filters_only_sample_series' not found, using default value 'true' instead.
2021-07-27 18:54:03,924 INFO o.a.j.r.c.ReportGeneratorConfiguration: Property 'jmeter.reportgenerator.exporter.html.series_filter' not found, using default value '' instead.
2021-07-27 18:54:03,924 INFO o.a.j.r.c.ReportGeneratorConfiguration: Property 'jmeter.reportgenerator.exporter.html.show_controllers_only' not found, using default value 'false' instead.
2021-07-27 18:54:03,927 INFO o.a.j.e.StandardJMeterEngine: Running the test!
2021-07-27 18:54:03,928 INFO o.a.j.s.SampleEvent: List of sample_variables: []
2021-07-27 18:54:03,928 INFO o.a.j.s.SampleEvent: List of sample_variables: []
2021-07-27 18:54:03,933 INFO o.a.j.e.u.CompoundVariable: Note: Function class names must contain the string: '.functions.'
2021-07-27 18:54:03,933 INFO o.a.j.e.u.CompoundVariable: Note: Function class names must not contain the string: '.gui.'
2021-07-27 18:54:04,271 INFO o.a.j.JMeter: Running test (1627392244271)
2021-07-27 18:54:04,326 INFO o.a.j.e.StandardJMeterEngine: Starting ThreadGroup: 1 : CreateAuthoringWithAdditionalSingleDoc-Job
2021-07-27 18:54:04,326 INFO o.a.j.e.StandardJMeterEngine: Starting 1 threads for group CreateAuthoringWithAdditionalSingleDoc-Job.
2021-07-27 18:54:04,326 INFO o.a.j.e.StandardJMeterEngine: Thread will stop on error
2021-07-27 18:54:04,326 INFO o.a.j.t.ThreadGroup: Starting thread group... number=1 threads=1 ramp-up=1 perThread=1000.0 delayedStart=true
2021-07-27 18:54:04,327 INFO o.a.j.t.ThreadGroup: Started thread group number 1
2021-07-27 18:54:04,327 INFO o.a.j.e.StandardJMeterEngine: All thread groups have been started
2021-07-27 18:54:04,352 INFO o.a.j.s.SampleResult: Note: Sample TimeStamps are START times
2021-07-27 18:54:04,352 INFO o.a.j.s.SampleResult: sampleresult.default.encoding is set to ISO-8859-1
2021-07-27 18:54:04,352 INFO o.a.j.s.SampleResult: sampleresult.useNanoTime=true
2021-07-27 18:54:04,352 INFO o.a.j.s.SampleResult: sampleresult.nanoThreadSleep=5000
2021-07-27 18:54:04,358 INFO o.a.j.t.JMeterThread: Thread started: CreateAuthoringWithAdditionalSingleDoc-Job 1-1
2021-07-27 18:54:04,360 INFO o.a.j.c.LoopController: iterationStart called on 3# Loop Controller for Suggested Action-Autho with source org.apache.jmeter.control.LoopController@14618584 and iteration 1
2021-07-27 18:54:04,360 INFO o.a.j.s.FileServer: Stored: D:/apache-jmeter-5.1/apache-jmeter-5.1/bin/Files/Partner_ZCS_Users.csv
2021-07-27 18:54:04,372 INFO o.a.j.p.h.s.HTTPHCAbstractImpl: Local host = ZIPLSY2278
2021-07-27 18:54:04,378 INFO o.a.j.p.h.s.HTTPHC4Impl: HTTP request retry count = 0
2021-07-27 18:54:04,433 INFO o.a.j.p.h.s.h.LazyLayeredConnectionSocketFactory: Setting up HTTPS TrustAll Socket Factory
2021-07-27 18:54:04,438 INFO o.a.j.u.JsseSSLManager: Using default SSL protocol: TLS
2021-07-27 18:54:04,438 INFO o.a.j.u.JsseSSLManager: SSL session context: per-thread
2021-07-27 18:54:04,825 INFO o.a.j.u.SSLManager: JmeterKeyStore Location:  type JKS
2021-07-27 18:54:04,826 INFO o.a.j.u.SSLManager: KeyStore created OK
2021-07-27 18:54:04,826 WARN o.a.j.u.SSLManager: Keystore file not found, loading empty keystore
2021-07-27 18:54:05,473 INFO o.a.j.r.Summariser: summary +      1 in 00:00:01 =    0.8/s Avg:  1053 Min:  1053 Max:  1053 Err:     0 (0.00%) Active: 1 Started: 1 Finished: 0
2021-07-27 18:54:26,051 INFO o.a.j.s.FileServer: Stored: D:\apache-jmeter-5.1\apache-jmeter-5.1\bin\Files\AUTO35813.docx
2021-07-27 18:54:33,161 INFO o.a.j.r.Summariser: summary +     40 in 00:00:28 =    1.4/s Avg:   459 Min:   205 Max:  3673 Err:     0 (0.00%) Active: 1 Started: 1 Finished: 0
2021-07-27 18:54:33,162 INFO o.a.j.r.Summariser: summary =     41 in 00:00:29 =    1.4/s Avg:   473 Min:   205 Max:  3673 Err:     0 (0.00%)
2021-07-27 18:54:46,701 ERROR o.a.j.u.BeanShellInterpreter: Error invoking bsh method: eval	Sourced file: inline evaluation of: ``String totalRecords = vars.get("totalRecords"); String perpage = vars.get("perpa . . . '' : Typed variable declaration : Method Invocation Integer.parseInt
2021-07-27 18:54:46,701 WARN o.a.j.e.BeanShellPostProcessor: Problem in BeanShell script: org.apache.jorphan.util.JMeterException: Error invoking bsh method: eval	Sourced file: inline evaluation of: ``String totalRecords = vars.get("totalRecords"); String perpage = vars.get("perpa . . . '' : Typed variable declaration : Method Invocation Integer.parseInt
2021-07-27 18:55:01,449 INFO o.a.j.c.LoopController: iterationStart called on 11.1 Documents-5 with source org.apache.jmeter.control.TransactionController@1dee0ab5 and iteration 0
2021-07-27 18:55:02,450 INFO o.a.j.s.FileServer: Stored: D:/apache-jmeter-5.1/apache-jmeter-5.1/bin/Files/128mb1.pdf
2021-07-27 18:56:21,587 INFO o.a.j.c.LoopController: iterationStart called on 11.2 GetPageCount with source org.apache.jmeter.control.TransactionController@5789c008 and iteration 0
2021-07-27 18:56:30,313 INFO o.a.j.r.Summariser: summary +     31 in 00:01:57 =    0.3/s Avg:  2922 Min:   259 Max: 68077 Err:     0 (0.00%) Active: 1 Started: 1 Finished: 0
2021-07-27 18:56:30,314 INFO o.a.j.r.Summariser: summary =     72 in 00:02:26 =    0.5/s Avg:  1527 Min:   205 Max: 68077 Err:     0 (0.00%)
2021-07-27 18:56:31,189 INFO o.a.j.t.JMeterThread: Stop Thread detected by thread: CreateAuthoringWithAdditionalSingleDoc-Job 1-1
2021-07-27 18:56:31,189 INFO o.a.j.t.JMeterThread: Thread finished: CreateAuthoringWithAdditionalSingleDoc-Job 1-1
2021-07-27 18:56:31,190 INFO o.a.j.e.StandardJMeterEngine: Notifying test listeners of end of test
2021-07-27 18:56:31,191 INFO o.a.j.s.FileServer: Close: D:/apache-jmeter-5.1/apache-jmeter-5.1/bin/Files/Partner_ZCS_Users.csv
2021-07-27 18:56:31,192 INFO o.a.j.r.Summariser: summary +      3 in 00:00:01 =    3.4/s Avg:   288 Min:   266 Max:   314 Err:     1 (33.33%) Active: 0 Started: 1 Finished: 1
2021-07-27 18:56:31,192 INFO o.a.j.r.Summariser: summary =     75 in 00:02:27 =    0.5/s Avg:  1478 Min:   205 Max: 68077 Err:     1 (1.33%)
2021-07-27 18:56:31,192 INFO o.a.j.JMeter: Generating Dashboard
2021-07-27 18:56:31,192 INFO o.a.j.r.d.ReportGenerator: Flushing result collector before report Generation
2021-07-27 18:56:31,206 INFO o.a.j.r.p.NormalizerSampleConsumer: Using format, 'ms', to parse timeStamp field
2021-07-27 18:56:31,276 INFO o.a.j.r.p.AbstractSampleConsumer: class org.apache.jmeter.report.processor.AggregateConsumer#stopProducing(): beginDate produced 0 samples
2021-07-27 18:56:31,276 INFO o.a.j.r.p.AbstractSampleConsumer: class org.apache.jmeter.report.processor.AggregateConsumer#stopProducing(): endDate produced 0 samples
2021-07-27 18:56:31,278 INFO o.a.j.r.p.AbstractSampleConsumer: class org.apache.jmeter.report.processor.ApdexSummaryConsumer#stopProducing(): apdexSummary produced 0 samples
2021-07-27 18:56:31,278 INFO o.a.j.r.p.AbstractSampleConsumer: class org.apache.jmeter.report.processor.RequestsSummaryConsumer#stopProducing(): requestsSummary produced 0 samples
2021-07-27 18:56:31,282 INFO o.a.j.r.p.AbstractSampleConsumer: class org.apache.jmeter.report.processor.StatisticsSummaryConsumer#stopProducing(): statisticsSummary produced 0 samples
2021-07-27 18:56:31,284 INFO o.a.j.r.p.AbstractSampleConsumer: class org.apache.jmeter.report.processor.Top5ErrorsBySamplerConsumer#stopProducing(): top5ErrorsBySampler produced 0 samples
2021-07-27 18:56:31,285 INFO o.a.j.r.p.AbstractSampleConsumer: class org.apache.jmeter.report.processor.ErrorsSummaryConsumer#stopProducing(): errorsSummary produced 0 samples
2021-07-27 18:56:31,285 INFO o.a.j.r.p.AbstractSampleConsumer: class org.apache.jmeter.report.processor.graph.impl.HitsPerSecondGraphConsumer#stopProducing(): hitsPerSecond produced 0 samples
2021-07-27 18:56:31,293 INFO o.a.j.r.p.AbstractSampleConsumer: class org.apache.jmeter.report.processor.graph.impl.LatencyVSRequestGraphConsumer#stopProducing(): latencyVsRequest produced 0 samples
2021-07-27 18:56:31,293 INFO o.a.j.r.p.AbstractSampleConsumer: class org.apache.jmeter.report.processor.graph.impl.SyntheticResponseTimeDistributionGraphConsumer#stopProducing(): syntheticResponseTimeDistribution produced 0 samples
2021-07-27 18:56:31,294 INFO o.a.j.r.p.AbstractSampleConsumer: class org.apache.jmeter.report.processor.graph.impl.BytesThroughputGraphConsumer#stopProducing(): bytesThroughputOverTime produced 0 samples
2021-07-27 18:56:31,294 INFO o.a.j.r.p.AbstractSampleConsumer: class org.apache.jmeter.report.processor.graph.impl.CodesPerSecondGraphConsumer#stopProducing(): codesPerSecond produced 0 samples
2021-07-27 18:56:31,297 INFO o.a.j.r.p.AbstractSampleConsumer: class org.apache.jmeter.report.processor.graph.impl.ResponseTimeVSRequestGraphConsumer#stopProducing(): responseTimeVsRequest produced 0 samples
2021-07-27 18:56:31,298 INFO o.a.j.r.p.AbstractSampleConsumer: class org.apache.jmeter.report.processor.FilterConsumer#stopProducing(): startIntervalControlerFilter produced 525 samples
2021-07-27 18:56:31,298 INFO o.a.j.r.p.AbstractSampleConsumer: class org.apache.jmeter.report.processor.graph.impl.TotalTPSGraphConsumer#stopProducing(): totalTPS produced 0 samples
2021-07-27 18:56:31,298 INFO o.a.j.r.p.AbstractSampleConsumer: class org.apache.jmeter.report.processor.graph.impl.ActiveThreadsGraphConsumer#stopProducing(): activeThreadsOverTime produced 0 samples
2021-07-27 18:56:31,298 INFO o.a.j.r.p.AbstractSampleConsumer: class org.apache.jmeter.report.processor.graph.impl.TimeVSThreadGraphConsumer#stopProducing(): timeVsThreads produced 0 samples
2021-07-27 18:56:31,302 INFO o.a.j.r.p.AbstractSampleConsumer: class org.apache.jmeter.report.processor.graph.impl.ResponseTimeDistributionGraphConsumer#stopProducing(): responseTimeDistribution produced 0 samples
2021-07-27 18:56:31,302 INFO o.a.j.r.p.AbstractSampleConsumer: class org.apache.jmeter.report.processor.graph.impl.TransactionsPerSecondGraphConsumer#stopProducing(): transactionsPerSecond produced 0 samples
2021-07-27 18:56:31,303 INFO o.a.j.r.p.AbstractSampleConsumer: class org.apache.jmeter.report.processor.graph.impl.ResponseTimePercentilesGraphConsumer#stopProducing(): responseTimePercentiles produced 0 samples
2021-07-27 18:56:31,314 INFO o.a.j.r.p.AbstractSampleConsumer: class org.apache.jmeter.report.processor.graph.impl.ResponseTimePercentilesOverTimeGraphConsumer#stopProducing(): responseTimePercentilesOverTime produced 0 samples
2021-07-27 18:56:31,314 INFO o.a.j.r.p.AbstractSampleConsumer: class org.apache.jmeter.report.processor.graph.impl.ResponseTimeOverTimeGraphConsumer#stopProducing(): responseTimesOverTime produced 0 samples
2021-07-27 18:56:31,314 INFO o.a.j.r.p.AbstractSampleConsumer: class org.apache.jmeter.report.processor.graph.impl.ConnectTimeOverTimeGraphConsumer#stopProducing(): connectTimeOverTime produced 0 samples
2021-07-27 18:56:31,315 INFO o.a.j.r.p.AbstractSampleConsumer: class org.apache.jmeter.report.processor.graph.impl.LatencyOverTimeGraphConsumer#stopProducing(): latenciesOverTime produced 0 samples
2021-07-27 18:56:31,315 INFO o.a.j.r.p.AbstractSampleConsumer: class org.apache.jmeter.report.processor.FilterConsumer#stopProducing(): nameFilter produced 1635 samples
2021-07-27 18:56:31,315 INFO o.a.j.r.p.AbstractSampleConsumer: class org.apache.jmeter.report.processor.FilterConsumer#stopProducing(): dateRangeFilter produced 327 samples
2021-07-27 18:56:31,315 INFO o.a.j.r.p.AbstractSampleConsumer: class org.apache.jmeter.report.processor.NormalizerSampleConsumer#stopProducing(): normalizer produced 109 samples
2021-07-27 18:56:31,315 INFO o.a.j.r.p.CsvFileSampleSource: produce(): 109 samples produced in 87ms on channel 0
2021-07-27 18:56:31,316 INFO o.a.j.r.d.ReportGenerator: Exporting data using exporter:'json' of className:'org.apache.jmeter.report.dashboard.JsonExporter'
2021-07-27 18:56:31,317 INFO o.a.j.r.d.JsonExporter: Found data for consumer statisticsSummary in context
2021-07-27 18:56:31,317 INFO o.a.j.r.d.JsonExporter: Creating statistics for overall
2021-07-27 18:56:31,317 INFO o.a.j.r.d.JsonExporter: Creating statistics for other transactions
2021-07-27 18:56:31,318 INFO o.a.j.r.d.JsonExporter: Checking output folder
2021-07-27 18:56:31,319 INFO o.a.j.r.d.JsonExporter: Writing statistics JSON to C:\xampp\htdocs\POC\L1_iContract_1_CreateAuthoringWithAdditionalSingleDoc_2021-07-27_22\statistics.json
2021-07-27 18:56:31,451 INFO o.a.j.r.d.ReportGenerator: Exporting data using exporter:'html' of className:'org.apache.jmeter.report.dashboard.HtmlTemplateExporter'
2021-07-27 18:56:31,453 INFO o.a.j.r.d.HtmlTemplateExporter: Will generate dashboard in folder: C:\xampp\htdocs\POC\L1_iContract_1_CreateAuthoringWithAdditionalSingleDoc_2021-07-27_22
2021-07-27 18:56:31,633 INFO o.a.j.r.d.HtmlTemplateExporter: Report will be generated in: C:\xampp\htdocs\POC\L1_iContract_1_CreateAuthoringWithAdditionalSingleDoc_2021-07-27_22, creating folder structure
2021-07-27 18:56:31,636 INFO o.a.j.r.d.TemplateVisitor: Copying folder from 'D:\apache-jmeter-5.1\apache-jmeter-5.1\bin\report-template' to 'C:\xampp\htdocs\POC\L1_iContract_1_CreateAuthoringWithAdditionalSingleDoc_2021-07-27_22', got message:[C:\xampp\htdocs\POC\L1_iContract_1_CreateAuthoringWithAdditionalSingleDoc_2021-07-27_22\statistics.json], found non empty folder with following content {}, will be ignored
2021-07-27 18:56:32,256 INFO o.a.j.JMeter: Dashboard generated
