2021-07-23 14:57:36,134 INFO o.a.j.u.JMeterUtils: Setting Locale to en_EN
2021-07-23 14:57:36,145 INFO o.a.j.JMeter: Loading user properties from: user.properties
2021-07-23 14:57:36,146 INFO o.a.j.JMeter: Loading system properties from: system.properties
2021-07-23 14:57:36,146 INFO o.a.j.JMeter: Setting JMeter property: meter.reportgenerator.report_title=CreateAuthoringWithAdditionalBulkDoc
2021-07-23 14:57:36,146 INFO o.a.j.JMeter: Setting JMeter property: thread=1
2021-07-23 14:57:36,146 INFO o.a.j.JMeter: Setting JMeter property: rampup=1
2021-07-23 14:57:36,146 INFO o.a.j.JMeter: Setting JMeter property: tenant=Partner_ZCS_Users
2021-07-23 14:57:36,151 INFO o.a.j.JMeter: Copyright (c) 1998-2019 The Apache Software Foundation
2021-07-23 14:57:36,151 INFO o.a.j.JMeter: Version 5.1 r1853635
2021-07-23 14:57:36,151 INFO o.a.j.JMeter: java.version=1.8.0_144
2021-07-23 14:57:36,151 INFO o.a.j.JMeter: java.vm.name=Java HotSpot(TM) 64-Bit Server VM
2021-07-23 14:57:36,151 INFO o.a.j.JMeter: os.name=Windows 10
2021-07-23 14:57:36,151 INFO o.a.j.JMeter: os.arch=amd64
2021-07-23 14:57:36,151 INFO o.a.j.JMeter: os.version=10.0
2021-07-23 14:57:36,151 INFO o.a.j.JMeter: file.encoding=Cp1252
2021-07-23 14:57:36,151 INFO o.a.j.JMeter: java.awt.headless=true
2021-07-23 14:57:36,151 INFO o.a.j.JMeter: Max memory     =8589934592
2021-07-23 14:57:36,151 INFO o.a.j.JMeter: Available Processors =4
2021-07-23 14:57:36,154 INFO o.a.j.JMeter: Default Locale=English (EN)
2021-07-23 14:57:36,154 INFO o.a.j.JMeter: JMeter  Locale=English (EN)
2021-07-23 14:57:36,154 INFO o.a.j.JMeter: JMeterHome=D:\apache-jmeter-5.1\apache-jmeter-5.1
2021-07-23 14:57:36,154 INFO o.a.j.JMeter: user.dir  =D:\apache-jmeter-5.1\apache-jmeter-5.1\bin
2021-07-23 14:57:36,155 INFO o.a.j.JMeter: PWD       =D:\apache-jmeter-5.1\apache-jmeter-5.1\bin
2021-07-23 14:57:36,157 INFO o.a.j.JMeter: IP: 192.168.35.159 Name: ZIPLSY1584 FullName: host.docker.internal
2021-07-23 14:57:36,158 INFO o.a.j.JMeter: Setting property 'jmeter.reportgenerator.outputdir' to:'C:\xampp\htdocs\performance\L1_iContract_1_CreateAuthoringWithAdditionalBulkDoc_2021-07-23_15'
2021-07-23 14:57:36,160 INFO o.a.j.s.FileServer: Default base='D:\apache-jmeter-5.1\apache-jmeter-5.1\bin'
2021-07-23 14:57:36,163 INFO o.a.j.s.FileServer: Set new base='D:\PEAutomation\Partner\iContract'
2021-07-23 14:57:36,269 INFO o.a.j.s.SaveService: Testplan (JMX) version: 2.2. Testlog (JTL) version: 2.2
2021-07-23 14:57:36,281 INFO o.a.j.s.SaveService: Using SaveService properties file encoding UTF-8
2021-07-23 14:57:36,285 INFO o.a.j.s.SaveService: Using SaveService properties version 5.0
2021-07-23 14:57:36,290 INFO o.a.j.s.SaveService: Loading file: D:\PEAutomation\Partner\iContract\L1_iContract_CreateAuthoringWithAdditionalBulkDoc.jmx
2021-07-23 14:57:36,372 INFO o.a.j.p.h.c.CookieManager: Settings: Delete null: true Check: true Allow variable: true Save: false Prefix: COOKIE_
2021-07-23 14:57:36,376 INFO o.a.j.p.h.c.CacheManager: Will only cache the following methods: [GET]
2021-07-23 14:57:36,386 INFO o.a.j.p.h.s.HTTPSamplerBase: Parser for text/html is org.apache.jmeter.protocol.http.parser.LagartoBasedHtmlParser
2021-07-23 14:57:36,386 INFO o.a.j.p.h.s.HTTPSamplerBase: Parser for application/xhtml+xml is org.apache.jmeter.protocol.http.parser.LagartoBasedHtmlParser
2021-07-23 14:57:36,386 INFO o.a.j.p.h.s.HTTPSamplerBase: Parser for application/xml is org.apache.jmeter.protocol.http.parser.LagartoBasedHtmlParser
2021-07-23 14:57:36,386 INFO o.a.j.p.h.s.HTTPSamplerBase: Parser for text/xml is org.apache.jmeter.protocol.http.parser.LagartoBasedHtmlParser
2021-07-23 14:57:36,386 INFO o.a.j.p.h.s.HTTPSamplerBase: Parser for text/vnd.wap.wml is org.apache.jmeter.protocol.http.parser.RegexpHTMLParser
2021-07-23 14:57:36,386 INFO o.a.j.p.h.s.HTTPSamplerBase: Parser for text/css is org.apache.jmeter.protocol.http.parser.CssParser
2021-07-23 14:57:36,573 INFO o.a.j.JMeter: Creating summariser <summary>
2021-07-23 14:57:36,578 INFO o.a.j.r.d.ReportGenerator: ReportGenerator will use for Parsing the separator: ','
2021-07-23 14:57:36,579 INFO o.a.j.r.d.ReportGenerator: Will generate report at end of test from  results file: D:\PEAutomation\Partner\iContract\JTL\L1_iContract_1_CreateAuthoringWithAdditionalBulkDoc_2021-07-23_15.jtl
2021-07-23 14:57:36,579 INFO o.a.j.r.d.ReportGenerator: Reading report generator properties from: D:\apache-jmeter-5.1\apache-jmeter-5.1\bin\reportgenerator.properties
2021-07-23 14:57:36,580 INFO o.a.j.r.d.ReportGenerator: Merging with JMeter properties
2021-07-23 14:57:36,585 INFO o.a.j.r.c.ReportGeneratorConfiguration: Property 'jmeter.reportgenerator.temp_dir' not found, using default value 'temp' instead.
2021-07-23 14:57:36,587 INFO o.a.j.r.c.ReportGeneratorConfiguration: Property 'jmeter.reportgenerator.apdex_per_transaction' not found, using default value 'null' instead.
2021-07-23 14:57:36,587 INFO o.a.j.r.c.ReportGeneratorConfiguration: apdex_per_transaction : {} is empty, not APDEX per transaction customization
2021-07-23 14:57:36,588 INFO o.a.j.r.c.ReportGeneratorConfiguration: Property 'jmeter.reportgenerator.sample_filter' not found, using default value 'null' instead.
2021-07-23 14:57:36,588 INFO o.a.j.r.c.ReportGeneratorConfiguration: Property 'jmeter.reportgenerator.report_title' not found, using default value 'null' instead.
2021-07-23 14:57:36,588 INFO o.a.j.r.c.ReportGeneratorConfiguration: Property 'jmeter.reportgenerator.start_date' not found, using default value 'null' instead.
2021-07-23 14:57:36,588 INFO o.a.j.r.c.ReportGeneratorConfiguration: Property 'jmeter.reportgenerator.end_date' not found, using default value 'null' instead.
2021-07-23 14:57:36,588 INFO o.a.j.r.c.ReportGeneratorConfiguration: Property 'jmeter.reportgenerator.date_format' not found, using default value 'null' instead.
2021-07-23 14:57:36,589 INFO o.a.j.r.c.ReportGeneratorConfiguration: Will use date range start date: null, end date: null
2021-07-23 14:57:36,598 INFO o.a.j.r.c.ReportGeneratorConfiguration: Property 'jmeter.reportgenerator.graph.totalTPS.exclude_controllers' not found, using default value 'false' instead.
2021-07-23 14:57:36,599 INFO o.a.j.r.c.ReportGeneratorConfiguration: Property 'jmeter.reportgenerator.graph.activeThreadsOverTime.exclude_controllers' not found, using default value 'false' instead.
2021-07-23 14:57:36,599 INFO o.a.j.r.c.ReportGeneratorConfiguration: Property 'jmeter.reportgenerator.graph.timeVsThreads.exclude_controllers' not found, using default value 'false' instead.
2021-07-23 14:57:36,599 INFO o.a.j.r.c.ReportGeneratorConfiguration: Property 'jmeter.reportgenerator.graph.responseTimeDistribution.exclude_controllers' not found, using default value 'false' instead.
2021-07-23 14:57:36,599 INFO o.a.j.r.c.ReportGeneratorConfiguration: Property 'jmeter.reportgenerator.graph.transactionsPerSecond.exclude_controllers' not found, using default value 'false' instead.
2021-07-23 14:57:36,600 INFO o.a.j.r.c.ReportGeneratorConfiguration: Property 'jmeter.reportgenerator.graph.responseTimePercentiles.exclude_controllers' not found, using default value 'false' instead.
2021-07-23 14:57:36,600 INFO o.a.j.r.c.ReportGeneratorConfiguration: Property 'jmeter.reportgenerator.graph.responseTimePercentilesOverTime.exclude_controllers' not found, using default value 'false' instead.
2021-07-23 14:57:36,600 INFO o.a.j.r.c.ReportGeneratorConfiguration: Property 'jmeter.reportgenerator.graph.responseTimesOverTime.exclude_controllers' not found, using default value 'false' instead.
2021-07-23 14:57:36,600 INFO o.a.j.r.c.ReportGeneratorConfiguration: Property 'jmeter.reportgenerator.graph.connectTimeOverTime.exclude_controllers' not found, using default value 'false' instead.
2021-07-23 14:57:36,600 INFO o.a.j.r.c.ReportGeneratorConfiguration: Property 'jmeter.reportgenerator.graph.latenciesOverTime.exclude_controllers' not found, using default value 'false' instead.
2021-07-23 14:57:36,601 INFO o.a.j.r.c.ReportGeneratorConfiguration: Property 'jmeter.reportgenerator.exporter.json.filters_only_sample_series' not found, using default value 'true' instead.
2021-07-23 14:57:36,601 INFO o.a.j.r.c.ReportGeneratorConfiguration: Property 'jmeter.reportgenerator.exporter.json.series_filter' not found, using default value '' instead.
2021-07-23 14:57:36,601 INFO o.a.j.r.c.ReportGeneratorConfiguration: Property 'jmeter.reportgenerator.exporter.json.show_controllers_only' not found, using default value 'false' instead.
2021-07-23 14:57:36,602 INFO o.a.j.r.c.ReportGeneratorConfiguration: Property 'jmeter.reportgenerator.exporter.html.filters_only_sample_series' not found, using default value 'true' instead.
2021-07-23 14:57:36,602 INFO o.a.j.r.c.ReportGeneratorConfiguration: Property 'jmeter.reportgenerator.exporter.html.series_filter' not found, using default value '' instead.
2021-07-23 14:57:36,602 INFO o.a.j.r.c.ReportGeneratorConfiguration: Property 'jmeter.reportgenerator.exporter.html.show_controllers_only' not found, using default value 'false' instead.
2021-07-23 14:57:36,606 INFO o.a.j.e.StandardJMeterEngine: Running the test!
2021-07-23 14:57:36,606 INFO o.a.j.s.SampleEvent: List of sample_variables: []
2021-07-23 14:57:36,606 INFO o.a.j.s.SampleEvent: List of sample_variables: []
2021-07-23 14:57:36,612 INFO o.a.j.e.u.CompoundVariable: Note: Function class names must contain the string: '.functions.'
2021-07-23 14:57:36,612 INFO o.a.j.e.u.CompoundVariable: Note: Function class names must not contain the string: '.gui.'
2021-07-23 14:57:37,012 INFO o.a.j.JMeter: Running test (1627032457012)
2021-07-23 14:57:37,079 INFO o.a.j.e.StandardJMeterEngine: Starting ThreadGroup: 1 : CreateAuthoringWithAdditionalBulkDoc-Job
2021-07-23 14:57:37,079 INFO o.a.j.e.StandardJMeterEngine: Starting 1 threads for group CreateAuthoringWithAdditionalBulkDoc-Job.
2021-07-23 14:57:37,079 INFO o.a.j.e.StandardJMeterEngine: Thread will stop on error
2021-07-23 14:57:37,079 INFO o.a.j.t.ThreadGroup: Starting thread group... number=1 threads=1 ramp-up=1 perThread=1000.0 delayedStart=true
2021-07-23 14:57:37,080 INFO o.a.j.t.ThreadGroup: Started thread group number 1
2021-07-23 14:57:37,080 INFO o.a.j.e.StandardJMeterEngine: All thread groups have been started
2021-07-23 14:57:37,108 INFO o.a.j.s.SampleResult: Note: Sample TimeStamps are START times
2021-07-23 14:57:37,108 INFO o.a.j.s.SampleResult: sampleresult.default.encoding is set to ISO-8859-1
2021-07-23 14:57:37,108 INFO o.a.j.s.SampleResult: sampleresult.useNanoTime=true
2021-07-23 14:57:37,108 INFO o.a.j.s.SampleResult: sampleresult.nanoThreadSleep=5000
2021-07-23 14:57:37,115 INFO o.a.j.t.JMeterThread: Thread started: CreateAuthoringWithAdditionalBulkDoc-Job 1-1
2021-07-23 14:57:37,117 INFO o.a.j.c.LoopController: iterationStart called on 3# Loop Controller for Suggested Action-Autho with source org.apache.jmeter.control.LoopController@58a7d168 and iteration 1
2021-07-23 14:57:37,117 INFO o.a.j.s.FileServer: Stored: D:/apache-jmeter-5.1/apache-jmeter-5.1/bin/Files/Partner_ZCS_Users.csv
2021-07-23 14:57:37,132 INFO o.a.j.p.h.s.HTTPHCAbstractImpl: Local host = ZIPLSY1584
2021-07-23 14:57:37,138 INFO o.a.j.p.h.s.HTTPHC4Impl: HTTP request retry count = 0
2021-07-23 14:57:37,198 INFO o.a.j.p.h.s.h.LazyLayeredConnectionSocketFactory: Setting up HTTPS TrustAll Socket Factory
2021-07-23 14:57:37,204 INFO o.a.j.u.JsseSSLManager: Using default SSL protocol: TLS
2021-07-23 14:57:37,204 INFO o.a.j.u.JsseSSLManager: SSL session context: per-thread
2021-07-23 14:57:37,575 INFO o.a.j.u.SSLManager: JmeterKeyStore Location:  type JKS
2021-07-23 14:57:37,576 INFO o.a.j.u.SSLManager: KeyStore created OK
2021-07-23 14:57:37,576 WARN o.a.j.u.SSLManager: Keystore file not found, loading empty keystore
2021-07-23 14:58:01,650 INFO o.a.j.r.Summariser: summary +     37 in 00:00:25 =    1.5/s Avg:   492 Min:   277 Max:  2659 Err:     0 (0.00%) Active: 1 Started: 1 Finished: 0
2021-07-23 14:58:02,411 INFO o.a.j.s.FileServer: Stored: D:\apache-jmeter-5.1\apache-jmeter-5.1\bin\Files\AUTO35813.docx
2021-07-23 14:58:16,964 ERROR o.a.j.u.BeanShellInterpreter: Error invoking bsh method: eval	Sourced file: inline evaluation of: ``String totalRecords = vars.get("totalRecords"); String perpage = vars.get("perpa . . . '' : Typed variable declaration : Method Invocation Integer.parseInt
2021-07-23 14:58:16,964 WARN o.a.j.e.BeanShellPostProcessor: Problem in BeanShell script: org.apache.jorphan.util.JMeterException: Error invoking bsh method: eval	Sourced file: inline evaluation of: ``String totalRecords = vars.get("totalRecords"); String perpage = vars.get("perpa . . . '' : Typed variable declaration : Method Invocation Integer.parseInt
2021-07-23 14:58:32,247 INFO o.a.j.c.LoopController: iterationStart called on 11.1 Documents-5 with source org.apache.jmeter.control.TransactionController@76349b11 and iteration 0
2021-07-23 14:58:32,249 INFO o.a.j.s.FileServer: Stored: D:/apache-jmeter-5.1/apache-jmeter-5.1/bin/Files/20mbTest1.pdf
2021-07-23 14:58:47,784 INFO o.a.j.s.FileServer: Stored: D:/apache-jmeter-5.1/apache-jmeter-5.1/bin/Files/20mbTest2.pdf
2021-07-23 14:58:55,299 INFO o.a.j.s.FileServer: Stored: D:/apache-jmeter-5.1/apache-jmeter-5.1/bin/Files/20mbTest3.pdf
2021-07-23 14:59:01,270 INFO o.a.j.r.Summariser: summary +     32 in 00:01:00 =    0.5/s Avg:  1411 Min:   287 Max: 15535 Err:     0 (0.00%) Active: 1 Started: 1 Finished: 0
2021-07-23 14:59:01,271 INFO o.a.j.r.Summariser: summary =     69 in 00:01:24 =    0.8/s Avg:   918 Min:   277 Max: 15535 Err:     0 (0.00%)
2021-07-23 14:59:01,271 INFO o.a.j.s.FileServer: Stored: D:/apache-jmeter-5.1/apache-jmeter-5.1/bin/Files/20mbTest4.pdf
2021-07-23 14:59:06,147 INFO o.a.j.s.FileServer: Stored: D:/apache-jmeter-5.1/apache-jmeter-5.1/bin/Files/20mbTest5.pdf
2021-07-23 14:59:47,062 INFO o.a.j.s.FileServer: Stored: D:/apache-jmeter-5.1/apache-jmeter-5.1/bin/Files/20mbTest6.pdf
2021-07-23 14:59:51,799 INFO o.a.j.s.FileServer: Stored: D:/apache-jmeter-5.1/apache-jmeter-5.1/bin/Files/20mbTest7.pdf
2021-07-23 14:59:56,102 INFO o.a.j.s.FileServer: Stored: D:/apache-jmeter-5.1/apache-jmeter-5.1/bin/Files/20mbTest8.pdf
2021-07-23 15:00:00,211 INFO o.a.j.r.Summariser: summary +      5 in 00:00:59 =    0.1/s Avg: 11787 Min:  4109 Max: 40912 Err:     0 (0.00%) Active: 1 Started: 1 Finished: 0
2021-07-23 15:00:00,211 INFO o.a.j.r.Summariser: summary =     74 in 00:02:23 =    0.5/s Avg:  1652 Min:   277 Max: 40912 Err:     0 (0.00%)
2021-07-23 15:00:00,212 INFO o.a.j.s.FileServer: Stored: D:/apache-jmeter-5.1/apache-jmeter-5.1/bin/Files/20mbTest9.pdf
2021-07-23 15:00:04,396 INFO o.a.j.s.FileServer: Stored: D:/apache-jmeter-5.1/apache-jmeter-5.1/bin/Files/20mbTest10.pdf
2021-07-23 15:00:09,484 INFO o.a.j.s.FileServer: Stored: D:/apache-jmeter-5.1/apache-jmeter-5.1/bin/Files/20mbTest11.pdf
2021-07-23 15:00:13,364 INFO o.a.j.s.FileServer: Stored: D:/apache-jmeter-5.1/apache-jmeter-5.1/bin/Files/20mbTest12.pdf
2021-07-23 15:01:13,694 INFO o.a.j.s.FileServer: Stored: D:/apache-jmeter-5.1/apache-jmeter-5.1/bin/Files/20mbTest13.pdf
2021-07-23 15:01:20,518 INFO o.a.j.s.FileServer: Stored: D:/apache-jmeter-5.1/apache-jmeter-5.1/bin/Files/20mbTest14.pdf
2021-07-23 15:01:34,934 INFO o.a.j.r.Summariser: summary +      6 in 00:01:35 =    0.1/s Avg: 15786 Min:  3879 Max: 60329 Err:     0 (0.00%) Active: 1 Started: 1 Finished: 0
2021-07-23 15:01:34,935 INFO o.a.j.r.Summariser: summary =     80 in 00:03:58 =    0.3/s Avg:  2712 Min:   277 Max: 60329 Err:     0 (0.00%)
2021-07-23 15:01:34,935 INFO o.a.j.s.FileServer: Stored: D:/apache-jmeter-5.1/apache-jmeter-5.1/bin/Files/20mbTest15.pdf
2021-07-23 15:01:41,130 INFO o.a.j.s.FileServer: Stored: D:/apache-jmeter-5.1/apache-jmeter-5.1/bin/Files/20mbTest16.pdf
2021-07-23 15:01:47,252 INFO o.a.j.s.FileServer: Stored: D:/apache-jmeter-5.1/apache-jmeter-5.1/bin/Files/20mbTest17.pdf
2021-07-23 15:02:02,236 INFO o.a.j.r.Summariser: summary +      3 in 00:00:27 =    0.1/s Avg:  9099 Min:  6122 Max: 14983 Err:     0 (0.00%) Active: 1 Started: 1 Finished: 0
2021-07-23 15:02:02,236 INFO o.a.j.r.Summariser: summary =     83 in 00:04:25 =    0.3/s Avg:  2943 Min:   277 Max: 60329 Err:     0 (0.00%)
2021-07-23 15:02:02,237 INFO o.a.j.s.FileServer: Stored: D:/apache-jmeter-5.1/apache-jmeter-5.1/bin/Files/20mbTest18.pdf
2021-07-23 15:02:06,376 INFO o.a.j.s.FileServer: Stored: D:/apache-jmeter-5.1/apache-jmeter-5.1/bin/Files/20mbTest19.pdf
2021-07-23 15:02:19,592 INFO o.a.j.s.FileServer: Stored: D:/apache-jmeter-5.1/apache-jmeter-5.1/bin/Files/20mbTest20.pdf
2021-07-23 15:02:32,302 INFO o.a.j.r.Summariser: summary +      3 in 00:00:30 =    0.1/s Avg: 10021 Min:  4138 Max: 13215 Err:     0 (0.00%) Active: 1 Started: 1 Finished: 0
2021-07-23 15:02:32,303 INFO o.a.j.r.Summariser: summary =     86 in 00:04:55 =    0.3/s Avg:  3190 Min:   277 Max: 60329 Err:     0 (0.00%)
2021-07-23 15:02:43,356 INFO o.a.j.c.LoopController: iterationStart called on 11.2 GetPageCount with source org.apache.jmeter.control.TransactionController@3f43372d and iteration 0
2021-07-23 15:03:01,180 INFO o.a.j.r.Summariser: summary +     19 in 00:00:29 =    0.7/s Avg:   937 Min:   583 Max:  1651 Err:     0 (0.00%) Active: 1 Started: 1 Finished: 0
2021-07-23 15:03:01,181 INFO o.a.j.r.Summariser: summary =    105 in 00:05:24 =    0.3/s Avg:  2782 Min:   277 Max: 60329 Err:     0 (0.00%)
2021-07-23 15:03:10,133 INFO o.a.j.t.JMeterThread: Stop Thread detected by thread: CreateAuthoringWithAdditionalBulkDoc-Job 1-1
2021-07-23 15:03:10,134 INFO o.a.j.t.JMeterThread: Thread finished: CreateAuthoringWithAdditionalBulkDoc-Job 1-1
2021-07-23 15:03:10,136 INFO o.a.j.e.StandardJMeterEngine: Notifying test listeners of end of test
2021-07-23 15:03:10,136 INFO o.a.j.s.FileServer: Close: D:/apache-jmeter-5.1/apache-jmeter-5.1/bin/Files/Partner_ZCS_Users.csv
2021-07-23 15:03:10,140 INFO o.a.j.r.Summariser: summary +      7 in 00:00:09 =    0.8/s Avg:   835 Min:   354 Max:  2307 Err:     1 (14.29%) Active: 0 Started: 1 Finished: 1
2021-07-23 15:03:10,141 INFO o.a.j.r.Summariser: summary =    112 in 00:05:33 =    0.3/s Avg:  2661 Min:   277 Max: 60329 Err:     1 (0.89%)
2021-07-23 15:03:10,141 INFO o.a.j.JMeter: Generating Dashboard
2021-07-23 15:03:10,141 INFO o.a.j.r.d.ReportGenerator: Flushing result collector before report Generation
2021-07-23 15:03:10,154 INFO o.a.j.r.p.NormalizerSampleConsumer: Using format, 'ms', to parse timeStamp field
2021-07-23 15:03:10,240 INFO o.a.j.r.p.AbstractSampleConsumer: class org.apache.jmeter.report.processor.AggregateConsumer#stopProducing(): beginDate produced 0 samples
2021-07-23 15:03:10,240 INFO o.a.j.r.p.AbstractSampleConsumer: class org.apache.jmeter.report.processor.AggregateConsumer#stopProducing(): endDate produced 0 samples
2021-07-23 15:03:10,243 INFO o.a.j.r.p.AbstractSampleConsumer: class org.apache.jmeter.report.processor.ApdexSummaryConsumer#stopProducing(): apdexSummary produced 0 samples
2021-07-23 15:03:10,243 INFO o.a.j.r.p.AbstractSampleConsumer: class org.apache.jmeter.report.processor.RequestsSummaryConsumer#stopProducing(): requestsSummary produced 0 samples
2021-07-23 15:03:10,247 INFO o.a.j.r.p.AbstractSampleConsumer: class org.apache.jmeter.report.processor.StatisticsSummaryConsumer#stopProducing(): statisticsSummary produced 0 samples
2021-07-23 15:03:10,251 INFO o.a.j.r.p.AbstractSampleConsumer: class org.apache.jmeter.report.processor.Top5ErrorsBySamplerConsumer#stopProducing(): top5ErrorsBySampler produced 0 samples
2021-07-23 15:03:10,251 INFO o.a.j.r.p.AbstractSampleConsumer: class org.apache.jmeter.report.processor.ErrorsSummaryConsumer#stopProducing(): errorsSummary produced 0 samples
2021-07-23 15:03:10,251 INFO o.a.j.r.p.AbstractSampleConsumer: class org.apache.jmeter.report.processor.graph.impl.HitsPerSecondGraphConsumer#stopProducing(): hitsPerSecond produced 0 samples
2021-07-23 15:03:10,257 INFO o.a.j.r.p.AbstractSampleConsumer: class org.apache.jmeter.report.processor.graph.impl.LatencyVSRequestGraphConsumer#stopProducing(): latencyVsRequest produced 0 samples
2021-07-23 15:03:10,257 INFO o.a.j.r.p.AbstractSampleConsumer: class org.apache.jmeter.report.processor.graph.impl.SyntheticResponseTimeDistributionGraphConsumer#stopProducing(): syntheticResponseTimeDistribution produced 0 samples
2021-07-23 15:03:10,257 INFO o.a.j.r.p.AbstractSampleConsumer: class org.apache.jmeter.report.processor.graph.impl.BytesThroughputGraphConsumer#stopProducing(): bytesThroughputOverTime produced 0 samples
2021-07-23 15:03:10,257 INFO o.a.j.r.p.AbstractSampleConsumer: class org.apache.jmeter.report.processor.graph.impl.CodesPerSecondGraphConsumer#stopProducing(): codesPerSecond produced 0 samples
2021-07-23 15:03:10,266 INFO o.a.j.r.p.AbstractSampleConsumer: class org.apache.jmeter.report.processor.graph.impl.ResponseTimeVSRequestGraphConsumer#stopProducing(): responseTimeVsRequest produced 0 samples
2021-07-23 15:03:10,266 INFO o.a.j.r.p.AbstractSampleConsumer: class org.apache.jmeter.report.processor.FilterConsumer#stopProducing(): startIntervalControlerFilter produced 784 samples
2021-07-23 15:03:10,266 INFO o.a.j.r.p.AbstractSampleConsumer: class org.apache.jmeter.report.processor.graph.impl.TotalTPSGraphConsumer#stopProducing(): totalTPS produced 0 samples
2021-07-23 15:03:10,267 INFO o.a.j.r.p.AbstractSampleConsumer: class org.apache.jmeter.report.processor.graph.impl.ActiveThreadsGraphConsumer#stopProducing(): activeThreadsOverTime produced 0 samples
2021-07-23 15:03:10,267 INFO o.a.j.r.p.AbstractSampleConsumer: class org.apache.jmeter.report.processor.graph.impl.TimeVSThreadGraphConsumer#stopProducing(): timeVsThreads produced 0 samples
2021-07-23 15:03:10,274 INFO o.a.j.r.p.AbstractSampleConsumer: class org.apache.jmeter.report.processor.graph.impl.ResponseTimeDistributionGraphConsumer#stopProducing(): responseTimeDistribution produced 0 samples
2021-07-23 15:03:10,274 INFO o.a.j.r.p.AbstractSampleConsumer: class org.apache.jmeter.report.processor.graph.impl.TransactionsPerSecondGraphConsumer#stopProducing(): transactionsPerSecond produced 0 samples
2021-07-23 15:03:10,275 INFO o.a.j.r.p.AbstractSampleConsumer: class org.apache.jmeter.report.processor.graph.impl.ResponseTimePercentilesGraphConsumer#stopProducing(): responseTimePercentiles produced 0 samples
2021-07-23 15:03:10,289 INFO o.a.j.r.p.AbstractSampleConsumer: class org.apache.jmeter.report.processor.graph.impl.ResponseTimePercentilesOverTimeGraphConsumer#stopProducing(): responseTimePercentilesOverTime produced 0 samples
2021-07-23 15:03:10,289 INFO o.a.j.r.p.AbstractSampleConsumer: class org.apache.jmeter.report.processor.graph.impl.ResponseTimeOverTimeGraphConsumer#stopProducing(): responseTimesOverTime produced 0 samples
2021-07-23 15:03:10,290 INFO o.a.j.r.p.AbstractSampleConsumer: class org.apache.jmeter.report.processor.graph.impl.ConnectTimeOverTimeGraphConsumer#stopProducing(): connectTimeOverTime produced 0 samples
2021-07-23 15:03:10,291 INFO o.a.j.r.p.AbstractSampleConsumer: class org.apache.jmeter.report.processor.graph.impl.LatencyOverTimeGraphConsumer#stopProducing(): latenciesOverTime produced 0 samples
2021-07-23 15:03:10,291 INFO o.a.j.r.p.AbstractSampleConsumer: class org.apache.jmeter.report.processor.FilterConsumer#stopProducing(): nameFilter produced 2190 samples
2021-07-23 15:03:10,291 INFO o.a.j.r.p.AbstractSampleConsumer: class org.apache.jmeter.report.processor.FilterConsumer#stopProducing(): dateRangeFilter produced 438 samples
2021-07-23 15:03:10,291 INFO o.a.j.r.p.AbstractSampleConsumer: class org.apache.jmeter.report.processor.NormalizerSampleConsumer#stopProducing(): normalizer produced 146 samples
2021-07-23 15:03:10,292 INFO o.a.j.r.p.CsvFileSampleSource: produce(): 146 samples produced in 115ms on channel 0
2021-07-23 15:03:10,292 INFO o.a.j.r.d.ReportGenerator: Exporting data using exporter:'json' of className:'org.apache.jmeter.report.dashboard.JsonExporter'
2021-07-23 15:03:10,294 INFO o.a.j.r.d.JsonExporter: Found data for consumer statisticsSummary in context
2021-07-23 15:03:10,294 INFO o.a.j.r.d.JsonExporter: Creating statistics for overall
2021-07-23 15:03:10,295 INFO o.a.j.r.d.JsonExporter: Creating statistics for other transactions
2021-07-23 15:03:10,295 INFO o.a.j.r.d.JsonExporter: Checking output folder
2021-07-23 15:03:10,297 INFO o.a.j.r.d.JsonExporter: Writing statistics JSON to C:\xampp\htdocs\performance\L1_iContract_1_CreateAuthoringWithAdditionalBulkDoc_2021-07-23_15\statistics.json
2021-07-23 15:03:10,448 INFO o.a.j.r.d.ReportGenerator: Exporting data using exporter:'html' of className:'org.apache.jmeter.report.dashboard.HtmlTemplateExporter'
2021-07-23 15:03:10,451 INFO o.a.j.r.d.HtmlTemplateExporter: Will generate dashboard in folder: C:\xampp\htdocs\performance\L1_iContract_1_CreateAuthoringWithAdditionalBulkDoc_2021-07-23_15
2021-07-23 15:03:10,665 INFO o.a.j.r.d.HtmlTemplateExporter: Report will be generated in: C:\xampp\htdocs\performance\L1_iContract_1_CreateAuthoringWithAdditionalBulkDoc_2021-07-23_15, creating folder structure
2021-07-23 15:03:10,669 INFO o.a.j.r.d.TemplateVisitor: Copying folder from 'D:\apache-jmeter-5.1\apache-jmeter-5.1\bin\report-template' to 'C:\xampp\htdocs\performance\L1_iContract_1_CreateAuthoringWithAdditionalBulkDoc_2021-07-23_15', got message:[C:\xampp\htdocs\performance\L1_iContract_1_CreateAuthoringWithAdditionalBulkDoc_2021-07-23_15\statistics.json], found non empty folder with following content {}, will be ignored
2021-07-23 15:03:11,854 INFO o.a.j.JMeter: Dashboard generated
