2021-07-23 16:07:16,856 INFO o.a.j.u.JMeterUtils: Setting Locale to en_EN
2021-07-23 16:07:16,867 INFO o.a.j.JMeter: Loading user properties from: user.properties
2021-07-23 16:07:16,868 INFO o.a.j.JMeter: Loading system properties from: system.properties
2021-07-23 16:07:16,869 INFO o.a.j.JMeter: Setting JMeter property: meter.reportgenerator.report_title=WithdrawContractSendForInternalReview
2021-07-23 16:07:16,869 INFO o.a.j.JMeter: Setting JMeter property: thread=1
2021-07-23 16:07:16,869 INFO o.a.j.JMeter: Setting JMeter property: rampup=1
2021-07-23 16:07:16,869 INFO o.a.j.JMeter: Setting JMeter property: tenant=Partner_ZCS_Users
2021-07-23 16:07:16,874 INFO o.a.j.JMeter: Copyright (c) 1998-2019 The Apache Software Foundation
2021-07-23 16:07:16,874 INFO o.a.j.JMeter: Version 5.1 r1853635
2021-07-23 16:07:16,874 INFO o.a.j.JMeter: java.version=1.8.0_144
2021-07-23 16:07:16,874 INFO o.a.j.JMeter: java.vm.name=Java HotSpot(TM) 64-Bit Server VM
2021-07-23 16:07:16,874 INFO o.a.j.JMeter: os.name=Windows 10
2021-07-23 16:07:16,874 INFO o.a.j.JMeter: os.arch=amd64
2021-07-23 16:07:16,874 INFO o.a.j.JMeter: os.version=10.0
2021-07-23 16:07:16,874 INFO o.a.j.JMeter: file.encoding=Cp1252
2021-07-23 16:07:16,875 INFO o.a.j.JMeter: java.awt.headless=true
2021-07-23 16:07:16,875 INFO o.a.j.JMeter: Max memory     =8589934592
2021-07-23 16:07:16,875 INFO o.a.j.JMeter: Available Processors =4
2021-07-23 16:07:16,878 INFO o.a.j.JMeter: Default Locale=English (EN)
2021-07-23 16:07:16,878 INFO o.a.j.JMeter: JMeter  Locale=English (EN)
2021-07-23 16:07:16,878 INFO o.a.j.JMeter: JMeterHome=D:\apache-jmeter-5.1\apache-jmeter-5.1
2021-07-23 16:07:16,878 INFO o.a.j.JMeter: user.dir  =D:\apache-jmeter-5.1\apache-jmeter-5.1\bin
2021-07-23 16:07:16,878 INFO o.a.j.JMeter: PWD       =D:\apache-jmeter-5.1\apache-jmeter-5.1\bin
2021-07-23 16:07:16,880 INFO o.a.j.JMeter: IP: 192.168.35.159 Name: ZIPLSY1584 FullName: host.docker.internal
2021-07-23 16:07:16,882 INFO o.a.j.JMeter: Setting property 'jmeter.reportgenerator.outputdir' to:'C:\xampp\htdocs\performance\L1_iContract_1_WithdrawContractSendForInternalReview_2021-07-23_10'
2021-07-23 16:07:16,884 INFO o.a.j.s.FileServer: Default base='D:\apache-jmeter-5.1\apache-jmeter-5.1\bin'
2021-07-23 16:07:16,888 INFO o.a.j.s.FileServer: Set new base='D:\PEAutomation\Partner\iContract'
2021-07-23 16:07:16,992 INFO o.a.j.s.SaveService: Testplan (JMX) version: 2.2. Testlog (JTL) version: 2.2
2021-07-23 16:07:17,004 INFO o.a.j.s.SaveService: Using SaveService properties file encoding UTF-8
2021-07-23 16:07:17,008 INFO o.a.j.s.SaveService: Using SaveService properties version 5.0
2021-07-23 16:07:17,013 INFO o.a.j.s.SaveService: Loading file: D:\PEAutomation\Partner\iContract\L1_iContract_WithdrawContractSendForInternalReview.jmx
2021-07-23 16:07:17,060 INFO o.a.j.p.h.c.CookieManager: Settings: Delete null: true Check: true Allow variable: true Save: false Prefix: COOKIE_
2021-07-23 16:07:17,064 INFO o.a.j.p.h.c.CacheManager: Will only cache the following methods: [GET]
2021-07-23 16:07:17,072 INFO o.a.j.p.h.s.HTTPSamplerBase: Parser for text/html is org.apache.jmeter.protocol.http.parser.LagartoBasedHtmlParser
2021-07-23 16:07:17,072 INFO o.a.j.p.h.s.HTTPSamplerBase: Parser for application/xhtml+xml is org.apache.jmeter.protocol.http.parser.LagartoBasedHtmlParser
2021-07-23 16:07:17,072 INFO o.a.j.p.h.s.HTTPSamplerBase: Parser for application/xml is org.apache.jmeter.protocol.http.parser.LagartoBasedHtmlParser
2021-07-23 16:07:17,072 INFO o.a.j.p.h.s.HTTPSamplerBase: Parser for text/xml is org.apache.jmeter.protocol.http.parser.LagartoBasedHtmlParser
2021-07-23 16:07:17,072 INFO o.a.j.p.h.s.HTTPSamplerBase: Parser for text/vnd.wap.wml is org.apache.jmeter.protocol.http.parser.RegexpHTMLParser
2021-07-23 16:07:17,072 INFO o.a.j.p.h.s.HTTPSamplerBase: Parser for text/css is org.apache.jmeter.protocol.http.parser.CssParser
2021-07-23 16:07:17,264 INFO o.a.j.JMeter: Creating summariser <summary>
2021-07-23 16:07:17,273 INFO o.a.j.r.d.ReportGenerator: ReportGenerator will use for Parsing the separator: ','
2021-07-23 16:07:17,273 INFO o.a.j.r.d.ReportGenerator: Will generate report at end of test from  results file: D:\PEAutomation\Partner\iContract\JTL\L1_iContract_1_WithdrawContractSendForInternalReview_2021-07-23_10.jtl
2021-07-23 16:07:17,273 INFO o.a.j.r.d.ReportGenerator: Reading report generator properties from: D:\apache-jmeter-5.1\apache-jmeter-5.1\bin\reportgenerator.properties
2021-07-23 16:07:17,274 INFO o.a.j.r.d.ReportGenerator: Merging with JMeter properties
2021-07-23 16:07:17,281 INFO o.a.j.r.c.ReportGeneratorConfiguration: Property 'jmeter.reportgenerator.temp_dir' not found, using default value 'temp' instead.
2021-07-23 16:07:17,283 INFO o.a.j.r.c.ReportGeneratorConfiguration: Property 'jmeter.reportgenerator.apdex_per_transaction' not found, using default value 'null' instead.
2021-07-23 16:07:17,283 INFO o.a.j.r.c.ReportGeneratorConfiguration: apdex_per_transaction : {} is empty, not APDEX per transaction customization
2021-07-23 16:07:17,283 INFO o.a.j.r.c.ReportGeneratorConfiguration: Property 'jmeter.reportgenerator.sample_filter' not found, using default value 'null' instead.
2021-07-23 16:07:17,283 INFO o.a.j.r.c.ReportGeneratorConfiguration: Property 'jmeter.reportgenerator.report_title' not found, using default value 'null' instead.
2021-07-23 16:07:17,283 INFO o.a.j.r.c.ReportGeneratorConfiguration: Property 'jmeter.reportgenerator.start_date' not found, using default value 'null' instead.
2021-07-23 16:07:17,283 INFO o.a.j.r.c.ReportGeneratorConfiguration: Property 'jmeter.reportgenerator.end_date' not found, using default value 'null' instead.
2021-07-23 16:07:17,283 INFO o.a.j.r.c.ReportGeneratorConfiguration: Property 'jmeter.reportgenerator.date_format' not found, using default value 'null' instead.
2021-07-23 16:07:17,284 INFO o.a.j.r.c.ReportGeneratorConfiguration: Will use date range start date: null, end date: null
2021-07-23 16:07:17,288 INFO o.a.j.r.c.ReportGeneratorConfiguration: Property 'jmeter.reportgenerator.graph.totalTPS.exclude_controllers' not found, using default value 'false' instead.
2021-07-23 16:07:17,289 INFO o.a.j.r.c.ReportGeneratorConfiguration: Property 'jmeter.reportgenerator.graph.activeThreadsOverTime.exclude_controllers' not found, using default value 'false' instead.
2021-07-23 16:07:17,289 INFO o.a.j.r.c.ReportGeneratorConfiguration: Property 'jmeter.reportgenerator.graph.timeVsThreads.exclude_controllers' not found, using default value 'false' instead.
2021-07-23 16:07:17,289 INFO o.a.j.r.c.ReportGeneratorConfiguration: Property 'jmeter.reportgenerator.graph.responseTimeDistribution.exclude_controllers' not found, using default value 'false' instead.
2021-07-23 16:07:17,289 INFO o.a.j.r.c.ReportGeneratorConfiguration: Property 'jmeter.reportgenerator.graph.transactionsPerSecond.exclude_controllers' not found, using default value 'false' instead.
2021-07-23 16:07:17,289 INFO o.a.j.r.c.ReportGeneratorConfiguration: Property 'jmeter.reportgenerator.graph.responseTimePercentiles.exclude_controllers' not found, using default value 'false' instead.
2021-07-23 16:07:17,289 INFO o.a.j.r.c.ReportGeneratorConfiguration: Property 'jmeter.reportgenerator.graph.responseTimePercentilesOverTime.exclude_controllers' not found, using default value 'false' instead.
2021-07-23 16:07:17,289 INFO o.a.j.r.c.ReportGeneratorConfiguration: Property 'jmeter.reportgenerator.graph.responseTimesOverTime.exclude_controllers' not found, using default value 'false' instead.
2021-07-23 16:07:17,289 INFO o.a.j.r.c.ReportGeneratorConfiguration: Property 'jmeter.reportgenerator.graph.connectTimeOverTime.exclude_controllers' not found, using default value 'false' instead.
2021-07-23 16:07:17,290 INFO o.a.j.r.c.ReportGeneratorConfiguration: Property 'jmeter.reportgenerator.graph.latenciesOverTime.exclude_controllers' not found, using default value 'false' instead.
2021-07-23 16:07:17,290 INFO o.a.j.r.c.ReportGeneratorConfiguration: Property 'jmeter.reportgenerator.exporter.json.filters_only_sample_series' not found, using default value 'true' instead.
2021-07-23 16:07:17,291 INFO o.a.j.r.c.ReportGeneratorConfiguration: Property 'jmeter.reportgenerator.exporter.json.series_filter' not found, using default value '' instead.
2021-07-23 16:07:17,291 INFO o.a.j.r.c.ReportGeneratorConfiguration: Property 'jmeter.reportgenerator.exporter.json.show_controllers_only' not found, using default value 'false' instead.
2021-07-23 16:07:17,291 INFO o.a.j.r.c.ReportGeneratorConfiguration: Property 'jmeter.reportgenerator.exporter.html.filters_only_sample_series' not found, using default value 'true' instead.
2021-07-23 16:07:17,291 INFO o.a.j.r.c.ReportGeneratorConfiguration: Property 'jmeter.reportgenerator.exporter.html.series_filter' not found, using default value '' instead.
2021-07-23 16:07:17,291 INFO o.a.j.r.c.ReportGeneratorConfiguration: Property 'jmeter.reportgenerator.exporter.html.show_controllers_only' not found, using default value 'false' instead.
2021-07-23 16:07:17,295 INFO o.a.j.e.StandardJMeterEngine: Running the test!
2021-07-23 16:07:17,296 INFO o.a.j.s.SampleEvent: List of sample_variables: []
2021-07-23 16:07:17,296 INFO o.a.j.s.SampleEvent: List of sample_variables: []
2021-07-23 16:07:17,301 INFO o.a.j.e.u.CompoundVariable: Note: Function class names must contain the string: '.functions.'
2021-07-23 16:07:17,301 INFO o.a.j.e.u.CompoundVariable: Note: Function class names must not contain the string: '.gui.'
2021-07-23 16:07:17,713 INFO o.a.j.JMeter: Running test (1627036637713)
2021-07-23 16:07:17,789 INFO o.a.j.e.StandardJMeterEngine: Starting ThreadGroup: 1 : WithdrawContractSendForInternalReview
2021-07-23 16:07:17,789 INFO o.a.j.e.StandardJMeterEngine: Starting 1 threads for group WithdrawContractSendForInternalReview.
2021-07-23 16:07:17,789 INFO o.a.j.e.StandardJMeterEngine: Thread will stop on error
2021-07-23 16:07:17,789 INFO o.a.j.t.ThreadGroup: Starting thread group... number=1 threads=1 ramp-up=1 perThread=1000.0 delayedStart=true
2021-07-23 16:07:17,790 INFO o.a.j.t.ThreadGroup: Started thread group number 1
2021-07-23 16:07:17,791 INFO o.a.j.e.StandardJMeterEngine: All thread groups have been started
2021-07-23 16:07:17,833 INFO o.a.j.s.SampleResult: Note: Sample TimeStamps are START times
2021-07-23 16:07:17,833 INFO o.a.j.s.SampleResult: sampleresult.default.encoding is set to ISO-8859-1
2021-07-23 16:07:17,833 INFO o.a.j.s.SampleResult: sampleresult.useNanoTime=true
2021-07-23 16:07:17,833 INFO o.a.j.s.SampleResult: sampleresult.nanoThreadSleep=5000
2021-07-23 16:07:17,860 INFO o.a.j.t.JMeterThread: Thread started: WithdrawContractSendForInternalReview 1-1
2021-07-23 16:07:17,864 INFO o.a.j.c.LoopController: iterationStart called on 3# Loop Controller for Suggested Action-Autho with source org.apache.jmeter.control.LoopController@7e5ded9c and iteration 1
2021-07-23 16:07:17,864 INFO o.a.j.s.FileServer: Stored: D:/apache-jmeter-5.1/apache-jmeter-5.1/bin/Files/Partner_ZCS_Users.csv
2021-07-23 16:07:17,878 INFO o.a.j.p.h.s.HTTPHCAbstractImpl: Local host = ZIPLSY1584
2021-07-23 16:07:17,883 INFO o.a.j.p.h.s.HTTPHC4Impl: HTTP request retry count = 0
2021-07-23 16:07:18,266 INFO o.a.j.p.h.s.h.LazyLayeredConnectionSocketFactory: Setting up HTTPS TrustAll Socket Factory
2021-07-23 16:07:18,271 INFO o.a.j.u.JsseSSLManager: Using default SSL protocol: TLS
2021-07-23 16:07:18,271 INFO o.a.j.u.JsseSSLManager: SSL session context: per-thread
2021-07-23 16:07:18,659 INFO o.a.j.u.SSLManager: JmeterKeyStore Location:  type JKS
2021-07-23 16:07:18,660 INFO o.a.j.u.SSLManager: KeyStore created OK
2021-07-23 16:07:18,660 WARN o.a.j.u.SSLManager: Keystore file not found, loading empty keystore
2021-07-23 16:07:30,478 INFO o.a.j.r.Summariser: summary +     10 in 00:00:13 =    0.8/s Avg:  1251 Min:   543 Max:  2533 Err:     0 (0.00%) Active: 1 Started: 1 Finished: 0
2021-07-23 16:08:00,577 INFO o.a.j.r.Summariser: summary +     25 in 00:00:30 =    0.8/s Avg:   997 Min:   420 Max:  2862 Err:     0 (0.00%) Active: 1 Started: 1 Finished: 0
2021-07-23 16:08:00,578 INFO o.a.j.r.Summariser: summary =     35 in 00:00:43 =    0.8/s Avg:  1070 Min:   420 Max:  2862 Err:     0 (0.00%)
2021-07-23 16:08:30,069 INFO o.a.j.r.Summariser: summary +     21 in 00:00:29 =    0.7/s Avg:  1204 Min:   513 Max:  3320 Err:     0 (0.00%) Active: 1 Started: 1 Finished: 0
2021-07-23 16:08:30,069 INFO o.a.j.r.Summariser: summary =     56 in 00:01:12 =    0.8/s Avg:  1120 Min:   420 Max:  3320 Err:     0 (0.00%)
2021-07-23 16:08:40,532 ERROR o.a.j.u.BeanShellInterpreter: Error invoking bsh method: eval	Sourced file: inline evaluation of: ``String totalRecords = vars.get("totalRecords"); String perpage = vars.get("perpa . . . '' : Typed variable declaration : Method Invocation Integer.parseInt
2021-07-23 16:08:40,532 WARN o.a.j.e.BeanShellPostProcessor: Problem in BeanShell script: org.apache.jorphan.util.JMeterException: Error invoking bsh method: eval	Sourced file: inline evaluation of: ``String totalRecords = vars.get("totalRecords"); String perpage = vars.get("perpa . . . '' : Typed variable declaration : Method Invocation Integer.parseInt
2021-07-23 16:08:41,018 ERROR o.a.j.u.BeanShellInterpreter: Error invoking bsh method: eval	Sourced file: inline evaluation of: ``String totalRecords = vars.get("totalRecords"); String perpage = vars.get("perpa . . . '' : Typed variable declaration : Method Invocation Integer.parseInt
2021-07-23 16:08:41,018 WARN o.a.j.e.BeanShellPostProcessor: Problem in BeanShell script: org.apache.jorphan.util.JMeterException: Error invoking bsh method: eval	Sourced file: inline evaluation of: ``String totalRecords = vars.get("totalRecords"); String perpage = vars.get("perpa . . . '' : Typed variable declaration : Method Invocation Integer.parseInt
2021-07-23 16:09:00,548 INFO o.a.j.r.Summariser: summary +     25 in 00:00:30 =    0.8/s Avg:   846 Min:   415 Max:  1962 Err:     0 (0.00%) Active: 1 Started: 1 Finished: 0
2021-07-23 16:09:00,549 INFO o.a.j.r.Summariser: summary =     81 in 00:01:43 =    0.8/s Avg:  1036 Min:   415 Max:  3320 Err:     0 (0.00%)
2021-07-23 16:09:12,724 ERROR o.a.j.u.BeanShellInterpreter: Error invoking bsh method: eval	Sourced file: inline evaluation of: ``String totalRecords = vars.get("totalRecords"); String perpage = vars.get("perpa . . . '' : Typed variable declaration : Method Invocation Integer.parseInt
2021-07-23 16:09:12,724 WARN o.a.j.e.BeanShellPostProcessor: Problem in BeanShell script: org.apache.jorphan.util.JMeterException: Error invoking bsh method: eval	Sourced file: inline evaluation of: ``String totalRecords = vars.get("totalRecords"); String perpage = vars.get("perpa . . . '' : Typed variable declaration : Method Invocation Integer.parseInt
2021-07-23 16:09:22,530 INFO o.a.j.t.JMeterThread: Stop Thread detected by thread: WithdrawContractSendForInternalReview 1-1
2021-07-23 16:09:22,530 INFO o.a.j.t.JMeterThread: Thread finished: WithdrawContractSendForInternalReview 1-1
2021-07-23 16:09:22,537 INFO o.a.j.e.StandardJMeterEngine: Notifying test listeners of end of test
2021-07-23 16:09:22,537 INFO o.a.j.s.FileServer: Close: D:/apache-jmeter-5.1/apache-jmeter-5.1/bin/Files/Partner_ZCS_Users.csv
2021-07-23 16:09:22,539 INFO o.a.j.r.Summariser: summary +     15 in 00:00:22 =    0.7/s Avg:  1257 Min:   466 Max:  3354 Err:     1 (6.67%) Active: 0 Started: 1 Finished: 1
2021-07-23 16:09:22,539 INFO o.a.j.r.Summariser: summary =     96 in 00:02:05 =    0.8/s Avg:  1070 Min:   415 Max:  3354 Err:     1 (1.04%)
2021-07-23 16:09:22,539 INFO o.a.j.JMeter: Generating Dashboard
2021-07-23 16:09:22,539 INFO o.a.j.r.d.ReportGenerator: Flushing result collector before report Generation
2021-07-23 16:09:22,553 INFO o.a.j.r.p.NormalizerSampleConsumer: Using format, 'ms', to parse timeStamp field
2021-07-23 16:09:22,632 INFO o.a.j.r.p.AbstractSampleConsumer: class org.apache.jmeter.report.processor.AggregateConsumer#stopProducing(): beginDate produced 0 samples
2021-07-23 16:09:22,632 INFO o.a.j.r.p.AbstractSampleConsumer: class org.apache.jmeter.report.processor.AggregateConsumer#stopProducing(): endDate produced 0 samples
2021-07-23 16:09:22,634 INFO o.a.j.r.p.AbstractSampleConsumer: class org.apache.jmeter.report.processor.ApdexSummaryConsumer#stopProducing(): apdexSummary produced 0 samples
2021-07-23 16:09:22,634 INFO o.a.j.r.p.AbstractSampleConsumer: class org.apache.jmeter.report.processor.RequestsSummaryConsumer#stopProducing(): requestsSummary produced 0 samples
2021-07-23 16:09:22,638 INFO o.a.j.r.p.AbstractSampleConsumer: class org.apache.jmeter.report.processor.StatisticsSummaryConsumer#stopProducing(): statisticsSummary produced 0 samples
2021-07-23 16:09:22,642 INFO o.a.j.r.p.AbstractSampleConsumer: class org.apache.jmeter.report.processor.Top5ErrorsBySamplerConsumer#stopProducing(): top5ErrorsBySampler produced 0 samples
2021-07-23 16:09:22,642 INFO o.a.j.r.p.AbstractSampleConsumer: class org.apache.jmeter.report.processor.ErrorsSummaryConsumer#stopProducing(): errorsSummary produced 0 samples
2021-07-23 16:09:22,642 INFO o.a.j.r.p.AbstractSampleConsumer: class org.apache.jmeter.report.processor.graph.impl.HitsPerSecondGraphConsumer#stopProducing(): hitsPerSecond produced 0 samples
2021-07-23 16:09:22,647 INFO o.a.j.r.p.AbstractSampleConsumer: class org.apache.jmeter.report.processor.graph.impl.LatencyVSRequestGraphConsumer#stopProducing(): latencyVsRequest produced 0 samples
2021-07-23 16:09:22,647 INFO o.a.j.r.p.AbstractSampleConsumer: class org.apache.jmeter.report.processor.graph.impl.SyntheticResponseTimeDistributionGraphConsumer#stopProducing(): syntheticResponseTimeDistribution produced 0 samples
2021-07-23 16:09:22,647 INFO o.a.j.r.p.AbstractSampleConsumer: class org.apache.jmeter.report.processor.graph.impl.BytesThroughputGraphConsumer#stopProducing(): bytesThroughputOverTime produced 0 samples
2021-07-23 16:09:22,647 INFO o.a.j.r.p.AbstractSampleConsumer: class org.apache.jmeter.report.processor.graph.impl.CodesPerSecondGraphConsumer#stopProducing(): codesPerSecond produced 0 samples
2021-07-23 16:09:22,656 INFO o.a.j.r.p.AbstractSampleConsumer: class org.apache.jmeter.report.processor.graph.impl.ResponseTimeVSRequestGraphConsumer#stopProducing(): responseTimeVsRequest produced 0 samples
2021-07-23 16:09:22,656 INFO o.a.j.r.p.AbstractSampleConsumer: class org.apache.jmeter.report.processor.FilterConsumer#stopProducing(): startIntervalControlerFilter produced 672 samples
2021-07-23 16:09:22,656 INFO o.a.j.r.p.AbstractSampleConsumer: class org.apache.jmeter.report.processor.graph.impl.TotalTPSGraphConsumer#stopProducing(): totalTPS produced 0 samples
2021-07-23 16:09:22,656 INFO o.a.j.r.p.AbstractSampleConsumer: class org.apache.jmeter.report.processor.graph.impl.ActiveThreadsGraphConsumer#stopProducing(): activeThreadsOverTime produced 0 samples
2021-07-23 16:09:22,657 INFO o.a.j.r.p.AbstractSampleConsumer: class org.apache.jmeter.report.processor.graph.impl.TimeVSThreadGraphConsumer#stopProducing(): timeVsThreads produced 0 samples
2021-07-23 16:09:22,663 INFO o.a.j.r.p.AbstractSampleConsumer: class org.apache.jmeter.report.processor.graph.impl.ResponseTimeDistributionGraphConsumer#stopProducing(): responseTimeDistribution produced 0 samples
2021-07-23 16:09:22,664 INFO o.a.j.r.p.AbstractSampleConsumer: class org.apache.jmeter.report.processor.graph.impl.TransactionsPerSecondGraphConsumer#stopProducing(): transactionsPerSecond produced 0 samples
2021-07-23 16:09:22,665 INFO o.a.j.r.p.AbstractSampleConsumer: class org.apache.jmeter.report.processor.graph.impl.ResponseTimePercentilesGraphConsumer#stopProducing(): responseTimePercentiles produced 0 samples
2021-07-23 16:09:22,681 INFO o.a.j.r.p.AbstractSampleConsumer: class org.apache.jmeter.report.processor.graph.impl.ResponseTimePercentilesOverTimeGraphConsumer#stopProducing(): responseTimePercentilesOverTime produced 0 samples
2021-07-23 16:09:22,681 INFO o.a.j.r.p.AbstractSampleConsumer: class org.apache.jmeter.report.processor.graph.impl.ResponseTimeOverTimeGraphConsumer#stopProducing(): responseTimesOverTime produced 0 samples
2021-07-23 16:09:22,682 INFO o.a.j.r.p.AbstractSampleConsumer: class org.apache.jmeter.report.processor.graph.impl.ConnectTimeOverTimeGraphConsumer#stopProducing(): connectTimeOverTime produced 0 samples
2021-07-23 16:09:22,682 INFO o.a.j.r.p.AbstractSampleConsumer: class org.apache.jmeter.report.processor.graph.impl.LatencyOverTimeGraphConsumer#stopProducing(): latenciesOverTime produced 0 samples
2021-07-23 16:09:22,683 INFO o.a.j.r.p.AbstractSampleConsumer: class org.apache.jmeter.report.processor.FilterConsumer#stopProducing(): nameFilter produced 2055 samples
2021-07-23 16:09:22,683 INFO o.a.j.r.p.AbstractSampleConsumer: class org.apache.jmeter.report.processor.FilterConsumer#stopProducing(): dateRangeFilter produced 411 samples
2021-07-23 16:09:22,683 INFO o.a.j.r.p.AbstractSampleConsumer: class org.apache.jmeter.report.processor.NormalizerSampleConsumer#stopProducing(): normalizer produced 137 samples
2021-07-23 16:09:22,683 INFO o.a.j.r.p.CsvFileSampleSource: produce(): 137 samples produced in 110ms on channel 0
2021-07-23 16:09:22,683 INFO o.a.j.r.d.ReportGenerator: Exporting data using exporter:'json' of className:'org.apache.jmeter.report.dashboard.JsonExporter'
2021-07-23 16:09:22,685 INFO o.a.j.r.d.JsonExporter: Found data for consumer statisticsSummary in context
2021-07-23 16:09:22,685 INFO o.a.j.r.d.JsonExporter: Creating statistics for overall
2021-07-23 16:09:22,685 INFO o.a.j.r.d.JsonExporter: Creating statistics for other transactions
2021-07-23 16:09:22,686 INFO o.a.j.r.d.JsonExporter: Checking output folder
2021-07-23 16:09:22,688 INFO o.a.j.r.d.JsonExporter: Writing statistics JSON to C:\xampp\htdocs\performance\L1_iContract_1_WithdrawContractSendForInternalReview_2021-07-23_10\statistics.json
2021-07-23 16:09:22,832 INFO o.a.j.r.d.ReportGenerator: Exporting data using exporter:'html' of className:'org.apache.jmeter.report.dashboard.HtmlTemplateExporter'
2021-07-23 16:09:22,835 INFO o.a.j.r.d.HtmlTemplateExporter: Will generate dashboard in folder: C:\xampp\htdocs\performance\L1_iContract_1_WithdrawContractSendForInternalReview_2021-07-23_10
2021-07-23 16:09:23,118 INFO o.a.j.r.d.HtmlTemplateExporter: Report will be generated in: C:\xampp\htdocs\performance\L1_iContract_1_WithdrawContractSendForInternalReview_2021-07-23_10, creating folder structure
2021-07-23 16:09:23,122 INFO o.a.j.r.d.TemplateVisitor: Copying folder from 'D:\apache-jmeter-5.1\apache-jmeter-5.1\bin\report-template' to 'C:\xampp\htdocs\performance\L1_iContract_1_WithdrawContractSendForInternalReview_2021-07-23_10', got message:[C:\xampp\htdocs\performance\L1_iContract_1_WithdrawContractSendForInternalReview_2021-07-23_10\statistics.json], found non empty folder with following content {}, will be ignored
2021-07-23 16:09:24,326 INFO o.a.j.JMeter: Dashboard generated
