2021-07-22 12:46:16,201 INFO o.a.j.u.JMeterUtils: Setting Locale to en_EN
2021-07-22 12:46:16,214 INFO o.a.j.JMeter: Loading user properties from: user.properties
2021-07-22 12:46:16,215 INFO o.a.j.JMeter: Loading system properties from: system.properties
2021-07-22 12:46:16,215 INFO o.a.j.JMeter: Setting JMeter property: meter.reportgenerator.report_title=CreateAuthoringWithAdditionalBulkDoc
2021-07-22 12:46:16,215 INFO o.a.j.JMeter: Setting JMeter property: thread=1
2021-07-22 12:46:16,215 INFO o.a.j.JMeter: Setting JMeter property: rampup=1
2021-07-22 12:46:16,220 INFO o.a.j.JMeter: Copyright (c) 1998-2019 The Apache Software Foundation
2021-07-22 12:46:16,220 INFO o.a.j.JMeter: Version 5.1 r1853635
2021-07-22 12:46:16,220 INFO o.a.j.JMeter: java.version=1.8.0_144
2021-07-22 12:46:16,220 INFO o.a.j.JMeter: java.vm.name=Java HotSpot(TM) 64-Bit Server VM
2021-07-22 12:46:16,220 INFO o.a.j.JMeter: os.name=Windows 10
2021-07-22 12:46:16,220 INFO o.a.j.JMeter: os.arch=amd64
2021-07-22 12:46:16,220 INFO o.a.j.JMeter: os.version=10.0
2021-07-22 12:46:16,220 INFO o.a.j.JMeter: file.encoding=Cp1252
2021-07-22 12:46:16,221 INFO o.a.j.JMeter: java.awt.headless=true
2021-07-22 12:46:16,221 INFO o.a.j.JMeter: Max memory     =8589934592
2021-07-22 12:46:16,221 INFO o.a.j.JMeter: Available Processors =4
2021-07-22 12:46:16,223 INFO o.a.j.JMeter: Default Locale=English (EN)
2021-07-22 12:46:16,224 INFO o.a.j.JMeter: JMeter  Locale=English (EN)
2021-07-22 12:46:16,224 INFO o.a.j.JMeter: JMeterHome=D:\apache-jmeter-5.1\apache-jmeter-5.1
2021-07-22 12:46:16,224 INFO o.a.j.JMeter: user.dir  =D:\apache-jmeter-5.1\apache-jmeter-5.1\bin
2021-07-22 12:46:16,224 INFO o.a.j.JMeter: PWD       =D:\apache-jmeter-5.1\apache-jmeter-5.1\bin
2021-07-22 12:46:16,226 INFO o.a.j.JMeter: IP: 192.168.35.159 Name: ZIPLSY1584 FullName: host.docker.internal
2021-07-22 12:46:16,228 INFO o.a.j.JMeter: Setting property 'jmeter.reportgenerator.outputdir' to:'C:\xampp\htdocs\performance\L1_iContract_1_CreateAuthoringWithAdditionalBulkDoc_2021-07-22_10'
2021-07-22 12:46:16,230 INFO o.a.j.s.FileServer: Default base='D:\apache-jmeter-5.1\apache-jmeter-5.1\bin'
2021-07-22 12:46:16,234 INFO o.a.j.s.FileServer: Set new base='D:\PEAutomation\Partner\iContract'
2021-07-22 12:46:16,338 INFO o.a.j.s.SaveService: Testplan (JMX) version: 2.2. Testlog (JTL) version: 2.2
2021-07-22 12:46:16,348 INFO o.a.j.s.SaveService: Using SaveService properties file encoding UTF-8
2021-07-22 12:46:16,353 INFO o.a.j.s.SaveService: Using SaveService properties version 5.0
2021-07-22 12:46:16,358 INFO o.a.j.s.SaveService: Loading file: D:\PEAutomation\Partner\iContract\L1_iContract_CreateAuthoringWithAdditionalBulkDoc.jmx
2021-07-22 12:46:16,457 INFO o.a.j.p.h.c.CookieManager: Settings: Delete null: true Check: true Allow variable: true Save: false Prefix: COOKIE_
2021-07-22 12:46:16,462 INFO o.a.j.p.h.c.CacheManager: Will only cache the following methods: [GET]
2021-07-22 12:46:16,472 INFO o.a.j.p.h.s.HTTPSamplerBase: Parser for text/html is org.apache.jmeter.protocol.http.parser.LagartoBasedHtmlParser
2021-07-22 12:46:16,472 INFO o.a.j.p.h.s.HTTPSamplerBase: Parser for application/xhtml+xml is org.apache.jmeter.protocol.http.parser.LagartoBasedHtmlParser
2021-07-22 12:46:16,472 INFO o.a.j.p.h.s.HTTPSamplerBase: Parser for application/xml is org.apache.jmeter.protocol.http.parser.LagartoBasedHtmlParser
2021-07-22 12:46:16,472 INFO o.a.j.p.h.s.HTTPSamplerBase: Parser for text/xml is org.apache.jmeter.protocol.http.parser.LagartoBasedHtmlParser
2021-07-22 12:46:16,472 INFO o.a.j.p.h.s.HTTPSamplerBase: Parser for text/vnd.wap.wml is org.apache.jmeter.protocol.http.parser.RegexpHTMLParser
2021-07-22 12:46:16,472 INFO o.a.j.p.h.s.HTTPSamplerBase: Parser for text/css is org.apache.jmeter.protocol.http.parser.CssParser
2021-07-22 12:46:16,775 INFO o.a.j.JMeter: Creating summariser <summary>
2021-07-22 12:46:16,783 INFO o.a.j.r.d.ReportGenerator: ReportGenerator will use for Parsing the separator: ','
2021-07-22 12:46:16,783 INFO o.a.j.r.d.ReportGenerator: Will generate report at end of test from  results file: D:\PEAutomation\Partner\iContract\JTL\L1_iContract_1_CreateAuthoringWithAdditionalBulkDoc_2021-07-22_10.jtl
2021-07-22 12:46:16,783 INFO o.a.j.r.d.ReportGenerator: Reading report generator properties from: D:\apache-jmeter-5.1\apache-jmeter-5.1\bin\reportgenerator.properties
2021-07-22 12:46:16,784 INFO o.a.j.r.d.ReportGenerator: Merging with JMeter properties
2021-07-22 12:46:16,791 INFO o.a.j.r.c.ReportGeneratorConfiguration: Property 'jmeter.reportgenerator.temp_dir' not found, using default value 'temp' instead.
2021-07-22 12:46:16,794 INFO o.a.j.r.c.ReportGeneratorConfiguration: Property 'jmeter.reportgenerator.apdex_per_transaction' not found, using default value 'null' instead.
2021-07-22 12:46:16,794 INFO o.a.j.r.c.ReportGeneratorConfiguration: apdex_per_transaction : {} is empty, not APDEX per transaction customization
2021-07-22 12:46:16,795 INFO o.a.j.r.c.ReportGeneratorConfiguration: Property 'jmeter.reportgenerator.sample_filter' not found, using default value 'null' instead.
2021-07-22 12:46:16,795 INFO o.a.j.r.c.ReportGeneratorConfiguration: Property 'jmeter.reportgenerator.report_title' not found, using default value 'null' instead.
2021-07-22 12:46:16,796 INFO o.a.j.r.c.ReportGeneratorConfiguration: Property 'jmeter.reportgenerator.start_date' not found, using default value 'null' instead.
2021-07-22 12:46:16,796 INFO o.a.j.r.c.ReportGeneratorConfiguration: Property 'jmeter.reportgenerator.end_date' not found, using default value 'null' instead.
2021-07-22 12:46:16,796 INFO o.a.j.r.c.ReportGeneratorConfiguration: Property 'jmeter.reportgenerator.date_format' not found, using default value 'null' instead.
2021-07-22 12:46:16,796 INFO o.a.j.r.c.ReportGeneratorConfiguration: Will use date range start date: null, end date: null
2021-07-22 12:46:16,804 INFO o.a.j.r.c.ReportGeneratorConfiguration: Property 'jmeter.reportgenerator.graph.totalTPS.exclude_controllers' not found, using default value 'false' instead.
2021-07-22 12:46:16,805 INFO o.a.j.r.c.ReportGeneratorConfiguration: Property 'jmeter.reportgenerator.graph.activeThreadsOverTime.exclude_controllers' not found, using default value 'false' instead.
2021-07-22 12:46:16,805 INFO o.a.j.r.c.ReportGeneratorConfiguration: Property 'jmeter.reportgenerator.graph.timeVsThreads.exclude_controllers' not found, using default value 'false' instead.
2021-07-22 12:46:16,805 INFO o.a.j.r.c.ReportGeneratorConfiguration: Property 'jmeter.reportgenerator.graph.responseTimeDistribution.exclude_controllers' not found, using default value 'false' instead.
2021-07-22 12:46:16,805 INFO o.a.j.r.c.ReportGeneratorConfiguration: Property 'jmeter.reportgenerator.graph.transactionsPerSecond.exclude_controllers' not found, using default value 'false' instead.
2021-07-22 12:46:16,805 INFO o.a.j.r.c.ReportGeneratorConfiguration: Property 'jmeter.reportgenerator.graph.responseTimePercentiles.exclude_controllers' not found, using default value 'false' instead.
2021-07-22 12:46:16,806 INFO o.a.j.r.c.ReportGeneratorConfiguration: Property 'jmeter.reportgenerator.graph.responseTimePercentilesOverTime.exclude_controllers' not found, using default value 'false' instead.
2021-07-22 12:46:16,806 INFO o.a.j.r.c.ReportGeneratorConfiguration: Property 'jmeter.reportgenerator.graph.responseTimesOverTime.exclude_controllers' not found, using default value 'false' instead.
2021-07-22 12:46:16,806 INFO o.a.j.r.c.ReportGeneratorConfiguration: Property 'jmeter.reportgenerator.graph.connectTimeOverTime.exclude_controllers' not found, using default value 'false' instead.
2021-07-22 12:46:16,806 INFO o.a.j.r.c.ReportGeneratorConfiguration: Property 'jmeter.reportgenerator.graph.latenciesOverTime.exclude_controllers' not found, using default value 'false' instead.
2021-07-22 12:46:16,808 INFO o.a.j.r.c.ReportGeneratorConfiguration: Property 'jmeter.reportgenerator.exporter.json.filters_only_sample_series' not found, using default value 'true' instead.
2021-07-22 12:46:16,809 INFO o.a.j.r.c.ReportGeneratorConfiguration: Property 'jmeter.reportgenerator.exporter.json.series_filter' not found, using default value '' instead.
2021-07-22 12:46:16,809 INFO o.a.j.r.c.ReportGeneratorConfiguration: Property 'jmeter.reportgenerator.exporter.json.show_controllers_only' not found, using default value 'false' instead.
2021-07-22 12:46:16,810 INFO o.a.j.r.c.ReportGeneratorConfiguration: Property 'jmeter.reportgenerator.exporter.html.filters_only_sample_series' not found, using default value 'true' instead.
2021-07-22 12:46:16,810 INFO o.a.j.r.c.ReportGeneratorConfiguration: Property 'jmeter.reportgenerator.exporter.html.series_filter' not found, using default value '' instead.
2021-07-22 12:46:16,810 INFO o.a.j.r.c.ReportGeneratorConfiguration: Property 'jmeter.reportgenerator.exporter.html.show_controllers_only' not found, using default value 'false' instead.
2021-07-22 12:46:16,817 INFO o.a.j.e.StandardJMeterEngine: Running the test!
2021-07-22 12:46:16,819 INFO o.a.j.s.SampleEvent: List of sample_variables: []
2021-07-22 12:46:16,819 INFO o.a.j.s.SampleEvent: List of sample_variables: []
2021-07-22 12:46:16,833 INFO o.a.j.e.u.CompoundVariable: Note: Function class names must contain the string: '.functions.'
2021-07-22 12:46:16,834 INFO o.a.j.e.u.CompoundVariable: Note: Function class names must not contain the string: '.gui.'
2021-07-22 12:46:17,517 INFO o.a.j.JMeter: Running test (1626938177517)
2021-07-22 12:46:17,645 INFO o.a.j.e.StandardJMeterEngine: Starting ThreadGroup: 1 : CreateAuthoringWithAdditionalBulkDoc-Job
2021-07-22 12:46:17,646 INFO o.a.j.e.StandardJMeterEngine: Starting 1 threads for group CreateAuthoringWithAdditionalBulkDoc-Job.
2021-07-22 12:46:17,646 INFO o.a.j.e.StandardJMeterEngine: Thread will stop on error
2021-07-22 12:46:17,646 INFO o.a.j.t.ThreadGroup: Starting thread group... number=1 threads=1 ramp-up=1 perThread=1000.0 delayedStart=true
2021-07-22 12:46:17,648 INFO o.a.j.t.ThreadGroup: Started thread group number 1
2021-07-22 12:46:17,648 INFO o.a.j.e.StandardJMeterEngine: All thread groups have been started
2021-07-22 12:46:17,701 INFO o.a.j.s.SampleResult: Note: Sample TimeStamps are START times
2021-07-22 12:46:17,701 INFO o.a.j.s.SampleResult: sampleresult.default.encoding is set to ISO-8859-1
2021-07-22 12:46:17,701 INFO o.a.j.s.SampleResult: sampleresult.useNanoTime=true
2021-07-22 12:46:17,701 INFO o.a.j.s.SampleResult: sampleresult.nanoThreadSleep=5000
2021-07-22 12:46:17,713 INFO o.a.j.t.JMeterThread: Thread started: CreateAuthoringWithAdditionalBulkDoc-Job 1-1
2021-07-22 12:46:17,718 INFO o.a.j.c.LoopController: iterationStart called on 3# Loop Controller for Suggested Action-Autho with source org.apache.jmeter.control.LoopController@6ff79e7d and iteration 1
2021-07-22 12:46:17,718 INFO o.a.j.s.FileServer: Stored: D:/apache-jmeter-5.1/apache-jmeter-5.1/bin/Files/Partner_ZCS_Users.csv
2021-07-22 12:46:17,748 INFO o.a.j.p.h.s.HTTPHCAbstractImpl: Local host = ZIPLSY1584
2021-07-22 12:46:17,758 INFO o.a.j.p.h.s.HTTPHC4Impl: HTTP request retry count = 0
2021-07-22 12:46:17,861 INFO o.a.j.p.h.s.h.LazyLayeredConnectionSocketFactory: Setting up HTTPS TrustAll Socket Factory
2021-07-22 12:46:17,870 INFO o.a.j.u.JsseSSLManager: Using default SSL protocol: TLS
2021-07-22 12:46:17,871 INFO o.a.j.u.JsseSSLManager: SSL session context: per-thread
2021-07-22 12:46:18,158 INFO o.a.j.u.SSLManager: JmeterKeyStore Location:  type JKS
2021-07-22 12:46:18,159 INFO o.a.j.u.SSLManager: KeyStore created OK
2021-07-22 12:46:18,160 WARN o.a.j.u.SSLManager: Keystore file not found, loading empty keystore
2021-07-22 12:46:30,026 INFO o.a.j.r.Summariser: summary +     25 in 00:00:13 =    2.0/s Avg:   403 Min:    52 Max:  2627 Err:     0 (0.00%) Active: 1 Started: 1 Finished: 0
2021-07-22 12:46:38,177 INFO o.a.j.s.FileServer: Stored: D:\apache-jmeter-5.1\apache-jmeter-5.1\bin\Files\AUTO35813.docx
2021-07-22 12:46:51,003 ERROR o.a.j.u.BeanShellInterpreter: Error invoking bsh method: eval	Sourced file: inline evaluation of: ``String totalRecords = vars.get("totalRecords"); String perpage = vars.get("perpa . . . '' : Typed variable declaration : Method Invocation Integer.parseInt
2021-07-22 12:46:51,003 WARN o.a.j.e.BeanShellPostProcessor: Problem in BeanShell script: org.apache.jorphan.util.JMeterException: Error invoking bsh method: eval	Sourced file: inline evaluation of: ``String totalRecords = vars.get("totalRecords"); String perpage = vars.get("perpa . . . '' : Typed variable declaration : Method Invocation Integer.parseInt
2021-07-22 12:47:00,299 INFO o.a.j.r.Summariser: summary +     39 in 00:00:30 =    1.3/s Avg:   405 Min:   253 Max:  2668 Err:     0 (0.00%) Active: 1 Started: 1 Finished: 0
2021-07-22 12:47:00,300 INFO o.a.j.r.Summariser: summary =     64 in 00:00:43 =    1.5/s Avg:   404 Min:    52 Max:  2668 Err:     0 (0.00%)
2021-07-22 12:47:06,385 INFO o.a.j.c.LoopController: iterationStart called on 11.1 Documents-5 with source org.apache.jmeter.control.TransactionController@107b2db1 and iteration 0
2021-07-22 12:47:06,385 INFO o.a.j.s.FileServer: Stored: D:/apache-jmeter-5.1/apache-jmeter-5.1/bin/Files/20mbTest1.pdf
2021-07-22 12:47:10,337 INFO o.a.j.s.FileServer: Stored: D:/apache-jmeter-5.1/apache-jmeter-5.1/bin/Files/20mbTest2.pdf
2021-07-22 12:47:14,892 INFO o.a.j.s.FileServer: Stored: D:/apache-jmeter-5.1/apache-jmeter-5.1/bin/Files/20mbTest3.pdf
2021-07-22 12:47:26,190 INFO o.a.j.s.FileServer: Stored: D:/apache-jmeter-5.1/apache-jmeter-5.1/bin/Files/20mbTest4.pdf
2021-07-22 12:47:32,932 INFO o.a.j.r.Summariser: summary +      6 in 00:00:33 =    0.2/s Avg:  4764 Min:   272 Max: 11298 Err:     0 (0.00%) Active: 1 Started: 1 Finished: 0
2021-07-22 12:47:32,933 INFO o.a.j.r.Summariser: summary =     70 in 00:01:15 =    0.9/s Avg:   778 Min:    52 Max: 11298 Err:     0 (0.00%)
2021-07-22 12:47:32,933 INFO o.a.j.s.FileServer: Stored: D:/apache-jmeter-5.1/apache-jmeter-5.1/bin/Files/20mbTest5.pdf
2021-07-22 12:47:36,824 INFO o.a.j.s.FileServer: Stored: D:/apache-jmeter-5.1/apache-jmeter-5.1/bin/Files/20mbTest6.pdf
2021-07-22 12:47:40,689 INFO o.a.j.s.FileServer: Stored: D:/apache-jmeter-5.1/apache-jmeter-5.1/bin/Files/20mbTest7.pdf
2021-07-22 12:47:44,342 INFO o.a.j.s.FileServer: Stored: D:/apache-jmeter-5.1/apache-jmeter-5.1/bin/Files/20mbTest8.pdf
2021-07-22 12:47:47,785 INFO o.a.j.s.FileServer: Stored: D:/apache-jmeter-5.1/apache-jmeter-5.1/bin/Files/20mbTest9.pdf
2021-07-22 12:47:50,499 INFO o.a.j.s.FileServer: Stored: D:/apache-jmeter-5.1/apache-jmeter-5.1/bin/Files/20mbTest10.pdf
2021-07-22 12:47:54,028 INFO o.a.j.s.FileServer: Stored: D:/apache-jmeter-5.1/apache-jmeter-5.1/bin/Files/20mbTest11.pdf
2021-07-22 12:47:57,566 INFO o.a.j.s.FileServer: Stored: D:/apache-jmeter-5.1/apache-jmeter-5.1/bin/Files/20mbTest12.pdf
2021-07-22 12:48:00,159 INFO o.a.j.r.Summariser: summary +      8 in 00:00:27 =    0.3/s Avg:  3402 Min:  2593 Max:  3891 Err:     0 (0.00%) Active: 1 Started: 1 Finished: 0
2021-07-22 12:48:00,160 INFO o.a.j.r.Summariser: summary =     78 in 00:01:43 =    0.8/s Avg:  1047 Min:    52 Max: 11298 Err:     0 (0.00%)
2021-07-22 12:48:00,160 INFO o.a.j.s.FileServer: Stored: D:/apache-jmeter-5.1/apache-jmeter-5.1/bin/Files/20mbTest13.pdf
2021-07-22 12:48:03,565 INFO o.a.j.s.FileServer: Stored: D:/apache-jmeter-5.1/apache-jmeter-5.1/bin/Files/20mbTest14.pdf
2021-07-22 12:48:06,334 INFO o.a.j.s.FileServer: Stored: D:/apache-jmeter-5.1/apache-jmeter-5.1/bin/Files/20mbTest15.pdf
2021-07-22 12:48:09,894 INFO o.a.j.s.FileServer: Stored: D:/apache-jmeter-5.1/apache-jmeter-5.1/bin/Files/20mbTest16.pdf
2021-07-22 12:48:13,417 INFO o.a.j.s.FileServer: Stored: D:/apache-jmeter-5.1/apache-jmeter-5.1/bin/Files/20mbTest17.pdf
2021-07-22 12:48:16,939 INFO o.a.j.s.FileServer: Stored: D:/apache-jmeter-5.1/apache-jmeter-5.1/bin/Files/20mbTest18.pdf
2021-07-22 12:48:20,581 INFO o.a.j.s.FileServer: Stored: D:/apache-jmeter-5.1/apache-jmeter-5.1/bin/Files/20mbTest19.pdf
2021-07-22 12:48:24,024 INFO o.a.j.s.FileServer: Stored: D:/apache-jmeter-5.1/apache-jmeter-5.1/bin/Files/20mbTest20.pdf
2021-07-22 12:48:38,843 INFO o.a.j.c.LoopController: iterationStart called on 11.2 GetPageCount with source org.apache.jmeter.control.TransactionController@4271383c and iteration 0
2021-07-22 12:48:55,262 INFO o.a.j.t.JMeterThread: Stop Thread detected by thread: CreateAuthoringWithAdditionalBulkDoc-Job 1-1
2021-07-22 12:48:55,263 INFO o.a.j.t.JMeterThread: Thread finished: CreateAuthoringWithAdditionalBulkDoc-Job 1-1
2021-07-22 12:48:55,266 INFO o.a.j.e.StandardJMeterEngine: Notifying test listeners of end of test
2021-07-22 12:48:55,266 INFO o.a.j.s.FileServer: Close: D:/apache-jmeter-5.1/apache-jmeter-5.1/bin/Files/Partner_ZCS_Users.csv
2021-07-22 12:48:55,269 INFO o.a.j.r.Summariser: summary +     34 in 00:00:55 =    0.6/s Avg:  1205 Min:   268 Max:  3804 Err:     1 (2.94%) Active: 0 Started: 1 Finished: 1
2021-07-22 12:48:55,270 INFO o.a.j.r.Summariser: summary =    112 in 00:02:38 =    0.7/s Avg:  1095 Min:    52 Max: 11298 Err:     1 (0.89%)
2021-07-22 12:48:55,271 INFO o.a.j.JMeter: Generating Dashboard
2021-07-22 12:48:55,271 INFO o.a.j.r.d.ReportGenerator: Flushing result collector before report Generation
2021-07-22 12:48:55,294 INFO o.a.j.r.p.NormalizerSampleConsumer: Using format, 'ms', to parse timeStamp field
2021-07-22 12:48:55,372 INFO o.a.j.r.p.AbstractSampleConsumer: class org.apache.jmeter.report.processor.AggregateConsumer#stopProducing(): beginDate produced 0 samples
2021-07-22 12:48:55,372 INFO o.a.j.r.p.AbstractSampleConsumer: class org.apache.jmeter.report.processor.AggregateConsumer#stopProducing(): endDate produced 0 samples
2021-07-22 12:48:55,374 INFO o.a.j.r.p.AbstractSampleConsumer: class org.apache.jmeter.report.processor.ApdexSummaryConsumer#stopProducing(): apdexSummary produced 0 samples
2021-07-22 12:48:55,374 INFO o.a.j.r.p.AbstractSampleConsumer: class org.apache.jmeter.report.processor.RequestsSummaryConsumer#stopProducing(): requestsSummary produced 0 samples
2021-07-22 12:48:55,379 INFO o.a.j.r.p.AbstractSampleConsumer: class org.apache.jmeter.report.processor.StatisticsSummaryConsumer#stopProducing(): statisticsSummary produced 0 samples
2021-07-22 12:48:55,382 INFO o.a.j.r.p.AbstractSampleConsumer: class org.apache.jmeter.report.processor.Top5ErrorsBySamplerConsumer#stopProducing(): top5ErrorsBySampler produced 0 samples
2021-07-22 12:48:55,383 INFO o.a.j.r.p.AbstractSampleConsumer: class org.apache.jmeter.report.processor.ErrorsSummaryConsumer#stopProducing(): errorsSummary produced 0 samples
2021-07-22 12:48:55,383 INFO o.a.j.r.p.AbstractSampleConsumer: class org.apache.jmeter.report.processor.graph.impl.HitsPerSecondGraphConsumer#stopProducing(): hitsPerSecond produced 0 samples
2021-07-22 12:48:55,391 INFO o.a.j.r.p.AbstractSampleConsumer: class org.apache.jmeter.report.processor.graph.impl.LatencyVSRequestGraphConsumer#stopProducing(): latencyVsRequest produced 0 samples
2021-07-22 12:48:55,391 INFO o.a.j.r.p.AbstractSampleConsumer: class org.apache.jmeter.report.processor.graph.impl.SyntheticResponseTimeDistributionGraphConsumer#stopProducing(): syntheticResponseTimeDistribution produced 0 samples
2021-07-22 12:48:55,392 INFO o.a.j.r.p.AbstractSampleConsumer: class org.apache.jmeter.report.processor.graph.impl.BytesThroughputGraphConsumer#stopProducing(): bytesThroughputOverTime produced 0 samples
2021-07-22 12:48:55,392 INFO o.a.j.r.p.AbstractSampleConsumer: class org.apache.jmeter.report.processor.graph.impl.CodesPerSecondGraphConsumer#stopProducing(): codesPerSecond produced 0 samples
2021-07-22 12:48:55,397 INFO o.a.j.r.p.AbstractSampleConsumer: class org.apache.jmeter.report.processor.graph.impl.ResponseTimeVSRequestGraphConsumer#stopProducing(): responseTimeVsRequest produced 0 samples
2021-07-22 12:48:55,397 INFO o.a.j.r.p.AbstractSampleConsumer: class org.apache.jmeter.report.processor.FilterConsumer#stopProducing(): startIntervalControlerFilter produced 784 samples
2021-07-22 12:48:55,397 INFO o.a.j.r.p.AbstractSampleConsumer: class org.apache.jmeter.report.processor.graph.impl.TotalTPSGraphConsumer#stopProducing(): totalTPS produced 0 samples
2021-07-22 12:48:55,397 INFO o.a.j.r.p.AbstractSampleConsumer: class org.apache.jmeter.report.processor.graph.impl.ActiveThreadsGraphConsumer#stopProducing(): activeThreadsOverTime produced 0 samples
2021-07-22 12:48:55,397 INFO o.a.j.r.p.AbstractSampleConsumer: class org.apache.jmeter.report.processor.graph.impl.TimeVSThreadGraphConsumer#stopProducing(): timeVsThreads produced 0 samples
2021-07-22 12:48:55,404 INFO o.a.j.r.p.AbstractSampleConsumer: class org.apache.jmeter.report.processor.graph.impl.ResponseTimeDistributionGraphConsumer#stopProducing(): responseTimeDistribution produced 0 samples
2021-07-22 12:48:55,405 INFO o.a.j.r.p.AbstractSampleConsumer: class org.apache.jmeter.report.processor.graph.impl.TransactionsPerSecondGraphConsumer#stopProducing(): transactionsPerSecond produced 0 samples
2021-07-22 12:48:55,405 INFO o.a.j.r.p.AbstractSampleConsumer: class org.apache.jmeter.report.processor.graph.impl.ResponseTimePercentilesGraphConsumer#stopProducing(): responseTimePercentiles produced 0 samples
2021-07-22 12:48:55,421 INFO o.a.j.r.p.AbstractSampleConsumer: class org.apache.jmeter.report.processor.graph.impl.ResponseTimePercentilesOverTimeGraphConsumer#stopProducing(): responseTimePercentilesOverTime produced 0 samples
2021-07-22 12:48:55,422 INFO o.a.j.r.p.AbstractSampleConsumer: class org.apache.jmeter.report.processor.graph.impl.ResponseTimeOverTimeGraphConsumer#stopProducing(): responseTimesOverTime produced 0 samples
2021-07-22 12:48:55,422 INFO o.a.j.r.p.AbstractSampleConsumer: class org.apache.jmeter.report.processor.graph.impl.ConnectTimeOverTimeGraphConsumer#stopProducing(): connectTimeOverTime produced 0 samples
2021-07-22 12:48:55,422 INFO o.a.j.r.p.AbstractSampleConsumer: class org.apache.jmeter.report.processor.graph.impl.LatencyOverTimeGraphConsumer#stopProducing(): latenciesOverTime produced 0 samples
2021-07-22 12:48:55,423 INFO o.a.j.r.p.AbstractSampleConsumer: class org.apache.jmeter.report.processor.FilterConsumer#stopProducing(): nameFilter produced 2190 samples
2021-07-22 12:48:55,423 INFO o.a.j.r.p.AbstractSampleConsumer: class org.apache.jmeter.report.processor.FilterConsumer#stopProducing(): dateRangeFilter produced 438 samples
2021-07-22 12:48:55,423 INFO o.a.j.r.p.AbstractSampleConsumer: class org.apache.jmeter.report.processor.NormalizerSampleConsumer#stopProducing(): normalizer produced 146 samples
2021-07-22 12:48:55,424 INFO o.a.j.r.p.CsvFileSampleSource: produce(): 146 samples produced in 109ms on channel 0
2021-07-22 12:48:55,424 INFO o.a.j.r.d.ReportGenerator: Exporting data using exporter:'json' of className:'org.apache.jmeter.report.dashboard.JsonExporter'
2021-07-22 12:48:55,426 INFO o.a.j.r.d.JsonExporter: Found data for consumer statisticsSummary in context
2021-07-22 12:48:55,426 INFO o.a.j.r.d.JsonExporter: Creating statistics for overall
2021-07-22 12:48:55,426 INFO o.a.j.r.d.JsonExporter: Creating statistics for other transactions
2021-07-22 12:48:55,427 INFO o.a.j.r.d.JsonExporter: Checking output folder
2021-07-22 12:48:55,429 INFO o.a.j.r.d.JsonExporter: Writing statistics JSON to C:\xampp\htdocs\performance\L1_iContract_1_CreateAuthoringWithAdditionalBulkDoc_2021-07-22_10\statistics.json
2021-07-22 12:48:55,569 INFO o.a.j.r.d.ReportGenerator: Exporting data using exporter:'html' of className:'org.apache.jmeter.report.dashboard.HtmlTemplateExporter'
2021-07-22 12:48:55,571 INFO o.a.j.r.d.HtmlTemplateExporter: Will generate dashboard in folder: C:\xampp\htdocs\performance\L1_iContract_1_CreateAuthoringWithAdditionalBulkDoc_2021-07-22_10
2021-07-22 12:48:55,793 INFO o.a.j.r.d.HtmlTemplateExporter: Report will be generated in: C:\xampp\htdocs\performance\L1_iContract_1_CreateAuthoringWithAdditionalBulkDoc_2021-07-22_10, creating folder structure
2021-07-22 12:48:55,797 INFO o.a.j.r.d.TemplateVisitor: Copying folder from 'D:\apache-jmeter-5.1\apache-jmeter-5.1\bin\report-template' to 'C:\xampp\htdocs\performance\L1_iContract_1_CreateAuthoringWithAdditionalBulkDoc_2021-07-22_10', got message:[C:\xampp\htdocs\performance\L1_iContract_1_CreateAuthoringWithAdditionalBulkDoc_2021-07-22_10\statistics.json], found non empty folder with following content {}, will be ignored
2021-07-22 12:48:56,966 INFO o.a.j.JMeter: Dashboard generated
