2021-07-23 15:57:23,529 INFO o.a.j.u.JMeterUtils: Setting Locale to en_EN
2021-07-23 15:57:23,541 INFO o.a.j.JMeter: Loading user properties from: user.properties
2021-07-23 15:57:23,542 INFO o.a.j.JMeter: Loading system properties from: system.properties
2021-07-23 15:57:23,542 INFO o.a.j.JMeter: Setting JMeter property: meter.reportgenerator.report_title=CreateAuthoringWithAdditionalBulkDoc
2021-07-23 15:57:23,543 INFO o.a.j.JMeter: Setting JMeter property: thread=1
2021-07-23 15:57:23,543 INFO o.a.j.JMeter: Setting JMeter property: rampup=1
2021-07-23 15:57:23,543 INFO o.a.j.JMeter: Setting JMeter property: tenant=Partner_ZCS_Users
2021-07-23 15:57:23,549 INFO o.a.j.JMeter: Copyright (c) 1998-2019 The Apache Software Foundation
2021-07-23 15:57:23,549 INFO o.a.j.JMeter: Version 5.1 r1853635
2021-07-23 15:57:23,549 INFO o.a.j.JMeter: java.version=1.8.0_144
2021-07-23 15:57:23,549 INFO o.a.j.JMeter: java.vm.name=Java HotSpot(TM) 64-Bit Server VM
2021-07-23 15:57:23,549 INFO o.a.j.JMeter: os.name=Windows 10
2021-07-23 15:57:23,549 INFO o.a.j.JMeter: os.arch=amd64
2021-07-23 15:57:23,550 INFO o.a.j.JMeter: os.version=10.0
2021-07-23 15:57:23,550 INFO o.a.j.JMeter: file.encoding=Cp1252
2021-07-23 15:57:23,550 INFO o.a.j.JMeter: java.awt.headless=true
2021-07-23 15:57:23,550 INFO o.a.j.JMeter: Max memory     =8589934592
2021-07-23 15:57:23,550 INFO o.a.j.JMeter: Available Processors =4
2021-07-23 15:57:23,553 INFO o.a.j.JMeter: Default Locale=English (EN)
2021-07-23 15:57:23,553 INFO o.a.j.JMeter: JMeter  Locale=English (EN)
2021-07-23 15:57:23,553 INFO o.a.j.JMeter: JMeterHome=D:\apache-jmeter-5.1\apache-jmeter-5.1
2021-07-23 15:57:23,553 INFO o.a.j.JMeter: user.dir  =D:\apache-jmeter-5.1\apache-jmeter-5.1\bin
2021-07-23 15:57:23,554 INFO o.a.j.JMeter: PWD       =D:\apache-jmeter-5.1\apache-jmeter-5.1\bin
2021-07-23 15:57:23,556 INFO o.a.j.JMeter: IP: 192.168.35.159 Name: ZIPLSY1584 FullName: host.docker.internal
2021-07-23 15:57:23,558 INFO o.a.j.JMeter: Setting property 'jmeter.reportgenerator.outputdir' to:'C:\xampp\htdocs\performance\L1_iContract_1_CreateAuthoringWithAdditionalBulkDoc_2021-07-23_16'
2021-07-23 15:57:23,560 INFO o.a.j.s.FileServer: Default base='D:\apache-jmeter-5.1\apache-jmeter-5.1\bin'
2021-07-23 15:57:23,563 INFO o.a.j.s.FileServer: Set new base='D:\PEAutomation\Partner\iContract'
2021-07-23 15:57:23,669 INFO o.a.j.s.SaveService: Testplan (JMX) version: 2.2. Testlog (JTL) version: 2.2
2021-07-23 15:57:23,681 INFO o.a.j.s.SaveService: Using SaveService properties file encoding UTF-8
2021-07-23 15:57:23,686 INFO o.a.j.s.SaveService: Using SaveService properties version 5.0
2021-07-23 15:57:23,691 INFO o.a.j.s.SaveService: Loading file: D:\PEAutomation\Partner\iContract\L1_iContract_CreateAuthoringWithAdditionalBulkDoc.jmx
2021-07-23 15:57:23,777 INFO o.a.j.p.h.c.CookieManager: Settings: Delete null: true Check: true Allow variable: true Save: false Prefix: COOKIE_
2021-07-23 15:57:23,781 INFO o.a.j.p.h.c.CacheManager: Will only cache the following methods: [GET]
2021-07-23 15:57:23,790 INFO o.a.j.p.h.s.HTTPSamplerBase: Parser for text/html is org.apache.jmeter.protocol.http.parser.LagartoBasedHtmlParser
2021-07-23 15:57:23,790 INFO o.a.j.p.h.s.HTTPSamplerBase: Parser for application/xhtml+xml is org.apache.jmeter.protocol.http.parser.LagartoBasedHtmlParser
2021-07-23 15:57:23,790 INFO o.a.j.p.h.s.HTTPSamplerBase: Parser for application/xml is org.apache.jmeter.protocol.http.parser.LagartoBasedHtmlParser
2021-07-23 15:57:23,790 INFO o.a.j.p.h.s.HTTPSamplerBase: Parser for text/xml is org.apache.jmeter.protocol.http.parser.LagartoBasedHtmlParser
2021-07-23 15:57:23,790 INFO o.a.j.p.h.s.HTTPSamplerBase: Parser for text/vnd.wap.wml is org.apache.jmeter.protocol.http.parser.RegexpHTMLParser
2021-07-23 15:57:23,790 INFO o.a.j.p.h.s.HTTPSamplerBase: Parser for text/css is org.apache.jmeter.protocol.http.parser.CssParser
2021-07-23 15:57:23,987 INFO o.a.j.JMeter: Creating summariser <summary>
2021-07-23 15:57:23,992 INFO o.a.j.r.d.ReportGenerator: ReportGenerator will use for Parsing the separator: ','
2021-07-23 15:57:23,993 INFO o.a.j.r.d.ReportGenerator: Will generate report at end of test from  results file: D:\PEAutomation\Partner\iContract\JTL\L1_iContract_1_CreateAuthoringWithAdditionalBulkDoc_2021-07-23_16.jtl
2021-07-23 15:57:23,993 INFO o.a.j.r.d.ReportGenerator: Reading report generator properties from: D:\apache-jmeter-5.1\apache-jmeter-5.1\bin\reportgenerator.properties
2021-07-23 15:57:23,994 INFO o.a.j.r.d.ReportGenerator: Merging with JMeter properties
2021-07-23 15:57:23,999 INFO o.a.j.r.c.ReportGeneratorConfiguration: Property 'jmeter.reportgenerator.temp_dir' not found, using default value 'temp' instead.
2021-07-23 15:57:24,001 INFO o.a.j.r.c.ReportGeneratorConfiguration: Property 'jmeter.reportgenerator.apdex_per_transaction' not found, using default value 'null' instead.
2021-07-23 15:57:24,001 INFO o.a.j.r.c.ReportGeneratorConfiguration: apdex_per_transaction : {} is empty, not APDEX per transaction customization
2021-07-23 15:57:24,002 INFO o.a.j.r.c.ReportGeneratorConfiguration: Property 'jmeter.reportgenerator.sample_filter' not found, using default value 'null' instead.
2021-07-23 15:57:24,002 INFO o.a.j.r.c.ReportGeneratorConfiguration: Property 'jmeter.reportgenerator.report_title' not found, using default value 'null' instead.
2021-07-23 15:57:24,002 INFO o.a.j.r.c.ReportGeneratorConfiguration: Property 'jmeter.reportgenerator.start_date' not found, using default value 'null' instead.
2021-07-23 15:57:24,002 INFO o.a.j.r.c.ReportGeneratorConfiguration: Property 'jmeter.reportgenerator.end_date' not found, using default value 'null' instead.
2021-07-23 15:57:24,002 INFO o.a.j.r.c.ReportGeneratorConfiguration: Property 'jmeter.reportgenerator.date_format' not found, using default value 'null' instead.
2021-07-23 15:57:24,003 INFO o.a.j.r.c.ReportGeneratorConfiguration: Will use date range start date: null, end date: null
2021-07-23 15:57:24,007 INFO o.a.j.r.c.ReportGeneratorConfiguration: Property 'jmeter.reportgenerator.graph.totalTPS.exclude_controllers' not found, using default value 'false' instead.
2021-07-23 15:57:24,007 INFO o.a.j.r.c.ReportGeneratorConfiguration: Property 'jmeter.reportgenerator.graph.activeThreadsOverTime.exclude_controllers' not found, using default value 'false' instead.
2021-07-23 15:57:24,007 INFO o.a.j.r.c.ReportGeneratorConfiguration: Property 'jmeter.reportgenerator.graph.timeVsThreads.exclude_controllers' not found, using default value 'false' instead.
2021-07-23 15:57:24,007 INFO o.a.j.r.c.ReportGeneratorConfiguration: Property 'jmeter.reportgenerator.graph.responseTimeDistribution.exclude_controllers' not found, using default value 'false' instead.
2021-07-23 15:57:24,008 INFO o.a.j.r.c.ReportGeneratorConfiguration: Property 'jmeter.reportgenerator.graph.transactionsPerSecond.exclude_controllers' not found, using default value 'false' instead.
2021-07-23 15:57:24,008 INFO o.a.j.r.c.ReportGeneratorConfiguration: Property 'jmeter.reportgenerator.graph.responseTimePercentiles.exclude_controllers' not found, using default value 'false' instead.
2021-07-23 15:57:24,008 INFO o.a.j.r.c.ReportGeneratorConfiguration: Property 'jmeter.reportgenerator.graph.responseTimePercentilesOverTime.exclude_controllers' not found, using default value 'false' instead.
2021-07-23 15:57:24,008 INFO o.a.j.r.c.ReportGeneratorConfiguration: Property 'jmeter.reportgenerator.graph.responseTimesOverTime.exclude_controllers' not found, using default value 'false' instead.
2021-07-23 15:57:24,008 INFO o.a.j.r.c.ReportGeneratorConfiguration: Property 'jmeter.reportgenerator.graph.connectTimeOverTime.exclude_controllers' not found, using default value 'false' instead.
2021-07-23 15:57:24,008 INFO o.a.j.r.c.ReportGeneratorConfiguration: Property 'jmeter.reportgenerator.graph.latenciesOverTime.exclude_controllers' not found, using default value 'false' instead.
2021-07-23 15:57:24,009 INFO o.a.j.r.c.ReportGeneratorConfiguration: Property 'jmeter.reportgenerator.exporter.json.filters_only_sample_series' not found, using default value 'true' instead.
2021-07-23 15:57:24,009 INFO o.a.j.r.c.ReportGeneratorConfiguration: Property 'jmeter.reportgenerator.exporter.json.series_filter' not found, using default value '' instead.
2021-07-23 15:57:24,010 INFO o.a.j.r.c.ReportGeneratorConfiguration: Property 'jmeter.reportgenerator.exporter.json.show_controllers_only' not found, using default value 'false' instead.
2021-07-23 15:57:24,010 INFO o.a.j.r.c.ReportGeneratorConfiguration: Property 'jmeter.reportgenerator.exporter.html.filters_only_sample_series' not found, using default value 'true' instead.
2021-07-23 15:57:24,010 INFO o.a.j.r.c.ReportGeneratorConfiguration: Property 'jmeter.reportgenerator.exporter.html.series_filter' not found, using default value '' instead.
2021-07-23 15:57:24,010 INFO o.a.j.r.c.ReportGeneratorConfiguration: Property 'jmeter.reportgenerator.exporter.html.show_controllers_only' not found, using default value 'false' instead.
2021-07-23 15:57:24,014 INFO o.a.j.e.StandardJMeterEngine: Running the test!
2021-07-23 15:57:24,015 INFO o.a.j.s.SampleEvent: List of sample_variables: []
2021-07-23 15:57:24,015 INFO o.a.j.s.SampleEvent: List of sample_variables: []
2021-07-23 15:57:24,021 INFO o.a.j.e.u.CompoundVariable: Note: Function class names must contain the string: '.functions.'
2021-07-23 15:57:24,021 INFO o.a.j.e.u.CompoundVariable: Note: Function class names must not contain the string: '.gui.'
2021-07-23 15:57:24,707 INFO o.a.j.JMeter: Running test (1627036044707)
2021-07-23 15:57:24,784 INFO o.a.j.e.StandardJMeterEngine: Starting ThreadGroup: 1 : CreateAuthoringWithAdditionalBulkDoc-Job
2021-07-23 15:57:24,784 INFO o.a.j.e.StandardJMeterEngine: Starting 1 threads for group CreateAuthoringWithAdditionalBulkDoc-Job.
2021-07-23 15:57:24,785 INFO o.a.j.e.StandardJMeterEngine: Thread will stop on error
2021-07-23 15:57:24,785 INFO o.a.j.t.ThreadGroup: Starting thread group... number=1 threads=1 ramp-up=1 perThread=1000.0 delayedStart=true
2021-07-23 15:57:24,785 INFO o.a.j.t.ThreadGroup: Started thread group number 1
2021-07-23 15:57:24,786 INFO o.a.j.e.StandardJMeterEngine: All thread groups have been started
2021-07-23 15:57:24,837 INFO o.a.j.s.SampleResult: Note: Sample TimeStamps are START times
2021-07-23 15:57:24,837 INFO o.a.j.s.SampleResult: sampleresult.default.encoding is set to ISO-8859-1
2021-07-23 15:57:24,837 INFO o.a.j.s.SampleResult: sampleresult.useNanoTime=true
2021-07-23 15:57:24,837 INFO o.a.j.s.SampleResult: sampleresult.nanoThreadSleep=5000
2021-07-23 15:57:24,848 INFO o.a.j.t.JMeterThread: Thread started: CreateAuthoringWithAdditionalBulkDoc-Job 1-1
2021-07-23 15:57:24,851 INFO o.a.j.c.LoopController: iterationStart called on 3# Loop Controller for Suggested Action-Autho with source org.apache.jmeter.control.LoopController@38af5c71 and iteration 1
2021-07-23 15:57:24,851 INFO o.a.j.s.FileServer: Stored: D:/apache-jmeter-5.1/apache-jmeter-5.1/bin/Files/Partner_ZCS_Users.csv
2021-07-23 15:57:24,867 INFO o.a.j.p.h.s.HTTPHCAbstractImpl: Local host = ZIPLSY1584
2021-07-23 15:57:24,875 INFO o.a.j.p.h.s.HTTPHC4Impl: HTTP request retry count = 0
2021-07-23 15:57:24,953 INFO o.a.j.p.h.s.h.LazyLayeredConnectionSocketFactory: Setting up HTTPS TrustAll Socket Factory
2021-07-23 15:57:24,962 INFO o.a.j.u.JsseSSLManager: Using default SSL protocol: TLS
2021-07-23 15:57:24,962 INFO o.a.j.u.JsseSSLManager: SSL session context: per-thread
2021-07-23 15:57:25,330 INFO o.a.j.u.SSLManager: JmeterKeyStore Location:  type JKS
2021-07-23 15:57:25,331 INFO o.a.j.u.SSLManager: KeyStore created OK
2021-07-23 15:57:25,331 WARN o.a.j.u.SSLManager: Keystore file not found, loading empty keystore
2021-07-23 15:57:30,335 INFO o.a.j.r.Summariser: summary +      9 in 00:00:06 =    1.6/s Avg:   599 Min:   326 Max:  1565 Err:     0 (0.00%) Active: 1 Started: 1 Finished: 0
2021-07-23 15:57:56,075 INFO o.a.j.s.FileServer: Stored: D:\apache-jmeter-5.1\apache-jmeter-5.1\bin\Files\AUTO35813.docx
2021-07-23 15:58:03,762 INFO o.a.j.r.Summariser: summary +     32 in 00:00:33 =    1.0/s Avg:   753 Min:   359 Max:  3906 Err:     0 (0.00%) Active: 1 Started: 1 Finished: 0
2021-07-23 15:58:03,762 INFO o.a.j.r.Summariser: summary =     41 in 00:00:39 =    1.0/s Avg:   719 Min:   326 Max:  3906 Err:     0 (0.00%)
2021-07-23 15:58:12,023 ERROR o.a.j.u.BeanShellInterpreter: Error invoking bsh method: eval	Sourced file: inline evaluation of: ``String totalRecords = vars.get("totalRecords"); String perpage = vars.get("perpa . . . '' : Typed variable declaration : Method Invocation Integer.parseInt
2021-07-23 15:58:12,024 WARN o.a.j.e.BeanShellPostProcessor: Problem in BeanShell script: org.apache.jorphan.util.JMeterException: Error invoking bsh method: eval	Sourced file: inline evaluation of: ``String totalRecords = vars.get("totalRecords"); String perpage = vars.get("perpa . . . '' : Typed variable declaration : Method Invocation Integer.parseInt
2021-07-23 15:58:27,733 INFO o.a.j.c.LoopController: iterationStart called on 11.1 Documents-5 with source org.apache.jmeter.control.TransactionController@76349b11 and iteration 0
2021-07-23 15:58:27,734 INFO o.a.j.s.FileServer: Stored: D:/apache-jmeter-5.1/apache-jmeter-5.1/bin/Files/20mbTest1.pdf
2021-07-23 15:58:32,682 INFO o.a.j.r.Summariser: summary +     26 in 00:00:29 =    0.9/s Avg:   675 Min:   307 Max:  4948 Err:     0 (0.00%) Active: 1 Started: 1 Finished: 0
2021-07-23 15:58:32,683 INFO o.a.j.r.Summariser: summary =     67 in 00:01:08 =    1.0/s Avg:   702 Min:   307 Max:  4948 Err:     0 (0.00%)
2021-07-23 15:58:32,683 INFO o.a.j.s.FileServer: Stored: D:/apache-jmeter-5.1/apache-jmeter-5.1/bin/Files/20mbTest2.pdf
2021-07-23 15:58:36,228 INFO o.a.j.s.FileServer: Stored: D:/apache-jmeter-5.1/apache-jmeter-5.1/bin/Files/20mbTest3.pdf
2021-07-23 15:58:44,200 INFO o.a.j.s.FileServer: Stored: D:/apache-jmeter-5.1/apache-jmeter-5.1/bin/Files/20mbTest4.pdf
2021-07-23 15:58:48,494 INFO o.a.j.s.FileServer: Stored: D:/apache-jmeter-5.1/apache-jmeter-5.1/bin/Files/20mbTest5.pdf
2021-07-23 15:58:56,306 INFO o.a.j.s.FileServer: Stored: D:/apache-jmeter-5.1/apache-jmeter-5.1/bin/Files/20mbTest6.pdf
2021-07-23 15:58:59,844 INFO o.a.j.s.FileServer: Stored: D:/apache-jmeter-5.1/apache-jmeter-5.1/bin/Files/20mbTest7.pdf
2021-07-23 15:59:06,397 INFO o.a.j.s.FileServer: Stored: D:/apache-jmeter-5.1/apache-jmeter-5.1/bin/Files/20mbTest8.pdf
2021-07-23 15:59:10,959 INFO o.a.j.s.FileServer: Stored: D:/apache-jmeter-5.1/apache-jmeter-5.1/bin/Files/20mbTest9.pdf
2021-07-23 15:59:18,357 INFO o.a.j.s.FileServer: Stored: D:/apache-jmeter-5.1/apache-jmeter-5.1/bin/Files/20mbTest10.pdf
2021-07-23 15:59:29,741 INFO o.a.j.s.FileServer: Stored: D:/apache-jmeter-5.1/apache-jmeter-5.1/bin/Files/20mbTest11.pdf
2021-07-23 15:59:37,752 INFO o.a.j.s.FileServer: Stored: D:/apache-jmeter-5.1/apache-jmeter-5.1/bin/Files/20mbTest12.pdf
2021-07-23 15:59:51,883 INFO o.a.j.s.FileServer: Stored: D:/apache-jmeter-5.1/apache-jmeter-5.1/bin/Files/20mbTest13.pdf
2021-07-23 16:00:08,415 INFO o.a.j.s.FileServer: Stored: D:/apache-jmeter-5.1/apache-jmeter-5.1/bin/Files/20mbTest14.pdf
2021-07-23 16:01:09,640 INFO o.a.j.s.FileServer: Stored: D:/apache-jmeter-5.1/apache-jmeter-5.1/bin/Files/20mbTest15.pdf
2021-07-23 16:01:48,836 INFO o.a.j.t.JMeterThread: Stop Thread detected by thread: CreateAuthoringWithAdditionalBulkDoc-Job 1-1
2021-07-23 16:01:48,836 INFO o.a.j.t.JMeterThread: Thread finished: CreateAuthoringWithAdditionalBulkDoc-Job 1-1
2021-07-23 16:01:48,837 INFO o.a.j.e.StandardJMeterEngine: Notifying test listeners of end of test
2021-07-23 16:01:48,837 INFO o.a.j.s.FileServer: Close: D:/apache-jmeter-5.1/apache-jmeter-5.1/bin/Files/Partner_ZCS_Users.csv
2021-07-23 16:01:48,838 INFO o.a.j.r.Summariser: summary +     14 in 00:03:16 =    0.1/s Avg: 14009 Min:  3537 Max: 61222 Err:     1 (7.14%) Active: 0 Started: 1 Finished: 1
2021-07-23 16:01:48,839 INFO o.a.j.r.Summariser: summary =     81 in 00:04:24 =    0.3/s Avg:  3002 Min:   307 Max: 61222 Err:     1 (1.23%)
2021-07-23 16:01:48,839 INFO o.a.j.JMeter: Generating Dashboard
2021-07-23 16:01:48,839 INFO o.a.j.r.d.ReportGenerator: Flushing result collector before report Generation
2021-07-23 16:01:48,852 INFO o.a.j.r.p.NormalizerSampleConsumer: Using format, 'ms', to parse timeStamp field
2021-07-23 16:01:48,965 INFO o.a.j.r.p.AbstractSampleConsumer: class org.apache.jmeter.report.processor.AggregateConsumer#stopProducing(): beginDate produced 0 samples
2021-07-23 16:01:48,965 INFO o.a.j.r.p.AbstractSampleConsumer: class org.apache.jmeter.report.processor.AggregateConsumer#stopProducing(): endDate produced 0 samples
2021-07-23 16:01:48,971 INFO o.a.j.r.p.AbstractSampleConsumer: class org.apache.jmeter.report.processor.ApdexSummaryConsumer#stopProducing(): apdexSummary produced 0 samples
2021-07-23 16:01:48,971 INFO o.a.j.r.p.AbstractSampleConsumer: class org.apache.jmeter.report.processor.RequestsSummaryConsumer#stopProducing(): requestsSummary produced 0 samples
2021-07-23 16:01:48,981 INFO o.a.j.r.p.AbstractSampleConsumer: class org.apache.jmeter.report.processor.StatisticsSummaryConsumer#stopProducing(): statisticsSummary produced 0 samples
2021-07-23 16:01:48,987 INFO o.a.j.r.p.AbstractSampleConsumer: class org.apache.jmeter.report.processor.Top5ErrorsBySamplerConsumer#stopProducing(): top5ErrorsBySampler produced 0 samples
2021-07-23 16:01:48,987 INFO o.a.j.r.p.AbstractSampleConsumer: class org.apache.jmeter.report.processor.ErrorsSummaryConsumer#stopProducing(): errorsSummary produced 0 samples
2021-07-23 16:01:48,987 INFO o.a.j.r.p.AbstractSampleConsumer: class org.apache.jmeter.report.processor.graph.impl.HitsPerSecondGraphConsumer#stopProducing(): hitsPerSecond produced 0 samples
2021-07-23 16:01:48,992 INFO o.a.j.r.p.AbstractSampleConsumer: class org.apache.jmeter.report.processor.graph.impl.LatencyVSRequestGraphConsumer#stopProducing(): latencyVsRequest produced 0 samples
2021-07-23 16:01:48,993 INFO o.a.j.r.p.AbstractSampleConsumer: class org.apache.jmeter.report.processor.graph.impl.SyntheticResponseTimeDistributionGraphConsumer#stopProducing(): syntheticResponseTimeDistribution produced 0 samples
2021-07-23 16:01:48,993 INFO o.a.j.r.p.AbstractSampleConsumer: class org.apache.jmeter.report.processor.graph.impl.BytesThroughputGraphConsumer#stopProducing(): bytesThroughputOverTime produced 0 samples
2021-07-23 16:01:48,993 INFO o.a.j.r.p.AbstractSampleConsumer: class org.apache.jmeter.report.processor.graph.impl.CodesPerSecondGraphConsumer#stopProducing(): codesPerSecond produced 0 samples
2021-07-23 16:01:49,001 INFO o.a.j.r.p.AbstractSampleConsumer: class org.apache.jmeter.report.processor.graph.impl.ResponseTimeVSRequestGraphConsumer#stopProducing(): responseTimeVsRequest produced 0 samples
2021-07-23 16:01:49,001 INFO o.a.j.r.p.AbstractSampleConsumer: class org.apache.jmeter.report.processor.FilterConsumer#stopProducing(): startIntervalControlerFilter produced 567 samples
2021-07-23 16:01:49,002 INFO o.a.j.r.p.AbstractSampleConsumer: class org.apache.jmeter.report.processor.graph.impl.TotalTPSGraphConsumer#stopProducing(): totalTPS produced 0 samples
2021-07-23 16:01:49,002 INFO o.a.j.r.p.AbstractSampleConsumer: class org.apache.jmeter.report.processor.graph.impl.ActiveThreadsGraphConsumer#stopProducing(): activeThreadsOverTime produced 0 samples
2021-07-23 16:01:49,002 INFO o.a.j.r.p.AbstractSampleConsumer: class org.apache.jmeter.report.processor.graph.impl.TimeVSThreadGraphConsumer#stopProducing(): timeVsThreads produced 0 samples
2021-07-23 16:01:49,007 INFO o.a.j.r.p.AbstractSampleConsumer: class org.apache.jmeter.report.processor.graph.impl.ResponseTimeDistributionGraphConsumer#stopProducing(): responseTimeDistribution produced 0 samples
2021-07-23 16:01:49,007 INFO o.a.j.r.p.AbstractSampleConsumer: class org.apache.jmeter.report.processor.graph.impl.TransactionsPerSecondGraphConsumer#stopProducing(): transactionsPerSecond produced 0 samples
2021-07-23 16:01:49,008 INFO o.a.j.r.p.AbstractSampleConsumer: class org.apache.jmeter.report.processor.graph.impl.ResponseTimePercentilesGraphConsumer#stopProducing(): responseTimePercentiles produced 0 samples
2021-07-23 16:01:49,019 INFO o.a.j.r.p.AbstractSampleConsumer: class org.apache.jmeter.report.processor.graph.impl.ResponseTimePercentilesOverTimeGraphConsumer#stopProducing(): responseTimePercentilesOverTime produced 0 samples
2021-07-23 16:01:49,019 INFO o.a.j.r.p.AbstractSampleConsumer: class org.apache.jmeter.report.processor.graph.impl.ResponseTimeOverTimeGraphConsumer#stopProducing(): responseTimesOverTime produced 0 samples
2021-07-23 16:01:49,020 INFO o.a.j.r.p.AbstractSampleConsumer: class org.apache.jmeter.report.processor.graph.impl.ConnectTimeOverTimeGraphConsumer#stopProducing(): connectTimeOverTime produced 0 samples
2021-07-23 16:01:49,020 INFO o.a.j.r.p.AbstractSampleConsumer: class org.apache.jmeter.report.processor.graph.impl.LatencyOverTimeGraphConsumer#stopProducing(): latenciesOverTime produced 0 samples
2021-07-23 16:01:49,021 INFO o.a.j.r.p.AbstractSampleConsumer: class org.apache.jmeter.report.processor.FilterConsumer#stopProducing(): nameFilter produced 1695 samples
2021-07-23 16:01:49,021 INFO o.a.j.r.p.AbstractSampleConsumer: class org.apache.jmeter.report.processor.FilterConsumer#stopProducing(): dateRangeFilter produced 339 samples
2021-07-23 16:01:49,021 INFO o.a.j.r.p.AbstractSampleConsumer: class org.apache.jmeter.report.processor.NormalizerSampleConsumer#stopProducing(): normalizer produced 113 samples
2021-07-23 16:01:49,021 INFO o.a.j.r.p.CsvFileSampleSource: produce(): 113 samples produced in 150ms on channel 0
2021-07-23 16:01:49,021 INFO o.a.j.r.d.ReportGenerator: Exporting data using exporter:'json' of className:'org.apache.jmeter.report.dashboard.JsonExporter'
2021-07-23 16:01:49,024 INFO o.a.j.r.d.JsonExporter: Found data for consumer statisticsSummary in context
2021-07-23 16:01:49,024 INFO o.a.j.r.d.JsonExporter: Creating statistics for overall
2021-07-23 16:01:49,024 INFO o.a.j.r.d.JsonExporter: Creating statistics for other transactions
2021-07-23 16:01:49,025 INFO o.a.j.r.d.JsonExporter: Checking output folder
2021-07-23 16:01:49,027 INFO o.a.j.r.d.JsonExporter: Writing statistics JSON to C:\xampp\htdocs\performance\L1_iContract_1_CreateAuthoringWithAdditionalBulkDoc_2021-07-23_16\statistics.json
2021-07-23 16:01:49,166 INFO o.a.j.r.d.ReportGenerator: Exporting data using exporter:'html' of className:'org.apache.jmeter.report.dashboard.HtmlTemplateExporter'
2021-07-23 16:01:49,170 INFO o.a.j.r.d.HtmlTemplateExporter: Will generate dashboard in folder: C:\xampp\htdocs\performance\L1_iContract_1_CreateAuthoringWithAdditionalBulkDoc_2021-07-23_16
2021-07-23 16:01:49,371 INFO o.a.j.r.d.HtmlTemplateExporter: Report will be generated in: C:\xampp\htdocs\performance\L1_iContract_1_CreateAuthoringWithAdditionalBulkDoc_2021-07-23_16, creating folder structure
2021-07-23 16:01:49,376 INFO o.a.j.r.d.TemplateVisitor: Copying folder from 'D:\apache-jmeter-5.1\apache-jmeter-5.1\bin\report-template' to 'C:\xampp\htdocs\performance\L1_iContract_1_CreateAuthoringWithAdditionalBulkDoc_2021-07-23_16', got message:[C:\xampp\htdocs\performance\L1_iContract_1_CreateAuthoringWithAdditionalBulkDoc_2021-07-23_16\statistics.json], found non empty folder with following content {}, will be ignored
2021-07-23 16:01:50,659 INFO o.a.j.JMeter: Dashboard generated
