2021-07-22 12:52:19,898 INFO o.a.j.u.JMeterUtils: Setting Locale to en_EN
2021-07-22 12:52:19,911 INFO o.a.j.JMeter: Loading user properties from: user.properties
2021-07-22 12:52:19,911 INFO o.a.j.JMeter: Loading system properties from: system.properties
2021-07-22 12:52:19,912 INFO o.a.j.JMeter: Setting JMeter property: meter.reportgenerator.report_title=WithdrawContractSendForInternalReview
2021-07-22 12:52:19,912 INFO o.a.j.JMeter: Setting JMeter property: thread=1
2021-07-22 12:52:19,912 INFO o.a.j.JMeter: Setting JMeter property: rampup=1
2021-07-22 12:52:19,916 INFO o.a.j.JMeter: Copyright (c) 1998-2019 The Apache Software Foundation
2021-07-22 12:52:19,916 INFO o.a.j.JMeter: Version 5.1 r1853635
2021-07-22 12:52:19,916 INFO o.a.j.JMeter: java.version=1.8.0_144
2021-07-22 12:52:19,916 INFO o.a.j.JMeter: java.vm.name=Java HotSpot(TM) 64-Bit Server VM
2021-07-22 12:52:19,916 INFO o.a.j.JMeter: os.name=Windows 10
2021-07-22 12:52:19,917 INFO o.a.j.JMeter: os.arch=amd64
2021-07-22 12:52:19,917 INFO o.a.j.JMeter: os.version=10.0
2021-07-22 12:52:19,917 INFO o.a.j.JMeter: file.encoding=Cp1252
2021-07-22 12:52:19,917 INFO o.a.j.JMeter: java.awt.headless=true
2021-07-22 12:52:19,917 INFO o.a.j.JMeter: Max memory     =8589934592
2021-07-22 12:52:19,917 INFO o.a.j.JMeter: Available Processors =4
2021-07-22 12:52:19,920 INFO o.a.j.JMeter: Default Locale=English (EN)
2021-07-22 12:52:19,920 INFO o.a.j.JMeter: JMeter  Locale=English (EN)
2021-07-22 12:52:19,920 INFO o.a.j.JMeter: JMeterHome=D:\apache-jmeter-5.1\apache-jmeter-5.1
2021-07-22 12:52:19,920 INFO o.a.j.JMeter: user.dir  =D:\apache-jmeter-5.1\apache-jmeter-5.1\bin
2021-07-22 12:52:19,921 INFO o.a.j.JMeter: PWD       =D:\apache-jmeter-5.1\apache-jmeter-5.1\bin
2021-07-22 12:52:19,923 INFO o.a.j.JMeter: IP: 192.168.35.159 Name: ZIPLSY1584 FullName: host.docker.internal
2021-07-22 12:52:19,925 INFO o.a.j.JMeter: Setting property 'jmeter.reportgenerator.outputdir' to:'C:\xampp\htdocs\performance\L1_iContract_1_WithdrawContractSendForInternalReview_2021-07-22_4'
2021-07-22 12:52:19,927 INFO o.a.j.s.FileServer: Default base='D:\apache-jmeter-5.1\apache-jmeter-5.1\bin'
2021-07-22 12:52:19,931 INFO o.a.j.s.FileServer: Set new base='D:\PEAutomation\Partner\iContract'
2021-07-22 12:52:20,038 INFO o.a.j.s.SaveService: Testplan (JMX) version: 2.2. Testlog (JTL) version: 2.2
2021-07-22 12:52:20,050 INFO o.a.j.s.SaveService: Using SaveService properties file encoding UTF-8
2021-07-22 12:52:20,055 INFO o.a.j.s.SaveService: Using SaveService properties version 5.0
2021-07-22 12:52:20,061 INFO o.a.j.s.SaveService: Loading file: D:\PEAutomation\Partner\iContract\L1_iContract_WithdrawContractSendForInternalReview.jmx
2021-07-22 12:52:20,110 INFO o.a.j.p.h.c.CookieManager: Settings: Delete null: true Check: true Allow variable: true Save: false Prefix: COOKIE_
2021-07-22 12:52:20,114 INFO o.a.j.p.h.c.CacheManager: Will only cache the following methods: [GET]
2021-07-22 12:52:20,122 INFO o.a.j.p.h.s.HTTPSamplerBase: Parser for text/html is org.apache.jmeter.protocol.http.parser.LagartoBasedHtmlParser
2021-07-22 12:52:20,122 INFO o.a.j.p.h.s.HTTPSamplerBase: Parser for application/xhtml+xml is org.apache.jmeter.protocol.http.parser.LagartoBasedHtmlParser
2021-07-22 12:52:20,122 INFO o.a.j.p.h.s.HTTPSamplerBase: Parser for application/xml is org.apache.jmeter.protocol.http.parser.LagartoBasedHtmlParser
2021-07-22 12:52:20,122 INFO o.a.j.p.h.s.HTTPSamplerBase: Parser for text/xml is org.apache.jmeter.protocol.http.parser.LagartoBasedHtmlParser
2021-07-22 12:52:20,122 INFO o.a.j.p.h.s.HTTPSamplerBase: Parser for text/vnd.wap.wml is org.apache.jmeter.protocol.http.parser.RegexpHTMLParser
2021-07-22 12:52:20,122 INFO o.a.j.p.h.s.HTTPSamplerBase: Parser for text/css is org.apache.jmeter.protocol.http.parser.CssParser
2021-07-22 12:52:20,319 INFO o.a.j.JMeter: Creating summariser <summary>
2021-07-22 12:52:20,325 INFO o.a.j.r.d.ReportGenerator: ReportGenerator will use for Parsing the separator: ','
2021-07-22 12:52:20,325 INFO o.a.j.r.d.ReportGenerator: Will generate report at end of test from  results file: D:\PEAutomation\Partner\iContract\JTL\L1_iContract_1_WithdrawContractSendForInternalReview_2021-07-22_4.jtl
2021-07-22 12:52:20,326 INFO o.a.j.r.d.ReportGenerator: Reading report generator properties from: D:\apache-jmeter-5.1\apache-jmeter-5.1\bin\reportgenerator.properties
2021-07-22 12:52:20,326 INFO o.a.j.r.d.ReportGenerator: Merging with JMeter properties
2021-07-22 12:52:20,332 INFO o.a.j.r.c.ReportGeneratorConfiguration: Property 'jmeter.reportgenerator.temp_dir' not found, using default value 'temp' instead.
2021-07-22 12:52:20,334 INFO o.a.j.r.c.ReportGeneratorConfiguration: Property 'jmeter.reportgenerator.apdex_per_transaction' not found, using default value 'null' instead.
2021-07-22 12:52:20,335 INFO o.a.j.r.c.ReportGeneratorConfiguration: apdex_per_transaction : {} is empty, not APDEX per transaction customization
2021-07-22 12:52:20,335 INFO o.a.j.r.c.ReportGeneratorConfiguration: Property 'jmeter.reportgenerator.sample_filter' not found, using default value 'null' instead.
2021-07-22 12:52:20,335 INFO o.a.j.r.c.ReportGeneratorConfiguration: Property 'jmeter.reportgenerator.report_title' not found, using default value 'null' instead.
2021-07-22 12:52:20,335 INFO o.a.j.r.c.ReportGeneratorConfiguration: Property 'jmeter.reportgenerator.start_date' not found, using default value 'null' instead.
2021-07-22 12:52:20,335 INFO o.a.j.r.c.ReportGeneratorConfiguration: Property 'jmeter.reportgenerator.end_date' not found, using default value 'null' instead.
2021-07-22 12:52:20,335 INFO o.a.j.r.c.ReportGeneratorConfiguration: Property 'jmeter.reportgenerator.date_format' not found, using default value 'null' instead.
2021-07-22 12:52:20,335 INFO o.a.j.r.c.ReportGeneratorConfiguration: Will use date range start date: null, end date: null
2021-07-22 12:52:20,339 INFO o.a.j.r.c.ReportGeneratorConfiguration: Property 'jmeter.reportgenerator.graph.totalTPS.exclude_controllers' not found, using default value 'false' instead.
2021-07-22 12:52:20,339 INFO o.a.j.r.c.ReportGeneratorConfiguration: Property 'jmeter.reportgenerator.graph.activeThreadsOverTime.exclude_controllers' not found, using default value 'false' instead.
2021-07-22 12:52:20,340 INFO o.a.j.r.c.ReportGeneratorConfiguration: Property 'jmeter.reportgenerator.graph.timeVsThreads.exclude_controllers' not found, using default value 'false' instead.
2021-07-22 12:52:20,340 INFO o.a.j.r.c.ReportGeneratorConfiguration: Property 'jmeter.reportgenerator.graph.responseTimeDistribution.exclude_controllers' not found, using default value 'false' instead.
2021-07-22 12:52:20,340 INFO o.a.j.r.c.ReportGeneratorConfiguration: Property 'jmeter.reportgenerator.graph.transactionsPerSecond.exclude_controllers' not found, using default value 'false' instead.
2021-07-22 12:52:20,340 INFO o.a.j.r.c.ReportGeneratorConfiguration: Property 'jmeter.reportgenerator.graph.responseTimePercentiles.exclude_controllers' not found, using default value 'false' instead.
2021-07-22 12:52:20,340 INFO o.a.j.r.c.ReportGeneratorConfiguration: Property 'jmeter.reportgenerator.graph.responseTimePercentilesOverTime.exclude_controllers' not found, using default value 'false' instead.
2021-07-22 12:52:20,340 INFO o.a.j.r.c.ReportGeneratorConfiguration: Property 'jmeter.reportgenerator.graph.responseTimesOverTime.exclude_controllers' not found, using default value 'false' instead.
2021-07-22 12:52:20,340 INFO o.a.j.r.c.ReportGeneratorConfiguration: Property 'jmeter.reportgenerator.graph.connectTimeOverTime.exclude_controllers' not found, using default value 'false' instead.
2021-07-22 12:52:20,340 INFO o.a.j.r.c.ReportGeneratorConfiguration: Property 'jmeter.reportgenerator.graph.latenciesOverTime.exclude_controllers' not found, using default value 'false' instead.
2021-07-22 12:52:20,341 INFO o.a.j.r.c.ReportGeneratorConfiguration: Property 'jmeter.reportgenerator.exporter.json.filters_only_sample_series' not found, using default value 'true' instead.
2021-07-22 12:52:20,341 INFO o.a.j.r.c.ReportGeneratorConfiguration: Property 'jmeter.reportgenerator.exporter.json.series_filter' not found, using default value '' instead.
2021-07-22 12:52:20,341 INFO o.a.j.r.c.ReportGeneratorConfiguration: Property 'jmeter.reportgenerator.exporter.json.show_controllers_only' not found, using default value 'false' instead.
2021-07-22 12:52:20,342 INFO o.a.j.r.c.ReportGeneratorConfiguration: Property 'jmeter.reportgenerator.exporter.html.filters_only_sample_series' not found, using default value 'true' instead.
2021-07-22 12:52:20,342 INFO o.a.j.r.c.ReportGeneratorConfiguration: Property 'jmeter.reportgenerator.exporter.html.series_filter' not found, using default value '' instead.
2021-07-22 12:52:20,342 INFO o.a.j.r.c.ReportGeneratorConfiguration: Property 'jmeter.reportgenerator.exporter.html.show_controllers_only' not found, using default value 'false' instead.
2021-07-22 12:52:20,347 INFO o.a.j.e.StandardJMeterEngine: Running the test!
2021-07-22 12:52:20,347 INFO o.a.j.s.SampleEvent: List of sample_variables: []
2021-07-22 12:52:20,347 INFO o.a.j.s.SampleEvent: List of sample_variables: []
2021-07-22 12:52:20,354 INFO o.a.j.e.u.CompoundVariable: Note: Function class names must contain the string: '.functions.'
2021-07-22 12:52:20,354 INFO o.a.j.e.u.CompoundVariable: Note: Function class names must not contain the string: '.gui.'
2021-07-22 12:52:20,746 INFO o.a.j.JMeter: Running test (1626938540746)
2021-07-22 12:52:20,808 INFO o.a.j.e.StandardJMeterEngine: Starting ThreadGroup: 1 : WithdrawContractSendForInternalReview
2021-07-22 12:52:20,808 INFO o.a.j.e.StandardJMeterEngine: Starting 1 threads for group WithdrawContractSendForInternalReview.
2021-07-22 12:52:20,808 INFO o.a.j.e.StandardJMeterEngine: Thread will stop on error
2021-07-22 12:52:20,808 INFO o.a.j.t.ThreadGroup: Starting thread group... number=1 threads=1 ramp-up=1 perThread=1000.0 delayedStart=true
2021-07-22 12:52:20,809 INFO o.a.j.t.ThreadGroup: Started thread group number 1
2021-07-22 12:52:20,809 INFO o.a.j.e.StandardJMeterEngine: All thread groups have been started
2021-07-22 12:52:20,843 INFO o.a.j.s.SampleResult: Note: Sample TimeStamps are START times
2021-07-22 12:52:20,843 INFO o.a.j.s.SampleResult: sampleresult.default.encoding is set to ISO-8859-1
2021-07-22 12:52:20,843 INFO o.a.j.s.SampleResult: sampleresult.useNanoTime=true
2021-07-22 12:52:20,843 INFO o.a.j.s.SampleResult: sampleresult.nanoThreadSleep=5000
2021-07-22 12:52:20,851 INFO o.a.j.t.JMeterThread: Thread started: WithdrawContractSendForInternalReview 1-1
2021-07-22 12:52:20,854 INFO o.a.j.c.LoopController: iterationStart called on 3# Loop Controller for Suggested Action-Autho with source org.apache.jmeter.control.LoopController@58f59951 and iteration 1
2021-07-22 12:52:20,854 INFO o.a.j.s.FileServer: Stored: D:/apache-jmeter-5.1/apache-jmeter-5.1/bin/Files/Partner_ZCS_Users.csv
2021-07-22 12:52:20,870 INFO o.a.j.p.h.s.HTTPHCAbstractImpl: Local host = ZIPLSY1584
2021-07-22 12:52:20,875 INFO o.a.j.p.h.s.HTTPHC4Impl: HTTP request retry count = 0
2021-07-22 12:52:20,959 INFO o.a.j.p.h.s.h.LazyLayeredConnectionSocketFactory: Setting up HTTPS TrustAll Socket Factory
2021-07-22 12:52:21,014 INFO o.a.j.u.JsseSSLManager: Using default SSL protocol: TLS
2021-07-22 12:52:21,014 INFO o.a.j.u.JsseSSLManager: SSL session context: per-thread
2021-07-22 12:52:21,275 INFO o.a.j.u.SSLManager: JmeterKeyStore Location:  type JKS
2021-07-22 12:52:21,277 INFO o.a.j.u.SSLManager: KeyStore created OK
2021-07-22 12:52:21,277 WARN o.a.j.u.SSLManager: Keystore file not found, loading empty keystore
2021-07-22 12:52:30,126 INFO o.a.j.r.Summariser: summary +     22 in 00:00:09 =    2.3/s Avg:   322 Min:    48 Max:   846 Err:     0 (0.00%) Active: 1 Started: 1 Finished: 0
2021-07-22 12:52:55,232 ERROR o.a.j.u.BeanShellInterpreter: Error invoking bsh method: eval	Sourced file: inline evaluation of: ``String totalRecords = vars.get("totalRecords"); String perpage = vars.get("perpa . . . '' : Typed variable declaration : Method Invocation Integer.parseInt
2021-07-22 12:52:55,232 WARN o.a.j.e.BeanShellPostProcessor: Problem in BeanShell script: org.apache.jorphan.util.JMeterException: Error invoking bsh method: eval	Sourced file: inline evaluation of: ``String totalRecords = vars.get("totalRecords"); String perpage = vars.get("perpa . . . '' : Typed variable declaration : Method Invocation Integer.parseInt
2021-07-22 12:52:55,497 ERROR o.a.j.u.BeanShellInterpreter: Error invoking bsh method: eval	Sourced file: inline evaluation of: ``String totalRecords = vars.get("totalRecords"); String perpage = vars.get("perpa . . . '' : Typed variable declaration : Method Invocation Integer.parseInt
2021-07-22 12:52:55,497 WARN o.a.j.e.BeanShellPostProcessor: Problem in BeanShell script: org.apache.jorphan.util.JMeterException: Error invoking bsh method: eval	Sourced file: inline evaluation of: ``String totalRecords = vars.get("totalRecords"); String perpage = vars.get("perpa . . . '' : Typed variable declaration : Method Invocation Integer.parseInt
2021-07-22 12:53:01,692 INFO o.a.j.r.Summariser: summary +     50 in 00:00:32 =    1.6/s Avg:   383 Min:   251 Max:  2578 Err:     0 (0.00%) Active: 1 Started: 1 Finished: 0
2021-07-22 12:53:01,692 INFO o.a.j.r.Summariser: summary =     72 in 00:00:41 =    1.8/s Avg:   364 Min:    48 Max:  2578 Err:     0 (0.00%)
2021-07-22 12:53:13,853 ERROR o.a.j.u.BeanShellInterpreter: Error invoking bsh method: eval	Sourced file: inline evaluation of: ``String totalRecords = vars.get("totalRecords"); String perpage = vars.get("perpa . . . '' : Typed variable declaration : Method Invocation Integer.parseInt
2021-07-22 12:53:13,853 WARN o.a.j.e.BeanShellPostProcessor: Problem in BeanShell script: org.apache.jorphan.util.JMeterException: Error invoking bsh method: eval	Sourced file: inline evaluation of: ``String totalRecords = vars.get("totalRecords"); String perpage = vars.get("perpa . . . '' : Typed variable declaration : Method Invocation Integer.parseInt
2021-07-22 12:53:18,864 INFO o.a.j.t.JMeterThread: Stop Thread detected by thread: WithdrawContractSendForInternalReview 1-1
2021-07-22 12:53:18,864 INFO o.a.j.t.JMeterThread: Thread finished: WithdrawContractSendForInternalReview 1-1
2021-07-22 12:53:18,867 INFO o.a.j.e.StandardJMeterEngine: Notifying test listeners of end of test
2021-07-22 12:53:18,867 INFO o.a.j.s.FileServer: Close: D:/apache-jmeter-5.1/apache-jmeter-5.1/bin/Files/Partner_ZCS_Users.csv
2021-07-22 12:53:18,868 INFO o.a.j.r.Summariser: summary +     24 in 00:00:17 =    1.4/s Avg:   417 Min:   254 Max:  1366 Err:     1 (4.17%) Active: 0 Started: 1 Finished: 1
2021-07-22 12:53:18,868 INFO o.a.j.r.Summariser: summary =     96 in 00:00:58 =    1.7/s Avg:   378 Min:    48 Max:  2578 Err:     1 (1.04%)
2021-07-22 12:53:18,869 INFO o.a.j.JMeter: Generating Dashboard
2021-07-22 12:53:18,869 INFO o.a.j.r.d.ReportGenerator: Flushing result collector before report Generation
2021-07-22 12:53:18,880 INFO o.a.j.r.p.NormalizerSampleConsumer: Using format, 'ms', to parse timeStamp field
2021-07-22 12:53:18,957 INFO o.a.j.r.p.AbstractSampleConsumer: class org.apache.jmeter.report.processor.AggregateConsumer#stopProducing(): beginDate produced 0 samples
2021-07-22 12:53:18,958 INFO o.a.j.r.p.AbstractSampleConsumer: class org.apache.jmeter.report.processor.AggregateConsumer#stopProducing(): endDate produced 0 samples
2021-07-22 12:53:18,960 INFO o.a.j.r.p.AbstractSampleConsumer: class org.apache.jmeter.report.processor.ApdexSummaryConsumer#stopProducing(): apdexSummary produced 0 samples
2021-07-22 12:53:18,960 INFO o.a.j.r.p.AbstractSampleConsumer: class org.apache.jmeter.report.processor.RequestsSummaryConsumer#stopProducing(): requestsSummary produced 0 samples
2021-07-22 12:53:18,964 INFO o.a.j.r.p.AbstractSampleConsumer: class org.apache.jmeter.report.processor.StatisticsSummaryConsumer#stopProducing(): statisticsSummary produced 0 samples
2021-07-22 12:53:18,967 INFO o.a.j.r.p.AbstractSampleConsumer: class org.apache.jmeter.report.processor.Top5ErrorsBySamplerConsumer#stopProducing(): top5ErrorsBySampler produced 0 samples
2021-07-22 12:53:18,968 INFO o.a.j.r.p.AbstractSampleConsumer: class org.apache.jmeter.report.processor.ErrorsSummaryConsumer#stopProducing(): errorsSummary produced 0 samples
2021-07-22 12:53:18,968 INFO o.a.j.r.p.AbstractSampleConsumer: class org.apache.jmeter.report.processor.graph.impl.HitsPerSecondGraphConsumer#stopProducing(): hitsPerSecond produced 0 samples
2021-07-22 12:53:18,976 INFO o.a.j.r.p.AbstractSampleConsumer: class org.apache.jmeter.report.processor.graph.impl.LatencyVSRequestGraphConsumer#stopProducing(): latencyVsRequest produced 0 samples
2021-07-22 12:53:18,977 INFO o.a.j.r.p.AbstractSampleConsumer: class org.apache.jmeter.report.processor.graph.impl.SyntheticResponseTimeDistributionGraphConsumer#stopProducing(): syntheticResponseTimeDistribution produced 0 samples
2021-07-22 12:53:18,977 INFO o.a.j.r.p.AbstractSampleConsumer: class org.apache.jmeter.report.processor.graph.impl.BytesThroughputGraphConsumer#stopProducing(): bytesThroughputOverTime produced 0 samples
2021-07-22 12:53:18,977 INFO o.a.j.r.p.AbstractSampleConsumer: class org.apache.jmeter.report.processor.graph.impl.CodesPerSecondGraphConsumer#stopProducing(): codesPerSecond produced 0 samples
2021-07-22 12:53:18,981 INFO o.a.j.r.p.AbstractSampleConsumer: class org.apache.jmeter.report.processor.graph.impl.ResponseTimeVSRequestGraphConsumer#stopProducing(): responseTimeVsRequest produced 0 samples
2021-07-22 12:53:18,982 INFO o.a.j.r.p.AbstractSampleConsumer: class org.apache.jmeter.report.processor.FilterConsumer#stopProducing(): startIntervalControlerFilter produced 672 samples
2021-07-22 12:53:18,982 INFO o.a.j.r.p.AbstractSampleConsumer: class org.apache.jmeter.report.processor.graph.impl.TotalTPSGraphConsumer#stopProducing(): totalTPS produced 0 samples
2021-07-22 12:53:18,982 INFO o.a.j.r.p.AbstractSampleConsumer: class org.apache.jmeter.report.processor.graph.impl.ActiveThreadsGraphConsumer#stopProducing(): activeThreadsOverTime produced 0 samples
2021-07-22 12:53:18,982 INFO o.a.j.r.p.AbstractSampleConsumer: class org.apache.jmeter.report.processor.graph.impl.TimeVSThreadGraphConsumer#stopProducing(): timeVsThreads produced 0 samples
2021-07-22 12:53:18,988 INFO o.a.j.r.p.AbstractSampleConsumer: class org.apache.jmeter.report.processor.graph.impl.ResponseTimeDistributionGraphConsumer#stopProducing(): responseTimeDistribution produced 0 samples
2021-07-22 12:53:18,989 INFO o.a.j.r.p.AbstractSampleConsumer: class org.apache.jmeter.report.processor.graph.impl.TransactionsPerSecondGraphConsumer#stopProducing(): transactionsPerSecond produced 0 samples
2021-07-22 12:53:18,990 INFO o.a.j.r.p.AbstractSampleConsumer: class org.apache.jmeter.report.processor.graph.impl.ResponseTimePercentilesGraphConsumer#stopProducing(): responseTimePercentiles produced 0 samples
2021-07-22 12:53:19,006 INFO o.a.j.r.p.AbstractSampleConsumer: class org.apache.jmeter.report.processor.graph.impl.ResponseTimePercentilesOverTimeGraphConsumer#stopProducing(): responseTimePercentilesOverTime produced 0 samples
2021-07-22 12:53:19,006 INFO o.a.j.r.p.AbstractSampleConsumer: class org.apache.jmeter.report.processor.graph.impl.ResponseTimeOverTimeGraphConsumer#stopProducing(): responseTimesOverTime produced 0 samples
2021-07-22 12:53:19,007 INFO o.a.j.r.p.AbstractSampleConsumer: class org.apache.jmeter.report.processor.graph.impl.ConnectTimeOverTimeGraphConsumer#stopProducing(): connectTimeOverTime produced 0 samples
2021-07-22 12:53:19,007 INFO o.a.j.r.p.AbstractSampleConsumer: class org.apache.jmeter.report.processor.graph.impl.LatencyOverTimeGraphConsumer#stopProducing(): latenciesOverTime produced 0 samples
2021-07-22 12:53:19,008 INFO o.a.j.r.p.AbstractSampleConsumer: class org.apache.jmeter.report.processor.FilterConsumer#stopProducing(): nameFilter produced 2055 samples
2021-07-22 12:53:19,008 INFO o.a.j.r.p.AbstractSampleConsumer: class org.apache.jmeter.report.processor.FilterConsumer#stopProducing(): dateRangeFilter produced 411 samples
2021-07-22 12:53:19,008 INFO o.a.j.r.p.AbstractSampleConsumer: class org.apache.jmeter.report.processor.NormalizerSampleConsumer#stopProducing(): normalizer produced 137 samples
2021-07-22 12:53:19,009 INFO o.a.j.r.p.CsvFileSampleSource: produce(): 137 samples produced in 108ms on channel 0
2021-07-22 12:53:19,009 INFO o.a.j.r.d.ReportGenerator: Exporting data using exporter:'json' of className:'org.apache.jmeter.report.dashboard.JsonExporter'
2021-07-22 12:53:19,011 INFO o.a.j.r.d.JsonExporter: Found data for consumer statisticsSummary in context
2021-07-22 12:53:19,011 INFO o.a.j.r.d.JsonExporter: Creating statistics for overall
2021-07-22 12:53:19,011 INFO o.a.j.r.d.JsonExporter: Creating statistics for other transactions
2021-07-22 12:53:19,012 INFO o.a.j.r.d.JsonExporter: Checking output folder
2021-07-22 12:53:19,014 INFO o.a.j.r.d.JsonExporter: Writing statistics JSON to C:\xampp\htdocs\performance\L1_iContract_1_WithdrawContractSendForInternalReview_2021-07-22_4\statistics.json
2021-07-22 12:53:19,158 INFO o.a.j.r.d.ReportGenerator: Exporting data using exporter:'html' of className:'org.apache.jmeter.report.dashboard.HtmlTemplateExporter'
2021-07-22 12:53:19,161 INFO o.a.j.r.d.HtmlTemplateExporter: Will generate dashboard in folder: C:\xampp\htdocs\performance\L1_iContract_1_WithdrawContractSendForInternalReview_2021-07-22_4
2021-07-22 12:53:19,384 INFO o.a.j.r.d.HtmlTemplateExporter: Report will be generated in: C:\xampp\htdocs\performance\L1_iContract_1_WithdrawContractSendForInternalReview_2021-07-22_4, creating folder structure
2021-07-22 12:53:19,388 INFO o.a.j.r.d.TemplateVisitor: Copying folder from 'D:\apache-jmeter-5.1\apache-jmeter-5.1\bin\report-template' to 'C:\xampp\htdocs\performance\L1_iContract_1_WithdrawContractSendForInternalReview_2021-07-22_4', got message:[C:\xampp\htdocs\performance\L1_iContract_1_WithdrawContractSendForInternalReview_2021-07-22_4\statistics.json], found non empty folder with following content {}, will be ignored
2021-07-22 12:53:20,659 INFO o.a.j.JMeter: Dashboard generated
