2021-07-23 16:00:44,452 INFO o.a.j.u.JMeterUtils: Setting Locale to en_EN
2021-07-23 16:00:44,466 INFO o.a.j.JMeter: Loading user properties from: user.properties
2021-07-23 16:00:44,468 INFO o.a.j.JMeter: Loading system properties from: system.properties
2021-07-23 16:00:44,468 INFO o.a.j.JMeter: Setting JMeter property: meter.reportgenerator.report_title=CreationAmendmentsExistingAuthoringContract
2021-07-23 16:00:44,469 INFO o.a.j.JMeter: Setting JMeter property: thread=1
2021-07-23 16:00:44,469 INFO o.a.j.JMeter: Setting JMeter property: rampup=1
2021-07-23 16:00:44,469 INFO o.a.j.JMeter: Setting JMeter property: tenant=Partner_ZCS_Users
2021-07-23 16:00:44,474 INFO o.a.j.JMeter: Copyright (c) 1998-2019 The Apache Software Foundation
2021-07-23 16:00:44,474 INFO o.a.j.JMeter: Version 5.1 r1853635
2021-07-23 16:00:44,474 INFO o.a.j.JMeter: java.version=1.8.0_144
2021-07-23 16:00:44,474 INFO o.a.j.JMeter: java.vm.name=Java HotSpot(TM) 64-Bit Server VM
2021-07-23 16:00:44,474 INFO o.a.j.JMeter: os.name=Windows 10
2021-07-23 16:00:44,474 INFO o.a.j.JMeter: os.arch=amd64
2021-07-23 16:00:44,474 INFO o.a.j.JMeter: os.version=10.0
2021-07-23 16:00:44,475 INFO o.a.j.JMeter: file.encoding=Cp1252
2021-07-23 16:00:44,475 INFO o.a.j.JMeter: java.awt.headless=true
2021-07-23 16:00:44,475 INFO o.a.j.JMeter: Max memory     =8589934592
2021-07-23 16:00:44,475 INFO o.a.j.JMeter: Available Processors =4
2021-07-23 16:00:44,480 INFO o.a.j.JMeter: Default Locale=English (EN)
2021-07-23 16:00:44,480 INFO o.a.j.JMeter: JMeter  Locale=English (EN)
2021-07-23 16:00:44,480 INFO o.a.j.JMeter: JMeterHome=D:\apache-jmeter-5.1\apache-jmeter-5.1
2021-07-23 16:00:44,480 INFO o.a.j.JMeter: user.dir  =D:\apache-jmeter-5.1\apache-jmeter-5.1\bin
2021-07-23 16:00:44,481 INFO o.a.j.JMeter: PWD       =D:\apache-jmeter-5.1\apache-jmeter-5.1\bin
2021-07-23 16:00:44,482 INFO o.a.j.JMeter: IP: 192.168.35.159 Name: ZIPLSY1584 FullName: host.docker.internal
2021-07-23 16:00:44,484 INFO o.a.j.JMeter: Setting property 'jmeter.reportgenerator.outputdir' to:'C:\xampp\htdocs\performance\L1_iContract_1_CreationAmendmentsExistingAuthoringContract_2021-07-23_14'
2021-07-23 16:00:44,486 INFO o.a.j.s.FileServer: Default base='D:\apache-jmeter-5.1\apache-jmeter-5.1\bin'
2021-07-23 16:00:44,494 INFO o.a.j.s.FileServer: Set new base='D:\PEAutomation\Partner\iContract'
2021-07-23 16:00:44,631 INFO o.a.j.s.SaveService: Testplan (JMX) version: 2.2. Testlog (JTL) version: 2.2
2021-07-23 16:00:44,648 INFO o.a.j.s.SaveService: Using SaveService properties file encoding UTF-8
2021-07-23 16:00:44,652 INFO o.a.j.s.SaveService: Using SaveService properties version 5.0
2021-07-23 16:00:44,656 INFO o.a.j.s.SaveService: Loading file: D:\PEAutomation\Partner\iContract\L1_iContract_CreationAmendmentsExistingAuthoringContract.jmx
2021-07-23 16:00:44,707 INFO o.a.j.p.h.c.CookieManager: Settings: Delete null: true Check: true Allow variable: true Save: false Prefix: COOKIE_
2021-07-23 16:00:44,710 INFO o.a.j.p.h.c.CacheManager: Will only cache the following methods: [GET]
2021-07-23 16:00:44,718 INFO o.a.j.p.h.s.HTTPSamplerBase: Parser for text/html is org.apache.jmeter.protocol.http.parser.LagartoBasedHtmlParser
2021-07-23 16:00:44,719 INFO o.a.j.p.h.s.HTTPSamplerBase: Parser for application/xhtml+xml is org.apache.jmeter.protocol.http.parser.LagartoBasedHtmlParser
2021-07-23 16:00:44,719 INFO o.a.j.p.h.s.HTTPSamplerBase: Parser for application/xml is org.apache.jmeter.protocol.http.parser.LagartoBasedHtmlParser
2021-07-23 16:00:44,719 INFO o.a.j.p.h.s.HTTPSamplerBase: Parser for text/xml is org.apache.jmeter.protocol.http.parser.LagartoBasedHtmlParser
2021-07-23 16:00:44,719 INFO o.a.j.p.h.s.HTTPSamplerBase: Parser for text/vnd.wap.wml is org.apache.jmeter.protocol.http.parser.RegexpHTMLParser
2021-07-23 16:00:44,719 INFO o.a.j.p.h.s.HTTPSamplerBase: Parser for text/css is org.apache.jmeter.protocol.http.parser.CssParser
2021-07-23 16:00:44,967 INFO o.a.j.JMeter: Creating summariser <summary>
2021-07-23 16:00:44,973 INFO o.a.j.r.d.ReportGenerator: ReportGenerator will use for Parsing the separator: ','
2021-07-23 16:00:44,973 INFO o.a.j.r.d.ReportGenerator: Will generate report at end of test from  results file: D:\PEAutomation\Partner\iContract\JTL\L1_iContract_1_CreationAmendmentsExistingAuthoringContract_2021-07-23_14.jtl
2021-07-23 16:00:44,973 INFO o.a.j.r.d.ReportGenerator: Reading report generator properties from: D:\apache-jmeter-5.1\apache-jmeter-5.1\bin\reportgenerator.properties
2021-07-23 16:00:44,982 INFO o.a.j.r.d.ReportGenerator: Merging with JMeter properties
2021-07-23 16:00:44,987 INFO o.a.j.r.c.ReportGeneratorConfiguration: Property 'jmeter.reportgenerator.temp_dir' not found, using default value 'temp' instead.
2021-07-23 16:00:44,990 INFO o.a.j.r.c.ReportGeneratorConfiguration: Property 'jmeter.reportgenerator.apdex_per_transaction' not found, using default value 'null' instead.
2021-07-23 16:00:44,990 INFO o.a.j.r.c.ReportGeneratorConfiguration: apdex_per_transaction : {} is empty, not APDEX per transaction customization
2021-07-23 16:00:44,990 INFO o.a.j.r.c.ReportGeneratorConfiguration: Property 'jmeter.reportgenerator.sample_filter' not found, using default value 'null' instead.
2021-07-23 16:00:44,990 INFO o.a.j.r.c.ReportGeneratorConfiguration: Property 'jmeter.reportgenerator.report_title' not found, using default value 'null' instead.
2021-07-23 16:00:44,990 INFO o.a.j.r.c.ReportGeneratorConfiguration: Property 'jmeter.reportgenerator.start_date' not found, using default value 'null' instead.
2021-07-23 16:00:44,990 INFO o.a.j.r.c.ReportGeneratorConfiguration: Property 'jmeter.reportgenerator.end_date' not found, using default value 'null' instead.
2021-07-23 16:00:44,991 INFO o.a.j.r.c.ReportGeneratorConfiguration: Property 'jmeter.reportgenerator.date_format' not found, using default value 'null' instead.
2021-07-23 16:00:44,991 INFO o.a.j.r.c.ReportGeneratorConfiguration: Will use date range start date: null, end date: null
2021-07-23 16:00:44,996 INFO o.a.j.r.c.ReportGeneratorConfiguration: Property 'jmeter.reportgenerator.graph.totalTPS.exclude_controllers' not found, using default value 'false' instead.
2021-07-23 16:00:44,997 INFO o.a.j.r.c.ReportGeneratorConfiguration: Property 'jmeter.reportgenerator.graph.activeThreadsOverTime.exclude_controllers' not found, using default value 'false' instead.
2021-07-23 16:00:44,997 INFO o.a.j.r.c.ReportGeneratorConfiguration: Property 'jmeter.reportgenerator.graph.timeVsThreads.exclude_controllers' not found, using default value 'false' instead.
2021-07-23 16:00:44,997 INFO o.a.j.r.c.ReportGeneratorConfiguration: Property 'jmeter.reportgenerator.graph.responseTimeDistribution.exclude_controllers' not found, using default value 'false' instead.
2021-07-23 16:00:44,997 INFO o.a.j.r.c.ReportGeneratorConfiguration: Property 'jmeter.reportgenerator.graph.transactionsPerSecond.exclude_controllers' not found, using default value 'false' instead.
2021-07-23 16:00:44,997 INFO o.a.j.r.c.ReportGeneratorConfiguration: Property 'jmeter.reportgenerator.graph.responseTimePercentiles.exclude_controllers' not found, using default value 'false' instead.
2021-07-23 16:00:44,998 INFO o.a.j.r.c.ReportGeneratorConfiguration: Property 'jmeter.reportgenerator.graph.responseTimePercentilesOverTime.exclude_controllers' not found, using default value 'false' instead.
2021-07-23 16:00:44,998 INFO o.a.j.r.c.ReportGeneratorConfiguration: Property 'jmeter.reportgenerator.graph.responseTimesOverTime.exclude_controllers' not found, using default value 'false' instead.
2021-07-23 16:00:44,998 INFO o.a.j.r.c.ReportGeneratorConfiguration: Property 'jmeter.reportgenerator.graph.connectTimeOverTime.exclude_controllers' not found, using default value 'false' instead.
2021-07-23 16:00:44,999 INFO o.a.j.r.c.ReportGeneratorConfiguration: Property 'jmeter.reportgenerator.graph.latenciesOverTime.exclude_controllers' not found, using default value 'false' instead.
2021-07-23 16:00:45,001 INFO o.a.j.r.c.ReportGeneratorConfiguration: Property 'jmeter.reportgenerator.exporter.json.filters_only_sample_series' not found, using default value 'true' instead.
2021-07-23 16:00:45,001 INFO o.a.j.r.c.ReportGeneratorConfiguration: Property 'jmeter.reportgenerator.exporter.json.series_filter' not found, using default value '' instead.
2021-07-23 16:00:45,001 INFO o.a.j.r.c.ReportGeneratorConfiguration: Property 'jmeter.reportgenerator.exporter.json.show_controllers_only' not found, using default value 'false' instead.
2021-07-23 16:00:45,002 INFO o.a.j.r.c.ReportGeneratorConfiguration: Property 'jmeter.reportgenerator.exporter.html.filters_only_sample_series' not found, using default value 'true' instead.
2021-07-23 16:00:45,002 INFO o.a.j.r.c.ReportGeneratorConfiguration: Property 'jmeter.reportgenerator.exporter.html.series_filter' not found, using default value '' instead.
2021-07-23 16:00:45,002 INFO o.a.j.r.c.ReportGeneratorConfiguration: Property 'jmeter.reportgenerator.exporter.html.show_controllers_only' not found, using default value 'false' instead.
2021-07-23 16:00:45,008 INFO o.a.j.e.StandardJMeterEngine: Running the test!
2021-07-23 16:00:45,009 INFO o.a.j.s.SampleEvent: List of sample_variables: []
2021-07-23 16:00:45,009 INFO o.a.j.s.SampleEvent: List of sample_variables: []
2021-07-23 16:00:45,016 INFO o.a.j.e.u.CompoundVariable: Note: Function class names must contain the string: '.functions.'
2021-07-23 16:00:45,016 INFO o.a.j.e.u.CompoundVariable: Note: Function class names must not contain the string: '.gui.'
2021-07-23 16:00:45,529 INFO o.a.j.JMeter: Running test (1627036245529)
2021-07-23 16:00:45,606 INFO o.a.j.e.StandardJMeterEngine: Starting ThreadGroup: 1 : CreationAmendmentsExistingAuthoringContract
2021-07-23 16:00:45,606 INFO o.a.j.e.StandardJMeterEngine: Starting 1 threads for group CreationAmendmentsExistingAuthoringContract.
2021-07-23 16:00:45,606 INFO o.a.j.e.StandardJMeterEngine: Thread will stop on error
2021-07-23 16:00:45,607 INFO o.a.j.t.ThreadGroup: Starting thread group... number=1 threads=1 ramp-up=1 perThread=1000.0 delayedStart=true
2021-07-23 16:00:45,607 INFO o.a.j.t.ThreadGroup: Started thread group number 1
2021-07-23 16:00:45,608 INFO o.a.j.e.StandardJMeterEngine: All thread groups have been started
2021-07-23 16:00:45,660 INFO o.a.j.s.SampleResult: Note: Sample TimeStamps are START times
2021-07-23 16:00:45,661 INFO o.a.j.s.SampleResult: sampleresult.default.encoding is set to ISO-8859-1
2021-07-23 16:00:45,661 INFO o.a.j.s.SampleResult: sampleresult.useNanoTime=true
2021-07-23 16:00:45,661 INFO o.a.j.s.SampleResult: sampleresult.nanoThreadSleep=5000
2021-07-23 16:00:45,686 INFO o.a.j.t.JMeterThread: Thread started: CreationAmendmentsExistingAuthoringContract 1-1
2021-07-23 16:00:45,691 INFO o.a.j.c.LoopController: iterationStart called on 3# Loop Controller for Suggested Action-Autho with source org.apache.jmeter.control.LoopController@1c62c0c2 and iteration 1
2021-07-23 16:00:45,692 INFO o.a.j.s.FileServer: Stored: D:/apache-jmeter-5.1/apache-jmeter-5.1/bin/Files/Partner_ZCS_Users.csv
2021-07-23 16:00:45,707 INFO o.a.j.p.h.s.HTTPHCAbstractImpl: Local host = ZIPLSY1584
2021-07-23 16:00:45,714 INFO o.a.j.p.h.s.HTTPHC4Impl: HTTP request retry count = 0
2021-07-23 16:00:45,777 INFO o.a.j.p.h.s.h.LazyLayeredConnectionSocketFactory: Setting up HTTPS TrustAll Socket Factory
2021-07-23 16:00:45,783 INFO o.a.j.u.JsseSSLManager: Using default SSL protocol: TLS
2021-07-23 16:00:45,783 INFO o.a.j.u.JsseSSLManager: SSL session context: per-thread
2021-07-23 16:00:46,192 INFO o.a.j.u.SSLManager: JmeterKeyStore Location:  type JKS
2021-07-23 16:00:46,194 INFO o.a.j.u.SSLManager: KeyStore created OK
2021-07-23 16:00:46,194 WARN o.a.j.u.SSLManager: Keystore file not found, loading empty keystore
2021-07-23 16:01:00,105 INFO o.a.j.r.Summariser: summary +     15 in 00:00:15 =    1.0/s Avg:   817 Min:   436 Max:  2056 Err:     0 (0.00%) Active: 1 Started: 1 Finished: 0
2021-07-23 16:01:30,416 INFO o.a.j.r.Summariser: summary +     24 in 00:00:30 =    0.8/s Avg:  1091 Min:   405 Max:  5833 Err:     0 (0.00%) Active: 1 Started: 1 Finished: 0
2021-07-23 16:01:30,417 INFO o.a.j.r.Summariser: summary =     39 in 00:00:45 =    0.9/s Avg:   986 Min:   405 Max:  5833 Err:     0 (0.00%)
2021-07-23 16:01:41,860 INFO o.a.j.t.JMeterThread: Stop Thread detected by thread: CreationAmendmentsExistingAuthoringContract 1-1
2021-07-23 16:01:41,860 INFO o.a.j.t.JMeterThread: Thread finished: CreationAmendmentsExistingAuthoringContract 1-1
2021-07-23 16:01:41,862 INFO o.a.j.e.StandardJMeterEngine: Notifying test listeners of end of test
2021-07-23 16:01:41,863 INFO o.a.j.s.FileServer: Close: D:/apache-jmeter-5.1/apache-jmeter-5.1/bin/Files/Partner_ZCS_Users.csv
2021-07-23 16:01:41,868 INFO o.a.j.r.Summariser: summary +      9 in 00:00:11 =    0.8/s Avg:  1040 Min:   557 Max:  1645 Err:     1 (11.11%) Active: 0 Started: 1 Finished: 1
2021-07-23 16:01:41,869 INFO o.a.j.r.Summariser: summary =     48 in 00:00:56 =    0.9/s Avg:   996 Min:   405 Max:  5833 Err:     1 (2.08%)
2021-07-23 16:01:41,869 INFO o.a.j.JMeter: Generating Dashboard
2021-07-23 16:01:41,869 INFO o.a.j.r.d.ReportGenerator: Flushing result collector before report Generation
2021-07-23 16:01:41,884 INFO o.a.j.r.p.NormalizerSampleConsumer: Using format, 'ms', to parse timeStamp field
2021-07-23 16:01:41,961 INFO o.a.j.r.p.AbstractSampleConsumer: class org.apache.jmeter.report.processor.AggregateConsumer#stopProducing(): beginDate produced 0 samples
2021-07-23 16:01:41,961 INFO o.a.j.r.p.AbstractSampleConsumer: class org.apache.jmeter.report.processor.AggregateConsumer#stopProducing(): endDate produced 0 samples
2021-07-23 16:01:41,962 INFO o.a.j.r.p.AbstractSampleConsumer: class org.apache.jmeter.report.processor.ApdexSummaryConsumer#stopProducing(): apdexSummary produced 0 samples
2021-07-23 16:01:41,963 INFO o.a.j.r.p.AbstractSampleConsumer: class org.apache.jmeter.report.processor.RequestsSummaryConsumer#stopProducing(): requestsSummary produced 0 samples
2021-07-23 16:01:41,966 INFO o.a.j.r.p.AbstractSampleConsumer: class org.apache.jmeter.report.processor.StatisticsSummaryConsumer#stopProducing(): statisticsSummary produced 0 samples
2021-07-23 16:01:41,970 INFO o.a.j.r.p.AbstractSampleConsumer: class org.apache.jmeter.report.processor.Top5ErrorsBySamplerConsumer#stopProducing(): top5ErrorsBySampler produced 0 samples
2021-07-23 16:01:41,971 INFO o.a.j.r.p.AbstractSampleConsumer: class org.apache.jmeter.report.processor.ErrorsSummaryConsumer#stopProducing(): errorsSummary produced 0 samples
2021-07-23 16:01:41,971 INFO o.a.j.r.p.AbstractSampleConsumer: class org.apache.jmeter.report.processor.graph.impl.HitsPerSecondGraphConsumer#stopProducing(): hitsPerSecond produced 0 samples
2021-07-23 16:01:41,975 INFO o.a.j.r.p.AbstractSampleConsumer: class org.apache.jmeter.report.processor.graph.impl.LatencyVSRequestGraphConsumer#stopProducing(): latencyVsRequest produced 0 samples
2021-07-23 16:01:41,975 INFO o.a.j.r.p.AbstractSampleConsumer: class org.apache.jmeter.report.processor.graph.impl.SyntheticResponseTimeDistributionGraphConsumer#stopProducing(): syntheticResponseTimeDistribution produced 0 samples
2021-07-23 16:01:41,976 INFO o.a.j.r.p.AbstractSampleConsumer: class org.apache.jmeter.report.processor.graph.impl.BytesThroughputGraphConsumer#stopProducing(): bytesThroughputOverTime produced 0 samples
2021-07-23 16:01:41,976 INFO o.a.j.r.p.AbstractSampleConsumer: class org.apache.jmeter.report.processor.graph.impl.CodesPerSecondGraphConsumer#stopProducing(): codesPerSecond produced 0 samples
2021-07-23 16:01:41,983 INFO o.a.j.r.p.AbstractSampleConsumer: class org.apache.jmeter.report.processor.graph.impl.ResponseTimeVSRequestGraphConsumer#stopProducing(): responseTimeVsRequest produced 0 samples
2021-07-23 16:01:41,983 INFO o.a.j.r.p.AbstractSampleConsumer: class org.apache.jmeter.report.processor.FilterConsumer#stopProducing(): startIntervalControlerFilter produced 336 samples
2021-07-23 16:01:41,983 INFO o.a.j.r.p.AbstractSampleConsumer: class org.apache.jmeter.report.processor.graph.impl.TotalTPSGraphConsumer#stopProducing(): totalTPS produced 0 samples
2021-07-23 16:01:41,984 INFO o.a.j.r.p.AbstractSampleConsumer: class org.apache.jmeter.report.processor.graph.impl.ActiveThreadsGraphConsumer#stopProducing(): activeThreadsOverTime produced 0 samples
2021-07-23 16:01:41,984 INFO o.a.j.r.p.AbstractSampleConsumer: class org.apache.jmeter.report.processor.graph.impl.TimeVSThreadGraphConsumer#stopProducing(): timeVsThreads produced 0 samples
2021-07-23 16:01:41,986 INFO o.a.j.r.p.AbstractSampleConsumer: class org.apache.jmeter.report.processor.graph.impl.ResponseTimeDistributionGraphConsumer#stopProducing(): responseTimeDistribution produced 0 samples
2021-07-23 16:01:41,987 INFO o.a.j.r.p.AbstractSampleConsumer: class org.apache.jmeter.report.processor.graph.impl.TransactionsPerSecondGraphConsumer#stopProducing(): transactionsPerSecond produced 0 samples
2021-07-23 16:01:41,987 INFO o.a.j.r.p.AbstractSampleConsumer: class org.apache.jmeter.report.processor.graph.impl.ResponseTimePercentilesGraphConsumer#stopProducing(): responseTimePercentiles produced 0 samples
2021-07-23 16:01:41,994 INFO o.a.j.r.p.AbstractSampleConsumer: class org.apache.jmeter.report.processor.graph.impl.ResponseTimePercentilesOverTimeGraphConsumer#stopProducing(): responseTimePercentilesOverTime produced 0 samples
2021-07-23 16:01:41,995 INFO o.a.j.r.p.AbstractSampleConsumer: class org.apache.jmeter.report.processor.graph.impl.ResponseTimeOverTimeGraphConsumer#stopProducing(): responseTimesOverTime produced 0 samples
2021-07-23 16:01:41,995 INFO o.a.j.r.p.AbstractSampleConsumer: class org.apache.jmeter.report.processor.graph.impl.ConnectTimeOverTimeGraphConsumer#stopProducing(): connectTimeOverTime produced 0 samples
2021-07-23 16:01:41,995 INFO o.a.j.r.p.AbstractSampleConsumer: class org.apache.jmeter.report.processor.graph.impl.LatencyOverTimeGraphConsumer#stopProducing(): latenciesOverTime produced 0 samples
2021-07-23 16:01:41,996 INFO o.a.j.r.p.AbstractSampleConsumer: class org.apache.jmeter.report.processor.FilterConsumer#stopProducing(): nameFilter produced 960 samples
2021-07-23 16:01:41,996 INFO o.a.j.r.p.AbstractSampleConsumer: class org.apache.jmeter.report.processor.FilterConsumer#stopProducing(): dateRangeFilter produced 192 samples
2021-07-23 16:01:41,996 INFO o.a.j.r.p.AbstractSampleConsumer: class org.apache.jmeter.report.processor.NormalizerSampleConsumer#stopProducing(): normalizer produced 64 samples
2021-07-23 16:01:41,996 INFO o.a.j.r.p.CsvFileSampleSource: produce(): 64 samples produced in 90ms on channel 0
2021-07-23 16:01:41,996 INFO o.a.j.r.d.ReportGenerator: Exporting data using exporter:'json' of className:'org.apache.jmeter.report.dashboard.JsonExporter'
2021-07-23 16:01:41,998 INFO o.a.j.r.d.JsonExporter: Found data for consumer statisticsSummary in context
2021-07-23 16:01:41,998 INFO o.a.j.r.d.JsonExporter: Creating statistics for overall
2021-07-23 16:01:41,998 INFO o.a.j.r.d.JsonExporter: Creating statistics for other transactions
2021-07-23 16:01:41,999 INFO o.a.j.r.d.JsonExporter: Checking output folder
2021-07-23 16:01:42,000 INFO o.a.j.r.d.JsonExporter: Writing statistics JSON to C:\xampp\htdocs\performance\L1_iContract_1_CreationAmendmentsExistingAuthoringContract_2021-07-23_14\statistics.json
2021-07-23 16:01:42,141 INFO o.a.j.r.d.ReportGenerator: Exporting data using exporter:'html' of className:'org.apache.jmeter.report.dashboard.HtmlTemplateExporter'
2021-07-23 16:01:42,144 INFO o.a.j.r.d.HtmlTemplateExporter: Will generate dashboard in folder: C:\xampp\htdocs\performance\L1_iContract_1_CreationAmendmentsExistingAuthoringContract_2021-07-23_14
2021-07-23 16:01:42,259 INFO o.a.j.r.d.HtmlTemplateExporter: Report will be generated in: C:\xampp\htdocs\performance\L1_iContract_1_CreationAmendmentsExistingAuthoringContract_2021-07-23_14, creating folder structure
2021-07-23 16:01:42,263 INFO o.a.j.r.d.TemplateVisitor: Copying folder from 'D:\apache-jmeter-5.1\apache-jmeter-5.1\bin\report-template' to 'C:\xampp\htdocs\performance\L1_iContract_1_CreationAmendmentsExistingAuthoringContract_2021-07-23_14', got message:[C:\xampp\htdocs\performance\L1_iContract_1_CreationAmendmentsExistingAuthoringContract_2021-07-23_14\statistics.json], found non empty folder with following content {}, will be ignored
2021-07-23 16:01:43,458 INFO o.a.j.JMeter: Dashboard generated
