2021-07-23 12:27:36,983 INFO o.a.j.u.JMeterUtils: Setting Locale to en_EN
2021-07-23 12:27:36,994 INFO o.a.j.JMeter: Loading user properties from: user.properties
2021-07-23 12:27:36,995 INFO o.a.j.JMeter: Loading system properties from: system.properties
2021-07-23 12:27:36,995 INFO o.a.j.JMeter: Setting JMeter property: meter.reportgenerator.report_title=signingThroughDocusign
2021-07-23 12:27:36,995 INFO o.a.j.JMeter: Setting JMeter property: thread=1
2021-07-23 12:27:36,995 INFO o.a.j.JMeter: Setting JMeter property: rampup=1
2021-07-23 12:27:36,995 INFO o.a.j.JMeter: Setting JMeter property: tenant=Partner_ZCS_Users
2021-07-23 12:27:36,999 INFO o.a.j.JMeter: Copyright (c) 1998-2019 The Apache Software Foundation
2021-07-23 12:27:37,000 INFO o.a.j.JMeter: Version 5.1 r1853635
2021-07-23 12:27:37,000 INFO o.a.j.JMeter: java.version=1.8.0_144
2021-07-23 12:27:37,000 INFO o.a.j.JMeter: java.vm.name=Java HotSpot(TM) 64-Bit Server VM
2021-07-23 12:27:37,000 INFO o.a.j.JMeter: os.name=Windows 10
2021-07-23 12:27:37,000 INFO o.a.j.JMeter: os.arch=amd64
2021-07-23 12:27:37,000 INFO o.a.j.JMeter: os.version=10.0
2021-07-23 12:27:37,000 INFO o.a.j.JMeter: file.encoding=Cp1252
2021-07-23 12:27:37,000 INFO o.a.j.JMeter: java.awt.headless=true
2021-07-23 12:27:37,000 INFO o.a.j.JMeter: Max memory     =8589934592
2021-07-23 12:27:37,000 INFO o.a.j.JMeter: Available Processors =4
2021-07-23 12:27:37,003 INFO o.a.j.JMeter: Default Locale=English (EN)
2021-07-23 12:27:37,003 INFO o.a.j.JMeter: JMeter  Locale=English (EN)
2021-07-23 12:27:37,003 INFO o.a.j.JMeter: JMeterHome=D:\apache-jmeter-5.1\apache-jmeter-5.1
2021-07-23 12:27:37,003 INFO o.a.j.JMeter: user.dir  =D:\apache-jmeter-5.1\apache-jmeter-5.1\bin
2021-07-23 12:27:37,004 INFO o.a.j.JMeter: PWD       =D:\apache-jmeter-5.1\apache-jmeter-5.1\bin
2021-07-23 12:27:37,005 INFO o.a.j.JMeter: IP: 192.168.35.159 Name: ZIPLSY1584 FullName: host.docker.internal
2021-07-23 12:27:37,007 INFO o.a.j.JMeter: Setting property 'jmeter.reportgenerator.outputdir' to:'C:\xampp\htdocs\performance\L1_iContract_1_signingThroughDocusign_2021-07-23_7'
2021-07-23 12:27:37,009 INFO o.a.j.s.FileServer: Default base='D:\apache-jmeter-5.1\apache-jmeter-5.1\bin'
2021-07-23 12:27:37,012 INFO o.a.j.s.FileServer: Set new base='D:\PEAutomation\Partner\iContract'
2021-07-23 12:27:37,115 INFO o.a.j.s.SaveService: Testplan (JMX) version: 2.2. Testlog (JTL) version: 2.2
2021-07-23 12:27:37,126 INFO o.a.j.s.SaveService: Using SaveService properties file encoding UTF-8
2021-07-23 12:27:37,130 INFO o.a.j.s.SaveService: Using SaveService properties version 5.0
2021-07-23 12:27:37,135 INFO o.a.j.s.SaveService: Loading file: D:\PEAutomation\Partner\iContract\L1_iContract_signingThroughDocusign.jmx
2021-07-23 12:27:37,182 INFO o.a.j.p.h.c.CookieManager: Settings: Delete null: true Check: true Allow variable: true Save: false Prefix: COOKIE_
2021-07-23 12:27:37,185 INFO o.a.j.p.h.c.CacheManager: Will only cache the following methods: [GET]
2021-07-23 12:27:37,194 INFO o.a.j.p.h.s.HTTPSamplerBase: Parser for text/html is org.apache.jmeter.protocol.http.parser.LagartoBasedHtmlParser
2021-07-23 12:27:37,194 INFO o.a.j.p.h.s.HTTPSamplerBase: Parser for application/xhtml+xml is org.apache.jmeter.protocol.http.parser.LagartoBasedHtmlParser
2021-07-23 12:27:37,194 INFO o.a.j.p.h.s.HTTPSamplerBase: Parser for application/xml is org.apache.jmeter.protocol.http.parser.LagartoBasedHtmlParser
2021-07-23 12:27:37,194 INFO o.a.j.p.h.s.HTTPSamplerBase: Parser for text/xml is org.apache.jmeter.protocol.http.parser.LagartoBasedHtmlParser
2021-07-23 12:27:37,194 INFO o.a.j.p.h.s.HTTPSamplerBase: Parser for text/vnd.wap.wml is org.apache.jmeter.protocol.http.parser.RegexpHTMLParser
2021-07-23 12:27:37,194 INFO o.a.j.p.h.s.HTTPSamplerBase: Parser for text/css is org.apache.jmeter.protocol.http.parser.CssParser
2021-07-23 12:27:37,389 INFO o.a.j.JMeter: Creating summariser <summary>
2021-07-23 12:27:37,394 INFO o.a.j.r.d.ReportGenerator: ReportGenerator will use for Parsing the separator: ','
2021-07-23 12:27:37,395 INFO o.a.j.r.d.ReportGenerator: Will generate report at end of test from  results file: D:\PEAutomation\Partner\iContract\JTL\L1_iContract_1_signingThroughDocusign_2021-07-23_7.jtl
2021-07-23 12:27:37,395 INFO o.a.j.r.d.ReportGenerator: Reading report generator properties from: D:\apache-jmeter-5.1\apache-jmeter-5.1\bin\reportgenerator.properties
2021-07-23 12:27:37,395 INFO o.a.j.r.d.ReportGenerator: Merging with JMeter properties
2021-07-23 12:27:37,400 INFO o.a.j.r.c.ReportGeneratorConfiguration: Property 'jmeter.reportgenerator.temp_dir' not found, using default value 'temp' instead.
2021-07-23 12:27:37,402 INFO o.a.j.r.c.ReportGeneratorConfiguration: Property 'jmeter.reportgenerator.apdex_per_transaction' not found, using default value 'null' instead.
2021-07-23 12:27:37,403 INFO o.a.j.r.c.ReportGeneratorConfiguration: apdex_per_transaction : {} is empty, not APDEX per transaction customization
2021-07-23 12:27:37,403 INFO o.a.j.r.c.ReportGeneratorConfiguration: Property 'jmeter.reportgenerator.sample_filter' not found, using default value 'null' instead.
2021-07-23 12:27:37,403 INFO o.a.j.r.c.ReportGeneratorConfiguration: Property 'jmeter.reportgenerator.report_title' not found, using default value 'null' instead.
2021-07-23 12:27:37,403 INFO o.a.j.r.c.ReportGeneratorConfiguration: Property 'jmeter.reportgenerator.start_date' not found, using default value 'null' instead.
2021-07-23 12:27:37,403 INFO o.a.j.r.c.ReportGeneratorConfiguration: Property 'jmeter.reportgenerator.end_date' not found, using default value 'null' instead.
2021-07-23 12:27:37,404 INFO o.a.j.r.c.ReportGeneratorConfiguration: Property 'jmeter.reportgenerator.date_format' not found, using default value 'null' instead.
2021-07-23 12:27:37,404 INFO o.a.j.r.c.ReportGeneratorConfiguration: Will use date range start date: null, end date: null
2021-07-23 12:27:37,408 INFO o.a.j.r.c.ReportGeneratorConfiguration: Property 'jmeter.reportgenerator.graph.totalTPS.exclude_controllers' not found, using default value 'false' instead.
2021-07-23 12:27:37,408 INFO o.a.j.r.c.ReportGeneratorConfiguration: Property 'jmeter.reportgenerator.graph.activeThreadsOverTime.exclude_controllers' not found, using default value 'false' instead.
2021-07-23 12:27:37,408 INFO o.a.j.r.c.ReportGeneratorConfiguration: Property 'jmeter.reportgenerator.graph.timeVsThreads.exclude_controllers' not found, using default value 'false' instead.
2021-07-23 12:27:37,408 INFO o.a.j.r.c.ReportGeneratorConfiguration: Property 'jmeter.reportgenerator.graph.responseTimeDistribution.exclude_controllers' not found, using default value 'false' instead.
2021-07-23 12:27:37,408 INFO o.a.j.r.c.ReportGeneratorConfiguration: Property 'jmeter.reportgenerator.graph.transactionsPerSecond.exclude_controllers' not found, using default value 'false' instead.
2021-07-23 12:27:37,408 INFO o.a.j.r.c.ReportGeneratorConfiguration: Property 'jmeter.reportgenerator.graph.responseTimePercentiles.exclude_controllers' not found, using default value 'false' instead.
2021-07-23 12:27:37,409 INFO o.a.j.r.c.ReportGeneratorConfiguration: Property 'jmeter.reportgenerator.graph.responseTimePercentilesOverTime.exclude_controllers' not found, using default value 'false' instead.
2021-07-23 12:27:37,409 INFO o.a.j.r.c.ReportGeneratorConfiguration: Property 'jmeter.reportgenerator.graph.responseTimesOverTime.exclude_controllers' not found, using default value 'false' instead.
2021-07-23 12:27:37,409 INFO o.a.j.r.c.ReportGeneratorConfiguration: Property 'jmeter.reportgenerator.graph.connectTimeOverTime.exclude_controllers' not found, using default value 'false' instead.
2021-07-23 12:27:37,409 INFO o.a.j.r.c.ReportGeneratorConfiguration: Property 'jmeter.reportgenerator.graph.latenciesOverTime.exclude_controllers' not found, using default value 'false' instead.
2021-07-23 12:27:37,410 INFO o.a.j.r.c.ReportGeneratorConfiguration: Property 'jmeter.reportgenerator.exporter.json.filters_only_sample_series' not found, using default value 'true' instead.
2021-07-23 12:27:37,410 INFO o.a.j.r.c.ReportGeneratorConfiguration: Property 'jmeter.reportgenerator.exporter.json.series_filter' not found, using default value '' instead.
2021-07-23 12:27:37,410 INFO o.a.j.r.c.ReportGeneratorConfiguration: Property 'jmeter.reportgenerator.exporter.json.show_controllers_only' not found, using default value 'false' instead.
2021-07-23 12:27:37,411 INFO o.a.j.r.c.ReportGeneratorConfiguration: Property 'jmeter.reportgenerator.exporter.html.filters_only_sample_series' not found, using default value 'true' instead.
2021-07-23 12:27:37,411 INFO o.a.j.r.c.ReportGeneratorConfiguration: Property 'jmeter.reportgenerator.exporter.html.series_filter' not found, using default value '' instead.
2021-07-23 12:27:37,411 INFO o.a.j.r.c.ReportGeneratorConfiguration: Property 'jmeter.reportgenerator.exporter.html.show_controllers_only' not found, using default value 'false' instead.
2021-07-23 12:27:37,415 INFO o.a.j.e.StandardJMeterEngine: Running the test!
2021-07-23 12:27:37,415 INFO o.a.j.s.SampleEvent: List of sample_variables: []
2021-07-23 12:27:37,415 INFO o.a.j.s.SampleEvent: List of sample_variables: []
2021-07-23 12:27:37,421 INFO o.a.j.e.u.CompoundVariable: Note: Function class names must contain the string: '.functions.'
2021-07-23 12:27:37,421 INFO o.a.j.e.u.CompoundVariable: Note: Function class names must not contain the string: '.gui.'
2021-07-23 12:27:37,823 INFO o.a.j.JMeter: Running test (1627023457823)
2021-07-23 12:27:37,903 INFO o.a.j.e.StandardJMeterEngine: Starting ThreadGroup: 1 : SigningThroughDocusign
2021-07-23 12:27:37,903 INFO o.a.j.e.StandardJMeterEngine: Starting 1 threads for group SigningThroughDocusign.
2021-07-23 12:27:37,903 INFO o.a.j.e.StandardJMeterEngine: Thread will stop on error
2021-07-23 12:27:37,903 INFO o.a.j.t.ThreadGroup: Starting thread group... number=1 threads=1 ramp-up=1 perThread=1000.0 delayedStart=true
2021-07-23 12:27:37,904 INFO o.a.j.t.ThreadGroup: Started thread group number 1
2021-07-23 12:27:37,904 INFO o.a.j.e.StandardJMeterEngine: All thread groups have been started
2021-07-23 12:27:37,931 INFO o.a.j.s.SampleResult: Note: Sample TimeStamps are START times
2021-07-23 12:27:37,931 INFO o.a.j.s.SampleResult: sampleresult.default.encoding is set to ISO-8859-1
2021-07-23 12:27:37,931 INFO o.a.j.s.SampleResult: sampleresult.useNanoTime=true
2021-07-23 12:27:37,931 INFO o.a.j.s.SampleResult: sampleresult.nanoThreadSleep=5000
2021-07-23 12:27:37,942 INFO o.a.j.t.JMeterThread: Thread started: SigningThroughDocusign 1-1
2021-07-23 12:27:37,944 INFO o.a.j.c.LoopController: iterationStart called on 3# Loop Controller for Suggested Action-Autho with source org.apache.jmeter.control.LoopController@226834ff and iteration 1
2021-07-23 12:27:37,944 INFO o.a.j.s.FileServer: Stored: D:/apache-jmeter-5.1/apache-jmeter-5.1/bin/Files/Partner_ZCS_Users.csv
2021-07-23 12:27:37,958 INFO o.a.j.p.h.s.HTTPHCAbstractImpl: Local host = ZIPLSY1584
2021-07-23 12:27:37,964 INFO o.a.j.p.h.s.HTTPHC4Impl: HTTP request retry count = 0
2021-07-23 12:27:38,024 INFO o.a.j.p.h.s.h.LazyLayeredConnectionSocketFactory: Setting up HTTPS TrustAll Socket Factory
2021-07-23 12:27:38,029 INFO o.a.j.u.JsseSSLManager: Using default SSL protocol: TLS
2021-07-23 12:27:38,029 INFO o.a.j.u.JsseSSLManager: SSL session context: per-thread
2021-07-23 12:27:38,375 INFO o.a.j.u.SSLManager: JmeterKeyStore Location:  type JKS
2021-07-23 12:27:38,376 INFO o.a.j.u.SSLManager: KeyStore created OK
2021-07-23 12:27:38,376 WARN o.a.j.u.SSLManager: Keystore file not found, loading empty keystore
2021-07-23 12:28:00,728 INFO o.a.j.r.Summariser: summary +     37 in 00:00:23 =    1.6/s Avg:   443 Min:   251 Max:  2638 Err:     0 (0.00%) Active: 1 Started: 1 Finished: 0
2021-07-23 12:28:15,519 ERROR o.a.j.u.BeanShellInterpreter: Error invoking bsh method: eval	Sourced file: inline evaluation of: ``String totalRecords = vars.get("totalRecords"); String perpage = vars.get("perpa . . . '' : Typed variable declaration : Method Invocation Integer.parseInt
2021-07-23 12:28:15,519 WARN o.a.j.e.BeanShellPostProcessor: Problem in BeanShell script: org.apache.jorphan.util.JMeterException: Error invoking bsh method: eval	Sourced file: inline evaluation of: ``String totalRecords = vars.get("totalRecords"); String perpage = vars.get("perpa . . . '' : Typed variable declaration : Method Invocation Integer.parseInt
2021-07-23 12:28:30,474 INFO o.a.j.r.Summariser: summary +     36 in 00:00:30 =    1.2/s Avg:   478 Min:   269 Max:  1663 Err:     0 (0.00%) Active: 1 Started: 1 Finished: 0
2021-07-23 12:28:30,475 INFO o.a.j.r.Summariser: summary =     73 in 00:00:53 =    1.4/s Avg:   460 Min:   251 Max:  2638 Err:     0 (0.00%)
2021-07-23 12:28:32,526 INFO o.a.j.t.JMeterThread: Stop Thread detected by thread: SigningThroughDocusign 1-1
2021-07-23 12:28:32,526 INFO o.a.j.t.JMeterThread: Thread finished: SigningThroughDocusign 1-1
2021-07-23 12:28:32,529 INFO o.a.j.e.StandardJMeterEngine: Notifying test listeners of end of test
2021-07-23 12:28:32,529 INFO o.a.j.s.FileServer: Close: D:/apache-jmeter-5.1/apache-jmeter-5.1/bin/Files/Partner_ZCS_Users.csv
2021-07-23 12:28:32,530 INFO o.a.j.r.Summariser: summary +      4 in 00:00:02 =    1.9/s Avg:   511 Min:   363 Max:   889 Err:     1 (25.00%) Active: 0 Started: 1 Finished: 1
2021-07-23 12:28:32,530 INFO o.a.j.r.Summariser: summary =     77 in 00:00:55 =    1.4/s Avg:   463 Min:   251 Max:  2638 Err:     1 (1.30%)
2021-07-23 12:28:32,531 INFO o.a.j.JMeter: Generating Dashboard
2021-07-23 12:28:32,531 INFO o.a.j.r.d.ReportGenerator: Flushing result collector before report Generation
2021-07-23 12:28:32,541 INFO o.a.j.r.p.NormalizerSampleConsumer: Using format, 'ms', to parse timeStamp field
2021-07-23 12:28:32,615 INFO o.a.j.r.p.AbstractSampleConsumer: class org.apache.jmeter.report.processor.AggregateConsumer#stopProducing(): beginDate produced 0 samples
2021-07-23 12:28:32,615 INFO o.a.j.r.p.AbstractSampleConsumer: class org.apache.jmeter.report.processor.AggregateConsumer#stopProducing(): endDate produced 0 samples
2021-07-23 12:28:32,617 INFO o.a.j.r.p.AbstractSampleConsumer: class org.apache.jmeter.report.processor.ApdexSummaryConsumer#stopProducing(): apdexSummary produced 0 samples
2021-07-23 12:28:32,618 INFO o.a.j.r.p.AbstractSampleConsumer: class org.apache.jmeter.report.processor.RequestsSummaryConsumer#stopProducing(): requestsSummary produced 0 samples
2021-07-23 12:28:32,622 INFO o.a.j.r.p.AbstractSampleConsumer: class org.apache.jmeter.report.processor.StatisticsSummaryConsumer#stopProducing(): statisticsSummary produced 0 samples
2021-07-23 12:28:32,625 INFO o.a.j.r.p.AbstractSampleConsumer: class org.apache.jmeter.report.processor.Top5ErrorsBySamplerConsumer#stopProducing(): top5ErrorsBySampler produced 0 samples
2021-07-23 12:28:32,625 INFO o.a.j.r.p.AbstractSampleConsumer: class org.apache.jmeter.report.processor.ErrorsSummaryConsumer#stopProducing(): errorsSummary produced 0 samples
2021-07-23 12:28:32,626 INFO o.a.j.r.p.AbstractSampleConsumer: class org.apache.jmeter.report.processor.graph.impl.HitsPerSecondGraphConsumer#stopProducing(): hitsPerSecond produced 0 samples
2021-07-23 12:28:32,636 INFO o.a.j.r.p.AbstractSampleConsumer: class org.apache.jmeter.report.processor.graph.impl.LatencyVSRequestGraphConsumer#stopProducing(): latencyVsRequest produced 0 samples
2021-07-23 12:28:32,636 INFO o.a.j.r.p.AbstractSampleConsumer: class org.apache.jmeter.report.processor.graph.impl.SyntheticResponseTimeDistributionGraphConsumer#stopProducing(): syntheticResponseTimeDistribution produced 0 samples
2021-07-23 12:28:32,637 INFO o.a.j.r.p.AbstractSampleConsumer: class org.apache.jmeter.report.processor.graph.impl.BytesThroughputGraphConsumer#stopProducing(): bytesThroughputOverTime produced 0 samples
2021-07-23 12:28:32,637 INFO o.a.j.r.p.AbstractSampleConsumer: class org.apache.jmeter.report.processor.graph.impl.CodesPerSecondGraphConsumer#stopProducing(): codesPerSecond produced 0 samples
2021-07-23 12:28:32,641 INFO o.a.j.r.p.AbstractSampleConsumer: class org.apache.jmeter.report.processor.graph.impl.ResponseTimeVSRequestGraphConsumer#stopProducing(): responseTimeVsRequest produced 0 samples
2021-07-23 12:28:32,641 INFO o.a.j.r.p.AbstractSampleConsumer: class org.apache.jmeter.report.processor.FilterConsumer#stopProducing(): startIntervalControlerFilter produced 539 samples
2021-07-23 12:28:32,641 INFO o.a.j.r.p.AbstractSampleConsumer: class org.apache.jmeter.report.processor.graph.impl.TotalTPSGraphConsumer#stopProducing(): totalTPS produced 0 samples
2021-07-23 12:28:32,641 INFO o.a.j.r.p.AbstractSampleConsumer: class org.apache.jmeter.report.processor.graph.impl.ActiveThreadsGraphConsumer#stopProducing(): activeThreadsOverTime produced 0 samples
2021-07-23 12:28:32,641 INFO o.a.j.r.p.AbstractSampleConsumer: class org.apache.jmeter.report.processor.graph.impl.TimeVSThreadGraphConsumer#stopProducing(): timeVsThreads produced 0 samples
2021-07-23 12:28:32,646 INFO o.a.j.r.p.AbstractSampleConsumer: class org.apache.jmeter.report.processor.graph.impl.ResponseTimeDistributionGraphConsumer#stopProducing(): responseTimeDistribution produced 0 samples
2021-07-23 12:28:32,647 INFO o.a.j.r.p.AbstractSampleConsumer: class org.apache.jmeter.report.processor.graph.impl.TransactionsPerSecondGraphConsumer#stopProducing(): transactionsPerSecond produced 0 samples
2021-07-23 12:28:32,648 INFO o.a.j.r.p.AbstractSampleConsumer: class org.apache.jmeter.report.processor.graph.impl.ResponseTimePercentilesGraphConsumer#stopProducing(): responseTimePercentiles produced 0 samples
2021-07-23 12:28:32,658 INFO o.a.j.r.p.AbstractSampleConsumer: class org.apache.jmeter.report.processor.graph.impl.ResponseTimePercentilesOverTimeGraphConsumer#stopProducing(): responseTimePercentilesOverTime produced 0 samples
2021-07-23 12:28:32,658 INFO o.a.j.r.p.AbstractSampleConsumer: class org.apache.jmeter.report.processor.graph.impl.ResponseTimeOverTimeGraphConsumer#stopProducing(): responseTimesOverTime produced 0 samples
2021-07-23 12:28:32,659 INFO o.a.j.r.p.AbstractSampleConsumer: class org.apache.jmeter.report.processor.graph.impl.ConnectTimeOverTimeGraphConsumer#stopProducing(): connectTimeOverTime produced 0 samples
2021-07-23 12:28:32,659 INFO o.a.j.r.p.AbstractSampleConsumer: class org.apache.jmeter.report.processor.graph.impl.LatencyOverTimeGraphConsumer#stopProducing(): latenciesOverTime produced 0 samples
2021-07-23 12:28:32,659 INFO o.a.j.r.p.AbstractSampleConsumer: class org.apache.jmeter.report.processor.FilterConsumer#stopProducing(): nameFilter produced 1620 samples
2021-07-23 12:28:32,659 INFO o.a.j.r.p.AbstractSampleConsumer: class org.apache.jmeter.report.processor.FilterConsumer#stopProducing(): dateRangeFilter produced 324 samples
2021-07-23 12:28:32,659 INFO o.a.j.r.p.AbstractSampleConsumer: class org.apache.jmeter.report.processor.NormalizerSampleConsumer#stopProducing(): normalizer produced 108 samples
2021-07-23 12:28:32,660 INFO o.a.j.r.p.CsvFileSampleSource: produce(): 108 samples produced in 99ms on channel 0
2021-07-23 12:28:32,660 INFO o.a.j.r.d.ReportGenerator: Exporting data using exporter:'json' of className:'org.apache.jmeter.report.dashboard.JsonExporter'
2021-07-23 12:28:32,662 INFO o.a.j.r.d.JsonExporter: Found data for consumer statisticsSummary in context
2021-07-23 12:28:32,662 INFO o.a.j.r.d.JsonExporter: Creating statistics for overall
2021-07-23 12:28:32,662 INFO o.a.j.r.d.JsonExporter: Creating statistics for other transactions
2021-07-23 12:28:32,663 INFO o.a.j.r.d.JsonExporter: Checking output folder
2021-07-23 12:28:32,665 INFO o.a.j.r.d.JsonExporter: Writing statistics JSON to C:\xampp\htdocs\performance\L1_iContract_1_signingThroughDocusign_2021-07-23_7\statistics.json
2021-07-23 12:28:32,805 INFO o.a.j.r.d.ReportGenerator: Exporting data using exporter:'html' of className:'org.apache.jmeter.report.dashboard.HtmlTemplateExporter'
2021-07-23 12:28:32,808 INFO o.a.j.r.d.HtmlTemplateExporter: Will generate dashboard in folder: C:\xampp\htdocs\performance\L1_iContract_1_signingThroughDocusign_2021-07-23_7
2021-07-23 12:28:33,023 INFO o.a.j.r.d.HtmlTemplateExporter: Report will be generated in: C:\xampp\htdocs\performance\L1_iContract_1_signingThroughDocusign_2021-07-23_7, creating folder structure
2021-07-23 12:28:33,027 INFO o.a.j.r.d.TemplateVisitor: Copying folder from 'D:\apache-jmeter-5.1\apache-jmeter-5.1\bin\report-template' to 'C:\xampp\htdocs\performance\L1_iContract_1_signingThroughDocusign_2021-07-23_7', got message:[C:\xampp\htdocs\performance\L1_iContract_1_signingThroughDocusign_2021-07-23_7\statistics.json], found non empty folder with following content {}, will be ignored
2021-07-23 12:28:34,290 INFO o.a.j.JMeter: Dashboard generated
