2021-07-27 18:53:53,516 INFO o.a.j.u.JMeterUtils: Setting Locale to en_EN
2021-07-27 18:53:53,527 INFO o.a.j.JMeter: Loading user properties from: user.properties
2021-07-27 18:53:53,528 INFO o.a.j.JMeter: Loading system properties from: system.properties
2021-07-27 18:53:53,528 INFO o.a.j.JMeter: Setting JMeter property: meter.reportgenerator.report_title=CreateAmendmentRepository
2021-07-27 18:53:53,528 INFO o.a.j.JMeter: Setting JMeter property: thread=1
2021-07-27 18:53:53,528 INFO o.a.j.JMeter: Setting JMeter property: rampup=1
2021-07-27 18:53:53,528 INFO o.a.j.JMeter: Setting JMeter property: tenant=Partner_ZCS_Users
2021-07-27 18:53:53,532 INFO o.a.j.JMeter: Copyright (c) 1998-2019 The Apache Software Foundation
2021-07-27 18:53:53,532 INFO o.a.j.JMeter: Version 5.1 r1853635
2021-07-27 18:53:53,532 INFO o.a.j.JMeter: java.version=1.8.0_121
2021-07-27 18:53:53,532 INFO o.a.j.JMeter: java.vm.name=Java HotSpot(TM) 64-Bit Server VM
2021-07-27 18:53:53,532 INFO o.a.j.JMeter: os.name=Windows 10
2021-07-27 18:53:53,532 INFO o.a.j.JMeter: os.arch=amd64
2021-07-27 18:53:53,532 INFO o.a.j.JMeter: os.version=10.0
2021-07-27 18:53:53,532 INFO o.a.j.JMeter: file.encoding=Cp1252
2021-07-27 18:53:53,532 INFO o.a.j.JMeter: java.awt.headless=true
2021-07-27 18:53:53,532 INFO o.a.j.JMeter: Max memory     =8589934592
2021-07-27 18:53:53,532 INFO o.a.j.JMeter: Available Processors =6
2021-07-27 18:53:53,535 INFO o.a.j.JMeter: Default Locale=English (EN)
2021-07-27 18:53:53,535 INFO o.a.j.JMeter: JMeter  Locale=English (EN)
2021-07-27 18:53:53,535 INFO o.a.j.JMeter: JMeterHome=D:\apache-jmeter-5.1\apache-jmeter-5.1
2021-07-27 18:53:53,535 INFO o.a.j.JMeter: user.dir  =D:\apache-jmeter-5.1\apache-jmeter-5.1\bin
2021-07-27 18:53:53,535 INFO o.a.j.JMeter: PWD       =D:\apache-jmeter-5.1\apache-jmeter-5.1\bin
2021-07-27 18:53:53,537 INFO o.a.j.JMeter: IP: 192.168.0.104 Name: ZIPLSY2278 FullName: ZIPLSY2278.zycus.net
2021-07-27 18:53:53,539 INFO o.a.j.JMeter: Setting property 'jmeter.reportgenerator.outputdir' to:'C:\xampp\htdocs\POC\L1_iContract_1_CreateAmendmentRepository_2021-07-27_24'
2021-07-27 18:53:53,540 INFO o.a.j.s.FileServer: Default base='D:\apache-jmeter-5.1\apache-jmeter-5.1\bin'
2021-07-27 18:53:53,543 INFO o.a.j.s.FileServer: Set new base='D:\PEAutomation\Partner\iContract'
2021-07-27 18:53:53,640 INFO o.a.j.s.SaveService: Testplan (JMX) version: 2.2. Testlog (JTL) version: 2.2
2021-07-27 18:53:53,649 INFO o.a.j.s.SaveService: Using SaveService properties file encoding UTF-8
2021-07-27 18:53:53,654 INFO o.a.j.s.SaveService: Using SaveService properties version 5.0
2021-07-27 18:53:53,658 INFO o.a.j.s.SaveService: Loading file: D:\PEAutomation\Partner\iContract\L1_iContract_CreateAmendmentRepository.jmx
2021-07-27 18:53:53,701 INFO o.a.j.p.h.c.CookieManager: Settings: Delete null: true Check: true Allow variable: true Save: false Prefix: COOKIE_
2021-07-27 18:53:53,704 INFO o.a.j.p.h.c.CacheManager: Will only cache the following methods: [GET]
2021-07-27 18:53:53,712 INFO o.a.j.p.h.s.HTTPSamplerBase: Parser for text/html is org.apache.jmeter.protocol.http.parser.LagartoBasedHtmlParser
2021-07-27 18:53:53,712 INFO o.a.j.p.h.s.HTTPSamplerBase: Parser for application/xhtml+xml is org.apache.jmeter.protocol.http.parser.LagartoBasedHtmlParser
2021-07-27 18:53:53,712 INFO o.a.j.p.h.s.HTTPSamplerBase: Parser for application/xml is org.apache.jmeter.protocol.http.parser.LagartoBasedHtmlParser
2021-07-27 18:53:53,713 INFO o.a.j.p.h.s.HTTPSamplerBase: Parser for text/xml is org.apache.jmeter.protocol.http.parser.LagartoBasedHtmlParser
2021-07-27 18:53:53,713 INFO o.a.j.p.h.s.HTTPSamplerBase: Parser for text/vnd.wap.wml is org.apache.jmeter.protocol.http.parser.RegexpHTMLParser
2021-07-27 18:53:53,713 INFO o.a.j.p.h.s.HTTPSamplerBase: Parser for text/css is org.apache.jmeter.protocol.http.parser.CssParser
2021-07-27 18:53:53,893 INFO o.a.j.JMeter: Creating summariser <summary>
2021-07-27 18:53:53,898 INFO o.a.j.r.d.ReportGenerator: ReportGenerator will use for Parsing the separator: ','
2021-07-27 18:53:53,898 INFO o.a.j.r.d.ReportGenerator: Will generate report at end of test from  results file: D:\PEAutomation\Partner\iContract\JTL\L1_iContract_1_CreateAmendmentRepository_2021-07-27_24.jtl
2021-07-27 18:53:53,898 INFO o.a.j.r.d.ReportGenerator: Reading report generator properties from: D:\apache-jmeter-5.1\apache-jmeter-5.1\bin\reportgenerator.properties
2021-07-27 18:53:53,898 INFO o.a.j.r.d.ReportGenerator: Merging with JMeter properties
2021-07-27 18:53:53,903 INFO o.a.j.r.c.ReportGeneratorConfiguration: Property 'jmeter.reportgenerator.temp_dir' not found, using default value 'temp' instead.
2021-07-27 18:53:53,906 INFO o.a.j.r.c.ReportGeneratorConfiguration: Property 'jmeter.reportgenerator.apdex_per_transaction' not found, using default value 'null' instead.
2021-07-27 18:53:53,906 INFO o.a.j.r.c.ReportGeneratorConfiguration: apdex_per_transaction : {} is empty, not APDEX per transaction customization
2021-07-27 18:53:53,906 INFO o.a.j.r.c.ReportGeneratorConfiguration: Property 'jmeter.reportgenerator.sample_filter' not found, using default value 'null' instead.
2021-07-27 18:53:53,906 INFO o.a.j.r.c.ReportGeneratorConfiguration: Property 'jmeter.reportgenerator.report_title' not found, using default value 'null' instead.
2021-07-27 18:53:53,906 INFO o.a.j.r.c.ReportGeneratorConfiguration: Property 'jmeter.reportgenerator.start_date' not found, using default value 'null' instead.
2021-07-27 18:53:53,906 INFO o.a.j.r.c.ReportGeneratorConfiguration: Property 'jmeter.reportgenerator.end_date' not found, using default value 'null' instead.
2021-07-27 18:53:53,906 INFO o.a.j.r.c.ReportGeneratorConfiguration: Property 'jmeter.reportgenerator.date_format' not found, using default value 'null' instead.
2021-07-27 18:53:53,907 INFO o.a.j.r.c.ReportGeneratorConfiguration: Will use date range start date: null, end date: null
2021-07-27 18:53:53,911 INFO o.a.j.r.c.ReportGeneratorConfiguration: Property 'jmeter.reportgenerator.graph.totalTPS.exclude_controllers' not found, using default value 'false' instead.
2021-07-27 18:53:53,911 INFO o.a.j.r.c.ReportGeneratorConfiguration: Property 'jmeter.reportgenerator.graph.activeThreadsOverTime.exclude_controllers' not found, using default value 'false' instead.
2021-07-27 18:53:53,911 INFO o.a.j.r.c.ReportGeneratorConfiguration: Property 'jmeter.reportgenerator.graph.timeVsThreads.exclude_controllers' not found, using default value 'false' instead.
2021-07-27 18:53:53,911 INFO o.a.j.r.c.ReportGeneratorConfiguration: Property 'jmeter.reportgenerator.graph.responseTimeDistribution.exclude_controllers' not found, using default value 'false' instead.
2021-07-27 18:53:53,911 INFO o.a.j.r.c.ReportGeneratorConfiguration: Property 'jmeter.reportgenerator.graph.transactionsPerSecond.exclude_controllers' not found, using default value 'false' instead.
2021-07-27 18:53:53,911 INFO o.a.j.r.c.ReportGeneratorConfiguration: Property 'jmeter.reportgenerator.graph.responseTimePercentiles.exclude_controllers' not found, using default value 'false' instead.
2021-07-27 18:53:53,911 INFO o.a.j.r.c.ReportGeneratorConfiguration: Property 'jmeter.reportgenerator.graph.responseTimePercentilesOverTime.exclude_controllers' not found, using default value 'false' instead.
2021-07-27 18:53:53,911 INFO o.a.j.r.c.ReportGeneratorConfiguration: Property 'jmeter.reportgenerator.graph.responseTimesOverTime.exclude_controllers' not found, using default value 'false' instead.
2021-07-27 18:53:53,912 INFO o.a.j.r.c.ReportGeneratorConfiguration: Property 'jmeter.reportgenerator.graph.connectTimeOverTime.exclude_controllers' not found, using default value 'false' instead.
2021-07-27 18:53:53,912 INFO o.a.j.r.c.ReportGeneratorConfiguration: Property 'jmeter.reportgenerator.graph.latenciesOverTime.exclude_controllers' not found, using default value 'false' instead.
2021-07-27 18:53:53,912 INFO o.a.j.r.c.ReportGeneratorConfiguration: Property 'jmeter.reportgenerator.exporter.json.filters_only_sample_series' not found, using default value 'true' instead.
2021-07-27 18:53:53,913 INFO o.a.j.r.c.ReportGeneratorConfiguration: Property 'jmeter.reportgenerator.exporter.json.series_filter' not found, using default value '' instead.
2021-07-27 18:53:53,913 INFO o.a.j.r.c.ReportGeneratorConfiguration: Property 'jmeter.reportgenerator.exporter.json.show_controllers_only' not found, using default value 'false' instead.
2021-07-27 18:53:53,913 INFO o.a.j.r.c.ReportGeneratorConfiguration: Property 'jmeter.reportgenerator.exporter.html.filters_only_sample_series' not found, using default value 'true' instead.
2021-07-27 18:53:53,913 INFO o.a.j.r.c.ReportGeneratorConfiguration: Property 'jmeter.reportgenerator.exporter.html.series_filter' not found, using default value '' instead.
2021-07-27 18:53:53,913 INFO o.a.j.r.c.ReportGeneratorConfiguration: Property 'jmeter.reportgenerator.exporter.html.show_controllers_only' not found, using default value 'false' instead.
2021-07-27 18:53:53,917 INFO o.a.j.e.StandardJMeterEngine: Running the test!
2021-07-27 18:53:53,918 INFO o.a.j.s.SampleEvent: List of sample_variables: []
2021-07-27 18:53:53,918 INFO o.a.j.s.SampleEvent: List of sample_variables: []
2021-07-27 18:53:53,923 INFO o.a.j.e.u.CompoundVariable: Note: Function class names must contain the string: '.functions.'
2021-07-27 18:53:53,924 INFO o.a.j.e.u.CompoundVariable: Note: Function class names must not contain the string: '.gui.'
2021-07-27 18:53:54,248 INFO o.a.j.JMeter: Running test (1627392234248)
2021-07-27 18:53:54,307 INFO o.a.j.e.StandardJMeterEngine: Starting ThreadGroup: 1 : CreateAmendmentRepository
2021-07-27 18:53:54,308 INFO o.a.j.e.StandardJMeterEngine: Starting 1 threads for group CreateAmendmentRepository.
2021-07-27 18:53:54,308 INFO o.a.j.e.StandardJMeterEngine: Thread will stop on error
2021-07-27 18:53:54,308 INFO o.a.j.t.ThreadGroup: Starting thread group... number=1 threads=1 ramp-up=1 perThread=1000.0 delayedStart=true
2021-07-27 18:53:54,309 INFO o.a.j.t.ThreadGroup: Started thread group number 1
2021-07-27 18:53:54,309 INFO o.a.j.e.StandardJMeterEngine: All thread groups have been started
2021-07-27 18:53:54,352 INFO o.a.j.s.SampleResult: Note: Sample TimeStamps are START times
2021-07-27 18:53:54,352 INFO o.a.j.s.SampleResult: sampleresult.default.encoding is set to ISO-8859-1
2021-07-27 18:53:54,352 INFO o.a.j.s.SampleResult: sampleresult.useNanoTime=true
2021-07-27 18:53:54,352 INFO o.a.j.s.SampleResult: sampleresult.nanoThreadSleep=5000
2021-07-27 18:53:54,364 INFO o.a.j.t.JMeterThread: Thread started: CreateAmendmentRepository 1-1
2021-07-27 18:53:54,366 INFO o.a.j.c.LoopController: iterationStart called on 12# Loop Controller for Suggested Action-Repo with source org.apache.jmeter.control.LoopController@1daad78f and iteration 1
2021-07-27 18:53:54,366 INFO o.a.j.c.LoopController: iterationStart called on 3# Loop Controller for Suggested Action-Repo with source org.apache.jmeter.control.LoopController@1daad78f and iteration 1
2021-07-27 18:53:54,366 INFO o.a.j.s.FileServer: Stored: D:/apache-jmeter-5.1/apache-jmeter-5.1/bin/Files/Partner_ZCS_Users.csv
2021-07-27 18:53:54,378 INFO o.a.j.p.h.s.HTTPHCAbstractImpl: Local host = ZIPLSY2278
2021-07-27 18:53:54,383 INFO o.a.j.p.h.s.HTTPHC4Impl: HTTP request retry count = 0
2021-07-27 18:53:54,584 INFO o.a.j.p.h.s.h.LazyLayeredConnectionSocketFactory: Setting up HTTPS TrustAll Socket Factory
2021-07-27 18:53:54,589 INFO o.a.j.u.JsseSSLManager: Using default SSL protocol: TLS
2021-07-27 18:53:54,589 INFO o.a.j.u.JsseSSLManager: SSL session context: per-thread
2021-07-27 18:53:54,994 INFO o.a.j.u.SSLManager: JmeterKeyStore Location:  type JKS
2021-07-27 18:53:54,996 INFO o.a.j.u.SSLManager: KeyStore created OK
2021-07-27 18:53:54,996 WARN o.a.j.u.SSLManager: Keystore file not found, loading empty keystore
2021-07-27 18:54:02,327 INFO o.a.j.r.Summariser: summary +     13 in 00:00:08 =    1.6/s Avg:   445 Min:   231 Max:  1311 Err:     0 (0.00%) Active: 1 Started: 1 Finished: 0
2021-07-27 18:54:21,047 INFO o.a.j.s.FileServer: Stored: D:\apache-jmeter-5.1\apache-jmeter-5.1\bin\Files\FinalVersionOfDay.docx
2021-07-27 18:54:30,299 INFO o.a.j.r.Summariser: summary +     46 in 00:00:28 =    1.6/s Avg:   402 Min:   212 Max:  1837 Err:     0 (0.00%) Active: 1 Started: 1 Finished: 0
2021-07-27 18:54:30,299 INFO o.a.j.r.Summariser: summary =     59 in 00:00:36 =    1.6/s Avg:   412 Min:   212 Max:  1837 Err:     0 (0.00%)
2021-07-27 18:54:46,885 INFO o.a.j.t.JMeterThread: Stop Thread detected by thread: CreateAmendmentRepository 1-1
2021-07-27 18:54:46,885 INFO o.a.j.t.JMeterThread: Thread finished: CreateAmendmentRepository 1-1
2021-07-27 18:54:46,888 INFO o.a.j.e.StandardJMeterEngine: Notifying test listeners of end of test
2021-07-27 18:54:46,889 INFO o.a.j.s.FileServer: Close: D:/apache-jmeter-5.1/apache-jmeter-5.1/bin/Files/Partner_ZCS_Users.csv
2021-07-27 18:54:46,892 INFO o.a.j.r.Summariser: summary +     22 in 00:00:17 =    1.3/s Avg:   425 Min:   266 Max:  1367 Err:     1 (4.55%) Active: 0 Started: 1 Finished: 1
2021-07-27 18:54:46,893 INFO o.a.j.r.Summariser: summary =     81 in 00:00:53 =    1.5/s Avg:   415 Min:   212 Max:  1837 Err:     1 (1.23%)
2021-07-27 18:54:46,893 INFO o.a.j.JMeter: Generating Dashboard
2021-07-27 18:54:46,893 INFO o.a.j.r.d.ReportGenerator: Flushing result collector before report Generation
2021-07-27 18:54:46,904 INFO o.a.j.r.p.NormalizerSampleConsumer: Using format, 'ms', to parse timeStamp field
2021-07-27 18:54:46,969 INFO o.a.j.r.p.AbstractSampleConsumer: class org.apache.jmeter.report.processor.AggregateConsumer#stopProducing(): beginDate produced 0 samples
2021-07-27 18:54:46,969 INFO o.a.j.r.p.AbstractSampleConsumer: class org.apache.jmeter.report.processor.AggregateConsumer#stopProducing(): endDate produced 0 samples
2021-07-27 18:54:46,971 INFO o.a.j.r.p.AbstractSampleConsumer: class org.apache.jmeter.report.processor.ApdexSummaryConsumer#stopProducing(): apdexSummary produced 0 samples
2021-07-27 18:54:46,971 INFO o.a.j.r.p.AbstractSampleConsumer: class org.apache.jmeter.report.processor.RequestsSummaryConsumer#stopProducing(): requestsSummary produced 0 samples
2021-07-27 18:54:46,975 INFO o.a.j.r.p.AbstractSampleConsumer: class org.apache.jmeter.report.processor.StatisticsSummaryConsumer#stopProducing(): statisticsSummary produced 0 samples
2021-07-27 18:54:46,978 INFO o.a.j.r.p.AbstractSampleConsumer: class org.apache.jmeter.report.processor.Top5ErrorsBySamplerConsumer#stopProducing(): top5ErrorsBySampler produced 0 samples
2021-07-27 18:54:46,978 INFO o.a.j.r.p.AbstractSampleConsumer: class org.apache.jmeter.report.processor.ErrorsSummaryConsumer#stopProducing(): errorsSummary produced 0 samples
2021-07-27 18:54:46,978 INFO o.a.j.r.p.AbstractSampleConsumer: class org.apache.jmeter.report.processor.graph.impl.HitsPerSecondGraphConsumer#stopProducing(): hitsPerSecond produced 0 samples
2021-07-27 18:54:46,986 INFO o.a.j.r.p.AbstractSampleConsumer: class org.apache.jmeter.report.processor.graph.impl.LatencyVSRequestGraphConsumer#stopProducing(): latencyVsRequest produced 0 samples
2021-07-27 18:54:46,986 INFO o.a.j.r.p.AbstractSampleConsumer: class org.apache.jmeter.report.processor.graph.impl.SyntheticResponseTimeDistributionGraphConsumer#stopProducing(): syntheticResponseTimeDistribution produced 0 samples
2021-07-27 18:54:46,986 INFO o.a.j.r.p.AbstractSampleConsumer: class org.apache.jmeter.report.processor.graph.impl.BytesThroughputGraphConsumer#stopProducing(): bytesThroughputOverTime produced 0 samples
2021-07-27 18:54:46,986 INFO o.a.j.r.p.AbstractSampleConsumer: class org.apache.jmeter.report.processor.graph.impl.CodesPerSecondGraphConsumer#stopProducing(): codesPerSecond produced 0 samples
2021-07-27 18:54:46,990 INFO o.a.j.r.p.AbstractSampleConsumer: class org.apache.jmeter.report.processor.graph.impl.ResponseTimeVSRequestGraphConsumer#stopProducing(): responseTimeVsRequest produced 0 samples
2021-07-27 18:54:46,990 INFO o.a.j.r.p.AbstractSampleConsumer: class org.apache.jmeter.report.processor.FilterConsumer#stopProducing(): startIntervalControlerFilter produced 567 samples
2021-07-27 18:54:46,990 INFO o.a.j.r.p.AbstractSampleConsumer: class org.apache.jmeter.report.processor.graph.impl.TotalTPSGraphConsumer#stopProducing(): totalTPS produced 0 samples
2021-07-27 18:54:46,990 INFO o.a.j.r.p.AbstractSampleConsumer: class org.apache.jmeter.report.processor.graph.impl.ActiveThreadsGraphConsumer#stopProducing(): activeThreadsOverTime produced 0 samples
2021-07-27 18:54:46,990 INFO o.a.j.r.p.AbstractSampleConsumer: class org.apache.jmeter.report.processor.graph.impl.TimeVSThreadGraphConsumer#stopProducing(): timeVsThreads produced 0 samples
2021-07-27 18:54:46,995 INFO o.a.j.r.p.AbstractSampleConsumer: class org.apache.jmeter.report.processor.graph.impl.ResponseTimeDistributionGraphConsumer#stopProducing(): responseTimeDistribution produced 0 samples
2021-07-27 18:54:46,996 INFO o.a.j.r.p.AbstractSampleConsumer: class org.apache.jmeter.report.processor.graph.impl.TransactionsPerSecondGraphConsumer#stopProducing(): transactionsPerSecond produced 0 samples
2021-07-27 18:54:46,996 INFO o.a.j.r.p.AbstractSampleConsumer: class org.apache.jmeter.report.processor.graph.impl.ResponseTimePercentilesGraphConsumer#stopProducing(): responseTimePercentiles produced 0 samples
2021-07-27 18:54:47,008 INFO o.a.j.r.p.AbstractSampleConsumer: class org.apache.jmeter.report.processor.graph.impl.ResponseTimePercentilesOverTimeGraphConsumer#stopProducing(): responseTimePercentilesOverTime produced 0 samples
2021-07-27 18:54:47,008 INFO o.a.j.r.p.AbstractSampleConsumer: class org.apache.jmeter.report.processor.graph.impl.ResponseTimeOverTimeGraphConsumer#stopProducing(): responseTimesOverTime produced 0 samples
2021-07-27 18:54:47,008 INFO o.a.j.r.p.AbstractSampleConsumer: class org.apache.jmeter.report.processor.graph.impl.ConnectTimeOverTimeGraphConsumer#stopProducing(): connectTimeOverTime produced 0 samples
2021-07-27 18:54:47,009 INFO o.a.j.r.p.AbstractSampleConsumer: class org.apache.jmeter.report.processor.graph.impl.LatencyOverTimeGraphConsumer#stopProducing(): latenciesOverTime produced 0 samples
2021-07-27 18:54:47,009 INFO o.a.j.r.p.AbstractSampleConsumer: class org.apache.jmeter.report.processor.FilterConsumer#stopProducing(): nameFilter produced 1785 samples
2021-07-27 18:54:47,009 INFO o.a.j.r.p.AbstractSampleConsumer: class org.apache.jmeter.report.processor.FilterConsumer#stopProducing(): dateRangeFilter produced 357 samples
2021-07-27 18:54:47,009 INFO o.a.j.r.p.AbstractSampleConsumer: class org.apache.jmeter.report.processor.NormalizerSampleConsumer#stopProducing(): normalizer produced 119 samples
2021-07-27 18:54:47,009 INFO o.a.j.r.p.CsvFileSampleSource: produce(): 119 samples produced in 89ms on channel 0
2021-07-27 18:54:47,010 INFO o.a.j.r.d.ReportGenerator: Exporting data using exporter:'json' of className:'org.apache.jmeter.report.dashboard.JsonExporter'
2021-07-27 18:54:47,011 INFO o.a.j.r.d.JsonExporter: Found data for consumer statisticsSummary in context
2021-07-27 18:54:47,011 INFO o.a.j.r.d.JsonExporter: Creating statistics for overall
2021-07-27 18:54:47,012 INFO o.a.j.r.d.JsonExporter: Creating statistics for other transactions
2021-07-27 18:54:47,012 INFO o.a.j.r.d.JsonExporter: Checking output folder
2021-07-27 18:54:47,018 INFO o.a.j.r.d.JsonExporter: Writing statistics JSON to C:\xampp\htdocs\POC\L1_iContract_1_CreateAmendmentRepository_2021-07-27_24\statistics.json
2021-07-27 18:54:47,159 INFO o.a.j.r.d.ReportGenerator: Exporting data using exporter:'html' of className:'org.apache.jmeter.report.dashboard.HtmlTemplateExporter'
2021-07-27 18:54:47,162 INFO o.a.j.r.d.HtmlTemplateExporter: Will generate dashboard in folder: C:\xampp\htdocs\POC\L1_iContract_1_CreateAmendmentRepository_2021-07-27_24
2021-07-27 18:54:47,336 INFO o.a.j.r.d.HtmlTemplateExporter: Report will be generated in: C:\xampp\htdocs\POC\L1_iContract_1_CreateAmendmentRepository_2021-07-27_24, creating folder structure
2021-07-27 18:54:47,339 INFO o.a.j.r.d.TemplateVisitor: Copying folder from 'D:\apache-jmeter-5.1\apache-jmeter-5.1\bin\report-template' to 'C:\xampp\htdocs\POC\L1_iContract_1_CreateAmendmentRepository_2021-07-27_24', got message:[C:\xampp\htdocs\POC\L1_iContract_1_CreateAmendmentRepository_2021-07-27_24\statistics.json], found non empty folder with following content {}, will be ignored
2021-07-27 18:54:47,977 INFO o.a.j.JMeter: Dashboard generated
