2021-07-27 18:58:55,602 INFO o.a.j.u.JMeterUtils: Setting Locale to en_EN
2021-07-27 18:58:55,612 INFO o.a.j.JMeter: Loading user properties from: user.properties
2021-07-27 18:58:55,613 INFO o.a.j.JMeter: Loading system properties from: system.properties
2021-07-27 18:58:55,613 INFO o.a.j.JMeter: Setting JMeter property: meter.reportgenerator.report_title=CreateAmendmentRepository
2021-07-27 18:58:55,613 INFO o.a.j.JMeter: Setting JMeter property: thread=1
2021-07-27 18:58:55,613 INFO o.a.j.JMeter: Setting JMeter property: rampup=1
2021-07-27 18:58:55,613 INFO o.a.j.JMeter: Setting JMeter property: tenant=Partner_ZCS_Users
2021-07-27 18:58:55,618 INFO o.a.j.JMeter: Copyright (c) 1998-2019 The Apache Software Foundation
2021-07-27 18:58:55,618 INFO o.a.j.JMeter: Version 5.1 r1853635
2021-07-27 18:58:55,618 INFO o.a.j.JMeter: java.version=1.8.0_121
2021-07-27 18:58:55,618 INFO o.a.j.JMeter: java.vm.name=Java HotSpot(TM) 64-Bit Server VM
2021-07-27 18:58:55,618 INFO o.a.j.JMeter: os.name=Windows 10
2021-07-27 18:58:55,618 INFO o.a.j.JMeter: os.arch=amd64
2021-07-27 18:58:55,618 INFO o.a.j.JMeter: os.version=10.0
2021-07-27 18:58:55,618 INFO o.a.j.JMeter: file.encoding=Cp1252
2021-07-27 18:58:55,618 INFO o.a.j.JMeter: java.awt.headless=true
2021-07-27 18:58:55,618 INFO o.a.j.JMeter: Max memory     =8589934592
2021-07-27 18:58:55,618 INFO o.a.j.JMeter: Available Processors =6
2021-07-27 18:58:55,621 INFO o.a.j.JMeter: Default Locale=English (EN)
2021-07-27 18:58:55,621 INFO o.a.j.JMeter: JMeter  Locale=English (EN)
2021-07-27 18:58:55,621 INFO o.a.j.JMeter: JMeterHome=D:\apache-jmeter-5.1\apache-jmeter-5.1
2021-07-27 18:58:55,621 INFO o.a.j.JMeter: user.dir  =D:\apache-jmeter-5.1\apache-jmeter-5.1\bin
2021-07-27 18:58:55,621 INFO o.a.j.JMeter: PWD       =D:\apache-jmeter-5.1\apache-jmeter-5.1\bin
2021-07-27 18:58:55,623 INFO o.a.j.JMeter: IP: 192.168.0.104 Name: ZIPLSY2278 FullName: ZIPLSY2278.zycus.net
2021-07-27 18:58:55,624 INFO o.a.j.JMeter: Setting property 'jmeter.reportgenerator.outputdir' to:'C:\xampp\htdocs\POC\L1_iContract_1_CreateAmendmentRepository_2021-07-27_25'
2021-07-27 18:58:55,626 INFO o.a.j.s.FileServer: Default base='D:\apache-jmeter-5.1\apache-jmeter-5.1\bin'
2021-07-27 18:58:55,628 INFO o.a.j.s.FileServer: Set new base='D:\PEAutomation\Partner\iContract'
2021-07-27 18:58:55,725 INFO o.a.j.s.SaveService: Testplan (JMX) version: 2.2. Testlog (JTL) version: 2.2
2021-07-27 18:58:55,735 INFO o.a.j.s.SaveService: Using SaveService properties file encoding UTF-8
2021-07-27 18:58:55,738 INFO o.a.j.s.SaveService: Using SaveService properties version 5.0
2021-07-27 18:58:55,743 INFO o.a.j.s.SaveService: Loading file: D:\PEAutomation\Partner\iContract\L1_iContract_CreateAmendmentRepository.jmx
2021-07-27 18:58:55,787 INFO o.a.j.p.h.c.CookieManager: Settings: Delete null: true Check: true Allow variable: true Save: false Prefix: COOKIE_
2021-07-27 18:58:55,790 INFO o.a.j.p.h.c.CacheManager: Will only cache the following methods: [GET]
2021-07-27 18:58:55,798 INFO o.a.j.p.h.s.HTTPSamplerBase: Parser for text/html is org.apache.jmeter.protocol.http.parser.LagartoBasedHtmlParser
2021-07-27 18:58:55,798 INFO o.a.j.p.h.s.HTTPSamplerBase: Parser for application/xhtml+xml is org.apache.jmeter.protocol.http.parser.LagartoBasedHtmlParser
2021-07-27 18:58:55,798 INFO o.a.j.p.h.s.HTTPSamplerBase: Parser for application/xml is org.apache.jmeter.protocol.http.parser.LagartoBasedHtmlParser
2021-07-27 18:58:55,798 INFO o.a.j.p.h.s.HTTPSamplerBase: Parser for text/xml is org.apache.jmeter.protocol.http.parser.LagartoBasedHtmlParser
2021-07-27 18:58:55,798 INFO o.a.j.p.h.s.HTTPSamplerBase: Parser for text/vnd.wap.wml is org.apache.jmeter.protocol.http.parser.RegexpHTMLParser
2021-07-27 18:58:55,799 INFO o.a.j.p.h.s.HTTPSamplerBase: Parser for text/css is org.apache.jmeter.protocol.http.parser.CssParser
2021-07-27 18:58:55,979 INFO o.a.j.JMeter: Creating summariser <summary>
2021-07-27 18:58:55,985 INFO o.a.j.r.d.ReportGenerator: ReportGenerator will use for Parsing the separator: ','
2021-07-27 18:58:55,985 INFO o.a.j.r.d.ReportGenerator: Will generate report at end of test from  results file: D:\PEAutomation\Partner\iContract\JTL\L1_iContract_1_CreateAmendmentRepository_2021-07-27_25.jtl
2021-07-27 18:58:55,985 INFO o.a.j.r.d.ReportGenerator: Reading report generator properties from: D:\apache-jmeter-5.1\apache-jmeter-5.1\bin\reportgenerator.properties
2021-07-27 18:58:55,986 INFO o.a.j.r.d.ReportGenerator: Merging with JMeter properties
2021-07-27 18:58:55,990 INFO o.a.j.r.c.ReportGeneratorConfiguration: Property 'jmeter.reportgenerator.temp_dir' not found, using default value 'temp' instead.
2021-07-27 18:58:55,993 INFO o.a.j.r.c.ReportGeneratorConfiguration: Property 'jmeter.reportgenerator.apdex_per_transaction' not found, using default value 'null' instead.
2021-07-27 18:58:55,993 INFO o.a.j.r.c.ReportGeneratorConfiguration: apdex_per_transaction : {} is empty, not APDEX per transaction customization
2021-07-27 18:58:55,993 INFO o.a.j.r.c.ReportGeneratorConfiguration: Property 'jmeter.reportgenerator.sample_filter' not found, using default value 'null' instead.
2021-07-27 18:58:55,993 INFO o.a.j.r.c.ReportGeneratorConfiguration: Property 'jmeter.reportgenerator.report_title' not found, using default value 'null' instead.
2021-07-27 18:58:55,993 INFO o.a.j.r.c.ReportGeneratorConfiguration: Property 'jmeter.reportgenerator.start_date' not found, using default value 'null' instead.
2021-07-27 18:58:55,993 INFO o.a.j.r.c.ReportGeneratorConfiguration: Property 'jmeter.reportgenerator.end_date' not found, using default value 'null' instead.
2021-07-27 18:58:55,993 INFO o.a.j.r.c.ReportGeneratorConfiguration: Property 'jmeter.reportgenerator.date_format' not found, using default value 'null' instead.
2021-07-27 18:58:55,994 INFO o.a.j.r.c.ReportGeneratorConfiguration: Will use date range start date: null, end date: null
2021-07-27 18:58:55,999 INFO o.a.j.r.c.ReportGeneratorConfiguration: Property 'jmeter.reportgenerator.graph.totalTPS.exclude_controllers' not found, using default value 'false' instead.
2021-07-27 18:58:55,999 INFO o.a.j.r.c.ReportGeneratorConfiguration: Property 'jmeter.reportgenerator.graph.activeThreadsOverTime.exclude_controllers' not found, using default value 'false' instead.
2021-07-27 18:58:55,999 INFO o.a.j.r.c.ReportGeneratorConfiguration: Property 'jmeter.reportgenerator.graph.timeVsThreads.exclude_controllers' not found, using default value 'false' instead.
2021-07-27 18:58:55,999 INFO o.a.j.r.c.ReportGeneratorConfiguration: Property 'jmeter.reportgenerator.graph.responseTimeDistribution.exclude_controllers' not found, using default value 'false' instead.
2021-07-27 18:58:55,999 INFO o.a.j.r.c.ReportGeneratorConfiguration: Property 'jmeter.reportgenerator.graph.transactionsPerSecond.exclude_controllers' not found, using default value 'false' instead.
2021-07-27 18:58:56,000 INFO o.a.j.r.c.ReportGeneratorConfiguration: Property 'jmeter.reportgenerator.graph.responseTimePercentiles.exclude_controllers' not found, using default value 'false' instead.
2021-07-27 18:58:56,000 INFO o.a.j.r.c.ReportGeneratorConfiguration: Property 'jmeter.reportgenerator.graph.responseTimePercentilesOverTime.exclude_controllers' not found, using default value 'false' instead.
2021-07-27 18:58:56,000 INFO o.a.j.r.c.ReportGeneratorConfiguration: Property 'jmeter.reportgenerator.graph.responseTimesOverTime.exclude_controllers' not found, using default value 'false' instead.
2021-07-27 18:58:56,000 INFO o.a.j.r.c.ReportGeneratorConfiguration: Property 'jmeter.reportgenerator.graph.connectTimeOverTime.exclude_controllers' not found, using default value 'false' instead.
2021-07-27 18:58:56,000 INFO o.a.j.r.c.ReportGeneratorConfiguration: Property 'jmeter.reportgenerator.graph.latenciesOverTime.exclude_controllers' not found, using default value 'false' instead.
2021-07-27 18:58:56,002 INFO o.a.j.r.c.ReportGeneratorConfiguration: Property 'jmeter.reportgenerator.exporter.json.filters_only_sample_series' not found, using default value 'true' instead.
2021-07-27 18:58:56,002 INFO o.a.j.r.c.ReportGeneratorConfiguration: Property 'jmeter.reportgenerator.exporter.json.series_filter' not found, using default value '' instead.
2021-07-27 18:58:56,002 INFO o.a.j.r.c.ReportGeneratorConfiguration: Property 'jmeter.reportgenerator.exporter.json.show_controllers_only' not found, using default value 'false' instead.
2021-07-27 18:58:56,002 INFO o.a.j.r.c.ReportGeneratorConfiguration: Property 'jmeter.reportgenerator.exporter.html.filters_only_sample_series' not found, using default value 'true' instead.
2021-07-27 18:58:56,002 INFO o.a.j.r.c.ReportGeneratorConfiguration: Property 'jmeter.reportgenerator.exporter.html.series_filter' not found, using default value '' instead.
2021-07-27 18:58:56,002 INFO o.a.j.r.c.ReportGeneratorConfiguration: Property 'jmeter.reportgenerator.exporter.html.show_controllers_only' not found, using default value 'false' instead.
2021-07-27 18:58:56,006 INFO o.a.j.e.StandardJMeterEngine: Running the test!
2021-07-27 18:58:56,007 INFO o.a.j.s.SampleEvent: List of sample_variables: []
2021-07-27 18:58:56,007 INFO o.a.j.s.SampleEvent: List of sample_variables: []
2021-07-27 18:58:56,012 INFO o.a.j.e.u.CompoundVariable: Note: Function class names must contain the string: '.functions.'
2021-07-27 18:58:56,012 INFO o.a.j.e.u.CompoundVariable: Note: Function class names must not contain the string: '.gui.'
2021-07-27 18:58:56,362 INFO o.a.j.JMeter: Running test (1627392536362)
2021-07-27 18:58:56,433 INFO o.a.j.e.StandardJMeterEngine: Starting ThreadGroup: 1 : CreateAmendmentRepository
2021-07-27 18:58:56,433 INFO o.a.j.e.StandardJMeterEngine: Starting 1 threads for group CreateAmendmentRepository.
2021-07-27 18:58:56,433 INFO o.a.j.e.StandardJMeterEngine: Thread will stop on error
2021-07-27 18:58:56,433 INFO o.a.j.t.ThreadGroup: Starting thread group... number=1 threads=1 ramp-up=1 perThread=1000.0 delayedStart=true
2021-07-27 18:58:56,434 INFO o.a.j.t.ThreadGroup: Started thread group number 1
2021-07-27 18:58:56,434 INFO o.a.j.e.StandardJMeterEngine: All thread groups have been started
2021-07-27 18:58:56,471 INFO o.a.j.s.SampleResult: Note: Sample TimeStamps are START times
2021-07-27 18:58:56,471 INFO o.a.j.s.SampleResult: sampleresult.default.encoding is set to ISO-8859-1
2021-07-27 18:58:56,472 INFO o.a.j.s.SampleResult: sampleresult.useNanoTime=true
2021-07-27 18:58:56,472 INFO o.a.j.s.SampleResult: sampleresult.nanoThreadSleep=5000
2021-07-27 18:58:56,486 INFO o.a.j.t.JMeterThread: Thread started: CreateAmendmentRepository 1-1
2021-07-27 18:58:56,487 INFO o.a.j.c.LoopController: iterationStart called on 12# Loop Controller for Suggested Action-Repo with source org.apache.jmeter.control.LoopController@16205d24 and iteration 1
2021-07-27 18:58:56,488 INFO o.a.j.c.LoopController: iterationStart called on 3# Loop Controller for Suggested Action-Repo with source org.apache.jmeter.control.LoopController@16205d24 and iteration 1
2021-07-27 18:58:56,488 INFO o.a.j.s.FileServer: Stored: D:/apache-jmeter-5.1/apache-jmeter-5.1/bin/Files/Partner_ZCS_Users.csv
2021-07-27 18:58:56,500 INFO o.a.j.p.h.s.HTTPHCAbstractImpl: Local host = ZIPLSY2278
2021-07-27 18:58:56,505 INFO o.a.j.p.h.s.HTTPHC4Impl: HTTP request retry count = 0
2021-07-27 18:58:56,794 INFO o.a.j.p.h.s.h.LazyLayeredConnectionSocketFactory: Setting up HTTPS TrustAll Socket Factory
2021-07-27 18:58:56,802 INFO o.a.j.u.JsseSSLManager: Using default SSL protocol: TLS
2021-07-27 18:58:56,803 INFO o.a.j.u.JsseSSLManager: SSL session context: per-thread
2021-07-27 18:58:57,238 INFO o.a.j.u.SSLManager: JmeterKeyStore Location:  type JKS
2021-07-27 18:58:57,240 INFO o.a.j.u.SSLManager: KeyStore created OK
2021-07-27 18:58:57,240 WARN o.a.j.u.SSLManager: Keystore file not found, loading empty keystore
2021-07-27 18:59:00,084 INFO o.a.j.r.Summariser: summary +      7 in 00:00:04 =    1.9/s Avg:   503 Min:   221 Max:  1363 Err:     0 (0.00%) Active: 1 Started: 1 Finished: 0
2021-07-27 18:59:24,357 INFO o.a.j.s.FileServer: Stored: D:\apache-jmeter-5.1\apache-jmeter-5.1\bin\Files\FinalVersionOfDay.docx
2021-07-27 18:59:30,799 INFO o.a.j.r.Summariser: summary +     46 in 00:00:31 =    1.5/s Avg:   420 Min:   211 Max:  1738 Err:     0 (0.00%) Active: 1 Started: 1 Finished: 0
2021-07-27 18:59:30,799 INFO o.a.j.r.Summariser: summary =     53 in 00:00:34 =    1.5/s Avg:   431 Min:   211 Max:  1738 Err:     0 (0.00%)
2021-07-27 18:59:49,255 INFO o.a.j.t.JMeterThread: Stop Thread detected by thread: CreateAmendmentRepository 1-1
2021-07-27 18:59:49,255 INFO o.a.j.t.JMeterThread: Thread finished: CreateAmendmentRepository 1-1
2021-07-27 18:59:49,256 INFO o.a.j.e.StandardJMeterEngine: Notifying test listeners of end of test
2021-07-27 18:59:49,256 INFO o.a.j.s.FileServer: Close: D:/apache-jmeter-5.1/apache-jmeter-5.1/bin/Files/Partner_ZCS_Users.csv
2021-07-27 18:59:49,257 INFO o.a.j.r.Summariser: summary +     28 in 00:00:18 =    1.5/s Avg:   402 Min:   242 Max:  1326 Err:     1 (3.57%) Active: 0 Started: 1 Finished: 1
2021-07-27 18:59:49,258 INFO o.a.j.r.Summariser: summary =     81 in 00:00:53 =    1.5/s Avg:   421 Min:   211 Max:  1738 Err:     1 (1.23%)
2021-07-27 18:59:49,258 INFO o.a.j.JMeter: Generating Dashboard
2021-07-27 18:59:49,258 INFO o.a.j.r.d.ReportGenerator: Flushing result collector before report Generation
2021-07-27 18:59:49,269 INFO o.a.j.r.p.NormalizerSampleConsumer: Using format, 'ms', to parse timeStamp field
2021-07-27 18:59:49,340 INFO o.a.j.r.p.AbstractSampleConsumer: class org.apache.jmeter.report.processor.AggregateConsumer#stopProducing(): beginDate produced 0 samples
2021-07-27 18:59:49,340 INFO o.a.j.r.p.AbstractSampleConsumer: class org.apache.jmeter.report.processor.AggregateConsumer#stopProducing(): endDate produced 0 samples
2021-07-27 18:59:49,342 INFO o.a.j.r.p.AbstractSampleConsumer: class org.apache.jmeter.report.processor.ApdexSummaryConsumer#stopProducing(): apdexSummary produced 0 samples
2021-07-27 18:59:49,342 INFO o.a.j.r.p.AbstractSampleConsumer: class org.apache.jmeter.report.processor.RequestsSummaryConsumer#stopProducing(): requestsSummary produced 0 samples
2021-07-27 18:59:49,346 INFO o.a.j.r.p.AbstractSampleConsumer: class org.apache.jmeter.report.processor.StatisticsSummaryConsumer#stopProducing(): statisticsSummary produced 0 samples
2021-07-27 18:59:49,350 INFO o.a.j.r.p.AbstractSampleConsumer: class org.apache.jmeter.report.processor.Top5ErrorsBySamplerConsumer#stopProducing(): top5ErrorsBySampler produced 0 samples
2021-07-27 18:59:49,350 INFO o.a.j.r.p.AbstractSampleConsumer: class org.apache.jmeter.report.processor.ErrorsSummaryConsumer#stopProducing(): errorsSummary produced 0 samples
2021-07-27 18:59:49,350 INFO o.a.j.r.p.AbstractSampleConsumer: class org.apache.jmeter.report.processor.graph.impl.HitsPerSecondGraphConsumer#stopProducing(): hitsPerSecond produced 0 samples
2021-07-27 18:59:49,359 INFO o.a.j.r.p.AbstractSampleConsumer: class org.apache.jmeter.report.processor.graph.impl.LatencyVSRequestGraphConsumer#stopProducing(): latencyVsRequest produced 0 samples
2021-07-27 18:59:49,359 INFO o.a.j.r.p.AbstractSampleConsumer: class org.apache.jmeter.report.processor.graph.impl.SyntheticResponseTimeDistributionGraphConsumer#stopProducing(): syntheticResponseTimeDistribution produced 0 samples
2021-07-27 18:59:49,359 INFO o.a.j.r.p.AbstractSampleConsumer: class org.apache.jmeter.report.processor.graph.impl.BytesThroughputGraphConsumer#stopProducing(): bytesThroughputOverTime produced 0 samples
2021-07-27 18:59:49,359 INFO o.a.j.r.p.AbstractSampleConsumer: class org.apache.jmeter.report.processor.graph.impl.CodesPerSecondGraphConsumer#stopProducing(): codesPerSecond produced 0 samples
2021-07-27 18:59:49,363 INFO o.a.j.r.p.AbstractSampleConsumer: class org.apache.jmeter.report.processor.graph.impl.ResponseTimeVSRequestGraphConsumer#stopProducing(): responseTimeVsRequest produced 0 samples
2021-07-27 18:59:49,364 INFO o.a.j.r.p.AbstractSampleConsumer: class org.apache.jmeter.report.processor.FilterConsumer#stopProducing(): startIntervalControlerFilter produced 567 samples
2021-07-27 18:59:49,364 INFO o.a.j.r.p.AbstractSampleConsumer: class org.apache.jmeter.report.processor.graph.impl.TotalTPSGraphConsumer#stopProducing(): totalTPS produced 0 samples
2021-07-27 18:59:49,364 INFO o.a.j.r.p.AbstractSampleConsumer: class org.apache.jmeter.report.processor.graph.impl.ActiveThreadsGraphConsumer#stopProducing(): activeThreadsOverTime produced 0 samples
2021-07-27 18:59:49,364 INFO o.a.j.r.p.AbstractSampleConsumer: class org.apache.jmeter.report.processor.graph.impl.TimeVSThreadGraphConsumer#stopProducing(): timeVsThreads produced 0 samples
2021-07-27 18:59:49,368 INFO o.a.j.r.p.AbstractSampleConsumer: class org.apache.jmeter.report.processor.graph.impl.ResponseTimeDistributionGraphConsumer#stopProducing(): responseTimeDistribution produced 0 samples
2021-07-27 18:59:49,369 INFO o.a.j.r.p.AbstractSampleConsumer: class org.apache.jmeter.report.processor.graph.impl.TransactionsPerSecondGraphConsumer#stopProducing(): transactionsPerSecond produced 0 samples
2021-07-27 18:59:49,370 INFO o.a.j.r.p.AbstractSampleConsumer: class org.apache.jmeter.report.processor.graph.impl.ResponseTimePercentilesGraphConsumer#stopProducing(): responseTimePercentiles produced 0 samples
2021-07-27 18:59:49,384 INFO o.a.j.r.p.AbstractSampleConsumer: class org.apache.jmeter.report.processor.graph.impl.ResponseTimePercentilesOverTimeGraphConsumer#stopProducing(): responseTimePercentilesOverTime produced 0 samples
2021-07-27 18:59:49,384 INFO o.a.j.r.p.AbstractSampleConsumer: class org.apache.jmeter.report.processor.graph.impl.ResponseTimeOverTimeGraphConsumer#stopProducing(): responseTimesOverTime produced 0 samples
2021-07-27 18:59:49,384 INFO o.a.j.r.p.AbstractSampleConsumer: class org.apache.jmeter.report.processor.graph.impl.ConnectTimeOverTimeGraphConsumer#stopProducing(): connectTimeOverTime produced 0 samples
2021-07-27 18:59:49,385 INFO o.a.j.r.p.AbstractSampleConsumer: class org.apache.jmeter.report.processor.graph.impl.LatencyOverTimeGraphConsumer#stopProducing(): latenciesOverTime produced 0 samples
2021-07-27 18:59:49,385 INFO o.a.j.r.p.AbstractSampleConsumer: class org.apache.jmeter.report.processor.FilterConsumer#stopProducing(): nameFilter produced 1785 samples
2021-07-27 18:59:49,385 INFO o.a.j.r.p.AbstractSampleConsumer: class org.apache.jmeter.report.processor.FilterConsumer#stopProducing(): dateRangeFilter produced 357 samples
2021-07-27 18:59:49,385 INFO o.a.j.r.p.AbstractSampleConsumer: class org.apache.jmeter.report.processor.NormalizerSampleConsumer#stopProducing(): normalizer produced 119 samples
2021-07-27 18:59:49,386 INFO o.a.j.r.p.CsvFileSampleSource: produce(): 119 samples produced in 96ms on channel 0
2021-07-27 18:59:49,386 INFO o.a.j.r.d.ReportGenerator: Exporting data using exporter:'json' of className:'org.apache.jmeter.report.dashboard.JsonExporter'
2021-07-27 18:59:49,388 INFO o.a.j.r.d.JsonExporter: Found data for consumer statisticsSummary in context
2021-07-27 18:59:49,388 INFO o.a.j.r.d.JsonExporter: Creating statistics for overall
2021-07-27 18:59:49,388 INFO o.a.j.r.d.JsonExporter: Creating statistics for other transactions
2021-07-27 18:59:49,389 INFO o.a.j.r.d.JsonExporter: Checking output folder
2021-07-27 18:59:49,390 INFO o.a.j.r.d.JsonExporter: Writing statistics JSON to C:\xampp\htdocs\POC\L1_iContract_1_CreateAmendmentRepository_2021-07-27_25\statistics.json
2021-07-27 18:59:49,545 INFO o.a.j.r.d.ReportGenerator: Exporting data using exporter:'html' of className:'org.apache.jmeter.report.dashboard.HtmlTemplateExporter'
2021-07-27 18:59:49,548 INFO o.a.j.r.d.HtmlTemplateExporter: Will generate dashboard in folder: C:\xampp\htdocs\POC\L1_iContract_1_CreateAmendmentRepository_2021-07-27_25
2021-07-27 18:59:49,729 INFO o.a.j.r.d.HtmlTemplateExporter: Report will be generated in: C:\xampp\htdocs\POC\L1_iContract_1_CreateAmendmentRepository_2021-07-27_25, creating folder structure
2021-07-27 18:59:49,732 INFO o.a.j.r.d.TemplateVisitor: Copying folder from 'D:\apache-jmeter-5.1\apache-jmeter-5.1\bin\report-template' to 'C:\xampp\htdocs\POC\L1_iContract_1_CreateAmendmentRepository_2021-07-27_25', got message:[C:\xampp\htdocs\POC\L1_iContract_1_CreateAmendmentRepository_2021-07-27_25\statistics.json], found non empty folder with following content {}, will be ignored
2021-07-27 18:59:50,431 INFO o.a.j.JMeter: Dashboard generated
