2021-07-22 10:10:48,300 INFO o.a.j.u.JMeterUtils: Setting Locale to en_EN
2021-07-22 10:10:48,340 INFO o.a.j.JMeter: Loading user properties from: user.properties
2021-07-22 10:10:48,341 INFO o.a.j.JMeter: Loading system properties from: system.properties
2021-07-22 10:10:48,341 INFO o.a.j.JMeter: Setting JMeter property: meter.reportgenerator.report_title=CreateAuthoringContractWithCPInternalTemplate
2021-07-22 10:10:48,341 INFO o.a.j.JMeter: Setting JMeter property: thread=10
2021-07-22 10:10:48,341 INFO o.a.j.JMeter: Setting JMeter property: rampup=30
2021-07-22 10:10:48,346 INFO o.a.j.JMeter: Copyright (c) 1998-2019 The Apache Software Foundation
2021-07-22 10:10:48,347 INFO o.a.j.JMeter: Version 5.1 r1853635
2021-07-22 10:10:48,347 INFO o.a.j.JMeter: java.version=1.8.0_144
2021-07-22 10:10:48,347 INFO o.a.j.JMeter: java.vm.name=Java HotSpot(TM) 64-Bit Server VM
2021-07-22 10:10:48,347 INFO o.a.j.JMeter: os.name=Windows 10
2021-07-22 10:10:48,347 INFO o.a.j.JMeter: os.arch=amd64
2021-07-22 10:10:48,347 INFO o.a.j.JMeter: os.version=10.0
2021-07-22 10:10:48,347 INFO o.a.j.JMeter: file.encoding=Cp1252
2021-07-22 10:10:48,347 INFO o.a.j.JMeter: java.awt.headless=true
2021-07-22 10:10:48,347 INFO o.a.j.JMeter: Max memory     =8589934592
2021-07-22 10:10:48,347 INFO o.a.j.JMeter: Available Processors =4
2021-07-22 10:10:48,351 INFO o.a.j.JMeter: Default Locale=English (EN)
2021-07-22 10:10:48,351 INFO o.a.j.JMeter: JMeter  Locale=English (EN)
2021-07-22 10:10:48,351 INFO o.a.j.JMeter: JMeterHome=D:\apache-jmeter-5.1\apache-jmeter-5.1
2021-07-22 10:10:48,351 INFO o.a.j.JMeter: user.dir  =D:\apache-jmeter-5.1\apache-jmeter-5.1\bin
2021-07-22 10:10:48,351 INFO o.a.j.JMeter: PWD       =D:\apache-jmeter-5.1\apache-jmeter-5.1\bin
2021-07-22 10:10:48,353 INFO o.a.j.JMeter: IP: 192.168.35.159 Name: ZIPLSY1584 FullName: host.docker.internal
2021-07-22 10:10:48,355 INFO o.a.j.JMeter: Setting property 'jmeter.reportgenerator.outputdir' to:'C:\xampp\htdocs\performance\L0_iContract_10_CreateAuthoringContractWithCPInternalTemplate_2021-07-22_4'
2021-07-22 10:10:48,357 INFO o.a.j.s.FileServer: Default base='D:\apache-jmeter-5.1\apache-jmeter-5.1\bin'
2021-07-22 10:10:48,362 INFO o.a.j.s.FileServer: Set new base='D:\PEAutomation\RM\iContract'
2021-07-22 10:10:48,557 INFO o.a.j.s.SaveService: Testplan (JMX) version: 2.2. Testlog (JTL) version: 2.2
2021-07-22 10:10:48,589 INFO o.a.j.s.SaveService: Using SaveService properties file encoding UTF-8
2021-07-22 10:10:48,596 INFO o.a.j.s.SaveService: Using SaveService properties version 5.0
2021-07-22 10:10:48,603 INFO o.a.j.s.SaveService: Loading file: D:\PEAutomation\RM\iContract\L0_iContract_CreateAuthoringContractWithCPInternalTemplate.jmx
2021-07-22 10:10:48,761 INFO o.a.j.p.h.c.CookieManager: Settings: Delete null: true Check: true Allow variable: true Save: false Prefix: COOKIE_
2021-07-22 10:10:48,792 INFO o.a.j.p.h.c.CacheManager: Will only cache the following methods: [GET]
2021-07-22 10:10:48,812 INFO o.a.j.p.h.s.HTTPSamplerBase: Parser for text/html is org.apache.jmeter.protocol.http.parser.LagartoBasedHtmlParser
2021-07-22 10:10:48,813 INFO o.a.j.p.h.s.HTTPSamplerBase: Parser for application/xhtml+xml is org.apache.jmeter.protocol.http.parser.LagartoBasedHtmlParser
2021-07-22 10:10:48,813 INFO o.a.j.p.h.s.HTTPSamplerBase: Parser for application/xml is org.apache.jmeter.protocol.http.parser.LagartoBasedHtmlParser
2021-07-22 10:10:48,813 INFO o.a.j.p.h.s.HTTPSamplerBase: Parser for text/xml is org.apache.jmeter.protocol.http.parser.LagartoBasedHtmlParser
2021-07-22 10:10:48,813 INFO o.a.j.p.h.s.HTTPSamplerBase: Parser for text/vnd.wap.wml is org.apache.jmeter.protocol.http.parser.RegexpHTMLParser
2021-07-22 10:10:48,813 INFO o.a.j.p.h.s.HTTPSamplerBase: Parser for text/css is org.apache.jmeter.protocol.http.parser.CssParser
2021-07-22 10:10:49,424 INFO o.a.j.JMeter: Creating summariser <summary>
2021-07-22 10:10:49,435 INFO o.a.j.r.d.ReportGenerator: ReportGenerator will use for Parsing the separator: ','
2021-07-22 10:10:49,435 INFO o.a.j.r.d.ReportGenerator: Will generate report at end of test from  results file: D:\PEAutomation\RM\iContract\JTL\L0_iContract_10_CreateAuthoringContractWithCPInternalTemplate_2021-07-22_4.jtl
2021-07-22 10:10:49,435 INFO o.a.j.r.d.ReportGenerator: Reading report generator properties from: D:\apache-jmeter-5.1\apache-jmeter-5.1\bin\reportgenerator.properties
2021-07-22 10:10:49,437 INFO o.a.j.r.d.ReportGenerator: Merging with JMeter properties
2021-07-22 10:10:49,444 INFO o.a.j.r.c.ReportGeneratorConfiguration: Property 'jmeter.reportgenerator.temp_dir' not found, using default value 'temp' instead.
2021-07-22 10:10:49,447 INFO o.a.j.r.c.ReportGeneratorConfiguration: Property 'jmeter.reportgenerator.apdex_per_transaction' not found, using default value 'null' instead.
2021-07-22 10:10:49,448 INFO o.a.j.r.c.ReportGeneratorConfiguration: apdex_per_transaction : {} is empty, not APDEX per transaction customization
2021-07-22 10:10:49,449 INFO o.a.j.r.c.ReportGeneratorConfiguration: Property 'jmeter.reportgenerator.sample_filter' not found, using default value 'null' instead.
2021-07-22 10:10:49,449 INFO o.a.j.r.c.ReportGeneratorConfiguration: Property 'jmeter.reportgenerator.report_title' not found, using default value 'null' instead.
2021-07-22 10:10:49,449 INFO o.a.j.r.c.ReportGeneratorConfiguration: Property 'jmeter.reportgenerator.start_date' not found, using default value 'null' instead.
2021-07-22 10:10:49,449 INFO o.a.j.r.c.ReportGeneratorConfiguration: Property 'jmeter.reportgenerator.end_date' not found, using default value 'null' instead.
2021-07-22 10:10:49,449 INFO o.a.j.r.c.ReportGeneratorConfiguration: Property 'jmeter.reportgenerator.date_format' not found, using default value 'null' instead.
2021-07-22 10:10:49,449 INFO o.a.j.r.c.ReportGeneratorConfiguration: Will use date range start date: null, end date: null
2021-07-22 10:10:49,457 INFO o.a.j.r.c.ReportGeneratorConfiguration: Property 'jmeter.reportgenerator.graph.totalTPS.exclude_controllers' not found, using default value 'false' instead.
2021-07-22 10:10:49,457 INFO o.a.j.r.c.ReportGeneratorConfiguration: Property 'jmeter.reportgenerator.graph.activeThreadsOverTime.exclude_controllers' not found, using default value 'false' instead.
2021-07-22 10:10:49,457 INFO o.a.j.r.c.ReportGeneratorConfiguration: Property 'jmeter.reportgenerator.graph.timeVsThreads.exclude_controllers' not found, using default value 'false' instead.
2021-07-22 10:10:49,458 INFO o.a.j.r.c.ReportGeneratorConfiguration: Property 'jmeter.reportgenerator.graph.responseTimeDistribution.exclude_controllers' not found, using default value 'false' instead.
2021-07-22 10:10:49,458 INFO o.a.j.r.c.ReportGeneratorConfiguration: Property 'jmeter.reportgenerator.graph.transactionsPerSecond.exclude_controllers' not found, using default value 'false' instead.
2021-07-22 10:10:49,458 INFO o.a.j.r.c.ReportGeneratorConfiguration: Property 'jmeter.reportgenerator.graph.responseTimePercentiles.exclude_controllers' not found, using default value 'false' instead.
2021-07-22 10:10:49,458 INFO o.a.j.r.c.ReportGeneratorConfiguration: Property 'jmeter.reportgenerator.graph.responseTimePercentilesOverTime.exclude_controllers' not found, using default value 'false' instead.
2021-07-22 10:10:49,458 INFO o.a.j.r.c.ReportGeneratorConfiguration: Property 'jmeter.reportgenerator.graph.responseTimesOverTime.exclude_controllers' not found, using default value 'false' instead.
2021-07-22 10:10:49,458 INFO o.a.j.r.c.ReportGeneratorConfiguration: Property 'jmeter.reportgenerator.graph.connectTimeOverTime.exclude_controllers' not found, using default value 'false' instead.
2021-07-22 10:10:49,459 INFO o.a.j.r.c.ReportGeneratorConfiguration: Property 'jmeter.reportgenerator.graph.latenciesOverTime.exclude_controllers' not found, using default value 'false' instead.
2021-07-22 10:10:49,460 INFO o.a.j.r.c.ReportGeneratorConfiguration: Property 'jmeter.reportgenerator.exporter.json.filters_only_sample_series' not found, using default value 'true' instead.
2021-07-22 10:10:49,460 INFO o.a.j.r.c.ReportGeneratorConfiguration: Property 'jmeter.reportgenerator.exporter.json.series_filter' not found, using default value '' instead.
2021-07-22 10:10:49,461 INFO o.a.j.r.c.ReportGeneratorConfiguration: Property 'jmeter.reportgenerator.exporter.json.show_controllers_only' not found, using default value 'false' instead.
2021-07-22 10:10:49,461 INFO o.a.j.r.c.ReportGeneratorConfiguration: Property 'jmeter.reportgenerator.exporter.html.filters_only_sample_series' not found, using default value 'true' instead.
2021-07-22 10:10:49,461 INFO o.a.j.r.c.ReportGeneratorConfiguration: Property 'jmeter.reportgenerator.exporter.html.series_filter' not found, using default value '' instead.
2021-07-22 10:10:49,461 INFO o.a.j.r.c.ReportGeneratorConfiguration: Property 'jmeter.reportgenerator.exporter.html.show_controllers_only' not found, using default value 'false' instead.
2021-07-22 10:10:49,469 INFO o.a.j.e.StandardJMeterEngine: Running the test!
2021-07-22 10:10:49,470 INFO o.a.j.s.SampleEvent: List of sample_variables: []
2021-07-22 10:10:49,470 INFO o.a.j.s.SampleEvent: List of sample_variables: []
2021-07-22 10:10:49,477 INFO o.a.j.e.u.CompoundVariable: Note: Function class names must contain the string: '.functions.'
2021-07-22 10:10:49,477 INFO o.a.j.e.u.CompoundVariable: Note: Function class names must not contain the string: '.gui.'
2021-07-22 10:10:50,010 INFO o.a.j.JMeter: Running test (1626928850010)
2021-07-22 10:10:50,089 INFO o.a.j.e.StandardJMeterEngine: Starting ThreadGroup: 1 : RM_CreateAuthoringContractCPInternateTemplate
2021-07-22 10:10:50,089 INFO o.a.j.e.StandardJMeterEngine: Starting 10 threads for group RM_CreateAuthoringContractCPInternateTemplate.
2021-07-22 10:10:50,089 INFO o.a.j.e.StandardJMeterEngine: Thread will stop on error
2021-07-22 10:10:50,089 INFO o.a.j.t.ThreadGroup: Starting thread group... number=1 threads=10 ramp-up=30 perThread=3000.0 delayedStart=true
2021-07-22 10:10:50,090 INFO o.a.j.t.ThreadGroup: Started thread group number 1
2021-07-22 10:10:50,090 INFO o.a.j.e.StandardJMeterEngine: All thread groups have been started
2021-07-22 10:10:50,122 INFO o.a.j.s.SampleResult: Note: Sample TimeStamps are START times
2021-07-22 10:10:50,122 INFO o.a.j.s.SampleResult: sampleresult.default.encoding is set to ISO-8859-1
2021-07-22 10:10:50,122 INFO o.a.j.s.SampleResult: sampleresult.useNanoTime=true
2021-07-22 10:10:50,122 INFO o.a.j.s.SampleResult: sampleresult.nanoThreadSleep=5000
2021-07-22 10:10:50,129 INFO o.a.j.t.JMeterThread: Thread started: RM_CreateAuthoringContractCPInternateTemplate 1-1
2021-07-22 10:10:50,130 INFO o.a.j.c.LoopController: iterationStart called on 3# Loop Controller for Suggested Action-Autho with source org.apache.jmeter.control.LoopController@7e5ded9c and iteration 1
2021-07-22 10:10:50,131 INFO o.a.j.s.FileServer: Stored: D:/apache-jmeter-5.1/apache-jmeter-5.1/bin/Files/RM_ZCS_Users.csv
2021-07-22 10:10:50,146 INFO o.a.j.p.h.s.HTTPHCAbstractImpl: Local host = ZIPLSY1584
2021-07-22 10:10:50,152 INFO o.a.j.p.h.s.HTTPHC4Impl: HTTP request retry count = 0
2021-07-22 10:10:50,209 INFO o.a.j.p.h.s.h.LazyLayeredConnectionSocketFactory: Setting up HTTPS TrustAll Socket Factory
2021-07-22 10:10:50,214 INFO o.a.j.u.JsseSSLManager: Using default SSL protocol: TLS
2021-07-22 10:10:50,214 INFO o.a.j.u.JsseSSLManager: SSL session context: per-thread
2021-07-22 10:10:50,599 INFO o.a.j.u.SSLManager: JmeterKeyStore Location:  type JKS
2021-07-22 10:10:50,601 INFO o.a.j.u.SSLManager: KeyStore created OK
2021-07-22 10:10:50,601 WARN o.a.j.u.SSLManager: Keystore file not found, loading empty keystore
2021-07-22 10:10:51,079 INFO o.a.j.t.JMeterThread: Stop Thread detected by thread: RM_CreateAuthoringContractCPInternateTemplate 1-1
2021-07-22 10:10:51,079 INFO o.a.j.t.JMeterThread: Thread finished: RM_CreateAuthoringContractCPInternateTemplate 1-1
2021-07-22 10:10:53,150 INFO o.a.j.t.JMeterThread: Thread started: RM_CreateAuthoringContractCPInternateTemplate 1-2
2021-07-22 10:10:53,150 INFO o.a.j.c.LoopController: iterationStart called on 3# Loop Controller for Suggested Action-Autho with source org.apache.jmeter.control.LoopController@65977351 and iteration 1
2021-07-22 10:10:53,291 INFO o.a.j.t.JMeterThread: Stop Thread detected by thread: RM_CreateAuthoringContractCPInternateTemplate 1-2
2021-07-22 10:10:53,291 INFO o.a.j.t.JMeterThread: Thread finished: RM_CreateAuthoringContractCPInternateTemplate 1-2
2021-07-22 10:10:56,168 INFO o.a.j.t.JMeterThread: Thread started: RM_CreateAuthoringContractCPInternateTemplate 1-3
2021-07-22 10:10:56,169 INFO o.a.j.c.LoopController: iterationStart called on 3# Loop Controller for Suggested Action-Autho with source org.apache.jmeter.control.LoopController@612842cc and iteration 1
2021-07-22 10:10:56,319 INFO o.a.j.t.JMeterThread: Stop Thread detected by thread: RM_CreateAuthoringContractCPInternateTemplate 1-3
2021-07-22 10:10:56,319 INFO o.a.j.t.JMeterThread: Thread finished: RM_CreateAuthoringContractCPInternateTemplate 1-3
2021-07-22 10:10:59,283 INFO o.a.j.t.JMeterThread: Thread started: RM_CreateAuthoringContractCPInternateTemplate 1-4
2021-07-22 10:10:59,286 INFO o.a.j.c.LoopController: iterationStart called on 3# Loop Controller for Suggested Action-Autho with source org.apache.jmeter.control.LoopController@1d8c198a and iteration 1
2021-07-22 10:10:59,422 INFO o.a.j.t.JMeterThread: Stop Thread detected by thread: RM_CreateAuthoringContractCPInternateTemplate 1-4
2021-07-22 10:10:59,423 INFO o.a.j.t.JMeterThread: Thread finished: RM_CreateAuthoringContractCPInternateTemplate 1-4
2021-07-22 10:11:02,303 INFO o.a.j.t.JMeterThread: Thread started: RM_CreateAuthoringContractCPInternateTemplate 1-5
2021-07-22 10:11:02,304 INFO o.a.j.c.LoopController: iterationStart called on 3# Loop Controller for Suggested Action-Autho with source org.apache.jmeter.control.LoopController@e515f78 and iteration 1
2021-07-22 10:11:02,348 INFO o.a.j.r.Summariser: summary +     17 in 00:00:12 =    1.4/s Avg:    78 Min:    18 Max:   780 Err:     4 (23.53%) Active: 1 Started: 5 Finished: 4
2021-07-22 10:11:02,448 INFO o.a.j.t.JMeterThread: Stop Thread detected by thread: RM_CreateAuthoringContractCPInternateTemplate 1-5
2021-07-22 10:11:02,448 INFO o.a.j.t.JMeterThread: Thread finished: RM_CreateAuthoringContractCPInternateTemplate 1-5
2021-07-22 10:11:05,343 INFO o.a.j.t.JMeterThread: Thread started: RM_CreateAuthoringContractCPInternateTemplate 1-6
2021-07-22 10:11:05,344 INFO o.a.j.c.LoopController: iterationStart called on 3# Loop Controller for Suggested Action-Autho with source org.apache.jmeter.control.LoopController@137916ca and iteration 1
2021-07-22 10:11:05,487 INFO o.a.j.t.JMeterThread: Stop Thread detected by thread: RM_CreateAuthoringContractCPInternateTemplate 1-6
2021-07-22 10:11:05,487 INFO o.a.j.t.JMeterThread: Thread finished: RM_CreateAuthoringContractCPInternateTemplate 1-6
2021-07-22 10:11:08,365 INFO o.a.j.t.JMeterThread: Thread started: RM_CreateAuthoringContractCPInternateTemplate 1-7
2021-07-22 10:11:08,366 INFO o.a.j.c.LoopController: iterationStart called on 3# Loop Controller for Suggested Action-Autho with source org.apache.jmeter.control.LoopController@6217b712 and iteration 1
2021-07-22 10:11:08,496 INFO o.a.j.t.JMeterThread: Stop Thread detected by thread: RM_CreateAuthoringContractCPInternateTemplate 1-7
2021-07-22 10:11:08,496 INFO o.a.j.t.JMeterThread: Thread finished: RM_CreateAuthoringContractCPInternateTemplate 1-7
2021-07-22 10:11:11,391 INFO o.a.j.t.JMeterThread: Thread started: RM_CreateAuthoringContractCPInternateTemplate 1-8
2021-07-22 10:11:11,392 INFO o.a.j.c.LoopController: iterationStart called on 3# Loop Controller for Suggested Action-Autho with source org.apache.jmeter.control.LoopController@245dcce4 and iteration 1
2021-07-22 10:11:11,520 INFO o.a.j.t.JMeterThread: Stop Thread detected by thread: RM_CreateAuthoringContractCPInternateTemplate 1-8
2021-07-22 10:11:11,520 INFO o.a.j.t.JMeterThread: Thread finished: RM_CreateAuthoringContractCPInternateTemplate 1-8
2021-07-22 10:11:14,413 INFO o.a.j.t.JMeterThread: Thread started: RM_CreateAuthoringContractCPInternateTemplate 1-9
2021-07-22 10:11:14,413 INFO o.a.j.c.LoopController: iterationStart called on 3# Loop Controller for Suggested Action-Autho with source org.apache.jmeter.control.LoopController@36deef43 and iteration 1
2021-07-22 10:11:14,574 INFO o.a.j.t.JMeterThread: Stop Thread detected by thread: RM_CreateAuthoringContractCPInternateTemplate 1-9
2021-07-22 10:11:14,575 INFO o.a.j.t.JMeterThread: Thread finished: RM_CreateAuthoringContractCPInternateTemplate 1-9
2021-07-22 10:11:17,438 INFO o.a.j.t.JMeterThread: Thread started: RM_CreateAuthoringContractCPInternateTemplate 1-10
2021-07-22 10:11:17,438 INFO o.a.j.c.LoopController: iterationStart called on 3# Loop Controller for Suggested Action-Autho with source org.apache.jmeter.control.LoopController@3086506 and iteration 1
2021-07-22 10:11:17,569 INFO o.a.j.t.JMeterThread: Stop Thread detected by thread: RM_CreateAuthoringContractCPInternateTemplate 1-10
2021-07-22 10:11:17,569 INFO o.a.j.t.JMeterThread: Thread finished: RM_CreateAuthoringContractCPInternateTemplate 1-10
2021-07-22 10:11:17,570 INFO o.a.j.e.StandardJMeterEngine: Notifying test listeners of end of test
2021-07-22 10:11:17,570 INFO o.a.j.s.FileServer: Close: D:/apache-jmeter-5.1/apache-jmeter-5.1/bin/Files/RM_ZCS_Users.csv
2021-07-22 10:11:17,571 INFO o.a.j.r.Summariser: summary +     23 in 00:00:15 =    1.5/s Avg:    33 Min:    17 Max:    81 Err:     6 (26.09%) Active: 0 Started: 10 Finished: 10
2021-07-22 10:11:17,572 INFO o.a.j.r.Summariser: summary =     40 in 00:00:28 =    1.5/s Avg:    52 Min:    17 Max:   780 Err:    10 (25.00%)
2021-07-22 10:11:17,572 INFO o.a.j.JMeter: Generating Dashboard
2021-07-22 10:11:17,572 INFO o.a.j.r.d.ReportGenerator: Flushing result collector before report Generation
2021-07-22 10:11:17,583 INFO o.a.j.r.p.NormalizerSampleConsumer: Using format, 'ms', to parse timeStamp field
2021-07-22 10:11:17,655 INFO o.a.j.r.p.AbstractSampleConsumer: class org.apache.jmeter.report.processor.AggregateConsumer#stopProducing(): beginDate produced 0 samples
2021-07-22 10:11:17,655 INFO o.a.j.r.p.AbstractSampleConsumer: class org.apache.jmeter.report.processor.AggregateConsumer#stopProducing(): endDate produced 0 samples
2021-07-22 10:11:17,657 INFO o.a.j.r.p.AbstractSampleConsumer: class org.apache.jmeter.report.processor.ApdexSummaryConsumer#stopProducing(): apdexSummary produced 0 samples
2021-07-22 10:11:17,657 INFO o.a.j.r.p.AbstractSampleConsumer: class org.apache.jmeter.report.processor.RequestsSummaryConsumer#stopProducing(): requestsSummary produced 0 samples
2021-07-22 10:11:17,661 INFO o.a.j.r.p.AbstractSampleConsumer: class org.apache.jmeter.report.processor.StatisticsSummaryConsumer#stopProducing(): statisticsSummary produced 0 samples
2021-07-22 10:11:17,664 INFO o.a.j.r.p.AbstractSampleConsumer: class org.apache.jmeter.report.processor.Top5ErrorsBySamplerConsumer#stopProducing(): top5ErrorsBySampler produced 0 samples
2021-07-22 10:11:17,664 INFO o.a.j.r.p.AbstractSampleConsumer: class org.apache.jmeter.report.processor.ErrorsSummaryConsumer#stopProducing(): errorsSummary produced 0 samples
2021-07-22 10:11:17,664 INFO o.a.j.r.p.AbstractSampleConsumer: class org.apache.jmeter.report.processor.graph.impl.HitsPerSecondGraphConsumer#stopProducing(): hitsPerSecond produced 0 samples
2021-07-22 10:11:17,673 INFO o.a.j.r.p.AbstractSampleConsumer: class org.apache.jmeter.report.processor.graph.impl.LatencyVSRequestGraphConsumer#stopProducing(): latencyVsRequest produced 0 samples
2021-07-22 10:11:17,674 INFO o.a.j.r.p.AbstractSampleConsumer: class org.apache.jmeter.report.processor.graph.impl.SyntheticResponseTimeDistributionGraphConsumer#stopProducing(): syntheticResponseTimeDistribution produced 0 samples
2021-07-22 10:11:17,674 INFO o.a.j.r.p.AbstractSampleConsumer: class org.apache.jmeter.report.processor.graph.impl.BytesThroughputGraphConsumer#stopProducing(): bytesThroughputOverTime produced 0 samples
2021-07-22 10:11:17,674 INFO o.a.j.r.p.AbstractSampleConsumer: class org.apache.jmeter.report.processor.graph.impl.CodesPerSecondGraphConsumer#stopProducing(): codesPerSecond produced 0 samples
2021-07-22 10:11:17,679 INFO o.a.j.r.p.AbstractSampleConsumer: class org.apache.jmeter.report.processor.graph.impl.ResponseTimeVSRequestGraphConsumer#stopProducing(): responseTimeVsRequest produced 0 samples
2021-07-22 10:11:17,679 INFO o.a.j.r.p.AbstractSampleConsumer: class org.apache.jmeter.report.processor.FilterConsumer#stopProducing(): startIntervalControlerFilter produced 280 samples
2021-07-22 10:11:17,679 INFO o.a.j.r.p.AbstractSampleConsumer: class org.apache.jmeter.report.processor.graph.impl.TotalTPSGraphConsumer#stopProducing(): totalTPS produced 0 samples
2021-07-22 10:11:17,679 INFO o.a.j.r.p.AbstractSampleConsumer: class org.apache.jmeter.report.processor.graph.impl.ActiveThreadsGraphConsumer#stopProducing(): activeThreadsOverTime produced 0 samples
2021-07-22 10:11:17,679 INFO o.a.j.r.p.AbstractSampleConsumer: class org.apache.jmeter.report.processor.graph.impl.TimeVSThreadGraphConsumer#stopProducing(): timeVsThreads produced 0 samples
2021-07-22 10:11:17,680 INFO o.a.j.r.p.AbstractSampleConsumer: class org.apache.jmeter.report.processor.graph.impl.ResponseTimeDistributionGraphConsumer#stopProducing(): responseTimeDistribution produced 0 samples
2021-07-22 10:11:17,680 INFO o.a.j.r.p.AbstractSampleConsumer: class org.apache.jmeter.report.processor.graph.impl.TransactionsPerSecondGraphConsumer#stopProducing(): transactionsPerSecond produced 0 samples
2021-07-22 10:11:17,680 INFO o.a.j.r.p.AbstractSampleConsumer: class org.apache.jmeter.report.processor.graph.impl.ResponseTimePercentilesGraphConsumer#stopProducing(): responseTimePercentiles produced 0 samples
2021-07-22 10:11:17,681 INFO o.a.j.r.p.AbstractSampleConsumer: class org.apache.jmeter.report.processor.graph.impl.ResponseTimePercentilesOverTimeGraphConsumer#stopProducing(): responseTimePercentilesOverTime produced 0 samples
2021-07-22 10:11:17,681 INFO o.a.j.r.p.AbstractSampleConsumer: class org.apache.jmeter.report.processor.graph.impl.ResponseTimeOverTimeGraphConsumer#stopProducing(): responseTimesOverTime produced 0 samples
2021-07-22 10:11:17,681 INFO o.a.j.r.p.AbstractSampleConsumer: class org.apache.jmeter.report.processor.graph.impl.ConnectTimeOverTimeGraphConsumer#stopProducing(): connectTimeOverTime produced 0 samples
2021-07-22 10:11:17,681 INFO o.a.j.r.p.AbstractSampleConsumer: class org.apache.jmeter.report.processor.graph.impl.LatencyOverTimeGraphConsumer#stopProducing(): latenciesOverTime produced 0 samples
2021-07-22 10:11:17,681 INFO o.a.j.r.p.AbstractSampleConsumer: class org.apache.jmeter.report.processor.FilterConsumer#stopProducing(): nameFilter produced 750 samples
2021-07-22 10:11:17,681 INFO o.a.j.r.p.AbstractSampleConsumer: class org.apache.jmeter.report.processor.FilterConsumer#stopProducing(): dateRangeFilter produced 150 samples
2021-07-22 10:11:17,681 INFO o.a.j.r.p.AbstractSampleConsumer: class org.apache.jmeter.report.processor.NormalizerSampleConsumer#stopProducing(): normalizer produced 50 samples
2021-07-22 10:11:17,682 INFO o.a.j.r.p.CsvFileSampleSource: produce(): 50 samples produced in 75ms on channel 0
2021-07-22 10:11:17,682 INFO o.a.j.r.d.ReportGenerator: Exporting data using exporter:'json' of className:'org.apache.jmeter.report.dashboard.JsonExporter'
2021-07-22 10:11:17,684 INFO o.a.j.r.d.JsonExporter: Found data for consumer statisticsSummary in context
2021-07-22 10:11:17,684 INFO o.a.j.r.d.JsonExporter: Creating statistics for overall
2021-07-22 10:11:17,684 INFO o.a.j.r.d.JsonExporter: Creating statistics for other transactions
2021-07-22 10:11:17,685 INFO o.a.j.r.d.JsonExporter: Checking output folder
2021-07-22 10:11:17,687 INFO o.a.j.r.d.JsonExporter: Writing statistics JSON to C:\xampp\htdocs\performance\L0_iContract_10_CreateAuthoringContractWithCPInternalTemplate_2021-07-22_4\statistics.json
2021-07-22 10:11:17,820 INFO o.a.j.r.d.ReportGenerator: Exporting data using exporter:'html' of className:'org.apache.jmeter.report.dashboard.HtmlTemplateExporter'
2021-07-22 10:11:17,824 INFO o.a.j.r.d.HtmlTemplateExporter: Will generate dashboard in folder: C:\xampp\htdocs\performance\L0_iContract_10_CreateAuthoringContractWithCPInternalTemplate_2021-07-22_4
2021-07-22 10:11:17,903 INFO o.a.j.r.d.HtmlTemplateExporter: Report will be generated in: C:\xampp\htdocs\performance\L0_iContract_10_CreateAuthoringContractWithCPInternalTemplate_2021-07-22_4, creating folder structure
2021-07-22 10:11:17,907 INFO o.a.j.r.d.TemplateVisitor: Copying folder from 'D:\apache-jmeter-5.1\apache-jmeter-5.1\bin\report-template' to 'C:\xampp\htdocs\performance\L0_iContract_10_CreateAuthoringContractWithCPInternalTemplate_2021-07-22_4', got message:[C:\xampp\htdocs\performance\L0_iContract_10_CreateAuthoringContractWithCPInternalTemplate_2021-07-22_4\statistics.json], found non empty folder with following content {}, will be ignored
2021-07-22 10:11:19,099 INFO o.a.j.JMeter: Dashboard generated
