2021-07-22 10:59:28,031 INFO o.a.j.u.JMeterUtils: Setting Locale to en_EN
2021-07-22 10:59:28,042 INFO o.a.j.JMeter: Loading user properties from: user.properties
2021-07-22 10:59:28,043 INFO o.a.j.JMeter: Loading system properties from: system.properties
2021-07-22 10:59:28,044 INFO o.a.j.JMeter: Setting JMeter property: meter.reportgenerator.report_title=CreateRepositoryContractWithCPUploadFile
2021-07-22 10:59:28,044 INFO o.a.j.JMeter: Setting JMeter property: thread=1
2021-07-22 10:59:28,044 INFO o.a.j.JMeter: Setting JMeter property: rampup=1
2021-07-22 10:59:28,048 INFO o.a.j.JMeter: Copyright (c) 1998-2019 The Apache Software Foundation
2021-07-22 10:59:28,048 INFO o.a.j.JMeter: Version 5.1 r1853635
2021-07-22 10:59:28,048 INFO o.a.j.JMeter: java.version=1.8.0_144
2021-07-22 10:59:28,048 INFO o.a.j.JMeter: java.vm.name=Java HotSpot(TM) 64-Bit Server VM
2021-07-22 10:59:28,048 INFO o.a.j.JMeter: os.name=Windows 10
2021-07-22 10:59:28,048 INFO o.a.j.JMeter: os.arch=amd64
2021-07-22 10:59:28,048 INFO o.a.j.JMeter: os.version=10.0
2021-07-22 10:59:28,048 INFO o.a.j.JMeter: file.encoding=Cp1252
2021-07-22 10:59:28,048 INFO o.a.j.JMeter: java.awt.headless=true
2021-07-22 10:59:28,048 INFO o.a.j.JMeter: Max memory     =8589934592
2021-07-22 10:59:28,048 INFO o.a.j.JMeter: Available Processors =4
2021-07-22 10:59:28,051 INFO o.a.j.JMeter: Default Locale=English (EN)
2021-07-22 10:59:28,051 INFO o.a.j.JMeter: JMeter  Locale=English (EN)
2021-07-22 10:59:28,051 INFO o.a.j.JMeter: JMeterHome=D:\apache-jmeter-5.1\apache-jmeter-5.1
2021-07-22 10:59:28,052 INFO o.a.j.JMeter: user.dir  =D:\apache-jmeter-5.1\apache-jmeter-5.1\bin
2021-07-22 10:59:28,052 INFO o.a.j.JMeter: PWD       =D:\apache-jmeter-5.1\apache-jmeter-5.1\bin
2021-07-22 10:59:28,053 INFO o.a.j.JMeter: IP: 192.168.35.159 Name: ZIPLSY1584 FullName: host.docker.internal
2021-07-22 10:59:28,055 INFO o.a.j.JMeter: Setting property 'jmeter.reportgenerator.outputdir' to:'C:\xampp\htdocs\performance\L0_iContract_1_CreateRepositoryContractWithCPUploadFile_2021-07-22_9'
2021-07-22 10:59:28,057 INFO o.a.j.s.FileServer: Default base='D:\apache-jmeter-5.1\apache-jmeter-5.1\bin'
2021-07-22 10:59:28,062 INFO o.a.j.s.FileServer: Set new base='D:\PEAutomation\RM\iContract'
2021-07-22 10:59:28,177 INFO o.a.j.s.SaveService: Testplan (JMX) version: 2.2. Testlog (JTL) version: 2.2
2021-07-22 10:59:28,189 INFO o.a.j.s.SaveService: Using SaveService properties file encoding UTF-8
2021-07-22 10:59:28,194 INFO o.a.j.s.SaveService: Using SaveService properties version 5.0
2021-07-22 10:59:28,199 INFO o.a.j.s.SaveService: Loading file: D:\PEAutomation\RM\iContract\L0_iContract_CreateRepositoryContractWithCPUploadFile.jmx
2021-07-22 10:59:28,252 INFO o.a.j.p.h.c.CookieManager: Settings: Delete null: true Check: true Allow variable: true Save: false Prefix: COOKIE_
2021-07-22 10:59:28,255 INFO o.a.j.p.h.c.CacheManager: Will only cache the following methods: [GET]
2021-07-22 10:59:28,263 INFO o.a.j.p.h.s.HTTPSamplerBase: Parser for text/html is org.apache.jmeter.protocol.http.parser.LagartoBasedHtmlParser
2021-07-22 10:59:28,263 INFO o.a.j.p.h.s.HTTPSamplerBase: Parser for application/xhtml+xml is org.apache.jmeter.protocol.http.parser.LagartoBasedHtmlParser
2021-07-22 10:59:28,263 INFO o.a.j.p.h.s.HTTPSamplerBase: Parser for application/xml is org.apache.jmeter.protocol.http.parser.LagartoBasedHtmlParser
2021-07-22 10:59:28,263 INFO o.a.j.p.h.s.HTTPSamplerBase: Parser for text/xml is org.apache.jmeter.protocol.http.parser.LagartoBasedHtmlParser
2021-07-22 10:59:28,263 INFO o.a.j.p.h.s.HTTPSamplerBase: Parser for text/vnd.wap.wml is org.apache.jmeter.protocol.http.parser.RegexpHTMLParser
2021-07-22 10:59:28,263 INFO o.a.j.p.h.s.HTTPSamplerBase: Parser for text/css is org.apache.jmeter.protocol.http.parser.CssParser
2021-07-22 10:59:28,392 INFO o.a.j.JMeter: Creating summariser <summary>
2021-07-22 10:59:28,400 INFO o.a.j.r.d.ReportGenerator: ReportGenerator will use for Parsing the separator: ','
2021-07-22 10:59:28,400 INFO o.a.j.r.d.ReportGenerator: Will generate report at end of test from  results file: D:\PEAutomation\RM\iContract\JTL\L0_iContract_1_CreateRepositoryContractWithCPUploadFile_2021-07-22_9.jtl
2021-07-22 10:59:28,401 INFO o.a.j.r.d.ReportGenerator: Reading report generator properties from: D:\apache-jmeter-5.1\apache-jmeter-5.1\bin\reportgenerator.properties
2021-07-22 10:59:28,401 INFO o.a.j.r.d.ReportGenerator: Merging with JMeter properties
2021-07-22 10:59:28,412 INFO o.a.j.r.c.ReportGeneratorConfiguration: Property 'jmeter.reportgenerator.temp_dir' not found, using default value 'temp' instead.
2021-07-22 10:59:28,414 INFO o.a.j.r.c.ReportGeneratorConfiguration: Property 'jmeter.reportgenerator.apdex_per_transaction' not found, using default value 'null' instead.
2021-07-22 10:59:28,414 INFO o.a.j.r.c.ReportGeneratorConfiguration: apdex_per_transaction : {} is empty, not APDEX per transaction customization
2021-07-22 10:59:28,414 INFO o.a.j.r.c.ReportGeneratorConfiguration: Property 'jmeter.reportgenerator.sample_filter' not found, using default value 'null' instead.
2021-07-22 10:59:28,414 INFO o.a.j.r.c.ReportGeneratorConfiguration: Property 'jmeter.reportgenerator.report_title' not found, using default value 'null' instead.
2021-07-22 10:59:28,414 INFO o.a.j.r.c.ReportGeneratorConfiguration: Property 'jmeter.reportgenerator.start_date' not found, using default value 'null' instead.
2021-07-22 10:59:28,414 INFO o.a.j.r.c.ReportGeneratorConfiguration: Property 'jmeter.reportgenerator.end_date' not found, using default value 'null' instead.
2021-07-22 10:59:28,415 INFO o.a.j.r.c.ReportGeneratorConfiguration: Property 'jmeter.reportgenerator.date_format' not found, using default value 'null' instead.
2021-07-22 10:59:28,415 INFO o.a.j.r.c.ReportGeneratorConfiguration: Will use date range start date: null, end date: null
2021-07-22 10:59:28,418 INFO o.a.j.r.c.ReportGeneratorConfiguration: Property 'jmeter.reportgenerator.graph.totalTPS.exclude_controllers' not found, using default value 'false' instead.
2021-07-22 10:59:28,419 INFO o.a.j.r.c.ReportGeneratorConfiguration: Property 'jmeter.reportgenerator.graph.activeThreadsOverTime.exclude_controllers' not found, using default value 'false' instead.
2021-07-22 10:59:28,419 INFO o.a.j.r.c.ReportGeneratorConfiguration: Property 'jmeter.reportgenerator.graph.timeVsThreads.exclude_controllers' not found, using default value 'false' instead.
2021-07-22 10:59:28,419 INFO o.a.j.r.c.ReportGeneratorConfiguration: Property 'jmeter.reportgenerator.graph.responseTimeDistribution.exclude_controllers' not found, using default value 'false' instead.
2021-07-22 10:59:28,419 INFO o.a.j.r.c.ReportGeneratorConfiguration: Property 'jmeter.reportgenerator.graph.transactionsPerSecond.exclude_controllers' not found, using default value 'false' instead.
2021-07-22 10:59:28,420 INFO o.a.j.r.c.ReportGeneratorConfiguration: Property 'jmeter.reportgenerator.graph.responseTimePercentiles.exclude_controllers' not found, using default value 'false' instead.
2021-07-22 10:59:28,420 INFO o.a.j.r.c.ReportGeneratorConfiguration: Property 'jmeter.reportgenerator.graph.responseTimePercentilesOverTime.exclude_controllers' not found, using default value 'false' instead.
2021-07-22 10:59:28,420 INFO o.a.j.r.c.ReportGeneratorConfiguration: Property 'jmeter.reportgenerator.graph.responseTimesOverTime.exclude_controllers' not found, using default value 'false' instead.
2021-07-22 10:59:28,420 INFO o.a.j.r.c.ReportGeneratorConfiguration: Property 'jmeter.reportgenerator.graph.connectTimeOverTime.exclude_controllers' not found, using default value 'false' instead.
2021-07-22 10:59:28,420 INFO o.a.j.r.c.ReportGeneratorConfiguration: Property 'jmeter.reportgenerator.graph.latenciesOverTime.exclude_controllers' not found, using default value 'false' instead.
2021-07-22 10:59:28,421 INFO o.a.j.r.c.ReportGeneratorConfiguration: Property 'jmeter.reportgenerator.exporter.json.filters_only_sample_series' not found, using default value 'true' instead.
2021-07-22 10:59:28,421 INFO o.a.j.r.c.ReportGeneratorConfiguration: Property 'jmeter.reportgenerator.exporter.json.series_filter' not found, using default value '' instead.
2021-07-22 10:59:28,422 INFO o.a.j.r.c.ReportGeneratorConfiguration: Property 'jmeter.reportgenerator.exporter.json.show_controllers_only' not found, using default value 'false' instead.
2021-07-22 10:59:28,422 INFO o.a.j.r.c.ReportGeneratorConfiguration: Property 'jmeter.reportgenerator.exporter.html.filters_only_sample_series' not found, using default value 'true' instead.
2021-07-22 10:59:28,422 INFO o.a.j.r.c.ReportGeneratorConfiguration: Property 'jmeter.reportgenerator.exporter.html.series_filter' not found, using default value '' instead.
2021-07-22 10:59:28,422 INFO o.a.j.r.c.ReportGeneratorConfiguration: Property 'jmeter.reportgenerator.exporter.html.show_controllers_only' not found, using default value 'false' instead.
2021-07-22 10:59:28,426 INFO o.a.j.e.StandardJMeterEngine: Running the test!
2021-07-22 10:59:28,427 INFO o.a.j.s.SampleEvent: List of sample_variables: []
2021-07-22 10:59:28,427 INFO o.a.j.s.SampleEvent: List of sample_variables: []
2021-07-22 10:59:28,432 INFO o.a.j.e.u.CompoundVariable: Note: Function class names must contain the string: '.functions.'
2021-07-22 10:59:28,432 INFO o.a.j.e.u.CompoundVariable: Note: Function class names must not contain the string: '.gui.'
2021-07-22 10:59:29,105 INFO o.a.j.JMeter: Running test (1626931769105)
2021-07-22 10:59:29,169 INFO o.a.j.e.StandardJMeterEngine: Starting ThreadGroup: 1 : RM_CreateRepositoryContractCPUploadFile
2021-07-22 10:59:29,169 INFO o.a.j.e.StandardJMeterEngine: Starting 1 threads for group RM_CreateRepositoryContractCPUploadFile.
2021-07-22 10:59:29,169 INFO o.a.j.e.StandardJMeterEngine: Thread will stop on error
2021-07-22 10:59:29,169 INFO o.a.j.t.ThreadGroup: Starting thread group... number=1 threads=1 ramp-up=1 perThread=1000.0 delayedStart=true
2021-07-22 10:59:29,170 INFO o.a.j.t.ThreadGroup: Started thread group number 1
2021-07-22 10:59:29,170 INFO o.a.j.e.StandardJMeterEngine: All thread groups have been started
2021-07-22 10:59:29,205 INFO o.a.j.s.SampleResult: Note: Sample TimeStamps are START times
2021-07-22 10:59:29,205 INFO o.a.j.s.SampleResult: sampleresult.default.encoding is set to ISO-8859-1
2021-07-22 10:59:29,205 INFO o.a.j.s.SampleResult: sampleresult.useNanoTime=true
2021-07-22 10:59:29,205 INFO o.a.j.s.SampleResult: sampleresult.nanoThreadSleep=5000
2021-07-22 10:59:29,210 INFO o.a.j.t.JMeterThread: Thread started: RM_CreateRepositoryContractCPUploadFile 1-1
2021-07-22 10:59:29,213 INFO o.a.j.c.LoopController: iterationStart called on 3# Loop Controller for Suggested Action-Repo with source org.apache.jmeter.control.LoopController@57bc802c and iteration 1
2021-07-22 10:59:29,213 INFO o.a.j.s.FileServer: Stored: D:/apache-jmeter-5.1/apache-jmeter-5.1/bin/Files/RM_ZCS_Users.csv
2021-07-22 10:59:29,229 INFO o.a.j.p.h.s.HTTPHCAbstractImpl: Local host = ZIPLSY1584
2021-07-22 10:59:29,234 INFO o.a.j.p.h.s.HTTPHC4Impl: HTTP request retry count = 0
2021-07-22 10:59:29,287 INFO o.a.j.p.h.s.h.LazyLayeredConnectionSocketFactory: Setting up HTTPS TrustAll Socket Factory
2021-07-22 10:59:29,292 INFO o.a.j.u.JsseSSLManager: Using default SSL protocol: TLS
2021-07-22 10:59:29,292 INFO o.a.j.u.JsseSSLManager: SSL session context: per-thread
2021-07-22 10:59:29,555 INFO o.a.j.u.SSLManager: JmeterKeyStore Location:  type JKS
2021-07-22 10:59:29,557 INFO o.a.j.u.SSLManager: KeyStore created OK
2021-07-22 10:59:29,557 WARN o.a.j.u.SSLManager: Keystore file not found, loading empty keystore
2021-07-22 10:59:30,029 INFO o.a.j.r.Summariser: summary +      4 in 00:00:01 =    4.3/s Avg:   185 Min:    21 Max:   557 Err:     1 (25.00%) Active: 1 Started: 1 Finished: 0
2021-07-22 10:59:30,031 INFO o.a.j.t.JMeterThread: Stop Thread detected by thread: RM_CreateRepositoryContractCPUploadFile 1-1
2021-07-22 10:59:30,031 INFO o.a.j.t.JMeterThread: Thread finished: RM_CreateRepositoryContractCPUploadFile 1-1
2021-07-22 10:59:30,033 INFO o.a.j.e.StandardJMeterEngine: Notifying test listeners of end of test
2021-07-22 10:59:30,034 INFO o.a.j.s.FileServer: Close: D:/apache-jmeter-5.1/apache-jmeter-5.1/bin/Files/RM_ZCS_Users.csv
2021-07-22 10:59:30,038 INFO o.a.j.r.Summariser: summary =      4 in 00:00:01 =    4.3/s Avg:   185 Min:    21 Max:   557 Err:     1 (25.00%)
2021-07-22 10:59:30,038 INFO o.a.j.JMeter: Generating Dashboard
2021-07-22 10:59:30,039 INFO o.a.j.r.d.ReportGenerator: Flushing result collector before report Generation
2021-07-22 10:59:30,075 INFO o.a.j.r.p.NormalizerSampleConsumer: Using format, 'ms', to parse timeStamp field
2021-07-22 10:59:30,157 INFO o.a.j.r.p.AbstractSampleConsumer: class org.apache.jmeter.report.processor.AggregateConsumer#stopProducing(): beginDate produced 0 samples
2021-07-22 10:59:30,157 INFO o.a.j.r.p.AbstractSampleConsumer: class org.apache.jmeter.report.processor.AggregateConsumer#stopProducing(): endDate produced 0 samples
2021-07-22 10:59:30,161 INFO o.a.j.r.p.AbstractSampleConsumer: class org.apache.jmeter.report.processor.ApdexSummaryConsumer#stopProducing(): apdexSummary produced 0 samples
2021-07-22 10:59:30,161 INFO o.a.j.r.p.AbstractSampleConsumer: class org.apache.jmeter.report.processor.RequestsSummaryConsumer#stopProducing(): requestsSummary produced 0 samples
2021-07-22 10:59:30,178 INFO o.a.j.r.p.AbstractSampleConsumer: class org.apache.jmeter.report.processor.StatisticsSummaryConsumer#stopProducing(): statisticsSummary produced 0 samples
2021-07-22 10:59:30,189 INFO o.a.j.r.p.AbstractSampleConsumer: class org.apache.jmeter.report.processor.Top5ErrorsBySamplerConsumer#stopProducing(): top5ErrorsBySampler produced 0 samples
2021-07-22 10:59:30,190 INFO o.a.j.r.p.AbstractSampleConsumer: class org.apache.jmeter.report.processor.ErrorsSummaryConsumer#stopProducing(): errorsSummary produced 0 samples
2021-07-22 10:59:30,190 INFO o.a.j.r.p.AbstractSampleConsumer: class org.apache.jmeter.report.processor.graph.impl.HitsPerSecondGraphConsumer#stopProducing(): hitsPerSecond produced 0 samples
2021-07-22 10:59:30,202 INFO o.a.j.r.p.AbstractSampleConsumer: class org.apache.jmeter.report.processor.graph.impl.LatencyVSRequestGraphConsumer#stopProducing(): latencyVsRequest produced 0 samples
2021-07-22 10:59:30,203 INFO o.a.j.r.p.AbstractSampleConsumer: class org.apache.jmeter.report.processor.graph.impl.SyntheticResponseTimeDistributionGraphConsumer#stopProducing(): syntheticResponseTimeDistribution produced 0 samples
2021-07-22 10:59:30,204 INFO o.a.j.r.p.AbstractSampleConsumer: class org.apache.jmeter.report.processor.graph.impl.BytesThroughputGraphConsumer#stopProducing(): bytesThroughputOverTime produced 0 samples
2021-07-22 10:59:30,204 INFO o.a.j.r.p.AbstractSampleConsumer: class org.apache.jmeter.report.processor.graph.impl.CodesPerSecondGraphConsumer#stopProducing(): codesPerSecond produced 0 samples
2021-07-22 10:59:30,208 INFO o.a.j.r.p.AbstractSampleConsumer: class org.apache.jmeter.report.processor.graph.impl.ResponseTimeVSRequestGraphConsumer#stopProducing(): responseTimeVsRequest produced 0 samples
2021-07-22 10:59:30,208 INFO o.a.j.r.p.AbstractSampleConsumer: class org.apache.jmeter.report.processor.FilterConsumer#stopProducing(): startIntervalControlerFilter produced 28 samples
2021-07-22 10:59:30,209 INFO o.a.j.r.p.AbstractSampleConsumer: class org.apache.jmeter.report.processor.graph.impl.TotalTPSGraphConsumer#stopProducing(): totalTPS produced 0 samples
2021-07-22 10:59:30,209 INFO o.a.j.r.p.AbstractSampleConsumer: class org.apache.jmeter.report.processor.graph.impl.ActiveThreadsGraphConsumer#stopProducing(): activeThreadsOverTime produced 0 samples
2021-07-22 10:59:30,209 INFO o.a.j.r.p.AbstractSampleConsumer: class org.apache.jmeter.report.processor.graph.impl.TimeVSThreadGraphConsumer#stopProducing(): timeVsThreads produced 0 samples
2021-07-22 10:59:30,209 INFO o.a.j.r.p.AbstractSampleConsumer: class org.apache.jmeter.report.processor.graph.impl.ResponseTimeDistributionGraphConsumer#stopProducing(): responseTimeDistribution produced 0 samples
2021-07-22 10:59:30,210 INFO o.a.j.r.p.AbstractSampleConsumer: class org.apache.jmeter.report.processor.graph.impl.TransactionsPerSecondGraphConsumer#stopProducing(): transactionsPerSecond produced 0 samples
2021-07-22 10:59:30,210 INFO o.a.j.r.p.AbstractSampleConsumer: class org.apache.jmeter.report.processor.graph.impl.ResponseTimePercentilesGraphConsumer#stopProducing(): responseTimePercentiles produced 0 samples
2021-07-22 10:59:30,211 INFO o.a.j.r.p.AbstractSampleConsumer: class org.apache.jmeter.report.processor.graph.impl.ResponseTimePercentilesOverTimeGraphConsumer#stopProducing(): responseTimePercentilesOverTime produced 0 samples
2021-07-22 10:59:30,212 INFO o.a.j.r.p.AbstractSampleConsumer: class org.apache.jmeter.report.processor.graph.impl.ResponseTimeOverTimeGraphConsumer#stopProducing(): responseTimesOverTime produced 0 samples
2021-07-22 10:59:30,212 INFO o.a.j.r.p.AbstractSampleConsumer: class org.apache.jmeter.report.processor.graph.impl.ConnectTimeOverTimeGraphConsumer#stopProducing(): connectTimeOverTime produced 0 samples
2021-07-22 10:59:30,212 INFO o.a.j.r.p.AbstractSampleConsumer: class org.apache.jmeter.report.processor.graph.impl.LatencyOverTimeGraphConsumer#stopProducing(): latenciesOverTime produced 0 samples
2021-07-22 10:59:30,212 INFO o.a.j.r.p.AbstractSampleConsumer: class org.apache.jmeter.report.processor.FilterConsumer#stopProducing(): nameFilter produced 75 samples
2021-07-22 10:59:30,213 INFO o.a.j.r.p.AbstractSampleConsumer: class org.apache.jmeter.report.processor.FilterConsumer#stopProducing(): dateRangeFilter produced 15 samples
2021-07-22 10:59:30,213 INFO o.a.j.r.p.AbstractSampleConsumer: class org.apache.jmeter.report.processor.NormalizerSampleConsumer#stopProducing(): normalizer produced 5 samples
2021-07-22 10:59:30,213 INFO o.a.j.r.p.CsvFileSampleSource: produce(): 5 samples produced in 98ms on channel 0
2021-07-22 10:59:30,213 INFO o.a.j.r.d.ReportGenerator: Exporting data using exporter:'json' of className:'org.apache.jmeter.report.dashboard.JsonExporter'
2021-07-22 10:59:30,215 INFO o.a.j.r.d.JsonExporter: Found data for consumer statisticsSummary in context
2021-07-22 10:59:30,215 INFO o.a.j.r.d.JsonExporter: Creating statistics for overall
2021-07-22 10:59:30,215 INFO o.a.j.r.d.JsonExporter: Creating statistics for other transactions
2021-07-22 10:59:30,217 INFO o.a.j.r.d.JsonExporter: Checking output folder
2021-07-22 10:59:30,221 INFO o.a.j.r.d.JsonExporter: Writing statistics JSON to C:\xampp\htdocs\performance\L0_iContract_1_CreateRepositoryContractWithCPUploadFile_2021-07-22_9\statistics.json
2021-07-22 10:59:30,461 INFO o.a.j.r.d.ReportGenerator: Exporting data using exporter:'html' of className:'org.apache.jmeter.report.dashboard.HtmlTemplateExporter'
2021-07-22 10:59:30,464 INFO o.a.j.r.d.HtmlTemplateExporter: Will generate dashboard in folder: C:\xampp\htdocs\performance\L0_iContract_1_CreateRepositoryContractWithCPUploadFile_2021-07-22_9
2021-07-22 10:59:30,569 INFO o.a.j.r.d.HtmlTemplateExporter: Report will be generated in: C:\xampp\htdocs\performance\L0_iContract_1_CreateRepositoryContractWithCPUploadFile_2021-07-22_9, creating folder structure
2021-07-22 10:59:30,572 INFO o.a.j.r.d.TemplateVisitor: Copying folder from 'D:\apache-jmeter-5.1\apache-jmeter-5.1\bin\report-template' to 'C:\xampp\htdocs\performance\L0_iContract_1_CreateRepositoryContractWithCPUploadFile_2021-07-22_9', got message:[C:\xampp\htdocs\performance\L0_iContract_1_CreateRepositoryContractWithCPUploadFile_2021-07-22_9\statistics.json], found non empty folder with following content {}, will be ignored
2021-07-22 10:59:31,760 INFO o.a.j.JMeter: Dashboard generated
