2021-07-27 11:44:38,709 INFO o.a.j.u.JMeterUtils: Setting Locale to en_EN
2021-07-27 11:44:38,722 INFO o.a.j.JMeter: Loading user properties from: user.properties
2021-07-27 11:44:38,722 INFO o.a.j.JMeter: Loading system properties from: system.properties
2021-07-27 11:44:38,723 INFO o.a.j.JMeter: Setting JMeter property: meter.reportgenerator.report_title=CreateAmendmentRepository
2021-07-27 11:44:38,723 INFO o.a.j.JMeter: Setting JMeter property: thread=1
2021-07-27 11:44:38,723 INFO o.a.j.JMeter: Setting JMeter property: rampup=1
2021-07-27 11:44:38,723 INFO o.a.j.JMeter: Setting JMeter property: Tenant=\PEAutomation\RM\iContract\L1_iContract_CreateAmendmentRepository.jmx
2021-07-27 11:44:38,728 INFO o.a.j.JMeter: Copyright (c) 1998-2019 The Apache Software Foundation
2021-07-27 11:44:38,728 INFO o.a.j.JMeter: Version 5.1 r1853635
2021-07-27 11:44:38,728 INFO o.a.j.JMeter: java.version=1.8.0_121
2021-07-27 11:44:38,728 INFO o.a.j.JMeter: java.vm.name=Java HotSpot(TM) 64-Bit Server VM
2021-07-27 11:44:38,729 INFO o.a.j.JMeter: os.name=Windows 10
2021-07-27 11:44:38,729 INFO o.a.j.JMeter: os.arch=amd64
2021-07-27 11:44:38,729 INFO o.a.j.JMeter: os.version=10.0
2021-07-27 11:44:38,729 INFO o.a.j.JMeter: file.encoding=Cp1252
2021-07-27 11:44:38,729 INFO o.a.j.JMeter: java.awt.headless=true
2021-07-27 11:44:38,729 INFO o.a.j.JMeter: Max memory     =8589934592
2021-07-27 11:44:38,729 INFO o.a.j.JMeter: Available Processors =6
2021-07-27 11:44:38,733 INFO o.a.j.JMeter: Default Locale=English (EN)
2021-07-27 11:44:38,733 INFO o.a.j.JMeter: JMeter  Locale=English (EN)
2021-07-27 11:44:38,733 INFO o.a.j.JMeter: JMeterHome=D:\apache-jmeter-5.1\apache-jmeter-5.1
2021-07-27 11:44:38,733 INFO o.a.j.JMeter: user.dir  =D:\apache-jmeter-5.1\apache-jmeter-5.1\bin
2021-07-27 11:44:38,734 INFO o.a.j.JMeter: PWD       =D:\apache-jmeter-5.1\apache-jmeter-5.1\bin
2021-07-27 11:44:38,735 INFO o.a.j.JMeter: IP: 172.30.225.123 Name: ZIPLSY2278 FullName: ZIPLSY2278.zycus.net
2021-07-27 11:44:38,738 ERROR o.a.j.JMeter: An error occurred: 
java.lang.IllegalArgumentException: Cannot write to 'C:\xampp\htdocs\POC\L1_iContract_1_CreateAmendmentRepository_2021-07-27_9' as folder does not exist and parent folder is not writable
	at org.apache.jorphan.util.JOrphanUtils.canSafelyWriteToFolder(JOrphanUtils.java:683) ~[jorphan.jar:5.1 r1853635]
	at org.apache.jorphan.util.JOrphanUtils.canSafelyWriteToFolder(JOrphanUtils.java:633) ~[jorphan.jar:5.1 r1853635]
	at org.apache.jmeter.JMeter.extractAndSetReportOutputFolder(JMeter.java:593) ~[ApacheJMeter_core.jar:5.1 r1853635]
	at org.apache.jmeter.JMeter.start(JMeter.java:547) [ApacheJMeter_core.jar:5.1 r1853635]
	at sun.reflect.NativeMethodAccessorImpl.invoke0(Native Method) ~[?:1.8.0_121]
	at sun.reflect.NativeMethodAccessorImpl.invoke(Unknown Source) ~[?:1.8.0_121]
	at sun.reflect.DelegatingMethodAccessorImpl.invoke(Unknown Source) ~[?:1.8.0_121]
	at java.lang.reflect.Method.invoke(Unknown Source) ~[?:1.8.0_121]
	at org.apache.jmeter.NewDriver.main(NewDriver.java:253) [ApacheJMeter.jar:5.1 r1853635]
