2021-07-22 11:51:09,561 INFO o.a.j.u.JMeterUtils: Setting Locale to en_EN
2021-07-22 11:51:09,578 INFO o.a.j.JMeter: Loading user properties from: user.properties
2021-07-22 11:51:09,578 INFO o.a.j.JMeter: Loading system properties from: system.properties
2021-07-22 11:51:09,579 INFO o.a.j.JMeter: Setting JMeter property: meter.reportgenerator.report_title=CreateAmendmentRepository
2021-07-22 11:51:09,579 INFO o.a.j.JMeter: Setting JMeter property: thread=1
2021-07-22 11:51:09,579 INFO o.a.j.JMeter: Setting JMeter property: rampup=1
2021-07-22 11:51:09,584 INFO o.a.j.JMeter: Copyright (c) 1998-2019 The Apache Software Foundation
2021-07-22 11:51:09,584 INFO o.a.j.JMeter: Version 5.1 r1853635
2021-07-22 11:51:09,584 INFO o.a.j.JMeter: java.version=1.8.0_144
2021-07-22 11:51:09,584 INFO o.a.j.JMeter: java.vm.name=Java HotSpot(TM) 64-Bit Server VM
2021-07-22 11:51:09,584 INFO o.a.j.JMeter: os.name=Windows 10
2021-07-22 11:51:09,584 INFO o.a.j.JMeter: os.arch=amd64
2021-07-22 11:51:09,584 INFO o.a.j.JMeter: os.version=10.0
2021-07-22 11:51:09,584 INFO o.a.j.JMeter: file.encoding=Cp1252
2021-07-22 11:51:09,584 INFO o.a.j.JMeter: java.awt.headless=true
2021-07-22 11:51:09,584 INFO o.a.j.JMeter: Max memory     =8589934592
2021-07-22 11:51:09,585 INFO o.a.j.JMeter: Available Processors =4
2021-07-22 11:51:09,588 INFO o.a.j.JMeter: Default Locale=English (EN)
2021-07-22 11:51:09,588 INFO o.a.j.JMeter: JMeter  Locale=English (EN)
2021-07-22 11:51:09,588 INFO o.a.j.JMeter: JMeterHome=D:\apache-jmeter-5.1\apache-jmeter-5.1
2021-07-22 11:51:09,588 INFO o.a.j.JMeter: user.dir  =D:\apache-jmeter-5.1\apache-jmeter-5.1\bin
2021-07-22 11:51:09,589 INFO o.a.j.JMeter: PWD       =D:\apache-jmeter-5.1\apache-jmeter-5.1\bin
2021-07-22 11:51:09,590 INFO o.a.j.JMeter: IP: 192.168.35.159 Name: ZIPLSY1584 FullName: host.docker.internal
2021-07-22 11:51:09,592 INFO o.a.j.JMeter: Setting property 'jmeter.reportgenerator.outputdir' to:'C:\xampp\htdocs\performance\L1_iContract_1_CreateAmendmentRepository_2021-07-22_9'
2021-07-22 11:51:09,594 INFO o.a.j.s.FileServer: Default base='D:\apache-jmeter-5.1\apache-jmeter-5.1\bin'
2021-07-22 11:51:09,598 INFO o.a.j.s.FileServer: Set new base='D:\PEAutomation\RM\iContract'
2021-07-22 11:51:09,739 INFO o.a.j.s.SaveService: Testplan (JMX) version: 2.2. Testlog (JTL) version: 2.2
2021-07-22 11:51:09,752 INFO o.a.j.s.SaveService: Using SaveService properties file encoding UTF-8
2021-07-22 11:51:09,761 INFO o.a.j.s.SaveService: Using SaveService properties version 5.0
2021-07-22 11:51:09,771 INFO o.a.j.s.SaveService: Loading file: D:\PEAutomation\RM\iContract\L1_iContract_CreateAmendmentRepository.jmx
2021-07-22 11:51:09,859 INFO o.a.j.p.h.c.CookieManager: Settings: Delete null: true Check: true Allow variable: true Save: false Prefix: COOKIE_
2021-07-22 11:51:09,862 INFO o.a.j.p.h.c.CacheManager: Will only cache the following methods: [GET]
2021-07-22 11:51:09,875 INFO o.a.j.p.h.s.HTTPSamplerBase: Parser for text/html is org.apache.jmeter.protocol.http.parser.LagartoBasedHtmlParser
2021-07-22 11:51:09,875 INFO o.a.j.p.h.s.HTTPSamplerBase: Parser for application/xhtml+xml is org.apache.jmeter.protocol.http.parser.LagartoBasedHtmlParser
2021-07-22 11:51:09,875 INFO o.a.j.p.h.s.HTTPSamplerBase: Parser for application/xml is org.apache.jmeter.protocol.http.parser.LagartoBasedHtmlParser
2021-07-22 11:51:09,875 INFO o.a.j.p.h.s.HTTPSamplerBase: Parser for text/xml is org.apache.jmeter.protocol.http.parser.LagartoBasedHtmlParser
2021-07-22 11:51:09,875 INFO o.a.j.p.h.s.HTTPSamplerBase: Parser for text/vnd.wap.wml is org.apache.jmeter.protocol.http.parser.RegexpHTMLParser
2021-07-22 11:51:09,875 INFO o.a.j.p.h.s.HTTPSamplerBase: Parser for text/css is org.apache.jmeter.protocol.http.parser.CssParser
2021-07-22 11:51:10,529 INFO o.a.j.JMeter: Creating summariser <summary>
2021-07-22 11:51:10,543 INFO o.a.j.r.d.ReportGenerator: ReportGenerator will use for Parsing the separator: ','
2021-07-22 11:51:10,543 INFO o.a.j.r.d.ReportGenerator: Will generate report at end of test from  results file: D:\PEAutomation\RM\iContract\JTL\L1_iContract_1_CreateAmendmentRepository_2021-07-22_9.jtl
2021-07-22 11:51:10,543 INFO o.a.j.r.d.ReportGenerator: Reading report generator properties from: D:\apache-jmeter-5.1\apache-jmeter-5.1\bin\reportgenerator.properties
2021-07-22 11:51:10,544 INFO o.a.j.r.d.ReportGenerator: Merging with JMeter properties
2021-07-22 11:51:10,550 INFO o.a.j.r.c.ReportGeneratorConfiguration: Property 'jmeter.reportgenerator.temp_dir' not found, using default value 'temp' instead.
2021-07-22 11:51:10,552 INFO o.a.j.r.c.ReportGeneratorConfiguration: Property 'jmeter.reportgenerator.apdex_per_transaction' not found, using default value 'null' instead.
2021-07-22 11:51:10,552 INFO o.a.j.r.c.ReportGeneratorConfiguration: apdex_per_transaction : {} is empty, not APDEX per transaction customization
2021-07-22 11:51:10,553 INFO o.a.j.r.c.ReportGeneratorConfiguration: Property 'jmeter.reportgenerator.sample_filter' not found, using default value 'null' instead.
2021-07-22 11:51:10,553 INFO o.a.j.r.c.ReportGeneratorConfiguration: Property 'jmeter.reportgenerator.report_title' not found, using default value 'null' instead.
2021-07-22 11:51:10,553 INFO o.a.j.r.c.ReportGeneratorConfiguration: Property 'jmeter.reportgenerator.start_date' not found, using default value 'null' instead.
2021-07-22 11:51:10,553 INFO o.a.j.r.c.ReportGeneratorConfiguration: Property 'jmeter.reportgenerator.end_date' not found, using default value 'null' instead.
2021-07-22 11:51:10,553 INFO o.a.j.r.c.ReportGeneratorConfiguration: Property 'jmeter.reportgenerator.date_format' not found, using default value 'null' instead.
2021-07-22 11:51:10,554 INFO o.a.j.r.c.ReportGeneratorConfiguration: Will use date range start date: null, end date: null
2021-07-22 11:51:10,559 INFO o.a.j.r.c.ReportGeneratorConfiguration: Property 'jmeter.reportgenerator.graph.totalTPS.exclude_controllers' not found, using default value 'false' instead.
2021-07-22 11:51:10,559 INFO o.a.j.r.c.ReportGeneratorConfiguration: Property 'jmeter.reportgenerator.graph.activeThreadsOverTime.exclude_controllers' not found, using default value 'false' instead.
2021-07-22 11:51:10,559 INFO o.a.j.r.c.ReportGeneratorConfiguration: Property 'jmeter.reportgenerator.graph.timeVsThreads.exclude_controllers' not found, using default value 'false' instead.
2021-07-22 11:51:10,559 INFO o.a.j.r.c.ReportGeneratorConfiguration: Property 'jmeter.reportgenerator.graph.responseTimeDistribution.exclude_controllers' not found, using default value 'false' instead.
2021-07-22 11:51:10,559 INFO o.a.j.r.c.ReportGeneratorConfiguration: Property 'jmeter.reportgenerator.graph.transactionsPerSecond.exclude_controllers' not found, using default value 'false' instead.
2021-07-22 11:51:10,560 INFO o.a.j.r.c.ReportGeneratorConfiguration: Property 'jmeter.reportgenerator.graph.responseTimePercentiles.exclude_controllers' not found, using default value 'false' instead.
2021-07-22 11:51:10,560 INFO o.a.j.r.c.ReportGeneratorConfiguration: Property 'jmeter.reportgenerator.graph.responseTimePercentilesOverTime.exclude_controllers' not found, using default value 'false' instead.
2021-07-22 11:51:10,560 INFO o.a.j.r.c.ReportGeneratorConfiguration: Property 'jmeter.reportgenerator.graph.responseTimesOverTime.exclude_controllers' not found, using default value 'false' instead.
2021-07-22 11:51:10,561 INFO o.a.j.r.c.ReportGeneratorConfiguration: Property 'jmeter.reportgenerator.graph.connectTimeOverTime.exclude_controllers' not found, using default value 'false' instead.
2021-07-22 11:51:10,561 INFO o.a.j.r.c.ReportGeneratorConfiguration: Property 'jmeter.reportgenerator.graph.latenciesOverTime.exclude_controllers' not found, using default value 'false' instead.
2021-07-22 11:51:10,562 INFO o.a.j.r.c.ReportGeneratorConfiguration: Property 'jmeter.reportgenerator.exporter.json.filters_only_sample_series' not found, using default value 'true' instead.
2021-07-22 11:51:10,562 INFO o.a.j.r.c.ReportGeneratorConfiguration: Property 'jmeter.reportgenerator.exporter.json.series_filter' not found, using default value '' instead.
2021-07-22 11:51:10,563 INFO o.a.j.r.c.ReportGeneratorConfiguration: Property 'jmeter.reportgenerator.exporter.json.show_controllers_only' not found, using default value 'false' instead.
2021-07-22 11:51:10,563 INFO o.a.j.r.c.ReportGeneratorConfiguration: Property 'jmeter.reportgenerator.exporter.html.filters_only_sample_series' not found, using default value 'true' instead.
2021-07-22 11:51:10,563 INFO o.a.j.r.c.ReportGeneratorConfiguration: Property 'jmeter.reportgenerator.exporter.html.series_filter' not found, using default value '' instead.
2021-07-22 11:51:10,563 INFO o.a.j.r.c.ReportGeneratorConfiguration: Property 'jmeter.reportgenerator.exporter.html.show_controllers_only' not found, using default value 'false' instead.
2021-07-22 11:51:10,573 INFO o.a.j.e.StandardJMeterEngine: Running the test!
2021-07-22 11:51:10,574 INFO o.a.j.s.SampleEvent: List of sample_variables: []
2021-07-22 11:51:10,574 INFO o.a.j.s.SampleEvent: List of sample_variables: []
2021-07-22 11:51:10,580 INFO o.a.j.e.u.CompoundVariable: Note: Function class names must contain the string: '.functions.'
2021-07-22 11:51:10,581 INFO o.a.j.e.u.CompoundVariable: Note: Function class names must not contain the string: '.gui.'
2021-07-22 11:51:11,105 INFO o.a.j.JMeter: Running test (1626934871105)
2021-07-22 11:51:11,182 INFO o.a.j.e.StandardJMeterEngine: Starting ThreadGroup: 1 : RM_CreateAmendmentRepository
2021-07-22 11:51:11,183 INFO o.a.j.e.StandardJMeterEngine: Starting 1 threads for group RM_CreateAmendmentRepository.
2021-07-22 11:51:11,183 INFO o.a.j.e.StandardJMeterEngine: Thread will stop on error
2021-07-22 11:51:11,183 INFO o.a.j.t.ThreadGroup: Starting thread group... number=1 threads=1 ramp-up=1 perThread=1000.0 delayedStart=true
2021-07-22 11:51:11,184 INFO o.a.j.t.ThreadGroup: Started thread group number 1
2021-07-22 11:51:11,184 INFO o.a.j.e.StandardJMeterEngine: All thread groups have been started
2021-07-22 11:51:11,232 INFO o.a.j.s.SampleResult: Note: Sample TimeStamps are START times
2021-07-22 11:51:11,232 INFO o.a.j.s.SampleResult: sampleresult.default.encoding is set to ISO-8859-1
2021-07-22 11:51:11,233 INFO o.a.j.s.SampleResult: sampleresult.useNanoTime=true
2021-07-22 11:51:11,233 INFO o.a.j.s.SampleResult: sampleresult.nanoThreadSleep=5000
2021-07-22 11:51:11,245 INFO o.a.j.t.JMeterThread: Thread started: RM_CreateAmendmentRepository 1-1
2021-07-22 11:51:11,247 INFO o.a.j.c.LoopController: iterationStart called on 12# Loop Controller for Suggested Action-Repo with source org.apache.jmeter.control.LoopController@1dc52e09 and iteration 1
2021-07-22 11:51:11,247 INFO o.a.j.c.LoopController: iterationStart called on 3# Loop Controller for Suggested Action-Repo with source org.apache.jmeter.control.LoopController@1dc52e09 and iteration 1
2021-07-22 11:51:11,247 INFO o.a.j.s.FileServer: Stored: D:/apache-jmeter-5.1/apache-jmeter-5.1/bin/Files/RM_ZCS_Users.csv
2021-07-22 11:51:11,261 INFO o.a.j.p.h.s.HTTPHCAbstractImpl: Local host = ZIPLSY1584
2021-07-22 11:51:11,266 INFO o.a.j.p.h.s.HTTPHC4Impl: HTTP request retry count = 0
2021-07-22 11:51:11,455 INFO o.a.j.p.h.s.h.LazyLayeredConnectionSocketFactory: Setting up HTTPS TrustAll Socket Factory
2021-07-22 11:51:11,461 INFO o.a.j.u.JsseSSLManager: Using default SSL protocol: TLS
2021-07-22 11:51:11,461 INFO o.a.j.u.JsseSSLManager: SSL session context: per-thread
2021-07-22 11:51:11,829 INFO o.a.j.u.SSLManager: JmeterKeyStore Location:  type JKS
2021-07-22 11:51:11,831 INFO o.a.j.u.SSLManager: KeyStore created OK
2021-07-22 11:51:11,831 WARN o.a.j.u.SSLManager: Keystore file not found, loading empty keystore
2021-07-22 11:51:12,282 INFO o.a.j.t.JMeterThread: Stop Thread detected by thread: RM_CreateAmendmentRepository 1-1
2021-07-22 11:51:12,283 INFO o.a.j.t.JMeterThread: Thread finished: RM_CreateAmendmentRepository 1-1
2021-07-22 11:51:12,285 INFO o.a.j.e.StandardJMeterEngine: Notifying test listeners of end of test
2021-07-22 11:51:12,288 INFO o.a.j.s.FileServer: Close: D:/apache-jmeter-5.1/apache-jmeter-5.1/bin/Files/RM_ZCS_Users.csv
2021-07-22 11:51:12,299 INFO o.a.j.r.Summariser: summary =      4 in 00:00:01 =    3.4/s Avg:   211 Min:    22 Max:   729 Err:     1 (25.00%)
2021-07-22 11:51:12,301 INFO o.a.j.JMeter: Generating Dashboard
2021-07-22 11:51:12,302 INFO o.a.j.r.d.ReportGenerator: Flushing result collector before report Generation
2021-07-22 11:51:12,316 INFO o.a.j.r.p.NormalizerSampleConsumer: Using format, 'ms', to parse timeStamp field
2021-07-22 11:51:12,414 INFO o.a.j.r.p.AbstractSampleConsumer: class org.apache.jmeter.report.processor.AggregateConsumer#stopProducing(): beginDate produced 0 samples
2021-07-22 11:51:12,415 INFO o.a.j.r.p.AbstractSampleConsumer: class org.apache.jmeter.report.processor.AggregateConsumer#stopProducing(): endDate produced 0 samples
2021-07-22 11:51:12,419 INFO o.a.j.r.p.AbstractSampleConsumer: class org.apache.jmeter.report.processor.ApdexSummaryConsumer#stopProducing(): apdexSummary produced 0 samples
2021-07-22 11:51:12,419 INFO o.a.j.r.p.AbstractSampleConsumer: class org.apache.jmeter.report.processor.RequestsSummaryConsumer#stopProducing(): requestsSummary produced 0 samples
2021-07-22 11:51:12,439 INFO o.a.j.r.p.AbstractSampleConsumer: class org.apache.jmeter.report.processor.StatisticsSummaryConsumer#stopProducing(): statisticsSummary produced 0 samples
2021-07-22 11:51:12,454 INFO o.a.j.r.p.AbstractSampleConsumer: class org.apache.jmeter.report.processor.Top5ErrorsBySamplerConsumer#stopProducing(): top5ErrorsBySampler produced 0 samples
2021-07-22 11:51:12,454 INFO o.a.j.r.p.AbstractSampleConsumer: class org.apache.jmeter.report.processor.ErrorsSummaryConsumer#stopProducing(): errorsSummary produced 0 samples
2021-07-22 11:51:12,454 INFO o.a.j.r.p.AbstractSampleConsumer: class org.apache.jmeter.report.processor.graph.impl.HitsPerSecondGraphConsumer#stopProducing(): hitsPerSecond produced 0 samples
2021-07-22 11:51:12,469 INFO o.a.j.r.p.AbstractSampleConsumer: class org.apache.jmeter.report.processor.graph.impl.LatencyVSRequestGraphConsumer#stopProducing(): latencyVsRequest produced 0 samples
2021-07-22 11:51:12,470 INFO o.a.j.r.p.AbstractSampleConsumer: class org.apache.jmeter.report.processor.graph.impl.SyntheticResponseTimeDistributionGraphConsumer#stopProducing(): syntheticResponseTimeDistribution produced 0 samples
2021-07-22 11:51:12,470 INFO o.a.j.r.p.AbstractSampleConsumer: class org.apache.jmeter.report.processor.graph.impl.BytesThroughputGraphConsumer#stopProducing(): bytesThroughputOverTime produced 0 samples
2021-07-22 11:51:12,470 INFO o.a.j.r.p.AbstractSampleConsumer: class org.apache.jmeter.report.processor.graph.impl.CodesPerSecondGraphConsumer#stopProducing(): codesPerSecond produced 0 samples
2021-07-22 11:51:12,477 INFO o.a.j.r.p.AbstractSampleConsumer: class org.apache.jmeter.report.processor.graph.impl.ResponseTimeVSRequestGraphConsumer#stopProducing(): responseTimeVsRequest produced 0 samples
2021-07-22 11:51:12,477 INFO o.a.j.r.p.AbstractSampleConsumer: class org.apache.jmeter.report.processor.FilterConsumer#stopProducing(): startIntervalControlerFilter produced 28 samples
2021-07-22 11:51:12,477 INFO o.a.j.r.p.AbstractSampleConsumer: class org.apache.jmeter.report.processor.graph.impl.TotalTPSGraphConsumer#stopProducing(): totalTPS produced 0 samples
2021-07-22 11:51:12,477 INFO o.a.j.r.p.AbstractSampleConsumer: class org.apache.jmeter.report.processor.graph.impl.ActiveThreadsGraphConsumer#stopProducing(): activeThreadsOverTime produced 0 samples
2021-07-22 11:51:12,477 INFO o.a.j.r.p.AbstractSampleConsumer: class org.apache.jmeter.report.processor.graph.impl.TimeVSThreadGraphConsumer#stopProducing(): timeVsThreads produced 0 samples
2021-07-22 11:51:12,478 INFO o.a.j.r.p.AbstractSampleConsumer: class org.apache.jmeter.report.processor.graph.impl.ResponseTimeDistributionGraphConsumer#stopProducing(): responseTimeDistribution produced 0 samples
2021-07-22 11:51:12,478 INFO o.a.j.r.p.AbstractSampleConsumer: class org.apache.jmeter.report.processor.graph.impl.TransactionsPerSecondGraphConsumer#stopProducing(): transactionsPerSecond produced 0 samples
2021-07-22 11:51:12,478 INFO o.a.j.r.p.AbstractSampleConsumer: class org.apache.jmeter.report.processor.graph.impl.ResponseTimePercentilesGraphConsumer#stopProducing(): responseTimePercentiles produced 0 samples
2021-07-22 11:51:12,479 INFO o.a.j.r.p.AbstractSampleConsumer: class org.apache.jmeter.report.processor.graph.impl.ResponseTimePercentilesOverTimeGraphConsumer#stopProducing(): responseTimePercentilesOverTime produced 0 samples
2021-07-22 11:51:12,479 INFO o.a.j.r.p.AbstractSampleConsumer: class org.apache.jmeter.report.processor.graph.impl.ResponseTimeOverTimeGraphConsumer#stopProducing(): responseTimesOverTime produced 0 samples
2021-07-22 11:51:12,479 INFO o.a.j.r.p.AbstractSampleConsumer: class org.apache.jmeter.report.processor.graph.impl.ConnectTimeOverTimeGraphConsumer#stopProducing(): connectTimeOverTime produced 0 samples
2021-07-22 11:51:12,479 INFO o.a.j.r.p.AbstractSampleConsumer: class org.apache.jmeter.report.processor.graph.impl.LatencyOverTimeGraphConsumer#stopProducing(): latenciesOverTime produced 0 samples
2021-07-22 11:51:12,480 INFO o.a.j.r.p.AbstractSampleConsumer: class org.apache.jmeter.report.processor.FilterConsumer#stopProducing(): nameFilter produced 75 samples
2021-07-22 11:51:12,480 INFO o.a.j.r.p.AbstractSampleConsumer: class org.apache.jmeter.report.processor.FilterConsumer#stopProducing(): dateRangeFilter produced 15 samples
2021-07-22 11:51:12,480 INFO o.a.j.r.p.AbstractSampleConsumer: class org.apache.jmeter.report.processor.NormalizerSampleConsumer#stopProducing(): normalizer produced 5 samples
2021-07-22 11:51:12,480 INFO o.a.j.r.p.CsvFileSampleSource: produce(): 5 samples produced in 112ms on channel 0
2021-07-22 11:51:12,480 INFO o.a.j.r.d.ReportGenerator: Exporting data using exporter:'json' of className:'org.apache.jmeter.report.dashboard.JsonExporter'
2021-07-22 11:51:12,482 INFO o.a.j.r.d.JsonExporter: Found data for consumer statisticsSummary in context
2021-07-22 11:51:12,482 INFO o.a.j.r.d.JsonExporter: Creating statistics for overall
2021-07-22 11:51:12,483 INFO o.a.j.r.d.JsonExporter: Creating statistics for other transactions
2021-07-22 11:51:12,483 INFO o.a.j.r.d.JsonExporter: Checking output folder
2021-07-22 11:51:12,485 INFO o.a.j.r.d.JsonExporter: Writing statistics JSON to C:\xampp\htdocs\performance\L1_iContract_1_CreateAmendmentRepository_2021-07-22_9\statistics.json
2021-07-22 11:51:12,673 INFO o.a.j.r.d.ReportGenerator: Exporting data using exporter:'html' of className:'org.apache.jmeter.report.dashboard.HtmlTemplateExporter'
2021-07-22 11:51:12,676 INFO o.a.j.r.d.HtmlTemplateExporter: Will generate dashboard in folder: C:\xampp\htdocs\performance\L1_iContract_1_CreateAmendmentRepository_2021-07-22_9
2021-07-22 11:51:12,744 INFO o.a.j.r.d.HtmlTemplateExporter: Report will be generated in: C:\xampp\htdocs\performance\L1_iContract_1_CreateAmendmentRepository_2021-07-22_9, creating folder structure
2021-07-22 11:51:12,747 INFO o.a.j.r.d.TemplateVisitor: Copying folder from 'D:\apache-jmeter-5.1\apache-jmeter-5.1\bin\report-template' to 'C:\xampp\htdocs\performance\L1_iContract_1_CreateAmendmentRepository_2021-07-22_9', got message:[C:\xampp\htdocs\performance\L1_iContract_1_CreateAmendmentRepository_2021-07-22_9\statistics.json], found non empty folder with following content {}, will be ignored
2021-07-22 11:51:14,336 INFO o.a.j.JMeter: Dashboard generated
