2021-07-23 12:45:44,903 INFO o.a.j.u.JMeterUtils: Setting Locale to en_EN
2021-07-23 12:45:44,928 INFO o.a.j.JMeter: Loading user properties from: user.properties
2021-07-23 12:45:44,928 INFO o.a.j.JMeter: Loading system properties from: system.properties
2021-07-23 12:45:44,929 INFO o.a.j.JMeter: Setting JMeter property: meter.reportgenerator.report_title=CreationAmendmentsExistingAuthoringContract
2021-07-23 12:45:44,929 INFO o.a.j.JMeter: Setting JMeter property: thread=1
2021-07-23 12:45:44,929 INFO o.a.j.JMeter: Setting JMeter property: rampup=1
2021-07-23 12:45:44,929 INFO o.a.j.JMeter: Setting JMeter property: tenant=RM_ZCS_Users
2021-07-23 12:45:44,934 INFO o.a.j.JMeter: Copyright (c) 1998-2019 The Apache Software Foundation
2021-07-23 12:45:44,934 INFO o.a.j.JMeter: Version 5.1 r1853635
2021-07-23 12:45:44,934 INFO o.a.j.JMeter: java.version=1.8.0_144
2021-07-23 12:45:44,934 INFO o.a.j.JMeter: java.vm.name=Java HotSpot(TM) 64-Bit Server VM
2021-07-23 12:45:44,934 INFO o.a.j.JMeter: os.name=Windows 10
2021-07-23 12:45:44,934 INFO o.a.j.JMeter: os.arch=amd64
2021-07-23 12:45:44,934 INFO o.a.j.JMeter: os.version=10.0
2021-07-23 12:45:44,934 INFO o.a.j.JMeter: file.encoding=Cp1252
2021-07-23 12:45:44,934 INFO o.a.j.JMeter: java.awt.headless=true
2021-07-23 12:45:44,934 INFO o.a.j.JMeter: Max memory     =8589934592
2021-07-23 12:45:44,934 INFO o.a.j.JMeter: Available Processors =4
2021-07-23 12:45:44,937 INFO o.a.j.JMeter: Default Locale=English (EN)
2021-07-23 12:45:44,938 INFO o.a.j.JMeter: JMeter  Locale=English (EN)
2021-07-23 12:45:44,938 INFO o.a.j.JMeter: JMeterHome=D:\apache-jmeter-5.1\apache-jmeter-5.1
2021-07-23 12:45:44,939 INFO o.a.j.JMeter: user.dir  =D:\apache-jmeter-5.1\apache-jmeter-5.1\bin
2021-07-23 12:45:44,939 INFO o.a.j.JMeter: PWD       =D:\apache-jmeter-5.1\apache-jmeter-5.1\bin
2021-07-23 12:45:44,940 INFO o.a.j.JMeter: IP: 192.168.35.159 Name: ZIPLSY1584 FullName: host.docker.internal
2021-07-23 12:45:44,942 INFO o.a.j.JMeter: Setting property 'jmeter.reportgenerator.outputdir' to:'C:\xampp\htdocs\performance\L1_iContract_1_CreationAmendmentsExistingAuthoringContract_2021-07-23_12'
2021-07-23 12:45:44,944 INFO o.a.j.s.FileServer: Default base='D:\apache-jmeter-5.1\apache-jmeter-5.1\bin'
2021-07-23 12:45:44,948 INFO o.a.j.s.FileServer: Set new base='D:\PEAutomation\RM\iContract'
2021-07-23 12:45:45,066 INFO o.a.j.s.SaveService: Testplan (JMX) version: 2.2. Testlog (JTL) version: 2.2
2021-07-23 12:45:45,081 INFO o.a.j.s.SaveService: Using SaveService properties file encoding UTF-8
2021-07-23 12:45:45,086 INFO o.a.j.s.SaveService: Using SaveService properties version 5.0
2021-07-23 12:45:45,092 INFO o.a.j.s.SaveService: Loading file: D:\PEAutomation\RM\iContract\L1_iContract_CreationAmendmentsExistingAuthoringContract.jmx
2021-07-23 12:45:45,143 INFO o.a.j.p.h.c.CookieManager: Settings: Delete null: true Check: true Allow variable: true Save: false Prefix: COOKIE_
2021-07-23 12:45:45,146 INFO o.a.j.p.h.c.CacheManager: Will only cache the following methods: [GET]
2021-07-23 12:45:45,155 INFO o.a.j.p.h.s.HTTPSamplerBase: Parser for text/html is org.apache.jmeter.protocol.http.parser.LagartoBasedHtmlParser
2021-07-23 12:45:45,155 INFO o.a.j.p.h.s.HTTPSamplerBase: Parser for application/xhtml+xml is org.apache.jmeter.protocol.http.parser.LagartoBasedHtmlParser
2021-07-23 12:45:45,155 INFO o.a.j.p.h.s.HTTPSamplerBase: Parser for application/xml is org.apache.jmeter.protocol.http.parser.LagartoBasedHtmlParser
2021-07-23 12:45:45,155 INFO o.a.j.p.h.s.HTTPSamplerBase: Parser for text/xml is org.apache.jmeter.protocol.http.parser.LagartoBasedHtmlParser
2021-07-23 12:45:45,156 INFO o.a.j.p.h.s.HTTPSamplerBase: Parser for text/vnd.wap.wml is org.apache.jmeter.protocol.http.parser.RegexpHTMLParser
2021-07-23 12:45:45,156 INFO o.a.j.p.h.s.HTTPSamplerBase: Parser for text/css is org.apache.jmeter.protocol.http.parser.CssParser
2021-07-23 12:45:45,598 INFO o.a.j.JMeter: Creating summariser <summary>
2021-07-23 12:45:45,615 INFO o.a.j.r.d.ReportGenerator: ReportGenerator will use for Parsing the separator: ','
2021-07-23 12:45:45,616 INFO o.a.j.r.d.ReportGenerator: Will generate report at end of test from  results file: D:\PEAutomation\RM\iContract\JTL\L1_iContract_1_CreationAmendmentsExistingAuthoringContract_2021-07-23_12.jtl
2021-07-23 12:45:45,616 INFO o.a.j.r.d.ReportGenerator: Reading report generator properties from: D:\apache-jmeter-5.1\apache-jmeter-5.1\bin\reportgenerator.properties
2021-07-23 12:45:45,617 INFO o.a.j.r.d.ReportGenerator: Merging with JMeter properties
2021-07-23 12:45:45,623 INFO o.a.j.r.c.ReportGeneratorConfiguration: Property 'jmeter.reportgenerator.temp_dir' not found, using default value 'temp' instead.
2021-07-23 12:45:45,626 INFO o.a.j.r.c.ReportGeneratorConfiguration: Property 'jmeter.reportgenerator.apdex_per_transaction' not found, using default value 'null' instead.
2021-07-23 12:45:45,626 INFO o.a.j.r.c.ReportGeneratorConfiguration: apdex_per_transaction : {} is empty, not APDEX per transaction customization
2021-07-23 12:45:45,626 INFO o.a.j.r.c.ReportGeneratorConfiguration: Property 'jmeter.reportgenerator.sample_filter' not found, using default value 'null' instead.
2021-07-23 12:45:45,626 INFO o.a.j.r.c.ReportGeneratorConfiguration: Property 'jmeter.reportgenerator.report_title' not found, using default value 'null' instead.
2021-07-23 12:45:45,626 INFO o.a.j.r.c.ReportGeneratorConfiguration: Property 'jmeter.reportgenerator.start_date' not found, using default value 'null' instead.
2021-07-23 12:45:45,626 INFO o.a.j.r.c.ReportGeneratorConfiguration: Property 'jmeter.reportgenerator.end_date' not found, using default value 'null' instead.
2021-07-23 12:45:45,627 INFO o.a.j.r.c.ReportGeneratorConfiguration: Property 'jmeter.reportgenerator.date_format' not found, using default value 'null' instead.
2021-07-23 12:45:45,627 INFO o.a.j.r.c.ReportGeneratorConfiguration: Will use date range start date: null, end date: null
2021-07-23 12:45:45,631 INFO o.a.j.r.c.ReportGeneratorConfiguration: Property 'jmeter.reportgenerator.graph.totalTPS.exclude_controllers' not found, using default value 'false' instead.
2021-07-23 12:45:45,631 INFO o.a.j.r.c.ReportGeneratorConfiguration: Property 'jmeter.reportgenerator.graph.activeThreadsOverTime.exclude_controllers' not found, using default value 'false' instead.
2021-07-23 12:45:45,631 INFO o.a.j.r.c.ReportGeneratorConfiguration: Property 'jmeter.reportgenerator.graph.timeVsThreads.exclude_controllers' not found, using default value 'false' instead.
2021-07-23 12:45:45,631 INFO o.a.j.r.c.ReportGeneratorConfiguration: Property 'jmeter.reportgenerator.graph.responseTimeDistribution.exclude_controllers' not found, using default value 'false' instead.
2021-07-23 12:45:45,631 INFO o.a.j.r.c.ReportGeneratorConfiguration: Property 'jmeter.reportgenerator.graph.transactionsPerSecond.exclude_controllers' not found, using default value 'false' instead.
2021-07-23 12:45:45,632 INFO o.a.j.r.c.ReportGeneratorConfiguration: Property 'jmeter.reportgenerator.graph.responseTimePercentiles.exclude_controllers' not found, using default value 'false' instead.
2021-07-23 12:45:45,632 INFO o.a.j.r.c.ReportGeneratorConfiguration: Property 'jmeter.reportgenerator.graph.responseTimePercentilesOverTime.exclude_controllers' not found, using default value 'false' instead.
2021-07-23 12:45:45,632 INFO o.a.j.r.c.ReportGeneratorConfiguration: Property 'jmeter.reportgenerator.graph.responseTimesOverTime.exclude_controllers' not found, using default value 'false' instead.
2021-07-23 12:45:45,632 INFO o.a.j.r.c.ReportGeneratorConfiguration: Property 'jmeter.reportgenerator.graph.connectTimeOverTime.exclude_controllers' not found, using default value 'false' instead.
2021-07-23 12:45:45,632 INFO o.a.j.r.c.ReportGeneratorConfiguration: Property 'jmeter.reportgenerator.graph.latenciesOverTime.exclude_controllers' not found, using default value 'false' instead.
2021-07-23 12:45:45,633 INFO o.a.j.r.c.ReportGeneratorConfiguration: Property 'jmeter.reportgenerator.exporter.json.filters_only_sample_series' not found, using default value 'true' instead.
2021-07-23 12:45:45,634 INFO o.a.j.r.c.ReportGeneratorConfiguration: Property 'jmeter.reportgenerator.exporter.json.series_filter' not found, using default value '' instead.
2021-07-23 12:45:45,634 INFO o.a.j.r.c.ReportGeneratorConfiguration: Property 'jmeter.reportgenerator.exporter.json.show_controllers_only' not found, using default value 'false' instead.
2021-07-23 12:45:45,634 INFO o.a.j.r.c.ReportGeneratorConfiguration: Property 'jmeter.reportgenerator.exporter.html.filters_only_sample_series' not found, using default value 'true' instead.
2021-07-23 12:45:45,634 INFO o.a.j.r.c.ReportGeneratorConfiguration: Property 'jmeter.reportgenerator.exporter.html.series_filter' not found, using default value '' instead.
2021-07-23 12:45:45,634 INFO o.a.j.r.c.ReportGeneratorConfiguration: Property 'jmeter.reportgenerator.exporter.html.show_controllers_only' not found, using default value 'false' instead.
2021-07-23 12:45:45,641 INFO o.a.j.e.StandardJMeterEngine: Running the test!
2021-07-23 12:45:45,643 INFO o.a.j.s.SampleEvent: List of sample_variables: []
2021-07-23 12:45:45,643 INFO o.a.j.s.SampleEvent: List of sample_variables: []
2021-07-23 12:45:45,649 INFO o.a.j.e.u.CompoundVariable: Note: Function class names must contain the string: '.functions.'
2021-07-23 12:45:45,649 INFO o.a.j.e.u.CompoundVariable: Note: Function class names must not contain the string: '.gui.'
2021-07-23 12:45:46,468 INFO o.a.j.JMeter: Running test (1627024546468)
2021-07-23 12:45:46,623 INFO o.a.j.e.StandardJMeterEngine: Starting ThreadGroup: 1 : CreationAmendmentsExistingAuthoringContract
2021-07-23 12:45:46,623 INFO o.a.j.e.StandardJMeterEngine: Starting 1 threads for group CreationAmendmentsExistingAuthoringContract.
2021-07-23 12:45:46,624 INFO o.a.j.e.StandardJMeterEngine: Thread will stop on error
2021-07-23 12:45:46,624 INFO o.a.j.t.ThreadGroup: Starting thread group... number=1 threads=1 ramp-up=1 perThread=1000.0 delayedStart=true
2021-07-23 12:45:46,625 INFO o.a.j.t.ThreadGroup: Started thread group number 1
2021-07-23 12:45:46,625 INFO o.a.j.e.StandardJMeterEngine: All thread groups have been started
2021-07-23 12:45:46,733 INFO o.a.j.s.SampleResult: Note: Sample TimeStamps are START times
2021-07-23 12:45:46,733 INFO o.a.j.s.SampleResult: sampleresult.default.encoding is set to ISO-8859-1
2021-07-23 12:45:46,733 INFO o.a.j.s.SampleResult: sampleresult.useNanoTime=true
2021-07-23 12:45:46,733 INFO o.a.j.s.SampleResult: sampleresult.nanoThreadSleep=5000
2021-07-23 12:45:46,758 INFO o.a.j.t.JMeterThread: Thread started: CreationAmendmentsExistingAuthoringContract 1-1
2021-07-23 12:45:46,764 INFO o.a.j.c.LoopController: iterationStart called on 3# Loop Controller for Suggested Action-Autho with source org.apache.jmeter.control.LoopController@6dcde212 and iteration 1
2021-07-23 12:45:46,764 INFO o.a.j.s.FileServer: Stored: D:/apache-jmeter-5.1/apache-jmeter-5.1/bin/Files/RM_ZCS_Users.csv
2021-07-23 12:45:46,789 INFO o.a.j.p.h.s.HTTPHCAbstractImpl: Local host = ZIPLSY1584
2021-07-23 12:45:46,796 INFO o.a.j.p.h.s.HTTPHC4Impl: HTTP request retry count = 0
2021-07-23 12:45:46,894 INFO o.a.j.p.h.s.h.LazyLayeredConnectionSocketFactory: Setting up HTTPS TrustAll Socket Factory
2021-07-23 12:45:46,901 INFO o.a.j.u.JsseSSLManager: Using default SSL protocol: TLS
2021-07-23 12:45:46,901 INFO o.a.j.u.JsseSSLManager: SSL session context: per-thread
2021-07-23 12:45:47,316 INFO o.a.j.u.SSLManager: JmeterKeyStore Location:  type JKS
2021-07-23 12:45:47,317 INFO o.a.j.u.SSLManager: KeyStore created OK
2021-07-23 12:45:47,317 WARN o.a.j.u.SSLManager: Keystore file not found, loading empty keystore
2021-07-23 12:45:50,778 INFO o.a.j.t.JMeterThread: Stop Thread detected by thread: CreationAmendmentsExistingAuthoringContract 1-1
2021-07-23 12:45:50,779 INFO o.a.j.t.JMeterThread: Thread finished: CreationAmendmentsExistingAuthoringContract 1-1
2021-07-23 12:45:50,780 INFO o.a.j.e.StandardJMeterEngine: Notifying test listeners of end of test
2021-07-23 12:45:50,780 INFO o.a.j.s.FileServer: Close: D:/apache-jmeter-5.1/apache-jmeter-5.1/bin/Files/RM_ZCS_Users.csv
2021-07-23 12:45:50,781 INFO o.a.j.r.Summariser: summary =      4 in 00:00:04 =    0.9/s Avg:   977 Min:   513 Max:  1934 Err:     1 (25.00%)
2021-07-23 12:45:50,782 INFO o.a.j.JMeter: Generating Dashboard
2021-07-23 12:45:50,782 INFO o.a.j.r.d.ReportGenerator: Flushing result collector before report Generation
2021-07-23 12:45:50,793 INFO o.a.j.r.p.NormalizerSampleConsumer: Using format, 'ms', to parse timeStamp field
2021-07-23 12:45:50,843 INFO o.a.j.r.p.AbstractSampleConsumer: class org.apache.jmeter.report.processor.AggregateConsumer#stopProducing(): beginDate produced 0 samples
2021-07-23 12:45:50,843 INFO o.a.j.r.p.AbstractSampleConsumer: class org.apache.jmeter.report.processor.AggregateConsumer#stopProducing(): endDate produced 0 samples
2021-07-23 12:45:50,844 INFO o.a.j.r.p.AbstractSampleConsumer: class org.apache.jmeter.report.processor.ApdexSummaryConsumer#stopProducing(): apdexSummary produced 0 samples
2021-07-23 12:45:50,844 INFO o.a.j.r.p.AbstractSampleConsumer: class org.apache.jmeter.report.processor.RequestsSummaryConsumer#stopProducing(): requestsSummary produced 0 samples
2021-07-23 12:45:50,851 INFO o.a.j.r.p.AbstractSampleConsumer: class org.apache.jmeter.report.processor.StatisticsSummaryConsumer#stopProducing(): statisticsSummary produced 0 samples
2021-07-23 12:45:50,854 INFO o.a.j.r.p.AbstractSampleConsumer: class org.apache.jmeter.report.processor.Top5ErrorsBySamplerConsumer#stopProducing(): top5ErrorsBySampler produced 0 samples
2021-07-23 12:45:50,855 INFO o.a.j.r.p.AbstractSampleConsumer: class org.apache.jmeter.report.processor.ErrorsSummaryConsumer#stopProducing(): errorsSummary produced 0 samples
2021-07-23 12:45:50,855 INFO o.a.j.r.p.AbstractSampleConsumer: class org.apache.jmeter.report.processor.graph.impl.HitsPerSecondGraphConsumer#stopProducing(): hitsPerSecond produced 0 samples
2021-07-23 12:45:50,857 INFO o.a.j.r.p.AbstractSampleConsumer: class org.apache.jmeter.report.processor.graph.impl.LatencyVSRequestGraphConsumer#stopProducing(): latencyVsRequest produced 0 samples
2021-07-23 12:45:50,857 INFO o.a.j.r.p.AbstractSampleConsumer: class org.apache.jmeter.report.processor.graph.impl.SyntheticResponseTimeDistributionGraphConsumer#stopProducing(): syntheticResponseTimeDistribution produced 0 samples
2021-07-23 12:45:50,858 INFO o.a.j.r.p.AbstractSampleConsumer: class org.apache.jmeter.report.processor.graph.impl.BytesThroughputGraphConsumer#stopProducing(): bytesThroughputOverTime produced 0 samples
2021-07-23 12:45:50,858 INFO o.a.j.r.p.AbstractSampleConsumer: class org.apache.jmeter.report.processor.graph.impl.CodesPerSecondGraphConsumer#stopProducing(): codesPerSecond produced 0 samples
2021-07-23 12:45:50,865 INFO o.a.j.r.p.AbstractSampleConsumer: class org.apache.jmeter.report.processor.graph.impl.ResponseTimeVSRequestGraphConsumer#stopProducing(): responseTimeVsRequest produced 0 samples
2021-07-23 12:45:50,865 INFO o.a.j.r.p.AbstractSampleConsumer: class org.apache.jmeter.report.processor.FilterConsumer#stopProducing(): startIntervalControlerFilter produced 28 samples
2021-07-23 12:45:50,865 INFO o.a.j.r.p.AbstractSampleConsumer: class org.apache.jmeter.report.processor.graph.impl.TotalTPSGraphConsumer#stopProducing(): totalTPS produced 0 samples
2021-07-23 12:45:50,865 INFO o.a.j.r.p.AbstractSampleConsumer: class org.apache.jmeter.report.processor.graph.impl.ActiveThreadsGraphConsumer#stopProducing(): activeThreadsOverTime produced 0 samples
2021-07-23 12:45:50,866 INFO o.a.j.r.p.AbstractSampleConsumer: class org.apache.jmeter.report.processor.graph.impl.TimeVSThreadGraphConsumer#stopProducing(): timeVsThreads produced 0 samples
2021-07-23 12:45:50,866 INFO o.a.j.r.p.AbstractSampleConsumer: class org.apache.jmeter.report.processor.graph.impl.ResponseTimeDistributionGraphConsumer#stopProducing(): responseTimeDistribution produced 0 samples
2021-07-23 12:45:50,866 INFO o.a.j.r.p.AbstractSampleConsumer: class org.apache.jmeter.report.processor.graph.impl.TransactionsPerSecondGraphConsumer#stopProducing(): transactionsPerSecond produced 0 samples
2021-07-23 12:45:50,866 INFO o.a.j.r.p.AbstractSampleConsumer: class org.apache.jmeter.report.processor.graph.impl.ResponseTimePercentilesGraphConsumer#stopProducing(): responseTimePercentiles produced 0 samples
2021-07-23 12:45:50,867 INFO o.a.j.r.p.AbstractSampleConsumer: class org.apache.jmeter.report.processor.graph.impl.ResponseTimePercentilesOverTimeGraphConsumer#stopProducing(): responseTimePercentilesOverTime produced 0 samples
2021-07-23 12:45:50,868 INFO o.a.j.r.p.AbstractSampleConsumer: class org.apache.jmeter.report.processor.graph.impl.ResponseTimeOverTimeGraphConsumer#stopProducing(): responseTimesOverTime produced 0 samples
2021-07-23 12:45:50,868 INFO o.a.j.r.p.AbstractSampleConsumer: class org.apache.jmeter.report.processor.graph.impl.ConnectTimeOverTimeGraphConsumer#stopProducing(): connectTimeOverTime produced 0 samples
2021-07-23 12:45:50,868 INFO o.a.j.r.p.AbstractSampleConsumer: class org.apache.jmeter.report.processor.graph.impl.LatencyOverTimeGraphConsumer#stopProducing(): latenciesOverTime produced 0 samples
2021-07-23 12:45:50,868 INFO o.a.j.r.p.AbstractSampleConsumer: class org.apache.jmeter.report.processor.FilterConsumer#stopProducing(): nameFilter produced 75 samples
2021-07-23 12:45:50,868 INFO o.a.j.r.p.AbstractSampleConsumer: class org.apache.jmeter.report.processor.FilterConsumer#stopProducing(): dateRangeFilter produced 15 samples
2021-07-23 12:45:50,868 INFO o.a.j.r.p.AbstractSampleConsumer: class org.apache.jmeter.report.processor.NormalizerSampleConsumer#stopProducing(): normalizer produced 5 samples
2021-07-23 12:45:50,869 INFO o.a.j.r.p.CsvFileSampleSource: produce(): 5 samples produced in 57ms on channel 0
2021-07-23 12:45:50,869 INFO o.a.j.r.d.ReportGenerator: Exporting data using exporter:'json' of className:'org.apache.jmeter.report.dashboard.JsonExporter'
2021-07-23 12:45:50,870 INFO o.a.j.r.d.JsonExporter: Found data for consumer statisticsSummary in context
2021-07-23 12:45:50,870 INFO o.a.j.r.d.JsonExporter: Creating statistics for overall
2021-07-23 12:45:50,871 INFO o.a.j.r.d.JsonExporter: Creating statistics for other transactions
2021-07-23 12:45:50,871 INFO o.a.j.r.d.JsonExporter: Checking output folder
2021-07-23 12:45:50,873 INFO o.a.j.r.d.JsonExporter: Writing statistics JSON to C:\xampp\htdocs\performance\L1_iContract_1_CreationAmendmentsExistingAuthoringContract_2021-07-23_12\statistics.json
2021-07-23 12:45:51,019 INFO o.a.j.r.d.ReportGenerator: Exporting data using exporter:'html' of className:'org.apache.jmeter.report.dashboard.HtmlTemplateExporter'
2021-07-23 12:45:51,023 INFO o.a.j.r.d.HtmlTemplateExporter: Will generate dashboard in folder: C:\xampp\htdocs\performance\L1_iContract_1_CreationAmendmentsExistingAuthoringContract_2021-07-23_12
2021-07-23 12:45:51,096 INFO o.a.j.r.d.HtmlTemplateExporter: Report will be generated in: C:\xampp\htdocs\performance\L1_iContract_1_CreationAmendmentsExistingAuthoringContract_2021-07-23_12, creating folder structure
2021-07-23 12:45:51,100 INFO o.a.j.r.d.TemplateVisitor: Copying folder from 'D:\apache-jmeter-5.1\apache-jmeter-5.1\bin\report-template' to 'C:\xampp\htdocs\performance\L1_iContract_1_CreationAmendmentsExistingAuthoringContract_2021-07-23_12', got message:[C:\xampp\htdocs\performance\L1_iContract_1_CreationAmendmentsExistingAuthoringContract_2021-07-23_12\statistics.json], found non empty folder with following content {}, will be ignored
2021-07-23 12:45:52,795 INFO o.a.j.JMeter: Dashboard generated
