2021-07-23 12:39:01,855 INFO o.a.j.u.JMeterUtils: Setting Locale to en_EN
2021-07-23 12:39:01,877 INFO o.a.j.JMeter: Loading user properties from: user.properties
2021-07-23 12:39:01,878 INFO o.a.j.JMeter: Loading system properties from: system.properties
2021-07-23 12:39:01,878 INFO o.a.j.JMeter: Setting JMeter property: meter.reportgenerator.report_title=ReviewCheckoutCheckinParallelReview
2021-07-23 12:39:01,878 INFO o.a.j.JMeter: Setting JMeter property: thread=1
2021-07-23 12:39:01,878 INFO o.a.j.JMeter: Setting JMeter property: rampup=1
2021-07-23 12:39:01,879 INFO o.a.j.JMeter: Setting JMeter property: tenant=RM_ZCS_Users
2021-07-23 12:39:01,884 INFO o.a.j.JMeter: Copyright (c) 1998-2019 The Apache Software Foundation
2021-07-23 12:39:01,884 INFO o.a.j.JMeter: Version 5.1 r1853635
2021-07-23 12:39:01,884 INFO o.a.j.JMeter: java.version=1.8.0_144
2021-07-23 12:39:01,884 INFO o.a.j.JMeter: java.vm.name=Java HotSpot(TM) 64-Bit Server VM
2021-07-23 12:39:01,884 INFO o.a.j.JMeter: os.name=Windows 10
2021-07-23 12:39:01,884 INFO o.a.j.JMeter: os.arch=amd64
2021-07-23 12:39:01,884 INFO o.a.j.JMeter: os.version=10.0
2021-07-23 12:39:01,884 INFO o.a.j.JMeter: file.encoding=Cp1252
2021-07-23 12:39:01,884 INFO o.a.j.JMeter: java.awt.headless=true
2021-07-23 12:39:01,884 INFO o.a.j.JMeter: Max memory     =8589934592
2021-07-23 12:39:01,884 INFO o.a.j.JMeter: Available Processors =4
2021-07-23 12:39:01,887 INFO o.a.j.JMeter: Default Locale=English (EN)
2021-07-23 12:39:01,888 INFO o.a.j.JMeter: JMeter  Locale=English (EN)
2021-07-23 12:39:01,888 INFO o.a.j.JMeter: JMeterHome=D:\apache-jmeter-5.1\apache-jmeter-5.1
2021-07-23 12:39:01,888 INFO o.a.j.JMeter: user.dir  =D:\apache-jmeter-5.1\apache-jmeter-5.1\bin
2021-07-23 12:39:01,888 INFO o.a.j.JMeter: PWD       =D:\apache-jmeter-5.1\apache-jmeter-5.1\bin
2021-07-23 12:39:01,890 INFO o.a.j.JMeter: IP: 192.168.35.159 Name: ZIPLSY1584 FullName: host.docker.internal
2021-07-23 12:39:01,892 INFO o.a.j.JMeter: Setting property 'jmeter.reportgenerator.outputdir' to:'C:\xampp\htdocs\performance\L1_iContract_1_ReviewCheckoutCheckinParallelReview_2021-07-23_12'
2021-07-23 12:39:01,894 INFO o.a.j.s.FileServer: Default base='D:\apache-jmeter-5.1\apache-jmeter-5.1\bin'
2021-07-23 12:39:01,897 INFO o.a.j.s.FileServer: Set new base='D:\PEAutomation\RM\iContract'
2021-07-23 12:39:02,041 INFO o.a.j.s.SaveService: Testplan (JMX) version: 2.2. Testlog (JTL) version: 2.2
2021-07-23 12:39:02,065 INFO o.a.j.s.SaveService: Using SaveService properties file encoding UTF-8
2021-07-23 12:39:02,072 INFO o.a.j.s.SaveService: Using SaveService properties version 5.0
2021-07-23 12:39:02,081 INFO o.a.j.s.SaveService: Loading file: D:\PEAutomation\RM\iContract\L1_iContract_ReviewCheckoutCheckinParallelReview.jmx
2021-07-23 12:39:02,155 INFO o.a.j.p.h.c.CookieManager: Settings: Delete null: true Check: true Allow variable: true Save: false Prefix: COOKIE_
2021-07-23 12:39:02,159 INFO o.a.j.p.h.c.CacheManager: Will only cache the following methods: [GET]
2021-07-23 12:39:02,171 INFO o.a.j.p.h.s.HTTPSamplerBase: Parser for text/html is org.apache.jmeter.protocol.http.parser.LagartoBasedHtmlParser
2021-07-23 12:39:02,171 INFO o.a.j.p.h.s.HTTPSamplerBase: Parser for application/xhtml+xml is org.apache.jmeter.protocol.http.parser.LagartoBasedHtmlParser
2021-07-23 12:39:02,171 INFO o.a.j.p.h.s.HTTPSamplerBase: Parser for application/xml is org.apache.jmeter.protocol.http.parser.LagartoBasedHtmlParser
2021-07-23 12:39:02,171 INFO o.a.j.p.h.s.HTTPSamplerBase: Parser for text/xml is org.apache.jmeter.protocol.http.parser.LagartoBasedHtmlParser
2021-07-23 12:39:02,172 INFO o.a.j.p.h.s.HTTPSamplerBase: Parser for text/vnd.wap.wml is org.apache.jmeter.protocol.http.parser.RegexpHTMLParser
2021-07-23 12:39:02,172 INFO o.a.j.p.h.s.HTTPSamplerBase: Parser for text/css is org.apache.jmeter.protocol.http.parser.CssParser
2021-07-23 12:39:02,709 INFO o.a.j.JMeter: Creating summariser <summary>
2021-07-23 12:39:02,715 INFO o.a.j.r.d.ReportGenerator: ReportGenerator will use for Parsing the separator: ','
2021-07-23 12:39:02,715 INFO o.a.j.r.d.ReportGenerator: Will generate report at end of test from  results file: D:\PEAutomation\RM\iContract\JTL\L1_iContract_1_ReviewCheckoutCheckinParallelReview_2021-07-23_12.jtl
2021-07-23 12:39:02,715 INFO o.a.j.r.d.ReportGenerator: Reading report generator properties from: D:\apache-jmeter-5.1\apache-jmeter-5.1\bin\reportgenerator.properties
2021-07-23 12:39:02,717 INFO o.a.j.r.d.ReportGenerator: Merging with JMeter properties
2021-07-23 12:39:02,722 INFO o.a.j.r.c.ReportGeneratorConfiguration: Property 'jmeter.reportgenerator.temp_dir' not found, using default value 'temp' instead.
2021-07-23 12:39:02,725 INFO o.a.j.r.c.ReportGeneratorConfiguration: Property 'jmeter.reportgenerator.apdex_per_transaction' not found, using default value 'null' instead.
2021-07-23 12:39:02,725 INFO o.a.j.r.c.ReportGeneratorConfiguration: apdex_per_transaction : {} is empty, not APDEX per transaction customization
2021-07-23 12:39:02,725 INFO o.a.j.r.c.ReportGeneratorConfiguration: Property 'jmeter.reportgenerator.sample_filter' not found, using default value 'null' instead.
2021-07-23 12:39:02,725 INFO o.a.j.r.c.ReportGeneratorConfiguration: Property 'jmeter.reportgenerator.report_title' not found, using default value 'null' instead.
2021-07-23 12:39:02,725 INFO o.a.j.r.c.ReportGeneratorConfiguration: Property 'jmeter.reportgenerator.start_date' not found, using default value 'null' instead.
2021-07-23 12:39:02,725 INFO o.a.j.r.c.ReportGeneratorConfiguration: Property 'jmeter.reportgenerator.end_date' not found, using default value 'null' instead.
2021-07-23 12:39:02,725 INFO o.a.j.r.c.ReportGeneratorConfiguration: Property 'jmeter.reportgenerator.date_format' not found, using default value 'null' instead.
2021-07-23 12:39:02,725 INFO o.a.j.r.c.ReportGeneratorConfiguration: Will use date range start date: null, end date: null
2021-07-23 12:39:02,730 INFO o.a.j.r.c.ReportGeneratorConfiguration: Property 'jmeter.reportgenerator.graph.totalTPS.exclude_controllers' not found, using default value 'false' instead.
2021-07-23 12:39:02,730 INFO o.a.j.r.c.ReportGeneratorConfiguration: Property 'jmeter.reportgenerator.graph.activeThreadsOverTime.exclude_controllers' not found, using default value 'false' instead.
2021-07-23 12:39:02,730 INFO o.a.j.r.c.ReportGeneratorConfiguration: Property 'jmeter.reportgenerator.graph.timeVsThreads.exclude_controllers' not found, using default value 'false' instead.
2021-07-23 12:39:02,730 INFO o.a.j.r.c.ReportGeneratorConfiguration: Property 'jmeter.reportgenerator.graph.responseTimeDistribution.exclude_controllers' not found, using default value 'false' instead.
2021-07-23 12:39:02,730 INFO o.a.j.r.c.ReportGeneratorConfiguration: Property 'jmeter.reportgenerator.graph.transactionsPerSecond.exclude_controllers' not found, using default value 'false' instead.
2021-07-23 12:39:02,730 INFO o.a.j.r.c.ReportGeneratorConfiguration: Property 'jmeter.reportgenerator.graph.responseTimePercentiles.exclude_controllers' not found, using default value 'false' instead.
2021-07-23 12:39:02,731 INFO o.a.j.r.c.ReportGeneratorConfiguration: Property 'jmeter.reportgenerator.graph.responseTimePercentilesOverTime.exclude_controllers' not found, using default value 'false' instead.
2021-07-23 12:39:02,731 INFO o.a.j.r.c.ReportGeneratorConfiguration: Property 'jmeter.reportgenerator.graph.responseTimesOverTime.exclude_controllers' not found, using default value 'false' instead.
2021-07-23 12:39:02,731 INFO o.a.j.r.c.ReportGeneratorConfiguration: Property 'jmeter.reportgenerator.graph.connectTimeOverTime.exclude_controllers' not found, using default value 'false' instead.
2021-07-23 12:39:02,731 INFO o.a.j.r.c.ReportGeneratorConfiguration: Property 'jmeter.reportgenerator.graph.latenciesOverTime.exclude_controllers' not found, using default value 'false' instead.
2021-07-23 12:39:02,732 INFO o.a.j.r.c.ReportGeneratorConfiguration: Property 'jmeter.reportgenerator.exporter.json.filters_only_sample_series' not found, using default value 'true' instead.
2021-07-23 12:39:02,733 INFO o.a.j.r.c.ReportGeneratorConfiguration: Property 'jmeter.reportgenerator.exporter.json.series_filter' not found, using default value '' instead.
2021-07-23 12:39:02,733 INFO o.a.j.r.c.ReportGeneratorConfiguration: Property 'jmeter.reportgenerator.exporter.json.show_controllers_only' not found, using default value 'false' instead.
2021-07-23 12:39:02,733 INFO o.a.j.r.c.ReportGeneratorConfiguration: Property 'jmeter.reportgenerator.exporter.html.filters_only_sample_series' not found, using default value 'true' instead.
2021-07-23 12:39:02,733 INFO o.a.j.r.c.ReportGeneratorConfiguration: Property 'jmeter.reportgenerator.exporter.html.series_filter' not found, using default value '' instead.
2021-07-23 12:39:02,733 INFO o.a.j.r.c.ReportGeneratorConfiguration: Property 'jmeter.reportgenerator.exporter.html.show_controllers_only' not found, using default value 'false' instead.
2021-07-23 12:39:02,737 INFO o.a.j.e.StandardJMeterEngine: Running the test!
2021-07-23 12:39:02,738 INFO o.a.j.s.SampleEvent: List of sample_variables: []
2021-07-23 12:39:02,738 INFO o.a.j.s.SampleEvent: List of sample_variables: []
2021-07-23 12:39:02,745 INFO o.a.j.e.u.CompoundVariable: Note: Function class names must contain the string: '.functions.'
2021-07-23 12:39:02,745 INFO o.a.j.e.u.CompoundVariable: Note: Function class names must not contain the string: '.gui.'
2021-07-23 12:39:03,137 INFO o.a.j.JMeter: Running test (1627024143136)
2021-07-23 12:39:03,204 INFO o.a.j.e.StandardJMeterEngine: Starting ThreadGroup: 1 : ReviewCheckoutCheckinParallel Review
2021-07-23 12:39:03,205 INFO o.a.j.e.StandardJMeterEngine: Starting 1 threads for group ReviewCheckoutCheckinParallel Review.
2021-07-23 12:39:03,205 INFO o.a.j.e.StandardJMeterEngine: Thread will stop on error
2021-07-23 12:39:03,205 INFO o.a.j.t.ThreadGroup: Starting thread group... number=1 threads=1 ramp-up=1 perThread=1000.0 delayedStart=true
2021-07-23 12:39:03,206 INFO o.a.j.t.ThreadGroup: Started thread group number 1
2021-07-23 12:39:03,206 INFO o.a.j.e.StandardJMeterEngine: All thread groups have been started
2021-07-23 12:39:03,258 INFO o.a.j.s.SampleResult: Note: Sample TimeStamps are START times
2021-07-23 12:39:03,259 INFO o.a.j.s.SampleResult: sampleresult.default.encoding is set to ISO-8859-1
2021-07-23 12:39:03,259 INFO o.a.j.s.SampleResult: sampleresult.useNanoTime=true
2021-07-23 12:39:03,259 INFO o.a.j.s.SampleResult: sampleresult.nanoThreadSleep=5000
2021-07-23 12:39:03,268 INFO o.a.j.t.JMeterThread: Thread started: ReviewCheckoutCheckinParallel Review 1-1
2021-07-23 12:39:03,269 INFO o.a.j.c.LoopController: iterationStart called on 3# Loop Controller for Suggested Action-Autho with source org.apache.jmeter.control.LoopController@44e73ef1 and iteration 1
2021-07-23 12:39:03,270 INFO o.a.j.s.FileServer: Stored: D:/apache-jmeter-5.1/apache-jmeter-5.1/bin/Files/RM_ZCS_Users.csv
2021-07-23 12:39:03,283 INFO o.a.j.p.h.s.HTTPHCAbstractImpl: Local host = ZIPLSY1584
2021-07-23 12:39:03,289 INFO o.a.j.p.h.s.HTTPHC4Impl: HTTP request retry count = 0
2021-07-23 12:39:03,362 INFO o.a.j.p.h.s.h.LazyLayeredConnectionSocketFactory: Setting up HTTPS TrustAll Socket Factory
2021-07-23 12:39:03,368 INFO o.a.j.u.JsseSSLManager: Using default SSL protocol: TLS
2021-07-23 12:39:03,368 INFO o.a.j.u.JsseSSLManager: SSL session context: per-thread
2021-07-23 12:39:03,786 INFO o.a.j.u.SSLManager: JmeterKeyStore Location:  type JKS
2021-07-23 12:39:03,788 INFO o.a.j.u.SSLManager: KeyStore created OK
2021-07-23 12:39:03,788 WARN o.a.j.u.SSLManager: Keystore file not found, loading empty keystore
2021-07-23 12:39:04,665 INFO o.a.j.r.Summariser: summary +      1 in 00:00:02 =    0.7/s Avg:  1319 Min:  1319 Max:  1319 Err:     0 (0.00%) Active: 1 Started: 1 Finished: 0
2021-07-23 12:39:05,433 INFO o.a.j.t.JMeterThread: Stop Thread detected by thread: ReviewCheckoutCheckinParallel Review 1-1
2021-07-23 12:39:05,433 INFO o.a.j.t.JMeterThread: Thread finished: ReviewCheckoutCheckinParallel Review 1-1
2021-07-23 12:39:05,435 INFO o.a.j.e.StandardJMeterEngine: Notifying test listeners of end of test
2021-07-23 12:39:05,436 INFO o.a.j.s.FileServer: Close: D:/apache-jmeter-5.1/apache-jmeter-5.1/bin/Files/RM_ZCS_Users.csv
2021-07-23 12:39:05,436 INFO o.a.j.r.Summariser: summary +      3 in 00:00:01 =    3.9/s Avg:   253 Min:   209 Max:   305 Err:     1 (33.33%) Active: 0 Started: 1 Finished: 1
2021-07-23 12:39:05,437 INFO o.a.j.r.Summariser: summary =      4 in 00:00:02 =    1.7/s Avg:   519 Min:   209 Max:  1319 Err:     1 (25.00%)
2021-07-23 12:39:05,440 INFO o.a.j.JMeter: Generating Dashboard
2021-07-23 12:39:05,440 INFO o.a.j.r.d.ReportGenerator: Flushing result collector before report Generation
2021-07-23 12:39:05,466 INFO o.a.j.r.p.NormalizerSampleConsumer: Using format, 'ms', to parse timeStamp field
2021-07-23 12:39:05,525 INFO o.a.j.r.p.AbstractSampleConsumer: class org.apache.jmeter.report.processor.AggregateConsumer#stopProducing(): beginDate produced 0 samples
2021-07-23 12:39:05,525 INFO o.a.j.r.p.AbstractSampleConsumer: class org.apache.jmeter.report.processor.AggregateConsumer#stopProducing(): endDate produced 0 samples
2021-07-23 12:39:05,528 INFO o.a.j.r.p.AbstractSampleConsumer: class org.apache.jmeter.report.processor.ApdexSummaryConsumer#stopProducing(): apdexSummary produced 0 samples
2021-07-23 12:39:05,528 INFO o.a.j.r.p.AbstractSampleConsumer: class org.apache.jmeter.report.processor.RequestsSummaryConsumer#stopProducing(): requestsSummary produced 0 samples
2021-07-23 12:39:05,536 INFO o.a.j.r.p.AbstractSampleConsumer: class org.apache.jmeter.report.processor.StatisticsSummaryConsumer#stopProducing(): statisticsSummary produced 0 samples
2021-07-23 12:39:05,542 INFO o.a.j.r.p.AbstractSampleConsumer: class org.apache.jmeter.report.processor.Top5ErrorsBySamplerConsumer#stopProducing(): top5ErrorsBySampler produced 0 samples
2021-07-23 12:39:05,542 INFO o.a.j.r.p.AbstractSampleConsumer: class org.apache.jmeter.report.processor.ErrorsSummaryConsumer#stopProducing(): errorsSummary produced 0 samples
2021-07-23 12:39:05,542 INFO o.a.j.r.p.AbstractSampleConsumer: class org.apache.jmeter.report.processor.graph.impl.HitsPerSecondGraphConsumer#stopProducing(): hitsPerSecond produced 0 samples
2021-07-23 12:39:05,545 INFO o.a.j.r.p.AbstractSampleConsumer: class org.apache.jmeter.report.processor.graph.impl.LatencyVSRequestGraphConsumer#stopProducing(): latencyVsRequest produced 0 samples
2021-07-23 12:39:05,546 INFO o.a.j.r.p.AbstractSampleConsumer: class org.apache.jmeter.report.processor.graph.impl.SyntheticResponseTimeDistributionGraphConsumer#stopProducing(): syntheticResponseTimeDistribution produced 0 samples
2021-07-23 12:39:05,546 INFO o.a.j.r.p.AbstractSampleConsumer: class org.apache.jmeter.report.processor.graph.impl.BytesThroughputGraphConsumer#stopProducing(): bytesThroughputOverTime produced 0 samples
2021-07-23 12:39:05,546 INFO o.a.j.r.p.AbstractSampleConsumer: class org.apache.jmeter.report.processor.graph.impl.CodesPerSecondGraphConsumer#stopProducing(): codesPerSecond produced 0 samples
2021-07-23 12:39:05,553 INFO o.a.j.r.p.AbstractSampleConsumer: class org.apache.jmeter.report.processor.graph.impl.ResponseTimeVSRequestGraphConsumer#stopProducing(): responseTimeVsRequest produced 0 samples
2021-07-23 12:39:05,554 INFO o.a.j.r.p.AbstractSampleConsumer: class org.apache.jmeter.report.processor.FilterConsumer#stopProducing(): startIntervalControlerFilter produced 28 samples
2021-07-23 12:39:05,554 INFO o.a.j.r.p.AbstractSampleConsumer: class org.apache.jmeter.report.processor.graph.impl.TotalTPSGraphConsumer#stopProducing(): totalTPS produced 0 samples
2021-07-23 12:39:05,554 INFO o.a.j.r.p.AbstractSampleConsumer: class org.apache.jmeter.report.processor.graph.impl.ActiveThreadsGraphConsumer#stopProducing(): activeThreadsOverTime produced 0 samples
2021-07-23 12:39:05,554 INFO o.a.j.r.p.AbstractSampleConsumer: class org.apache.jmeter.report.processor.graph.impl.TimeVSThreadGraphConsumer#stopProducing(): timeVsThreads produced 0 samples
2021-07-23 12:39:05,554 INFO o.a.j.r.p.AbstractSampleConsumer: class org.apache.jmeter.report.processor.graph.impl.ResponseTimeDistributionGraphConsumer#stopProducing(): responseTimeDistribution produced 0 samples
2021-07-23 12:39:05,555 INFO o.a.j.r.p.AbstractSampleConsumer: class org.apache.jmeter.report.processor.graph.impl.TransactionsPerSecondGraphConsumer#stopProducing(): transactionsPerSecond produced 0 samples
2021-07-23 12:39:05,555 INFO o.a.j.r.p.AbstractSampleConsumer: class org.apache.jmeter.report.processor.graph.impl.ResponseTimePercentilesGraphConsumer#stopProducing(): responseTimePercentiles produced 0 samples
2021-07-23 12:39:05,558 INFO o.a.j.r.p.AbstractSampleConsumer: class org.apache.jmeter.report.processor.graph.impl.ResponseTimePercentilesOverTimeGraphConsumer#stopProducing(): responseTimePercentilesOverTime produced 0 samples
2021-07-23 12:39:05,559 INFO o.a.j.r.p.AbstractSampleConsumer: class org.apache.jmeter.report.processor.graph.impl.ResponseTimeOverTimeGraphConsumer#stopProducing(): responseTimesOverTime produced 0 samples
2021-07-23 12:39:05,561 INFO o.a.j.r.p.AbstractSampleConsumer: class org.apache.jmeter.report.processor.graph.impl.ConnectTimeOverTimeGraphConsumer#stopProducing(): connectTimeOverTime produced 0 samples
2021-07-23 12:39:05,561 INFO o.a.j.r.p.AbstractSampleConsumer: class org.apache.jmeter.report.processor.graph.impl.LatencyOverTimeGraphConsumer#stopProducing(): latenciesOverTime produced 0 samples
2021-07-23 12:39:05,561 INFO o.a.j.r.p.AbstractSampleConsumer: class org.apache.jmeter.report.processor.FilterConsumer#stopProducing(): nameFilter produced 75 samples
2021-07-23 12:39:05,561 INFO o.a.j.r.p.AbstractSampleConsumer: class org.apache.jmeter.report.processor.FilterConsumer#stopProducing(): dateRangeFilter produced 15 samples
2021-07-23 12:39:05,561 INFO o.a.j.r.p.AbstractSampleConsumer: class org.apache.jmeter.report.processor.NormalizerSampleConsumer#stopProducing(): normalizer produced 5 samples
2021-07-23 12:39:05,562 INFO o.a.j.r.p.CsvFileSampleSource: produce(): 5 samples produced in 73ms on channel 0
2021-07-23 12:39:05,562 INFO o.a.j.r.d.ReportGenerator: Exporting data using exporter:'json' of className:'org.apache.jmeter.report.dashboard.JsonExporter'
2021-07-23 12:39:05,564 INFO o.a.j.r.d.JsonExporter: Found data for consumer statisticsSummary in context
2021-07-23 12:39:05,564 INFO o.a.j.r.d.JsonExporter: Creating statistics for overall
2021-07-23 12:39:05,565 INFO o.a.j.r.d.JsonExporter: Creating statistics for other transactions
2021-07-23 12:39:05,565 INFO o.a.j.r.d.JsonExporter: Checking output folder
2021-07-23 12:39:05,567 INFO o.a.j.r.d.JsonExporter: Writing statistics JSON to C:\xampp\htdocs\performance\L1_iContract_1_ReviewCheckoutCheckinParallelReview_2021-07-23_12\statistics.json
2021-07-23 12:39:05,764 INFO o.a.j.r.d.ReportGenerator: Exporting data using exporter:'html' of className:'org.apache.jmeter.report.dashboard.HtmlTemplateExporter'
2021-07-23 12:39:05,768 INFO o.a.j.r.d.HtmlTemplateExporter: Will generate dashboard in folder: C:\xampp\htdocs\performance\L1_iContract_1_ReviewCheckoutCheckinParallelReview_2021-07-23_12
2021-07-23 12:39:05,844 INFO o.a.j.r.d.HtmlTemplateExporter: Report will be generated in: C:\xampp\htdocs\performance\L1_iContract_1_ReviewCheckoutCheckinParallelReview_2021-07-23_12, creating folder structure
2021-07-23 12:39:05,847 INFO o.a.j.r.d.TemplateVisitor: Copying folder from 'D:\apache-jmeter-5.1\apache-jmeter-5.1\bin\report-template' to 'C:\xampp\htdocs\performance\L1_iContract_1_ReviewCheckoutCheckinParallelReview_2021-07-23_12', got message:[C:\xampp\htdocs\performance\L1_iContract_1_ReviewCheckoutCheckinParallelReview_2021-07-23_12\statistics.json], found non empty folder with following content {}, will be ignored
2021-07-23 12:39:07,553 INFO o.a.j.JMeter: Dashboard generated
