2021-07-01 15:46:47,169 INFO o.a.j.u.JMeterUtils: Setting Locale to en_EN
2021-07-01 15:46:47,179 INFO o.a.j.JMeter: Loading user properties from: user.properties
2021-07-01 15:46:47,180 INFO o.a.j.JMeter: Loading system properties from: system.properties
2021-07-01 15:46:47,180 INFO o.a.j.JMeter: Setting JMeter property: meter.reportgenerator.report_title=RaceConditionAuction
2021-07-01 15:46:47,180 INFO o.a.j.JMeter: Setting JMeter property: thread=50
2021-07-01 15:46:47,180 INFO o.a.j.JMeter: Setting JMeter property: rampup=500
2021-07-01 15:46:47,184 INFO o.a.j.JMeter: Copyright (c) 1998-2019 The Apache Software Foundation
2021-07-01 15:46:47,187 INFO o.a.j.JMeter: Version 5.1 r1853635
2021-07-01 15:46:47,187 INFO o.a.j.JMeter: java.version=1.8.0_121
2021-07-01 15:46:47,187 INFO o.a.j.JMeter: java.vm.name=Java HotSpot(TM) 64-Bit Server VM
2021-07-01 15:46:47,187 INFO o.a.j.JMeter: os.name=Windows 10
2021-07-01 15:46:47,187 INFO o.a.j.JMeter: os.arch=amd64
2021-07-01 15:46:47,187 INFO o.a.j.JMeter: os.version=10.0
2021-07-01 15:46:47,187 INFO o.a.j.JMeter: file.encoding=Cp1252
2021-07-01 15:46:47,187 INFO o.a.j.JMeter: java.awt.headless=true
2021-07-01 15:46:47,187 INFO o.a.j.JMeter: Max memory     =8589934592
2021-07-01 15:46:47,187 INFO o.a.j.JMeter: Available Processors =6
2021-07-01 15:46:47,190 INFO o.a.j.JMeter: Default Locale=English (EN)
2021-07-01 15:46:47,190 INFO o.a.j.JMeter: JMeter  Locale=English (EN)
2021-07-01 15:46:47,190 INFO o.a.j.JMeter: JMeterHome=D:\apache-jmeter-5.1\apache-jmeter-5.1
2021-07-01 15:46:47,190 INFO o.a.j.JMeter: user.dir  =D:\apache-jmeter-5.1\apache-jmeter-5.1\bin
2021-07-01 15:46:47,190 INFO o.a.j.JMeter: PWD       =D:\apache-jmeter-5.1\apache-jmeter-5.1\bin
2021-07-01 15:46:47,192 INFO o.a.j.JMeter: IP: 172.30.225.123 Name: ZIPLSY2278 FullName: ZIPLSY2278.zycus.net
2021-07-01 15:46:47,193 INFO o.a.j.JMeter: Setting property 'jmeter.reportgenerator.outputdir' to:'C:\xampp\htdocs\PerformancePostgres\L0_iSource_50_RaceConditionAuction_2021-07-01_25'
2021-07-01 15:46:47,195 INFO o.a.j.s.FileServer: Default base='D:\apache-jmeter-5.1\apache-jmeter-5.1\bin'
2021-07-01 15:46:47,198 INFO o.a.j.s.FileServer: Set new base='D:\PostrgresMigration\iSource'
2021-07-01 15:46:47,297 INFO o.a.j.s.SaveService: Testplan (JMX) version: 2.2. Testlog (JTL) version: 2.2
2021-07-01 15:46:47,308 INFO o.a.j.s.SaveService: Using SaveService properties file encoding UTF-8
2021-07-01 15:46:47,312 INFO o.a.j.s.SaveService: Using SaveService properties version 5.0
2021-07-01 15:46:47,317 INFO o.a.j.s.SaveService: Loading file: D:\PostrgresMigration\iSource\iSource_RaceConditionAuction.jmx
2021-07-01 15:46:47,392 INFO o.a.j.p.h.c.CookieManager: Settings: Delete null: true Check: true Allow variable: true Save: false Prefix: COOKIE_
2021-07-01 15:46:47,401 INFO o.a.j.p.h.c.CacheManager: Will only cache the following methods: [GET]
2021-07-01 15:46:47,413 INFO o.a.j.p.h.s.HTTPSamplerBase: Parser for text/html is org.apache.jmeter.protocol.http.parser.LagartoBasedHtmlParser
2021-07-01 15:46:47,413 INFO o.a.j.p.h.s.HTTPSamplerBase: Parser for application/xhtml+xml is org.apache.jmeter.protocol.http.parser.LagartoBasedHtmlParser
2021-07-01 15:46:47,413 INFO o.a.j.p.h.s.HTTPSamplerBase: Parser for application/xml is org.apache.jmeter.protocol.http.parser.LagartoBasedHtmlParser
2021-07-01 15:46:47,413 INFO o.a.j.p.h.s.HTTPSamplerBase: Parser for text/xml is org.apache.jmeter.protocol.http.parser.LagartoBasedHtmlParser
2021-07-01 15:46:47,414 INFO o.a.j.p.h.s.HTTPSamplerBase: Parser for text/vnd.wap.wml is org.apache.jmeter.protocol.http.parser.RegexpHTMLParser
2021-07-01 15:46:47,414 INFO o.a.j.p.h.s.HTTPSamplerBase: Parser for text/css is org.apache.jmeter.protocol.http.parser.CssParser
2021-07-01 15:46:47,623 INFO o.a.j.JMeter: Creating summariser <summary>
2021-07-01 15:46:47,627 INFO o.a.j.r.d.ReportGenerator: ReportGenerator will use for Parsing the separator: ','
2021-07-01 15:46:47,628 INFO o.a.j.r.d.ReportGenerator: Will generate report at end of test from  results file: D:\PostrgresMigration\iSource\JTL\L0_iSource_50_RaceConditionAuction_2021-07-01_25.jtl
2021-07-01 15:46:47,628 INFO o.a.j.r.d.ReportGenerator: Reading report generator properties from: D:\apache-jmeter-5.1\apache-jmeter-5.1\bin\reportgenerator.properties
2021-07-01 15:46:47,628 INFO o.a.j.r.d.ReportGenerator: Merging with JMeter properties
2021-07-01 15:46:47,633 INFO o.a.j.r.c.ReportGeneratorConfiguration: Property 'jmeter.reportgenerator.temp_dir' not found, using default value 'temp' instead.
2021-07-01 15:46:47,635 INFO o.a.j.r.c.ReportGeneratorConfiguration: Property 'jmeter.reportgenerator.apdex_per_transaction' not found, using default value 'null' instead.
2021-07-01 15:46:47,636 INFO o.a.j.r.c.ReportGeneratorConfiguration: apdex_per_transaction : {} is empty, not APDEX per transaction customization
2021-07-01 15:46:47,636 INFO o.a.j.r.c.ReportGeneratorConfiguration: Property 'jmeter.reportgenerator.sample_filter' not found, using default value 'null' instead.
2021-07-01 15:46:47,636 INFO o.a.j.r.c.ReportGeneratorConfiguration: Property 'jmeter.reportgenerator.report_title' not found, using default value 'null' instead.
2021-07-01 15:46:47,636 INFO o.a.j.r.c.ReportGeneratorConfiguration: Property 'jmeter.reportgenerator.start_date' not found, using default value 'null' instead.
2021-07-01 15:46:47,636 INFO o.a.j.r.c.ReportGeneratorConfiguration: Property 'jmeter.reportgenerator.end_date' not found, using default value 'null' instead.
2021-07-01 15:46:47,636 INFO o.a.j.r.c.ReportGeneratorConfiguration: Property 'jmeter.reportgenerator.date_format' not found, using default value 'null' instead.
2021-07-01 15:46:47,636 INFO o.a.j.r.c.ReportGeneratorConfiguration: Will use date range start date: null, end date: null
2021-07-01 15:46:47,639 INFO o.a.j.r.c.ReportGeneratorConfiguration: Property 'jmeter.reportgenerator.graph.totalTPS.exclude_controllers' not found, using default value 'false' instead.
2021-07-01 15:46:47,639 INFO o.a.j.r.c.ReportGeneratorConfiguration: Property 'jmeter.reportgenerator.graph.activeThreadsOverTime.exclude_controllers' not found, using default value 'false' instead.
2021-07-01 15:46:47,639 INFO o.a.j.r.c.ReportGeneratorConfiguration: Property 'jmeter.reportgenerator.graph.timeVsThreads.exclude_controllers' not found, using default value 'false' instead.
2021-07-01 15:46:47,639 INFO o.a.j.r.c.ReportGeneratorConfiguration: Property 'jmeter.reportgenerator.graph.responseTimeDistribution.exclude_controllers' not found, using default value 'false' instead.
2021-07-01 15:46:47,640 INFO o.a.j.r.c.ReportGeneratorConfiguration: Property 'jmeter.reportgenerator.graph.transactionsPerSecond.exclude_controllers' not found, using default value 'false' instead.
2021-07-01 15:46:47,640 INFO o.a.j.r.c.ReportGeneratorConfiguration: Property 'jmeter.reportgenerator.graph.responseTimePercentiles.exclude_controllers' not found, using default value 'false' instead.
2021-07-01 15:46:47,640 INFO o.a.j.r.c.ReportGeneratorConfiguration: Property 'jmeter.reportgenerator.graph.responseTimePercentilesOverTime.exclude_controllers' not found, using default value 'false' instead.
2021-07-01 15:46:47,640 INFO o.a.j.r.c.ReportGeneratorConfiguration: Property 'jmeter.reportgenerator.graph.responseTimesOverTime.exclude_controllers' not found, using default value 'false' instead.
2021-07-01 15:46:47,640 INFO o.a.j.r.c.ReportGeneratorConfiguration: Property 'jmeter.reportgenerator.graph.connectTimeOverTime.exclude_controllers' not found, using default value 'false' instead.
2021-07-01 15:46:47,640 INFO o.a.j.r.c.ReportGeneratorConfiguration: Property 'jmeter.reportgenerator.graph.latenciesOverTime.exclude_controllers' not found, using default value 'false' instead.
2021-07-01 15:46:47,641 INFO o.a.j.r.c.ReportGeneratorConfiguration: Property 'jmeter.reportgenerator.exporter.json.filters_only_sample_series' not found, using default value 'true' instead.
2021-07-01 15:46:47,641 INFO o.a.j.r.c.ReportGeneratorConfiguration: Property 'jmeter.reportgenerator.exporter.json.series_filter' not found, using default value '' instead.
2021-07-01 15:46:47,641 INFO o.a.j.r.c.ReportGeneratorConfiguration: Property 'jmeter.reportgenerator.exporter.json.show_controllers_only' not found, using default value 'false' instead.
2021-07-01 15:46:47,641 INFO o.a.j.r.c.ReportGeneratorConfiguration: Property 'jmeter.reportgenerator.exporter.html.filters_only_sample_series' not found, using default value 'true' instead.
2021-07-01 15:46:47,641 INFO o.a.j.r.c.ReportGeneratorConfiguration: Property 'jmeter.reportgenerator.exporter.html.series_filter' not found, using default value '' instead.
2021-07-01 15:46:47,641 INFO o.a.j.r.c.ReportGeneratorConfiguration: Property 'jmeter.reportgenerator.exporter.html.show_controllers_only' not found, using default value 'false' instead.
2021-07-01 15:46:47,645 INFO o.a.j.e.StandardJMeterEngine: Running the test!
2021-07-01 15:46:47,645 INFO o.a.j.s.SampleEvent: List of sample_variables: []
2021-07-01 15:46:47,645 INFO o.a.j.s.SampleEvent: List of sample_variables: []
2021-07-01 15:46:47,650 INFO o.a.j.e.u.CompoundVariable: Note: Function class names must contain the string: '.functions.'
2021-07-01 15:46:47,650 INFO o.a.j.e.u.CompoundVariable: Note: Function class names must not contain the string: '.gui.'
2021-07-01 15:46:47,991 INFO o.a.j.JMeter: Running test (1625134607991)
2021-07-01 15:46:48,063 INFO o.a.j.e.StandardJMeterEngine: Starting ThreadGroup: 1 : iSource_RaceConditionAuction
2021-07-01 15:46:48,063 INFO o.a.j.e.StandardJMeterEngine: Starting 50 threads for group iSource_RaceConditionAuction.
2021-07-01 15:46:48,063 INFO o.a.j.e.StandardJMeterEngine: Thread will stop on error
2021-07-01 15:46:48,064 INFO o.a.j.t.ThreadGroup: Starting thread group... number=1 threads=50 ramp-up=500 perThread=10000.0 delayedStart=false
2021-07-01 15:46:48,097 INFO o.a.j.s.SampleResult: Note: Sample TimeStamps are START times
2021-07-01 15:46:48,097 INFO o.a.j.s.SampleResult: sampleresult.default.encoding is set to ISO-8859-1
2021-07-01 15:46:48,098 INFO o.a.j.s.SampleResult: sampleresult.useNanoTime=true
2021-07-01 15:46:48,098 INFO o.a.j.s.SampleResult: sampleresult.nanoThreadSleep=5000
2021-07-01 15:46:48,109 INFO o.a.j.t.JMeterThread: Thread started: iSource_RaceConditionAuction 1-1
2021-07-01 15:46:48,140 INFO o.a.j.p.h.s.HTTPHCAbstractImpl: Local host = ZIPLSY2278
2021-07-01 15:46:48,147 INFO o.a.j.p.h.s.HTTPHC4Impl: HTTP request retry count = 0
2021-07-01 15:46:48,239 INFO o.a.j.p.h.s.h.LazyLayeredConnectionSocketFactory: Setting up HTTPS TrustAll Socket Factory
2021-07-01 15:46:48,247 INFO o.a.j.u.JsseSSLManager: Using default SSL protocol: TLS
2021-07-01 15:46:48,247 INFO o.a.j.u.JsseSSLManager: SSL session context: per-thread
2021-07-01 15:46:48,740 INFO o.a.j.u.SSLManager: JmeterKeyStore Location:  type JKS
2021-07-01 15:46:48,742 INFO o.a.j.u.SSLManager: KeyStore created OK
2021-07-01 15:46:48,742 WARN o.a.j.u.SSLManager: Keystore file not found, loading empty keystore
2021-07-01 15:46:49,111 INFO o.a.j.t.ThreadGroup: Started thread group number 1
2021-07-01 15:46:49,111 INFO o.a.j.e.StandardJMeterEngine: All thread groups have been started
2021-07-01 15:46:58,154 INFO o.a.j.t.JMeterThread: Thread started: iSource_RaceConditionAuction 1-2
2021-07-01 15:47:00,027 INFO o.a.j.r.Summariser: summary +     48 in 00:00:12 =    4.0/s Avg:   177 Min:    29 Max:  1492 Err:     0 (0.00%) Active: 2 Started: 2 Finished: 0
2021-07-01 15:47:08,208 INFO o.a.j.t.JMeterThread: Thread started: iSource_RaceConditionAuction 1-3
2021-07-01 15:47:18,242 INFO o.a.j.t.JMeterThread: Thread started: iSource_RaceConditionAuction 1-4
2021-07-01 15:47:28,263 INFO o.a.j.t.JMeterThread: Thread started: iSource_RaceConditionAuction 1-5
2021-07-01 15:47:30,006 INFO o.a.j.r.Summariser: summary +    144 in 00:00:30 =    4.8/s Avg:   329 Min:    32 Max:  2995 Err:     0 (0.00%) Active: 5 Started: 5 Finished: 0
2021-07-01 15:47:30,007 INFO o.a.j.r.Summariser: summary =    192 in 00:00:42 =    4.6/s Avg:   291 Min:    29 Max:  2995 Err:     0 (0.00%)
2021-07-01 15:47:38,296 INFO o.a.j.t.JMeterThread: Thread started: iSource_RaceConditionAuction 1-6
2021-07-01 15:47:48,316 INFO o.a.j.t.JMeterThread: Thread started: iSource_RaceConditionAuction 1-7
2021-07-01 15:47:58,329 INFO o.a.j.t.JMeterThread: Thread started: iSource_RaceConditionAuction 1-8
2021-07-01 15:48:00,007 INFO o.a.j.r.Summariser: summary +    190 in 00:00:30 =    6.3/s Avg:   579 Min:    37 Max:  3520 Err:     0 (0.00%) Active: 8 Started: 8 Finished: 0
2021-07-01 15:48:00,007 INFO o.a.j.r.Summariser: summary =    382 in 00:01:12 =    5.3/s Avg:   434 Min:    29 Max:  3520 Err:     0 (0.00%)
2021-07-01 15:48:08,347 INFO o.a.j.t.JMeterThread: Thread started: iSource_RaceConditionAuction 1-9
2021-07-01 15:48:18,364 INFO o.a.j.t.JMeterThread: Thread started: iSource_RaceConditionAuction 1-10
2021-07-01 15:48:28,384 INFO o.a.j.t.JMeterThread: Thread started: iSource_RaceConditionAuction 1-11
2021-07-01 15:48:30,088 INFO o.a.j.r.Summariser: summary +    246 in 00:00:30 =    8.2/s Avg:   740 Min:    48 Max:  4691 Err:     0 (0.00%) Active: 11 Started: 11 Finished: 0
2021-07-01 15:48:30,088 INFO o.a.j.r.Summariser: summary =    628 in 00:01:42 =    6.2/s Avg:   554 Min:    29 Max:  4691 Err:     0 (0.00%)
2021-07-01 15:48:38,406 INFO o.a.j.t.JMeterThread: Thread started: iSource_RaceConditionAuction 1-12
2021-07-01 15:48:43,826 INFO o.a.j.t.JMeterThread: Stop Thread detected by thread: iSource_RaceConditionAuction 1-3
2021-07-01 15:48:43,826 INFO o.a.j.t.JMeterThread: Thread finished: iSource_RaceConditionAuction 1-3
2021-07-01 15:48:45,119 INFO o.a.j.t.JMeterThread: Stop Thread detected by thread: iSource_RaceConditionAuction 1-10
2021-07-01 15:48:45,120 INFO o.a.j.t.JMeterThread: Thread finished: iSource_RaceConditionAuction 1-10
2021-07-01 15:48:45,540 INFO o.a.j.t.JMeterThread: Stop Thread detected by thread: iSource_RaceConditionAuction 1-11
2021-07-01 15:48:45,541 INFO o.a.j.t.JMeterThread: Thread finished: iSource_RaceConditionAuction 1-11
2021-07-01 15:48:46,564 INFO o.a.j.t.JMeterThread: Stop Thread detected by thread: iSource_RaceConditionAuction 1-4
2021-07-01 15:48:46,564 INFO o.a.j.t.JMeterThread: Thread finished: iSource_RaceConditionAuction 1-4
2021-07-01 15:48:46,900 INFO o.a.j.t.JMeterThread: Stop Thread detected by thread: iSource_RaceConditionAuction 1-1
2021-07-01 15:48:46,901 INFO o.a.j.t.JMeterThread: Thread finished: iSource_RaceConditionAuction 1-1
2021-07-01 15:48:47,553 INFO o.a.j.t.JMeterThread: Stop Thread detected by thread: iSource_RaceConditionAuction 1-12
2021-07-01 15:48:47,553 INFO o.a.j.t.JMeterThread: Thread finished: iSource_RaceConditionAuction 1-12
2021-07-01 15:48:47,696 INFO o.a.j.t.JMeterThread: Stop Thread detected by thread: iSource_RaceConditionAuction 1-2
2021-07-01 15:48:47,696 INFO o.a.j.t.JMeterThread: Thread finished: iSource_RaceConditionAuction 1-2
2021-07-01 15:48:48,425 INFO o.a.j.t.JMeterThread: Thread started: iSource_RaceConditionAuction 1-13
2021-07-01 15:48:49,117 INFO o.a.j.t.JMeterThread: Stop Thread detected by thread: iSource_RaceConditionAuction 1-7
2021-07-01 15:48:49,117 INFO o.a.j.t.JMeterThread: Thread finished: iSource_RaceConditionAuction 1-7
2021-07-01 15:48:58,449 INFO o.a.j.t.JMeterThread: Thread started: iSource_RaceConditionAuction 1-14
2021-07-01 15:49:00,090 INFO o.a.j.r.Summariser: summary +    214 in 00:00:30 =    7.1/s Avg:  1052 Min:    41 Max:  9450 Err:     8 (3.74%) Active: 6 Started: 14 Finished: 8
2021-07-01 15:49:00,090 INFO o.a.j.r.Summariser: summary =    842 in 00:02:12 =    6.4/s Avg:   681 Min:    29 Max:  9450 Err:     8 (0.95%)
2021-07-01 15:49:08,471 INFO o.a.j.t.JMeterThread: Thread started: iSource_RaceConditionAuction 1-15
2021-07-01 15:49:18,492 INFO o.a.j.t.JMeterThread: Thread started: iSource_RaceConditionAuction 1-16
2021-07-01 15:49:28,513 INFO o.a.j.t.JMeterThread: Thread started: iSource_RaceConditionAuction 1-17
2021-07-01 15:49:30,047 INFO o.a.j.r.Summariser: summary +    175 in 00:00:30 =    5.8/s Avg:   811 Min:    49 Max:  7397 Err:     0 (0.00%) Active: 9 Started: 17 Finished: 8
2021-07-01 15:49:30,047 INFO o.a.j.r.Summariser: summary =   1017 in 00:02:42 =    6.3/s Avg:   703 Min:    29 Max:  9450 Err:     8 (0.79%)
2021-07-01 15:49:38,534 INFO o.a.j.t.JMeterThread: Thread started: iSource_RaceConditionAuction 1-18
2021-07-01 15:49:48,553 INFO o.a.j.t.JMeterThread: Thread started: iSource_RaceConditionAuction 1-19
2021-07-01 15:49:49,634 INFO o.a.j.r.ResultCollector: Shutdown hook started
2021-07-01 15:49:49,635 INFO o.a.j.r.ResultCollector: Shutdown hook ended
