2021-06-04 13:36:52,330 INFO o.a.j.u.JMeterUtils: Setting Locale to en_EN
2021-06-04 13:36:52,343 INFO o.a.j.JMeter: Loading user properties from: user.properties
2021-06-04 13:36:52,344 INFO o.a.j.JMeter: Loading system properties from: system.properties
2021-06-04 13:36:52,344 INFO o.a.j.JMeter: Setting JMeter property: meter.reportgenerator.report_title=RFQMultipleQuestionsPublish
2021-06-04 13:36:52,344 INFO o.a.j.JMeter: Setting JMeter property: thread=10
2021-06-04 13:36:52,344 INFO o.a.j.JMeter: Setting JMeter property: rampup=30
2021-06-04 13:36:52,348 INFO o.a.j.JMeter: Copyright (c) 1998-2019 The Apache Software Foundation
2021-06-04 13:36:52,348 INFO o.a.j.JMeter: Version 5.1 r1853635
2021-06-04 13:36:52,348 INFO o.a.j.JMeter: java.version=1.8.0_121
2021-06-04 13:36:52,348 INFO o.a.j.JMeter: java.vm.name=Java HotSpot(TM) 64-Bit Server VM
2021-06-04 13:36:52,348 INFO o.a.j.JMeter: os.name=Windows 10
2021-06-04 13:36:52,349 INFO o.a.j.JMeter: os.arch=amd64
2021-06-04 13:36:52,349 INFO o.a.j.JMeter: os.version=10.0
2021-06-04 13:36:52,349 INFO o.a.j.JMeter: file.encoding=Cp1252
2021-06-04 13:36:52,349 INFO o.a.j.JMeter: java.awt.headless=true
2021-06-04 13:36:52,349 INFO o.a.j.JMeter: Max memory     =8589934592
2021-06-04 13:36:52,349 INFO o.a.j.JMeter: Available Processors =6
2021-06-04 13:36:52,353 INFO o.a.j.JMeter: Default Locale=English (EN)
2021-06-04 13:36:52,353 INFO o.a.j.JMeter: JMeter  Locale=English (EN)
2021-06-04 13:36:52,353 INFO o.a.j.JMeter: JMeterHome=D:\apache-jmeter-5.1\apache-jmeter-5.1
2021-06-04 13:36:52,353 INFO o.a.j.JMeter: user.dir  =D:\apache-jmeter-5.1\apache-jmeter-5.1\bin
2021-06-04 13:36:52,353 INFO o.a.j.JMeter: PWD       =D:\apache-jmeter-5.1\apache-jmeter-5.1\bin
2021-06-04 13:36:52,355 INFO o.a.j.JMeter: IP: 172.30.224.67 Name: ZIPLSY2278 FullName: ZIPLSY2278.zycus.net
2021-06-04 13:36:52,357 INFO o.a.j.JMeter: Setting property 'jmeter.reportgenerator.outputdir' to:'C:\xampp\htdocs\PerformancePostgres\L0_iSource_10_RFQMultipleQuestionsPublish_2021-06-04_9'
2021-06-04 13:36:52,359 INFO o.a.j.s.FileServer: Default base='D:\apache-jmeter-5.1\apache-jmeter-5.1\bin'
2021-06-04 13:36:52,366 INFO o.a.j.s.FileServer: Set new base='D:\PostrgresMigration\iSource'
2021-06-04 13:36:52,493 INFO o.a.j.s.SaveService: Testplan (JMX) version: 2.2. Testlog (JTL) version: 2.2
2021-06-04 13:36:52,508 INFO o.a.j.s.SaveService: Using SaveService properties file encoding UTF-8
2021-06-04 13:36:52,513 INFO o.a.j.s.SaveService: Using SaveService properties version 5.0
2021-06-04 13:36:52,517 INFO o.a.j.s.SaveService: Loading file: D:\PostrgresMigration\iSource\L0_iSource_RFQMultipleQuestionsPublish.jmx
2021-06-04 13:36:52,558 INFO o.a.j.p.h.c.CookieManager: Settings: Delete null: true Check: true Allow variable: true Save: false Prefix: COOKIE_
2021-06-04 13:36:52,563 INFO o.a.j.p.h.c.CacheManager: Will only cache the following methods: [GET]
2021-06-04 13:36:52,573 INFO o.a.j.p.h.s.HTTPSamplerBase: Parser for text/html is org.apache.jmeter.protocol.http.parser.LagartoBasedHtmlParser
2021-06-04 13:36:52,574 INFO o.a.j.p.h.s.HTTPSamplerBase: Parser for application/xhtml+xml is org.apache.jmeter.protocol.http.parser.LagartoBasedHtmlParser
2021-06-04 13:36:52,574 INFO o.a.j.p.h.s.HTTPSamplerBase: Parser for application/xml is org.apache.jmeter.protocol.http.parser.LagartoBasedHtmlParser
2021-06-04 13:36:52,574 INFO o.a.j.p.h.s.HTTPSamplerBase: Parser for text/xml is org.apache.jmeter.protocol.http.parser.LagartoBasedHtmlParser
2021-06-04 13:36:52,574 INFO o.a.j.p.h.s.HTTPSamplerBase: Parser for text/vnd.wap.wml is org.apache.jmeter.protocol.http.parser.RegexpHTMLParser
2021-06-04 13:36:52,574 INFO o.a.j.p.h.s.HTTPSamplerBase: Parser for text/css is org.apache.jmeter.protocol.http.parser.CssParser
2021-06-04 13:36:52,810 INFO o.a.j.JMeter: Creating summariser <summary>
2021-06-04 13:36:52,814 INFO o.a.j.r.d.ReportGenerator: ReportGenerator will use for Parsing the separator: ','
2021-06-04 13:36:52,814 INFO o.a.j.r.d.ReportGenerator: Will generate report at end of test from  results file: D:\PostrgresMigration\iSource\JTL\L0_iSource_10_RFQMultipleQuestionsPublish_2021-06-04_9.jtl
2021-06-04 13:36:52,814 INFO o.a.j.r.d.ReportGenerator: Reading report generator properties from: D:\apache-jmeter-5.1\apache-jmeter-5.1\bin\reportgenerator.properties
2021-06-04 13:36:52,815 INFO o.a.j.r.d.ReportGenerator: Merging with JMeter properties
2021-06-04 13:36:52,821 INFO o.a.j.r.c.ReportGeneratorConfiguration: Property 'jmeter.reportgenerator.temp_dir' not found, using default value 'temp' instead.
2021-06-04 13:36:52,823 INFO o.a.j.r.c.ReportGeneratorConfiguration: Property 'jmeter.reportgenerator.apdex_per_transaction' not found, using default value 'null' instead.
2021-06-04 13:36:52,823 INFO o.a.j.r.c.ReportGeneratorConfiguration: apdex_per_transaction : {} is empty, not APDEX per transaction customization
2021-06-04 13:36:52,823 INFO o.a.j.r.c.ReportGeneratorConfiguration: Property 'jmeter.reportgenerator.sample_filter' not found, using default value 'null' instead.
2021-06-04 13:36:52,824 INFO o.a.j.r.c.ReportGeneratorConfiguration: Property 'jmeter.reportgenerator.report_title' not found, using default value 'null' instead.
2021-06-04 13:36:52,824 INFO o.a.j.r.c.ReportGeneratorConfiguration: Property 'jmeter.reportgenerator.start_date' not found, using default value 'null' instead.
2021-06-04 13:36:52,824 INFO o.a.j.r.c.ReportGeneratorConfiguration: Property 'jmeter.reportgenerator.end_date' not found, using default value 'null' instead.
2021-06-04 13:36:52,824 INFO o.a.j.r.c.ReportGeneratorConfiguration: Property 'jmeter.reportgenerator.date_format' not found, using default value 'null' instead.
2021-06-04 13:36:52,824 INFO o.a.j.r.c.ReportGeneratorConfiguration: Will use date range start date: null, end date: null
2021-06-04 13:36:52,828 INFO o.a.j.r.c.ReportGeneratorConfiguration: Property 'jmeter.reportgenerator.graph.totalTPS.exclude_controllers' not found, using default value 'false' instead.
2021-06-04 13:36:52,828 INFO o.a.j.r.c.ReportGeneratorConfiguration: Property 'jmeter.reportgenerator.graph.activeThreadsOverTime.exclude_controllers' not found, using default value 'false' instead.
2021-06-04 13:36:52,828 INFO o.a.j.r.c.ReportGeneratorConfiguration: Property 'jmeter.reportgenerator.graph.timeVsThreads.exclude_controllers' not found, using default value 'false' instead.
2021-06-04 13:36:52,828 INFO o.a.j.r.c.ReportGeneratorConfiguration: Property 'jmeter.reportgenerator.graph.responseTimeDistribution.exclude_controllers' not found, using default value 'false' instead.
2021-06-04 13:36:52,828 INFO o.a.j.r.c.ReportGeneratorConfiguration: Property 'jmeter.reportgenerator.graph.transactionsPerSecond.exclude_controllers' not found, using default value 'false' instead.
2021-06-04 13:36:52,829 INFO o.a.j.r.c.ReportGeneratorConfiguration: Property 'jmeter.reportgenerator.graph.responseTimePercentiles.exclude_controllers' not found, using default value 'false' instead.
2021-06-04 13:36:52,829 INFO o.a.j.r.c.ReportGeneratorConfiguration: Property 'jmeter.reportgenerator.graph.responseTimePercentilesOverTime.exclude_controllers' not found, using default value 'false' instead.
2021-06-04 13:36:52,829 INFO o.a.j.r.c.ReportGeneratorConfiguration: Property 'jmeter.reportgenerator.graph.responseTimesOverTime.exclude_controllers' not found, using default value 'false' instead.
2021-06-04 13:36:52,829 INFO o.a.j.r.c.ReportGeneratorConfiguration: Property 'jmeter.reportgenerator.graph.connectTimeOverTime.exclude_controllers' not found, using default value 'false' instead.
2021-06-04 13:36:52,829 INFO o.a.j.r.c.ReportGeneratorConfiguration: Property 'jmeter.reportgenerator.graph.latenciesOverTime.exclude_controllers' not found, using default value 'false' instead.
2021-06-04 13:36:52,830 INFO o.a.j.r.c.ReportGeneratorConfiguration: Property 'jmeter.reportgenerator.exporter.json.filters_only_sample_series' not found, using default value 'true' instead.
2021-06-04 13:36:52,830 INFO o.a.j.r.c.ReportGeneratorConfiguration: Property 'jmeter.reportgenerator.exporter.json.series_filter' not found, using default value '' instead.
2021-06-04 13:36:52,830 INFO o.a.j.r.c.ReportGeneratorConfiguration: Property 'jmeter.reportgenerator.exporter.json.show_controllers_only' not found, using default value 'false' instead.
2021-06-04 13:36:52,830 INFO o.a.j.r.c.ReportGeneratorConfiguration: Property 'jmeter.reportgenerator.exporter.html.filters_only_sample_series' not found, using default value 'true' instead.
2021-06-04 13:36:52,830 INFO o.a.j.r.c.ReportGeneratorConfiguration: Property 'jmeter.reportgenerator.exporter.html.series_filter' not found, using default value '' instead.
2021-06-04 13:36:52,830 INFO o.a.j.r.c.ReportGeneratorConfiguration: Property 'jmeter.reportgenerator.exporter.html.show_controllers_only' not found, using default value 'false' instead.
2021-06-04 13:36:52,834 INFO o.a.j.e.StandardJMeterEngine: Running the test!
2021-06-04 13:36:52,834 INFO o.a.j.s.SampleEvent: List of sample_variables: []
2021-06-04 13:36:52,835 INFO o.a.j.s.SampleEvent: List of sample_variables: []
2021-06-04 13:36:52,839 INFO o.a.j.e.u.CompoundVariable: Note: Function class names must contain the string: '.functions.'
2021-06-04 13:36:52,839 INFO o.a.j.e.u.CompoundVariable: Note: Function class names must not contain the string: '.gui.'
2021-06-04 13:36:53,254 INFO o.a.j.JMeter: Running test (1622794013254)
2021-06-04 13:36:53,314 INFO o.a.j.e.StandardJMeterEngine: Starting ThreadGroup: 1 : L0-iSource-JOB
2021-06-04 13:36:53,314 INFO o.a.j.e.StandardJMeterEngine: Starting 10 threads for group L0-iSource-JOB.
2021-06-04 13:36:53,314 INFO o.a.j.e.StandardJMeterEngine: Thread will stop on error
2021-06-04 13:36:53,314 INFO o.a.j.t.ThreadGroup: Starting thread group... number=1 threads=10 ramp-up=30 perThread=3000.0 delayedStart=false
2021-06-04 13:36:53,340 INFO o.a.j.s.SampleResult: Note: Sample TimeStamps are START times
2021-06-04 13:36:53,340 INFO o.a.j.s.SampleResult: sampleresult.default.encoding is set to ISO-8859-1
2021-06-04 13:36:53,340 INFO o.a.j.s.SampleResult: sampleresult.useNanoTime=true
2021-06-04 13:36:53,340 INFO o.a.j.s.SampleResult: sampleresult.nanoThreadSleep=5000
2021-06-04 13:36:53,350 INFO o.a.j.t.JMeterThread: Thread started: L0-iSource-JOB 1-1
2021-06-04 13:36:53,352 INFO o.a.j.c.LoopController: iterationStart called on 5.6# Questions_Text with source org.apache.jmeter.control.LoopController@6a6fc864 and iteration 1
2021-06-04 13:36:53,352 INFO o.a.j.c.LoopController: iterationStart called on 5.4# Questions_Multichoice with source org.apache.jmeter.control.LoopController@6a6fc864 and iteration 1
2021-06-04 13:36:53,352 INFO o.a.j.s.FileServer: Stored: D:\apache-jmeter-5.1\apache-jmeter-5.1\bin\excel\isource\Partner_ZCS_Users.csv
2021-06-04 13:36:53,377 INFO o.a.j.p.h.s.HTTPHCAbstractImpl: Local host = ZIPLSY2278
2021-06-04 13:36:53,382 INFO o.a.j.p.h.s.HTTPHC4Impl: HTTP request retry count = 0
2021-06-04 13:36:53,483 INFO o.a.j.p.h.s.h.LazyLayeredConnectionSocketFactory: Setting up HTTPS TrustAll Socket Factory
2021-06-04 13:36:53,487 INFO o.a.j.t.ThreadGroup: Started thread group number 1
2021-06-04 13:36:53,487 INFO o.a.j.e.StandardJMeterEngine: All thread groups have been started
2021-06-04 13:36:53,489 INFO o.a.j.u.JsseSSLManager: Using default SSL protocol: TLS
2021-06-04 13:36:53,489 INFO o.a.j.u.JsseSSLManager: SSL session context: per-thread
2021-06-04 13:36:53,965 INFO o.a.j.u.SSLManager: JmeterKeyStore Location:  type JKS
2021-06-04 13:36:53,968 INFO o.a.j.u.SSLManager: KeyStore created OK
2021-06-04 13:36:53,969 WARN o.a.j.u.SSLManager: Keystore file not found, loading empty keystore
2021-06-04 13:36:56,362 INFO o.a.j.t.JMeterThread: Thread started: L0-iSource-JOB 1-2
2021-06-04 13:36:56,363 INFO o.a.j.c.LoopController: iterationStart called on 5.6# Questions_Text with source org.apache.jmeter.control.LoopController@247d1988 and iteration 1
2021-06-04 13:36:56,363 INFO o.a.j.c.LoopController: iterationStart called on 5.4# Questions_Multichoice with source org.apache.jmeter.control.LoopController@247d1988 and iteration 1
2021-06-04 13:36:59,392 INFO o.a.j.t.JMeterThread: Thread started: L0-iSource-JOB 1-3
2021-06-04 13:36:59,394 INFO o.a.j.c.LoopController: iterationStart called on 5.6# Questions_Text with source org.apache.jmeter.control.LoopController@1da9bf76 and iteration 1
2021-06-04 13:36:59,394 INFO o.a.j.c.LoopController: iterationStart called on 5.4# Questions_Multichoice with source org.apache.jmeter.control.LoopController@1da9bf76 and iteration 1
2021-06-04 13:37:01,322 INFO o.a.j.r.Summariser: summary +      7 in 00:00:08 =    0.9/s Avg:   347 Min:    14 Max:  1303 Err:     0 (0.00%) Active: 3 Started: 3 Finished: 0
2021-06-04 13:37:02,404 INFO o.a.j.t.JMeterThread: Thread started: L0-iSource-JOB 1-4
2021-06-04 13:37:02,405 INFO o.a.j.c.LoopController: iterationStart called on 5.6# Questions_Text with source org.apache.jmeter.control.LoopController@67813f5f and iteration 1
2021-06-04 13:37:02,405 INFO o.a.j.c.LoopController: iterationStart called on 5.4# Questions_Multichoice with source org.apache.jmeter.control.LoopController@67813f5f and iteration 1
2021-06-04 13:37:05,425 INFO o.a.j.t.JMeterThread: Thread started: L0-iSource-JOB 1-5
2021-06-04 13:37:05,426 INFO o.a.j.c.LoopController: iterationStart called on 5.6# Questions_Text with source org.apache.jmeter.control.LoopController@2021c289 and iteration 1
2021-06-04 13:37:05,426 INFO o.a.j.c.LoopController: iterationStart called on 5.4# Questions_Multichoice with source org.apache.jmeter.control.LoopController@2021c289 and iteration 1
2021-06-04 13:37:08,440 INFO o.a.j.t.JMeterThread: Thread started: L0-iSource-JOB 1-6
2021-06-04 13:37:08,441 INFO o.a.j.c.LoopController: iterationStart called on 5.6# Questions_Text with source org.apache.jmeter.control.LoopController@1e0ad97a and iteration 1
2021-06-04 13:37:08,442 INFO o.a.j.c.LoopController: iterationStart called on 5.4# Questions_Multichoice with source org.apache.jmeter.control.LoopController@1e0ad97a and iteration 1
2021-06-04 13:37:11,453 INFO o.a.j.t.JMeterThread: Thread started: L0-iSource-JOB 1-7
2021-06-04 13:37:11,453 INFO o.a.j.c.LoopController: iterationStart called on 5.6# Questions_Text with source org.apache.jmeter.control.LoopController@343df248 and iteration 1
2021-06-04 13:37:11,453 INFO o.a.j.c.LoopController: iterationStart called on 5.4# Questions_Multichoice with source org.apache.jmeter.control.LoopController@343df248 and iteration 1
2021-06-04 13:37:14,468 INFO o.a.j.t.JMeterThread: Thread started: L0-iSource-JOB 1-8
2021-06-04 13:37:14,469 INFO o.a.j.c.LoopController: iterationStart called on 5.6# Questions_Text with source org.apache.jmeter.control.LoopController@2fbe98d8 and iteration 1
2021-06-04 13:37:14,469 INFO o.a.j.c.LoopController: iterationStart called on 5.4# Questions_Multichoice with source org.apache.jmeter.control.LoopController@2fbe98d8 and iteration 1
2021-06-04 13:37:17,479 INFO o.a.j.t.JMeterThread: Thread started: L0-iSource-JOB 1-9
2021-06-04 13:37:17,479 INFO o.a.j.c.LoopController: iterationStart called on 5.6# Questions_Text with source org.apache.jmeter.control.LoopController@53ebf98 and iteration 1
2021-06-04 13:37:17,479 INFO o.a.j.c.LoopController: iterationStart called on 5.4# Questions_Multichoice with source org.apache.jmeter.control.LoopController@53ebf98 and iteration 1
2021-06-04 13:37:20,492 INFO o.a.j.t.JMeterThread: Thread started: L0-iSource-JOB 1-10
2021-06-04 13:37:20,493 INFO o.a.j.c.LoopController: iterationStart called on 5.6# Questions_Text with source org.apache.jmeter.control.LoopController@6b15f430 and iteration 1
2021-06-04 13:37:20,493 INFO o.a.j.c.LoopController: iterationStart called on 5.4# Questions_Multichoice with source org.apache.jmeter.control.LoopController@6b15f430 and iteration 1
2021-06-04 13:37:30,058 INFO o.a.j.r.Summariser: summary +    182 in 00:00:29 =    6.3/s Avg:   364 Min:    13 Max:  1371 Err:     0 (0.00%) Active: 10 Started: 10 Finished: 0
2021-06-04 13:37:30,059 INFO o.a.j.r.Summariser: summary =    189 in 00:00:37 =    5.1/s Avg:   363 Min:    13 Max:  1371 Err:     0 (0.00%)
2021-06-04 13:38:00,073 INFO o.a.j.r.Summariser: summary +     91 in 00:00:30 =    3.0/s Avg:  2833 Min:   232 Max: 21359 Err:     0 (0.00%) Active: 10 Started: 10 Finished: 0
2021-06-04 13:38:00,074 INFO o.a.j.r.Summariser: summary =    280 in 00:01:07 =    4.2/s Avg:  1166 Min:    13 Max: 21359 Err:     0 (0.00%)
2021-06-04 13:38:24,634 INFO o.a.j.t.JMeterThread: Stop Thread detected by thread: L0-iSource-JOB 1-5
2021-06-04 13:38:24,634 INFO o.a.j.t.JMeterThread: Thread finished: L0-iSource-JOB 1-5
2021-06-04 13:38:30,127 INFO o.a.j.r.Summariser: summary +    149 in 00:00:30 =    5.0/s Avg:  1474 Min:   267 Max: 60214 Err:     1 (0.67%) Active: 9 Started: 10 Finished: 1
2021-06-04 13:38:30,127 INFO o.a.j.r.Summariser: summary =    429 in 00:01:37 =    4.4/s Avg:  1273 Min:    13 Max: 60214 Err:     1 (0.23%)
2021-06-04 13:38:30,630 INFO o.a.j.s.FileServer: Stored: D:\apache-jmeter-5.1\apache-jmeter-5.1\bin\excel\isource\PricingLot_2000.xlsx
2021-06-04 13:39:00,043 INFO o.a.j.r.Summariser: summary +    147 in 00:00:30 =    4.9/s Avg:  1357 Min:   301 Max:  7202 Err:     0 (0.00%) Active: 9 Started: 10 Finished: 1
2021-06-04 13:39:00,044 INFO o.a.j.r.Summariser: summary =    576 in 00:02:07 =    4.5/s Avg:  1294 Min:    13 Max: 60214 Err:     1 (0.17%)
2021-06-04 13:39:30,097 INFO o.a.j.r.Summariser: summary +     85 in 00:00:30 =    2.8/s Avg:  1962 Min:   379 Max:  3092 Err:     0 (0.00%) Active: 9 Started: 10 Finished: 1
2021-06-04 13:39:30,097 INFO o.a.j.r.Summariser: summary =    661 in 00:02:37 =    4.2/s Avg:  1380 Min:    13 Max: 60214 Err:     1 (0.15%)
2021-06-04 13:39:51,417 INFO o.a.j.s.FileServer: Stored: D:\apache-jmeter-5.1\apache-jmeter-5.1\bin\excel\isource\MCQquest.xlsx
2021-06-04 13:39:58,427 INFO o.a.j.s.FileServer: Stored: D:\apache-jmeter-5.1\apache-jmeter-5.1\bin\excel\isource\100mb.docx
2021-06-04 13:40:00,622 INFO o.a.j.r.Summariser: summary +    160 in 00:00:31 =    5.2/s Avg:  1078 Min:   303 Max:  3054 Err:     0 (0.00%) Active: 9 Started: 10 Finished: 1
2021-06-04 13:40:00,623 INFO o.a.j.r.Summariser: summary =    821 in 00:03:07 =    4.4/s Avg:  1321 Min:    13 Max: 60214 Err:     1 (0.12%)
2021-06-04 13:40:30,123 INFO o.a.j.r.Summariser: summary +     98 in 00:00:30 =    3.3/s Avg:   935 Min:   297 Max:  9775 Err:     0 (0.00%) Active: 9 Started: 10 Finished: 1
2021-06-04 13:40:30,123 INFO o.a.j.r.Summariser: summary =    919 in 00:03:37 =    4.2/s Avg:  1280 Min:    13 Max: 60214 Err:     1 (0.11%)
2021-06-04 13:41:00,553 INFO o.a.j.r.Summariser: summary +    259 in 00:00:30 =    8.5/s Avg:   687 Min:   300 Max:  8833 Err:     0 (0.00%) Active: 9 Started: 10 Finished: 1
2021-06-04 13:41:00,553 INFO o.a.j.r.Summariser: summary =   1178 in 00:04:07 =    4.8/s Avg:  1150 Min:    13 Max: 60214 Err:     1 (0.08%)
2021-06-04 13:41:01,256 ERROR o.a.j.u.BeanShellInterpreter: Error invoking bsh method: eval	Sourced file: inline evaluation of: ``String totalRecords = vars.get("totalRecords"); String perpage = vars.get("perpa . . . '' : Typed variable declaration : Method Invocation Integer.parseInt
2021-06-04 13:41:01,256 WARN o.a.j.e.BeanShellPostProcessor: Problem in BeanShell script: org.apache.jorphan.util.JMeterException: Error invoking bsh method: eval	Sourced file: inline evaluation of: ``String totalRecords = vars.get("totalRecords"); String perpage = vars.get("perpa . . . '' : Typed variable declaration : Method Invocation Integer.parseInt
2021-06-04 13:41:03,225 ERROR o.a.j.u.BeanShellInterpreter: Error invoking bsh method: eval	Sourced file: inline evaluation of: ``String totalRecords = vars.get("totalRecords"); String perpage = vars.get("perpa . . . '' : Typed variable declaration : Method Invocation Integer.parseInt
2021-06-04 13:41:03,225 WARN o.a.j.e.BeanShellPostProcessor: Problem in BeanShell script: org.apache.jorphan.util.JMeterException: Error invoking bsh method: eval	Sourced file: inline evaluation of: ``String totalRecords = vars.get("totalRecords"); String perpage = vars.get("perpa . . . '' : Typed variable declaration : Method Invocation Integer.parseInt
2021-06-04 13:41:05,381 ERROR o.a.j.u.BeanShellInterpreter: Error invoking bsh method: eval	Sourced file: inline evaluation of: ``String totalRecords = vars.get("totalRecords"); String perpage = vars.get("perpa . . . '' : Typed variable declaration : Method Invocation Integer.parseInt
2021-06-04 13:41:05,381 WARN o.a.j.e.BeanShellPostProcessor: Problem in BeanShell script: org.apache.jorphan.util.JMeterException: Error invoking bsh method: eval	Sourced file: inline evaluation of: ``String totalRecords = vars.get("totalRecords"); String perpage = vars.get("perpa . . . '' : Typed variable declaration : Method Invocation Integer.parseInt
2021-06-04 13:41:07,292 ERROR o.a.j.u.BeanShellInterpreter: Error invoking bsh method: eval	Sourced file: inline evaluation of: ``String totalRecords = vars.get("totalRecords"); String perpage = vars.get("perpa . . . '' : Typed variable declaration : Method Invocation Integer.parseInt
2021-06-04 13:41:07,292 WARN o.a.j.e.BeanShellPostProcessor: Problem in BeanShell script: org.apache.jorphan.util.JMeterException: Error invoking bsh method: eval	Sourced file: inline evaluation of: ``String totalRecords = vars.get("totalRecords"); String perpage = vars.get("perpa . . . '' : Typed variable declaration : Method Invocation Integer.parseInt
2021-06-04 13:41:09,495 ERROR o.a.j.u.BeanShellInterpreter: Error invoking bsh method: eval	Sourced file: inline evaluation of: ``String totalRecords = vars.get("totalRecords"); String perpage = vars.get("perpa . . . '' : Typed variable declaration : Method Invocation Integer.parseInt
2021-06-04 13:41:09,495 WARN o.a.j.e.BeanShellPostProcessor: Problem in BeanShell script: org.apache.jorphan.util.JMeterException: Error invoking bsh method: eval	Sourced file: inline evaluation of: ``String totalRecords = vars.get("totalRecords"); String perpage = vars.get("perpa . . . '' : Typed variable declaration : Method Invocation Integer.parseInt
2021-06-04 13:41:11,387 ERROR o.a.j.u.BeanShellInterpreter: Error invoking bsh method: eval	Sourced file: inline evaluation of: ``String totalRecords = vars.get("totalRecords"); String perpage = vars.get("perpa . . . '' : Typed variable declaration : Method Invocation Integer.parseInt
2021-06-04 13:41:11,387 WARN o.a.j.e.BeanShellPostProcessor: Problem in BeanShell script: org.apache.jorphan.util.JMeterException: Error invoking bsh method: eval	Sourced file: inline evaluation of: ``String totalRecords = vars.get("totalRecords"); String perpage = vars.get("perpa . . . '' : Typed variable declaration : Method Invocation Integer.parseInt
2021-06-04 13:41:13,166 ERROR o.a.j.u.BeanShellInterpreter: Error invoking bsh method: eval	Sourced file: inline evaluation of: ``String totalRecords = vars.get("totalRecords"); String perpage = vars.get("perpa . . . '' : Typed variable declaration : Method Invocation Integer.parseInt
2021-06-04 13:41:13,166 WARN o.a.j.e.BeanShellPostProcessor: Problem in BeanShell script: org.apache.jorphan.util.JMeterException: Error invoking bsh method: eval	Sourced file: inline evaluation of: ``String totalRecords = vars.get("totalRecords"); String perpage = vars.get("perpa . . . '' : Typed variable declaration : Method Invocation Integer.parseInt
2021-06-04 13:41:15,204 ERROR o.a.j.u.BeanShellInterpreter: Error invoking bsh method: eval	Sourced file: inline evaluation of: ``String totalRecords = vars.get("totalRecords"); String perpage = vars.get("perpa . . . '' : Typed variable declaration : Method Invocation Integer.parseInt
2021-06-04 13:41:15,205 WARN o.a.j.e.BeanShellPostProcessor: Problem in BeanShell script: org.apache.jorphan.util.JMeterException: Error invoking bsh method: eval	Sourced file: inline evaluation of: ``String totalRecords = vars.get("totalRecords"); String perpage = vars.get("perpa . . . '' : Typed variable declaration : Method Invocation Integer.parseInt
2021-06-04 13:41:17,295 ERROR o.a.j.u.BeanShellInterpreter: Error invoking bsh method: eval	Sourced file: inline evaluation of: ``String totalRecords = vars.get("totalRecords"); String perpage = vars.get("perpa . . . '' : Typed variable declaration : Method Invocation Integer.parseInt
2021-06-04 13:41:17,295 WARN o.a.j.e.BeanShellPostProcessor: Problem in BeanShell script: org.apache.jorphan.util.JMeterException: Error invoking bsh method: eval	Sourced file: inline evaluation of: ``String totalRecords = vars.get("totalRecords"); String perpage = vars.get("perpa . . . '' : Typed variable declaration : Method Invocation Integer.parseInt
2021-06-04 13:41:30,865 INFO o.a.j.r.Summariser: summary +     64 in 00:00:30 =    2.1/s Avg:  2809 Min:   322 Max: 10730 Err:     0 (0.00%) Active: 9 Started: 10 Finished: 1
2021-06-04 13:41:30,865 INFO o.a.j.r.Summariser: summary =   1242 in 00:04:38 =    4.5/s Avg:  1235 Min:    13 Max: 60214 Err:     1 (0.08%)
2021-06-04 13:42:00,002 INFO o.a.j.r.Summariser: summary +     62 in 00:00:29 =    2.1/s Avg:  3023 Min:   349 Max:  9734 Err:     0 (0.00%) Active: 9 Started: 10 Finished: 1
2021-06-04 13:42:00,003 INFO o.a.j.r.Summariser: summary =   1304 in 00:05:07 =    4.3/s Avg:  1320 Min:    13 Max: 60214 Err:     1 (0.08%)
2021-06-04 13:42:30,789 INFO o.a.j.r.Summariser: summary +    139 in 00:00:31 =    4.5/s Avg:  1675 Min:   267 Max: 12169 Err:     0 (0.00%) Active: 9 Started: 10 Finished: 1
2021-06-04 13:42:30,789 INFO o.a.j.r.Summariser: summary =   1443 in 00:05:38 =    4.3/s Avg:  1354 Min:    13 Max: 60214 Err:     1 (0.07%)
2021-06-04 13:42:44,323 INFO o.a.j.t.JMeterThread: Thread is done: L0-iSource-JOB 1-1
2021-06-04 13:42:44,323 INFO o.a.j.t.JMeterThread: Thread finished: L0-iSource-JOB 1-1
2021-06-04 13:42:45,880 INFO o.a.j.t.JMeterThread: Thread is done: L0-iSource-JOB 1-3
2021-06-04 13:42:45,880 INFO o.a.j.t.JMeterThread: Thread finished: L0-iSource-JOB 1-3
2021-06-04 13:42:48,167 INFO o.a.j.t.JMeterThread: Thread is done: L0-iSource-JOB 1-6
2021-06-04 13:42:48,167 INFO o.a.j.t.JMeterThread: Thread finished: L0-iSource-JOB 1-6
2021-06-04 13:42:49,841 INFO o.a.j.t.JMeterThread: Thread is done: L0-iSource-JOB 1-2
2021-06-04 13:42:49,842 INFO o.a.j.t.JMeterThread: Thread finished: L0-iSource-JOB 1-2
2021-06-04 13:42:50,974 INFO o.a.j.t.JMeterThread: Thread is done: L0-iSource-JOB 1-4
2021-06-04 13:42:50,974 INFO o.a.j.t.JMeterThread: Thread finished: L0-iSource-JOB 1-4
2021-06-04 13:42:52,520 INFO o.a.j.t.JMeterThread: Thread is done: L0-iSource-JOB 1-7
2021-06-04 13:42:52,521 INFO o.a.j.t.JMeterThread: Thread finished: L0-iSource-JOB 1-7
2021-06-04 13:42:54,769 INFO o.a.j.t.JMeterThread: Thread is done: L0-iSource-JOB 1-9
2021-06-04 13:42:54,769 INFO o.a.j.t.JMeterThread: Thread finished: L0-iSource-JOB 1-9
2021-06-04 13:42:57,837 INFO o.a.j.t.JMeterThread: Thread is done: L0-iSource-JOB 1-8
2021-06-04 13:42:57,837 INFO o.a.j.t.JMeterThread: Thread finished: L0-iSource-JOB 1-8
2021-06-04 13:42:59,186 INFO o.a.j.t.JMeterThread: Thread is done: L0-iSource-JOB 1-10
2021-06-04 13:42:59,186 INFO o.a.j.t.JMeterThread: Thread finished: L0-iSource-JOB 1-10
2021-06-04 13:42:59,187 INFO o.a.j.e.StandardJMeterEngine: Notifying test listeners of end of test
2021-06-04 13:42:59,187 INFO o.a.j.s.FileServer: Close: D:\apache-jmeter-5.1\apache-jmeter-5.1\bin\excel\isource\Partner_ZCS_Users.csv
2021-06-04 13:42:59,188 INFO o.a.j.r.Summariser: summary +     72 in 00:00:28 =    2.5/s Avg:  2427 Min:   283 Max: 12704 Err:     0 (0.00%) Active: 0 Started: 10 Finished: 10
2021-06-04 13:42:59,188 INFO o.a.j.r.Summariser: summary =   1515 in 00:06:06 =    4.1/s Avg:  1405 Min:    13 Max: 60214 Err:     1 (0.07%)
2021-06-04 13:42:59,188 INFO o.a.j.JMeter: Generating Dashboard
2021-06-04 13:42:59,188 INFO o.a.j.r.d.ReportGenerator: Flushing result collector before report Generation
2021-06-04 13:42:59,231 INFO o.a.j.r.p.NormalizerSampleConsumer: Using format, 'ms', to parse timeStamp field
2021-06-04 13:42:59,413 INFO o.a.j.r.p.AbstractSampleConsumer: class org.apache.jmeter.report.processor.AggregateConsumer#stopProducing(): beginDate produced 0 samples
2021-06-04 13:42:59,413 INFO o.a.j.r.p.AbstractSampleConsumer: class org.apache.jmeter.report.processor.AggregateConsumer#stopProducing(): endDate produced 0 samples
2021-06-04 13:42:59,415 INFO o.a.j.r.p.AbstractSampleConsumer: class org.apache.jmeter.report.processor.ApdexSummaryConsumer#stopProducing(): apdexSummary produced 0 samples
2021-06-04 13:42:59,415 INFO o.a.j.r.p.AbstractSampleConsumer: class org.apache.jmeter.report.processor.RequestsSummaryConsumer#stopProducing(): requestsSummary produced 0 samples
2021-06-04 13:42:59,426 INFO o.a.j.r.p.AbstractSampleConsumer: class org.apache.jmeter.report.processor.StatisticsSummaryConsumer#stopProducing(): statisticsSummary produced 0 samples
2021-06-04 13:42:59,449 INFO o.a.j.r.p.AbstractSampleConsumer: class org.apache.jmeter.report.processor.Top5ErrorsBySamplerConsumer#stopProducing(): top5ErrorsBySampler produced 0 samples
2021-06-04 13:42:59,449 INFO o.a.j.r.p.AbstractSampleConsumer: class org.apache.jmeter.report.processor.ErrorsSummaryConsumer#stopProducing(): errorsSummary produced 0 samples
2021-06-04 13:42:59,449 INFO o.a.j.r.p.AbstractSampleConsumer: class org.apache.jmeter.report.processor.graph.impl.HitsPerSecondGraphConsumer#stopProducing(): hitsPerSecond produced 0 samples
2021-06-04 13:42:59,475 INFO o.a.j.r.p.AbstractSampleConsumer: class org.apache.jmeter.report.processor.graph.impl.LatencyVSRequestGraphConsumer#stopProducing(): latencyVsRequest produced 0 samples
2021-06-04 13:42:59,475 INFO o.a.j.r.p.AbstractSampleConsumer: class org.apache.jmeter.report.processor.graph.impl.SyntheticResponseTimeDistributionGraphConsumer#stopProducing(): syntheticResponseTimeDistribution produced 0 samples
2021-06-04 13:42:59,476 INFO o.a.j.r.p.AbstractSampleConsumer: class org.apache.jmeter.report.processor.graph.impl.BytesThroughputGraphConsumer#stopProducing(): bytesThroughputOverTime produced 0 samples
2021-06-04 13:42:59,476 INFO o.a.j.r.p.AbstractSampleConsumer: class org.apache.jmeter.report.processor.graph.impl.CodesPerSecondGraphConsumer#stopProducing(): codesPerSecond produced 0 samples
2021-06-04 13:42:59,483 INFO o.a.j.r.p.AbstractSampleConsumer: class org.apache.jmeter.report.processor.graph.impl.ResponseTimeVSRequestGraphConsumer#stopProducing(): responseTimeVsRequest produced 0 samples
2021-06-04 13:42:59,483 INFO o.a.j.r.p.AbstractSampleConsumer: class org.apache.jmeter.report.processor.FilterConsumer#stopProducing(): startIntervalControlerFilter produced 10605 samples
2021-06-04 13:42:59,483 INFO o.a.j.r.p.AbstractSampleConsumer: class org.apache.jmeter.report.processor.graph.impl.TotalTPSGraphConsumer#stopProducing(): totalTPS produced 0 samples
2021-06-04 13:42:59,483 INFO o.a.j.r.p.AbstractSampleConsumer: class org.apache.jmeter.report.processor.graph.impl.ActiveThreadsGraphConsumer#stopProducing(): activeThreadsOverTime produced 0 samples
2021-06-04 13:42:59,483 INFO o.a.j.r.p.AbstractSampleConsumer: class org.apache.jmeter.report.processor.graph.impl.TimeVSThreadGraphConsumer#stopProducing(): timeVsThreads produced 0 samples
2021-06-04 13:42:59,493 INFO o.a.j.r.p.AbstractSampleConsumer: class org.apache.jmeter.report.processor.graph.impl.ResponseTimeDistributionGraphConsumer#stopProducing(): responseTimeDistribution produced 0 samples
2021-06-04 13:42:59,494 INFO o.a.j.r.p.AbstractSampleConsumer: class org.apache.jmeter.report.processor.graph.impl.TransactionsPerSecondGraphConsumer#stopProducing(): transactionsPerSecond produced 0 samples
2021-06-04 13:42:59,495 INFO o.a.j.r.p.AbstractSampleConsumer: class org.apache.jmeter.report.processor.graph.impl.ResponseTimePercentilesGraphConsumer#stopProducing(): responseTimePercentiles produced 0 samples
2021-06-04 13:42:59,511 INFO o.a.j.r.p.AbstractSampleConsumer: class org.apache.jmeter.report.processor.graph.impl.ResponseTimePercentilesOverTimeGraphConsumer#stopProducing(): responseTimePercentilesOverTime produced 0 samples
2021-06-04 13:42:59,512 INFO o.a.j.r.p.AbstractSampleConsumer: class org.apache.jmeter.report.processor.graph.impl.ResponseTimeOverTimeGraphConsumer#stopProducing(): responseTimesOverTime produced 0 samples
2021-06-04 13:42:59,512 INFO o.a.j.r.p.AbstractSampleConsumer: class org.apache.jmeter.report.processor.graph.impl.ConnectTimeOverTimeGraphConsumer#stopProducing(): connectTimeOverTime produced 0 samples
2021-06-04 13:42:59,513 INFO o.a.j.r.p.AbstractSampleConsumer: class org.apache.jmeter.report.processor.graph.impl.LatencyOverTimeGraphConsumer#stopProducing(): latenciesOverTime produced 0 samples
2021-06-04 13:42:59,514 INFO o.a.j.r.p.AbstractSampleConsumer: class org.apache.jmeter.report.processor.FilterConsumer#stopProducing(): nameFilter produced 25860 samples
2021-06-04 13:42:59,514 INFO o.a.j.r.p.AbstractSampleConsumer: class org.apache.jmeter.report.processor.FilterConsumer#stopProducing(): dateRangeFilter produced 5172 samples
2021-06-04 13:42:59,514 INFO o.a.j.r.p.AbstractSampleConsumer: class org.apache.jmeter.report.processor.NormalizerSampleConsumer#stopProducing(): normalizer produced 1724 samples
2021-06-04 13:42:59,515 INFO o.a.j.r.p.CsvFileSampleSource: produce(): 1724 samples produced in 266ms on channel 0
2021-06-04 13:42:59,515 INFO o.a.j.r.d.ReportGenerator: Exporting data using exporter:'json' of className:'org.apache.jmeter.report.dashboard.JsonExporter'
2021-06-04 13:42:59,516 INFO o.a.j.r.d.JsonExporter: Found data for consumer statisticsSummary in context
2021-06-04 13:42:59,516 INFO o.a.j.r.d.JsonExporter: Creating statistics for overall
2021-06-04 13:42:59,517 INFO o.a.j.r.d.JsonExporter: Creating statistics for other transactions
2021-06-04 13:42:59,517 INFO o.a.j.r.d.JsonExporter: Checking output folder
2021-06-04 13:42:59,519 INFO o.a.j.r.d.JsonExporter: Writing statistics JSON to C:\xampp\htdocs\PerformancePostgres\L0_iSource_10_RFQMultipleQuestionsPublish_2021-06-04_9\statistics.json
2021-06-04 13:42:59,660 INFO o.a.j.r.d.ReportGenerator: Exporting data using exporter:'html' of className:'org.apache.jmeter.report.dashboard.HtmlTemplateExporter'
2021-06-04 13:42:59,663 INFO o.a.j.r.d.HtmlTemplateExporter: Will generate dashboard in folder: C:\xampp\htdocs\PerformancePostgres\L0_iSource_10_RFQMultipleQuestionsPublish_2021-06-04_9
2021-06-04 13:42:59,972 INFO o.a.j.r.d.HtmlTemplateExporter: Report will be generated in: C:\xampp\htdocs\PerformancePostgres\L0_iSource_10_RFQMultipleQuestionsPublish_2021-06-04_9, creating folder structure
2021-06-04 13:42:59,976 INFO o.a.j.r.d.TemplateVisitor: Copying folder from 'D:\apache-jmeter-5.1\apache-jmeter-5.1\bin\report-template' to 'C:\xampp\htdocs\PerformancePostgres\L0_iSource_10_RFQMultipleQuestionsPublish_2021-06-04_9', got message:[C:\xampp\htdocs\PerformancePostgres\L0_iSource_10_RFQMultipleQuestionsPublish_2021-06-04_9\statistics.json], found non empty folder with following content {}, will be ignored
2021-06-04 13:43:00,798 INFO o.a.j.JMeter: Dashboard generated
