2021-05-19 13:14:59,508 INFO o.a.j.u.JMeterUtils: Setting Locale to en_EN
2021-05-19 13:14:59,521 INFO o.a.j.JMeter: Loading user properties from: user.properties
2021-05-19 13:14:59,522 INFO o.a.j.JMeter: Loading system properties from: system.properties
2021-05-19 13:14:59,522 INFO o.a.j.JMeter: Setting JMeter property: meter.reportgenerator.report_title=AuctionAddSuppliers
2021-05-19 13:14:59,522 INFO o.a.j.JMeter: Setting JMeter property: thread=10
2021-05-19 13:14:59,522 INFO o.a.j.JMeter: Setting JMeter property: rampup=50
2021-05-19 13:14:59,526 INFO o.a.j.JMeter: Copyright (c) 1998-2019 The Apache Software Foundation
2021-05-19 13:14:59,526 INFO o.a.j.JMeter: Version 5.1 r1853635
2021-05-19 13:14:59,528 INFO o.a.j.JMeter: java.version=1.8.0_121
2021-05-19 13:14:59,528 INFO o.a.j.JMeter: java.vm.name=Java HotSpot(TM) 64-Bit Server VM
2021-05-19 13:14:59,528 INFO o.a.j.JMeter: os.name=Windows 10
2021-05-19 13:14:59,528 INFO o.a.j.JMeter: os.arch=amd64
2021-05-19 13:14:59,528 INFO o.a.j.JMeter: os.version=10.0
2021-05-19 13:14:59,528 INFO o.a.j.JMeter: file.encoding=Cp1252
2021-05-19 13:14:59,528 INFO o.a.j.JMeter: java.awt.headless=true
2021-05-19 13:14:59,528 INFO o.a.j.JMeter: Max memory     =8589934592
2021-05-19 13:14:59,528 INFO o.a.j.JMeter: Available Processors =6
2021-05-19 13:14:59,532 INFO o.a.j.JMeter: Default Locale=English (EN)
2021-05-19 13:14:59,532 INFO o.a.j.JMeter: JMeter  Locale=English (EN)
2021-05-19 13:14:59,532 INFO o.a.j.JMeter: JMeterHome=D:\apache-jmeter-5.1\apache-jmeter-5.1
2021-05-19 13:14:59,532 INFO o.a.j.JMeter: user.dir  =D:\apache-jmeter-5.1\apache-jmeter-5.1\bin
2021-05-19 13:14:59,532 INFO o.a.j.JMeter: PWD       =D:\apache-jmeter-5.1\apache-jmeter-5.1\bin
2021-05-19 13:14:59,534 INFO o.a.j.JMeter: IP: 172.30.225.123 Name: ZIPLSY2278 FullName: ZIPLSY2278.zycus.net
2021-05-19 13:14:59,535 INFO o.a.j.JMeter: Setting property 'jmeter.reportgenerator.outputdir' to:'C:\xampp\htdocs\PerformancePostgres\L0_iSource_10_AuctionAddSuppliers_2021-05-19_1'
2021-05-19 13:14:59,537 INFO o.a.j.s.FileServer: Default base='D:\apache-jmeter-5.1\apache-jmeter-5.1\bin'
2021-05-19 13:14:59,540 INFO o.a.j.s.FileServer: Set new base='D:\PostrgresMigration\iSource'
2021-05-19 13:14:59,636 INFO o.a.j.s.SaveService: Testplan (JMX) version: 2.2. Testlog (JTL) version: 2.2
2021-05-19 13:14:59,646 INFO o.a.j.s.SaveService: Using SaveService properties file encoding UTF-8
2021-05-19 13:14:59,650 INFO o.a.j.s.SaveService: Using SaveService properties version 5.0
2021-05-19 13:14:59,654 INFO o.a.j.s.SaveService: Loading file: D:\PostrgresMigration\iSource\L1_iSource_AuctionAddSuppliers.jmx
2021-05-19 13:14:59,693 INFO o.a.j.p.h.c.CookieManager: Settings: Delete null: true Check: true Allow variable: true Save: false Prefix: COOKIE_
2021-05-19 13:14:59,698 INFO o.a.j.p.h.c.CacheManager: Will only cache the following methods: [GET]
2021-05-19 13:14:59,705 INFO o.a.j.p.h.s.HTTPSamplerBase: Parser for text/html is org.apache.jmeter.protocol.http.parser.LagartoBasedHtmlParser
2021-05-19 13:14:59,706 INFO o.a.j.p.h.s.HTTPSamplerBase: Parser for application/xhtml+xml is org.apache.jmeter.protocol.http.parser.LagartoBasedHtmlParser
2021-05-19 13:14:59,706 INFO o.a.j.p.h.s.HTTPSamplerBase: Parser for application/xml is org.apache.jmeter.protocol.http.parser.LagartoBasedHtmlParser
2021-05-19 13:14:59,706 INFO o.a.j.p.h.s.HTTPSamplerBase: Parser for text/xml is org.apache.jmeter.protocol.http.parser.LagartoBasedHtmlParser
2021-05-19 13:14:59,706 INFO o.a.j.p.h.s.HTTPSamplerBase: Parser for text/vnd.wap.wml is org.apache.jmeter.protocol.http.parser.RegexpHTMLParser
2021-05-19 13:14:59,706 INFO o.a.j.p.h.s.HTTPSamplerBase: Parser for text/css is org.apache.jmeter.protocol.http.parser.CssParser
2021-05-19 13:14:59,956 INFO o.a.j.JMeter: Creating summariser <summary>
2021-05-19 13:14:59,964 INFO o.a.j.r.d.ReportGenerator: ReportGenerator will use for Parsing the separator: ','
2021-05-19 13:14:59,964 INFO o.a.j.r.d.ReportGenerator: Will generate report at end of test from  results file: D:\PostrgresMigration\iSource\JTL\L0_iSource_10_AuctionAddSuppliers_2021-05-19_1.jtl
2021-05-19 13:14:59,964 INFO o.a.j.r.d.ReportGenerator: Reading report generator properties from: D:\apache-jmeter-5.1\apache-jmeter-5.1\bin\reportgenerator.properties
2021-05-19 13:14:59,966 INFO o.a.j.r.d.ReportGenerator: Merging with JMeter properties
2021-05-19 13:14:59,971 INFO o.a.j.r.c.ReportGeneratorConfiguration: Property 'jmeter.reportgenerator.temp_dir' not found, using default value 'temp' instead.
2021-05-19 13:14:59,973 INFO o.a.j.r.c.ReportGeneratorConfiguration: Property 'jmeter.reportgenerator.apdex_per_transaction' not found, using default value 'null' instead.
2021-05-19 13:14:59,974 INFO o.a.j.r.c.ReportGeneratorConfiguration: apdex_per_transaction : {} is empty, not APDEX per transaction customization
2021-05-19 13:14:59,974 INFO o.a.j.r.c.ReportGeneratorConfiguration: Property 'jmeter.reportgenerator.sample_filter' not found, using default value 'null' instead.
2021-05-19 13:14:59,974 INFO o.a.j.r.c.ReportGeneratorConfiguration: Property 'jmeter.reportgenerator.report_title' not found, using default value 'null' instead.
2021-05-19 13:14:59,974 INFO o.a.j.r.c.ReportGeneratorConfiguration: Property 'jmeter.reportgenerator.start_date' not found, using default value 'null' instead.
2021-05-19 13:14:59,974 INFO o.a.j.r.c.ReportGeneratorConfiguration: Property 'jmeter.reportgenerator.end_date' not found, using default value 'null' instead.
2021-05-19 13:14:59,974 INFO o.a.j.r.c.ReportGeneratorConfiguration: Property 'jmeter.reportgenerator.date_format' not found, using default value 'null' instead.
2021-05-19 13:14:59,975 INFO o.a.j.r.c.ReportGeneratorConfiguration: Will use date range start date: null, end date: null
2021-05-19 13:14:59,986 INFO o.a.j.r.c.ReportGeneratorConfiguration: Property 'jmeter.reportgenerator.graph.totalTPS.exclude_controllers' not found, using default value 'false' instead.
2021-05-19 13:14:59,986 INFO o.a.j.r.c.ReportGeneratorConfiguration: Property 'jmeter.reportgenerator.graph.activeThreadsOverTime.exclude_controllers' not found, using default value 'false' instead.
2021-05-19 13:14:59,986 INFO o.a.j.r.c.ReportGeneratorConfiguration: Property 'jmeter.reportgenerator.graph.timeVsThreads.exclude_controllers' not found, using default value 'false' instead.
2021-05-19 13:14:59,986 INFO o.a.j.r.c.ReportGeneratorConfiguration: Property 'jmeter.reportgenerator.graph.responseTimeDistribution.exclude_controllers' not found, using default value 'false' instead.
2021-05-19 13:14:59,986 INFO o.a.j.r.c.ReportGeneratorConfiguration: Property 'jmeter.reportgenerator.graph.transactionsPerSecond.exclude_controllers' not found, using default value 'false' instead.
2021-05-19 13:14:59,987 INFO o.a.j.r.c.ReportGeneratorConfiguration: Property 'jmeter.reportgenerator.graph.responseTimePercentiles.exclude_controllers' not found, using default value 'false' instead.
2021-05-19 13:14:59,987 INFO o.a.j.r.c.ReportGeneratorConfiguration: Property 'jmeter.reportgenerator.graph.responseTimePercentilesOverTime.exclude_controllers' not found, using default value 'false' instead.
2021-05-19 13:14:59,987 INFO o.a.j.r.c.ReportGeneratorConfiguration: Property 'jmeter.reportgenerator.graph.responseTimesOverTime.exclude_controllers' not found, using default value 'false' instead.
2021-05-19 13:14:59,988 INFO o.a.j.r.c.ReportGeneratorConfiguration: Property 'jmeter.reportgenerator.graph.connectTimeOverTime.exclude_controllers' not found, using default value 'false' instead.
2021-05-19 13:14:59,988 INFO o.a.j.r.c.ReportGeneratorConfiguration: Property 'jmeter.reportgenerator.graph.latenciesOverTime.exclude_controllers' not found, using default value 'false' instead.
2021-05-19 13:14:59,989 INFO o.a.j.r.c.ReportGeneratorConfiguration: Property 'jmeter.reportgenerator.exporter.json.filters_only_sample_series' not found, using default value 'true' instead.
2021-05-19 13:14:59,989 INFO o.a.j.r.c.ReportGeneratorConfiguration: Property 'jmeter.reportgenerator.exporter.json.series_filter' not found, using default value '' instead.
2021-05-19 13:14:59,989 INFO o.a.j.r.c.ReportGeneratorConfiguration: Property 'jmeter.reportgenerator.exporter.json.show_controllers_only' not found, using default value 'false' instead.
2021-05-19 13:14:59,990 INFO o.a.j.r.c.ReportGeneratorConfiguration: Property 'jmeter.reportgenerator.exporter.html.filters_only_sample_series' not found, using default value 'true' instead.
2021-05-19 13:14:59,990 INFO o.a.j.r.c.ReportGeneratorConfiguration: Property 'jmeter.reportgenerator.exporter.html.series_filter' not found, using default value '' instead.
2021-05-19 13:14:59,990 INFO o.a.j.r.c.ReportGeneratorConfiguration: Property 'jmeter.reportgenerator.exporter.html.show_controllers_only' not found, using default value 'false' instead.
2021-05-19 13:14:59,996 INFO o.a.j.e.StandardJMeterEngine: Running the test!
2021-05-19 13:14:59,998 INFO o.a.j.s.SampleEvent: List of sample_variables: []
2021-05-19 13:14:59,998 INFO o.a.j.s.SampleEvent: List of sample_variables: []
2021-05-19 13:15:00,005 INFO o.a.j.e.u.CompoundVariable: Note: Function class names must contain the string: '.functions.'
2021-05-19 13:15:00,005 INFO o.a.j.e.u.CompoundVariable: Note: Function class names must not contain the string: '.gui.'
2021-05-19 13:15:00,413 INFO o.a.j.JMeter: Running test (1621410300413)
2021-05-19 13:15:00,471 INFO o.a.j.e.StandardJMeterEngine: Starting ThreadGroup: 1 : L1-iSource-AuctionAddSuppliers-Job
2021-05-19 13:15:00,472 INFO o.a.j.e.StandardJMeterEngine: Starting 10 threads for group L1-iSource-AuctionAddSuppliers-Job.
2021-05-19 13:15:00,472 INFO o.a.j.e.StandardJMeterEngine: Thread will stop on error
2021-05-19 13:15:00,472 INFO o.a.j.t.ThreadGroup: Starting thread group... number=1 threads=10 ramp-up=50 perThread=5000.0 delayedStart=false
2021-05-19 13:15:00,506 INFO o.a.j.s.SampleResult: Note: Sample TimeStamps are START times
2021-05-19 13:15:00,506 INFO o.a.j.s.SampleResult: sampleresult.default.encoding is set to ISO-8859-1
2021-05-19 13:15:00,506 INFO o.a.j.s.SampleResult: sampleresult.useNanoTime=true
2021-05-19 13:15:00,507 INFO o.a.j.s.SampleResult: sampleresult.nanoThreadSleep=5000
2021-05-19 13:15:00,513 INFO o.a.j.t.JMeterThread: Thread started: L1-iSource-AuctionAddSuppliers-Job 1-1
2021-05-19 13:15:00,515 INFO o.a.j.c.LoopController: iterationStart called on 5.6# Questions_Text with source org.apache.jmeter.control.LoopController@24f83082 and iteration 1
2021-05-19 13:15:00,515 INFO o.a.j.s.FileServer: Stored: D:\apache-jmeter-5.1\apache-jmeter-5.1\bin\excel\isource\Partner_ZCS_Users.csv
2021-05-19 13:15:00,534 INFO o.a.j.p.h.s.HTTPHCAbstractImpl: Local host = ZIPLSY2278
2021-05-19 13:15:00,542 INFO o.a.j.p.h.s.HTTPHC4Impl: HTTP request retry count = 0
2021-05-19 13:15:00,651 INFO o.a.j.p.h.s.h.LazyLayeredConnectionSocketFactory: Setting up HTTPS TrustAll Socket Factory
2021-05-19 13:15:00,658 INFO o.a.j.u.JsseSSLManager: Using default SSL protocol: TLS
2021-05-19 13:15:00,658 INFO o.a.j.u.JsseSSLManager: SSL session context: per-thread
2021-05-19 13:15:00,818 INFO o.a.j.t.ThreadGroup: Started thread group number 1
2021-05-19 13:15:00,818 INFO o.a.j.e.StandardJMeterEngine: All thread groups have been started
2021-05-19 13:15:01,256 INFO o.a.j.u.SSLManager: JmeterKeyStore Location:  type JKS
2021-05-19 13:15:01,258 INFO o.a.j.u.SSLManager: KeyStore created OK
2021-05-19 13:15:01,259 WARN o.a.j.u.SSLManager: Keystore file not found, loading empty keystore
2021-05-19 13:15:02,003 INFO o.a.j.r.Summariser: summary +      1 in 00:00:02 =    0.6/s Avg:  1389 Min:  1389 Max:  1389 Err:     0 (0.00%) Active: 1 Started: 1 Finished: 0
2021-05-19 13:15:05,538 INFO o.a.j.t.JMeterThread: Thread started: L1-iSource-AuctionAddSuppliers-Job 1-2
2021-05-19 13:15:05,538 INFO o.a.j.c.LoopController: iterationStart called on 5.6# Questions_Text with source org.apache.jmeter.control.LoopController@336ab33 and iteration 1
2021-05-19 13:15:10,586 INFO o.a.j.t.JMeterThread: Thread started: L1-iSource-AuctionAddSuppliers-Job 1-3
2021-05-19 13:15:10,586 INFO o.a.j.c.LoopController: iterationStart called on 5.6# Questions_Text with source org.apache.jmeter.control.LoopController@20a5a1df and iteration 1
2021-05-19 13:15:12,311 INFO o.a.j.t.JMeterThread: Stop Thread detected by thread: L1-iSource-AuctionAddSuppliers-Job 1-1
2021-05-19 13:15:12,312 INFO o.a.j.t.JMeterThread: Thread finished: L1-iSource-AuctionAddSuppliers-Job 1-1
2021-05-19 13:15:15,361 INFO o.a.j.t.JMeterThread: Stop Thread detected by thread: L1-iSource-AuctionAddSuppliers-Job 1-2
2021-05-19 13:15:15,361 INFO o.a.j.t.JMeterThread: Thread finished: L1-iSource-AuctionAddSuppliers-Job 1-2
2021-05-19 13:15:15,630 INFO o.a.j.t.JMeterThread: Thread started: L1-iSource-AuctionAddSuppliers-Job 1-4
2021-05-19 13:15:15,632 INFO o.a.j.c.LoopController: iterationStart called on 5.6# Questions_Text with source org.apache.jmeter.control.LoopController@225a808f and iteration 1
2021-05-19 13:15:20,009 INFO o.a.j.t.JMeterThread: Stop Thread detected by thread: L1-iSource-AuctionAddSuppliers-Job 1-3
2021-05-19 13:15:20,009 INFO o.a.j.t.JMeterThread: Thread finished: L1-iSource-AuctionAddSuppliers-Job 1-3
2021-05-19 13:15:20,658 INFO o.a.j.t.JMeterThread: Thread started: L1-iSource-AuctionAddSuppliers-Job 1-5
2021-05-19 13:15:20,659 INFO o.a.j.c.LoopController: iterationStart called on 5.6# Questions_Text with source org.apache.jmeter.control.LoopController@36fc3d4c and iteration 1
2021-05-19 13:15:25,394 INFO o.a.j.t.JMeterThread: Stop Thread detected by thread: L1-iSource-AuctionAddSuppliers-Job 1-4
2021-05-19 13:15:25,394 INFO o.a.j.t.JMeterThread: Thread finished: L1-iSource-AuctionAddSuppliers-Job 1-4
2021-05-19 13:15:25,684 INFO o.a.j.t.JMeterThread: Thread started: L1-iSource-AuctionAddSuppliers-Job 1-6
2021-05-19 13:15:25,685 INFO o.a.j.c.LoopController: iterationStart called on 5.6# Questions_Text with source org.apache.jmeter.control.LoopController@7c5961a8 and iteration 1
2021-05-19 13:15:30,106 INFO o.a.j.r.Summariser: summary +     59 in 00:00:28 =    2.1/s Avg:   322 Min:    16 Max:  1067 Err:     4 (6.78%) Active: 2 Started: 6 Finished: 4
2021-05-19 13:15:30,107 INFO o.a.j.r.Summariser: summary =     60 in 00:00:30 =    2.0/s Avg:   340 Min:    16 Max:  1389 Err:     4 (6.67%)
2021-05-19 13:15:30,702 INFO o.a.j.t.JMeterThread: Stop Thread detected by thread: L1-iSource-AuctionAddSuppliers-Job 1-5
2021-05-19 13:15:30,702 INFO o.a.j.t.JMeterThread: Thread finished: L1-iSource-AuctionAddSuppliers-Job 1-5
2021-05-19 13:15:30,711 INFO o.a.j.t.JMeterThread: Thread started: L1-iSource-AuctionAddSuppliers-Job 1-7
2021-05-19 13:15:30,711 INFO o.a.j.c.LoopController: iterationStart called on 5.6# Questions_Text with source org.apache.jmeter.control.LoopController@7f6878e6 and iteration 1
2021-05-19 13:15:35,488 INFO o.a.j.t.JMeterThread: Stop Thread detected by thread: L1-iSource-AuctionAddSuppliers-Job 1-6
2021-05-19 13:15:35,488 INFO o.a.j.t.JMeterThread: Thread finished: L1-iSource-AuctionAddSuppliers-Job 1-6
2021-05-19 13:15:35,747 INFO o.a.j.t.JMeterThread: Thread started: L1-iSource-AuctionAddSuppliers-Job 1-8
2021-05-19 13:15:35,747 INFO o.a.j.c.LoopController: iterationStart called on 5.6# Questions_Text with source org.apache.jmeter.control.LoopController@5a7f780c and iteration 1
2021-05-19 13:15:40,385 INFO o.a.j.t.JMeterThread: Stop Thread detected by thread: L1-iSource-AuctionAddSuppliers-Job 1-7
2021-05-19 13:15:40,385 INFO o.a.j.t.JMeterThread: Thread finished: L1-iSource-AuctionAddSuppliers-Job 1-7
2021-05-19 13:15:40,784 INFO o.a.j.t.JMeterThread: Thread started: L1-iSource-AuctionAddSuppliers-Job 1-9
2021-05-19 13:15:40,785 INFO o.a.j.c.LoopController: iterationStart called on 5.6# Questions_Text with source org.apache.jmeter.control.LoopController@6675049e and iteration 1
2021-05-19 13:15:45,181 INFO o.a.j.t.JMeterThread: Stop Thread detected by thread: L1-iSource-AuctionAddSuppliers-Job 1-8
2021-05-19 13:15:45,182 INFO o.a.j.t.JMeterThread: Thread finished: L1-iSource-AuctionAddSuppliers-Job 1-8
2021-05-19 13:15:45,822 INFO o.a.j.t.JMeterThread: Thread started: L1-iSource-AuctionAddSuppliers-Job 1-10
2021-05-19 13:15:45,823 INFO o.a.j.c.LoopController: iterationStart called on 5.6# Questions_Text with source org.apache.jmeter.control.LoopController@69d9c895 and iteration 1
2021-05-19 13:15:50,419 INFO o.a.j.t.JMeterThread: Stop Thread detected by thread: L1-iSource-AuctionAddSuppliers-Job 1-9
2021-05-19 13:15:50,419 INFO o.a.j.t.JMeterThread: Thread finished: L1-iSource-AuctionAddSuppliers-Job 1-9
2021-05-19 13:15:55,593 INFO o.a.j.t.JMeterThread: Stop Thread detected by thread: L1-iSource-AuctionAddSuppliers-Job 1-10
2021-05-19 13:15:55,593 INFO o.a.j.t.JMeterThread: Thread finished: L1-iSource-AuctionAddSuppliers-Job 1-10
2021-05-19 13:15:55,595 INFO o.a.j.e.StandardJMeterEngine: Notifying test listeners of end of test
2021-05-19 13:15:55,595 INFO o.a.j.s.FileServer: Close: D:\apache-jmeter-5.1\apache-jmeter-5.1\bin\excel\isource\Partner_ZCS_Users.csv
2021-05-19 13:15:55,598 INFO o.a.j.r.Summariser: summary +     60 in 00:00:25 =    2.4/s Avg:   297 Min:    15 Max:   746 Err:     6 (10.00%) Active: 0 Started: 10 Finished: 10
2021-05-19 13:15:55,598 INFO o.a.j.r.Summariser: summary =    120 in 00:00:55 =    2.2/s Avg:   319 Min:    15 Max:  1389 Err:    10 (8.33%)
2021-05-19 13:15:55,600 INFO o.a.j.JMeter: Generating Dashboard
2021-05-19 13:15:55,600 INFO o.a.j.r.d.ReportGenerator: Flushing result collector before report Generation
2021-05-19 13:15:55,624 INFO o.a.j.r.p.NormalizerSampleConsumer: Using format, 'ms', to parse timeStamp field
2021-05-19 13:15:55,702 INFO o.a.j.r.p.AbstractSampleConsumer: class org.apache.jmeter.report.processor.AggregateConsumer#stopProducing(): beginDate produced 0 samples
2021-05-19 13:15:55,702 INFO o.a.j.r.p.AbstractSampleConsumer: class org.apache.jmeter.report.processor.AggregateConsumer#stopProducing(): endDate produced 0 samples
2021-05-19 13:15:55,703 INFO o.a.j.r.p.AbstractSampleConsumer: class org.apache.jmeter.report.processor.ApdexSummaryConsumer#stopProducing(): apdexSummary produced 0 samples
2021-05-19 13:15:55,703 INFO o.a.j.r.p.AbstractSampleConsumer: class org.apache.jmeter.report.processor.RequestsSummaryConsumer#stopProducing(): requestsSummary produced 0 samples
2021-05-19 13:15:55,707 INFO o.a.j.r.p.AbstractSampleConsumer: class org.apache.jmeter.report.processor.StatisticsSummaryConsumer#stopProducing(): statisticsSummary produced 0 samples
2021-05-19 13:15:55,711 INFO o.a.j.r.p.AbstractSampleConsumer: class org.apache.jmeter.report.processor.Top5ErrorsBySamplerConsumer#stopProducing(): top5ErrorsBySampler produced 0 samples
2021-05-19 13:15:55,711 INFO o.a.j.r.p.AbstractSampleConsumer: class org.apache.jmeter.report.processor.ErrorsSummaryConsumer#stopProducing(): errorsSummary produced 0 samples
2021-05-19 13:15:55,711 INFO o.a.j.r.p.AbstractSampleConsumer: class org.apache.jmeter.report.processor.graph.impl.HitsPerSecondGraphConsumer#stopProducing(): hitsPerSecond produced 0 samples
2021-05-19 13:15:55,719 INFO o.a.j.r.p.AbstractSampleConsumer: class org.apache.jmeter.report.processor.graph.impl.LatencyVSRequestGraphConsumer#stopProducing(): latencyVsRequest produced 0 samples
2021-05-19 13:15:55,719 INFO o.a.j.r.p.AbstractSampleConsumer: class org.apache.jmeter.report.processor.graph.impl.SyntheticResponseTimeDistributionGraphConsumer#stopProducing(): syntheticResponseTimeDistribution produced 0 samples
2021-05-19 13:15:55,719 INFO o.a.j.r.p.AbstractSampleConsumer: class org.apache.jmeter.report.processor.graph.impl.BytesThroughputGraphConsumer#stopProducing(): bytesThroughputOverTime produced 0 samples
2021-05-19 13:15:55,719 INFO o.a.j.r.p.AbstractSampleConsumer: class org.apache.jmeter.report.processor.graph.impl.CodesPerSecondGraphConsumer#stopProducing(): codesPerSecond produced 0 samples
2021-05-19 13:15:55,723 INFO o.a.j.r.p.AbstractSampleConsumer: class org.apache.jmeter.report.processor.graph.impl.ResponseTimeVSRequestGraphConsumer#stopProducing(): responseTimeVsRequest produced 0 samples
2021-05-19 13:15:55,723 INFO o.a.j.r.p.AbstractSampleConsumer: class org.apache.jmeter.report.processor.FilterConsumer#stopProducing(): startIntervalControlerFilter produced 840 samples
2021-05-19 13:15:55,723 INFO o.a.j.r.p.AbstractSampleConsumer: class org.apache.jmeter.report.processor.graph.impl.TotalTPSGraphConsumer#stopProducing(): totalTPS produced 0 samples
2021-05-19 13:15:55,724 INFO o.a.j.r.p.AbstractSampleConsumer: class org.apache.jmeter.report.processor.graph.impl.ActiveThreadsGraphConsumer#stopProducing(): activeThreadsOverTime produced 0 samples
2021-05-19 13:15:55,724 INFO o.a.j.r.p.AbstractSampleConsumer: class org.apache.jmeter.report.processor.graph.impl.TimeVSThreadGraphConsumer#stopProducing(): timeVsThreads produced 0 samples
2021-05-19 13:15:55,724 INFO o.a.j.r.p.AbstractSampleConsumer: class org.apache.jmeter.report.processor.graph.impl.ResponseTimeDistributionGraphConsumer#stopProducing(): responseTimeDistribution produced 0 samples
2021-05-19 13:15:55,724 INFO o.a.j.r.p.AbstractSampleConsumer: class org.apache.jmeter.report.processor.graph.impl.TransactionsPerSecondGraphConsumer#stopProducing(): transactionsPerSecond produced 0 samples
2021-05-19 13:15:55,724 INFO o.a.j.r.p.AbstractSampleConsumer: class org.apache.jmeter.report.processor.graph.impl.ResponseTimePercentilesGraphConsumer#stopProducing(): responseTimePercentiles produced 0 samples
2021-05-19 13:15:55,727 INFO o.a.j.r.p.AbstractSampleConsumer: class org.apache.jmeter.report.processor.graph.impl.ResponseTimePercentilesOverTimeGraphConsumer#stopProducing(): responseTimePercentilesOverTime produced 0 samples
2021-05-19 13:15:55,728 INFO o.a.j.r.p.AbstractSampleConsumer: class org.apache.jmeter.report.processor.graph.impl.ResponseTimeOverTimeGraphConsumer#stopProducing(): responseTimesOverTime produced 0 samples
2021-05-19 13:15:55,728 INFO o.a.j.r.p.AbstractSampleConsumer: class org.apache.jmeter.report.processor.graph.impl.ConnectTimeOverTimeGraphConsumer#stopProducing(): connectTimeOverTime produced 0 samples
2021-05-19 13:15:55,728 INFO o.a.j.r.p.AbstractSampleConsumer: class org.apache.jmeter.report.processor.graph.impl.LatencyOverTimeGraphConsumer#stopProducing(): latenciesOverTime produced 0 samples
2021-05-19 13:15:55,728 INFO o.a.j.r.p.AbstractSampleConsumer: class org.apache.jmeter.report.processor.FilterConsumer#stopProducing(): nameFilter produced 1950 samples
2021-05-19 13:15:55,728 INFO o.a.j.r.p.AbstractSampleConsumer: class org.apache.jmeter.report.processor.FilterConsumer#stopProducing(): dateRangeFilter produced 390 samples
2021-05-19 13:15:55,728 INFO o.a.j.r.p.AbstractSampleConsumer: class org.apache.jmeter.report.processor.NormalizerSampleConsumer#stopProducing(): normalizer produced 130 samples
2021-05-19 13:15:55,729 INFO o.a.j.r.p.CsvFileSampleSource: produce(): 130 samples produced in 78ms on channel 0
2021-05-19 13:15:55,729 INFO o.a.j.r.d.ReportGenerator: Exporting data using exporter:'json' of className:'org.apache.jmeter.report.dashboard.JsonExporter'
2021-05-19 13:15:55,730 INFO o.a.j.r.d.JsonExporter: Found data for consumer statisticsSummary in context
2021-05-19 13:15:55,730 INFO o.a.j.r.d.JsonExporter: Creating statistics for overall
2021-05-19 13:15:55,730 INFO o.a.j.r.d.JsonExporter: Creating statistics for other transactions
2021-05-19 13:15:55,731 INFO o.a.j.r.d.JsonExporter: Checking output folder
2021-05-19 13:15:55,733 INFO o.a.j.r.d.JsonExporter: Writing statistics JSON to C:\xampp\htdocs\PerformancePostgres\L0_iSource_10_AuctionAddSuppliers_2021-05-19_1\statistics.json
2021-05-19 13:15:55,861 INFO o.a.j.r.d.ReportGenerator: Exporting data using exporter:'html' of className:'org.apache.jmeter.report.dashboard.HtmlTemplateExporter'
2021-05-19 13:15:55,864 INFO o.a.j.r.d.HtmlTemplateExporter: Will generate dashboard in folder: C:\xampp\htdocs\PerformancePostgres\L0_iSource_10_AuctionAddSuppliers_2021-05-19_1
2021-05-19 13:15:55,933 INFO o.a.j.r.d.HtmlTemplateExporter: Report will be generated in: C:\xampp\htdocs\PerformancePostgres\L0_iSource_10_AuctionAddSuppliers_2021-05-19_1, creating folder structure
2021-05-19 13:15:55,937 INFO o.a.j.r.d.TemplateVisitor: Copying folder from 'D:\apache-jmeter-5.1\apache-jmeter-5.1\bin\report-template' to 'C:\xampp\htdocs\PerformancePostgres\L0_iSource_10_AuctionAddSuppliers_2021-05-19_1', got message:[C:\xampp\htdocs\PerformancePostgres\L0_iSource_10_AuctionAddSuppliers_2021-05-19_1\statistics.json], found non empty folder with following content {}, will be ignored
2021-05-19 13:15:56,643 INFO o.a.j.JMeter: Dashboard generated
