2021-06-11 13:05:54,881 INFO o.a.j.u.JMeterUtils: Setting Locale to en_EN
2021-06-11 13:05:54,894 INFO o.a.j.JMeter: Loading user properties from: user.properties
2021-06-11 13:05:54,894 INFO o.a.j.JMeter: Loading system properties from: system.properties
2021-06-11 13:05:54,895 INFO o.a.j.JMeter: Setting JMeter property: meter.reportgenerator.report_title=AuctionAddSuppliers
2021-06-11 13:05:54,895 INFO o.a.j.JMeter: Setting JMeter property: thread=10
2021-06-11 13:05:54,895 INFO o.a.j.JMeter: Setting JMeter property: rampup=30
2021-06-11 13:05:54,899 INFO o.a.j.JMeter: Copyright (c) 1998-2019 The Apache Software Foundation
2021-06-11 13:05:54,899 INFO o.a.j.JMeter: Version 5.1 r1853635
2021-06-11 13:05:54,899 INFO o.a.j.JMeter: java.version=1.8.0_121
2021-06-11 13:05:54,899 INFO o.a.j.JMeter: java.vm.name=Java HotSpot(TM) 64-Bit Server VM
2021-06-11 13:05:54,899 INFO o.a.j.JMeter: os.name=Windows 10
2021-06-11 13:05:54,899 INFO o.a.j.JMeter: os.arch=amd64
2021-06-11 13:05:54,899 INFO o.a.j.JMeter: os.version=10.0
2021-06-11 13:05:54,899 INFO o.a.j.JMeter: file.encoding=Cp1252
2021-06-11 13:05:54,899 INFO o.a.j.JMeter: java.awt.headless=true
2021-06-11 13:05:54,899 INFO o.a.j.JMeter: Max memory     =8589934592
2021-06-11 13:05:54,899 INFO o.a.j.JMeter: Available Processors =6
2021-06-11 13:05:54,902 INFO o.a.j.JMeter: Default Locale=English (EN)
2021-06-11 13:05:54,902 INFO o.a.j.JMeter: JMeter  Locale=English (EN)
2021-06-11 13:05:54,902 INFO o.a.j.JMeter: JMeterHome=D:\apache-jmeter-5.1\apache-jmeter-5.1
2021-06-11 13:05:54,902 INFO o.a.j.JMeter: user.dir  =D:\apache-jmeter-5.1\apache-jmeter-5.1\bin
2021-06-11 13:05:54,903 INFO o.a.j.JMeter: PWD       =D:\apache-jmeter-5.1\apache-jmeter-5.1\bin
2021-06-11 13:05:54,904 INFO o.a.j.JMeter: IP: 172.30.225.123 Name: ZIPLSY2278 FullName: ZIPLSY2278.zycus.net
2021-06-11 13:05:54,906 INFO o.a.j.JMeter: Setting property 'jmeter.reportgenerator.outputdir' to:'C:\xampp\htdocs\PerformancePostgres\L0_iSource_10_AuctionAddSuppliers_2021-06-11_7'
2021-06-11 13:05:54,909 INFO o.a.j.s.FileServer: Default base='D:\apache-jmeter-5.1\apache-jmeter-5.1\bin'
2021-06-11 13:05:54,912 INFO o.a.j.s.FileServer: Set new base='D:\PostrgresMigration\iSource'
2021-06-11 13:05:55,038 INFO o.a.j.s.SaveService: Testplan (JMX) version: 2.2. Testlog (JTL) version: 2.2
2021-06-11 13:05:55,049 INFO o.a.j.s.SaveService: Using SaveService properties file encoding UTF-8
2021-06-11 13:05:55,054 INFO o.a.j.s.SaveService: Using SaveService properties version 5.0
2021-06-11 13:05:55,061 INFO o.a.j.s.SaveService: Loading file: D:\PostrgresMigration\iSource\L1_iSource_AuctionAddSuppliers.jmx
2021-06-11 13:05:55,165 INFO o.a.j.p.h.c.CookieManager: Settings: Delete null: true Check: true Allow variable: true Save: false Prefix: COOKIE_
2021-06-11 13:05:55,170 INFO o.a.j.p.h.c.CacheManager: Will only cache the following methods: [GET]
2021-06-11 13:05:55,178 INFO o.a.j.p.h.s.HTTPSamplerBase: Parser for text/html is org.apache.jmeter.protocol.http.parser.LagartoBasedHtmlParser
2021-06-11 13:05:55,178 INFO o.a.j.p.h.s.HTTPSamplerBase: Parser for application/xhtml+xml is org.apache.jmeter.protocol.http.parser.LagartoBasedHtmlParser
2021-06-11 13:05:55,178 INFO o.a.j.p.h.s.HTTPSamplerBase: Parser for application/xml is org.apache.jmeter.protocol.http.parser.LagartoBasedHtmlParser
2021-06-11 13:05:55,178 INFO o.a.j.p.h.s.HTTPSamplerBase: Parser for text/xml is org.apache.jmeter.protocol.http.parser.LagartoBasedHtmlParser
2021-06-11 13:05:55,178 INFO o.a.j.p.h.s.HTTPSamplerBase: Parser for text/vnd.wap.wml is org.apache.jmeter.protocol.http.parser.RegexpHTMLParser
2021-06-11 13:05:55,178 INFO o.a.j.p.h.s.HTTPSamplerBase: Parser for text/css is org.apache.jmeter.protocol.http.parser.CssParser
2021-06-11 13:05:55,424 INFO o.a.j.JMeter: Creating summariser <summary>
2021-06-11 13:05:55,429 INFO o.a.j.r.d.ReportGenerator: ReportGenerator will use for Parsing the separator: ','
2021-06-11 13:05:55,429 INFO o.a.j.r.d.ReportGenerator: Will generate report at end of test from  results file: D:\PostrgresMigration\iSource\JTL\L0_iSource_10_AuctionAddSuppliers_2021-06-11_7.jtl
2021-06-11 13:05:55,429 INFO o.a.j.r.d.ReportGenerator: Reading report generator properties from: D:\apache-jmeter-5.1\apache-jmeter-5.1\bin\reportgenerator.properties
2021-06-11 13:05:55,430 INFO o.a.j.r.d.ReportGenerator: Merging with JMeter properties
2021-06-11 13:05:55,434 INFO o.a.j.r.c.ReportGeneratorConfiguration: Property 'jmeter.reportgenerator.temp_dir' not found, using default value 'temp' instead.
2021-06-11 13:05:55,436 INFO o.a.j.r.c.ReportGeneratorConfiguration: Property 'jmeter.reportgenerator.apdex_per_transaction' not found, using default value 'null' instead.
2021-06-11 13:05:55,436 INFO o.a.j.r.c.ReportGeneratorConfiguration: apdex_per_transaction : {} is empty, not APDEX per transaction customization
2021-06-11 13:05:55,437 INFO o.a.j.r.c.ReportGeneratorConfiguration: Property 'jmeter.reportgenerator.sample_filter' not found, using default value 'null' instead.
2021-06-11 13:05:55,437 INFO o.a.j.r.c.ReportGeneratorConfiguration: Property 'jmeter.reportgenerator.report_title' not found, using default value 'null' instead.
2021-06-11 13:05:55,437 INFO o.a.j.r.c.ReportGeneratorConfiguration: Property 'jmeter.reportgenerator.start_date' not found, using default value 'null' instead.
2021-06-11 13:05:55,437 INFO o.a.j.r.c.ReportGeneratorConfiguration: Property 'jmeter.reportgenerator.end_date' not found, using default value 'null' instead.
2021-06-11 13:05:55,437 INFO o.a.j.r.c.ReportGeneratorConfiguration: Property 'jmeter.reportgenerator.date_format' not found, using default value 'null' instead.
2021-06-11 13:05:55,437 INFO o.a.j.r.c.ReportGeneratorConfiguration: Will use date range start date: null, end date: null
2021-06-11 13:05:55,441 INFO o.a.j.r.c.ReportGeneratorConfiguration: Property 'jmeter.reportgenerator.graph.totalTPS.exclude_controllers' not found, using default value 'false' instead.
2021-06-11 13:05:55,441 INFO o.a.j.r.c.ReportGeneratorConfiguration: Property 'jmeter.reportgenerator.graph.activeThreadsOverTime.exclude_controllers' not found, using default value 'false' instead.
2021-06-11 13:05:55,441 INFO o.a.j.r.c.ReportGeneratorConfiguration: Property 'jmeter.reportgenerator.graph.timeVsThreads.exclude_controllers' not found, using default value 'false' instead.
2021-06-11 13:05:55,441 INFO o.a.j.r.c.ReportGeneratorConfiguration: Property 'jmeter.reportgenerator.graph.responseTimeDistribution.exclude_controllers' not found, using default value 'false' instead.
2021-06-11 13:05:55,441 INFO o.a.j.r.c.ReportGeneratorConfiguration: Property 'jmeter.reportgenerator.graph.transactionsPerSecond.exclude_controllers' not found, using default value 'false' instead.
2021-06-11 13:05:55,441 INFO o.a.j.r.c.ReportGeneratorConfiguration: Property 'jmeter.reportgenerator.graph.responseTimePercentiles.exclude_controllers' not found, using default value 'false' instead.
2021-06-11 13:05:55,441 INFO o.a.j.r.c.ReportGeneratorConfiguration: Property 'jmeter.reportgenerator.graph.responseTimePercentilesOverTime.exclude_controllers' not found, using default value 'false' instead.
2021-06-11 13:05:55,442 INFO o.a.j.r.c.ReportGeneratorConfiguration: Property 'jmeter.reportgenerator.graph.responseTimesOverTime.exclude_controllers' not found, using default value 'false' instead.
2021-06-11 13:05:55,442 INFO o.a.j.r.c.ReportGeneratorConfiguration: Property 'jmeter.reportgenerator.graph.connectTimeOverTime.exclude_controllers' not found, using default value 'false' instead.
2021-06-11 13:05:55,442 INFO o.a.j.r.c.ReportGeneratorConfiguration: Property 'jmeter.reportgenerator.graph.latenciesOverTime.exclude_controllers' not found, using default value 'false' instead.
2021-06-11 13:05:55,443 INFO o.a.j.r.c.ReportGeneratorConfiguration: Property 'jmeter.reportgenerator.exporter.json.filters_only_sample_series' not found, using default value 'true' instead.
2021-06-11 13:05:55,443 INFO o.a.j.r.c.ReportGeneratorConfiguration: Property 'jmeter.reportgenerator.exporter.json.series_filter' not found, using default value '' instead.
2021-06-11 13:05:55,443 INFO o.a.j.r.c.ReportGeneratorConfiguration: Property 'jmeter.reportgenerator.exporter.json.show_controllers_only' not found, using default value 'false' instead.
2021-06-11 13:05:55,443 INFO o.a.j.r.c.ReportGeneratorConfiguration: Property 'jmeter.reportgenerator.exporter.html.filters_only_sample_series' not found, using default value 'true' instead.
2021-06-11 13:05:55,443 INFO o.a.j.r.c.ReportGeneratorConfiguration: Property 'jmeter.reportgenerator.exporter.html.series_filter' not found, using default value '' instead.
2021-06-11 13:05:55,444 INFO o.a.j.r.c.ReportGeneratorConfiguration: Property 'jmeter.reportgenerator.exporter.html.show_controllers_only' not found, using default value 'false' instead.
2021-06-11 13:05:55,447 INFO o.a.j.e.StandardJMeterEngine: Running the test!
2021-06-11 13:05:55,448 INFO o.a.j.s.SampleEvent: List of sample_variables: []
2021-06-11 13:05:55,448 INFO o.a.j.s.SampleEvent: List of sample_variables: []
2021-06-11 13:05:55,453 INFO o.a.j.e.u.CompoundVariable: Note: Function class names must contain the string: '.functions.'
2021-06-11 13:05:55,453 INFO o.a.j.e.u.CompoundVariable: Note: Function class names must not contain the string: '.gui.'
2021-06-11 13:05:55,890 INFO o.a.j.JMeter: Running test (1623396955890)
2021-06-11 13:05:55,949 INFO o.a.j.e.StandardJMeterEngine: Starting ThreadGroup: 1 : L1-iSource-AuctionAddSuppliers-Job
2021-06-11 13:05:55,949 INFO o.a.j.e.StandardJMeterEngine: Starting 10 threads for group L1-iSource-AuctionAddSuppliers-Job.
2021-06-11 13:05:55,949 INFO o.a.j.e.StandardJMeterEngine: Thread will stop on error
2021-06-11 13:05:55,950 INFO o.a.j.t.ThreadGroup: Starting thread group... number=1 threads=10 ramp-up=30 perThread=3000.0 delayedStart=false
2021-06-11 13:05:55,975 INFO o.a.j.s.SampleResult: Note: Sample TimeStamps are START times
2021-06-11 13:05:55,975 INFO o.a.j.s.SampleResult: sampleresult.default.encoding is set to ISO-8859-1
2021-06-11 13:05:55,975 INFO o.a.j.s.SampleResult: sampleresult.useNanoTime=true
2021-06-11 13:05:55,975 INFO o.a.j.s.SampleResult: sampleresult.nanoThreadSleep=5000
2021-06-11 13:05:55,994 INFO o.a.j.t.JMeterThread: Thread started: L1-iSource-AuctionAddSuppliers-Job 1-1
2021-06-11 13:05:55,996 INFO o.a.j.c.LoopController: iterationStart called on 5.6# Questions_Text with source org.apache.jmeter.control.LoopController@3b2ddfd and iteration 1
2021-06-11 13:05:55,997 INFO o.a.j.s.FileServer: Stored: D:\apache-jmeter-5.1\apache-jmeter-5.1\bin\excel\isource\Partner_ZCS_Users.csv
2021-06-11 13:05:56,022 INFO o.a.j.p.h.s.HTTPHCAbstractImpl: Local host = ZIPLSY2278
2021-06-11 13:05:56,041 INFO o.a.j.p.h.s.HTTPHC4Impl: HTTP request retry count = 0
2021-06-11 13:05:56,208 INFO o.a.j.p.h.s.h.LazyLayeredConnectionSocketFactory: Setting up HTTPS TrustAll Socket Factory
2021-06-11 13:05:56,219 INFO o.a.j.u.JsseSSLManager: Using default SSL protocol: TLS
2021-06-11 13:05:56,220 INFO o.a.j.u.JsseSSLManager: SSL session context: per-thread
2021-06-11 13:05:56,267 INFO o.a.j.t.ThreadGroup: Started thread group number 1
2021-06-11 13:05:56,267 INFO o.a.j.e.StandardJMeterEngine: All thread groups have been started
2021-06-11 13:05:56,830 INFO o.a.j.u.SSLManager: JmeterKeyStore Location:  type JKS
2021-06-11 13:05:56,832 INFO o.a.j.u.SSLManager: KeyStore created OK
2021-06-11 13:05:56,832 WARN o.a.j.u.SSLManager: Keystore file not found, loading empty keystore
2021-06-11 13:05:59,037 INFO o.a.j.t.JMeterThread: Thread started: L1-iSource-AuctionAddSuppliers-Job 1-2
2021-06-11 13:05:59,038 INFO o.a.j.c.LoopController: iterationStart called on 5.6# Questions_Text with source org.apache.jmeter.control.LoopController@1aaf9150 and iteration 1
2021-06-11 13:06:00,040 INFO o.a.j.r.Summariser: summary +      4 in 00:00:04 =    1.0/s Avg:   752 Min:   151 Max:  1842 Err:     0 (0.00%) Active: 2 Started: 2 Finished: 0
2021-06-11 13:06:02,095 INFO o.a.j.t.JMeterThread: Thread started: L1-iSource-AuctionAddSuppliers-Job 1-3
2021-06-11 13:06:02,096 INFO o.a.j.c.LoopController: iterationStart called on 5.6# Questions_Text with source org.apache.jmeter.control.LoopController@15fda829 and iteration 1
2021-06-11 13:06:05,098 INFO o.a.j.t.JMeterThread: Thread started: L1-iSource-AuctionAddSuppliers-Job 1-4
2021-06-11 13:06:05,098 INFO o.a.j.c.LoopController: iterationStart called on 5.6# Questions_Text with source org.apache.jmeter.control.LoopController@7acc1d91 and iteration 1
2021-06-11 13:06:08,138 INFO o.a.j.t.JMeterThread: Thread started: L1-iSource-AuctionAddSuppliers-Job 1-5
2021-06-11 13:06:08,138 INFO o.a.j.c.LoopController: iterationStart called on 5.6# Questions_Text with source org.apache.jmeter.control.LoopController@336768c6 and iteration 1
2021-06-11 13:06:11,166 INFO o.a.j.t.JMeterThread: Thread started: L1-iSource-AuctionAddSuppliers-Job 1-6
2021-06-11 13:06:11,166 INFO o.a.j.c.LoopController: iterationStart called on 5.6# Questions_Text with source org.apache.jmeter.control.LoopController@389ed16 and iteration 1
2021-06-11 13:06:14,190 INFO o.a.j.t.JMeterThread: Thread started: L1-iSource-AuctionAddSuppliers-Job 1-7
2021-06-11 13:06:14,190 INFO o.a.j.c.LoopController: iterationStart called on 5.6# Questions_Text with source org.apache.jmeter.control.LoopController@5b7e5d84 and iteration 1
2021-06-11 13:06:17,221 INFO o.a.j.t.JMeterThread: Thread started: L1-iSource-AuctionAddSuppliers-Job 1-8
2021-06-11 13:06:17,223 INFO o.a.j.c.LoopController: iterationStart called on 5.6# Questions_Text with source org.apache.jmeter.control.LoopController@472e5424 and iteration 1
2021-06-11 13:06:20,249 INFO o.a.j.t.JMeterThread: Thread started: L1-iSource-AuctionAddSuppliers-Job 1-9
2021-06-11 13:06:20,250 INFO o.a.j.c.LoopController: iterationStart called on 5.6# Questions_Text with source org.apache.jmeter.control.LoopController@3e5aa6ea and iteration 1
2021-06-11 13:06:23,271 INFO o.a.j.t.JMeterThread: Thread started: L1-iSource-AuctionAddSuppliers-Job 1-10
2021-06-11 13:06:23,272 INFO o.a.j.c.LoopController: iterationStart called on 5.6# Questions_Text with source org.apache.jmeter.control.LoopController@4bdf7a9d and iteration 1
2021-06-11 13:06:30,057 INFO o.a.j.r.Summariser: summary +    147 in 00:00:30 =    4.9/s Avg:   486 Min:   138 Max:  1228 Err:     0 (0.00%) Active: 10 Started: 10 Finished: 0
2021-06-11 13:06:30,058 INFO o.a.j.r.Summariser: summary =    151 in 00:00:34 =    4.4/s Avg:   494 Min:   138 Max:  1842 Err:     0 (0.00%)
2021-06-11 13:07:00,376 INFO o.a.j.r.Summariser: summary +     95 in 00:00:30 =    3.1/s Avg:  2377 Min:   303 Max: 21302 Err:     0 (0.00%) Active: 10 Started: 10 Finished: 0
2021-06-11 13:07:00,376 INFO o.a.j.r.Summariser: summary =    246 in 00:01:04 =    3.8/s Avg:  1221 Min:   138 Max: 21302 Err:     0 (0.00%)
2021-06-11 13:07:17,036 INFO o.a.j.t.JMeterThread: Stop Thread detected by thread: L1-iSource-AuctionAddSuppliers-Job 1-1
2021-06-11 13:07:17,037 INFO o.a.j.t.JMeterThread: Thread finished: L1-iSource-AuctionAddSuppliers-Job 1-1
2021-06-11 13:07:19,941 INFO o.a.j.t.JMeterThread: Stop Thread detected by thread: L1-iSource-AuctionAddSuppliers-Job 1-2
2021-06-11 13:07:19,941 INFO o.a.j.t.JMeterThread: Thread finished: L1-iSource-AuctionAddSuppliers-Job 1-2
2021-06-11 13:07:24,162 INFO o.a.j.t.JMeterThread: Stop Thread detected by thread: L1-iSource-AuctionAddSuppliers-Job 1-3
2021-06-11 13:07:24,163 INFO o.a.j.t.JMeterThread: Thread finished: L1-iSource-AuctionAddSuppliers-Job 1-3
2021-06-11 13:07:25,459 INFO o.a.j.t.JMeterThread: Stop Thread detected by thread: L1-iSource-AuctionAddSuppliers-Job 1-4
2021-06-11 13:07:25,459 INFO o.a.j.t.JMeterThread: Thread finished: L1-iSource-AuctionAddSuppliers-Job 1-4
2021-06-11 13:07:28,526 INFO o.a.j.t.JMeterThread: Stop Thread detected by thread: L1-iSource-AuctionAddSuppliers-Job 1-5
2021-06-11 13:07:28,526 INFO o.a.j.t.JMeterThread: Thread finished: L1-iSource-AuctionAddSuppliers-Job 1-5
2021-06-11 13:07:30,350 INFO o.a.j.r.Summariser: summary +     55 in 00:00:30 =    1.8/s Avg:  3700 Min:   312 Max: 21739 Err:     5 (9.09%) Active: 5 Started: 10 Finished: 5
2021-06-11 13:07:30,351 INFO o.a.j.r.Summariser: summary =    301 in 00:01:34 =    3.2/s Avg:  1674 Min:   138 Max: 21739 Err:     5 (1.66%)
2021-06-11 13:07:32,466 INFO o.a.j.t.JMeterThread: Stop Thread detected by thread: L1-iSource-AuctionAddSuppliers-Job 1-6
2021-06-11 13:07:32,466 INFO o.a.j.t.JMeterThread: Thread finished: L1-iSource-AuctionAddSuppliers-Job 1-6
2021-06-11 13:07:37,691 INFO o.a.j.t.JMeterThread: Stop Thread detected by thread: L1-iSource-AuctionAddSuppliers-Job 1-7
2021-06-11 13:07:37,691 INFO o.a.j.t.JMeterThread: Thread finished: L1-iSource-AuctionAddSuppliers-Job 1-7
2021-06-11 13:07:38,979 INFO o.a.j.t.JMeterThread: Stop Thread detected by thread: L1-iSource-AuctionAddSuppliers-Job 1-8
2021-06-11 13:07:38,979 INFO o.a.j.t.JMeterThread: Thread finished: L1-iSource-AuctionAddSuppliers-Job 1-8
2021-06-11 13:07:42,349 INFO o.a.j.t.JMeterThread: Stop Thread detected by thread: L1-iSource-AuctionAddSuppliers-Job 1-9
2021-06-11 13:07:42,349 INFO o.a.j.t.JMeterThread: Thread finished: L1-iSource-AuctionAddSuppliers-Job 1-9
2021-06-11 13:07:46,817 INFO o.a.j.t.JMeterThread: Stop Thread detected by thread: L1-iSource-AuctionAddSuppliers-Job 1-10
2021-06-11 13:07:46,817 INFO o.a.j.t.JMeterThread: Thread finished: L1-iSource-AuctionAddSuppliers-Job 1-10
2021-06-11 13:07:46,817 INFO o.a.j.e.StandardJMeterEngine: Notifying test listeners of end of test
2021-06-11 13:07:46,817 INFO o.a.j.s.FileServer: Close: D:\apache-jmeter-5.1\apache-jmeter-5.1\bin\excel\isource\Partner_ZCS_Users.csv
2021-06-11 13:07:46,818 INFO o.a.j.r.Summariser: summary +      9 in 00:00:16 =    0.5/s Avg:  1088 Min:   653 Max:  1474 Err:     5 (55.56%) Active: 0 Started: 10 Finished: 10
2021-06-11 13:07:46,820 INFO o.a.j.r.Summariser: summary =    310 in 00:01:51 =    2.8/s Avg:  1657 Min:   138 Max: 21739 Err:    10 (3.23%)
2021-06-11 13:07:46,820 INFO o.a.j.JMeter: Generating Dashboard
2021-06-11 13:07:46,820 INFO o.a.j.r.d.ReportGenerator: Flushing result collector before report Generation
2021-06-11 13:07:46,829 INFO o.a.j.r.p.NormalizerSampleConsumer: Using format, 'ms', to parse timeStamp field
2021-06-11 13:07:46,913 INFO o.a.j.r.p.AbstractSampleConsumer: class org.apache.jmeter.report.processor.AggregateConsumer#stopProducing(): beginDate produced 0 samples
2021-06-11 13:07:46,913 INFO o.a.j.r.p.AbstractSampleConsumer: class org.apache.jmeter.report.processor.AggregateConsumer#stopProducing(): endDate produced 0 samples
2021-06-11 13:07:46,916 INFO o.a.j.r.p.AbstractSampleConsumer: class org.apache.jmeter.report.processor.ApdexSummaryConsumer#stopProducing(): apdexSummary produced 0 samples
2021-06-11 13:07:46,916 INFO o.a.j.r.p.AbstractSampleConsumer: class org.apache.jmeter.report.processor.RequestsSummaryConsumer#stopProducing(): requestsSummary produced 0 samples
2021-06-11 13:07:46,916 INFO o.a.j.r.p.AbstractSampleConsumer: class org.apache.jmeter.report.processor.StatisticsSummaryConsumer#stopProducing(): statisticsSummary produced 0 samples
2021-06-11 13:07:46,916 INFO o.a.j.r.p.AbstractSampleConsumer: class org.apache.jmeter.report.processor.Top5ErrorsBySamplerConsumer#stopProducing(): top5ErrorsBySampler produced 0 samples
2021-06-11 13:07:46,916 INFO o.a.j.r.p.AbstractSampleConsumer: class org.apache.jmeter.report.processor.ErrorsSummaryConsumer#stopProducing(): errorsSummary produced 0 samples
2021-06-11 13:07:46,916 INFO o.a.j.r.p.AbstractSampleConsumer: class org.apache.jmeter.report.processor.graph.impl.HitsPerSecondGraphConsumer#stopProducing(): hitsPerSecond produced 0 samples
2021-06-11 13:07:46,938 INFO o.a.j.r.p.AbstractSampleConsumer: class org.apache.jmeter.report.processor.graph.impl.LatencyVSRequestGraphConsumer#stopProducing(): latencyVsRequest produced 0 samples
2021-06-11 13:07:46,938 INFO o.a.j.r.p.AbstractSampleConsumer: class org.apache.jmeter.report.processor.graph.impl.SyntheticResponseTimeDistributionGraphConsumer#stopProducing(): syntheticResponseTimeDistribution produced 0 samples
2021-06-11 13:07:46,938 INFO o.a.j.r.p.AbstractSampleConsumer: class org.apache.jmeter.report.processor.graph.impl.BytesThroughputGraphConsumer#stopProducing(): bytesThroughputOverTime produced 0 samples
2021-06-11 13:07:46,938 INFO o.a.j.r.p.AbstractSampleConsumer: class org.apache.jmeter.report.processor.graph.impl.CodesPerSecondGraphConsumer#stopProducing(): codesPerSecond produced 0 samples
2021-06-11 13:07:46,944 INFO o.a.j.r.p.AbstractSampleConsumer: class org.apache.jmeter.report.processor.graph.impl.ResponseTimeVSRequestGraphConsumer#stopProducing(): responseTimeVsRequest produced 0 samples
2021-06-11 13:07:46,945 INFO o.a.j.r.p.AbstractSampleConsumer: class org.apache.jmeter.report.processor.FilterConsumer#stopProducing(): startIntervalControlerFilter produced 2170 samples
2021-06-11 13:07:46,945 INFO o.a.j.r.p.AbstractSampleConsumer: class org.apache.jmeter.report.processor.graph.impl.TotalTPSGraphConsumer#stopProducing(): totalTPS produced 0 samples
2021-06-11 13:07:46,945 INFO o.a.j.r.p.AbstractSampleConsumer: class org.apache.jmeter.report.processor.graph.impl.ActiveThreadsGraphConsumer#stopProducing(): activeThreadsOverTime produced 0 samples
2021-06-11 13:07:46,945 INFO o.a.j.r.p.AbstractSampleConsumer: class org.apache.jmeter.report.processor.graph.impl.TimeVSThreadGraphConsumer#stopProducing(): timeVsThreads produced 0 samples
2021-06-11 13:07:46,946 INFO o.a.j.r.p.AbstractSampleConsumer: class org.apache.jmeter.report.processor.graph.impl.ResponseTimeDistributionGraphConsumer#stopProducing(): responseTimeDistribution produced 0 samples
2021-06-11 13:07:46,947 INFO o.a.j.r.p.AbstractSampleConsumer: class org.apache.jmeter.report.processor.graph.impl.TransactionsPerSecondGraphConsumer#stopProducing(): transactionsPerSecond produced 0 samples
2021-06-11 13:07:46,947 INFO o.a.j.r.p.AbstractSampleConsumer: class org.apache.jmeter.report.processor.graph.impl.ResponseTimePercentilesGraphConsumer#stopProducing(): responseTimePercentiles produced 0 samples
2021-06-11 13:07:46,955 INFO o.a.j.r.p.AbstractSampleConsumer: class org.apache.jmeter.report.processor.graph.impl.ResponseTimePercentilesOverTimeGraphConsumer#stopProducing(): responseTimePercentilesOverTime produced 0 samples
2021-06-11 13:07:46,956 INFO o.a.j.r.p.AbstractSampleConsumer: class org.apache.jmeter.report.processor.graph.impl.ResponseTimeOverTimeGraphConsumer#stopProducing(): responseTimesOverTime produced 0 samples
2021-06-11 13:07:46,956 INFO o.a.j.r.p.AbstractSampleConsumer: class org.apache.jmeter.report.processor.graph.impl.ConnectTimeOverTimeGraphConsumer#stopProducing(): connectTimeOverTime produced 0 samples
2021-06-11 13:07:46,956 INFO o.a.j.r.p.AbstractSampleConsumer: class org.apache.jmeter.report.processor.graph.impl.LatencyOverTimeGraphConsumer#stopProducing(): latenciesOverTime produced 0 samples
2021-06-11 13:07:46,956 INFO o.a.j.r.p.AbstractSampleConsumer: class org.apache.jmeter.report.processor.FilterConsumer#stopProducing(): nameFilter produced 5400 samples
2021-06-11 13:07:46,956 INFO o.a.j.r.p.AbstractSampleConsumer: class org.apache.jmeter.report.processor.FilterConsumer#stopProducing(): dateRangeFilter produced 1080 samples
2021-06-11 13:07:46,956 INFO o.a.j.r.p.AbstractSampleConsumer: class org.apache.jmeter.report.processor.NormalizerSampleConsumer#stopProducing(): normalizer produced 360 samples
2021-06-11 13:07:46,957 INFO o.a.j.r.p.CsvFileSampleSource: produce(): 360 samples produced in 104ms on channel 0
2021-06-11 13:07:46,957 INFO o.a.j.r.d.ReportGenerator: Exporting data using exporter:'json' of className:'org.apache.jmeter.report.dashboard.JsonExporter'
2021-06-11 13:07:46,959 INFO o.a.j.r.d.JsonExporter: Found data for consumer statisticsSummary in context
2021-06-11 13:07:46,959 INFO o.a.j.r.d.JsonExporter: Creating statistics for overall
2021-06-11 13:07:46,959 INFO o.a.j.r.d.JsonExporter: Creating statistics for other transactions
2021-06-11 13:07:46,959 INFO o.a.j.r.d.JsonExporter: Checking output folder
2021-06-11 13:07:46,961 INFO o.a.j.r.d.JsonExporter: Writing statistics JSON to C:\xampp\htdocs\PerformancePostgres\L0_iSource_10_AuctionAddSuppliers_2021-06-11_7\statistics.json
2021-06-11 13:07:47,088 INFO o.a.j.r.d.ReportGenerator: Exporting data using exporter:'html' of className:'org.apache.jmeter.report.dashboard.HtmlTemplateExporter'
2021-06-11 13:07:47,090 INFO o.a.j.r.d.HtmlTemplateExporter: Will generate dashboard in folder: C:\xampp\htdocs\PerformancePostgres\L0_iSource_10_AuctionAddSuppliers_2021-06-11_7
2021-06-11 13:07:47,187 INFO o.a.j.r.d.HtmlTemplateExporter: Report will be generated in: C:\xampp\htdocs\PerformancePostgres\L0_iSource_10_AuctionAddSuppliers_2021-06-11_7, creating folder structure
2021-06-11 13:07:47,191 INFO o.a.j.r.d.TemplateVisitor: Copying folder from 'D:\apache-jmeter-5.1\apache-jmeter-5.1\bin\report-template' to 'C:\xampp\htdocs\PerformancePostgres\L0_iSource_10_AuctionAddSuppliers_2021-06-11_7', got message:[C:\xampp\htdocs\PerformancePostgres\L0_iSource_10_AuctionAddSuppliers_2021-06-11_7\statistics.json], found non empty folder with following content {}, will be ignored
2021-06-11 13:07:47,871 INFO o.a.j.JMeter: Dashboard generated
