2021-07-01 16:06:48,230 INFO o.a.j.u.JMeterUtils: Setting Locale to en_EN
2021-07-01 16:06:48,241 INFO o.a.j.JMeter: Loading user properties from: user.properties
2021-07-01 16:06:48,241 INFO o.a.j.JMeter: Loading system properties from: system.properties
2021-07-01 16:06:48,241 INFO o.a.j.JMeter: Setting JMeter property: meter.reportgenerator.report_title=RaceConditionAuction
2021-07-01 16:06:48,242 INFO o.a.j.JMeter: Setting JMeter property: thread=50
2021-07-01 16:06:48,242 INFO o.a.j.JMeter: Setting JMeter property: rampup=1000
2021-07-01 16:06:48,245 INFO o.a.j.JMeter: Copyright (c) 1998-2019 The Apache Software Foundation
2021-07-01 16:06:48,250 INFO o.a.j.JMeter: Version 5.1 r1853635
2021-07-01 16:06:48,250 INFO o.a.j.JMeter: java.version=1.8.0_121
2021-07-01 16:06:48,250 INFO o.a.j.JMeter: java.vm.name=Java HotSpot(TM) 64-Bit Server VM
2021-07-01 16:06:48,250 INFO o.a.j.JMeter: os.name=Windows 10
2021-07-01 16:06:48,250 INFO o.a.j.JMeter: os.arch=amd64
2021-07-01 16:06:48,250 INFO o.a.j.JMeter: os.version=10.0
2021-07-01 16:06:48,250 INFO o.a.j.JMeter: file.encoding=Cp1252
2021-07-01 16:06:48,250 INFO o.a.j.JMeter: java.awt.headless=true
2021-07-01 16:06:48,250 INFO o.a.j.JMeter: Max memory     =8589934592
2021-07-01 16:06:48,250 INFO o.a.j.JMeter: Available Processors =6
2021-07-01 16:06:48,253 INFO o.a.j.JMeter: Default Locale=English (EN)
2021-07-01 16:06:48,253 INFO o.a.j.JMeter: JMeter  Locale=English (EN)
2021-07-01 16:06:48,253 INFO o.a.j.JMeter: JMeterHome=D:\apache-jmeter-5.1\apache-jmeter-5.1
2021-07-01 16:06:48,253 INFO o.a.j.JMeter: user.dir  =D:\apache-jmeter-5.1\apache-jmeter-5.1\bin
2021-07-01 16:06:48,254 INFO o.a.j.JMeter: PWD       =D:\apache-jmeter-5.1\apache-jmeter-5.1\bin
2021-07-01 16:06:48,255 INFO o.a.j.JMeter: IP: 172.30.225.123 Name: ZIPLSY2278 FullName: ZIPLSY2278.zycus.net
2021-07-01 16:06:48,256 INFO o.a.j.JMeter: Setting property 'jmeter.reportgenerator.outputdir' to:'C:\xampp\htdocs\PerformancePostgres\L0_iSource_50_RaceConditionAuction_2021-07-01_29'
2021-07-01 16:06:48,258 INFO o.a.j.s.FileServer: Default base='D:\apache-jmeter-5.1\apache-jmeter-5.1\bin'
2021-07-01 16:06:48,261 INFO o.a.j.s.FileServer: Set new base='D:\PostrgresMigration\iSource'
2021-07-01 16:06:48,353 INFO o.a.j.s.SaveService: Testplan (JMX) version: 2.2. Testlog (JTL) version: 2.2
2021-07-01 16:06:48,363 INFO o.a.j.s.SaveService: Using SaveService properties file encoding UTF-8
2021-07-01 16:06:48,366 INFO o.a.j.s.SaveService: Using SaveService properties version 5.0
2021-07-01 16:06:48,371 INFO o.a.j.s.SaveService: Loading file: D:\PostrgresMigration\iSource\iSource_RaceConditionAuction.jmx
2021-07-01 16:06:48,414 INFO o.a.j.p.h.c.CookieManager: Settings: Delete null: true Check: true Allow variable: true Save: false Prefix: COOKIE_
2021-07-01 16:06:48,419 INFO o.a.j.p.h.c.CacheManager: Will only cache the following methods: [GET]
2021-07-01 16:06:48,427 INFO o.a.j.p.h.s.HTTPSamplerBase: Parser for text/html is org.apache.jmeter.protocol.http.parser.LagartoBasedHtmlParser
2021-07-01 16:06:48,427 INFO o.a.j.p.h.s.HTTPSamplerBase: Parser for application/xhtml+xml is org.apache.jmeter.protocol.http.parser.LagartoBasedHtmlParser
2021-07-01 16:06:48,427 INFO o.a.j.p.h.s.HTTPSamplerBase: Parser for application/xml is org.apache.jmeter.protocol.http.parser.LagartoBasedHtmlParser
2021-07-01 16:06:48,427 INFO o.a.j.p.h.s.HTTPSamplerBase: Parser for text/xml is org.apache.jmeter.protocol.http.parser.LagartoBasedHtmlParser
2021-07-01 16:06:48,427 INFO o.a.j.p.h.s.HTTPSamplerBase: Parser for text/vnd.wap.wml is org.apache.jmeter.protocol.http.parser.RegexpHTMLParser
2021-07-01 16:06:48,427 INFO o.a.j.p.h.s.HTTPSamplerBase: Parser for text/css is org.apache.jmeter.protocol.http.parser.CssParser
2021-07-01 16:06:48,606 INFO o.a.j.JMeter: Creating summariser <summary>
2021-07-01 16:06:48,612 INFO o.a.j.r.d.ReportGenerator: ReportGenerator will use for Parsing the separator: ','
2021-07-01 16:06:48,613 INFO o.a.j.r.d.ReportGenerator: Will generate report at end of test from  results file: D:\PostrgresMigration\iSource\JTL\L0_iSource_50_RaceConditionAuction_2021-07-01_29.jtl
2021-07-01 16:06:48,613 INFO o.a.j.r.d.ReportGenerator: Reading report generator properties from: D:\apache-jmeter-5.1\apache-jmeter-5.1\bin\reportgenerator.properties
2021-07-01 16:06:48,614 INFO o.a.j.r.d.ReportGenerator: Merging with JMeter properties
2021-07-01 16:06:48,620 INFO o.a.j.r.c.ReportGeneratorConfiguration: Property 'jmeter.reportgenerator.temp_dir' not found, using default value 'temp' instead.
2021-07-01 16:06:48,624 INFO o.a.j.r.c.ReportGeneratorConfiguration: Property 'jmeter.reportgenerator.apdex_per_transaction' not found, using default value 'null' instead.
2021-07-01 16:06:48,624 INFO o.a.j.r.c.ReportGeneratorConfiguration: apdex_per_transaction : {} is empty, not APDEX per transaction customization
2021-07-01 16:06:48,624 INFO o.a.j.r.c.ReportGeneratorConfiguration: Property 'jmeter.reportgenerator.sample_filter' not found, using default value 'null' instead.
2021-07-01 16:06:48,624 INFO o.a.j.r.c.ReportGeneratorConfiguration: Property 'jmeter.reportgenerator.report_title' not found, using default value 'null' instead.
2021-07-01 16:06:48,624 INFO o.a.j.r.c.ReportGeneratorConfiguration: Property 'jmeter.reportgenerator.start_date' not found, using default value 'null' instead.
2021-07-01 16:06:48,624 INFO o.a.j.r.c.ReportGeneratorConfiguration: Property 'jmeter.reportgenerator.end_date' not found, using default value 'null' instead.
2021-07-01 16:06:48,624 INFO o.a.j.r.c.ReportGeneratorConfiguration: Property 'jmeter.reportgenerator.date_format' not found, using default value 'null' instead.
2021-07-01 16:06:48,624 INFO o.a.j.r.c.ReportGeneratorConfiguration: Will use date range start date: null, end date: null
2021-07-01 16:06:48,627 INFO o.a.j.r.c.ReportGeneratorConfiguration: Property 'jmeter.reportgenerator.graph.totalTPS.exclude_controllers' not found, using default value 'false' instead.
2021-07-01 16:06:48,628 INFO o.a.j.r.c.ReportGeneratorConfiguration: Property 'jmeter.reportgenerator.graph.activeThreadsOverTime.exclude_controllers' not found, using default value 'false' instead.
2021-07-01 16:06:48,628 INFO o.a.j.r.c.ReportGeneratorConfiguration: Property 'jmeter.reportgenerator.graph.timeVsThreads.exclude_controllers' not found, using default value 'false' instead.
2021-07-01 16:06:48,628 INFO o.a.j.r.c.ReportGeneratorConfiguration: Property 'jmeter.reportgenerator.graph.responseTimeDistribution.exclude_controllers' not found, using default value 'false' instead.
2021-07-01 16:06:48,628 INFO o.a.j.r.c.ReportGeneratorConfiguration: Property 'jmeter.reportgenerator.graph.transactionsPerSecond.exclude_controllers' not found, using default value 'false' instead.
2021-07-01 16:06:48,628 INFO o.a.j.r.c.ReportGeneratorConfiguration: Property 'jmeter.reportgenerator.graph.responseTimePercentiles.exclude_controllers' not found, using default value 'false' instead.
2021-07-01 16:06:48,628 INFO o.a.j.r.c.ReportGeneratorConfiguration: Property 'jmeter.reportgenerator.graph.responseTimePercentilesOverTime.exclude_controllers' not found, using default value 'false' instead.
2021-07-01 16:06:48,628 INFO o.a.j.r.c.ReportGeneratorConfiguration: Property 'jmeter.reportgenerator.graph.responseTimesOverTime.exclude_controllers' not found, using default value 'false' instead.
2021-07-01 16:06:48,628 INFO o.a.j.r.c.ReportGeneratorConfiguration: Property 'jmeter.reportgenerator.graph.connectTimeOverTime.exclude_controllers' not found, using default value 'false' instead.
2021-07-01 16:06:48,628 INFO o.a.j.r.c.ReportGeneratorConfiguration: Property 'jmeter.reportgenerator.graph.latenciesOverTime.exclude_controllers' not found, using default value 'false' instead.
2021-07-01 16:06:48,629 INFO o.a.j.r.c.ReportGeneratorConfiguration: Property 'jmeter.reportgenerator.exporter.json.filters_only_sample_series' not found, using default value 'true' instead.
2021-07-01 16:06:48,629 INFO o.a.j.r.c.ReportGeneratorConfiguration: Property 'jmeter.reportgenerator.exporter.json.series_filter' not found, using default value '' instead.
2021-07-01 16:06:48,629 INFO o.a.j.r.c.ReportGeneratorConfiguration: Property 'jmeter.reportgenerator.exporter.json.show_controllers_only' not found, using default value 'false' instead.
2021-07-01 16:06:48,630 INFO o.a.j.r.c.ReportGeneratorConfiguration: Property 'jmeter.reportgenerator.exporter.html.filters_only_sample_series' not found, using default value 'true' instead.
2021-07-01 16:06:48,630 INFO o.a.j.r.c.ReportGeneratorConfiguration: Property 'jmeter.reportgenerator.exporter.html.series_filter' not found, using default value '' instead.
2021-07-01 16:06:48,630 INFO o.a.j.r.c.ReportGeneratorConfiguration: Property 'jmeter.reportgenerator.exporter.html.show_controllers_only' not found, using default value 'false' instead.
2021-07-01 16:06:48,633 INFO o.a.j.e.StandardJMeterEngine: Running the test!
2021-07-01 16:06:48,634 INFO o.a.j.s.SampleEvent: List of sample_variables: []
2021-07-01 16:06:48,634 INFO o.a.j.s.SampleEvent: List of sample_variables: []
2021-07-01 16:06:48,639 INFO o.a.j.e.u.CompoundVariable: Note: Function class names must contain the string: '.functions.'
2021-07-01 16:06:48,640 INFO o.a.j.e.u.CompoundVariable: Note: Function class names must not contain the string: '.gui.'
2021-07-01 16:06:49,023 INFO o.a.j.JMeter: Running test (1625135809023)
2021-07-01 16:06:49,081 INFO o.a.j.e.StandardJMeterEngine: Starting ThreadGroup: 1 : iSource_RaceConditionAuction
2021-07-01 16:06:49,081 INFO o.a.j.e.StandardJMeterEngine: Starting 50 threads for group iSource_RaceConditionAuction.
2021-07-01 16:06:49,081 INFO o.a.j.e.StandardJMeterEngine: Thread will stop on error
2021-07-01 16:06:49,081 INFO o.a.j.t.ThreadGroup: Starting thread group... number=1 threads=50 ramp-up=1000 perThread=20000.0 delayedStart=false
2021-07-01 16:06:49,106 INFO o.a.j.s.SampleResult: Note: Sample TimeStamps are START times
2021-07-01 16:06:49,107 INFO o.a.j.s.SampleResult: sampleresult.default.encoding is set to ISO-8859-1
2021-07-01 16:06:49,107 INFO o.a.j.s.SampleResult: sampleresult.useNanoTime=true
2021-07-01 16:06:49,107 INFO o.a.j.s.SampleResult: sampleresult.nanoThreadSleep=5000
2021-07-01 16:06:49,114 INFO o.a.j.t.JMeterThread: Thread started: iSource_RaceConditionAuction 1-1
2021-07-01 16:06:49,130 INFO o.a.j.p.h.s.HTTPHCAbstractImpl: Local host = ZIPLSY2278
2021-07-01 16:06:49,136 INFO o.a.j.p.h.s.HTTPHC4Impl: HTTP request retry count = 0
2021-07-01 16:06:49,205 INFO o.a.j.p.h.s.h.LazyLayeredConnectionSocketFactory: Setting up HTTPS TrustAll Socket Factory
2021-07-01 16:06:49,210 INFO o.a.j.u.JsseSSLManager: Using default SSL protocol: TLS
2021-07-01 16:06:49,210 INFO o.a.j.u.JsseSSLManager: SSL session context: per-thread
2021-07-01 16:06:49,785 INFO o.a.j.u.SSLManager: JmeterKeyStore Location:  type JKS
2021-07-01 16:06:49,787 INFO o.a.j.u.SSLManager: KeyStore created OK
2021-07-01 16:06:49,787 WARN o.a.j.u.SSLManager: Keystore file not found, loading empty keystore
2021-07-01 16:06:50,207 INFO o.a.j.t.ThreadGroup: Started thread group number 1
2021-07-01 16:06:50,208 INFO o.a.j.e.StandardJMeterEngine: All thread groups have been started
2021-07-01 16:07:00,060 INFO o.a.j.r.Summariser: summary +     26 in 00:00:11 =    2.4/s Avg:   339 Min:    72 Max:  1459 Err:     0 (0.00%) Active: 1 Started: 1 Finished: 0
2021-07-01 16:07:09,146 INFO o.a.j.t.JMeterThread: Thread started: iSource_RaceConditionAuction 1-2
2021-07-01 16:07:29,189 INFO o.a.j.t.JMeterThread: Thread started: iSource_RaceConditionAuction 1-3
2021-07-01 16:07:30,247 INFO o.a.j.r.Summariser: summary +     62 in 00:00:30 =    2.1/s Avg:   405 Min:    63 Max:  2732 Err:     0 (0.00%) Active: 3 Started: 3 Finished: 0
2021-07-01 16:07:30,247 INFO o.a.j.r.Summariser: summary =     88 in 00:00:41 =    2.1/s Avg:   386 Min:    63 Max:  2732 Err:     0 (0.00%)
2021-07-01 16:07:49,221 INFO o.a.j.t.JMeterThread: Thread started: iSource_RaceConditionAuction 1-4
2021-07-01 16:08:01,047 INFO o.a.j.r.Summariser: summary +    121 in 00:00:31 =    3.9/s Avg:   536 Min:    59 Max:  3677 Err:     0 (0.00%) Active: 4 Started: 4 Finished: 0
2021-07-01 16:08:01,048 INFO o.a.j.r.Summariser: summary =    209 in 00:01:12 =    2.9/s Avg:   473 Min:    59 Max:  3677 Err:     0 (0.00%)
2021-07-01 16:08:09,243 INFO o.a.j.t.JMeterThread: Thread started: iSource_RaceConditionAuction 1-5
2021-07-01 16:08:29,261 INFO o.a.j.t.JMeterThread: Thread started: iSource_RaceConditionAuction 1-6
2021-07-01 16:08:30,245 INFO o.a.j.r.Summariser: summary +    110 in 00:00:29 =    3.8/s Avg:   936 Min:   217 Max:  4039 Err:     0 (0.00%) Active: 6 Started: 6 Finished: 0
2021-07-01 16:08:30,246 INFO o.a.j.r.Summariser: summary =    319 in 00:01:41 =    3.2/s Avg:   632 Min:    59 Max:  4039 Err:     0 (0.00%)
2021-07-01 16:08:49,279 INFO o.a.j.t.JMeterThread: Thread started: iSource_RaceConditionAuction 1-7
2021-07-01 16:09:00,409 INFO o.a.j.r.Summariser: summary +    136 in 00:00:30 =    4.5/s Avg:   933 Min:    73 Max:  5517 Err:     0 (0.00%) Active: 7 Started: 7 Finished: 0
2021-07-01 16:09:00,410 INFO o.a.j.r.Summariser: summary =    455 in 00:02:11 =    3.5/s Avg:   722 Min:    59 Max:  5517 Err:     0 (0.00%)
2021-07-01 16:09:09,297 INFO o.a.j.t.JMeterThread: Thread started: iSource_RaceConditionAuction 1-8
2021-07-01 16:09:25,685 INFO o.a.j.t.JMeterThread: Thread is done: iSource_RaceConditionAuction 1-1
2021-07-01 16:09:25,685 INFO o.a.j.t.JMeterThread: Thread finished: iSource_RaceConditionAuction 1-1
2021-07-01 16:09:29,314 INFO o.a.j.t.JMeterThread: Thread started: iSource_RaceConditionAuction 1-9
2021-07-01 16:09:30,003 INFO o.a.j.r.Summariser: summary +    164 in 00:00:30 =    5.5/s Avg:  1181 Min:   170 Max:  7902 Err:     0 (0.00%) Active: 8 Started: 9 Finished: 1
2021-07-01 16:09:30,004 INFO o.a.j.r.Summariser: summary =    619 in 00:02:41 =    3.8/s Avg:   844 Min:    59 Max:  7902 Err:     0 (0.00%)
2021-07-01 16:09:48,616 INFO o.a.j.t.JMeterThread: Thread is done: iSource_RaceConditionAuction 1-2
2021-07-01 16:09:48,616 INFO o.a.j.t.JMeterThread: Thread finished: iSource_RaceConditionAuction 1-2
2021-07-01 16:09:49,333 INFO o.a.j.t.JMeterThread: Thread started: iSource_RaceConditionAuction 1-10
2021-07-01 16:10:00,566 INFO o.a.j.r.Summariser: summary +    128 in 00:00:31 =    4.2/s Avg:  1475 Min:   325 Max:  4717 Err:     0 (0.00%) Active: 8 Started: 10 Finished: 2
2021-07-01 16:10:00,566 INFO o.a.j.r.Summariser: summary =    747 in 00:03:12 =    3.9/s Avg:   952 Min:    59 Max:  7902 Err:     0 (0.00%)
2021-07-01 16:10:09,360 INFO o.a.j.t.JMeterThread: Thread started: iSource_RaceConditionAuction 1-11
2021-07-01 16:10:29,383 INFO o.a.j.t.JMeterThread: Thread started: iSource_RaceConditionAuction 1-12
2021-07-01 16:10:30,263 INFO o.a.j.r.Summariser: summary +    146 in 00:00:30 =    4.9/s Avg:  1499 Min:   314 Max:  5125 Err:     0 (0.00%) Active: 10 Started: 12 Finished: 2
2021-07-01 16:10:30,273 INFO o.a.j.r.Summariser: summary =    893 in 00:03:41 =    4.0/s Avg:  1041 Min:    59 Max:  7902 Err:     0 (0.00%)
2021-07-01 16:10:33,323 INFO o.a.j.t.JMeterThread: Thread is done: iSource_RaceConditionAuction 1-3
2021-07-01 16:10:33,323 INFO o.a.j.t.JMeterThread: Thread finished: iSource_RaceConditionAuction 1-3
2021-07-01 16:10:49,402 INFO o.a.j.t.JMeterThread: Thread started: iSource_RaceConditionAuction 1-13
2021-07-01 16:11:00,214 INFO o.a.j.r.Summariser: summary +    168 in 00:00:30 =    5.6/s Avg:  1428 Min:   255 Max:  6607 Err:     0 (0.00%) Active: 10 Started: 13 Finished: 3
2021-07-01 16:11:00,215 INFO o.a.j.r.Summariser: summary =   1061 in 00:04:11 =    4.2/s Avg:  1102 Min:    59 Max:  7902 Err:     0 (0.00%)
2021-07-01 16:11:09,422 INFO o.a.j.t.JMeterThread: Thread started: iSource_RaceConditionAuction 1-14
2021-07-01 16:11:12,554 INFO o.a.j.t.JMeterThread: Thread is done: iSource_RaceConditionAuction 1-4
2021-07-01 16:11:12,554 INFO o.a.j.t.JMeterThread: Thread finished: iSource_RaceConditionAuction 1-4
2021-07-01 16:11:29,449 INFO o.a.j.t.JMeterThread: Thread started: iSource_RaceConditionAuction 1-15
2021-07-01 16:11:30,282 INFO o.a.j.r.Summariser: summary +    163 in 00:00:30 =    5.4/s Avg:  1469 Min:   352 Max:  5106 Err:     0 (0.00%) Active: 11 Started: 15 Finished: 4
2021-07-01 16:11:30,283 INFO o.a.j.r.Summariser: summary =   1224 in 00:04:41 =    4.4/s Avg:  1151 Min:    59 Max:  7902 Err:     0 (0.00%)
2021-07-01 16:11:49,472 INFO o.a.j.t.JMeterThread: Thread started: iSource_RaceConditionAuction 1-16
2021-07-01 16:11:55,904 INFO o.a.j.t.JMeterThread: Thread is done: iSource_RaceConditionAuction 1-5
2021-07-01 16:11:55,904 INFO o.a.j.t.JMeterThread: Thread finished: iSource_RaceConditionAuction 1-5
2021-07-01 16:12:00,146 INFO o.a.j.r.Summariser: summary +    172 in 00:00:30 =    5.8/s Avg:  1623 Min:   296 Max:  7678 Err:     0 (0.00%) Active: 11 Started: 16 Finished: 5
2021-07-01 16:12:00,146 INFO o.a.j.r.Summariser: summary =   1396 in 00:05:11 =    4.5/s Avg:  1209 Min:    59 Max:  7902 Err:     0 (0.00%)
2021-07-01 16:12:09,510 INFO o.a.j.t.JMeterThread: Thread started: iSource_RaceConditionAuction 1-17
2021-07-01 16:12:12,499 INFO o.a.j.t.JMeterThread: Thread is done: iSource_RaceConditionAuction 1-6
2021-07-01 16:12:12,499 INFO o.a.j.t.JMeterThread: Thread finished: iSource_RaceConditionAuction 1-6
2021-07-01 16:12:29,544 INFO o.a.j.t.JMeterThread: Thread started: iSource_RaceConditionAuction 1-18
2021-07-01 16:12:30,113 INFO o.a.j.r.Summariser: summary +    214 in 00:00:30 =    7.1/s Avg:  1277 Min:   163 Max:  6811 Err:     0 (0.00%) Active: 12 Started: 18 Finished: 6
2021-07-01 16:12:30,114 INFO o.a.j.r.Summariser: summary =   1610 in 00:05:41 =    4.7/s Avg:  1218 Min:    59 Max:  7902 Err:     0 (0.00%)
2021-07-01 16:12:35,773 INFO o.a.j.t.JMeterThread: Thread is done: iSource_RaceConditionAuction 1-7
2021-07-01 16:12:35,773 INFO o.a.j.t.JMeterThread: Thread finished: iSource_RaceConditionAuction 1-7
2021-07-01 16:12:49,585 INFO o.a.j.t.JMeterThread: Thread started: iSource_RaceConditionAuction 1-19
2021-07-01 16:12:55,703 INFO o.a.j.t.JMeterThread: Thread is done: iSource_RaceConditionAuction 1-8
2021-07-01 16:12:55,703 INFO o.a.j.t.JMeterThread: Thread finished: iSource_RaceConditionAuction 1-8
2021-07-01 16:13:00,288 INFO o.a.j.r.Summariser: summary +    214 in 00:00:30 =    7.1/s Avg:  1235 Min:    39 Max:  7909 Err:     0 (0.00%) Active: 11 Started: 19 Finished: 8
2021-07-01 16:13:00,289 INFO o.a.j.r.Summariser: summary =   1824 in 00:06:11 =    4.9/s Avg:  1220 Min:    39 Max:  7909 Err:     0 (0.00%)
2021-07-01 16:13:09,608 INFO o.a.j.t.JMeterThread: Thread started: iSource_RaceConditionAuction 1-20
2021-07-01 16:13:29,651 INFO o.a.j.t.JMeterThread: Thread started: iSource_RaceConditionAuction 1-21
2021-07-01 16:13:30,047 INFO o.a.j.r.Summariser: summary +    190 in 00:00:30 =    6.4/s Avg:  1422 Min:    49 Max:  6454 Err:     0 (0.00%) Active: 13 Started: 21 Finished: 8
2021-07-01 16:13:30,047 INFO o.a.j.r.Summariser: summary =   2014 in 00:06:41 =    5.0/s Avg:  1239 Min:    39 Max:  7909 Err:     0 (0.00%)
2021-07-01 16:13:33,226 INFO o.a.j.t.JMeterThread: Thread is done: iSource_RaceConditionAuction 1-9
2021-07-01 16:13:33,226 INFO o.a.j.t.JMeterThread: Thread finished: iSource_RaceConditionAuction 1-9
2021-07-01 16:13:44,987 INFO o.a.j.t.JMeterThread: Stop Thread detected by thread: iSource_RaceConditionAuction 1-10
2021-07-01 16:13:44,987 INFO o.a.j.t.JMeterThread: Thread finished: iSource_RaceConditionAuction 1-10
2021-07-01 16:13:45,040 INFO o.a.j.t.JMeterThread: Stop Thread detected by thread: iSource_RaceConditionAuction 1-21
2021-07-01 16:13:45,041 INFO o.a.j.t.JMeterThread: Thread finished: iSource_RaceConditionAuction 1-21
2021-07-01 16:13:45,103 INFO o.a.j.t.JMeterThread: Stop Thread detected by thread: iSource_RaceConditionAuction 1-19
2021-07-01 16:13:45,103 INFO o.a.j.t.JMeterThread: Thread finished: iSource_RaceConditionAuction 1-19
2021-07-01 16:13:45,122 INFO o.a.j.t.JMeterThread: Stop Thread detected by thread: iSource_RaceConditionAuction 1-20
2021-07-01 16:13:45,123 INFO o.a.j.t.JMeterThread: Thread finished: iSource_RaceConditionAuction 1-20
2021-07-01 16:13:45,472 INFO o.a.j.t.JMeterThread: Stop Thread detected by thread: iSource_RaceConditionAuction 1-18
2021-07-01 16:13:45,472 INFO o.a.j.t.JMeterThread: Thread finished: iSource_RaceConditionAuction 1-18
2021-07-01 16:13:45,579 INFO o.a.j.t.JMeterThread: Stop Thread detected by thread: iSource_RaceConditionAuction 1-14
2021-07-01 16:13:45,580 INFO o.a.j.t.JMeterThread: Thread finished: iSource_RaceConditionAuction 1-14
2021-07-01 16:13:45,615 INFO o.a.j.t.JMeterThread: Stop Thread detected by thread: iSource_RaceConditionAuction 1-17
2021-07-01 16:13:45,615 INFO o.a.j.t.JMeterThread: Thread finished: iSource_RaceConditionAuction 1-17
2021-07-01 16:13:46,674 INFO o.a.j.t.JMeterThread: Stop Thread detected by thread: iSource_RaceConditionAuction 1-15
2021-07-01 16:13:46,674 INFO o.a.j.t.JMeterThread: Thread finished: iSource_RaceConditionAuction 1-15
2021-07-01 16:13:47,632 INFO o.a.j.t.JMeterThread: Stop Thread detected by thread: iSource_RaceConditionAuction 1-12
2021-07-01 16:13:47,632 INFO o.a.j.t.JMeterThread: Stop Thread detected by thread: iSource_RaceConditionAuction 1-11
2021-07-01 16:13:47,632 INFO o.a.j.t.JMeterThread: Thread finished: iSource_RaceConditionAuction 1-12
2021-07-01 16:13:47,632 INFO o.a.j.t.JMeterThread: Thread finished: iSource_RaceConditionAuction 1-11
2021-07-01 16:13:48,304 INFO o.a.j.t.JMeterThread: Stop Thread detected by thread: iSource_RaceConditionAuction 1-13
2021-07-01 16:13:48,304 INFO o.a.j.t.JMeterThread: Thread finished: iSource_RaceConditionAuction 1-13
2021-07-01 16:13:49,683 INFO o.a.j.t.JMeterThread: Thread started: iSource_RaceConditionAuction 1-22
2021-07-01 16:14:00,052 INFO o.a.j.r.Summariser: summary +    144 in 00:00:30 =    4.8/s Avg:  1420 Min:    78 Max:  8281 Err:    11 (7.64%) Active: 2 Started: 22 Finished: 20
2021-07-01 16:14:00,053 INFO o.a.j.r.Summariser: summary =   2158 in 00:07:11 =    5.0/s Avg:  1251 Min:    39 Max:  8281 Err:    11 (0.51%)
2021-07-01 16:14:09,709 INFO o.a.j.t.JMeterThread: Thread started: iSource_RaceConditionAuction 1-23
2021-07-01 16:14:29,726 INFO o.a.j.t.JMeterThread: Thread started: iSource_RaceConditionAuction 1-24
2021-07-01 16:14:30,285 INFO o.a.j.r.Summariser: summary +     75 in 00:00:30 =    2.5/s Avg:   827 Min:   142 Max:  2894 Err:     0 (0.00%) Active: 4 Started: 24 Finished: 20
2021-07-01 16:14:30,285 INFO o.a.j.r.Summariser: summary =   2233 in 00:07:41 =    4.8/s Avg:  1237 Min:    39 Max:  8281 Err:    11 (0.49%)
2021-07-01 16:14:49,746 INFO o.a.j.t.JMeterThread: Thread started: iSource_RaceConditionAuction 1-25
2021-07-01 16:15:00,175 INFO o.a.j.r.Summariser: summary +     91 in 00:00:30 =    3.0/s Avg:  1131 Min:   260 Max:  3688 Err:     0 (0.00%) Active: 5 Started: 25 Finished: 20
2021-07-01 16:15:00,176 INFO o.a.j.r.Summariser: summary =   2324 in 00:08:11 =    4.7/s Avg:  1233 Min:    39 Max:  8281 Err:    11 (0.47%)
2021-07-01 16:15:09,762 INFO o.a.j.t.JMeterThread: Thread started: iSource_RaceConditionAuction 1-26
2021-07-01 16:15:20,061 INFO o.a.j.t.JMeterThread: Thread is done: iSource_RaceConditionAuction 1-16
2021-07-01 16:15:20,061 INFO o.a.j.t.JMeterThread: Thread finished: iSource_RaceConditionAuction 1-16
2021-07-01 16:15:29,783 INFO o.a.j.t.JMeterThread: Thread started: iSource_RaceConditionAuction 1-27
2021-07-01 16:15:30,260 INFO o.a.j.r.Summariser: summary +    124 in 00:00:30 =    4.1/s Avg:   829 Min:    58 Max:  4900 Err:     0 (0.00%) Active: 6 Started: 27 Finished: 21
2021-07-01 16:15:30,261 INFO o.a.j.r.Summariser: summary =   2448 in 00:08:41 =    4.7/s Avg:  1212 Min:    39 Max:  8281 Err:    11 (0.45%)
2021-07-01 16:15:49,803 INFO o.a.j.t.JMeterThread: Thread started: iSource_RaceConditionAuction 1-28
2021-07-01 16:16:00,225 INFO o.a.j.r.Summariser: summary +    174 in 00:00:30 =    5.8/s Avg:   749 Min:   105 Max:  3281 Err:     0 (0.00%) Active: 7 Started: 28 Finished: 21
2021-07-01 16:16:00,226 INFO o.a.j.r.Summariser: summary =   2622 in 00:09:11 =    4.8/s Avg:  1182 Min:    39 Max:  8281 Err:    11 (0.42%)
2021-07-01 16:16:09,824 INFO o.a.j.t.JMeterThread: Thread started: iSource_RaceConditionAuction 1-29
2021-07-01 16:16:29,838 INFO o.a.j.t.JMeterThread: Thread started: iSource_RaceConditionAuction 1-30
2021-07-01 16:16:30,162 INFO o.a.j.r.Summariser: summary +    194 in 00:00:30 =    6.5/s Avg:   919 Min:    37 Max:  4738 Err:     0 (0.00%) Active: 9 Started: 30 Finished: 21
2021-07-01 16:16:30,163 INFO o.a.j.r.Summariser: summary =   2816 in 00:09:41 =    4.8/s Avg:  1164 Min:    37 Max:  8281 Err:    11 (0.39%)
2021-07-01 16:16:33,611 INFO o.a.j.t.JMeterThread: Thread is done: iSource_RaceConditionAuction 1-22
2021-07-01 16:16:33,611 INFO o.a.j.t.JMeterThread: Thread finished: iSource_RaceConditionAuction 1-22
2021-07-01 16:16:49,855 INFO o.a.j.t.JMeterThread: Thread started: iSource_RaceConditionAuction 1-31
2021-07-01 16:17:00,099 INFO o.a.j.r.Summariser: summary +    193 in 00:00:30 =    6.4/s Avg:  1006 Min:    45 Max:  5700 Err:     0 (0.00%) Active: 9 Started: 31 Finished: 22
2021-07-01 16:17:00,099 INFO o.a.j.r.Summariser: summary =   3009 in 00:10:11 =    4.9/s Avg:  1154 Min:    37 Max:  8281 Err:    11 (0.37%)
2021-07-01 16:17:09,872 INFO o.a.j.t.JMeterThread: Thread started: iSource_RaceConditionAuction 1-32
2021-07-01 16:17:10,036 INFO o.a.j.t.JMeterThread: Thread is done: iSource_RaceConditionAuction 1-23
2021-07-01 16:17:10,036 INFO o.a.j.t.JMeterThread: Thread finished: iSource_RaceConditionAuction 1-23
2021-07-01 16:17:24,579 INFO o.a.j.t.JMeterThread: Thread is done: iSource_RaceConditionAuction 1-24
2021-07-01 16:17:24,579 INFO o.a.j.t.JMeterThread: Thread finished: iSource_RaceConditionAuction 1-24
2021-07-01 16:17:29,892 INFO o.a.j.t.JMeterThread: Thread started: iSource_RaceConditionAuction 1-33
2021-07-01 16:17:30,013 INFO o.a.j.r.Summariser: summary +    200 in 00:00:30 =    6.7/s Avg:   968 Min:    33 Max:  6580 Err:     0 (0.00%) Active: 9 Started: 33 Finished: 24
2021-07-01 16:17:30,013 INFO o.a.j.r.Summariser: summary =   3209 in 00:10:41 =    5.0/s Avg:  1142 Min:    33 Max:  8281 Err:    11 (0.34%)
2021-07-01 16:17:38,915 INFO o.a.j.r.ResultCollector: Shutdown hook started
2021-07-01 16:17:38,916 INFO o.a.j.r.ResultCollector: Shutdown hook ended
