2021-07-16 14:03:12,399 INFO o.a.j.u.JMeterUtils: Setting Locale to en_EN
2021-07-16 14:03:12,410 INFO o.a.j.JMeter: Loading user properties from: user.properties
2021-07-16 14:03:12,411 INFO o.a.j.JMeter: Loading system properties from: system.properties
2021-07-16 14:03:12,411 INFO o.a.j.JMeter: Setting JMeter property: meter.reportgenerator.report_title=RaceConditionAuction
2021-07-16 14:03:12,411 INFO o.a.j.JMeter: Setting JMeter property: thread=50
2021-07-16 14:03:12,411 INFO o.a.j.JMeter: Setting JMeter property: rampup=900
2021-07-16 14:03:12,415 INFO o.a.j.JMeter: Copyright (c) 1998-2019 The Apache Software Foundation
2021-07-16 14:03:12,415 INFO o.a.j.JMeter: Version 5.1 r1853635
2021-07-16 14:03:12,415 INFO o.a.j.JMeter: java.version=1.8.0_121
2021-07-16 14:03:12,415 INFO o.a.j.JMeter: java.vm.name=Java HotSpot(TM) 64-Bit Server VM
2021-07-16 14:03:12,415 INFO o.a.j.JMeter: os.name=Windows 10
2021-07-16 14:03:12,415 INFO o.a.j.JMeter: os.arch=amd64
2021-07-16 14:03:12,415 INFO o.a.j.JMeter: os.version=10.0
2021-07-16 14:03:12,415 INFO o.a.j.JMeter: file.encoding=Cp1252
2021-07-16 14:03:12,415 INFO o.a.j.JMeter: java.awt.headless=true
2021-07-16 14:03:12,415 INFO o.a.j.JMeter: Max memory     =8589934592
2021-07-16 14:03:12,415 INFO o.a.j.JMeter: Available Processors =6
2021-07-16 14:03:12,418 INFO o.a.j.JMeter: Default Locale=English (EN)
2021-07-16 14:03:12,419 INFO o.a.j.JMeter: JMeter  Locale=English (EN)
2021-07-16 14:03:12,419 INFO o.a.j.JMeter: JMeterHome=D:\apache-jmeter-5.1\apache-jmeter-5.1
2021-07-16 14:03:12,419 INFO o.a.j.JMeter: user.dir  =D:\apache-jmeter-5.1\apache-jmeter-5.1\bin
2021-07-16 14:03:12,419 INFO o.a.j.JMeter: PWD       =D:\apache-jmeter-5.1\apache-jmeter-5.1\bin
2021-07-16 14:03:12,420 INFO o.a.j.JMeter: IP: 172.30.225.123 Name: ZIPLSY2278 FullName: ZIPLSY2278.zycus.net
2021-07-16 14:03:12,422 INFO o.a.j.JMeter: Setting property 'jmeter.reportgenerator.outputdir' to:'C:\xampp\htdocs\PerformancePostgres\L0_iSource_50_RaceConditionAuction_2021-07-16_37'
2021-07-16 14:03:12,424 INFO o.a.j.s.FileServer: Default base='D:\apache-jmeter-5.1\apache-jmeter-5.1\bin'
2021-07-16 14:03:12,426 INFO o.a.j.s.FileServer: Set new base='D:\PostrgresMigration\iSource'
2021-07-16 14:03:12,522 INFO o.a.j.s.SaveService: Testplan (JMX) version: 2.2. Testlog (JTL) version: 2.2
2021-07-16 14:03:12,531 INFO o.a.j.s.SaveService: Using SaveService properties file encoding UTF-8
2021-07-16 14:03:12,535 INFO o.a.j.s.SaveService: Using SaveService properties version 5.0
2021-07-16 14:03:12,540 INFO o.a.j.s.SaveService: Loading file: D:\PostrgresMigration\iSource\iSource_RaceConditionAuction.jmx
2021-07-16 14:03:12,598 INFO o.a.j.p.h.c.CookieManager: Settings: Delete null: true Check: true Allow variable: true Save: false Prefix: COOKIE_
2021-07-16 14:03:12,604 INFO o.a.j.p.h.c.CacheManager: Will only cache the following methods: [GET]
2021-07-16 14:03:12,611 INFO o.a.j.p.h.s.HTTPSamplerBase: Parser for text/html is org.apache.jmeter.protocol.http.parser.LagartoBasedHtmlParser
2021-07-16 14:03:12,611 INFO o.a.j.p.h.s.HTTPSamplerBase: Parser for application/xhtml+xml is org.apache.jmeter.protocol.http.parser.LagartoBasedHtmlParser
2021-07-16 14:03:12,611 INFO o.a.j.p.h.s.HTTPSamplerBase: Parser for application/xml is org.apache.jmeter.protocol.http.parser.LagartoBasedHtmlParser
2021-07-16 14:03:12,611 INFO o.a.j.p.h.s.HTTPSamplerBase: Parser for text/xml is org.apache.jmeter.protocol.http.parser.LagartoBasedHtmlParser
2021-07-16 14:03:12,611 INFO o.a.j.p.h.s.HTTPSamplerBase: Parser for text/vnd.wap.wml is org.apache.jmeter.protocol.http.parser.RegexpHTMLParser
2021-07-16 14:03:12,612 INFO o.a.j.p.h.s.HTTPSamplerBase: Parser for text/css is org.apache.jmeter.protocol.http.parser.CssParser
2021-07-16 14:03:12,799 INFO o.a.j.JMeter: Creating summariser <summary>
2021-07-16 14:03:12,804 INFO o.a.j.r.d.ReportGenerator: ReportGenerator will use for Parsing the separator: ','
2021-07-16 14:03:12,804 INFO o.a.j.r.d.ReportGenerator: Will generate report at end of test from  results file: D:\PostrgresMigration\iSource\JTL\L0_iSource_50_RaceConditionAuction_2021-07-16_37.jtl
2021-07-16 14:03:12,804 INFO o.a.j.r.d.ReportGenerator: Reading report generator properties from: D:\apache-jmeter-5.1\apache-jmeter-5.1\bin\reportgenerator.properties
2021-07-16 14:03:12,805 INFO o.a.j.r.d.ReportGenerator: Merging with JMeter properties
2021-07-16 14:03:12,809 INFO o.a.j.r.c.ReportGeneratorConfiguration: Property 'jmeter.reportgenerator.temp_dir' not found, using default value 'temp' instead.
2021-07-16 14:03:12,811 INFO o.a.j.r.c.ReportGeneratorConfiguration: Property 'jmeter.reportgenerator.apdex_per_transaction' not found, using default value 'null' instead.
2021-07-16 14:03:12,811 INFO o.a.j.r.c.ReportGeneratorConfiguration: apdex_per_transaction : {} is empty, not APDEX per transaction customization
2021-07-16 14:03:12,811 INFO o.a.j.r.c.ReportGeneratorConfiguration: Property 'jmeter.reportgenerator.sample_filter' not found, using default value 'null' instead.
2021-07-16 14:03:12,811 INFO o.a.j.r.c.ReportGeneratorConfiguration: Property 'jmeter.reportgenerator.report_title' not found, using default value 'null' instead.
2021-07-16 14:03:12,811 INFO o.a.j.r.c.ReportGeneratorConfiguration: Property 'jmeter.reportgenerator.start_date' not found, using default value 'null' instead.
2021-07-16 14:03:12,812 INFO o.a.j.r.c.ReportGeneratorConfiguration: Property 'jmeter.reportgenerator.end_date' not found, using default value 'null' instead.
2021-07-16 14:03:12,812 INFO o.a.j.r.c.ReportGeneratorConfiguration: Property 'jmeter.reportgenerator.date_format' not found, using default value 'null' instead.
2021-07-16 14:03:12,812 INFO o.a.j.r.c.ReportGeneratorConfiguration: Will use date range start date: null, end date: null
2021-07-16 14:03:12,815 INFO o.a.j.r.c.ReportGeneratorConfiguration: Property 'jmeter.reportgenerator.graph.totalTPS.exclude_controllers' not found, using default value 'false' instead.
2021-07-16 14:03:12,815 INFO o.a.j.r.c.ReportGeneratorConfiguration: Property 'jmeter.reportgenerator.graph.activeThreadsOverTime.exclude_controllers' not found, using default value 'false' instead.
2021-07-16 14:03:12,815 INFO o.a.j.r.c.ReportGeneratorConfiguration: Property 'jmeter.reportgenerator.graph.timeVsThreads.exclude_controllers' not found, using default value 'false' instead.
2021-07-16 14:03:12,815 INFO o.a.j.r.c.ReportGeneratorConfiguration: Property 'jmeter.reportgenerator.graph.responseTimeDistribution.exclude_controllers' not found, using default value 'false' instead.
2021-07-16 14:03:12,815 INFO o.a.j.r.c.ReportGeneratorConfiguration: Property 'jmeter.reportgenerator.graph.transactionsPerSecond.exclude_controllers' not found, using default value 'false' instead.
2021-07-16 14:03:12,816 INFO o.a.j.r.c.ReportGeneratorConfiguration: Property 'jmeter.reportgenerator.graph.responseTimePercentiles.exclude_controllers' not found, using default value 'false' instead.
2021-07-16 14:03:12,816 INFO o.a.j.r.c.ReportGeneratorConfiguration: Property 'jmeter.reportgenerator.graph.responseTimePercentilesOverTime.exclude_controllers' not found, using default value 'false' instead.
2021-07-16 14:03:12,816 INFO o.a.j.r.c.ReportGeneratorConfiguration: Property 'jmeter.reportgenerator.graph.responseTimesOverTime.exclude_controllers' not found, using default value 'false' instead.
2021-07-16 14:03:12,816 INFO o.a.j.r.c.ReportGeneratorConfiguration: Property 'jmeter.reportgenerator.graph.connectTimeOverTime.exclude_controllers' not found, using default value 'false' instead.
2021-07-16 14:03:12,816 INFO o.a.j.r.c.ReportGeneratorConfiguration: Property 'jmeter.reportgenerator.graph.latenciesOverTime.exclude_controllers' not found, using default value 'false' instead.
2021-07-16 14:03:12,817 INFO o.a.j.r.c.ReportGeneratorConfiguration: Property 'jmeter.reportgenerator.exporter.json.filters_only_sample_series' not found, using default value 'true' instead.
2021-07-16 14:03:12,817 INFO o.a.j.r.c.ReportGeneratorConfiguration: Property 'jmeter.reportgenerator.exporter.json.series_filter' not found, using default value '' instead.
2021-07-16 14:03:12,817 INFO o.a.j.r.c.ReportGeneratorConfiguration: Property 'jmeter.reportgenerator.exporter.json.show_controllers_only' not found, using default value 'false' instead.
2021-07-16 14:03:12,817 INFO o.a.j.r.c.ReportGeneratorConfiguration: Property 'jmeter.reportgenerator.exporter.html.filters_only_sample_series' not found, using default value 'true' instead.
2021-07-16 14:03:12,817 INFO o.a.j.r.c.ReportGeneratorConfiguration: Property 'jmeter.reportgenerator.exporter.html.series_filter' not found, using default value '' instead.
2021-07-16 14:03:12,817 INFO o.a.j.r.c.ReportGeneratorConfiguration: Property 'jmeter.reportgenerator.exporter.html.show_controllers_only' not found, using default value 'false' instead.
2021-07-16 14:03:12,821 INFO o.a.j.e.StandardJMeterEngine: Running the test!
2021-07-16 14:03:12,822 INFO o.a.j.s.SampleEvent: List of sample_variables: []
2021-07-16 14:03:12,822 INFO o.a.j.s.SampleEvent: List of sample_variables: []
2021-07-16 14:03:12,827 INFO o.a.j.e.u.CompoundVariable: Note: Function class names must contain the string: '.functions.'
2021-07-16 14:03:12,827 INFO o.a.j.e.u.CompoundVariable: Note: Function class names must not contain the string: '.gui.'
2021-07-16 14:03:13,257 INFO o.a.j.JMeter: Running test (1626424393257)
2021-07-16 14:03:13,317 INFO o.a.j.e.StandardJMeterEngine: Starting ThreadGroup: 1 : iSource_RaceConditionAuction
2021-07-16 14:03:13,318 INFO o.a.j.e.StandardJMeterEngine: Starting 50 threads for group iSource_RaceConditionAuction.
2021-07-16 14:03:13,318 INFO o.a.j.e.StandardJMeterEngine: Thread will stop on error
2021-07-16 14:03:13,318 INFO o.a.j.t.ThreadGroup: Starting thread group... number=1 threads=50 ramp-up=900 perThread=18000.0 delayedStart=false
2021-07-16 14:03:13,347 INFO o.a.j.s.SampleResult: Note: Sample TimeStamps are START times
2021-07-16 14:03:13,348 INFO o.a.j.s.SampleResult: sampleresult.default.encoding is set to ISO-8859-1
2021-07-16 14:03:13,348 INFO o.a.j.s.SampleResult: sampleresult.useNanoTime=true
2021-07-16 14:03:13,348 INFO o.a.j.s.SampleResult: sampleresult.nanoThreadSleep=5000
2021-07-16 14:03:13,356 INFO o.a.j.t.JMeterThread: Thread started: iSource_RaceConditionAuction 1-1
2021-07-16 14:03:13,385 INFO o.a.j.p.h.s.HTTPHCAbstractImpl: Local host = ZIPLSY2278
2021-07-16 14:03:13,393 INFO o.a.j.p.h.s.HTTPHC4Impl: HTTP request retry count = 0
2021-07-16 14:03:13,489 INFO o.a.j.p.h.s.h.LazyLayeredConnectionSocketFactory: Setting up HTTPS TrustAll Socket Factory
2021-07-16 14:03:13,495 INFO o.a.j.u.JsseSSLManager: Using default SSL protocol: TLS
2021-07-16 14:03:13,496 INFO o.a.j.u.JsseSSLManager: SSL session context: per-thread
2021-07-16 14:03:14,193 INFO o.a.j.u.SSLManager: JmeterKeyStore Location:  type JKS
2021-07-16 14:03:14,196 INFO o.a.j.u.SSLManager: KeyStore created OK
2021-07-16 14:03:14,196 WARN o.a.j.u.SSLManager: Keystore file not found, loading empty keystore
2021-07-16 14:03:14,931 INFO o.a.j.t.ThreadGroup: Started thread group number 1
2021-07-16 14:03:14,931 INFO o.a.j.e.StandardJMeterEngine: All thread groups have been started
2021-07-16 14:03:31,407 INFO o.a.j.t.JMeterThread: Thread started: iSource_RaceConditionAuction 1-2
2021-07-16 14:03:31,692 INFO o.a.j.r.Summariser: summary +     22 in 00:00:18 =    1.2/s Avg:   388 Min:    33 Max:  1733 Err:     0 (0.00%) Active: 2 Started: 2 Finished: 0
2021-07-16 14:03:49,445 INFO o.a.j.t.JMeterThread: Thread started: iSource_RaceConditionAuction 1-3
2021-07-16 14:04:00,018 INFO o.a.j.r.Summariser: summary +     55 in 00:00:28 =    1.9/s Avg:  1154 Min:    13 Max: 18807 Err:     0 (0.00%) Active: 3 Started: 3 Finished: 0
2021-07-16 14:04:00,018 INFO o.a.j.r.Summariser: summary =     77 in 00:00:47 =    1.6/s Avg:   936 Min:    13 Max: 18807 Err:     0 (0.00%)
2021-07-16 14:04:07,483 INFO o.a.j.t.JMeterThread: Thread started: iSource_RaceConditionAuction 1-4
2021-07-16 14:04:25,509 INFO o.a.j.t.JMeterThread: Thread started: iSource_RaceConditionAuction 1-5
2021-07-16 14:04:30,082 INFO o.a.j.r.Summariser: summary +     88 in 00:00:30 =    2.9/s Avg:   862 Min:    15 Max: 19013 Err:     0 (0.00%) Active: 5 Started: 5 Finished: 0
2021-07-16 14:04:30,083 INFO o.a.j.r.Summariser: summary =    165 in 00:01:17 =    2.1/s Avg:   896 Min:    13 Max: 19013 Err:     0 (0.00%)
2021-07-16 14:04:43,533 INFO o.a.j.t.JMeterThread: Thread started: iSource_RaceConditionAuction 1-6
2021-07-16 14:05:00,155 INFO o.a.j.r.Summariser: summary +    118 in 00:00:30 =    3.9/s Avg:  1059 Min:    15 Max: 19603 Err:     0 (0.00%) Active: 6 Started: 6 Finished: 0
2021-07-16 14:05:00,156 INFO o.a.j.r.Summariser: summary =    283 in 00:01:47 =    2.6/s Avg:   964 Min:    13 Max: 19603 Err:     0 (0.00%)
2021-07-16 14:05:01,555 INFO o.a.j.t.JMeterThread: Thread started: iSource_RaceConditionAuction 1-7
2021-07-16 14:05:19,587 INFO o.a.j.t.JMeterThread: Thread started: iSource_RaceConditionAuction 1-8
2021-07-16 14:05:30,309 INFO o.a.j.r.Summariser: summary +    180 in 00:00:30 =    6.0/s Avg:   842 Min:    23 Max: 18945 Err:     0 (0.00%) Active: 8 Started: 8 Finished: 0
2021-07-16 14:05:30,309 INFO o.a.j.r.Summariser: summary =    463 in 00:02:17 =    3.4/s Avg:   916 Min:    13 Max: 19603 Err:     0 (0.00%)
2021-07-16 14:05:37,618 INFO o.a.j.t.JMeterThread: Thread started: iSource_RaceConditionAuction 1-9
2021-07-16 14:05:55,650 INFO o.a.j.t.JMeterThread: Thread started: iSource_RaceConditionAuction 1-10
2021-07-16 14:05:58,965 INFO o.a.j.u.BeanShellTestElement: Loadtest101@zycus.com,PostFix RaceCondition_4921,1310637556,1626425593177,1626426193177
2021-07-16 14:06:00,083 INFO o.a.j.r.Summariser: summary +    200 in 00:00:30 =    6.7/s Avg:  1072 Min:    22 Max: 20427 Err:     0 (0.00%) Active: 10 Started: 10 Finished: 0
2021-07-16 14:06:00,084 INFO o.a.j.r.Summariser: summary =    663 in 00:02:47 =    4.0/s Avg:   963 Min:    13 Max: 20427 Err:     0 (0.00%)
2021-07-16 14:06:02,071 INFO o.a.j.t.JMeterThread: Thread is done: iSource_RaceConditionAuction 1-1
2021-07-16 14:06:02,071 INFO o.a.j.t.JMeterThread: Thread finished: iSource_RaceConditionAuction 1-1
2021-07-16 14:06:13,676 INFO o.a.j.t.JMeterThread: Thread started: iSource_RaceConditionAuction 1-11
2021-07-16 14:06:15,482 INFO o.a.j.u.BeanShellTestElement: Loadtest101@zycus.com,PostFix RaceCondition_1472,1310644756,1626425593177,1626426193177
2021-07-16 14:06:18,529 INFO o.a.j.t.JMeterThread: Thread is done: iSource_RaceConditionAuction 1-2
2021-07-16 14:06:18,529 INFO o.a.j.t.JMeterThread: Thread finished: iSource_RaceConditionAuction 1-2
2021-07-16 14:06:30,326 INFO o.a.j.r.Summariser: summary +    203 in 00:00:30 =    6.7/s Avg:  1020 Min:    13 Max: 19896 Err:     0 (0.00%) Active: 9 Started: 11 Finished: 2
2021-07-16 14:06:30,326 INFO o.a.j.r.Summariser: summary =    866 in 00:03:17 =    4.4/s Avg:   977 Min:    13 Max: 20427 Err:     0 (0.00%)
2021-07-16 14:06:31,725 INFO o.a.j.t.JMeterThread: Thread started: iSource_RaceConditionAuction 1-12
2021-07-16 14:06:38,301 INFO o.a.j.u.BeanShellTestElement: Loadtest101@zycus.com,PostFix RaceCondition_758,1310646553,1626425593177,1626426193177
2021-07-16 14:06:41,385 INFO o.a.j.t.JMeterThread: Thread is done: iSource_RaceConditionAuction 1-3
2021-07-16 14:06:41,385 INFO o.a.j.t.JMeterThread: Thread finished: iSource_RaceConditionAuction 1-3
2021-07-16 14:06:49,760 INFO o.a.j.t.JMeterThread: Thread started: iSource_RaceConditionAuction 1-13
2021-07-16 14:06:59,502 INFO o.a.j.u.BeanShellTestElement: Loadtest101@zycus.com,PostFix RaceCondition_3990,1310644757,1626425593177,1626426193177
2021-07-16 14:07:00,057 INFO o.a.j.r.Summariser: summary +    214 in 00:00:30 =    7.2/s Avg:  1069 Min:    19 Max: 20288 Err:     0 (0.00%) Active: 10 Started: 13 Finished: 3
2021-07-16 14:07:00,058 INFO o.a.j.r.Summariser: summary =   1080 in 00:03:47 =    4.8/s Avg:   995 Min:    13 Max: 20427 Err:     0 (0.00%)
2021-07-16 14:07:02,515 INFO o.a.j.t.JMeterThread: Thread is done: iSource_RaceConditionAuction 1-4
2021-07-16 14:07:02,515 INFO o.a.j.t.JMeterThread: Thread finished: iSource_RaceConditionAuction 1-4
2021-07-16 14:07:07,853 INFO o.a.j.t.JMeterThread: Thread started: iSource_RaceConditionAuction 1-14
2021-07-16 14:07:19,694 INFO o.a.j.u.BeanShellTestElement: Loadtest101@zycus.com,PostFix RaceCondition_3049,1310644758,1626425593177,1626426193177
2021-07-16 14:07:22,761 INFO o.a.j.t.JMeterThread: Thread is done: iSource_RaceConditionAuction 1-5
2021-07-16 14:07:22,761 INFO o.a.j.t.JMeterThread: Thread finished: iSource_RaceConditionAuction 1-5
2021-07-16 14:07:25,923 INFO o.a.j.t.JMeterThread: Thread started: iSource_RaceConditionAuction 1-15
2021-07-16 14:07:30,047 INFO o.a.j.r.Summariser: summary +    222 in 00:00:30 =    7.4/s Avg:   971 Min:    13 Max: 19451 Err:     0 (0.00%) Active: 10 Started: 15 Finished: 5
2021-07-16 14:07:30,047 INFO o.a.j.r.Summariser: summary =   1302 in 00:04:17 =    5.1/s Avg:   991 Min:    13 Max: 20427 Err:     0 (0.00%)
2021-07-16 14:07:38,787 INFO o.a.j.u.BeanShellTestElement: Loadtest101@zycus.com,PostFix RaceCondition_1407,1310646753,1626425593177,1626426193177
2021-07-16 14:07:41,893 INFO o.a.j.t.JMeterThread: Thread is done: iSource_RaceConditionAuction 1-6
2021-07-16 14:07:41,893 INFO o.a.j.t.JMeterThread: Thread finished: iSource_RaceConditionAuction 1-6
2021-07-16 14:07:43,958 INFO o.a.j.t.JMeterThread: Thread started: iSource_RaceConditionAuction 1-16
2021-07-16 14:08:00,056 INFO o.a.j.r.Summariser: summary +    200 in 00:00:30 =    6.7/s Avg:  1108 Min:    15 Max: 19726 Err:     0 (0.00%) Active: 10 Started: 16 Finished: 6
2021-07-16 14:08:00,056 INFO o.a.j.r.Summariser: summary =   1502 in 00:04:47 =    5.2/s Avg:  1007 Min:    13 Max: 20427 Err:     0 (0.00%)
2021-07-16 14:08:01,994 INFO o.a.j.t.JMeterThread: Thread started: iSource_RaceConditionAuction 1-17
2021-07-16 14:08:02,354 INFO o.a.j.u.BeanShellTestElement: Loadtest101@zycus.com,PostFix RaceCondition_1153,1310641754,1626425593177,1626426193177
2021-07-16 14:08:05,416 INFO o.a.j.t.JMeterThread: Thread is done: iSource_RaceConditionAuction 1-7
2021-07-16 14:08:05,416 INFO o.a.j.t.JMeterThread: Thread finished: iSource_RaceConditionAuction 1-7
2021-07-16 14:08:16,325 INFO o.a.j.u.BeanShellTestElement: Loadtest101@zycus.com,PostFix RaceCondition_570,1310644759,1626425593177,1626426193177
2021-07-16 14:08:19,387 INFO o.a.j.t.JMeterThread: Thread is done: iSource_RaceConditionAuction 1-8
2021-07-16 14:08:19,387 INFO o.a.j.t.JMeterThread: Thread finished: iSource_RaceConditionAuction 1-8
2021-07-16 14:08:20,018 INFO o.a.j.t.JMeterThread: Thread started: iSource_RaceConditionAuction 1-18
2021-07-16 14:08:30,054 INFO o.a.j.r.Summariser: summary +    224 in 00:00:30 =    7.5/s Avg:  1095 Min:    32 Max: 20180 Err:     0 (0.00%) Active: 10 Started: 18 Finished: 8
2021-07-16 14:08:30,054 INFO o.a.j.r.Summariser: summary =   1726 in 00:05:17 =    5.4/s Avg:  1018 Min:    13 Max: 20427 Err:     0 (0.00%)
2021-07-16 14:08:34,790 INFO o.a.j.u.BeanShellTestElement: Loadtest101@zycus.com,PostFix RaceCondition_3646,1310646953,1626425593177,1626426193177
2021-07-16 14:08:37,826 INFO o.a.j.t.JMeterThread: Thread is done: iSource_RaceConditionAuction 1-9
2021-07-16 14:08:37,826 INFO o.a.j.t.JMeterThread: Thread finished: iSource_RaceConditionAuction 1-9
2021-07-16 14:08:38,044 INFO o.a.j.t.JMeterThread: Thread started: iSource_RaceConditionAuction 1-19
2021-07-16 14:08:56,068 INFO o.a.j.t.JMeterThread: Thread started: iSource_RaceConditionAuction 1-20
2021-07-16 14:08:57,269 INFO o.a.j.u.BeanShellTestElement: Loadtest101@zycus.com,PostFix RaceCondition_2673,1310641755,1626425593177,1626426193177
2021-07-16 14:09:00,025 INFO o.a.j.r.Summariser: summary +    215 in 00:00:30 =    7.2/s Avg:  1060 Min:    22 Max: 18897 Err:     0 (0.00%) Active: 11 Started: 20 Finished: 9
2021-07-16 14:09:00,025 INFO o.a.j.r.Summariser: summary =   1941 in 00:05:47 =    5.6/s Avg:  1023 Min:    13 Max: 20427 Err:     0 (0.00%)
2021-07-16 14:09:00,333 INFO o.a.j.t.JMeterThread: Thread is done: iSource_RaceConditionAuction 1-10
2021-07-16 14:09:00,333 INFO o.a.j.t.JMeterThread: Thread finished: iSource_RaceConditionAuction 1-10
2021-07-16 14:09:14,094 INFO o.a.j.t.JMeterThread: Thread started: iSource_RaceConditionAuction 1-21
2021-07-16 14:09:15,752 INFO o.a.j.u.BeanShellTestElement: Loadtest101@zycus.com,PostFix RaceCondition_411,1310647153,1626425593177,1626426193177
2021-07-16 14:09:18,789 INFO o.a.j.t.JMeterThread: Thread is done: iSource_RaceConditionAuction 1-11
2021-07-16 14:09:18,789 INFO o.a.j.t.JMeterThread: Thread finished: iSource_RaceConditionAuction 1-11
2021-07-16 14:09:30,113 INFO o.a.j.r.Summariser: summary +    217 in 00:00:30 =    7.2/s Avg:  1073 Min:    29 Max: 20064 Err:     0 (0.00%) Active: 10 Started: 21 Finished: 11
2021-07-16 14:09:30,113 INFO o.a.j.r.Summariser: summary =   2158 in 00:06:17 =    5.7/s Avg:  1028 Min:    13 Max: 20427 Err:     0 (0.00%)
2021-07-16 14:09:32,118 INFO o.a.j.t.JMeterThread: Thread started: iSource_RaceConditionAuction 1-22
2021-07-16 14:09:32,929 INFO o.a.j.u.BeanShellTestElement: Loadtest101@zycus.com,PostFix RaceCondition_769,1310639358,1626425593177,1626426193177
2021-07-16 14:09:36,010 INFO o.a.j.t.JMeterThread: Thread is done: iSource_RaceConditionAuction 1-12
2021-07-16 14:09:36,010 INFO o.a.j.t.JMeterThread: Thread finished: iSource_RaceConditionAuction 1-12
2021-07-16 14:09:50,122 INFO o.a.j.u.BeanShellTestElement: Loadtest101@zycus.com,PostFix RaceCondition_3589,1310638759,1626425593177,1626426193177
2021-07-16 14:09:50,142 INFO o.a.j.t.JMeterThread: Thread started: iSource_RaceConditionAuction 1-23
2021-07-16 14:09:53,170 INFO o.a.j.t.JMeterThread: Thread is done: iSource_RaceConditionAuction 1-13
2021-07-16 14:09:53,170 INFO o.a.j.t.JMeterThread: Thread finished: iSource_RaceConditionAuction 1-13
2021-07-16 14:10:00,349 INFO o.a.j.r.Summariser: summary +    223 in 00:00:30 =    7.4/s Avg:  1008 Min:    26 Max: 18751 Err:     0 (0.00%) Active: 10 Started: 23 Finished: 13
2021-07-16 14:10:00,349 INFO o.a.j.r.Summariser: summary =   2381 in 00:06:47 =    5.8/s Avg:  1026 Min:    13 Max: 20427 Err:     0 (0.00%)
2021-07-16 14:10:08,170 INFO o.a.j.t.JMeterThread: Thread started: iSource_RaceConditionAuction 1-24
2021-07-16 14:10:11,132 INFO o.a.j.u.BeanShellTestElement: Loadtest101@zycus.com,PostFix RaceCondition_1658,1310645955,1626425593177,1626426193177
2021-07-16 14:10:14,168 INFO o.a.j.t.JMeterThread: Thread is done: iSource_RaceConditionAuction 1-14
2021-07-16 14:10:14,168 INFO o.a.j.t.JMeterThread: Thread finished: iSource_RaceConditionAuction 1-14
2021-07-16 14:10:26,195 INFO o.a.j.t.JMeterThread: Thread started: iSource_RaceConditionAuction 1-25
2021-07-16 14:10:28,347 INFO o.a.j.u.BeanShellTestElement: Loadtest101@zycus.com,PostFix RaceCondition_1666,1310647353,1626425593177,1626426193177
2021-07-16 14:10:30,036 INFO o.a.j.r.Summariser: summary +    213 in 00:00:30 =    7.2/s Avg:  1161 Min:    18 Max: 19606 Err:     0 (0.00%) Active: 11 Started: 25 Finished: 14
2021-07-16 14:10:30,037 INFO o.a.j.r.Summariser: summary =   2594 in 00:07:17 =    5.9/s Avg:  1037 Min:    13 Max: 20427 Err:     0 (0.00%)
2021-07-16 14:10:31,375 INFO o.a.j.t.JMeterThread: Thread is done: iSource_RaceConditionAuction 1-15
2021-07-16 14:10:31,375 INFO o.a.j.t.JMeterThread: Thread finished: iSource_RaceConditionAuction 1-15
2021-07-16 14:10:44,223 INFO o.a.j.t.JMeterThread: Thread started: iSource_RaceConditionAuction 1-26
2021-07-16 14:10:47,704 INFO o.a.j.u.BeanShellTestElement: Loadtest101@zycus.com,PostFix RaceCondition_711,1310638760,1626425593177,1626426193177
2021-07-16 14:10:50,764 INFO o.a.j.t.JMeterThread: Thread is done: iSource_RaceConditionAuction 1-16
2021-07-16 14:10:50,764 INFO o.a.j.t.JMeterThread: Thread finished: iSource_RaceConditionAuction 1-16
2021-07-16 14:11:00,029 INFO o.a.j.r.Summariser: summary +    216 in 00:00:30 =    7.2/s Avg:  1091 Min:    25 Max: 19580 Err:     0 (0.00%) Active: 10 Started: 26 Finished: 16
2021-07-16 14:11:00,029 INFO o.a.j.r.Summariser: summary =   2810 in 00:07:47 =    6.0/s Avg:  1041 Min:    13 Max: 20427 Err:     0 (0.00%)
2021-07-16 14:11:00,660 INFO o.a.j.u.BeanShellTestElement: Loadtest101@zycus.com,PostFix RaceCondition_3673,1310647154,1626425593177,1626426193177
2021-07-16 14:11:02,251 INFO o.a.j.t.JMeterThread: Thread started: iSource_RaceConditionAuction 1-27
2021-07-16 14:11:03,673 INFO o.a.j.t.JMeterThread: Thread is done: iSource_RaceConditionAuction 1-17
2021-07-16 14:11:03,673 INFO o.a.j.t.JMeterThread: Thread finished: iSource_RaceConditionAuction 1-17
2021-07-16 14:11:20,276 INFO o.a.j.t.JMeterThread: Thread started: iSource_RaceConditionAuction 1-28
2021-07-16 14:11:24,477 INFO o.a.j.u.BeanShellTestElement: Loadtest101@zycus.com,PostFix RaceCondition_3779,1310646354,1626425593177,1626426193177
2021-07-16 14:11:27,510 INFO o.a.j.t.JMeterThread: Thread is done: iSource_RaceConditionAuction 1-18
2021-07-16 14:11:27,510 INFO o.a.j.t.JMeterThread: Thread finished: iSource_RaceConditionAuction 1-18
2021-07-16 14:11:30,330 INFO o.a.j.r.Summariser: summary +    191 in 00:00:30 =    6.3/s Avg:  1112 Min:    18 Max: 19852 Err:     0 (0.00%) Active: 10 Started: 28 Finished: 18
2021-07-16 14:11:30,335 INFO o.a.j.r.Summariser: summary =   3001 in 00:08:17 =    6.0/s Avg:  1046 Min:    13 Max: 20427 Err:     0 (0.00%)
2021-07-16 14:11:38,342 INFO o.a.j.t.JMeterThread: Thread started: iSource_RaceConditionAuction 1-29
2021-07-16 14:11:40,884 INFO o.a.j.u.BeanShellTestElement: Loadtest101@zycus.com,PostFix RaceCondition_3713,1310637557,1626425593177,1626426193177
2021-07-16 14:11:43,921 INFO o.a.j.t.JMeterThread: Thread is done: iSource_RaceConditionAuction 1-19
2021-07-16 14:11:43,921 INFO o.a.j.t.JMeterThread: Thread finished: iSource_RaceConditionAuction 1-19
2021-07-16 14:11:56,401 INFO o.a.j.t.JMeterThread: Thread started: iSource_RaceConditionAuction 1-30
2021-07-16 14:12:00,172 INFO o.a.j.r.Summariser: summary +    173 in 00:00:30 =    5.8/s Avg:  1037 Min:    19 Max: 19408 Err:     0 (0.00%) Active: 11 Started: 30 Finished: 19
2021-07-16 14:12:00,172 INFO o.a.j.r.Summariser: summary =   3174 in 00:08:47 =    6.0/s Avg:  1045 Min:    13 Max: 20427 Err:     0 (0.00%)
2021-07-16 14:12:04,942 INFO o.a.j.t.JMeterThread: Stop Thread detected by thread: iSource_RaceConditionAuction 1-20
2021-07-16 14:12:04,942 INFO o.a.j.t.JMeterThread: Stop Thread detected by thread: iSource_RaceConditionAuction 1-23
2021-07-16 14:12:04,943 INFO o.a.j.t.JMeterThread: Thread finished: iSource_RaceConditionAuction 1-20
2021-07-16 14:12:04,943 INFO o.a.j.t.JMeterThread: Thread finished: iSource_RaceConditionAuction 1-23
2021-07-16 14:12:14,452 INFO o.a.j.t.JMeterThread: Thread started: iSource_RaceConditionAuction 1-31
2021-07-16 14:12:18,585 INFO o.a.j.u.BeanShellTestElement: Loadtest101@zycus.com,PostFix RaceCondition_994,1310638761,1626425593177,1626426193177
2021-07-16 14:12:21,598 INFO o.a.j.t.JMeterThread: Thread is done: iSource_RaceConditionAuction 1-21
2021-07-16 14:12:21,598 INFO o.a.j.t.JMeterThread: Thread finished: iSource_RaceConditionAuction 1-21
2021-07-16 14:12:30,504 INFO o.a.j.r.Summariser: summary +    197 in 00:00:30 =    6.5/s Avg:  1686 Min:    19 Max: 60235 Err:     2 (1.02%) Active: 9 Started: 31 Finished: 22
2021-07-16 14:12:30,504 INFO o.a.j.r.Summariser: summary =   3371 in 00:09:17 =    6.0/s Avg:  1083 Min:    13 Max: 60235 Err:     2 (0.06%)
2021-07-16 14:12:32,473 INFO o.a.j.t.JMeterThread: Thread started: iSource_RaceConditionAuction 1-32
2021-07-16 14:12:36,181 INFO o.a.j.u.BeanShellTestElement: Loadtest101@zycus.com,PostFix RaceCondition_4496,1310644760,1626425593177,1626426193177
2021-07-16 14:12:39,249 INFO o.a.j.t.JMeterThread: Thread is done: iSource_RaceConditionAuction 1-22
2021-07-16 14:12:39,249 INFO o.a.j.t.JMeterThread: Thread finished: iSource_RaceConditionAuction 1-22
2021-07-16 14:12:50,498 INFO o.a.j.t.JMeterThread: Thread started: iSource_RaceConditionAuction 1-33
2021-07-16 14:13:00,351 INFO o.a.j.r.Summariser: summary +    205 in 00:00:30 =    6.9/s Avg:  1022 Min:    14 Max: 18041 Err:     0 (0.00%) Active: 10 Started: 33 Finished: 23
2021-07-16 14:13:00,351 INFO o.a.j.r.Summariser: summary =   3576 in 00:09:47 =    6.1/s Avg:  1079 Min:    13 Max: 60235 Err:     2 (0.06%)
2021-07-16 14:13:08,528 INFO o.a.j.t.JMeterThread: Thread started: iSource_RaceConditionAuction 1-34
2021-07-16 14:13:13,426 INFO o.a.j.u.BeanShellTestElement: Loadtest101@zycus.com,PostFix RaceCondition_2786,1310647553,1626425593177,1626426193177
2021-07-16 14:13:16,526 INFO o.a.j.t.JMeterThread: Thread is done: iSource_RaceConditionAuction 1-24
2021-07-16 14:13:16,526 INFO o.a.j.t.JMeterThread: Thread finished: iSource_RaceConditionAuction 1-24
2021-07-16 14:13:26,552 INFO o.a.j.t.JMeterThread: Thread started: iSource_RaceConditionAuction 1-35
2021-07-16 14:13:30,128 INFO o.a.j.r.Summariser: summary +    171 in 00:00:30 =    5.7/s Avg:  1290 Min:    18 Max: 19471 Err:     0 (0.00%) Active: 11 Started: 35 Finished: 24
2021-07-16 14:13:30,128 INFO o.a.j.r.Summariser: summary =   3747 in 00:10:17 =    6.1/s Avg:  1089 Min:    13 Max: 60235 Err:     2 (0.05%)
2021-07-16 14:13:44,574 INFO o.a.j.t.JMeterThread: Thread started: iSource_RaceConditionAuction 1-36
2021-07-16 14:13:52,673 INFO o.a.j.u.BeanShellTestElement: Loadtest101@zycus.com,PostFix RaceCondition_1337,1310644762,1626425593177,1626426193177
2021-07-16 14:13:55,680 INFO o.a.j.t.JMeterThread: Thread is done: iSource_RaceConditionAuction 1-26
2021-07-16 14:13:55,680 INFO o.a.j.t.JMeterThread: Thread finished: iSource_RaceConditionAuction 1-26
2021-07-16 14:14:00,296 INFO o.a.j.r.Summariser: summary +    200 in 00:00:30 =    6.6/s Avg:  1140 Min:   160 Max: 19121 Err:     0 (0.00%) Active: 11 Started: 36 Finished: 25
2021-07-16 14:14:00,297 INFO o.a.j.r.Summariser: summary =   3947 in 00:10:47 =    6.1/s Avg:  1091 Min:    13 Max: 60235 Err:     2 (0.05%)
2021-07-16 14:14:02,594 INFO o.a.j.t.JMeterThread: Thread started: iSource_RaceConditionAuction 1-37
2021-07-16 14:14:07,941 INFO o.a.j.u.BeanShellTestElement: Loadtest101@zycus.com,PostFix RaceCondition_1121,1310647754,1626425593177,1626426193177
2021-07-16 14:14:10,407 INFO o.a.j.t.JMeterThread: Stop Thread detected by thread: iSource_RaceConditionAuction 1-25
2021-07-16 14:14:10,407 INFO o.a.j.t.JMeterThread: Thread finished: iSource_RaceConditionAuction 1-25
2021-07-16 14:14:10,859 INFO o.a.j.t.JMeterThread: Stop Thread detected by thread: iSource_RaceConditionAuction 1-28
2021-07-16 14:14:10,859 INFO o.a.j.t.JMeterThread: Thread finished: iSource_RaceConditionAuction 1-28
2021-07-16 14:14:11,007 INFO o.a.j.t.JMeterThread: Thread is done: iSource_RaceConditionAuction 1-27
2021-07-16 14:14:11,007 INFO o.a.j.t.JMeterThread: Thread finished: iSource_RaceConditionAuction 1-27
2021-07-16 14:14:20,614 INFO o.a.j.t.JMeterThread: Thread started: iSource_RaceConditionAuction 1-38
2021-07-16 14:14:30,120 INFO o.a.j.r.Summariser: summary +    181 in 00:00:30 =    6.1/s Avg:  1865 Min:   146 Max: 60287 Err:     2 (1.10%) Active: 10 Started: 38 Finished: 28
2021-07-16 14:14:30,121 INFO o.a.j.r.Summariser: summary =   4128 in 00:11:17 =    6.1/s Avg:  1125 Min:    13 Max: 60287 Err:     4 (0.10%)
2021-07-16 14:14:38,634 INFO o.a.j.t.JMeterThread: Thread started: iSource_RaceConditionAuction 1-39
2021-07-16 14:14:48,780 INFO o.a.j.u.BeanShellTestElement: Loadtest101@zycus.com,PostFix RaceCondition_2825,1310638156,1626425593177,1626426193177
2021-07-16 14:14:51,875 INFO o.a.j.t.JMeterThread: Thread is done: iSource_RaceConditionAuction 1-29
2021-07-16 14:14:51,876 INFO o.a.j.t.JMeterThread: Thread finished: iSource_RaceConditionAuction 1-29
2021-07-16 14:14:56,655 INFO o.a.j.t.JMeterThread: Thread started: iSource_RaceConditionAuction 1-40
2021-07-16 14:15:00,026 INFO o.a.j.r.Summariser: summary +    211 in 00:00:30 =    7.1/s Avg:  1186 Min:    14 Max: 19564 Err:     0 (0.00%) Active: 11 Started: 40 Finished: 29
2021-07-16 14:15:00,026 INFO o.a.j.r.Summariser: summary =   4339 in 00:11:47 =    6.1/s Avg:  1128 Min:    13 Max: 60287 Err:     4 (0.09%)
2021-07-16 14:15:06,944 INFO o.a.j.r.ResultCollector: Shutdown hook started
2021-07-16 14:15:06,945 INFO o.a.j.r.ResultCollector: Shutdown hook ended
