2021-07-16 12:38:30,953 INFO o.a.j.u.JMeterUtils: Setting Locale to en_EN
2021-07-16 12:38:30,964 INFO o.a.j.JMeter: Loading user properties from: user.properties
2021-07-16 12:38:30,964 INFO o.a.j.JMeter: Loading system properties from: system.properties
2021-07-16 12:38:30,965 INFO o.a.j.JMeter: Setting JMeter property: meter.reportgenerator.report_title=RaceConditionAuction
2021-07-16 12:38:30,965 INFO o.a.j.JMeter: Setting JMeter property: thread=50
2021-07-16 12:38:30,965 INFO o.a.j.JMeter: Setting JMeter property: rampup=900
2021-07-16 12:38:30,969 INFO o.a.j.JMeter: Copyright (c) 1998-2019 The Apache Software Foundation
2021-07-16 12:38:30,969 INFO o.a.j.JMeter: Version 5.1 r1853635
2021-07-16 12:38:30,969 INFO o.a.j.JMeter: java.version=1.8.0_121
2021-07-16 12:38:30,969 INFO o.a.j.JMeter: java.vm.name=Java HotSpot(TM) 64-Bit Server VM
2021-07-16 12:38:30,969 INFO o.a.j.JMeter: os.name=Windows 10
2021-07-16 12:38:30,969 INFO o.a.j.JMeter: os.arch=amd64
2021-07-16 12:38:30,969 INFO o.a.j.JMeter: os.version=10.0
2021-07-16 12:38:30,969 INFO o.a.j.JMeter: file.encoding=Cp1252
2021-07-16 12:38:30,969 INFO o.a.j.JMeter: java.awt.headless=true
2021-07-16 12:38:30,969 INFO o.a.j.JMeter: Max memory     =8589934592
2021-07-16 12:38:30,969 INFO o.a.j.JMeter: Available Processors =6
2021-07-16 12:38:30,972 INFO o.a.j.JMeter: Default Locale=English (EN)
2021-07-16 12:38:30,972 INFO o.a.j.JMeter: JMeter  Locale=English (EN)
2021-07-16 12:38:30,972 INFO o.a.j.JMeter: JMeterHome=D:\apache-jmeter-5.1\apache-jmeter-5.1
2021-07-16 12:38:30,973 INFO o.a.j.JMeter: user.dir  =D:\apache-jmeter-5.1\apache-jmeter-5.1\bin
2021-07-16 12:38:30,973 INFO o.a.j.JMeter: PWD       =D:\apache-jmeter-5.1\apache-jmeter-5.1\bin
2021-07-16 12:38:30,974 INFO o.a.j.JMeter: IP: 172.30.225.123 Name: ZIPLSY2278 FullName: ZIPLSY2278.zycus.net
2021-07-16 12:38:30,976 INFO o.a.j.JMeter: Setting property 'jmeter.reportgenerator.outputdir' to:'C:\xampp\htdocs\PerformancePostgres\L0_iSource_50_RaceConditionAuction_2021-07-16_36'
2021-07-16 12:38:30,977 INFO o.a.j.s.FileServer: Default base='D:\apache-jmeter-5.1\apache-jmeter-5.1\bin'
2021-07-16 12:38:30,980 INFO o.a.j.s.FileServer: Set new base='D:\PostrgresMigration\iSource'
2021-07-16 12:38:31,079 INFO o.a.j.s.SaveService: Testplan (JMX) version: 2.2. Testlog (JTL) version: 2.2
2021-07-16 12:38:31,089 INFO o.a.j.s.SaveService: Using SaveService properties file encoding UTF-8
2021-07-16 12:38:31,093 INFO o.a.j.s.SaveService: Using SaveService properties version 5.0
2021-07-16 12:38:31,097 INFO o.a.j.s.SaveService: Loading file: D:\PostrgresMigration\iSource\iSource_RaceConditionAuction.jmx
2021-07-16 12:38:31,139 INFO o.a.j.p.h.c.CookieManager: Settings: Delete null: true Check: true Allow variable: true Save: false Prefix: COOKIE_
2021-07-16 12:38:31,144 INFO o.a.j.p.h.c.CacheManager: Will only cache the following methods: [GET]
2021-07-16 12:38:31,151 INFO o.a.j.p.h.s.HTTPSamplerBase: Parser for text/html is org.apache.jmeter.protocol.http.parser.LagartoBasedHtmlParser
2021-07-16 12:38:31,151 INFO o.a.j.p.h.s.HTTPSamplerBase: Parser for application/xhtml+xml is org.apache.jmeter.protocol.http.parser.LagartoBasedHtmlParser
2021-07-16 12:38:31,152 INFO o.a.j.p.h.s.HTTPSamplerBase: Parser for application/xml is org.apache.jmeter.protocol.http.parser.LagartoBasedHtmlParser
2021-07-16 12:38:31,152 INFO o.a.j.p.h.s.HTTPSamplerBase: Parser for text/xml is org.apache.jmeter.protocol.http.parser.LagartoBasedHtmlParser
2021-07-16 12:38:31,152 INFO o.a.j.p.h.s.HTTPSamplerBase: Parser for text/vnd.wap.wml is org.apache.jmeter.protocol.http.parser.RegexpHTMLParser
2021-07-16 12:38:31,152 INFO o.a.j.p.h.s.HTTPSamplerBase: Parser for text/css is org.apache.jmeter.protocol.http.parser.CssParser
2021-07-16 12:38:31,343 INFO o.a.j.JMeter: Creating summariser <summary>
2021-07-16 12:38:31,348 INFO o.a.j.r.d.ReportGenerator: ReportGenerator will use for Parsing the separator: ','
2021-07-16 12:38:31,348 INFO o.a.j.r.d.ReportGenerator: Will generate report at end of test from  results file: D:\PostrgresMigration\iSource\JTL\L0_iSource_50_RaceConditionAuction_2021-07-16_36.jtl
2021-07-16 12:38:31,348 INFO o.a.j.r.d.ReportGenerator: Reading report generator properties from: D:\apache-jmeter-5.1\apache-jmeter-5.1\bin\reportgenerator.properties
2021-07-16 12:38:31,349 INFO o.a.j.r.d.ReportGenerator: Merging with JMeter properties
2021-07-16 12:38:31,353 INFO o.a.j.r.c.ReportGeneratorConfiguration: Property 'jmeter.reportgenerator.temp_dir' not found, using default value 'temp' instead.
2021-07-16 12:38:31,356 INFO o.a.j.r.c.ReportGeneratorConfiguration: Property 'jmeter.reportgenerator.apdex_per_transaction' not found, using default value 'null' instead.
2021-07-16 12:38:31,356 INFO o.a.j.r.c.ReportGeneratorConfiguration: apdex_per_transaction : {} is empty, not APDEX per transaction customization
2021-07-16 12:38:31,356 INFO o.a.j.r.c.ReportGeneratorConfiguration: Property 'jmeter.reportgenerator.sample_filter' not found, using default value 'null' instead.
2021-07-16 12:38:31,356 INFO o.a.j.r.c.ReportGeneratorConfiguration: Property 'jmeter.reportgenerator.report_title' not found, using default value 'null' instead.
2021-07-16 12:38:31,356 INFO o.a.j.r.c.ReportGeneratorConfiguration: Property 'jmeter.reportgenerator.start_date' not found, using default value 'null' instead.
2021-07-16 12:38:31,356 INFO o.a.j.r.c.ReportGeneratorConfiguration: Property 'jmeter.reportgenerator.end_date' not found, using default value 'null' instead.
2021-07-16 12:38:31,356 INFO o.a.j.r.c.ReportGeneratorConfiguration: Property 'jmeter.reportgenerator.date_format' not found, using default value 'null' instead.
2021-07-16 12:38:31,357 INFO o.a.j.r.c.ReportGeneratorConfiguration: Will use date range start date: null, end date: null
2021-07-16 12:38:31,361 INFO o.a.j.r.c.ReportGeneratorConfiguration: Property 'jmeter.reportgenerator.graph.totalTPS.exclude_controllers' not found, using default value 'false' instead.
2021-07-16 12:38:31,361 INFO o.a.j.r.c.ReportGeneratorConfiguration: Property 'jmeter.reportgenerator.graph.activeThreadsOverTime.exclude_controllers' not found, using default value 'false' instead.
2021-07-16 12:38:31,361 INFO o.a.j.r.c.ReportGeneratorConfiguration: Property 'jmeter.reportgenerator.graph.timeVsThreads.exclude_controllers' not found, using default value 'false' instead.
2021-07-16 12:38:31,361 INFO o.a.j.r.c.ReportGeneratorConfiguration: Property 'jmeter.reportgenerator.graph.responseTimeDistribution.exclude_controllers' not found, using default value 'false' instead.
2021-07-16 12:38:31,361 INFO o.a.j.r.c.ReportGeneratorConfiguration: Property 'jmeter.reportgenerator.graph.transactionsPerSecond.exclude_controllers' not found, using default value 'false' instead.
2021-07-16 12:38:31,361 INFO o.a.j.r.c.ReportGeneratorConfiguration: Property 'jmeter.reportgenerator.graph.responseTimePercentiles.exclude_controllers' not found, using default value 'false' instead.
2021-07-16 12:38:31,361 INFO o.a.j.r.c.ReportGeneratorConfiguration: Property 'jmeter.reportgenerator.graph.responseTimePercentilesOverTime.exclude_controllers' not found, using default value 'false' instead.
2021-07-16 12:38:31,361 INFO o.a.j.r.c.ReportGeneratorConfiguration: Property 'jmeter.reportgenerator.graph.responseTimesOverTime.exclude_controllers' not found, using default value 'false' instead.
2021-07-16 12:38:31,361 INFO o.a.j.r.c.ReportGeneratorConfiguration: Property 'jmeter.reportgenerator.graph.connectTimeOverTime.exclude_controllers' not found, using default value 'false' instead.
2021-07-16 12:38:31,361 INFO o.a.j.r.c.ReportGeneratorConfiguration: Property 'jmeter.reportgenerator.graph.latenciesOverTime.exclude_controllers' not found, using default value 'false' instead.
2021-07-16 12:38:31,361 INFO o.a.j.r.c.ReportGeneratorConfiguration: Property 'jmeter.reportgenerator.exporter.json.filters_only_sample_series' not found, using default value 'true' instead.
2021-07-16 12:38:31,361 INFO o.a.j.r.c.ReportGeneratorConfiguration: Property 'jmeter.reportgenerator.exporter.json.series_filter' not found, using default value '' instead.
2021-07-16 12:38:31,363 INFO o.a.j.r.c.ReportGeneratorConfiguration: Property 'jmeter.reportgenerator.exporter.json.show_controllers_only' not found, using default value 'false' instead.
2021-07-16 12:38:31,363 INFO o.a.j.r.c.ReportGeneratorConfiguration: Property 'jmeter.reportgenerator.exporter.html.filters_only_sample_series' not found, using default value 'true' instead.
2021-07-16 12:38:31,363 INFO o.a.j.r.c.ReportGeneratorConfiguration: Property 'jmeter.reportgenerator.exporter.html.series_filter' not found, using default value '' instead.
2021-07-16 12:38:31,363 INFO o.a.j.r.c.ReportGeneratorConfiguration: Property 'jmeter.reportgenerator.exporter.html.show_controllers_only' not found, using default value 'false' instead.
2021-07-16 12:38:31,365 INFO o.a.j.e.StandardJMeterEngine: Running the test!
2021-07-16 12:38:31,366 INFO o.a.j.s.SampleEvent: List of sample_variables: []
2021-07-16 12:38:31,366 INFO o.a.j.s.SampleEvent: List of sample_variables: []
2021-07-16 12:38:31,372 INFO o.a.j.e.u.CompoundVariable: Note: Function class names must contain the string: '.functions.'
2021-07-16 12:38:31,372 INFO o.a.j.e.u.CompoundVariable: Note: Function class names must not contain the string: '.gui.'
2021-07-16 12:38:31,778 INFO o.a.j.JMeter: Running test (1626419311778)
2021-07-16 12:38:31,834 INFO o.a.j.e.StandardJMeterEngine: Starting ThreadGroup: 1 : iSource_RaceConditionAuction
2021-07-16 12:38:31,835 INFO o.a.j.e.StandardJMeterEngine: Starting 50 threads for group iSource_RaceConditionAuction.
2021-07-16 12:38:31,835 INFO o.a.j.e.StandardJMeterEngine: Thread will stop on error
2021-07-16 12:38:31,835 INFO o.a.j.t.ThreadGroup: Starting thread group... number=1 threads=50 ramp-up=900 perThread=18000.0 delayedStart=false
2021-07-16 12:38:31,866 INFO o.a.j.s.SampleResult: Note: Sample TimeStamps are START times
2021-07-16 12:38:31,866 INFO o.a.j.s.SampleResult: sampleresult.default.encoding is set to ISO-8859-1
2021-07-16 12:38:31,866 INFO o.a.j.s.SampleResult: sampleresult.useNanoTime=true
2021-07-16 12:38:31,866 INFO o.a.j.s.SampleResult: sampleresult.nanoThreadSleep=5000
2021-07-16 12:38:31,874 INFO o.a.j.t.JMeterThread: Thread started: iSource_RaceConditionAuction 1-1
2021-07-16 12:38:31,894 INFO o.a.j.p.h.s.HTTPHCAbstractImpl: Local host = ZIPLSY2278
2021-07-16 12:38:31,905 INFO o.a.j.p.h.s.HTTPHC4Impl: HTTP request retry count = 0
2021-07-16 12:38:32,019 INFO o.a.j.p.h.s.h.LazyLayeredConnectionSocketFactory: Setting up HTTPS TrustAll Socket Factory
2021-07-16 12:38:32,028 INFO o.a.j.u.JsseSSLManager: Using default SSL protocol: TLS
2021-07-16 12:38:32,028 INFO o.a.j.u.JsseSSLManager: SSL session context: per-thread
2021-07-16 12:38:32,818 INFO o.a.j.u.SSLManager: JmeterKeyStore Location:  type JKS
2021-07-16 12:38:32,820 INFO o.a.j.u.SSLManager: KeyStore created OK
2021-07-16 12:38:32,820 WARN o.a.j.u.SSLManager: Keystore file not found, loading empty keystore
2021-07-16 12:38:33,359 INFO o.a.j.t.ThreadGroup: Started thread group number 1
2021-07-16 12:38:33,359 INFO o.a.j.e.StandardJMeterEngine: All thread groups have been started
2021-07-16 12:38:34,134 INFO o.a.j.r.Summariser: summary +      1 in 00:00:02 =    0.4/s Avg:  2151 Min:  2151 Max:  2151 Err:     0 (0.00%) Active: 1 Started: 1 Finished: 0
2021-07-16 12:38:49,929 INFO o.a.j.t.JMeterThread: Thread started: iSource_RaceConditionAuction 1-2
2021-07-16 12:39:00,357 INFO o.a.j.r.Summariser: summary +     38 in 00:00:26 =    1.4/s Avg:   436 Min:   146 Max:  1082 Err:     0 (0.00%) Active: 2 Started: 2 Finished: 0
2021-07-16 12:39:00,357 INFO o.a.j.r.Summariser: summary =     39 in 00:00:29 =    1.4/s Avg:   480 Min:   146 Max:  2151 Err:     0 (0.00%)
2021-07-16 12:39:07,982 INFO o.a.j.t.JMeterThread: Thread started: iSource_RaceConditionAuction 1-3
2021-07-16 12:39:26,023 INFO o.a.j.t.JMeterThread: Thread started: iSource_RaceConditionAuction 1-4
2021-07-16 12:39:30,103 INFO o.a.j.r.Summariser: summary +     58 in 00:00:30 =    1.9/s Avg:  1272 Min:   142 Max: 19122 Err:     0 (0.00%) Active: 4 Started: 4 Finished: 0
2021-07-16 12:39:30,103 INFO o.a.j.r.Summariser: summary =     97 in 00:00:58 =    1.7/s Avg:   953 Min:   142 Max: 19122 Err:     0 (0.00%)
2021-07-16 12:39:44,048 INFO o.a.j.t.JMeterThread: Thread started: iSource_RaceConditionAuction 1-5
2021-07-16 12:40:01,793 INFO o.a.j.r.Summariser: summary +     90 in 00:00:32 =    2.8/s Avg:  1257 Min:   163 Max: 19235 Err:     0 (0.00%) Active: 5 Started: 5 Finished: 0
2021-07-16 12:40:01,794 INFO o.a.j.r.Summariser: summary =    187 in 00:01:30 =    2.1/s Avg:  1099 Min:   142 Max: 19235 Err:     0 (0.00%)
2021-07-16 12:40:02,083 INFO o.a.j.t.JMeterThread: Thread started: iSource_RaceConditionAuction 1-6
2021-07-16 12:40:20,112 INFO o.a.j.t.JMeterThread: Thread started: iSource_RaceConditionAuction 1-7
2021-07-16 12:40:30,215 INFO o.a.j.r.Summariser: summary +    132 in 00:00:28 =    4.6/s Avg:   992 Min:   141 Max: 19294 Err:     0 (0.00%) Active: 7 Started: 7 Finished: 0
2021-07-16 12:40:30,215 INFO o.a.j.r.Summariser: summary =    319 in 00:01:58 =    2.7/s Avg:  1055 Min:   141 Max: 19294 Err:     0 (0.00%)
2021-07-16 12:40:38,141 INFO o.a.j.t.JMeterThread: Thread started: iSource_RaceConditionAuction 1-8
2021-07-16 12:40:56,197 INFO o.a.j.t.JMeterThread: Thread started: iSource_RaceConditionAuction 1-9
2021-07-16 12:41:00,091 INFO o.a.j.r.Summariser: summary +    177 in 00:00:30 =    5.9/s Avg:  1006 Min:   143 Max: 18838 Err:     0 (0.00%) Active: 9 Started: 9 Finished: 0
2021-07-16 12:41:00,091 INFO o.a.j.r.Summariser: summary =    496 in 00:02:28 =    3.3/s Avg:  1038 Min:   141 Max: 19294 Err:     0 (0.00%)
2021-07-16 12:41:14,251 INFO o.a.j.t.JMeterThread: Thread started: iSource_RaceConditionAuction 1-10
2021-07-16 12:41:29,075 INFO o.a.j.u.BeanShellTestElement: Loadtest103@zycus.com,PostFix RaceCondition_4833,1310640956,1626420511712,1626421111712
2021-07-16 12:41:30,382 INFO o.a.j.r.Summariser: summary +    214 in 00:00:30 =    7.1/s Avg:  1062 Min:   139 Max: 20857 Err:     0 (0.00%) Active: 10 Started: 10 Finished: 0
2021-07-16 12:41:30,382 INFO o.a.j.r.Summariser: summary =    710 in 00:02:59 =    4.0/s Avg:  1045 Min:   139 Max: 20857 Err:     0 (0.00%)
2021-07-16 12:41:32,087 INFO o.a.j.t.JMeterThread: Thread is done: iSource_RaceConditionAuction 1-1
2021-07-16 12:41:32,087 INFO o.a.j.t.JMeterThread: Thread finished: iSource_RaceConditionAuction 1-1
2021-07-16 12:41:32,310 INFO o.a.j.t.JMeterThread: Thread started: iSource_RaceConditionAuction 1-11
2021-07-16 12:41:42,191 INFO o.a.j.u.BeanShellTestElement: Loadtest103@zycus.com,PostFix RaceCondition_3300,1310642953,1626420511712,1626421111712
2021-07-16 12:41:45,270 INFO o.a.j.t.JMeterThread: Thread is done: iSource_RaceConditionAuction 1-2
2021-07-16 12:41:45,270 INFO o.a.j.t.JMeterThread: Thread finished: iSource_RaceConditionAuction 1-2
2021-07-16 12:41:50,362 INFO o.a.j.t.JMeterThread: Thread started: iSource_RaceConditionAuction 1-12
2021-07-16 12:42:00,338 INFO o.a.j.r.Summariser: summary +    220 in 00:00:30 =    7.3/s Avg:   950 Min:   141 Max: 18871 Err:     0 (0.00%) Active: 10 Started: 12 Finished: 2
2021-07-16 12:42:00,338 INFO o.a.j.r.Summariser: summary =    930 in 00:03:29 =    4.5/s Avg:  1022 Min:   139 Max: 20857 Err:     0 (0.00%)
2021-07-16 12:42:08,264 INFO o.a.j.u.BeanShellTestElement: Loadtest103@zycus.com,PostFix RaceCondition_626,1310643153,1626420511712,1626421111712
2021-07-16 12:42:08,404 INFO o.a.j.t.JMeterThread: Thread started: iSource_RaceConditionAuction 1-13
2021-07-16 12:42:11,290 INFO o.a.j.t.JMeterThread: Thread is done: iSource_RaceConditionAuction 1-3
2021-07-16 12:42:11,290 INFO o.a.j.t.JMeterThread: Thread finished: iSource_RaceConditionAuction 1-3
2021-07-16 12:42:16,074 INFO o.a.j.u.BeanShellTestElement: Loadtest103@zycus.com,PostFix RaceCondition_4850,1310642954,1626420511712,1626421111712
2021-07-16 12:42:19,098 INFO o.a.j.t.JMeterThread: Thread is done: iSource_RaceConditionAuction 1-4
2021-07-16 12:42:19,098 INFO o.a.j.t.JMeterThread: Thread finished: iSource_RaceConditionAuction 1-4
2021-07-16 12:42:26,441 INFO o.a.j.t.JMeterThread: Thread started: iSource_RaceConditionAuction 1-14
2021-07-16 12:42:30,050 INFO o.a.j.r.Summariser: summary +    216 in 00:00:30 =    7.3/s Avg:  1069 Min:   138 Max: 19707 Err:     0 (0.00%) Active: 10 Started: 14 Finished: 4
2021-07-16 12:42:30,051 INFO o.a.j.r.Summariser: summary =   1146 in 00:03:58 =    4.8/s Avg:  1031 Min:   138 Max: 20857 Err:     0 (0.00%)
2021-07-16 12:42:38,868 INFO o.a.j.u.BeanShellTestElement: Loadtest103@zycus.com,PostFix RaceCondition_790,1310640957,1626420511712,1626421111712
2021-07-16 12:42:41,926 INFO o.a.j.t.JMeterThread: Thread is done: iSource_RaceConditionAuction 1-5
2021-07-16 12:42:41,926 INFO o.a.j.t.JMeterThread: Thread finished: iSource_RaceConditionAuction 1-5
2021-07-16 12:42:44,491 INFO o.a.j.t.JMeterThread: Thread started: iSource_RaceConditionAuction 1-15
2021-07-16 12:43:00,295 INFO o.a.j.r.Summariser: summary +    217 in 00:00:30 =    7.2/s Avg:  1097 Min:   140 Max: 19563 Err:     0 (0.00%) Active: 10 Started: 15 Finished: 5
2021-07-16 12:43:00,296 INFO o.a.j.r.Summariser: summary =   1363 in 00:04:29 =    5.1/s Avg:  1042 Min:   138 Max: 20857 Err:     0 (0.00%)
2021-07-16 12:43:01,763 INFO o.a.j.u.BeanShellTestElement: Loadtest103@zycus.com,PostFix RaceCondition_3964,1310643353,1626420511712,1626421111712
2021-07-16 12:43:02,532 INFO o.a.j.t.JMeterThread: Thread started: iSource_RaceConditionAuction 1-16
2021-07-16 12:43:04,857 INFO o.a.j.t.JMeterThread: Thread is done: iSource_RaceConditionAuction 1-6
2021-07-16 12:43:04,857 INFO o.a.j.t.JMeterThread: Thread finished: iSource_RaceConditionAuction 1-6
2021-07-16 12:43:15,477 INFO o.a.j.u.BeanShellTestElement: Loadtest103@zycus.com,PostFix RaceCondition_3643,1310643553,1626420511712,1626421111712
2021-07-16 12:43:18,490 INFO o.a.j.t.JMeterThread: Thread is done: iSource_RaceConditionAuction 1-7
2021-07-16 12:43:18,490 INFO o.a.j.t.JMeterThread: Thread finished: iSource_RaceConditionAuction 1-7
2021-07-16 12:43:20,557 INFO o.a.j.t.JMeterThread: Thread started: iSource_RaceConditionAuction 1-17
2021-07-16 12:43:30,020 INFO o.a.j.r.Summariser: summary +    214 in 00:00:30 =    7.2/s Avg:   998 Min:   135 Max: 19030 Err:     0 (0.00%) Active: 10 Started: 17 Finished: 7
2021-07-16 12:43:30,020 INFO o.a.j.r.Summariser: summary =   1577 in 00:04:58 =    5.3/s Avg:  1036 Min:   135 Max: 20857 Err:     0 (0.00%)
2021-07-16 12:43:38,582 INFO o.a.j.t.JMeterThread: Thread started: iSource_RaceConditionAuction 1-18
2021-07-16 12:43:38,988 INFO o.a.j.u.BeanShellTestElement: Loadtest103@zycus.com,PostFix RaceCondition_2178,1310643154,1626420511712,1626421111712
2021-07-16 12:43:42,069 INFO o.a.j.t.JMeterThread: Thread is done: iSource_RaceConditionAuction 1-8
2021-07-16 12:43:42,069 INFO o.a.j.t.JMeterThread: Thread finished: iSource_RaceConditionAuction 1-8
2021-07-16 12:43:50,949 INFO o.a.j.u.BeanShellTestElement: Loadtest103@zycus.com,PostFix RaceCondition_3197,1310643753,1626420511712,1626421111712
2021-07-16 12:43:54,047 INFO o.a.j.t.JMeterThread: Thread is done: iSource_RaceConditionAuction 1-9
2021-07-16 12:43:54,047 INFO o.a.j.t.JMeterThread: Thread finished: iSource_RaceConditionAuction 1-9
2021-07-16 12:43:56,620 INFO o.a.j.t.JMeterThread: Thread started: iSource_RaceConditionAuction 1-19
2021-07-16 12:44:00,024 INFO o.a.j.r.Summariser: summary +    224 in 00:00:30 =    7.5/s Avg:  1041 Min:   140 Max: 19999 Err:     0 (0.00%) Active: 10 Started: 19 Finished: 9
2021-07-16 12:44:00,024 INFO o.a.j.r.Summariser: summary =   1801 in 00:05:28 =    5.5/s Avg:  1037 Min:   135 Max: 20857 Err:     0 (0.00%)
2021-07-16 12:44:06,262 INFO o.a.j.u.BeanShellTestElement: Loadtest103@zycus.com,PostFix RaceCondition_3555,1310643754,1626420511712,1626421111712
2021-07-16 12:44:09,288 INFO o.a.j.t.JMeterThread: Thread is done: iSource_RaceConditionAuction 1-10
2021-07-16 12:44:09,288 INFO o.a.j.t.JMeterThread: Thread finished: iSource_RaceConditionAuction 1-10
2021-07-16 12:44:14,651 INFO o.a.j.t.JMeterThread: Thread started: iSource_RaceConditionAuction 1-20
2021-07-16 12:44:29,403 INFO o.a.j.u.BeanShellTestElement: Loadtest103@zycus.com,PostFix RaceCondition_4875,1310643953,1626420511712,1626421111712
2021-07-16 12:44:30,022 INFO o.a.j.r.Summariser: summary +    213 in 00:00:30 =    7.1/s Avg:  1065 Min:   136 Max: 20009 Err:     0 (0.00%) Active: 10 Started: 20 Finished: 10
2021-07-16 12:44:30,022 INFO o.a.j.r.Summariser: summary =   2014 in 00:05:58 =    5.6/s Avg:  1040 Min:   135 Max: 20857 Err:     0 (0.00%)
2021-07-16 12:44:32,469 INFO o.a.j.t.JMeterThread: Thread is done: iSource_RaceConditionAuction 1-11
2021-07-16 12:44:32,470 INFO o.a.j.t.JMeterThread: Thread finished: iSource_RaceConditionAuction 1-11
2021-07-16 12:44:32,685 INFO o.a.j.t.JMeterThread: Thread started: iSource_RaceConditionAuction 1-21
2021-07-16 12:44:50,708 INFO o.a.j.t.JMeterThread: Thread started: iSource_RaceConditionAuction 1-22
2021-07-16 12:44:51,131 INFO o.a.j.u.BeanShellTestElement: Loadtest103@zycus.com,PostFix RaceCondition_2868,1310643954,1626420511712,1626421111712
2021-07-16 12:44:54,172 INFO o.a.j.t.JMeterThread: Thread is done: iSource_RaceConditionAuction 1-12
2021-07-16 12:44:54,172 INFO o.a.j.t.JMeterThread: Thread finished: iSource_RaceConditionAuction 1-12
2021-07-16 12:45:00,402 INFO o.a.j.r.Summariser: summary +    220 in 00:00:30 =    7.2/s Avg:  1039 Min:   138 Max: 18616 Err:     0 (0.00%) Active: 10 Started: 22 Finished: 12
2021-07-16 12:45:00,403 INFO o.a.j.r.Summariser: summary =   2234 in 00:06:29 =    5.7/s Avg:  1039 Min:   135 Max: 20857 Err:     0 (0.00%)
2021-07-16 12:45:08,733 INFO o.a.j.t.JMeterThread: Thread started: iSource_RaceConditionAuction 1-23
2021-07-16 12:45:10,579 INFO o.a.j.u.BeanShellTestElement: Loadtest103@zycus.com,PostFix RaceCondition_3553,1310638758,1626420511712,1626421111712
2021-07-16 12:45:13,615 INFO o.a.j.t.JMeterThread: Thread is done: iSource_RaceConditionAuction 1-13
2021-07-16 12:45:13,615 INFO o.a.j.t.JMeterThread: Thread finished: iSource_RaceConditionAuction 1-13
2021-07-16 12:45:26,759 INFO o.a.j.t.JMeterThread: Thread started: iSource_RaceConditionAuction 1-24
2021-07-16 12:45:29,976 INFO o.a.j.u.BeanShellTestElement: Loadtest103@zycus.com,PostFix RaceCondition_858,1310643354,1626420511712,1626421111712
2021-07-16 12:45:30,100 INFO o.a.j.r.Summariser: summary +    201 in 00:00:30 =    6.8/s Avg:  1185 Min:   141 Max: 19316 Err:     0 (0.00%) Active: 11 Started: 24 Finished: 13
2021-07-16 12:45:30,101 INFO o.a.j.r.Summariser: summary =   2435 in 00:06:58 =    5.8/s Avg:  1051 Min:   135 Max: 20857 Err:     0 (0.00%)
2021-07-16 12:45:33,072 INFO o.a.j.t.JMeterThread: Thread is done: iSource_RaceConditionAuction 1-14
2021-07-16 12:45:33,072 INFO o.a.j.t.JMeterThread: Thread finished: iSource_RaceConditionAuction 1-14
2021-07-16 12:45:44,780 INFO o.a.j.t.JMeterThread: Thread started: iSource_RaceConditionAuction 1-25
2021-07-16 12:45:47,072 INFO o.a.j.u.BeanShellTestElement: Loadtest103@zycus.com,PostFix RaceCondition_807,1310644153,1626420511712,1626421111712
2021-07-16 12:45:50,135 INFO o.a.j.t.JMeterThread: Thread is done: iSource_RaceConditionAuction 1-15
2021-07-16 12:45:50,135 INFO o.a.j.t.JMeterThread: Thread finished: iSource_RaceConditionAuction 1-15
2021-07-16 12:46:00,108 INFO o.a.j.r.Summariser: summary +    218 in 00:00:30 =    7.3/s Avg:  1141 Min:   138 Max: 18575 Err:     0 (0.00%) Active: 10 Started: 25 Finished: 15
2021-07-16 12:46:00,109 INFO o.a.j.r.Summariser: summary =   2653 in 00:07:28 =    5.9/s Avg:  1059 Min:   135 Max: 20857 Err:     0 (0.00%)
2021-07-16 12:46:02,804 INFO o.a.j.t.JMeterThread: Thread started: iSource_RaceConditionAuction 1-26
2021-07-16 12:46:11,646 INFO o.a.j.u.BeanShellTestElement: Loadtest103@zycus.com,PostFix RaceCondition_2614,1310644353,1626420511712,1626421111712
2021-07-16 12:46:14,705 INFO o.a.j.t.JMeterThread: Thread is done: iSource_RaceConditionAuction 1-16
2021-07-16 12:46:14,705 INFO o.a.j.t.JMeterThread: Thread finished: iSource_RaceConditionAuction 1-16
2021-07-16 12:46:20,830 INFO o.a.j.t.JMeterThread: Thread started: iSource_RaceConditionAuction 1-27
2021-07-16 12:46:26,572 INFO o.a.j.u.BeanShellTestElement: Loadtest103@zycus.com,PostFix RaceCondition_926,1310644154,1626420511712,1626421111712
2021-07-16 12:46:29,589 INFO o.a.j.t.JMeterThread: Thread is done: iSource_RaceConditionAuction 1-17
2021-07-16 12:46:29,589 INFO o.a.j.t.JMeterThread: Thread finished: iSource_RaceConditionAuction 1-17
2021-07-16 12:46:30,149 INFO o.a.j.r.Summariser: summary +    230 in 00:00:30 =    7.7/s Avg:  1033 Min:    12 Max: 19692 Err:     0 (0.00%) Active: 10 Started: 27 Finished: 17
2021-07-16 12:46:30,149 INFO o.a.j.r.Summariser: summary =   2883 in 00:07:58 =    6.0/s Avg:  1057 Min:    12 Max: 20857 Err:     0 (0.00%)
2021-07-16 12:46:38,856 INFO o.a.j.t.JMeterThread: Thread started: iSource_RaceConditionAuction 1-28
2021-07-16 12:46:47,315 INFO o.a.j.u.BeanShellTestElement: Loadtest103@zycus.com,PostFix RaceCondition_2164,1310644155,1626420511712,1626421111712
2021-07-16 12:46:50,402 INFO o.a.j.t.JMeterThread: Thread is done: iSource_RaceConditionAuction 1-18
2021-07-16 12:46:50,402 INFO o.a.j.t.JMeterThread: Thread finished: iSource_RaceConditionAuction 1-18
2021-07-16 12:46:56,878 INFO o.a.j.t.JMeterThread: Thread started: iSource_RaceConditionAuction 1-29
2021-07-16 12:47:00,079 INFO o.a.j.r.Summariser: summary +    225 in 00:00:30 =    7.5/s Avg:  1092 Min:    13 Max: 19377 Err:     0 (0.00%) Active: 11 Started: 29 Finished: 18
2021-07-16 12:47:00,079 INFO o.a.j.r.Summariser: summary =   3108 in 00:08:28 =    6.1/s Avg:  1059 Min:    12 Max: 20857 Err:     0 (0.00%)
2021-07-16 12:47:01,497 INFO o.a.j.u.BeanShellTestElement: Loadtest103@zycus.com,PostFix RaceCondition_2779,1310640958,1626420511712,1626421111712
2021-07-16 12:47:04,579 INFO o.a.j.t.JMeterThread: Thread is done: iSource_RaceConditionAuction 1-19
2021-07-16 12:47:04,579 INFO o.a.j.t.JMeterThread: Thread finished: iSource_RaceConditionAuction 1-19
2021-07-16 12:47:14,899 INFO o.a.j.t.JMeterThread: Thread started: iSource_RaceConditionAuction 1-30
2021-07-16 12:47:17,264 INFO o.a.j.u.BeanShellTestElement: Loadtest103@zycus.com,PostFix RaceCondition_2095,1310640959,1626420511712,1626421111712
2021-07-16 12:47:20,278 INFO o.a.j.t.JMeterThread: Thread is done: iSource_RaceConditionAuction 1-20
2021-07-16 12:47:20,278 INFO o.a.j.t.JMeterThread: Thread finished: iSource_RaceConditionAuction 1-20
2021-07-16 12:47:30,338 INFO o.a.j.r.Summariser: summary +    213 in 00:00:30 =    7.0/s Avg:  1143 Min:    28 Max: 18987 Err:     0 (0.00%) Active: 10 Started: 30 Finished: 20
2021-07-16 12:47:30,338 INFO o.a.j.r.Summariser: summary =   3321 in 00:08:59 =    6.2/s Avg:  1065 Min:    12 Max: 20857 Err:     0 (0.00%)
2021-07-16 12:47:32,944 INFO o.a.j.t.JMeterThread: Thread started: iSource_RaceConditionAuction 1-31
2021-07-16 12:47:37,959 INFO o.a.j.u.BeanShellTestElement: Loadtest103@zycus.com,PostFix RaceCondition_1149,1310644553,1626420511712,1626421111712
2021-07-16 12:47:40,986 INFO o.a.j.t.JMeterThread: Thread is done: iSource_RaceConditionAuction 1-21
2021-07-16 12:47:40,986 INFO o.a.j.t.JMeterThread: Thread finished: iSource_RaceConditionAuction 1-21
2021-07-16 12:47:50,961 INFO o.a.j.t.JMeterThread: Thread started: iSource_RaceConditionAuction 1-32
2021-07-16 12:47:57,196 INFO o.a.j.u.BeanShellTestElement: Loadtest103@zycus.com,PostFix RaceCondition_105,1310635755,1626420511712,1626421111712
2021-07-16 12:48:00,114 INFO o.a.j.r.Summariser: summary +    228 in 00:00:30 =    7.7/s Avg:  1031 Min:    16 Max: 19430 Err:     0 (0.00%) Active: 11 Started: 32 Finished: 21
2021-07-16 12:48:00,114 INFO o.a.j.r.Summariser: summary =   3549 in 00:09:28 =    6.2/s Avg:  1062 Min:    12 Max: 20857 Err:     0 (0.00%)
2021-07-16 12:48:00,211 INFO o.a.j.t.JMeterThread: Thread is done: iSource_RaceConditionAuction 1-22
2021-07-16 12:48:00,211 INFO o.a.j.t.JMeterThread: Thread finished: iSource_RaceConditionAuction 1-22
2021-07-16 12:48:08,980 INFO o.a.j.t.JMeterThread: Thread started: iSource_RaceConditionAuction 1-33
2021-07-16 12:48:18,966 INFO o.a.j.u.BeanShellTestElement: Loadtest103@zycus.com,PostFix RaceCondition_1486,1310635756,1626420511712,1626421111712
2021-07-16 12:48:22,043 INFO o.a.j.t.JMeterThread: Thread is done: iSource_RaceConditionAuction 1-23
2021-07-16 12:48:22,044 INFO o.a.j.t.JMeterThread: Thread finished: iSource_RaceConditionAuction 1-23
2021-07-16 12:48:25,775 INFO o.a.j.u.BeanShellTestElement: Loadtest103@zycus.com,PostFix RaceCondition_3268,1310642955,1626420511712,1626421111712
2021-07-16 12:48:27,000 INFO o.a.j.t.JMeterThread: Thread started: iSource_RaceConditionAuction 1-34
2021-07-16 12:48:28,830 INFO o.a.j.t.JMeterThread: Thread is done: iSource_RaceConditionAuction 1-24
2021-07-16 12:48:28,830 INFO o.a.j.t.JMeterThread: Thread finished: iSource_RaceConditionAuction 1-24
2021-07-16 12:48:30,058 INFO o.a.j.r.Summariser: summary +    228 in 00:00:30 =    7.6/s Avg:  1081 Min:    12 Max: 18924 Err:     0 (0.00%) Active: 10 Started: 34 Finished: 24
2021-07-16 12:48:30,059 INFO o.a.j.r.Summariser: summary =   3777 in 00:09:58 =    6.3/s Avg:  1064 Min:    12 Max: 20857 Err:     0 (0.00%)
2021-07-16 12:48:45,018 INFO o.a.j.t.JMeterThread: Thread started: iSource_RaceConditionAuction 1-35
2021-07-16 12:48:49,209 INFO o.a.j.u.BeanShellTestElement: Loadtest103@zycus.com,PostFix RaceCondition_4691,1310643355,1626420511712,1626421111712
2021-07-16 12:48:52,259 INFO o.a.j.t.JMeterThread: Thread is done: iSource_RaceConditionAuction 1-25
2021-07-16 12:48:52,259 INFO o.a.j.t.JMeterThread: Thread finished: iSource_RaceConditionAuction 1-25
2021-07-16 12:49:00,037 INFO o.a.j.r.Summariser: summary +    214 in 00:00:30 =    7.1/s Avg:  1116 Min:    16 Max: 19719 Err:     0 (0.00%) Active: 10 Started: 35 Finished: 25
2021-07-16 12:49:00,037 INFO o.a.j.r.Summariser: summary =   3991 in 00:10:28 =    6.4/s Avg:  1066 Min:    12 Max: 20857 Err:     0 (0.00%)
2021-07-16 12:49:03,038 INFO o.a.j.t.JMeterThread: Thread started: iSource_RaceConditionAuction 1-36
2021-07-16 12:49:10,043 INFO o.a.j.u.BeanShellTestElement: Loadtest103@zycus.com,PostFix RaceCondition_299,1310643755,1626420511712,1626421111712
2021-07-16 12:49:13,142 INFO o.a.j.t.JMeterThread: Thread is done: iSource_RaceConditionAuction 1-26
2021-07-16 12:49:13,142 INFO o.a.j.t.JMeterThread: Thread finished: iSource_RaceConditionAuction 1-26
2021-07-16 12:49:19,755 INFO o.a.j.u.BeanShellTestElement: Loadtest103@zycus.com,PostFix RaceCondition_3494,1310644753,1626420511712,1626421111712
2021-07-16 12:49:21,058 INFO o.a.j.t.JMeterThread: Thread started: iSource_RaceConditionAuction 1-37
2021-07-16 12:49:22,774 INFO o.a.j.t.JMeterThread: Thread is done: iSource_RaceConditionAuction 1-27
2021-07-16 12:49:22,774 INFO o.a.j.t.JMeterThread: Thread finished: iSource_RaceConditionAuction 1-27
2021-07-16 12:49:30,149 INFO o.a.j.r.Summariser: summary +    226 in 00:00:30 =    7.5/s Avg:  1004 Min:    14 Max: 18207 Err:     0 (0.00%) Active: 10 Started: 37 Finished: 27
2021-07-16 12:49:30,149 INFO o.a.j.r.Summariser: summary =   4217 in 00:10:58 =    6.4/s Avg:  1063 Min:    12 Max: 20857 Err:     0 (0.00%)
2021-07-16 12:49:39,080 INFO o.a.j.t.JMeterThread: Thread started: iSource_RaceConditionAuction 1-38
2021-07-16 12:49:44,924 INFO o.a.j.u.BeanShellTestElement: Loadtest103@zycus.com,PostFix RaceCondition_140,1310644554,1626420511712,1626421111712
2021-07-16 12:49:48,017 INFO o.a.j.t.JMeterThread: Thread is done: iSource_RaceConditionAuction 1-28
2021-07-16 12:49:48,017 INFO o.a.j.t.JMeterThread: Thread finished: iSource_RaceConditionAuction 1-28
2021-07-16 12:49:57,107 INFO o.a.j.t.JMeterThread: Thread started: iSource_RaceConditionAuction 1-39
2021-07-16 12:50:00,076 INFO o.a.j.r.Summariser: summary +    206 in 00:00:30 =    6.9/s Avg:  1178 Min:    24 Max: 19145 Err:     0 (0.00%) Active: 11 Started: 39 Finished: 28
2021-07-16 12:50:00,076 INFO o.a.j.r.Summariser: summary =   4423 in 00:11:28 =    6.4/s Avg:  1068 Min:    12 Max: 20857 Err:     0 (0.00%)
2021-07-16 12:50:00,774 INFO o.a.j.u.BeanShellTestElement: Loadtest103@zycus.com,PostFix RaceCondition_832,1310643756,1626420511712,1626421111712
2021-07-16 12:50:03,849 INFO o.a.j.t.JMeterThread: Thread is done: iSource_RaceConditionAuction 1-29
2021-07-16 12:50:03,849 INFO o.a.j.t.JMeterThread: Thread finished: iSource_RaceConditionAuction 1-29
2021-07-16 12:50:15,126 INFO o.a.j.t.JMeterThread: Thread started: iSource_RaceConditionAuction 1-40
2021-07-16 12:50:21,734 INFO o.a.j.u.BeanShellTestElement: Loadtest103@zycus.com,PostFix RaceCondition_960,1310644354,1626420511712,1626421111712
2021-07-16 12:50:24,760 INFO o.a.j.t.JMeterThread: Thread is done: iSource_RaceConditionAuction 1-30
2021-07-16 12:50:24,760 INFO o.a.j.t.JMeterThread: Thread finished: iSource_RaceConditionAuction 1-30
2021-07-16 12:50:30,460 INFO o.a.j.r.Summariser: summary +    215 in 00:00:30 =    7.1/s Avg:  1185 Min:    30 Max: 19356 Err:     0 (0.00%) Active: 10 Started: 40 Finished: 30
2021-07-16 12:50:30,461 INFO o.a.j.r.Summariser: summary =   4638 in 00:11:59 =    6.5/s Avg:  1074 Min:    12 Max: 20857 Err:     0 (0.00%)
2021-07-16 12:50:33,149 INFO o.a.j.t.JMeterThread: Thread started: iSource_RaceConditionAuction 1-41
2021-07-16 12:50:41,797 INFO o.a.j.u.BeanShellTestElement: Loadtest103@zycus.com,PostFix RaceCondition_3236,1310640960,1626420511712,1626421111712
2021-07-16 12:50:44,882 INFO o.a.j.t.JMeterThread: Thread is done: iSource_RaceConditionAuction 1-31
2021-07-16 12:50:44,882 INFO o.a.j.t.JMeterThread: Thread finished: iSource_RaceConditionAuction 1-31
2021-07-16 12:50:51,175 INFO o.a.j.t.JMeterThread: Thread started: iSource_RaceConditionAuction 1-42
2021-07-16 12:50:59,454 INFO o.a.j.u.BeanShellTestElement: Loadtest103@zycus.com,PostFix RaceCondition_3597,1310643757,1626420511712,1626421111712
2021-07-16 12:51:00,012 INFO o.a.j.r.Summariser: summary +    215 in 00:00:30 =    7.3/s Avg:  1119 Min:    24 Max: 19151 Err:     0 (0.00%) Active: 11 Started: 42 Finished: 31
2021-07-16 12:51:00,013 INFO o.a.j.r.Summariser: summary =   4853 in 00:12:28 =    6.5/s Avg:  1076 Min:    12 Max: 20857 Err:     0 (0.00%)
2021-07-16 12:51:02,495 INFO o.a.j.t.JMeterThread: Thread is done: iSource_RaceConditionAuction 1-32
2021-07-16 12:51:02,495 INFO o.a.j.t.JMeterThread: Thread finished: iSource_RaceConditionAuction 1-32
2021-07-16 12:51:09,196 INFO o.a.j.t.JMeterThread: Thread started: iSource_RaceConditionAuction 1-43
2021-07-16 12:51:24,527 INFO o.a.j.u.BeanShellTestElement: Loadtest103@zycus.com,PostFix RaceCondition_157,1310635757,1626420511712,1626421111712
2021-07-16 12:51:27,218 INFO o.a.j.t.JMeterThread: Thread started: iSource_RaceConditionAuction 1-44
2021-07-16 12:51:27,553 INFO o.a.j.t.JMeterThread: Thread is done: iSource_RaceConditionAuction 1-33
2021-07-16 12:51:27,553 INFO o.a.j.t.JMeterThread: Thread finished: iSource_RaceConditionAuction 1-33
2021-07-16 12:51:30,047 INFO o.a.j.r.Summariser: summary +    211 in 00:00:30 =    7.0/s Avg:  1233 Min:    17 Max: 19253 Err:     0 (0.00%) Active: 11 Started: 44 Finished: 33
2021-07-16 12:51:30,047 INFO o.a.j.r.Summariser: summary =   5064 in 00:12:58 =    6.5/s Avg:  1082 Min:    12 Max: 20857 Err:     0 (0.00%)
2021-07-16 12:51:37,781 INFO o.a.j.u.BeanShellTestElement: Loadtest103@zycus.com,PostFix RaceCondition_1420,1310644953,1626420511712,1626421111712
2021-07-16 12:51:40,798 INFO o.a.j.t.JMeterThread: Thread is done: iSource_RaceConditionAuction 1-34
2021-07-16 12:51:40,798 INFO o.a.j.t.JMeterThread: Thread finished: iSource_RaceConditionAuction 1-34
2021-07-16 12:51:45,239 INFO o.a.j.t.JMeterThread: Thread started: iSource_RaceConditionAuction 1-45
2021-07-16 12:51:53,598 INFO o.a.j.u.BeanShellTestElement: Loadtest103@zycus.com,PostFix RaceCondition_2083,1310643758,1626420511712,1626421111712
2021-07-16 12:51:56,671 INFO o.a.j.t.JMeterThread: Thread is done: iSource_RaceConditionAuction 1-35
2021-07-16 12:51:56,671 INFO o.a.j.t.JMeterThread: Thread finished: iSource_RaceConditionAuction 1-35
2021-07-16 12:52:00,014 INFO o.a.j.r.Summariser: summary +    230 in 00:00:30 =    7.7/s Avg:  1113 Min:    65 Max: 19875 Err:     0 (0.00%) Active: 10 Started: 45 Finished: 35
2021-07-16 12:52:00,014 INFO o.a.j.r.Summariser: summary =   5294 in 00:13:28 =    6.6/s Avg:  1084 Min:    12 Max: 20857 Err:     0 (0.00%)
2021-07-16 12:52:03,260 INFO o.a.j.t.JMeterThread: Thread started: iSource_RaceConditionAuction 1-46
2021-07-16 12:52:15,095 INFO o.a.j.u.BeanShellTestElement: Loadtest103@zycus.com,PostFix RaceCondition_4454,1310640961,1626420511712,1626421111712
2021-07-16 12:52:18,114 INFO o.a.j.t.JMeterThread: Thread is done: iSource_RaceConditionAuction 1-36
2021-07-16 12:52:18,114 INFO o.a.j.t.JMeterThread: Thread finished: iSource_RaceConditionAuction 1-36
2021-07-16 12:52:21,284 INFO o.a.j.t.JMeterThread: Thread started: iSource_RaceConditionAuction 1-47
2021-07-16 12:52:30,046 INFO o.a.j.r.Summariser: summary +    213 in 00:00:30 =    7.1/s Avg:  1134 Min:    19 Max: 19063 Err:     0 (0.00%) Active: 11 Started: 47 Finished: 36
2021-07-16 12:52:30,047 INFO o.a.j.r.Summariser: summary =   5507 in 00:13:58 =    6.6/s Avg:  1086 Min:    12 Max: 20857 Err:     0 (0.00%)
2021-07-16 12:52:33,754 INFO o.a.j.u.BeanShellTestElement: Loadtest103@zycus.com,PostFix RaceCondition_4161,1310645153,1626420511712,1626421111712
2021-07-16 12:52:36,776 INFO o.a.j.t.JMeterThread: Thread is done: iSource_RaceConditionAuction 1-37
2021-07-16 12:52:36,776 INFO o.a.j.t.JMeterThread: Thread finished: iSource_RaceConditionAuction 1-37
2021-07-16 12:52:39,317 INFO o.a.j.t.JMeterThread: Thread started: iSource_RaceConditionAuction 1-48
2021-07-16 12:52:51,087 INFO o.a.j.u.BeanShellTestElement: Loadtest103@zycus.com,PostFix RaceCondition_1063,1310644754,1626420511712,1626421111712
2021-07-16 12:52:54,110 INFO o.a.j.t.JMeterThread: Thread is done: iSource_RaceConditionAuction 1-38
2021-07-16 12:52:54,110 INFO o.a.j.t.JMeterThread: Thread finished: iSource_RaceConditionAuction 1-38
2021-07-16 12:52:57,341 INFO o.a.j.t.JMeterThread: Thread started: iSource_RaceConditionAuction 1-49
2021-07-16 12:53:00,079 INFO o.a.j.r.Summariser: summary +    209 in 00:00:30 =    7.0/s Avg:  1193 Min:    12 Max: 19185 Err:     0 (0.00%) Active: 11 Started: 49 Finished: 38
2021-07-16 12:53:00,079 INFO o.a.j.r.Summariser: summary =   5716 in 00:14:28 =    6.6/s Avg:  1090 Min:    12 Max: 20857 Err:     0 (0.00%)
2021-07-16 12:53:08,603 INFO o.a.j.u.BeanShellTestElement: Loadtest103@zycus.com,PostFix RaceCondition_1585,1310642956,1626420511712,1626421111712
2021-07-16 12:53:11,681 INFO o.a.j.t.JMeterThread: Thread is done: iSource_RaceConditionAuction 1-39
2021-07-16 12:53:11,681 INFO o.a.j.t.JMeterThread: Thread finished: iSource_RaceConditionAuction 1-39
2021-07-16 12:53:15,363 INFO o.a.j.t.JMeterThread: Thread started: iSource_RaceConditionAuction 1-50
2021-07-16 12:53:29,428 INFO o.a.j.u.BeanShellTestElement: Loadtest103@zycus.com,PostFix RaceCondition_1739,1310644755,1626420511712,1626421111712
2021-07-16 12:53:30,229 INFO o.a.j.r.Summariser: summary +    227 in 00:00:30 =    7.5/s Avg:  1207 Min:    22 Max: 19042 Err:     0 (0.00%) Active: 11 Started: 50 Finished: 39
2021-07-16 12:53:30,230 INFO o.a.j.r.Summariser: summary =   5943 in 00:14:58 =    6.6/s Avg:  1094 Min:    12 Max: 20857 Err:     0 (0.00%)
2021-07-16 12:53:32,496 INFO o.a.j.t.JMeterThread: Thread is done: iSource_RaceConditionAuction 1-40
2021-07-16 12:53:32,496 INFO o.a.j.t.JMeterThread: Thread finished: iSource_RaceConditionAuction 1-40
2021-07-16 12:53:47,030 INFO o.a.j.u.BeanShellTestElement: Loadtest103@zycus.com,PostFix RaceCondition_1127,1310642154,1626420511712,1626421111712
2021-07-16 12:53:50,050 INFO o.a.j.t.JMeterThread: Thread is done: iSource_RaceConditionAuction 1-41
2021-07-16 12:53:50,050 INFO o.a.j.t.JMeterThread: Thread finished: iSource_RaceConditionAuction 1-41
2021-07-16 12:54:00,076 INFO o.a.j.r.Summariser: summary +    167 in 00:00:30 =    5.6/s Avg:  1351 Min:   307 Max: 18632 Err:     0 (0.00%) Active: 9 Started: 50 Finished: 41
2021-07-16 12:54:00,076 INFO o.a.j.r.Summariser: summary =   6110 in 00:15:28 =    6.6/s Avg:  1101 Min:    12 Max: 20857 Err:     0 (0.00%)
2021-07-16 12:54:07,538 INFO o.a.j.u.BeanShellTestElement: Loadtest103@zycus.com,PostFix RaceCondition_3473,1310643554,1626420511712,1626421111712
2021-07-16 12:54:10,544 INFO o.a.j.t.JMeterThread: Thread is done: iSource_RaceConditionAuction 1-42
2021-07-16 12:54:10,544 INFO o.a.j.t.JMeterThread: Thread finished: iSource_RaceConditionAuction 1-42
2021-07-16 12:54:28,676 INFO o.a.j.u.BeanShellTestElement: Loadtest103@zycus.com,PostFix RaceCondition_3409,1310643555,1626420511712,1626421111712
2021-07-16 12:54:30,048 INFO o.a.j.r.Summariser: summary +    155 in 00:00:30 =    5.2/s Avg:  1284 Min:   324 Max:  4097 Err:     0 (0.00%) Active: 8 Started: 50 Finished: 42
2021-07-16 12:54:30,048 INFO o.a.j.r.Summariser: summary =   6265 in 00:15:58 =    6.5/s Avg:  1106 Min:    12 Max: 20857 Err:     0 (0.00%)
2021-07-16 12:54:31,755 INFO o.a.j.t.JMeterThread: Thread is done: iSource_RaceConditionAuction 1-43
2021-07-16 12:54:31,755 INFO o.a.j.t.JMeterThread: Thread finished: iSource_RaceConditionAuction 1-43
2021-07-16 12:54:47,314 INFO o.a.j.u.BeanShellTestElement: Loadtest103@zycus.com,PostFix RaceCondition_1421,1310642957,1626420511712,1626421111712
2021-07-16 12:54:50,344 INFO o.a.j.t.JMeterThread: Thread is done: iSource_RaceConditionAuction 1-44
2021-07-16 12:54:50,344 INFO o.a.j.t.JMeterThread: Thread finished: iSource_RaceConditionAuction 1-44
2021-07-16 12:55:00,253 INFO o.a.j.r.Summariser: summary +    122 in 00:00:30 =    4.0/s Avg:  1344 Min:   313 Max:  4553 Err:     0 (0.00%) Active: 6 Started: 50 Finished: 44
2021-07-16 12:55:00,253 INFO o.a.j.r.Summariser: summary =   6387 in 00:16:28 =    6.5/s Avg:  1110 Min:    12 Max: 20857 Err:     0 (0.00%)
2021-07-16 12:55:08,379 INFO o.a.j.u.BeanShellTestElement: Loadtest103@zycus.com,PostFix RaceCondition_4992,1310644156,1626420511712,1626421111712
2021-07-16 12:55:11,475 INFO o.a.j.t.JMeterThread: Thread is done: iSource_RaceConditionAuction 1-45
2021-07-16 12:55:11,475 INFO o.a.j.t.JMeterThread: Thread finished: iSource_RaceConditionAuction 1-45
2021-07-16 12:55:25,669 INFO o.a.j.u.BeanShellTestElement: Loadtest103@zycus.com,PostFix RaceCondition_4226,1310644954,1626420511712,1626421111712
2021-07-16 12:55:28,733 INFO o.a.j.t.JMeterThread: Thread is done: iSource_RaceConditionAuction 1-46
2021-07-16 12:55:28,733 INFO o.a.j.t.JMeterThread: Thread finished: iSource_RaceConditionAuction 1-46
2021-07-16 12:55:30,407 INFO o.a.j.r.Summariser: summary +    110 in 00:00:30 =    3.6/s Avg:  1172 Min:   284 Max:  4783 Err:     0 (0.00%) Active: 4 Started: 50 Finished: 46
2021-07-16 12:55:30,407 INFO o.a.j.r.Summariser: summary =   6497 in 00:16:59 =    6.4/s Avg:  1111 Min:    12 Max: 20857 Err:     0 (0.00%)
2021-07-16 12:55:41,740 INFO o.a.j.u.BeanShellTestElement: Loadtest103@zycus.com,PostFix RaceCondition_3116,1310643556,1626420511712,1626421111712
2021-07-16 12:55:44,800 INFO o.a.j.t.JMeterThread: Thread is done: iSource_RaceConditionAuction 1-47
2021-07-16 12:55:44,800 INFO o.a.j.t.JMeterThread: Thread finished: iSource_RaceConditionAuction 1-47
2021-07-16 12:55:57,846 INFO o.a.j.u.BeanShellTestElement: Loadtest103@zycus.com,PostFix RaceCondition_3934,1310645353,1626420511712,1626421111712
2021-07-16 12:56:00,640 INFO o.a.j.r.Summariser: summary +     68 in 00:00:30 =    2.2/s Avg:  1233 Min:   244 Max:  4158 Err:     0 (0.00%) Active: 3 Started: 50 Finished: 47
2021-07-16 12:56:00,640 INFO o.a.j.r.Summariser: summary =   6565 in 00:17:29 =    6.3/s Avg:  1113 Min:    12 Max: 20857 Err:     0 (0.00%)
2021-07-16 12:56:00,884 INFO o.a.j.t.JMeterThread: Thread is done: iSource_RaceConditionAuction 1-48
2021-07-16 12:56:00,884 INFO o.a.j.t.JMeterThread: Thread finished: iSource_RaceConditionAuction 1-48
2021-07-16 12:56:14,918 INFO o.a.j.u.BeanShellTestElement: Loadtest103@zycus.com,PostFix RaceCondition_1380,1310645553,1626420511712,1626421111712
2021-07-16 12:56:18,008 INFO o.a.j.t.JMeterThread: Thread is done: iSource_RaceConditionAuction 1-49
2021-07-16 12:56:18,008 INFO o.a.j.t.JMeterThread: Thread finished: iSource_RaceConditionAuction 1-49
2021-07-16 12:56:31,940 INFO o.a.j.u.BeanShellTestElement: Loadtest103@zycus.com,PostFix RaceCondition_2502,1310635758,1626420511712,1626421111712
2021-07-16 12:56:31,940 INFO o.a.j.r.Summariser: summary +     35 in 00:00:31 =    1.1/s Avg:  1144 Min:   279 Max:  3853 Err:     0 (0.00%) Active: 1 Started: 50 Finished: 49
2021-07-16 12:56:31,940 INFO o.a.j.r.Summariser: summary =   6600 in 00:18:00 =    6.1/s Avg:  1113 Min:    12 Max: 20857 Err:     0 (0.00%)
2021-07-16 12:56:35,037 INFO o.a.j.t.JMeterThread: Thread is done: iSource_RaceConditionAuction 1-50
2021-07-16 12:56:35,037 INFO o.a.j.t.JMeterThread: Thread finished: iSource_RaceConditionAuction 1-50
2021-07-16 12:56:35,037 INFO o.a.j.e.StandardJMeterEngine: Notifying test listeners of end of test
2021-07-16 12:56:35,039 INFO o.a.j.r.Summariser: summary =   6600 in 00:18:03 =    6.1/s Avg:  1113 Min:    12 Max: 20857 Err:     0 (0.00%)
2021-07-16 12:56:35,040 INFO o.a.j.JMeter: Generating Dashboard
2021-07-16 12:56:35,040 INFO o.a.j.r.d.ReportGenerator: Flushing result collector before report Generation
2021-07-16 12:56:35,055 INFO o.a.j.r.p.NormalizerSampleConsumer: Using format, 'ms', to parse timeStamp field
2021-07-16 12:56:35,321 INFO o.a.j.r.p.AbstractSampleConsumer: class org.apache.jmeter.report.processor.AggregateConsumer#stopProducing(): beginDate produced 0 samples
2021-07-16 12:56:35,321 INFO o.a.j.r.p.AbstractSampleConsumer: class org.apache.jmeter.report.processor.AggregateConsumer#stopProducing(): endDate produced 0 samples
2021-07-16 12:56:35,323 INFO o.a.j.r.p.AbstractSampleConsumer: class org.apache.jmeter.report.processor.ApdexSummaryConsumer#stopProducing(): apdexSummary produced 0 samples
2021-07-16 12:56:35,323 INFO o.a.j.r.p.AbstractSampleConsumer: class org.apache.jmeter.report.processor.RequestsSummaryConsumer#stopProducing(): requestsSummary produced 0 samples
2021-07-16 12:56:35,332 INFO o.a.j.r.p.AbstractSampleConsumer: class org.apache.jmeter.report.processor.StatisticsSummaryConsumer#stopProducing(): statisticsSummary produced 0 samples
2021-07-16 12:56:35,335 INFO o.a.j.r.p.AbstractSampleConsumer: class org.apache.jmeter.report.processor.Top5ErrorsBySamplerConsumer#stopProducing(): top5ErrorsBySampler produced 0 samples
2021-07-16 12:56:35,336 INFO o.a.j.r.p.AbstractSampleConsumer: class org.apache.jmeter.report.processor.ErrorsSummaryConsumer#stopProducing(): errorsSummary produced 0 samples
2021-07-16 12:56:35,336 INFO o.a.j.r.p.AbstractSampleConsumer: class org.apache.jmeter.report.processor.graph.impl.HitsPerSecondGraphConsumer#stopProducing(): hitsPerSecond produced 0 samples
2021-07-16 12:56:35,383 INFO o.a.j.r.p.AbstractSampleConsumer: class org.apache.jmeter.report.processor.graph.impl.LatencyVSRequestGraphConsumer#stopProducing(): latencyVsRequest produced 0 samples
2021-07-16 12:56:35,384 INFO o.a.j.r.p.AbstractSampleConsumer: class org.apache.jmeter.report.processor.graph.impl.SyntheticResponseTimeDistributionGraphConsumer#stopProducing(): syntheticResponseTimeDistribution produced 0 samples
2021-07-16 12:56:35,384 INFO o.a.j.r.p.AbstractSampleConsumer: class org.apache.jmeter.report.processor.graph.impl.BytesThroughputGraphConsumer#stopProducing(): bytesThroughputOverTime produced 0 samples
2021-07-16 12:56:35,384 INFO o.a.j.r.p.AbstractSampleConsumer: class org.apache.jmeter.report.processor.graph.impl.CodesPerSecondGraphConsumer#stopProducing(): codesPerSecond produced 0 samples
2021-07-16 12:56:35,405 INFO o.a.j.r.p.AbstractSampleConsumer: class org.apache.jmeter.report.processor.graph.impl.ResponseTimeVSRequestGraphConsumer#stopProducing(): responseTimeVsRequest produced 0 samples
2021-07-16 12:56:35,406 INFO o.a.j.r.p.AbstractSampleConsumer: class org.apache.jmeter.report.processor.FilterConsumer#stopProducing(): startIntervalControlerFilter produced 46200 samples
2021-07-16 12:56:35,406 INFO o.a.j.r.p.AbstractSampleConsumer: class org.apache.jmeter.report.processor.graph.impl.TotalTPSGraphConsumer#stopProducing(): totalTPS produced 0 samples
2021-07-16 12:56:35,406 INFO o.a.j.r.p.AbstractSampleConsumer: class org.apache.jmeter.report.processor.graph.impl.ActiveThreadsGraphConsumer#stopProducing(): activeThreadsOverTime produced 0 samples
2021-07-16 12:56:35,406 INFO o.a.j.r.p.AbstractSampleConsumer: class org.apache.jmeter.report.processor.graph.impl.TimeVSThreadGraphConsumer#stopProducing(): timeVsThreads produced 0 samples
2021-07-16 12:56:35,413 INFO o.a.j.r.p.AbstractSampleConsumer: class org.apache.jmeter.report.processor.graph.impl.ResponseTimeDistributionGraphConsumer#stopProducing(): responseTimeDistribution produced 0 samples
2021-07-16 12:56:35,415 INFO o.a.j.r.p.AbstractSampleConsumer: class org.apache.jmeter.report.processor.graph.impl.TransactionsPerSecondGraphConsumer#stopProducing(): transactionsPerSecond produced 0 samples
2021-07-16 12:56:35,418 INFO o.a.j.r.p.AbstractSampleConsumer: class org.apache.jmeter.report.processor.graph.impl.ResponseTimePercentilesGraphConsumer#stopProducing(): responseTimePercentiles produced 0 samples
2021-07-16 12:56:35,440 INFO o.a.j.r.p.AbstractSampleConsumer: class org.apache.jmeter.report.processor.graph.impl.ResponseTimePercentilesOverTimeGraphConsumer#stopProducing(): responseTimePercentilesOverTime produced 0 samples
2021-07-16 12:56:35,441 INFO o.a.j.r.p.AbstractSampleConsumer: class org.apache.jmeter.report.processor.graph.impl.ResponseTimeOverTimeGraphConsumer#stopProducing(): responseTimesOverTime produced 0 samples
2021-07-16 12:56:35,443 INFO o.a.j.r.p.AbstractSampleConsumer: class org.apache.jmeter.report.processor.graph.impl.ConnectTimeOverTimeGraphConsumer#stopProducing(): connectTimeOverTime produced 0 samples
2021-07-16 12:56:35,444 INFO o.a.j.r.p.AbstractSampleConsumer: class org.apache.jmeter.report.processor.graph.impl.LatencyOverTimeGraphConsumer#stopProducing(): latenciesOverTime produced 0 samples
2021-07-16 12:56:35,445 INFO o.a.j.r.p.AbstractSampleConsumer: class org.apache.jmeter.report.processor.FilterConsumer#stopProducing(): nameFilter produced 112500 samples
2021-07-16 12:56:35,446 INFO o.a.j.r.p.AbstractSampleConsumer: class org.apache.jmeter.report.processor.FilterConsumer#stopProducing(): dateRangeFilter produced 22500 samples
2021-07-16 12:56:35,446 INFO o.a.j.r.p.AbstractSampleConsumer: class org.apache.jmeter.report.processor.NormalizerSampleConsumer#stopProducing(): normalizer produced 7500 samples
2021-07-16 12:56:35,446 INFO o.a.j.r.p.CsvFileSampleSource: produce(): 7500 samples produced in 373ms on channel 0
2021-07-16 12:56:35,446 INFO o.a.j.r.d.ReportGenerator: Exporting data using exporter:'json' of className:'org.apache.jmeter.report.dashboard.JsonExporter'
2021-07-16 12:56:35,447 INFO o.a.j.r.d.JsonExporter: Found data for consumer statisticsSummaryin context
2021-07-16 12:56:35,448 INFO o.a.j.r.d.JsonExporter: Creating statistics for overall
2021-07-16 12:56:35,448 INFO o.a.j.r.d.JsonExporter: Creating statistics for other transactions
2021-07-16 12:56:35,449 INFO o.a.j.r.d.JsonExporter: Checking output folder
2021-07-16 12:56:35,450 INFO o.a.j.r.d.JsonExporter: Writing statistics JSON to C:\xampp\htdocs\PerformancePostgres\L0_iSource_50_RaceConditionAuction_2021-07-16_36\statistics.json
2021-07-16 12:56:35,588 INFO o.a.j.r.d.ReportGenerator: Exporting data using exporter:'html' of className:'org.apache.jmeter.report.dashboard.HtmlTemplateExporter'
2021-07-16 12:56:35,590 INFO o.a.j.r.d.HtmlTemplateExporter: Will generate dashboard in folder: C:\xampp\htdocs\PerformancePostgres\L0_iSource_50_RaceConditionAuction_2021-07-16_36
2021-07-16 12:56:35,830 INFO o.a.j.r.d.HtmlTemplateExporter: Report will be generated in: C:\xampp\htdocs\PerformancePostgres\L0_iSource_50_RaceConditionAuction_2021-07-16_36, creating folder structure
2021-07-16 12:56:35,833 INFO o.a.j.r.d.TemplateVisitor: Copying folder from 'D:\apache-jmeter-5.1\apache-jmeter-5.1\bin\report-template' to 'C:\xampp\htdocs\PerformancePostgres\L0_iSource_50_RaceConditionAuction_2021-07-16_36', got message:[C:\xampp\htdocs\PerformancePostgres\L0_iSource_50_RaceConditionAuction_2021-07-16_36\statistics.json], found non empty folder with following content {}, will be ignored
2021-07-16 12:56:36,522 INFO o.a.j.JMeter: Dashboard generated
