2021-07-01 16:17:58,057 INFO o.a.j.u.JMeterUtils: Setting Locale to en_EN
2021-07-01 16:17:58,067 INFO o.a.j.JMeter: Loading user properties from: user.properties
2021-07-01 16:17:58,068 INFO o.a.j.JMeter: Loading system properties from: system.properties
2021-07-01 16:17:58,068 INFO o.a.j.JMeter: Setting JMeter property: meter.reportgenerator.report_title=RaceConditionAuction
2021-07-01 16:17:58,068 INFO o.a.j.JMeter: Setting JMeter property: thread=50
2021-07-01 16:17:58,068 INFO o.a.j.JMeter: Setting JMeter property: rampup=1500
2021-07-01 16:17:58,072 INFO o.a.j.JMeter: Copyright (c) 1998-2019 The Apache Software Foundation
2021-07-01 16:17:58,072 INFO o.a.j.JMeter: Version 5.1 r1853635
2021-07-01 16:17:58,072 INFO o.a.j.JMeter: java.version=1.8.0_121
2021-07-01 16:17:58,072 INFO o.a.j.JMeter: java.vm.name=Java HotSpot(TM) 64-Bit Server VM
2021-07-01 16:17:58,072 INFO o.a.j.JMeter: os.name=Windows 10
2021-07-01 16:17:58,072 INFO o.a.j.JMeter: os.arch=amd64
2021-07-01 16:17:58,072 INFO o.a.j.JMeter: os.version=10.0
2021-07-01 16:17:58,072 INFO o.a.j.JMeter: file.encoding=Cp1252
2021-07-01 16:17:58,072 INFO o.a.j.JMeter: java.awt.headless=true
2021-07-01 16:17:58,072 INFO o.a.j.JMeter: Max memory     =8589934592
2021-07-01 16:17:58,072 INFO o.a.j.JMeter: Available Processors =6
2021-07-01 16:17:58,075 INFO o.a.j.JMeter: Default Locale=English (EN)
2021-07-01 16:17:58,075 INFO o.a.j.JMeter: JMeter  Locale=English (EN)
2021-07-01 16:17:58,075 INFO o.a.j.JMeter: JMeterHome=D:\apache-jmeter-5.1\apache-jmeter-5.1
2021-07-01 16:17:58,075 INFO o.a.j.JMeter: user.dir  =D:\apache-jmeter-5.1\apache-jmeter-5.1\bin
2021-07-01 16:17:58,075 INFO o.a.j.JMeter: PWD       =D:\apache-jmeter-5.1\apache-jmeter-5.1\bin
2021-07-01 16:17:58,077 INFO o.a.j.JMeter: IP: 172.30.225.123 Name: ZIPLSY2278 FullName: ZIPLSY2278.zycus.net
2021-07-01 16:17:58,078 INFO o.a.j.JMeter: Setting property 'jmeter.reportgenerator.outputdir' to:'C:\xampp\htdocs\PerformancePostgres\L0_iSource_50_RaceConditionAuction_2021-07-01_30'
2021-07-01 16:17:58,080 INFO o.a.j.s.FileServer: Default base='D:\apache-jmeter-5.1\apache-jmeter-5.1\bin'
2021-07-01 16:17:58,083 INFO o.a.j.s.FileServer: Set new base='D:\PostrgresMigration\iSource'
2021-07-01 16:17:58,174 INFO o.a.j.s.SaveService: Testplan (JMX) version: 2.2. Testlog (JTL) version: 2.2
2021-07-01 16:17:58,184 INFO o.a.j.s.SaveService: Using SaveService properties file encoding UTF-8
2021-07-01 16:17:58,188 INFO o.a.j.s.SaveService: Using SaveService properties version 5.0
2021-07-01 16:17:58,192 INFO o.a.j.s.SaveService: Loading file: D:\PostrgresMigration\iSource\iSource_RaceConditionAuction.jmx
2021-07-01 16:17:58,236 INFO o.a.j.p.h.c.CookieManager: Settings: Delete null: true Check: true Allow variable: true Save: false Prefix: COOKIE_
2021-07-01 16:17:58,241 INFO o.a.j.p.h.c.CacheManager: Will only cache the following methods: [GET]
2021-07-01 16:17:58,249 INFO o.a.j.p.h.s.HTTPSamplerBase: Parser for text/html is org.apache.jmeter.protocol.http.parser.LagartoBasedHtmlParser
2021-07-01 16:17:58,249 INFO o.a.j.p.h.s.HTTPSamplerBase: Parser for application/xhtml+xml is org.apache.jmeter.protocol.http.parser.LagartoBasedHtmlParser
2021-07-01 16:17:58,249 INFO o.a.j.p.h.s.HTTPSamplerBase: Parser for application/xml is org.apache.jmeter.protocol.http.parser.LagartoBasedHtmlParser
2021-07-01 16:17:58,249 INFO o.a.j.p.h.s.HTTPSamplerBase: Parser for text/xml is org.apache.jmeter.protocol.http.parser.LagartoBasedHtmlParser
2021-07-01 16:17:58,249 INFO o.a.j.p.h.s.HTTPSamplerBase: Parser for text/vnd.wap.wml is org.apache.jmeter.protocol.http.parser.RegexpHTMLParser
2021-07-01 16:17:58,249 INFO o.a.j.p.h.s.HTTPSamplerBase: Parser for text/css is org.apache.jmeter.protocol.http.parser.CssParser
2021-07-01 16:17:58,442 INFO o.a.j.JMeter: Creating summariser <summary>
2021-07-01 16:17:58,446 INFO o.a.j.r.d.ReportGenerator: ReportGenerator will use for Parsing the separator: ','
2021-07-01 16:17:58,446 INFO o.a.j.r.d.ReportGenerator: Will generate report at end of test from  results file: D:\PostrgresMigration\iSource\JTL\L0_iSource_50_RaceConditionAuction_2021-07-01_30.jtl
2021-07-01 16:17:58,447 INFO o.a.j.r.d.ReportGenerator: Reading report generator properties from: D:\apache-jmeter-5.1\apache-jmeter-5.1\bin\reportgenerator.properties
2021-07-01 16:17:58,447 INFO o.a.j.r.d.ReportGenerator: Merging with JMeter properties
2021-07-01 16:17:58,452 INFO o.a.j.r.c.ReportGeneratorConfiguration: Property 'jmeter.reportgenerator.temp_dir' not found, using default value 'temp' instead.
2021-07-01 16:17:58,453 INFO o.a.j.r.c.ReportGeneratorConfiguration: Property 'jmeter.reportgenerator.apdex_per_transaction' not found, using default value 'null' instead.
2021-07-01 16:17:58,454 INFO o.a.j.r.c.ReportGeneratorConfiguration: apdex_per_transaction : {} is empty, not APDEX per transaction customization
2021-07-01 16:17:58,454 INFO o.a.j.r.c.ReportGeneratorConfiguration: Property 'jmeter.reportgenerator.sample_filter' not found, using default value 'null' instead.
2021-07-01 16:17:58,454 INFO o.a.j.r.c.ReportGeneratorConfiguration: Property 'jmeter.reportgenerator.report_title' not found, using default value 'null' instead.
2021-07-01 16:17:58,454 INFO o.a.j.r.c.ReportGeneratorConfiguration: Property 'jmeter.reportgenerator.start_date' not found, using default value 'null' instead.
2021-07-01 16:17:58,454 INFO o.a.j.r.c.ReportGeneratorConfiguration: Property 'jmeter.reportgenerator.end_date' not found, using default value 'null' instead.
2021-07-01 16:17:58,454 INFO o.a.j.r.c.ReportGeneratorConfiguration: Property 'jmeter.reportgenerator.date_format' not found, using default value 'null' instead.
2021-07-01 16:17:58,454 INFO o.a.j.r.c.ReportGeneratorConfiguration: Will use date range start date: null, end date: null
2021-07-01 16:17:58,457 INFO o.a.j.r.c.ReportGeneratorConfiguration: Property 'jmeter.reportgenerator.graph.totalTPS.exclude_controllers' not found, using default value 'false' instead.
2021-07-01 16:17:58,457 INFO o.a.j.r.c.ReportGeneratorConfiguration: Property 'jmeter.reportgenerator.graph.activeThreadsOverTime.exclude_controllers' not found, using default value 'false' instead.
2021-07-01 16:17:58,457 INFO o.a.j.r.c.ReportGeneratorConfiguration: Property 'jmeter.reportgenerator.graph.timeVsThreads.exclude_controllers' not found, using default value 'false' instead.
2021-07-01 16:17:58,457 INFO o.a.j.r.c.ReportGeneratorConfiguration: Property 'jmeter.reportgenerator.graph.responseTimeDistribution.exclude_controllers' not found, using default value 'false' instead.
2021-07-01 16:17:58,457 INFO o.a.j.r.c.ReportGeneratorConfiguration: Property 'jmeter.reportgenerator.graph.transactionsPerSecond.exclude_controllers' not found, using default value 'false' instead.
2021-07-01 16:17:58,458 INFO o.a.j.r.c.ReportGeneratorConfiguration: Property 'jmeter.reportgenerator.graph.responseTimePercentiles.exclude_controllers' not found, using default value 'false' instead.
2021-07-01 16:17:58,458 INFO o.a.j.r.c.ReportGeneratorConfiguration: Property 'jmeter.reportgenerator.graph.responseTimePercentilesOverTime.exclude_controllers' not found, using default value 'false' instead.
2021-07-01 16:17:58,458 INFO o.a.j.r.c.ReportGeneratorConfiguration: Property 'jmeter.reportgenerator.graph.responseTimesOverTime.exclude_controllers' not found, using default value 'false' instead.
2021-07-01 16:17:58,458 INFO o.a.j.r.c.ReportGeneratorConfiguration: Property 'jmeter.reportgenerator.graph.connectTimeOverTime.exclude_controllers' not found, using default value 'false' instead.
2021-07-01 16:17:58,458 INFO o.a.j.r.c.ReportGeneratorConfiguration: Property 'jmeter.reportgenerator.graph.latenciesOverTime.exclude_controllers' not found, using default value 'false' instead.
2021-07-01 16:17:58,459 INFO o.a.j.r.c.ReportGeneratorConfiguration: Property 'jmeter.reportgenerator.exporter.json.filters_only_sample_series' not found, using default value 'true' instead.
2021-07-01 16:17:58,459 INFO o.a.j.r.c.ReportGeneratorConfiguration: Property 'jmeter.reportgenerator.exporter.json.series_filter' not found, using default value '' instead.
2021-07-01 16:17:58,459 INFO o.a.j.r.c.ReportGeneratorConfiguration: Property 'jmeter.reportgenerator.exporter.json.show_controllers_only' not found, using default value 'false' instead.
2021-07-01 16:17:58,459 INFO o.a.j.r.c.ReportGeneratorConfiguration: Property 'jmeter.reportgenerator.exporter.html.filters_only_sample_series' not found, using default value 'true' instead.
2021-07-01 16:17:58,459 INFO o.a.j.r.c.ReportGeneratorConfiguration: Property 'jmeter.reportgenerator.exporter.html.series_filter' not found, using default value '' instead.
2021-07-01 16:17:58,459 INFO o.a.j.r.c.ReportGeneratorConfiguration: Property 'jmeter.reportgenerator.exporter.html.show_controllers_only' not found, using default value 'false' instead.
2021-07-01 16:17:58,462 INFO o.a.j.e.StandardJMeterEngine: Running the test!
2021-07-01 16:17:58,463 INFO o.a.j.s.SampleEvent: List of sample_variables: []
2021-07-01 16:17:58,463 INFO o.a.j.s.SampleEvent: List of sample_variables: []
2021-07-01 16:17:58,467 INFO o.a.j.e.u.CompoundVariable: Note: Function class names must contain the string: '.functions.'
2021-07-01 16:17:58,467 INFO o.a.j.e.u.CompoundVariable: Note: Function class names must not contain the string: '.gui.'
2021-07-01 16:17:58,792 INFO o.a.j.JMeter: Running test (1625136478792)
2021-07-01 16:17:58,844 INFO o.a.j.e.StandardJMeterEngine: Starting ThreadGroup: 1 : iSource_RaceConditionAuction
2021-07-01 16:17:58,844 INFO o.a.j.e.StandardJMeterEngine: Starting 50 threads for group iSource_RaceConditionAuction.
2021-07-01 16:17:58,845 INFO o.a.j.e.StandardJMeterEngine: Thread will stop on error
2021-07-01 16:17:58,845 INFO o.a.j.t.ThreadGroup: Starting thread group... number=1 threads=50 ramp-up=1500 perThread=30000.0 delayedStart=false
2021-07-01 16:17:58,869 INFO o.a.j.s.SampleResult: Note: Sample TimeStamps are START times
2021-07-01 16:17:58,869 INFO o.a.j.s.SampleResult: sampleresult.default.encoding is set to ISO-8859-1
2021-07-01 16:17:58,869 INFO o.a.j.s.SampleResult: sampleresult.useNanoTime=true
2021-07-01 16:17:58,869 INFO o.a.j.s.SampleResult: sampleresult.nanoThreadSleep=5000
2021-07-01 16:17:58,876 INFO o.a.j.t.JMeterThread: Thread started: iSource_RaceConditionAuction 1-1
2021-07-01 16:17:58,893 INFO o.a.j.p.h.s.HTTPHCAbstractImpl: Local host = ZIPLSY2278
2021-07-01 16:17:58,900 INFO o.a.j.p.h.s.HTTPHC4Impl: HTTP request retry count = 0
2021-07-01 16:17:59,045 INFO o.a.j.p.h.s.h.LazyLayeredConnectionSocketFactory: Setting up HTTPS TrustAll Socket Factory
2021-07-01 16:17:59,054 INFO o.a.j.u.JsseSSLManager: Using default SSL protocol: TLS
2021-07-01 16:17:59,055 INFO o.a.j.u.JsseSSLManager: SSL session context: per-thread
2021-07-01 16:17:59,641 INFO o.a.j.u.SSLManager: JmeterKeyStore Location:  type JKS
2021-07-01 16:17:59,644 INFO o.a.j.u.SSLManager: KeyStore created OK
2021-07-01 16:17:59,644 WARN o.a.j.u.SSLManager: Keystore file not found, loading empty keystore
2021-07-01 16:18:00,022 INFO o.a.j.t.ThreadGroup: Started thread group number 1
2021-07-01 16:18:00,022 INFO o.a.j.e.StandardJMeterEngine: All thread groups have been started
2021-07-01 16:18:00,260 INFO o.a.j.r.Summariser: summary +      1 in 00:00:01 =    0.7/s Avg:  1277 Min:  1277 Max:  1277 Err:     0 (0.00%) Active: 1 Started: 1 Finished: 0
2021-07-01 16:18:28,904 INFO o.a.j.t.JMeterThread: Thread started: iSource_RaceConditionAuction 1-2
2021-07-01 16:18:30,194 INFO o.a.j.r.Summariser: summary +     51 in 00:00:30 =    1.7/s Avg:   362 Min:    49 Max:  2403 Err:     0 (0.00%) Active: 2 Started: 2 Finished: 0
2021-07-01 16:18:30,195 INFO o.a.j.r.Summariser: summary =     52 in 00:00:31 =    1.7/s Avg:   380 Min:    49 Max:  2403 Err:     0 (0.00%)
2021-07-01 16:18:58,972 INFO o.a.j.t.JMeterThread: Thread started: iSource_RaceConditionAuction 1-3
2021-07-01 16:19:00,088 INFO o.a.j.r.Summariser: summary +     70 in 00:00:30 =    2.3/s Avg:   516 Min:    54 Max:  2967 Err:     0 (0.00%) Active: 3 Started: 3 Finished: 0
2021-07-01 16:19:00,088 INFO o.a.j.r.Summariser: summary =    122 in 00:01:01 =    2.0/s Avg:   458 Min:    49 Max:  2967 Err:     0 (0.00%)
2021-07-01 16:19:29,030 INFO o.a.j.t.JMeterThread: Thread started: iSource_RaceConditionAuction 1-4
2021-07-01 16:19:30,133 INFO o.a.j.r.Summariser: summary +    102 in 00:00:30 =    3.4/s Avg:   565 Min:    39 Max:  3544 Err:     0 (0.00%) Active: 4 Started: 4 Finished: 0
2021-07-01 16:19:30,133 INFO o.a.j.r.Summariser: summary =    224 in 00:01:31 =    2.5/s Avg:   506 Min:    39 Max:  3544 Err:     0 (0.00%)
2021-07-01 16:19:59,076 INFO o.a.j.t.JMeterThread: Thread started: iSource_RaceConditionAuction 1-5
2021-07-01 16:20:00,081 INFO o.a.j.r.Summariser: summary +    111 in 00:00:30 =    3.7/s Avg:   802 Min:    66 Max:  3982 Err:     0 (0.00%) Active: 5 Started: 5 Finished: 0
2021-07-01 16:20:00,081 INFO o.a.j.r.Summariser: summary =    335 in 00:02:01 =    2.8/s Avg:   604 Min:    39 Max:  3982 Err:     0 (0.00%)
2021-07-01 16:20:13,710 INFO o.a.j.t.JMeterThread: Thread is done: iSource_RaceConditionAuction 1-1
2021-07-01 16:20:13,710 INFO o.a.j.t.JMeterThread: Thread finished: iSource_RaceConditionAuction 1-1
2021-07-01 16:20:29,127 INFO o.a.j.t.JMeterThread: Thread started: iSource_RaceConditionAuction 1-6
2021-07-01 16:20:30,083 INFO o.a.j.r.Summariser: summary +    124 in 00:00:30 =    4.1/s Avg:   728 Min:    42 Max:  4713 Err:     0 (0.00%) Active: 5 Started: 6 Finished: 1
2021-07-01 16:20:30,084 INFO o.a.j.r.Summariser: summary =    459 in 00:02:31 =    3.0/s Avg:   638 Min:    39 Max:  4713 Err:     0 (0.00%)
2021-07-01 16:20:43,560 INFO o.a.j.t.JMeterThread: Thread is done: iSource_RaceConditionAuction 1-2
2021-07-01 16:20:43,560 INFO o.a.j.t.JMeterThread: Thread finished: iSource_RaceConditionAuction 1-2
2021-07-01 16:20:59,170 INFO o.a.j.t.JMeterThread: Thread started: iSource_RaceConditionAuction 1-7
2021-07-01 16:21:00,059 INFO o.a.j.r.Summariser: summary +    151 in 00:00:30 =    5.0/s Avg:   566 Min:    61 Max:  3223 Err:     0 (0.00%) Active: 5 Started: 7 Finished: 2
2021-07-01 16:21:00,059 INFO o.a.j.r.Summariser: summary =    610 in 00:03:01 =    3.4/s Avg:   620 Min:    39 Max:  4713 Err:     0 (0.00%)
2021-07-01 16:21:08,936 INFO o.a.j.t.JMeterThread: Thread is done: iSource_RaceConditionAuction 1-3
2021-07-01 16:21:08,936 INFO o.a.j.t.JMeterThread: Thread finished: iSource_RaceConditionAuction 1-3
2021-07-01 16:21:29,188 INFO o.a.j.t.JMeterThread: Thread started: iSource_RaceConditionAuction 1-8
2021-07-01 16:21:30,217 INFO o.a.j.r.Summariser: summary +    146 in 00:00:30 =    4.8/s Avg:   564 Min:    46 Max:  3311 Err:     0 (0.00%) Active: 5 Started: 8 Finished: 3
2021-07-01 16:21:30,218 INFO o.a.j.r.Summariser: summary =    756 in 00:03:31 =    3.6/s Avg:   609 Min:    39 Max:  4713 Err:     0 (0.00%)
2021-07-01 16:21:32,820 INFO o.a.j.t.JMeterThread: Thread is done: iSource_RaceConditionAuction 1-4
2021-07-01 16:21:32,820 INFO o.a.j.t.JMeterThread: Thread finished: iSource_RaceConditionAuction 1-4
2021-07-01 16:21:59,229 INFO o.a.j.t.JMeterThread: Thread started: iSource_RaceConditionAuction 1-9
2021-07-01 16:22:00,053 INFO o.a.j.r.Summariser: summary +    126 in 00:00:30 =    4.2/s Avg:   689 Min:    45 Max:  2841 Err:     0 (0.00%) Active: 5 Started: 9 Finished: 4
2021-07-01 16:22:00,054 INFO o.a.j.r.Summariser: summary =    882 in 00:04:01 =    3.7/s Avg:   621 Min:    39 Max:  4713 Err:     0 (0.00%)
2021-07-01 16:22:06,303 INFO o.a.j.t.JMeterThread: Thread is done: iSource_RaceConditionAuction 1-5
2021-07-01 16:22:06,303 INFO o.a.j.t.JMeterThread: Thread finished: iSource_RaceConditionAuction 1-5
2021-07-01 16:22:29,262 INFO o.a.j.t.JMeterThread: Thread started: iSource_RaceConditionAuction 1-10
2021-07-01 16:22:30,060 INFO o.a.j.r.Summariser: summary +    100 in 00:00:30 =    3.3/s Avg:   879 Min:    80 Max:  4326 Err:     0 (0.00%) Active: 5 Started: 10 Finished: 5
2021-07-01 16:22:30,060 INFO o.a.j.r.Summariser: summary =    982 in 00:04:31 =    3.6/s Avg:   647 Min:    39 Max:  4713 Err:     0 (0.00%)
2021-07-01 16:22:38,049 INFO o.a.j.t.JMeterThread: Thread is done: iSource_RaceConditionAuction 1-6
2021-07-01 16:22:38,049 INFO o.a.j.t.JMeterThread: Thread finished: iSource_RaceConditionAuction 1-6
2021-07-01 16:22:59,284 INFO o.a.j.t.JMeterThread: Thread started: iSource_RaceConditionAuction 1-11
2021-07-01 16:23:00,010 INFO o.a.j.r.Summariser: summary +    134 in 00:00:30 =    4.5/s Avg:   653 Min:    96 Max:  3427 Err:     0 (0.00%) Active: 5 Started: 11 Finished: 6
2021-07-01 16:23:00,010 INFO o.a.j.r.Summariser: summary =   1116 in 00:05:01 =    3.7/s Avg:   648 Min:    39 Max:  4713 Err:     0 (0.00%)
2021-07-01 16:23:11,930 INFO o.a.j.t.JMeterThread: Thread is done: iSource_RaceConditionAuction 1-7
2021-07-01 16:23:11,930 INFO o.a.j.t.JMeterThread: Thread finished: iSource_RaceConditionAuction 1-7
2021-07-01 16:23:29,307 INFO o.a.j.t.JMeterThread: Thread started: iSource_RaceConditionAuction 1-12
2021-07-01 16:23:30,358 INFO o.a.j.r.Summariser: summary +    124 in 00:00:30 =    4.1/s Avg:   676 Min:    49 Max:  3602 Err:     0 (0.00%) Active: 5 Started: 12 Finished: 7
2021-07-01 16:23:30,359 INFO o.a.j.r.Summariser: summary =   1240 in 00:05:32 =    3.7/s Avg:   651 Min:    39 Max:  4713 Err:     0 (0.00%)
2021-07-01 16:23:39,928 INFO o.a.j.t.JMeterThread: Thread is done: iSource_RaceConditionAuction 1-8
2021-07-01 16:23:39,928 INFO o.a.j.t.JMeterThread: Thread finished: iSource_RaceConditionAuction 1-8
2021-07-01 16:23:59,327 INFO o.a.j.t.JMeterThread: Thread started: iSource_RaceConditionAuction 1-13
2021-07-01 16:24:00,033 INFO o.a.j.r.Summariser: summary +    127 in 00:00:30 =    4.3/s Avg:   723 Min:    85 Max:  4255 Err:     0 (0.00%) Active: 5 Started: 13 Finished: 8
2021-07-01 16:24:00,033 INFO o.a.j.r.Summariser: summary =   1367 in 00:06:01 =    3.8/s Avg:   657 Min:    39 Max:  4713 Err:     0 (0.00%)
2021-07-01 16:24:29,353 INFO o.a.j.t.JMeterThread: Thread started: iSource_RaceConditionAuction 1-14
2021-07-01 16:24:30,385 INFO o.a.j.r.Summariser: summary +    100 in 00:00:30 =    3.3/s Avg:  1107 Min:   161 Max:  3618 Err:     0 (0.00%) Active: 6 Started: 14 Finished: 8
2021-07-01 16:24:30,385 INFO o.a.j.r.Summariser: summary =   1467 in 00:06:32 =    3.7/s Avg:   688 Min:    39 Max:  4713 Err:     0 (0.00%)
2021-07-01 16:24:35,888 INFO o.a.j.t.JMeterThread: Thread is done: iSource_RaceConditionAuction 1-9
2021-07-01 16:24:35,889 INFO o.a.j.t.JMeterThread: Thread finished: iSource_RaceConditionAuction 1-9
2021-07-01 16:24:59,375 INFO o.a.j.t.JMeterThread: Thread started: iSource_RaceConditionAuction 1-15
2021-07-01 16:25:00,410 INFO o.a.j.r.Summariser: summary +    118 in 00:00:30 =    3.9/s Avg:  1097 Min:   175 Max:  3857 Err:     0 (0.00%) Active: 6 Started: 15 Finished: 9
2021-07-01 16:25:00,411 INFO o.a.j.r.Summariser: summary =   1585 in 00:07:02 =    3.8/s Avg:   718 Min:    39 Max:  4713 Err:     0 (0.00%)
2021-07-01 16:25:06,686 INFO o.a.j.t.JMeterThread: Thread is done: iSource_RaceConditionAuction 1-10
2021-07-01 16:25:06,686 INFO o.a.j.t.JMeterThread: Thread finished: iSource_RaceConditionAuction 1-10
2021-07-01 16:25:29,393 INFO o.a.j.t.JMeterThread: Thread started: iSource_RaceConditionAuction 1-16
2021-07-01 16:25:30,120 INFO o.a.j.r.Summariser: summary +    123 in 00:00:30 =    4.1/s Avg:   976 Min:    35 Max:  5198 Err:     0 (0.00%) Active: 6 Started: 16 Finished: 10
2021-07-01 16:25:30,120 INFO o.a.j.r.Summariser: summary =   1708 in 00:07:31 =    3.8/s Avg:   737 Min:    35 Max:  5198 Err:     0 (0.00%)
2021-07-01 16:25:38,224 INFO o.a.j.t.JMeterThread: Thread is done: iSource_RaceConditionAuction 1-11
2021-07-01 16:25:38,224 INFO o.a.j.t.JMeterThread: Thread finished: iSource_RaceConditionAuction 1-11
2021-07-01 16:25:59,411 INFO o.a.j.t.JMeterThread: Thread started: iSource_RaceConditionAuction 1-17
2021-07-01 16:26:00,034 INFO o.a.j.r.Summariser: summary +    157 in 00:00:30 =    5.2/s Avg:   689 Min:    33 Max:  3485 Err:     0 (0.00%) Active: 6 Started: 17 Finished: 11
2021-07-01 16:26:00,035 INFO o.a.j.r.Summariser: summary =   1865 in 00:08:01 =    3.9/s Avg:   733 Min:    33 Max:  5198 Err:     0 (0.00%)
2021-07-01 16:26:05,867 INFO o.a.j.t.JMeterThread: Thread is done: iSource_RaceConditionAuction 1-12
2021-07-01 16:26:05,867 INFO o.a.j.t.JMeterThread: Thread finished: iSource_RaceConditionAuction 1-12
2021-07-01 16:26:29,434 INFO o.a.j.t.JMeterThread: Thread started: iSource_RaceConditionAuction 1-18
2021-07-01 16:26:30,001 INFO o.a.j.r.Summariser: summary +    154 in 00:00:30 =    5.1/s Avg:   631 Min:    32 Max:  3133 Err:     0 (0.00%) Active: 6 Started: 18 Finished: 12
2021-07-01 16:26:30,001 INFO o.a.j.r.Summariser: summary =   2019 in 00:08:31 =    3.9/s Avg:   725 Min:    32 Max:  5198 Err:     0 (0.00%)
2021-07-01 16:26:34,124 INFO o.a.j.t.JMeterThread: Thread is done: iSource_RaceConditionAuction 1-13
2021-07-01 16:26:34,124 INFO o.a.j.t.JMeterThread: Thread finished: iSource_RaceConditionAuction 1-13
2021-07-01 16:26:56,610 INFO o.a.j.t.JMeterThread: Thread is done: iSource_RaceConditionAuction 1-14
2021-07-01 16:26:56,610 INFO o.a.j.t.JMeterThread: Thread finished: iSource_RaceConditionAuction 1-14
2021-07-01 16:26:59,454 INFO o.a.j.t.JMeterThread: Thread started: iSource_RaceConditionAuction 1-19
2021-07-01 16:27:00,071 INFO o.a.j.r.Summariser: summary +    167 in 00:00:30 =    5.6/s Avg:   606 Min:    38 Max:  4622 Err:     0 (0.00%) Active: 5 Started: 19 Finished: 14
2021-07-01 16:27:00,071 INFO o.a.j.r.Summariser: summary =   2186 in 00:09:01 =    4.0/s Avg:   716 Min:    32 Max:  5198 Err:     0 (0.00%)
2021-07-01 16:27:18,751 INFO o.a.j.t.JMeterThread: Thread is done: iSource_RaceConditionAuction 1-15
2021-07-01 16:27:18,751 INFO o.a.j.t.JMeterThread: Thread finished: iSource_RaceConditionAuction 1-15
2021-07-01 16:27:29,472 INFO o.a.j.t.JMeterThread: Thread started: iSource_RaceConditionAuction 1-20
2021-07-01 16:27:30,317 INFO o.a.j.r.Summariser: summary +    152 in 00:00:30 =    5.0/s Avg:   616 Min:    40 Max:  3484 Err:     0 (0.00%) Active: 5 Started: 20 Finished: 15
2021-07-01 16:27:30,317 INFO o.a.j.r.Summariser: summary =   2338 in 00:09:32 =    4.1/s Avg:   709 Min:    32 Max:  5198 Err:     0 (0.00%)
2021-07-01 16:27:34,428 INFO o.a.j.t.JMeterThread: Thread is done: iSource_RaceConditionAuction 1-16
2021-07-01 16:27:34,428 INFO o.a.j.t.JMeterThread: Thread finished: iSource_RaceConditionAuction 1-16
2021-07-01 16:27:59,490 INFO o.a.j.t.JMeterThread: Thread started: iSource_RaceConditionAuction 1-21
2021-07-01 16:28:00,310 INFO o.a.j.r.Summariser: summary +    131 in 00:00:30 =    4.4/s Avg:   614 Min:    34 Max:  2894 Err:     0 (0.00%) Active: 5 Started: 21 Finished: 16
2021-07-01 16:28:00,310 INFO o.a.j.r.Summariser: summary =   2469 in 00:10:02 =    4.1/s Avg:   704 Min:    32 Max:  5198 Err:     0 (0.00%)
2021-07-01 16:28:02,337 INFO o.a.j.t.JMeterThread: Thread is done: iSource_RaceConditionAuction 1-17
2021-07-01 16:28:02,337 INFO o.a.j.t.JMeterThread: Thread finished: iSource_RaceConditionAuction 1-17
2021-07-01 16:28:29,510 INFO o.a.j.t.JMeterThread: Thread started: iSource_RaceConditionAuction 1-22
2021-07-01 16:28:30,011 INFO o.a.j.r.Summariser: summary +    123 in 00:00:30 =    4.1/s Avg:   683 Min:    34 Max:  4019 Err:     0 (0.00%) Active: 5 Started: 22 Finished: 17
2021-07-01 16:28:30,011 INFO o.a.j.r.Summariser: summary =   2592 in 00:10:31 =    4.1/s Avg:   703 Min:    32 Max:  5198 Err:     0 (0.00%)
2021-07-01 16:28:34,037 INFO o.a.j.t.JMeterThread: Thread is done: iSource_RaceConditionAuction 1-18
2021-07-01 16:28:34,037 INFO o.a.j.t.JMeterThread: Thread finished: iSource_RaceConditionAuction 1-18
2021-07-01 16:28:59,531 INFO o.a.j.t.JMeterThread: Thread started: iSource_RaceConditionAuction 1-23
2021-07-01 16:29:00,153 INFO o.a.j.r.Summariser: summary +    103 in 00:00:30 =    3.4/s Avg:   859 Min:    34 Max:  5062 Err:     0 (0.00%) Active: 5 Started: 23 Finished: 18
2021-07-01 16:29:00,154 INFO o.a.j.r.Summariser: summary =   2695 in 00:11:01 =    4.1/s Avg:   709 Min:    32 Max:  5198 Err:     0 (0.00%)
2021-07-01 16:29:13,839 INFO o.a.j.t.JMeterThread: Thread is done: iSource_RaceConditionAuction 1-19
2021-07-01 16:29:13,839 INFO o.a.j.t.JMeterThread: Thread finished: iSource_RaceConditionAuction 1-19
2021-07-01 16:29:29,565 INFO o.a.j.t.JMeterThread: Thread started: iSource_RaceConditionAuction 1-24
2021-07-01 16:29:30,216 INFO o.a.j.r.Summariser: summary +    123 in 00:00:30 =    4.1/s Avg:   706 Min:    48 Max:  3750 Err:     0 (0.00%) Active: 5 Started: 24 Finished: 19
2021-07-01 16:29:30,216 INFO o.a.j.r.Summariser: summary =   2818 in 00:11:31 =    4.1/s Avg:   709 Min:    32 Max:  5198 Err:     0 (0.00%)
2021-07-01 16:29:48,919 INFO o.a.j.t.JMeterThread: Thread is done: iSource_RaceConditionAuction 1-20
2021-07-01 16:29:48,919 INFO o.a.j.t.JMeterThread: Thread finished: iSource_RaceConditionAuction 1-20
2021-07-01 16:29:59,574 INFO o.a.j.t.JMeterThread: Thread started: iSource_RaceConditionAuction 1-25
2021-07-01 16:30:00,081 INFO o.a.j.r.Summariser: summary +    134 in 00:00:30 =    4.5/s Avg:   736 Min:    29 Max:  4050 Err:     0 (0.00%) Active: 5 Started: 25 Finished: 20
2021-07-01 16:30:00,081 INFO o.a.j.r.Summariser: summary =   2952 in 00:12:01 =    4.1/s Avg:   710 Min:    29 Max:  5198 Err:     0 (0.00%)
2021-07-01 16:30:29,593 INFO o.a.j.t.JMeterThread: Thread started: iSource_RaceConditionAuction 1-26
2021-07-01 16:30:30,366 INFO o.a.j.r.Summariser: summary +    104 in 00:00:30 =    3.4/s Avg:  1106 Min:    55 Max:  4421 Err:     0 (0.00%) Active: 6 Started: 26 Finished: 20
2021-07-01 16:30:30,366 INFO o.a.j.r.Summariser: summary =   3056 in 00:12:32 =    4.1/s Avg:   724 Min:    29 Max:  5198 Err:     0 (0.00%)
2021-07-01 16:30:32,207 INFO o.a.j.t.JMeterThread: Thread is done: iSource_RaceConditionAuction 1-21
2021-07-01 16:30:32,207 INFO o.a.j.t.JMeterThread: Thread finished: iSource_RaceConditionAuction 1-21
2021-07-01 16:30:59,610 INFO o.a.j.t.JMeterThread: Thread started: iSource_RaceConditionAuction 1-27
2021-07-01 16:31:00,570 INFO o.a.j.r.Summariser: summary +    107 in 00:00:30 =    3.5/s Avg:  1124 Min:   154 Max:  3820 Err:     0 (0.00%) Active: 6 Started: 27 Finished: 21
2021-07-01 16:31:00,571 INFO o.a.j.r.Summariser: summary =   3163 in 00:13:02 =    4.0/s Avg:   737 Min:    29 Max:  5198 Err:     0 (0.00%)
2021-07-01 16:31:17,695 INFO o.a.j.t.JMeterThread: Thread is done: iSource_RaceConditionAuction 1-22
2021-07-01 16:31:17,695 INFO o.a.j.t.JMeterThread: Thread finished: iSource_RaceConditionAuction 1-22
2021-07-01 16:31:29,629 INFO o.a.j.t.JMeterThread: Thread started: iSource_RaceConditionAuction 1-28
2021-07-01 16:31:30,647 INFO o.a.j.r.Summariser: summary +    108 in 00:00:30 =    3.6/s Avg:  1295 Min:   273 Max:  4957 Err:     0 (0.00%) Active: 6 Started: 28 Finished: 22
2021-07-01 16:31:30,648 INFO o.a.j.r.Summariser: summary =   3271 in 00:13:32 =    4.0/s Avg:   756 Min:    29 Max:  5198 Err:     0 (0.00%)
2021-07-01 16:31:53,114 INFO o.a.j.t.JMeterThread: Thread is done: iSource_RaceConditionAuction 1-23
2021-07-01 16:31:53,114 INFO o.a.j.t.JMeterThread: Thread finished: iSource_RaceConditionAuction 1-23
2021-07-01 16:31:59,648 INFO o.a.j.t.JMeterThread: Thread started: iSource_RaceConditionAuction 1-29
2021-07-01 16:32:00,336 INFO o.a.j.r.Summariser: summary +    108 in 00:00:30 =    3.6/s Avg:  1201 Min:   240 Max:  4851 Err:     0 (0.00%) Active: 6 Started: 29 Finished: 23
2021-07-01 16:32:00,337 INFO o.a.j.r.Summariser: summary =   3379 in 00:14:02 =    4.0/s Avg:   770 Min:    29 Max:  5198 Err:     0 (0.00%)
2021-07-01 16:32:29,668 INFO o.a.j.t.JMeterThread: Thread started: iSource_RaceConditionAuction 1-30
2021-07-01 16:32:30,256 INFO o.a.j.r.Summariser: summary +    120 in 00:00:30 =    4.0/s Avg:  1150 Min:   180 Max:  4697 Err:     0 (0.00%) Active: 7 Started: 30 Finished: 23
2021-07-01 16:32:30,256 INFO o.a.j.r.Summariser: summary =   3499 in 00:14:31 =    4.0/s Avg:   783 Min:    29 Max:  5198 Err:     0 (0.00%)
2021-07-01 16:32:33,002 INFO o.a.j.t.JMeterThread: Thread is done: iSource_RaceConditionAuction 1-24
2021-07-01 16:32:33,002 INFO o.a.j.t.JMeterThread: Thread finished: iSource_RaceConditionAuction 1-24
2021-07-01 16:32:55,448 INFO o.a.j.t.JMeterThread: Thread is done: iSource_RaceConditionAuction 1-25
2021-07-01 16:32:55,448 INFO o.a.j.t.JMeterThread: Thread finished: iSource_RaceConditionAuction 1-25
2021-07-01 16:32:59,688 INFO o.a.j.t.JMeterThread: Thread started: iSource_RaceConditionAuction 1-31
2021-07-01 16:33:00,050 INFO o.a.j.r.Summariser: summary +    146 in 00:00:30 =    4.9/s Avg:   855 Min:   109 Max:  4043 Err:     0 (0.00%) Active: 6 Started: 31 Finished: 25
2021-07-01 16:33:00,051 INFO o.a.j.r.Summariser: summary =   3645 in 00:15:01 =    4.0/s Avg:   786 Min:    29 Max:  5198 Err:     0 (0.00%)
2021-07-01 16:33:29,704 INFO o.a.j.t.JMeterThread: Thread started: iSource_RaceConditionAuction 1-32
2021-07-01 16:33:30,034 INFO o.a.j.r.Summariser: summary +    164 in 00:00:30 =    5.5/s Avg:   799 Min:    48 Max:  5231 Err:     0 (0.00%) Active: 7 Started: 32 Finished: 25
2021-07-01 16:33:30,035 INFO o.a.j.r.Summariser: summary =   3809 in 00:15:31 =    4.1/s Avg:   786 Min:    29 Max:  5231 Err:     0 (0.00%)
2021-07-01 16:33:33,853 INFO o.a.j.t.JMeterThread: Thread is done: iSource_RaceConditionAuction 1-26
2021-07-01 16:33:33,853 INFO o.a.j.t.JMeterThread: Thread finished: iSource_RaceConditionAuction 1-26
2021-07-01 16:33:59,724 INFO o.a.j.t.JMeterThread: Thread started: iSource_RaceConditionAuction 1-33
2021-07-01 16:34:00,091 INFO o.a.j.r.Summariser: summary +    116 in 00:00:30 =    3.9/s Avg:  1239 Min:    47 Max:  4862 Err:     0 (0.00%) Active: 7 Started: 33 Finished: 26
2021-07-01 16:34:00,091 INFO o.a.j.r.Summariser: summary =   3925 in 00:16:01 =    4.1/s Avg:   800 Min:    29 Max:  5231 Err:     0 (0.00%)
2021-07-01 16:34:14,437 INFO o.a.j.t.JMeterThread: Thread is done: iSource_RaceConditionAuction 1-27
2021-07-01 16:34:14,437 INFO o.a.j.t.JMeterThread: Thread finished: iSource_RaceConditionAuction 1-27
2021-07-01 16:34:29,742 INFO o.a.j.t.JMeterThread: Thread started: iSource_RaceConditionAuction 1-34
2021-07-01 16:34:30,294 INFO o.a.j.r.Summariser: summary +    101 in 00:00:30 =    3.3/s Avg:  1727 Min:   558 Max:  4824 Err:     0 (0.00%) Active: 7 Started: 34 Finished: 27
2021-07-01 16:34:30,294 INFO o.a.j.r.Summariser: summary =   4026 in 00:16:32 =    4.1/s Avg:   823 Min:    29 Max:  5231 Err:     0 (0.00%)
2021-07-01 16:34:39,504 INFO o.a.j.t.JMeterThread: Thread is done: iSource_RaceConditionAuction 1-28
2021-07-01 16:34:39,504 INFO o.a.j.t.JMeterThread: Thread finished: iSource_RaceConditionAuction 1-28
2021-07-01 16:34:59,759 INFO o.a.j.t.JMeterThread: Thread started: iSource_RaceConditionAuction 1-35
2021-07-01 16:35:01,057 INFO o.a.j.r.Summariser: summary +    108 in 00:00:31 =    3.5/s Avg:  1379 Min:   349 Max:  3873 Err:     0 (0.00%) Active: 7 Started: 35 Finished: 28
2021-07-01 16:35:01,057 INFO o.a.j.r.Summariser: summary =   4134 in 00:17:02 =    4.0/s Avg:   838 Min:    29 Max:  5231 Err:     0 (0.00%)
2021-07-01 16:35:24,629 INFO o.a.j.t.JMeterThread: Thread is done: iSource_RaceConditionAuction 1-29
2021-07-01 16:35:24,629 INFO o.a.j.t.JMeterThread: Thread finished: iSource_RaceConditionAuction 1-29
2021-07-01 16:35:29,778 INFO o.a.j.t.JMeterThread: Thread started: iSource_RaceConditionAuction 1-36
2021-07-01 16:35:30,946 INFO o.a.j.r.Summariser: summary +    108 in 00:00:30 =    3.6/s Avg:  1665 Min:   349 Max:  5740 Err:     0 (0.00%) Active: 7 Started: 36 Finished: 29
2021-07-01 16:35:30,947 INFO o.a.j.r.Summariser: summary =   4242 in 00:17:32 =    4.0/s Avg:   859 Min:    29 Max:  5740 Err:     0 (0.00%)
2021-07-01 16:35:59,798 INFO o.a.j.t.JMeterThread: Thread started: iSource_RaceConditionAuction 1-37
2021-07-01 16:36:00,185 INFO o.a.j.r.Summariser: summary +    112 in 00:00:29 =    3.8/s Avg:  1496 Min:   450 Max:  5058 Err:     0 (0.00%) Active: 8 Started: 37 Finished: 29
2021-07-01 16:36:00,185 INFO o.a.j.r.Summariser: summary =   4354 in 00:18:01 =    4.0/s Avg:   875 Min:    29 Max:  5740 Err:     0 (0.00%)
2021-07-01 16:36:00,216 INFO o.a.j.t.JMeterThread: Thread is done: iSource_RaceConditionAuction 1-30
2021-07-01 16:36:00,216 INFO o.a.j.t.JMeterThread: Thread finished: iSource_RaceConditionAuction 1-30
2021-07-01 16:36:29,817 INFO o.a.j.t.JMeterThread: Thread started: iSource_RaceConditionAuction 1-38
2021-07-01 16:36:30,154 INFO o.a.j.r.Summariser: summary +     93 in 00:00:30 =    3.1/s Avg:  1868 Min:   582 Max:  4358 Err:     0 (0.00%) Active: 8 Started: 38 Finished: 30
2021-07-01 16:36:30,154 INFO o.a.j.r.Summariser: summary =   4447 in 00:18:31 =    4.0/s Avg:   896 Min:    29 Max:  5740 Err:     0 (0.00%)
2021-07-01 16:36:48,597 INFO o.a.j.t.JMeterThread: Thread is done: iSource_RaceConditionAuction 1-31
2021-07-01 16:36:48,597 INFO o.a.j.t.JMeterThread: Thread finished: iSource_RaceConditionAuction 1-31
2021-07-01 16:36:59,860 INFO o.a.j.t.JMeterThread: Thread started: iSource_RaceConditionAuction 1-39
2021-07-01 16:37:00,108 INFO o.a.j.r.Summariser: summary +    158 in 00:00:30 =    5.3/s Avg:  1168 Min:   317 Max:  3730 Err:     0 (0.00%) Active: 8 Started: 39 Finished: 31
2021-07-01 16:37:00,109 INFO o.a.j.r.Summariser: summary =   4605 in 00:19:01 =    4.0/s Avg:   905 Min:    29 Max:  5740 Err:     0 (0.00%)
2021-07-01 16:37:03,230 INFO o.a.j.t.JMeterThread: Thread is done: iSource_RaceConditionAuction 1-32
2021-07-01 16:37:03,230 INFO o.a.j.t.JMeterThread: Thread finished: iSource_RaceConditionAuction 1-32
2021-07-01 16:37:29,876 INFO o.a.j.t.JMeterThread: Thread started: iSource_RaceConditionAuction 1-40
2021-07-01 16:37:30,368 INFO o.a.j.r.Summariser: summary +    173 in 00:00:30 =    5.7/s Avg:   881 Min:   275 Max:  3549 Err:     0 (0.00%) Active: 8 Started: 40 Finished: 32
2021-07-01 16:37:30,368 INFO o.a.j.r.Summariser: summary =   4778 in 00:19:32 =    4.1/s Avg:   904 Min:    29 Max:  5740 Err:     0 (0.00%)
2021-07-01 16:37:36,529 INFO o.a.j.t.JMeterThread: Thread is done: iSource_RaceConditionAuction 1-33
2021-07-01 16:37:36,529 INFO o.a.j.t.JMeterThread: Thread finished: iSource_RaceConditionAuction 1-33
2021-07-01 16:37:53,006 INFO o.a.j.t.JMeterThread: Thread is done: iSource_RaceConditionAuction 1-34
2021-07-01 16:37:53,006 INFO o.a.j.t.JMeterThread: Thread finished: iSource_RaceConditionAuction 1-34
2021-07-01 16:37:59,890 INFO o.a.j.t.JMeterThread: Thread started: iSource_RaceConditionAuction 1-41
2021-07-01 16:38:00,648 INFO o.a.j.r.Summariser: summary +    175 in 00:00:30 =    5.8/s Avg:   834 Min:   171 Max:  3966 Err:     0 (0.00%) Active: 7 Started: 41 Finished: 34
2021-07-01 16:38:00,648 INFO o.a.j.r.Summariser: summary =   4953 in 00:20:02 =    4.1/s Avg:   902 Min:    29 Max:  5740 Err:     0 (0.00%)
2021-07-01 16:38:09,308 INFO o.a.j.t.JMeterThread: Stop Thread detected by thread: iSource_RaceConditionAuction 1-36
2021-07-01 16:38:09,308 INFO o.a.j.t.JMeterThread: Thread finished: iSource_RaceConditionAuction 1-36
2021-07-01 16:38:23,586 INFO o.a.j.t.JMeterThread: Thread is done: iSource_RaceConditionAuction 1-35
2021-07-01 16:38:23,586 INFO o.a.j.t.JMeterThread: Thread finished: iSource_RaceConditionAuction 1-35
2021-07-01 16:38:29,908 INFO o.a.j.t.JMeterThread: Thread started: iSource_RaceConditionAuction 1-42
2021-07-01 16:38:30,159 INFO o.a.j.r.Summariser: summary +    135 in 00:00:30 =    4.6/s Avg:  1133 Min:   131 Max:  6775 Err:     1 (0.74%) Active: 6 Started: 42 Finished: 36
2021-07-01 16:38:30,160 INFO o.a.j.r.Summariser: summary =   5088 in 00:20:31 =    4.1/s Avg:   908 Min:    29 Max:  6775 Err:     1 (0.02%)
2021-07-01 16:38:40,058 INFO o.a.j.t.JMeterThread: Stop Thread detected by thread: iSource_RaceConditionAuction 1-37
2021-07-01 16:38:40,058 INFO o.a.j.t.JMeterThread: Thread finished: iSource_RaceConditionAuction 1-37
2021-07-01 16:38:43,345 INFO o.a.j.t.JMeterThread: Stop Thread detected by thread: iSource_RaceConditionAuction 1-38
2021-07-01 16:38:43,345 INFO o.a.j.t.JMeterThread: Thread finished: iSource_RaceConditionAuction 1-38
2021-07-01 16:38:59,922 INFO o.a.j.t.JMeterThread: Thread started: iSource_RaceConditionAuction 1-43
2021-07-01 16:39:00,018 INFO o.a.j.r.Summariser: summary +    135 in 00:00:30 =    4.5/s Avg:   672 Min:    94 Max:  3549 Err:     2 (1.48%) Active: 5 Started: 43 Finished: 38
2021-07-01 16:39:00,018 INFO o.a.j.r.Summariser: summary =   5223 in 00:21:01 =    4.1/s Avg:   902 Min:    29 Max:  6775 Err:     3 (0.06%)
2021-07-01 16:39:01,008 INFO o.a.j.t.JMeterThread: Stop Thread detected by thread: iSource_RaceConditionAuction 1-39
2021-07-01 16:39:01,008 INFO o.a.j.t.JMeterThread: Thread finished: iSource_RaceConditionAuction 1-39
2021-07-01 16:39:29,937 INFO o.a.j.t.JMeterThread: Thread started: iSource_RaceConditionAuction 1-44
2021-07-01 16:39:30,341 INFO o.a.j.r.Summariser: summary +    120 in 00:00:30 =    4.0/s Avg:   665 Min:    60 Max:  2202 Err:     1 (0.83%) Active: 5 Started: 44 Finished: 39
2021-07-01 16:39:30,341 INFO o.a.j.r.Summariser: summary =   5343 in 00:21:32 =    4.1/s Avg:   897 Min:    29 Max:  6775 Err:     4 (0.07%)
2021-07-01 16:39:32,003 INFO o.a.j.t.JMeterThread: Stop Thread detected by thread: iSource_RaceConditionAuction 1-40
2021-07-01 16:39:32,003 INFO o.a.j.t.JMeterThread: Thread finished: iSource_RaceConditionAuction 1-40
2021-07-01 16:39:59,839 INFO o.a.j.t.JMeterThread: Stop Thread detected by thread: iSource_RaceConditionAuction 1-41
2021-07-01 16:39:59,840 INFO o.a.j.t.JMeterThread: Thread finished: iSource_RaceConditionAuction 1-41
2021-07-01 16:39:59,951 INFO o.a.j.t.JMeterThread: Thread started: iSource_RaceConditionAuction 1-45
2021-07-01 16:40:00,266 INFO o.a.j.r.Summariser: summary +    121 in 00:00:30 =    4.0/s Avg:   713 Min:    96 Max:  2612 Err:     2 (1.65%) Active: 4 Started: 45 Finished: 41
2021-07-01 16:40:00,266 INFO o.a.j.r.Summariser: summary =   5464 in 00:22:01 =    4.1/s Avg:   892 Min:    29 Max:  6775 Err:     6 (0.11%)
2021-07-01 16:40:16,153 INFO o.a.j.t.JMeterThread: Stop Thread detected by thread: iSource_RaceConditionAuction 1-42
2021-07-01 16:40:16,153 INFO o.a.j.t.JMeterThread: Thread finished: iSource_RaceConditionAuction 1-42
2021-07-01 16:40:29,967 INFO o.a.j.t.JMeterThread: Thread started: iSource_RaceConditionAuction 1-46
2021-07-01 16:40:30,104 INFO o.a.j.r.Summariser: summary +     89 in 00:00:30 =    3.0/s Avg:   814 Min:   131 Max:  3322 Err:     1 (1.12%) Active: 4 Started: 46 Finished: 42
2021-07-01 16:40:30,104 INFO o.a.j.r.Summariser: summary =   5553 in 00:22:31 =    4.1/s Avg:   891 Min:    29 Max:  6775 Err:     7 (0.13%)
2021-07-01 16:40:53,933 INFO o.a.j.t.JMeterThread: Stop Thread detected by thread: iSource_RaceConditionAuction 1-43
2021-07-01 16:40:53,933 INFO o.a.j.t.JMeterThread: Thread finished: iSource_RaceConditionAuction 1-43
2021-07-01 16:40:59,982 INFO o.a.j.t.JMeterThread: Thread started: iSource_RaceConditionAuction 1-47
2021-07-01 16:41:00,183 INFO o.a.j.r.Summariser: summary +    109 in 00:00:30 =    3.6/s Avg:   721 Min:   116 Max:  2684 Err:     1 (0.92%) Active: 4 Started: 47 Finished: 43
2021-07-01 16:41:00,183 INFO o.a.j.r.Summariser: summary =   5662 in 00:23:01 =    4.1/s Avg:   888 Min:    29 Max:  6775 Err:     8 (0.14%)
2021-07-01 16:41:18,355 INFO o.a.j.t.JMeterThread: Stop Thread detected by thread: iSource_RaceConditionAuction 1-44
2021-07-01 16:41:18,355 INFO o.a.j.t.JMeterThread: Thread finished: iSource_RaceConditionAuction 1-44
2021-07-01 16:41:29,996 INFO o.a.j.t.JMeterThread: Thread started: iSource_RaceConditionAuction 1-48
2021-07-01 16:41:30,176 INFO o.a.j.r.Summariser: summary +    135 in 00:00:30 =    4.5/s Avg:   502 Min:    47 Max:  2651 Err:     1 (0.74%) Active: 4 Started: 48 Finished: 44
2021-07-01 16:41:30,177 INFO o.a.j.r.Summariser: summary =   5797 in 00:23:31 =    4.1/s Avg:   879 Min:    29 Max:  6775 Err:     9 (0.16%)
2021-07-01 16:41:42,449 INFO o.a.j.t.JMeterThread: Stop Thread detected by thread: iSource_RaceConditionAuction 1-45
2021-07-01 16:41:42,450 INFO o.a.j.t.JMeterThread: Thread finished: iSource_RaceConditionAuction 1-45
2021-07-01 16:42:00,011 INFO o.a.j.t.JMeterThread: Thread started: iSource_RaceConditionAuction 1-49
2021-07-01 16:42:00,276 INFO o.a.j.r.Summariser: summary +    126 in 00:00:30 =    4.2/s Avg:   509 Min:    44 Max:  2978 Err:     1 (0.79%) Active: 4 Started: 49 Finished: 45
2021-07-01 16:42:00,277 INFO o.a.j.r.Summariser: summary =   5923 in 00:24:01 =    4.1/s Avg:   871 Min:    29 Max:  6775 Err:    10 (0.17%)
2021-07-01 16:42:08,827 INFO o.a.j.t.JMeterThread: Stop Thread detected by thread: iSource_RaceConditionAuction 1-46
2021-07-01 16:42:08,828 INFO o.a.j.t.JMeterThread: Thread finished: iSource_RaceConditionAuction 1-46
2021-07-01 16:42:30,024 INFO o.a.j.t.JMeterThread: Thread started: iSource_RaceConditionAuction 1-50
2021-07-01 16:42:30,182 INFO o.a.j.r.Summariser: summary +    110 in 00:00:30 =    3.7/s Avg:   568 Min:    54 Max:  3955 Err:     1 (0.91%) Active: 4 Started: 50 Finished: 46
2021-07-01 16:42:30,182 INFO o.a.j.r.Summariser: summary =   6033 in 00:24:31 =    4.1/s Avg:   866 Min:    29 Max:  6775 Err:    11 (0.18%)
2021-07-01 16:42:31,311 INFO o.a.j.t.JMeterThread: Stop Thread detected by thread: iSource_RaceConditionAuction 1-47
2021-07-01 16:42:31,311 INFO o.a.j.t.JMeterThread: Thread finished: iSource_RaceConditionAuction 1-47
2021-07-01 16:43:00,729 INFO o.a.j.r.Summariser: summary +    109 in 00:00:31 =    3.6/s Avg:   518 Min:    52 Max:  3190 Err:     1 (0.92%) Active: 3 Started: 50 Finished: 47
2021-07-01 16:43:00,729 INFO o.a.j.r.Summariser: summary =   6142 in 00:25:02 =    4.1/s Avg:   859 Min:    29 Max:  6775 Err:    12 (0.20%)
2021-07-01 16:43:02,363 INFO o.a.j.t.JMeterThread: Stop Thread detected by thread: iSource_RaceConditionAuction 1-48
2021-07-01 16:43:02,363 INFO o.a.j.t.JMeterThread: Thread finished: iSource_RaceConditionAuction 1-48
2021-07-01 16:43:30,852 INFO o.a.j.r.Summariser: summary +     61 in 00:00:30 =    2.0/s Avg:   651 Min:   112 Max:  3220 Err:     1 (1.64%) Active: 2 Started: 50 Finished: 48
2021-07-01 16:43:30,853 INFO o.a.j.r.Summariser: summary =   6203 in 00:25:32 =    4.0/s Avg:   857 Min:    29 Max:  6775 Err:    13 (0.21%)
2021-07-01 16:43:33,654 INFO o.a.j.t.JMeterThread: Stop Thread detected by thread: iSource_RaceConditionAuction 1-49
2021-07-01 16:43:33,654 INFO o.a.j.t.JMeterThread: Thread finished: iSource_RaceConditionAuction 1-49
2021-07-01 16:44:05,432 INFO o.a.j.r.Summariser: summary +     35 in 00:00:35 =    1.0/s Avg:   862 Min:   115 Max:  4834 Err:     1 (2.86%) Active: 1 Started: 50 Finished: 49
2021-07-01 16:44:05,433 INFO o.a.j.r.Summariser: summary =   6238 in 00:26:07 =    4.0/s Avg:   857 Min:    29 Max:  6775 Err:    14 (0.22%)
2021-07-01 16:44:07,306 INFO o.a.j.t.JMeterThread: Stop Thread detected by thread: iSource_RaceConditionAuction 1-50
2021-07-01 16:44:07,306 INFO o.a.j.t.JMeterThread: Thread finished: iSource_RaceConditionAuction 1-50
2021-07-01 16:44:07,307 INFO o.a.j.e.StandardJMeterEngine: Notifying test listeners of end of test
2021-07-01 16:44:07,310 INFO o.a.j.r.Summariser: summary +      2 in 00:00:02 =    1.1/s Avg:   935 Min:   440 Max:  1431 Err:     1 (50.00%) Active: 0 Started: 50 Finished: 50
2021-07-01 16:44:07,310 INFO o.a.j.r.Summariser: summary =   6240 in 00:26:09 =    4.0/s Avg:   857 Min:    29 Max:  6775 Err:    15 (0.24%)
2021-07-01 16:44:07,311 INFO o.a.j.JMeter: Generating Dashboard
2021-07-01 16:44:07,311 INFO o.a.j.r.d.ReportGenerator: Flushing result collector before report Generation
2021-07-01 16:44:07,327 INFO o.a.j.r.p.NormalizerSampleConsumer: Using format, 'ms', to parse timeStamp field
2021-07-01 16:44:07,582 INFO o.a.j.r.p.AbstractSampleConsumer: class org.apache.jmeter.report.processor.AggregateConsumer#stopProducing(): beginDate produced 0 samples
2021-07-01 16:44:07,582 INFO o.a.j.r.p.AbstractSampleConsumer: class org.apache.jmeter.report.processor.AggregateConsumer#stopProducing(): endDate produced 0 samples
2021-07-01 16:44:07,584 INFO o.a.j.r.p.AbstractSampleConsumer: class org.apache.jmeter.report.processor.ApdexSummaryConsumer#stopProducing(): apdexSummary produced 0 samples
2021-07-01 16:44:07,585 INFO o.a.j.r.p.AbstractSampleConsumer: class org.apache.jmeter.report.processor.RequestsSummaryConsumer#stopProducing(): requestsSummary produced 0 samples
2021-07-01 16:44:07,592 INFO o.a.j.r.p.AbstractSampleConsumer: class org.apache.jmeter.report.processor.StatisticsSummaryConsumer#stopProducing(): statisticsSummary produced 0 samples
2021-07-01 16:44:07,597 INFO o.a.j.r.p.AbstractSampleConsumer: class org.apache.jmeter.report.processor.Top5ErrorsBySamplerConsumer#stopProducing(): top5ErrorsBySampler produced 0 samples
2021-07-01 16:44:07,597 INFO o.a.j.r.p.AbstractSampleConsumer: class org.apache.jmeter.report.processor.ErrorsSummaryConsumer#stopProducing(): errorsSummary produced 0 samples
2021-07-01 16:44:07,597 INFO o.a.j.r.p.AbstractSampleConsumer: class org.apache.jmeter.report.processor.graph.impl.HitsPerSecondGraphConsumer#stopProducing(): hitsPerSecond produced 0 samples
2021-07-01 16:44:07,631 INFO o.a.j.r.p.AbstractSampleConsumer: class org.apache.jmeter.report.processor.graph.impl.LatencyVSRequestGraphConsumer#stopProducing(): latencyVsRequest produced 0 samples
2021-07-01 16:44:07,631 INFO o.a.j.r.p.AbstractSampleConsumer: class org.apache.jmeter.report.processor.graph.impl.SyntheticResponseTimeDistributionGraphConsumer#stopProducing(): syntheticResponseTimeDistribution produced 0 samples
2021-07-01 16:44:07,631 INFO o.a.j.r.p.AbstractSampleConsumer: class org.apache.jmeter.report.processor.graph.impl.BytesThroughputGraphConsumer#stopProducing(): bytesThroughputOverTime produced 0 samples
2021-07-01 16:44:07,631 INFO o.a.j.r.p.AbstractSampleConsumer: class org.apache.jmeter.report.processor.graph.impl.CodesPerSecondGraphConsumer#stopProducing(): codesPerSecond produced 0 samples
2021-07-01 16:44:07,676 INFO o.a.j.r.p.AbstractSampleConsumer: class org.apache.jmeter.report.processor.graph.impl.ResponseTimeVSRequestGraphConsumer#stopProducing(): responseTimeVsRequest produced 0 samples
2021-07-01 16:44:07,676 INFO o.a.j.r.p.AbstractSampleConsumer: class org.apache.jmeter.report.processor.FilterConsumer#stopProducing(): startIntervalControlerFilter produced 43680 samples
2021-07-01 16:44:07,676 INFO o.a.j.r.p.AbstractSampleConsumer: class org.apache.jmeter.report.processor.graph.impl.TotalTPSGraphConsumer#stopProducing(): totalTPS produced 0 samples
2021-07-01 16:44:07,676 INFO o.a.j.r.p.AbstractSampleConsumer: class org.apache.jmeter.report.processor.graph.impl.ActiveThreadsGraphConsumer#stopProducing(): activeThreadsOverTime produced 0 samples
2021-07-01 16:44:07,676 INFO o.a.j.r.p.AbstractSampleConsumer: class org.apache.jmeter.report.processor.graph.impl.TimeVSThreadGraphConsumer#stopProducing(): timeVsThreads produced 0 samples
2021-07-01 16:44:07,683 INFO o.a.j.r.p.AbstractSampleConsumer: class org.apache.jmeter.report.processor.graph.impl.ResponseTimeDistributionGraphConsumer#stopProducing(): responseTimeDistribution produced 0 samples
2021-07-01 16:44:07,685 INFO o.a.j.r.p.AbstractSampleConsumer: class org.apache.jmeter.report.processor.graph.impl.TransactionsPerSecondGraphConsumer#stopProducing(): transactionsPerSecond produced 0 samples
2021-07-01 16:44:07,687 INFO o.a.j.r.p.AbstractSampleConsumer: class org.apache.jmeter.report.processor.graph.impl.ResponseTimePercentilesGraphConsumer#stopProducing(): responseTimePercentiles produced 0 samples
2021-07-01 16:44:07,709 INFO o.a.j.r.p.AbstractSampleConsumer: class org.apache.jmeter.report.processor.graph.impl.ResponseTimePercentilesOverTimeGraphConsumer#stopProducing(): responseTimePercentilesOverTime produced 0 samples
2021-07-01 16:44:07,711 INFO o.a.j.r.p.AbstractSampleConsumer: class org.apache.jmeter.report.processor.graph.impl.ResponseTimeOverTimeGraphConsumer#stopProducing(): responseTimesOverTime produced 0 samples
2021-07-01 16:44:07,714 INFO o.a.j.r.p.AbstractSampleConsumer: class org.apache.jmeter.report.processor.graph.impl.ConnectTimeOverTimeGraphConsumer#stopProducing(): connectTimeOverTime produced 0 samples
2021-07-01 16:44:07,718 INFO o.a.j.r.p.AbstractSampleConsumer: class org.apache.jmeter.report.processor.graph.impl.LatencyOverTimeGraphConsumer#stopProducing(): latenciesOverTime produced 0 samples
2021-07-01 16:44:07,721 INFO o.a.j.r.p.AbstractSampleConsumer: class org.apache.jmeter.report.processor.FilterConsumer#stopProducing(): nameFilter produced 106425 samples
2021-07-01 16:44:07,721 INFO o.a.j.r.p.AbstractSampleConsumer: class org.apache.jmeter.report.processor.FilterConsumer#stopProducing(): dateRangeFilter produced 21285 samples
2021-07-01 16:44:07,721 INFO o.a.j.r.p.AbstractSampleConsumer: class org.apache.jmeter.report.processor.NormalizerSampleConsumer#stopProducing(): normalizer produced 7095 samples
2021-07-01 16:44:07,722 INFO o.a.j.r.p.CsvFileSampleSource: produce(): 7095 samples produced in 376ms on channel 0
2021-07-01 16:44:07,722 INFO o.a.j.r.d.ReportGenerator: Exporting data using exporter:'json' of className:'org.apache.jmeter.report.dashboard.JsonExporter'
2021-07-01 16:44:07,723 INFO o.a.j.r.d.JsonExporter: Found data for consumer statisticsSummary in context
2021-07-01 16:44:07,723 INFO o.a.j.r.d.JsonExporter: Creating statistics for overall
2021-07-01 16:44:07,724 INFO o.a.j.r.d.JsonExporter: Creating statistics for other transactions
2021-07-01 16:44:07,725 INFO o.a.j.r.d.JsonExporter: Checking output folder
2021-07-01 16:44:07,727 INFO o.a.j.r.d.JsonExporter: Writing statistics JSON to C:\xampp\htdocs\PerformancePostgres\L0_iSource_50_RaceConditionAuction_2021-07-01_30\statistics.json
2021-07-01 16:44:07,860 INFO o.a.j.r.d.ReportGenerator: Exporting data using exporter:'html' of className:'org.apache.jmeter.report.dashboard.HtmlTemplateExporter'
2021-07-01 16:44:07,863 INFO o.a.j.r.d.HtmlTemplateExporter: Will generate dashboard in folder: C:\xampp\htdocs\PerformancePostgres\L0_iSource_50_RaceConditionAuction_2021-07-01_30
2021-07-01 16:44:08,112 INFO o.a.j.r.d.HtmlTemplateExporter: Report will be generated in: C:\xampp\htdocs\PerformancePostgres\L0_iSource_50_RaceConditionAuction_2021-07-01_30, creating folder structure
2021-07-01 16:44:08,115 INFO o.a.j.r.d.TemplateVisitor: Copying folder from 'D:\apache-jmeter-5.1\apache-jmeter-5.1\bin\report-template' to 'C:\xampp\htdocs\PerformancePostgres\L0_iSource_50_RaceConditionAuction_2021-07-01_30', got message:[C:\xampp\htdocs\PerformancePostgres\L0_iSource_50_RaceConditionAuction_2021-07-01_30\statistics.json], found non empty folder with following content {}, will be ignored
2021-07-01 16:44:08,797 INFO o.a.j.JMeter: Dashboard generated
