2021-07-16 14:44:18,331 INFO o.a.j.u.JMeterUtils: Setting Locale to en_EN
2021-07-16 14:44:18,343 INFO o.a.j.JMeter: Loading user properties from: user.properties
2021-07-16 14:44:18,344 INFO o.a.j.JMeter: Loading system properties from: system.properties
2021-07-16 14:44:18,344 INFO o.a.j.JMeter: Setting JMeter property: meter.reportgenerator.report_title=RaceConditionAuction
2021-07-16 14:44:18,344 INFO o.a.j.JMeter: Setting JMeter property: thread=50
2021-07-16 14:44:18,344 INFO o.a.j.JMeter: Setting JMeter property: rampup=900
2021-07-16 14:44:18,348 INFO o.a.j.JMeter: Copyright (c) 1998-2019 The Apache Software Foundation
2021-07-16 14:44:18,353 INFO o.a.j.JMeter: Version 5.1 r1853635
2021-07-16 14:44:18,353 INFO o.a.j.JMeter: java.version=1.8.0_121
2021-07-16 14:44:18,353 INFO o.a.j.JMeter: java.vm.name=Java HotSpot(TM) 64-Bit Server VM
2021-07-16 14:44:18,353 INFO o.a.j.JMeter: os.name=Windows 10
2021-07-16 14:44:18,353 INFO o.a.j.JMeter: os.arch=amd64
2021-07-16 14:44:18,353 INFO o.a.j.JMeter: os.version=10.0
2021-07-16 14:44:18,353 INFO o.a.j.JMeter: file.encoding=Cp1252
2021-07-16 14:44:18,353 INFO o.a.j.JMeter: java.awt.headless=true
2021-07-16 14:44:18,353 INFO o.a.j.JMeter: Max memory     =8589934592
2021-07-16 14:44:18,353 INFO o.a.j.JMeter: Available Processors =6
2021-07-16 14:44:18,356 INFO o.a.j.JMeter: Default Locale=English (EN)
2021-07-16 14:44:18,356 INFO o.a.j.JMeter: JMeter  Locale=English (EN)
2021-07-16 14:44:18,356 INFO o.a.j.JMeter: JMeterHome=D:\apache-jmeter-5.1\apache-jmeter-5.1
2021-07-16 14:44:18,356 INFO o.a.j.JMeter: user.dir  =D:\apache-jmeter-5.1\apache-jmeter-5.1\bin
2021-07-16 14:44:18,357 INFO o.a.j.JMeter: PWD       =D:\apache-jmeter-5.1\apache-jmeter-5.1\bin
2021-07-16 14:44:18,358 INFO o.a.j.JMeter: IP: 172.30.225.123 Name: ZIPLSY2278 FullName: ZIPLSY2278.zycus.net
2021-07-16 14:44:18,360 INFO o.a.j.JMeter: Setting property 'jmeter.reportgenerator.outputdir' to:'C:\xampp\htdocs\PerformancePostgres\L0_iSource_50_RaceConditionAuction_2021-07-16_39'
2021-07-16 14:44:18,361 INFO o.a.j.s.FileServer: Default base='D:\apache-jmeter-5.1\apache-jmeter-5.1\bin'
2021-07-16 14:44:18,364 INFO o.a.j.s.FileServer: Set new base='D:\PostrgresMigration\iSource'
2021-07-16 14:44:18,463 INFO o.a.j.s.SaveService: Testplan (JMX) version: 2.2. Testlog (JTL) version: 2.2
2021-07-16 14:44:18,472 INFO o.a.j.s.SaveService: Using SaveService properties file encoding UTF-8
2021-07-16 14:44:18,476 INFO o.a.j.s.SaveService: Using SaveService properties version 5.0
2021-07-16 14:44:18,481 INFO o.a.j.s.SaveService: Loading file: D:\PostrgresMigration\iSource\iSource_RaceConditionAuction.jmx
2021-07-16 14:44:18,523 INFO o.a.j.p.h.c.CookieManager: Settings: Delete null: true Check: true Allow variable: true Save: false Prefix: COOKIE_
2021-07-16 14:44:18,528 INFO o.a.j.p.h.c.CacheManager: Will only cache the following methods: [GET]
2021-07-16 14:44:18,536 INFO o.a.j.p.h.s.HTTPSamplerBase: Parser for text/html is org.apache.jmeter.protocol.http.parser.LagartoBasedHtmlParser
2021-07-16 14:44:18,536 INFO o.a.j.p.h.s.HTTPSamplerBase: Parser for application/xhtml+xml is org.apache.jmeter.protocol.http.parser.LagartoBasedHtmlParser
2021-07-16 14:44:18,536 INFO o.a.j.p.h.s.HTTPSamplerBase: Parser for application/xml is org.apache.jmeter.protocol.http.parser.LagartoBasedHtmlParser
2021-07-16 14:44:18,536 INFO o.a.j.p.h.s.HTTPSamplerBase: Parser for text/xml is org.apache.jmeter.protocol.http.parser.LagartoBasedHtmlParser
2021-07-16 14:44:18,536 INFO o.a.j.p.h.s.HTTPSamplerBase: Parser for text/vnd.wap.wml is org.apache.jmeter.protocol.http.parser.RegexpHTMLParser
2021-07-16 14:44:18,536 INFO o.a.j.p.h.s.HTTPSamplerBase: Parser for text/css is org.apache.jmeter.protocol.http.parser.CssParser
2021-07-16 14:44:18,726 INFO o.a.j.JMeter: Creating summariser <summary>
2021-07-16 14:44:18,731 INFO o.a.j.r.d.ReportGenerator: ReportGenerator will use for Parsing the separator: ','
2021-07-16 14:44:18,731 INFO o.a.j.r.d.ReportGenerator: Will generate report at end of test from  results file: D:\PostrgresMigration\iSource\JTL\L0_iSource_50_RaceConditionAuction_2021-07-16_39.jtl
2021-07-16 14:44:18,731 INFO o.a.j.r.d.ReportGenerator: Reading report generator properties from: D:\apache-jmeter-5.1\apache-jmeter-5.1\bin\reportgenerator.properties
2021-07-16 14:44:18,732 INFO o.a.j.r.d.ReportGenerator: Merging with JMeter properties
2021-07-16 14:44:18,736 INFO o.a.j.r.c.ReportGeneratorConfiguration: Property 'jmeter.reportgenerator.temp_dir' not found, using default value 'temp' instead.
2021-07-16 14:44:18,738 INFO o.a.j.r.c.ReportGeneratorConfiguration: Property 'jmeter.reportgenerator.apdex_per_transaction' not found, using default value 'null' instead.
2021-07-16 14:44:18,738 INFO o.a.j.r.c.ReportGeneratorConfiguration: apdex_per_transaction : {} is empty, not APDEX per transaction customization
2021-07-16 14:44:18,738 INFO o.a.j.r.c.ReportGeneratorConfiguration: Property 'jmeter.reportgenerator.sample_filter' not found, using default value 'null' instead.
2021-07-16 14:44:18,738 INFO o.a.j.r.c.ReportGeneratorConfiguration: Property 'jmeter.reportgenerator.report_title' not found, using default value 'null' instead.
2021-07-16 14:44:18,738 INFO o.a.j.r.c.ReportGeneratorConfiguration: Property 'jmeter.reportgenerator.start_date' not found, using default value 'null' instead.
2021-07-16 14:44:18,738 INFO o.a.j.r.c.ReportGeneratorConfiguration: Property 'jmeter.reportgenerator.end_date' not found, using default value 'null' instead.
2021-07-16 14:44:18,739 INFO o.a.j.r.c.ReportGeneratorConfiguration: Property 'jmeter.reportgenerator.date_format' not found, using default value 'null' instead.
2021-07-16 14:44:18,739 INFO o.a.j.r.c.ReportGeneratorConfiguration: Will use date range start date: null, end date: null
2021-07-16 14:44:18,742 INFO o.a.j.r.c.ReportGeneratorConfiguration: Property 'jmeter.reportgenerator.graph.totalTPS.exclude_controllers' not found, using default value 'false' instead.
2021-07-16 14:44:18,742 INFO o.a.j.r.c.ReportGeneratorConfiguration: Property 'jmeter.reportgenerator.graph.activeThreadsOverTime.exclude_controllers' not found, using default value 'false' instead.
2021-07-16 14:44:18,742 INFO o.a.j.r.c.ReportGeneratorConfiguration: Property 'jmeter.reportgenerator.graph.timeVsThreads.exclude_controllers' not found, using default value 'false' instead.
2021-07-16 14:44:18,742 INFO o.a.j.r.c.ReportGeneratorConfiguration: Property 'jmeter.reportgenerator.graph.responseTimeDistribution.exclude_controllers' not found, using default value 'false' instead.
2021-07-16 14:44:18,742 INFO o.a.j.r.c.ReportGeneratorConfiguration: Property 'jmeter.reportgenerator.graph.transactionsPerSecond.exclude_controllers' not found, using default value 'false' instead.
2021-07-16 14:44:18,742 INFO o.a.j.r.c.ReportGeneratorConfiguration: Property 'jmeter.reportgenerator.graph.responseTimePercentiles.exclude_controllers' not found, using default value 'false' instead.
2021-07-16 14:44:18,742 INFO o.a.j.r.c.ReportGeneratorConfiguration: Property 'jmeter.reportgenerator.graph.responseTimePercentilesOverTime.exclude_controllers' not found, using default value 'false' instead.
2021-07-16 14:44:18,743 INFO o.a.j.r.c.ReportGeneratorConfiguration: Property 'jmeter.reportgenerator.graph.responseTimesOverTime.exclude_controllers' not found, using default value 'false' instead.
2021-07-16 14:44:18,743 INFO o.a.j.r.c.ReportGeneratorConfiguration: Property 'jmeter.reportgenerator.graph.connectTimeOverTime.exclude_controllers' not found, using default value 'false' instead.
2021-07-16 14:44:18,743 INFO o.a.j.r.c.ReportGeneratorConfiguration: Property 'jmeter.reportgenerator.graph.latenciesOverTime.exclude_controllers' not found, using default value 'false' instead.
2021-07-16 14:44:18,743 INFO o.a.j.r.c.ReportGeneratorConfiguration: Property 'jmeter.reportgenerator.exporter.json.filters_only_sample_series' not found, using default value 'true' instead.
2021-07-16 14:44:18,743 INFO o.a.j.r.c.ReportGeneratorConfiguration: Property 'jmeter.reportgenerator.exporter.json.series_filter' not found, using default value '' instead.
2021-07-16 14:44:18,744 INFO o.a.j.r.c.ReportGeneratorConfiguration: Property 'jmeter.reportgenerator.exporter.json.show_controllers_only' not found, using default value 'false' instead.
2021-07-16 14:44:18,745 INFO o.a.j.r.c.ReportGeneratorConfiguration: Property 'jmeter.reportgenerator.exporter.html.filters_only_sample_series' not found, using default value 'true' instead.
2021-07-16 14:44:18,745 INFO o.a.j.r.c.ReportGeneratorConfiguration: Property 'jmeter.reportgenerator.exporter.html.series_filter' not found, using default value '' instead.
2021-07-16 14:44:18,745 INFO o.a.j.r.c.ReportGeneratorConfiguration: Property 'jmeter.reportgenerator.exporter.html.show_controllers_only' not found, using default value 'false' instead.
2021-07-16 14:44:18,749 INFO o.a.j.e.StandardJMeterEngine: Running the test!
2021-07-16 14:44:18,749 INFO o.a.j.s.SampleEvent: List of sample_variables: []
2021-07-16 14:44:18,749 INFO o.a.j.s.SampleEvent: List of sample_variables: []
2021-07-16 14:44:18,754 INFO o.a.j.e.u.CompoundVariable: Note: Function class names must contain the string: '.functions.'
2021-07-16 14:44:18,754 INFO o.a.j.e.u.CompoundVariable: Note: Function class names must not contain the string: '.gui.'
2021-07-16 14:44:19,107 INFO o.a.j.JMeter: Running test (1626426859107)
2021-07-16 14:44:19,165 INFO o.a.j.e.StandardJMeterEngine: Starting ThreadGroup: 1 : iSource_RaceConditionAuction
2021-07-16 14:44:19,167 INFO o.a.j.e.StandardJMeterEngine: Starting 50 threads for group iSource_RaceConditionAuction.
2021-07-16 14:44:19,167 INFO o.a.j.e.StandardJMeterEngine: Thread will stop on error
2021-07-16 14:44:19,167 INFO o.a.j.t.ThreadGroup: Starting thread group... number=1 threads=50 ramp-up=900 perThread=18000.0 delayedStart=false
2021-07-16 14:44:19,201 INFO o.a.j.s.SampleResult: Note: Sample TimeStamps are START times
2021-07-16 14:44:19,201 INFO o.a.j.s.SampleResult: sampleresult.default.encoding is set to ISO-8859-1
2021-07-16 14:44:19,201 INFO o.a.j.s.SampleResult: sampleresult.useNanoTime=true
2021-07-16 14:44:19,201 INFO o.a.j.s.SampleResult: sampleresult.nanoThreadSleep=5000
2021-07-16 14:44:19,208 INFO o.a.j.t.JMeterThread: Thread started: iSource_RaceConditionAuction 1-1
2021-07-16 14:44:19,226 INFO o.a.j.p.h.s.HTTPHCAbstractImpl: Local host = ZIPLSY2278
2021-07-16 14:44:19,232 INFO o.a.j.p.h.s.HTTPHC4Impl: HTTP request retry count = 0
2021-07-16 14:44:19,329 INFO o.a.j.p.h.s.h.LazyLayeredConnectionSocketFactory: Setting up HTTPS TrustAll Socket Factory
2021-07-16 14:44:19,338 INFO o.a.j.u.JsseSSLManager: Using default SSL protocol: TLS
2021-07-16 14:44:19,338 INFO o.a.j.u.JsseSSLManager: SSL session context: per-thread
2021-07-16 14:44:19,831 INFO o.a.j.u.SSLManager: JmeterKeyStore Location:  type JKS
2021-07-16 14:44:19,834 INFO o.a.j.u.SSLManager: KeyStore created OK
2021-07-16 14:44:19,834 WARN o.a.j.u.SSLManager: Keystore file not found, loading empty keystore
2021-07-16 14:44:20,398 INFO o.a.j.t.ThreadGroup: Started thread group number 1
2021-07-16 14:44:20,398 INFO o.a.j.e.StandardJMeterEngine: All thread groups have been started
2021-07-16 14:44:37,252 INFO o.a.j.t.JMeterThread: Thread started: iSource_RaceConditionAuction 1-2
2021-07-16 14:44:55,292 INFO o.a.j.t.JMeterThread: Thread started: iSource_RaceConditionAuction 1-3
2021-07-16 14:45:00,060 INFO o.a.j.r.Summariser: summary +     65 in 00:00:41 =    1.6/s Avg:   643 Min:    17 Max: 18810 Err:     0 (0.00%) Active: 3 Started: 3 Finished: 0
2021-07-16 14:45:13,324 INFO o.a.j.t.JMeterThread: Thread started: iSource_RaceConditionAuction 1-4
2021-07-16 14:45:30,302 INFO o.a.j.r.Summariser: summary +     71 in 00:00:30 =    2.3/s Avg:  1306 Min:    13 Max: 18747 Err:     0 (0.00%) Active: 4 Started: 4 Finished: 0
2021-07-16 14:45:30,302 INFO o.a.j.r.Summariser: summary =    136 in 00:01:11 =    1.9/s Avg:   989 Min:    13 Max: 18810 Err:     0 (0.00%)
2021-07-16 14:45:31,354 INFO o.a.j.t.JMeterThread: Thread started: iSource_RaceConditionAuction 1-5
2021-07-16 14:45:49,379 INFO o.a.j.t.JMeterThread: Thread started: iSource_RaceConditionAuction 1-6
2021-07-16 14:46:00,476 INFO o.a.j.r.Summariser: summary +    101 in 00:00:30 =    3.3/s Avg:  1108 Min:    41 Max: 18885 Err:     0 (0.00%) Active: 6 Started: 6 Finished: 0
2021-07-16 14:46:00,477 INFO o.a.j.r.Summariser: summary =    237 in 00:01:41 =    2.3/s Avg:  1039 Min:    13 Max: 18885 Err:     0 (0.00%)
2021-07-16 14:46:07,403 INFO o.a.j.t.JMeterThread: Thread started: iSource_RaceConditionAuction 1-7
2021-07-16 14:46:25,424 INFO o.a.j.t.JMeterThread: Thread started: iSource_RaceConditionAuction 1-8
2021-07-16 14:46:30,073 INFO o.a.j.r.Summariser: summary +    141 in 00:00:30 =    4.8/s Avg:  1175 Min:    16 Max: 19487 Err:     0 (0.00%) Active: 8 Started: 8 Finished: 0
2021-07-16 14:46:30,073 INFO o.a.j.r.Summariser: summary =    378 in 00:02:11 =    2.9/s Avg:  1090 Min:    13 Max: 19487 Err:     0 (0.00%)
2021-07-16 14:46:43,448 INFO o.a.j.t.JMeterThread: Thread started: iSource_RaceConditionAuction 1-9
2021-07-16 14:47:00,045 INFO o.a.j.r.Summariser: summary +    174 in 00:00:30 =    5.8/s Avg:  1166 Min:    57 Max: 20697 Err:     0 (0.00%) Active: 9 Started: 9 Finished: 0
2021-07-16 14:47:00,046 INFO o.a.j.r.Summariser: summary =    552 in 00:02:41 =    3.4/s Avg:  1114 Min:    13 Max: 20697 Err:     0 (0.00%)
2021-07-16 14:47:01,472 INFO o.a.j.t.JMeterThread: Thread started: iSource_RaceConditionAuction 1-10
2021-07-16 14:47:19,494 INFO o.a.j.t.JMeterThread: Thread started: iSource_RaceConditionAuction 1-11
2021-07-16 14:47:30,059 INFO o.a.j.r.Summariser: summary +    219 in 00:00:30 =    7.3/s Avg:  1151 Min:    17 Max: 19681 Err:     0 (0.00%) Active: 11 Started: 11 Finished: 0
2021-07-16 14:47:30,059 INFO o.a.j.r.Summariser: summary =    771 in 00:03:11 =    4.0/s Avg:  1125 Min:    13 Max: 20697 Err:     0 (0.00%)
2021-07-16 14:47:32,270 INFO o.a.j.u.BeanShellTestElement: Loadtest101@zycus.com,PostFix2 RaceCondition_498,1310647958,1626428059036,1626428659036
2021-07-16 14:47:35,356 INFO o.a.j.t.JMeterThread: Thread is done: iSource_RaceConditionAuction 1-1
2021-07-16 14:47:35,356 INFO o.a.j.t.JMeterThread: Thread finished: iSource_RaceConditionAuction 1-1
2021-07-16 14:47:37,516 INFO o.a.j.t.JMeterThread: Thread started: iSource_RaceConditionAuction 1-12
2021-07-16 14:47:47,601 INFO o.a.j.u.BeanShellTestElement: Loadtest101@zycus.com,PostFix2 RaceCondition_3677,1310637562,1626428059036,1626428659036
2021-07-16 14:47:50,663 INFO o.a.j.t.JMeterThread: Thread is done: iSource_RaceConditionAuction 1-2
2021-07-16 14:47:50,663 INFO o.a.j.t.JMeterThread: Thread finished: iSource_RaceConditionAuction 1-2
2021-07-16 14:47:55,540 INFO o.a.j.t.JMeterThread: Thread started: iSource_RaceConditionAuction 1-13
2021-07-16 14:48:00,071 INFO o.a.j.r.Summariser: summary +    226 in 00:00:30 =    7.5/s Avg:  1041 Min:    16 Max: 19119 Err:     0 (0.00%) Active: 11 Started: 13 Finished: 2
2021-07-16 14:48:00,072 INFO o.a.j.r.Summariser: summary =    997 in 00:03:41 =    4.5/s Avg:  1106 Min:    13 Max: 20697 Err:     0 (0.00%)
2021-07-16 14:48:05,045 INFO o.a.j.u.BeanShellTestElement: Loadtest101@zycus.com,PostFix2 RaceCondition_3730,1310648754,1626428059036,1626428659036
2021-07-16 14:48:08,098 INFO o.a.j.t.JMeterThread: Thread is done: iSource_RaceConditionAuction 1-3
2021-07-16 14:48:08,098 INFO o.a.j.t.JMeterThread: Thread finished: iSource_RaceConditionAuction 1-3
2021-07-16 14:48:13,565 INFO o.a.j.t.JMeterThread: Thread started: iSource_RaceConditionAuction 1-14
2021-07-16 14:48:22,789 INFO o.a.j.u.BeanShellTestElement: Loadtest101@zycus.com,PostFix2 RaceCondition_1120,1310649153,1626428059036,1626428659036
2021-07-16 14:48:25,794 INFO o.a.j.t.JMeterThread: Thread is done: iSource_RaceConditionAuction 1-4
2021-07-16 14:48:25,794 INFO o.a.j.t.JMeterThread: Thread finished: iSource_RaceConditionAuction 1-4
2021-07-16 14:48:30,456 INFO o.a.j.r.Summariser: summary +    215 in 00:00:30 =    7.1/s Avg:  1138 Min:    18 Max: 20061 Err:     0 (0.00%) Active: 10 Started: 14 Finished: 4
2021-07-16 14:48:30,456 INFO o.a.j.r.Summariser: summary =   1212 in 00:04:11 =    4.8/s Avg:  1111 Min:    13 Max: 20697 Err:     0 (0.00%)
2021-07-16 14:48:31,594 INFO o.a.j.t.JMeterThread: Thread started: iSource_RaceConditionAuction 1-15
2021-07-16 14:48:41,341 INFO o.a.j.u.BeanShellTestElement: Loadtest101@zycus.com,PostFix2 RaceCondition_4482,1310649353,1626428059036,1626428659036
2021-07-16 14:48:44,386 INFO o.a.j.t.JMeterThread: Thread is done: iSource_RaceConditionAuction 1-5
2021-07-16 14:48:44,386 INFO o.a.j.t.JMeterThread: Thread finished: iSource_RaceConditionAuction 1-5
2021-07-16 14:48:49,617 INFO o.a.j.t.JMeterThread: Thread started: iSource_RaceConditionAuction 1-16
2021-07-16 14:48:58,253 INFO o.a.j.u.BeanShellTestElement: Loadtest101@zycus.com,PostFix2 RaceCondition_2686,1310649553,1626428059036,1626428659036
2021-07-16 14:49:00,249 INFO o.a.j.r.Summariser: summary +    241 in 00:00:30 =    8.1/s Avg:  1076 Min:    18 Max: 18793 Err:     0 (0.00%) Active: 11 Started: 16 Finished: 5
2021-07-16 14:49:00,250 INFO o.a.j.r.Summariser: summary =   1453 in 00:04:41 =    5.2/s Avg:  1106 Min:    13 Max: 20697 Err:     0 (0.00%)
2021-07-16 14:49:01,294 INFO o.a.j.t.JMeterThread: Thread is done: iSource_RaceConditionAuction 1-6
2021-07-16 14:49:01,294 INFO o.a.j.t.JMeterThread: Thread finished: iSource_RaceConditionAuction 1-6
2021-07-16 14:49:07,638 INFO o.a.j.t.JMeterThread: Thread started: iSource_RaceConditionAuction 1-17
2021-07-16 14:49:15,062 INFO o.a.j.u.BeanShellTestElement: Loadtest101@zycus.com,PostFix2 RaceCondition_4405,1310649753,1626428059036,1626428659036
2021-07-16 14:49:18,137 INFO o.a.j.t.JMeterThread: Thread is done: iSource_RaceConditionAuction 1-7
2021-07-16 14:49:18,137 INFO o.a.j.t.JMeterThread: Thread finished: iSource_RaceConditionAuction 1-7
2021-07-16 14:49:25,663 INFO o.a.j.t.JMeterThread: Thread started: iSource_RaceConditionAuction 1-18
2021-07-16 14:49:30,265 INFO o.a.j.r.Summariser: summary +    220 in 00:00:30 =    7.3/s Avg:  1099 Min:    23 Max: 19629 Err:     0 (0.00%) Active: 11 Started: 18 Finished: 7
2021-07-16 14:49:30,266 INFO o.a.j.r.Summariser: summary =   1673 in 00:05:11 =    5.4/s Avg:  1105 Min:    13 Max: 20697 Err:     0 (0.00%)
2021-07-16 14:49:32,828 INFO o.a.j.u.BeanShellTestElement: Loadtest101@zycus.com,PostFix2 RaceCondition_4410,1310647357,1626428059036,1626428659036
2021-07-16 14:49:35,841 INFO o.a.j.t.JMeterThread: Thread is done: iSource_RaceConditionAuction 1-8
2021-07-16 14:49:35,842 INFO o.a.j.t.JMeterThread: Thread finished: iSource_RaceConditionAuction 1-8
2021-07-16 14:49:43,687 INFO o.a.j.t.JMeterThread: Thread started: iSource_RaceConditionAuction 1-19
2021-07-16 14:49:47,238 INFO o.a.j.u.BeanShellTestElement: Loadtest101@zycus.com,PostFix2 RaceCondition_4417,1310647755,1626428059036,1626428659036
2021-07-16 14:49:50,339 INFO o.a.j.t.JMeterThread: Thread is done: iSource_RaceConditionAuction 1-9
2021-07-16 14:49:50,339 INFO o.a.j.t.JMeterThread: Thread finished: iSource_RaceConditionAuction 1-9
2021-07-16 14:50:00,523 INFO o.a.j.r.Summariser: summary +    206 in 00:00:30 =    6.8/s Avg:  1138 Min:    57 Max: 20158 Err:     0 (0.00%) Active: 10 Started: 19 Finished: 9
2021-07-16 14:50:00,523 INFO o.a.j.r.Summariser: summary =   1879 in 00:05:41 =    5.5/s Avg:  1108 Min:    13 Max: 20697 Err:     0 (0.00%)
2021-07-16 14:50:01,721 INFO o.a.j.t.JMeterThread: Thread started: iSource_RaceConditionAuction 1-20
2021-07-16 14:50:09,046 INFO o.a.j.u.BeanShellTestElement: Loadtest101@zycus.com,PostFix2 RaceCondition_4894,1310649953,1626428059036,1626428659036
2021-07-16 14:50:12,069 INFO o.a.j.t.JMeterThread: Thread is done: iSource_RaceConditionAuction 1-10
2021-07-16 14:50:12,069 INFO o.a.j.t.JMeterThread: Thread finished: iSource_RaceConditionAuction 1-10
2021-07-16 14:50:19,733 INFO o.a.j.t.JMeterThread: Thread started: iSource_RaceConditionAuction 1-21
2021-07-16 14:50:23,075 INFO o.a.j.u.BeanShellTestElement: Loadtest101@zycus.com,PostFix2 RaceCondition_3397,1310650153,1626428059036,1626428659036
2021-07-16 14:50:26,163 INFO o.a.j.t.JMeterThread: Thread is done: iSource_RaceConditionAuction 1-11
2021-07-16 14:50:26,163 INFO o.a.j.t.JMeterThread: Thread finished: iSource_RaceConditionAuction 1-11
2021-07-16 14:50:30,275 INFO o.a.j.r.Summariser: summary +    233 in 00:00:30 =    7.8/s Avg:  1021 Min:    15 Max: 18883 Err:     0 (0.00%) Active: 10 Started: 21 Finished: 11
2021-07-16 14:50:30,275 INFO o.a.j.r.Summariser: summary =   2112 in 00:06:11 =    5.7/s Avg:  1099 Min:    13 Max: 20697 Err:     0 (0.00%)
2021-07-16 14:50:37,761 INFO o.a.j.t.JMeterThread: Thread started: iSource_RaceConditionAuction 1-22
2021-07-16 14:50:39,837 INFO o.a.j.u.BeanShellTestElement: Loadtest101@zycus.com,PostFix2 RaceCondition_2331,1310650353,1626428059036,1626428659036
2021-07-16 14:50:42,928 INFO o.a.j.t.JMeterThread: Thread is done: iSource_RaceConditionAuction 1-12
2021-07-16 14:50:42,928 INFO o.a.j.t.JMeterThread: Thread finished: iSource_RaceConditionAuction 1-12
2021-07-16 14:50:55,791 INFO o.a.j.t.JMeterThread: Thread started: iSource_RaceConditionAuction 1-23
2021-07-16 14:51:00,256 INFO o.a.j.r.Summariser: summary +    215 in 00:00:30 =    7.2/s Avg:  1141 Min:    21 Max: 19205 Err:     0 (0.00%) Active: 11 Started: 23 Finished: 12
2021-07-16 14:51:00,256 INFO o.a.j.r.Summariser: summary =   2327 in 00:06:41 =    5.8/s Avg:  1103 Min:    13 Max: 20697 Err:     0 (0.00%)
2021-07-16 14:51:02,155 INFO o.a.j.u.BeanShellTestElement: Loadtest101@zycus.com,PostFix2 RaceCondition_959,1310647358,1626428059036,1626428659036
2021-07-16 14:51:05,223 INFO o.a.j.t.JMeterThread: Thread is done: iSource_RaceConditionAuction 1-13
2021-07-16 14:51:05,224 INFO o.a.j.t.JMeterThread: Thread finished: iSource_RaceConditionAuction 1-13
2021-07-16 14:51:13,819 INFO o.a.j.t.JMeterThread: Thread started: iSource_RaceConditionAuction 1-24
2021-07-16 14:51:18,193 INFO o.a.j.u.BeanShellTestElement: Loadtest101@zycus.com,PostFix2 RaceCondition_4537,1310649154,1626428059036,1626428659036
2021-07-16 14:51:21,236 INFO o.a.j.t.JMeterThread: Thread is done: iSource_RaceConditionAuction 1-14
2021-07-16 14:51:21,236 INFO o.a.j.t.JMeterThread: Thread finished: iSource_RaceConditionAuction 1-14
2021-07-16 14:51:30,107 INFO o.a.j.r.Summariser: summary +    207 in 00:00:30 =    6.9/s Avg:  1172 Min:    21 Max: 18973 Err:     0 (0.00%) Active: 10 Started: 24 Finished: 14
2021-07-16 14:51:30,108 INFO o.a.j.r.Summariser: summary =   2534 in 00:07:11 =    5.9/s Avg:  1108 Min:    13 Max: 20697 Err:     0 (0.00%)
2021-07-16 14:51:31,850 INFO o.a.j.t.JMeterThread: Thread started: iSource_RaceConditionAuction 1-25
2021-07-16 14:51:38,889 INFO o.a.j.u.BeanShellTestElement: Loadtest101@zycus.com,PostFix2 RaceCondition_3209,1310647756,1626428059036,1626428659036
2021-07-16 14:51:41,959 INFO o.a.j.t.JMeterThread: Thread is done: iSource_RaceConditionAuction 1-15
2021-07-16 14:51:41,959 INFO o.a.j.t.JMeterThread: Thread finished: iSource_RaceConditionAuction 1-15
2021-07-16 14:51:49,868 INFO o.a.j.t.JMeterThread: Thread started: iSource_RaceConditionAuction 1-26
2021-07-16 14:51:53,775 INFO o.a.j.u.BeanShellTestElement: Loadtest101@zycus.com,PostFix2 RaceCondition_4265,1310650553,1626428059036,1626428659036
2021-07-16 14:51:56,828 INFO o.a.j.t.JMeterThread: Thread is done: iSource_RaceConditionAuction 1-16
2021-07-16 14:51:56,829 INFO o.a.j.t.JMeterThread: Thread finished: iSource_RaceConditionAuction 1-16
2021-07-16 14:52:00,069 INFO o.a.j.r.Summariser: summary +    228 in 00:00:30 =    7.6/s Avg:  1024 Min:    16 Max: 18890 Err:     0 (0.00%) Active: 10 Started: 26 Finished: 16
2021-07-16 14:52:00,070 INFO o.a.j.r.Summariser: summary =   2762 in 00:07:41 =    6.0/s Avg:  1101 Min:    13 Max: 20697 Err:     0 (0.00%)
2021-07-16 14:52:07,893 INFO o.a.j.t.JMeterThread: Thread started: iSource_RaceConditionAuction 1-27
2021-07-16 14:52:15,568 INFO o.a.j.u.BeanShellTestElement: Loadtest101@zycus.com,PostFix2 RaceCondition_3827,1310650154,1626428059036,1626428659036
2021-07-16 14:52:18,665 INFO o.a.j.t.JMeterThread: Thread is done: iSource_RaceConditionAuction 1-17
2021-07-16 14:52:18,665 INFO o.a.j.t.JMeterThread: Thread finished: iSource_RaceConditionAuction 1-17
2021-07-16 14:52:25,917 INFO o.a.j.t.JMeterThread: Thread started: iSource_RaceConditionAuction 1-28
2021-07-16 14:52:30,098 INFO o.a.j.r.Summariser: summary +    221 in 00:00:30 =    7.4/s Avg:  1161 Min:    15 Max: 18558 Err:     0 (0.00%) Active: 11 Started: 28 Finished: 17
2021-07-16 14:52:30,098 INFO o.a.j.r.Summariser: summary =   2983 in 00:08:11 =    6.1/s Avg:  1106 Min:    13 Max: 20697 Err:     0 (0.00%)
2021-07-16 14:52:32,547 INFO o.a.j.u.BeanShellTestElement: Loadtest101@zycus.com,PostFix2 RaceCondition_3935,1310650753,1626428059036,1626428659036
2021-07-16 14:52:35,582 INFO o.a.j.t.JMeterThread: Thread is done: iSource_RaceConditionAuction 1-18
2021-07-16 14:52:35,582 INFO o.a.j.t.JMeterThread: Thread finished: iSource_RaceConditionAuction 1-18
2021-07-16 14:52:43,941 INFO o.a.j.t.JMeterThread: Thread started: iSource_RaceConditionAuction 1-29
2021-07-16 14:52:47,148 INFO o.a.j.u.BeanShellTestElement: Loadtest101@zycus.com,PostFix2 RaceCondition_4403,1310650953,1626428059036,1626428659036
2021-07-16 14:52:50,245 INFO o.a.j.t.JMeterThread: Thread is done: iSource_RaceConditionAuction 1-19
2021-07-16 14:52:50,245 INFO o.a.j.t.JMeterThread: Thread finished: iSource_RaceConditionAuction 1-19
2021-07-16 14:53:00,241 INFO o.a.j.r.Summariser: summary +    213 in 00:00:30 =    7.1/s Avg:  1133 Min:    21 Max: 19131 Err:     0 (0.00%) Active: 10 Started: 29 Finished: 19
2021-07-16 14:53:00,242 INFO o.a.j.r.Summariser: summary =   3196 in 00:08:41 =    6.1/s Avg:  1108 Min:    13 Max: 20697 Err:     0 (0.00%)
2021-07-16 14:53:01,962 INFO o.a.j.t.JMeterThread: Thread started: iSource_RaceConditionAuction 1-30
2021-07-16 14:53:05,988 INFO o.a.j.u.BeanShellTestElement: Loadtest101@zycus.com,PostFix2 RaceCondition_2478,1310651153,1626428059036,1626428659036
2021-07-16 14:53:09,093 INFO o.a.j.t.JMeterThread: Thread is done: iSource_RaceConditionAuction 1-20
2021-07-16 14:53:09,093 INFO o.a.j.t.JMeterThread: Thread finished: iSource_RaceConditionAuction 1-20
2021-07-16 14:53:20,007 INFO o.a.j.t.JMeterThread: Thread started: iSource_RaceConditionAuction 1-31
2021-07-16 14:53:29,963 INFO o.a.j.u.BeanShellTestElement: Loadtest101@zycus.com,PostFix2 RaceCondition_213,1310651353,1626428059036,1626428659036
2021-07-16 14:53:30,094 INFO o.a.j.r.Summariser: summary +    231 in 00:00:30 =    7.7/s Avg:  1117 Min:    16 Max: 19064 Err:     0 (0.00%) Active: 11 Started: 31 Finished: 20
2021-07-16 14:53:30,094 INFO o.a.j.r.Summariser: summary =   3427 in 00:09:11 =    6.2/s Avg:  1108 Min:    13 Max: 20697 Err:     0 (0.00%)
2021-07-16 14:53:33,006 INFO o.a.j.t.JMeterThread: Thread is done: iSource_RaceConditionAuction 1-21
2021-07-16 14:53:33,006 INFO o.a.j.t.JMeterThread: Thread finished: iSource_RaceConditionAuction 1-21
2021-07-16 14:53:38,026 INFO o.a.j.t.JMeterThread: Thread started: iSource_RaceConditionAuction 1-32
2021-07-16 14:53:44,061 INFO o.a.j.u.BeanShellTestElement: Loadtest101@zycus.com,PostFix2 RaceCondition_4827,1310651553,1626428059036,1626428659036
2021-07-16 14:53:47,115 INFO o.a.j.t.JMeterThread: Thread is done: iSource_RaceConditionAuction 1-22
2021-07-16 14:53:47,115 INFO o.a.j.t.JMeterThread: Thread finished: iSource_RaceConditionAuction 1-22
2021-07-16 14:53:56,045 INFO o.a.j.t.JMeterThread: Thread started: iSource_RaceConditionAuction 1-33
2021-07-16 14:54:00,002 INFO o.a.j.r.Summariser: summary +    211 in 00:00:30 =    7.1/s Avg:  1090 Min:    12 Max: 20331 Err:     0 (0.00%) Active: 11 Started: 33 Finished: 22
2021-07-16 14:54:00,002 INFO o.a.j.r.Summariser: summary =   3638 in 00:09:41 =    6.3/s Avg:  1107 Min:    12 Max: 20697 Err:     0 (0.00%)
2021-07-16 14:54:02,804 INFO o.a.j.u.BeanShellTestElement: Loadtest101@zycus.com,PostFix2 RaceCondition_1154,1310651154,1626428059036,1626428659036
2021-07-16 14:54:05,808 INFO o.a.j.t.JMeterThread: Thread is done: iSource_RaceConditionAuction 1-23
2021-07-16 14:54:05,808 INFO o.a.j.t.JMeterThread: Thread finished: iSource_RaceConditionAuction 1-23
2021-07-16 14:54:14,066 INFO o.a.j.t.JMeterThread: Thread started: iSource_RaceConditionAuction 1-34
2021-07-16 14:54:25,425 INFO o.a.j.u.BeanShellTestElement: Loadtest101@zycus.com,PostFix2 RaceCondition_4949,1310649554,1626428059036,1626428659036
2021-07-16 14:54:28,491 INFO o.a.j.t.JMeterThread: Thread is done: iSource_RaceConditionAuction 1-24
2021-07-16 14:54:28,491 INFO o.a.j.t.JMeterThread: Thread finished: iSource_RaceConditionAuction 1-24
2021-07-16 14:54:30,338 INFO o.a.j.r.Summariser: summary +    214 in 00:00:30 =    7.1/s Avg:  1175 Min:    43 Max: 20792 Err:     0 (0.00%) Active: 10 Started: 34 Finished: 24
2021-07-16 14:54:30,338 INFO o.a.j.r.Summariser: summary =   3852 in 00:10:11 =    6.3/s Avg:  1111 Min:    12 Max: 20792 Err:     0 (0.00%)
2021-07-16 14:54:32,085 INFO o.a.j.t.JMeterThread: Thread started: iSource_RaceConditionAuction 1-35
2021-07-16 14:54:39,889 INFO o.a.j.u.BeanShellTestElement: Loadtest101@zycus.com,PostFix2 RaceCondition_1785,1310651155,1626428059036,1626428659036
2021-07-16 14:54:42,980 INFO o.a.j.t.JMeterThread: Thread is done: iSource_RaceConditionAuction 1-25
2021-07-16 14:54:42,980 INFO o.a.j.t.JMeterThread: Thread finished: iSource_RaceConditionAuction 1-25
2021-07-16 14:54:50,106 INFO o.a.j.t.JMeterThread: Thread started: iSource_RaceConditionAuction 1-36
2021-07-16 14:54:56,642 INFO o.a.j.u.BeanShellTestElement: Loadtest101@zycus.com,PostFix2 RaceCondition_2804,1310650155,1626428059036,1626428659036
2021-07-16 14:54:59,710 INFO o.a.j.t.JMeterThread: Thread is done: iSource_RaceConditionAuction 1-26
2021-07-16 14:54:59,710 INFO o.a.j.t.JMeterThread: Thread finished: iSource_RaceConditionAuction 1-26
2021-07-16 14:55:00,280 INFO o.a.j.r.Summariser: summary +    213 in 00:00:30 =    7.1/s Avg:  1144 Min:   144 Max: 18948 Err:     0 (0.00%) Active: 10 Started: 36 Finished: 26
2021-07-16 14:55:00,280 INFO o.a.j.r.Summariser: summary =   4065 in 00:10:41 =    6.3/s Avg:  1113 Min:    12 Max: 20792 Err:     0 (0.00%)
2021-07-16 14:55:08,129 INFO o.a.j.t.JMeterThread: Thread started: iSource_RaceConditionAuction 1-37
2021-07-16 14:55:18,761 INFO o.a.j.u.BeanShellTestElement: Loadtest101@zycus.com,PostFix2 RaceCondition_71,1310650156,1626428059036,1626428659036
2021-07-16 14:55:21,866 INFO o.a.j.t.JMeterThread: Thread is done: iSource_RaceConditionAuction 1-27
2021-07-16 14:55:21,866 INFO o.a.j.t.JMeterThread: Thread finished: iSource_RaceConditionAuction 1-27
2021-07-16 14:55:26,149 INFO o.a.j.t.JMeterThread: Thread started: iSource_RaceConditionAuction 1-38
2021-07-16 14:55:30,139 INFO o.a.j.r.Summariser: summary +    199 in 00:00:30 =    6.7/s Avg:  1266 Min:   139 Max: 20910 Err:     0 (0.00%) Active: 11 Started: 38 Finished: 27
2021-07-16 14:55:30,140 INFO o.a.j.r.Summariser: summary =   4264 in 00:11:11 =    6.4/s Avg:  1120 Min:    12 Max: 20910 Err:     0 (0.00%)
2021-07-16 14:55:39,604 INFO o.a.j.u.BeanShellTestElement: Loadtest101@zycus.com,PostFix2 RaceCondition_1819,1310647959,1626428059036,1626428659036
2021-07-16 14:55:42,700 INFO o.a.j.t.JMeterThread: Thread is done: iSource_RaceConditionAuction 1-28
2021-07-16 14:55:42,700 INFO o.a.j.t.JMeterThread: Thread finished: iSource_RaceConditionAuction 1-28
2021-07-16 14:55:44,170 INFO o.a.j.t.JMeterThread: Thread started: iSource_RaceConditionAuction 1-39
2021-07-16 14:55:54,477 INFO o.a.j.u.BeanShellTestElement: Loadtest101@zycus.com,PostFix2 RaceCondition_3517,1310651753,1626428059036,1626428659036
2021-07-16 14:55:57,530 INFO o.a.j.t.JMeterThread: Thread is done: iSource_RaceConditionAuction 1-29
2021-07-16 14:55:57,530 INFO o.a.j.t.JMeterThread: Thread finished: iSource_RaceConditionAuction 1-29
2021-07-16 14:56:00,079 INFO o.a.j.r.Summariser: summary +    219 in 00:00:30 =    7.3/s Avg:  1205 Min:   148 Max: 18801 Err:     0 (0.00%) Active: 10 Started: 39 Finished: 29
2021-07-16 14:56:00,079 INFO o.a.j.r.Summariser: summary =   4483 in 00:11:41 =    6.4/s Avg:  1124 Min:    12 Max: 20910 Err:     0 (0.00%)
2021-07-16 14:56:02,190 INFO o.a.j.t.JMeterThread: Thread started: iSource_RaceConditionAuction 1-40
2021-07-16 14:56:14,170 INFO o.a.j.u.BeanShellTestElement: Loadtest101@zycus.com,PostFix2 RaceCondition_787,1310649754,1626428059036,1626428659036
2021-07-16 14:56:17,259 INFO o.a.j.t.JMeterThread: Thread is done: iSource_RaceConditionAuction 1-30
2021-07-16 14:56:17,259 INFO o.a.j.t.JMeterThread: Thread finished: iSource_RaceConditionAuction 1-30
2021-07-16 14:56:20,211 INFO o.a.j.t.JMeterThread: Thread started: iSource_RaceConditionAuction 1-41
2021-07-16 14:56:30,040 INFO o.a.j.r.Summariser: summary +    226 in 00:00:30 =    7.5/s Avg:  1133 Min:    13 Max: 19256 Err:     0 (0.00%) Active: 11 Started: 41 Finished: 30
2021-07-16 14:56:30,040 INFO o.a.j.r.Summariser: summary =   4709 in 00:12:11 =    6.4/s Avg:  1124 Min:    12 Max: 20910 Err:     0 (0.00%)
2021-07-16 14:56:37,865 INFO o.a.j.u.BeanShellTestElement: Loadtest101@zycus.com,PostFix2 RaceCondition_4539,1310651953,1626428059036,1626428659036
2021-07-16 14:56:38,231 INFO o.a.j.t.JMeterThread: Thread started: iSource_RaceConditionAuction 1-42
2021-07-16 14:56:40,939 INFO o.a.j.t.JMeterThread: Thread is done: iSource_RaceConditionAuction 1-31
2021-07-16 14:56:40,939 INFO o.a.j.t.JMeterThread: Thread finished: iSource_RaceConditionAuction 1-31
2021-07-16 14:56:52,447 INFO o.a.j.u.BeanShellTestElement: Loadtest101@zycus.com,PostFix2 RaceCondition_466,1310646755,1626428059036,1626428659036
2021-07-16 14:56:55,534 INFO o.a.j.t.JMeterThread: Thread is done: iSource_RaceConditionAuction 1-32
2021-07-16 14:56:55,534 INFO o.a.j.t.JMeterThread: Thread finished: iSource_RaceConditionAuction 1-32
2021-07-16 14:56:56,252 INFO o.a.j.t.JMeterThread: Thread started: iSource_RaceConditionAuction 1-43
2021-07-16 14:57:00,330 INFO o.a.j.r.Summariser: summary +    235 in 00:00:30 =    7.8/s Avg:  1041 Min:    14 Max: 18538 Err:     0 (0.00%) Active: 11 Started: 43 Finished: 32
2021-07-16 14:57:00,330 INFO o.a.j.r.Summariser: summary =   4944 in 00:12:41 =    6.5/s Avg:  1120 Min:    12 Max: 20910 Err:     0 (0.00%)
2021-07-16 14:57:11,831 INFO o.a.j.u.BeanShellTestElement: Loadtest101@zycus.com,PostFix2 RaceCondition_97,1310649354,1626428059036,1626428659036
2021-07-16 14:57:14,273 INFO o.a.j.t.JMeterThread: Thread started: iSource_RaceConditionAuction 1-44
2021-07-16 14:57:14,916 INFO o.a.j.t.JMeterThread: Thread is done: iSource_RaceConditionAuction 1-33
2021-07-16 14:57:14,916 INFO o.a.j.t.JMeterThread: Thread finished: iSource_RaceConditionAuction 1-33
2021-07-16 14:57:26,239 INFO o.a.j.u.BeanShellTestElement: Loadtest101@zycus.com,PostFix2 RaceCondition_4808,1310651954,1626428059036,1626428659036
2021-07-16 14:57:29,338 INFO o.a.j.t.JMeterThread: Thread is done: iSource_RaceConditionAuction 1-34
2021-07-16 14:57:29,338 INFO o.a.j.t.JMeterThread: Thread finished: iSource_RaceConditionAuction 1-34
2021-07-16 14:57:30,274 INFO o.a.j.r.Summariser: summary +    226 in 00:00:30 =    7.5/s Avg:  1124 Min:    15 Max: 19506 Err:     0 (0.00%) Active: 10 Started: 44 Finished: 34
2021-07-16 14:57:30,274 INFO o.a.j.r.Summariser: summary =   5170 in 00:13:11 =    6.5/s Avg:  1121 Min:    12 Max: 20910 Err:     0 (0.00%)
2021-07-16 14:57:32,293 INFO o.a.j.t.JMeterThread: Thread started: iSource_RaceConditionAuction 1-45
2021-07-16 14:57:47,420 INFO o.a.j.t.JMeterThread: Stop Thread detected by thread: iSource_RaceConditionAuction 1-42
2021-07-16 14:57:47,420 INFO o.a.j.t.JMeterThread: Thread finished: iSource_RaceConditionAuction 1-42
2021-07-16 14:57:50,326 INFO o.a.j.t.JMeterThread: Thread started: iSource_RaceConditionAuction 1-46
2021-07-16 14:57:50,381 INFO o.a.j.t.JMeterThread: Stop Thread detected by thread: iSource_RaceConditionAuction 1-37
2021-07-16 14:57:50,381 INFO o.a.j.t.JMeterThread: Thread finished: iSource_RaceConditionAuction 1-37
2021-07-16 14:57:50,508 INFO o.a.j.t.JMeterThread: Stop Thread detected by thread: iSource_RaceConditionAuction 1-43
2021-07-16 14:57:50,508 INFO o.a.j.t.JMeterThread: Thread finished: iSource_RaceConditionAuction 1-43
2021-07-16 14:57:50,939 INFO o.a.j.t.JMeterThread: Stop Thread detected by thread: iSource_RaceConditionAuction 1-45
2021-07-16 14:57:50,939 INFO o.a.j.t.JMeterThread: Thread finished: iSource_RaceConditionAuction 1-45
2021-07-16 14:57:50,946 INFO o.a.j.t.JMeterThread: Stop Thread detected by thread: iSource_RaceConditionAuction 1-39
2021-07-16 14:57:50,946 INFO o.a.j.t.JMeterThread: Thread finished: iSource_RaceConditionAuction 1-39
2021-07-16 14:57:52,129 INFO o.a.j.t.JMeterThread: Stop Thread detected by thread: iSource_RaceConditionAuction 1-40
2021-07-16 14:57:52,129 INFO o.a.j.t.JMeterThread: Thread finished: iSource_RaceConditionAuction 1-40
2021-07-16 14:57:52,370 INFO o.a.j.t.JMeterThread: Stop Thread detected by thread: iSource_RaceConditionAuction 1-35
2021-07-16 14:57:52,371 INFO o.a.j.t.JMeterThread: Thread finished: iSource_RaceConditionAuction 1-35
2021-07-16 14:57:53,814 INFO o.a.j.t.JMeterThread: Stop Thread detected by thread: iSource_RaceConditionAuction 1-38
2021-07-16 14:57:53,815 INFO o.a.j.t.JMeterThread: Thread finished: iSource_RaceConditionAuction 1-38
2021-07-16 14:57:57,901 INFO o.a.j.t.JMeterThread: Stop Thread detected by thread: iSource_RaceConditionAuction 1-46
2021-07-16 14:57:57,901 INFO o.a.j.t.JMeterThread: Thread finished: iSource_RaceConditionAuction 1-46
2021-07-16 14:58:02,021 INFO o.a.j.r.Summariser: summary +     58 in 00:00:32 =    1.8/s Avg:  3631 Min:    12 Max: 21914 Err:     9 (15.52%) Active: 3 Started: 46 Finished: 43
2021-07-16 14:58:02,022 INFO o.a.j.r.Summariser: summary =   5228 in 00:13:43 =    6.4/s Avg:  1148 Min:    12 Max: 21914 Err:     9 (0.17%)
2021-07-16 14:58:02,318 INFO o.a.j.t.JMeterThread: Stop Thread detected by thread: iSource_RaceConditionAuction 1-44
2021-07-16 14:58:02,318 INFO o.a.j.t.JMeterThread: Thread finished: iSource_RaceConditionAuction 1-44
2021-07-16 14:58:05,089 INFO o.a.j.t.JMeterThread: Stop Thread detected by thread: iSource_RaceConditionAuction 1-41
2021-07-16 14:58:05,089 INFO o.a.j.t.JMeterThread: Thread finished: iSource_RaceConditionAuction 1-41
2021-07-16 14:58:06,981 INFO o.a.j.t.JMeterThread: Stop Thread detected by thread: iSource_RaceConditionAuction 1-36
2021-07-16 14:58:06,981 INFO o.a.j.t.JMeterThread: Thread finished: iSource_RaceConditionAuction 1-36
2021-07-16 14:58:08,340 INFO o.a.j.t.JMeterThread: Thread started: iSource_RaceConditionAuction 1-47
2021-07-16 14:58:16,083 INFO o.a.j.t.JMeterThread: Stop Thread detected by thread: iSource_RaceConditionAuction 1-47
2021-07-16 14:58:16,083 INFO o.a.j.t.JMeterThread: Thread finished: iSource_RaceConditionAuction 1-47
2021-07-16 14:58:26,361 INFO o.a.j.t.JMeterThread: Thread started: iSource_RaceConditionAuction 1-48
2021-07-16 14:58:30,070 INFO o.a.j.r.Summariser: summary +     36 in 00:00:28 =    1.3/s Avg:  2227 Min:    13 Max: 36418 Err:     4 (11.11%) Active: 1 Started: 48 Finished: 47
2021-07-16 14:58:30,070 INFO o.a.j.r.Summariser: summary =   5264 in 00:14:11 =    6.2/s Avg:  1156 Min:    12 Max: 36418 Err:    13 (0.25%)
2021-07-16 14:58:44,384 INFO o.a.j.t.JMeterThread: Thread started: iSource_RaceConditionAuction 1-49
2021-07-16 14:59:02,403 INFO o.a.j.t.JMeterThread: Thread started: iSource_RaceConditionAuction 1-50
2021-07-16 14:59:02,689 INFO o.a.j.r.Summariser: summary +     37 in 00:00:33 =    1.1/s Avg:   840 Min:    12 Max: 17895 Err:     0 (0.00%) Active: 3 Started: 50 Finished: 47
2021-07-16 14:59:02,690 INFO o.a.j.r.Summariser: summary =   5301 in 00:14:44 =    6.0/s Avg:  1154 Min:    12 Max: 36418 Err:    13 (0.25%)
2021-07-16 14:59:31,140 INFO o.a.j.r.Summariser: summary +     54 in 00:00:28 =    1.9/s Avg:  1469 Min:    17 Max: 19106 Err:     0 (0.00%) Active: 3 Started: 50 Finished: 47
2021-07-16 14:59:31,140 INFO o.a.j.r.Summariser: summary =   5355 in 00:15:12 =    5.9/s Avg:  1157 Min:    12 Max: 36418 Err:    13 (0.24%)
2021-07-16 15:00:00,483 INFO o.a.j.r.Summariser: summary +     56 in 00:00:29 =    1.9/s Avg:  1028 Min:   302 Max:  7675 Err:     0 (0.00%) Active: 3 Started: 50 Finished: 47
2021-07-16 15:00:00,483 INFO o.a.j.r.Summariser: summary =   5411 in 00:15:41 =    5.7/s Avg:  1155 Min:    12 Max: 36418 Err:    13 (0.24%)
2021-07-16 15:00:30,100 INFO o.a.j.r.Summariser: summary +     57 in 00:00:30 =    1.9/s Avg:  1138 Min:   315 Max:  2941 Err:     0 (0.00%) Active: 3 Started: 50 Finished: 47
2021-07-16 15:00:30,100 INFO o.a.j.r.Summariser: summary =   5468 in 00:16:11 =    5.6/s Avg:  1155 Min:    12 Max: 36418 Err:    13 (0.24%)
2021-07-16 15:01:00,368 INFO o.a.j.r.Summariser: summary +     76 in 00:00:30 =    2.5/s Avg:   976 Min:   308 Max:  4058 Err:     0 (0.00%) Active: 3 Started: 50 Finished: 47
2021-07-16 15:01:00,368 INFO o.a.j.r.Summariser: summary =   5544 in 00:16:41 =    5.5/s Avg:  1153 Min:    12 Max: 36418 Err:    13 (0.23%)
2021-07-16 15:01:30,013 INFO o.a.j.u.BeanShellTestElement: Loadtest101@zycus.com,PostFix2 RaceCondition_4759,1310646757,1626428059036,1626428659036
2021-07-16 15:01:30,013 INFO o.a.j.r.Summariser: summary +     64 in 00:00:30 =    2.2/s Avg:  1109 Min:   302 Max:  4663 Err:     0 (0.00%) Active: 3 Started: 50 Finished: 47
2021-07-16 15:01:30,013 INFO o.a.j.r.Summariser: summary =   5608 in 00:17:11 =    5.4/s Avg:  1152 Min:    12 Max: 36418 Err:    13 (0.23%)
2021-07-16 15:01:33,111 INFO o.a.j.t.JMeterThread: Thread is done: iSource_RaceConditionAuction 1-48
2021-07-16 15:01:33,111 INFO o.a.j.t.JMeterThread: Thread finished: iSource_RaceConditionAuction 1-48
2021-07-16 15:01:46,094 INFO o.a.j.u.BeanShellTestElement: Loadtest101@zycus.com,PostFix2 RaceCondition_4223,1310650157,1626428059036,1626428659036
2021-07-16 15:01:49,134 INFO o.a.j.t.JMeterThread: Thread is done: iSource_RaceConditionAuction 1-49
2021-07-16 15:01:49,134 INFO o.a.j.t.JMeterThread: Thread finished: iSource_RaceConditionAuction 1-49
2021-07-16 15:02:01,008 INFO o.a.j.r.Summariser: summary +     35 in 00:00:31 =    1.1/s Avg:  1282 Min:   267 Max:  5046 Err:     0 (0.00%) Active: 1 Started: 50 Finished: 49
2021-07-16 15:02:01,008 INFO o.a.j.r.Summariser: summary =   5643 in 00:17:42 =    5.3/s Avg:  1153 Min:    12 Max: 36418 Err:    13 (0.23%)
2021-07-16 15:02:06,435 INFO o.a.j.u.BeanShellTestElement: Loadtest101@zycus.com,PostFix2 RaceCondition_1311,1310650954,1626428059036,1626428659036
2021-07-16 15:02:09,536 INFO o.a.j.t.JMeterThread: Thread is done: iSource_RaceConditionAuction 1-50
2021-07-16 15:02:09,536 INFO o.a.j.t.JMeterThread: Thread finished: iSource_RaceConditionAuction 1-50
2021-07-16 15:02:09,536 INFO o.a.j.e.StandardJMeterEngine: Notifying test listeners of end of test
2021-07-16 15:02:09,537 INFO o.a.j.r.Summariser: summary +      4 in 00:00:09 =    0.5/s Avg:   583 Min:   303 Max:  1100 Err:     0 (0.00%) Active: 0 Started: 50 Finished: 50
2021-07-16 15:02:09,538 INFO o.a.j.r.Summariser: summary =   5647 in 00:17:50 =    5.3/s Avg:  1153 Min:    12 Max: 36418 Err:    13 (0.23%)
2021-07-16 15:02:09,538 INFO o.a.j.JMeter: Generating Dashboard
2021-07-16 15:02:09,538 INFO o.a.j.r.d.ReportGenerator: Flushing result collector before report Generation
2021-07-16 15:02:09,551 INFO o.a.j.r.p.NormalizerSampleConsumer: Using format, 'ms', to parse timeStamp field
2021-07-16 15:02:09,796 INFO o.a.j.r.p.AbstractSampleConsumer: class org.apache.jmeter.report.processor.AggregateConsumer#stopProducing(): beginDate produced 0 samples
2021-07-16 15:02:09,796 INFO o.a.j.r.p.AbstractSampleConsumer: class org.apache.jmeter.report.processor.AggregateConsumer#stopProducing(): endDate produced 0 samples
2021-07-16 15:02:09,798 INFO o.a.j.r.p.AbstractSampleConsumer: class org.apache.jmeter.report.processor.ApdexSummaryConsumer#stopProducing(): apdexSummary produced 0 samples
2021-07-16 15:02:09,798 INFO o.a.j.r.p.AbstractSampleConsumer: class org.apache.jmeter.report.processor.RequestsSummaryConsumer#stopProducing(): requestsSummary produced 0 samples
2021-07-16 15:02:09,807 INFO o.a.j.r.p.AbstractSampleConsumer: class org.apache.jmeter.report.processor.StatisticsSummaryConsumer#stopProducing(): statisticsSummary produced 0 samples
2021-07-16 15:02:09,811 INFO o.a.j.r.p.AbstractSampleConsumer: class org.apache.jmeter.report.processor.Top5ErrorsBySamplerConsumer#stopProducing(): top5ErrorsBySampler produced 0 samples
2021-07-16 15:02:09,811 INFO o.a.j.r.p.AbstractSampleConsumer: class org.apache.jmeter.report.processor.ErrorsSummaryConsumer#stopProducing(): errorsSummary produced 0 samples
2021-07-16 15:02:09,811 INFO o.a.j.r.p.AbstractSampleConsumer: class org.apache.jmeter.report.processor.graph.impl.HitsPerSecondGraphConsumer#stopProducing(): hitsPerSecond produced 0 samples
2021-07-16 15:02:09,858 INFO o.a.j.r.p.AbstractSampleConsumer: class org.apache.jmeter.report.processor.graph.impl.LatencyVSRequestGraphConsumer#stopProducing(): latencyVsRequest produced 0 samples
2021-07-16 15:02:09,859 INFO o.a.j.r.p.AbstractSampleConsumer: class org.apache.jmeter.report.processor.graph.impl.SyntheticResponseTimeDistributionGraphConsumer#stopProducing(): syntheticResponseTimeDistribution produced 0 samples
2021-07-16 15:02:09,859 INFO o.a.j.r.p.AbstractSampleConsumer: class org.apache.jmeter.report.processor.graph.impl.BytesThroughputGraphConsumer#stopProducing(): bytesThroughputOverTime produced 0 samples
2021-07-16 15:02:09,859 INFO o.a.j.r.p.AbstractSampleConsumer: class org.apache.jmeter.report.processor.graph.impl.CodesPerSecondGraphConsumer#stopProducing(): codesPerSecond produced 0 samples
2021-07-16 15:02:09,880 INFO o.a.j.r.p.AbstractSampleConsumer: class org.apache.jmeter.report.processor.graph.impl.ResponseTimeVSRequestGraphConsumer#stopProducing(): responseTimeVsRequest produced 0 samples
2021-07-16 15:02:09,880 INFO o.a.j.r.p.AbstractSampleConsumer: class org.apache.jmeter.report.processor.FilterConsumer#stopProducing(): startIntervalControlerFilter produced 39529 samples
2021-07-16 15:02:09,880 INFO o.a.j.r.p.AbstractSampleConsumer: class org.apache.jmeter.report.processor.graph.impl.TotalTPSGraphConsumer#stopProducing(): totalTPS produced 0 samples
2021-07-16 15:02:09,880 INFO o.a.j.r.p.AbstractSampleConsumer: class org.apache.jmeter.report.processor.graph.impl.ActiveThreadsGraphConsumer#stopProducing(): activeThreadsOverTime produced 0 samples
2021-07-16 15:02:09,881 INFO o.a.j.r.p.AbstractSampleConsumer: class org.apache.jmeter.report.processor.graph.impl.TimeVSThreadGraphConsumer#stopProducing(): timeVsThreads produced 0 samples
2021-07-16 15:02:09,887 INFO o.a.j.r.p.AbstractSampleConsumer: class org.apache.jmeter.report.processor.graph.impl.ResponseTimeDistributionGraphConsumer#stopProducing(): responseTimeDistribution produced 0 samples
2021-07-16 15:02:09,889 INFO o.a.j.r.p.AbstractSampleConsumer: class org.apache.jmeter.report.processor.graph.impl.TransactionsPerSecondGraphConsumer#stopProducing(): transactionsPerSecond produced 0 samples
2021-07-16 15:02:09,891 INFO o.a.j.r.p.AbstractSampleConsumer: class org.apache.jmeter.report.processor.graph.impl.ResponseTimePercentilesGraphConsumer#stopProducing(): responseTimePercentiles produced 0 samples
2021-07-16 15:02:09,905 INFO o.a.j.r.p.AbstractSampleConsumer: class org.apache.jmeter.report.processor.graph.impl.ResponseTimePercentilesOverTimeGraphConsumer#stopProducing(): responseTimePercentilesOverTime produced 0 samples
2021-07-16 15:02:09,907 INFO o.a.j.r.p.AbstractSampleConsumer: class org.apache.jmeter.report.processor.graph.impl.ResponseTimeOverTimeGraphConsumer#stopProducing(): responseTimesOverTime produced 0 samples
2021-07-16 15:02:09,908 INFO o.a.j.r.p.AbstractSampleConsumer: class org.apache.jmeter.report.processor.graph.impl.ConnectTimeOverTimeGraphConsumer#stopProducing(): connectTimeOverTime produced 0 samples
2021-07-16 15:02:09,909 INFO o.a.j.r.p.AbstractSampleConsumer: class org.apache.jmeter.report.processor.graph.impl.LatencyOverTimeGraphConsumer#stopProducing(): latenciesOverTime produced 0 samples
2021-07-16 15:02:09,911 INFO o.a.j.r.p.AbstractSampleConsumer: class org.apache.jmeter.report.processor.FilterConsumer#stopProducing(): nameFilter produced 96270 samples
2021-07-16 15:02:09,911 INFO o.a.j.r.p.AbstractSampleConsumer: class org.apache.jmeter.report.processor.FilterConsumer#stopProducing(): dateRangeFilter produced 19254 samples
2021-07-16 15:02:09,911 INFO o.a.j.r.p.AbstractSampleConsumer: class org.apache.jmeter.report.processor.NormalizerSampleConsumer#stopProducing(): normalizer produced 6418 samples
2021-07-16 15:02:09,911 INFO o.a.j.r.p.CsvFileSampleSource: produce(): 6418 samples produced in 344ms on channel 0
2021-07-16 15:02:09,911 INFO o.a.j.r.d.ReportGenerator: Exporting data using exporter:'json' of className:'org.apache.jmeter.report.dashboard.JsonExporter'
2021-07-16 15:02:09,913 INFO o.a.j.r.d.JsonExporter: Found data for consumer statisticsSummary in context
2021-07-16 15:02:09,913 INFO o.a.j.r.d.JsonExporter: Creating statistics for overall
2021-07-16 15:02:09,914 INFO o.a.j.r.d.JsonExporter: Creating statistics for other transactions
2021-07-16 15:02:09,914 INFO o.a.j.r.d.JsonExporter: Checking output folder
2021-07-16 15:02:09,920 INFO o.a.j.r.d.JsonExporter: Writing statistics JSON to C:\xampp\htdocs\PerformancePostgres\L0_iSource_50_RaceConditionAuction_2021-07-16_39\statistics.json
2021-07-16 15:02:10,056 INFO o.a.j.r.d.ReportGenerator: Exporting data using exporter:'html' of className:'org.apache.jmeter.report.dashboard.HtmlTemplateExporter'
2021-07-16 15:02:10,059 INFO o.a.j.r.d.HtmlTemplateExporter: Will generate dashboard in folder: C:\xampp\htdocs\PerformancePostgres\L0_iSource_50_RaceConditionAuction_2021-07-16_39
2021-07-16 15:02:10,325 INFO o.a.j.r.d.HtmlTemplateExporter: Report will be generated in: C:\xampp\htdocs\PerformancePostgres\L0_iSource_50_RaceConditionAuction_2021-07-16_39, creating folder structure
2021-07-16 15:02:10,326 INFO o.a.j.r.d.TemplateVisitor: Copying folder from 'D:\apache-jmeter-5.1\apache-jmeter-5.1\bin\report-template' to 'C:\xampp\htdocs\PerformancePostgres\L0_iSource_50_RaceConditionAuction_2021-07-16_39', got message:[C:\xampp\htdocs\PerformancePostgres\L0_iSource_50_RaceConditionAuction_2021-07-16_39\statistics.json], found non empty folder with following content {}, will be ignored
2021-07-16 15:02:11,026 INFO o.a.j.JMeter: Dashboard generated
