2021-07-15 16:47:38,994 INFO o.a.j.u.JMeterUtils: Setting Locale to en_EN
2021-07-15 16:47:39,005 INFO o.a.j.JMeter: Loading user properties from: user.properties
2021-07-15 16:47:39,005 INFO o.a.j.JMeter: Loading system properties from: system.properties
2021-07-15 16:47:39,005 INFO o.a.j.JMeter: Setting JMeter property: meter.reportgenerator.report_title=RaceConditionAuction
2021-07-15 16:47:39,006 INFO o.a.j.JMeter: Setting JMeter property: thread=50
2021-07-15 16:47:39,006 INFO o.a.j.JMeter: Setting JMeter property: rampup=900
2021-07-15 16:47:39,009 INFO o.a.j.JMeter: Copyright (c) 1998-2019 The Apache Software Foundation
2021-07-15 16:47:39,010 INFO o.a.j.JMeter: Version 5.1 r1853635
2021-07-15 16:47:39,010 INFO o.a.j.JMeter: java.version=1.8.0_121
2021-07-15 16:47:39,010 INFO o.a.j.JMeter: java.vm.name=Java HotSpot(TM) 64-Bit Server VM
2021-07-15 16:47:39,010 INFO o.a.j.JMeter: os.name=Windows 10
2021-07-15 16:47:39,010 INFO o.a.j.JMeter: os.arch=amd64
2021-07-15 16:47:39,010 INFO o.a.j.JMeter: os.version=10.0
2021-07-15 16:47:39,010 INFO o.a.j.JMeter: file.encoding=Cp1252
2021-07-15 16:47:39,010 INFO o.a.j.JMeter: java.awt.headless=true
2021-07-15 16:47:39,010 INFO o.a.j.JMeter: Max memory     =8589934592
2021-07-15 16:47:39,010 INFO o.a.j.JMeter: Available Processors =6
2021-07-15 16:47:39,012 INFO o.a.j.JMeter: Default Locale=English (EN)
2021-07-15 16:47:39,013 INFO o.a.j.JMeter: JMeter  Locale=English (EN)
2021-07-15 16:47:39,013 INFO o.a.j.JMeter: JMeterHome=D:\apache-jmeter-5.1\apache-jmeter-5.1
2021-07-15 16:47:39,013 INFO o.a.j.JMeter: user.dir  =D:\apache-jmeter-5.1\apache-jmeter-5.1\bin
2021-07-15 16:47:39,013 INFO o.a.j.JMeter: PWD       =D:\apache-jmeter-5.1\apache-jmeter-5.1\bin
2021-07-15 16:47:39,014 INFO o.a.j.JMeter: IP: 172.30.225.123 Name: ZIPLSY2278 FullName: ZIPLSY2278.zycus.net
2021-07-15 16:47:39,016 INFO o.a.j.JMeter: Setting property 'jmeter.reportgenerator.outputdir' to:'C:\xampp\htdocs\PerformancePostgres\L0_iSource_50_RaceConditionAuction_2021-07-15_33'
2021-07-15 16:47:39,018 INFO o.a.j.s.FileServer: Default base='D:\apache-jmeter-5.1\apache-jmeter-5.1\bin'
2021-07-15 16:47:39,021 INFO o.a.j.s.FileServer: Set new base='D:\PostrgresMigration\iSource'
2021-07-15 16:47:39,114 INFO o.a.j.s.SaveService: Testplan (JMX) version: 2.2. Testlog (JTL) version: 2.2
2021-07-15 16:47:39,123 INFO o.a.j.s.SaveService: Using SaveService properties file encoding UTF-8
2021-07-15 16:47:39,127 INFO o.a.j.s.SaveService: Using SaveService properties version 5.0
2021-07-15 16:47:39,131 INFO o.a.j.s.SaveService: Loading file: D:\PostrgresMigration\iSource\iSource_RaceConditionAuction.jmx
2021-07-15 16:47:39,173 INFO o.a.j.p.h.c.CookieManager: Settings: Delete null: true Check: true Allow variable: true Save: false Prefix: COOKIE_
2021-07-15 16:47:39,178 INFO o.a.j.p.h.c.CacheManager: Will only cache the following methods: [GET]
2021-07-15 16:47:39,186 INFO o.a.j.p.h.s.HTTPSamplerBase: Parser for text/html is org.apache.jmeter.protocol.http.parser.LagartoBasedHtmlParser
2021-07-15 16:47:39,186 INFO o.a.j.p.h.s.HTTPSamplerBase: Parser for application/xhtml+xml is org.apache.jmeter.protocol.http.parser.LagartoBasedHtmlParser
2021-07-15 16:47:39,186 INFO o.a.j.p.h.s.HTTPSamplerBase: Parser for application/xml is org.apache.jmeter.protocol.http.parser.LagartoBasedHtmlParser
2021-07-15 16:47:39,186 INFO o.a.j.p.h.s.HTTPSamplerBase: Parser for text/xml is org.apache.jmeter.protocol.http.parser.LagartoBasedHtmlParser
2021-07-15 16:47:39,186 INFO o.a.j.p.h.s.HTTPSamplerBase: Parser for text/vnd.wap.wml is org.apache.jmeter.protocol.http.parser.RegexpHTMLParser
2021-07-15 16:47:39,186 INFO o.a.j.p.h.s.HTTPSamplerBase: Parser for text/css is org.apache.jmeter.protocol.http.parser.CssParser
2021-07-15 16:47:39,398 INFO o.a.j.JMeter: Creating summariser <summary>
2021-07-15 16:47:39,404 INFO o.a.j.r.d.ReportGenerator: ReportGenerator will use for Parsing the separator: ','
2021-07-15 16:47:39,405 INFO o.a.j.r.d.ReportGenerator: Will generate report at end of test from  results file: D:\PostrgresMigration\iSource\JTL\L0_iSource_50_RaceConditionAuction_2021-07-15_33.jtl
2021-07-15 16:47:39,405 INFO o.a.j.r.d.ReportGenerator: Reading report generator properties from: D:\apache-jmeter-5.1\apache-jmeter-5.1\bin\reportgenerator.properties
2021-07-15 16:47:39,406 INFO o.a.j.r.d.ReportGenerator: Merging with JMeter properties
2021-07-15 16:47:39,411 INFO o.a.j.r.c.ReportGeneratorConfiguration: Property 'jmeter.reportgenerator.temp_dir' not found, using default value 'temp' instead.
2021-07-15 16:47:39,413 INFO o.a.j.r.c.ReportGeneratorConfiguration: Property 'jmeter.reportgenerator.apdex_per_transaction' not found, using default value 'null' instead.
2021-07-15 16:47:39,413 INFO o.a.j.r.c.ReportGeneratorConfiguration: apdex_per_transaction : {} is empty, not APDEX per transaction customization
2021-07-15 16:47:39,413 INFO o.a.j.r.c.ReportGeneratorConfiguration: Property 'jmeter.reportgenerator.sample_filter' not found, using default value 'null' instead.
2021-07-15 16:47:39,413 INFO o.a.j.r.c.ReportGeneratorConfiguration: Property 'jmeter.reportgenerator.report_title' not found, using default value 'null' instead.
2021-07-15 16:47:39,413 INFO o.a.j.r.c.ReportGeneratorConfiguration: Property 'jmeter.reportgenerator.start_date' not found, using default value 'null' instead.
2021-07-15 16:47:39,414 INFO o.a.j.r.c.ReportGeneratorConfiguration: Property 'jmeter.reportgenerator.end_date' not found, using default value 'null' instead.
2021-07-15 16:47:39,414 INFO o.a.j.r.c.ReportGeneratorConfiguration: Property 'jmeter.reportgenerator.date_format' not found, using default value 'null' instead.
2021-07-15 16:47:39,414 INFO o.a.j.r.c.ReportGeneratorConfiguration: Will use date range start date: null, end date: null
2021-07-15 16:47:39,419 INFO o.a.j.r.c.ReportGeneratorConfiguration: Property 'jmeter.reportgenerator.graph.totalTPS.exclude_controllers' not found, using default value 'false' instead.
2021-07-15 16:47:39,419 INFO o.a.j.r.c.ReportGeneratorConfiguration: Property 'jmeter.reportgenerator.graph.activeThreadsOverTime.exclude_controllers' not found, using default value 'false' instead.
2021-07-15 16:47:39,419 INFO o.a.j.r.c.ReportGeneratorConfiguration: Property 'jmeter.reportgenerator.graph.timeVsThreads.exclude_controllers' not found, using default value 'false' instead.
2021-07-15 16:47:39,419 INFO o.a.j.r.c.ReportGeneratorConfiguration: Property 'jmeter.reportgenerator.graph.responseTimeDistribution.exclude_controllers' not found, using default value 'false' instead.
2021-07-15 16:47:39,419 INFO o.a.j.r.c.ReportGeneratorConfiguration: Property 'jmeter.reportgenerator.graph.transactionsPerSecond.exclude_controllers' not found, using default value 'false' instead.
2021-07-15 16:47:39,419 INFO o.a.j.r.c.ReportGeneratorConfiguration: Property 'jmeter.reportgenerator.graph.responseTimePercentiles.exclude_controllers' not found, using default value 'false' instead.
2021-07-15 16:47:39,419 INFO o.a.j.r.c.ReportGeneratorConfiguration: Property 'jmeter.reportgenerator.graph.responseTimePercentilesOverTime.exclude_controllers' not found, using default value 'false' instead.
2021-07-15 16:47:39,420 INFO o.a.j.r.c.ReportGeneratorConfiguration: Property 'jmeter.reportgenerator.graph.responseTimesOverTime.exclude_controllers' not found, using default value 'false' instead.
2021-07-15 16:47:39,420 INFO o.a.j.r.c.ReportGeneratorConfiguration: Property 'jmeter.reportgenerator.graph.connectTimeOverTime.exclude_controllers' not found, using default value 'false' instead.
2021-07-15 16:47:39,420 INFO o.a.j.r.c.ReportGeneratorConfiguration: Property 'jmeter.reportgenerator.graph.latenciesOverTime.exclude_controllers' not found, using default value 'false' instead.
2021-07-15 16:47:39,421 INFO o.a.j.r.c.ReportGeneratorConfiguration: Property 'jmeter.reportgenerator.exporter.json.filters_only_sample_series' not found, using default value 'true' instead.
2021-07-15 16:47:39,421 INFO o.a.j.r.c.ReportGeneratorConfiguration: Property 'jmeter.reportgenerator.exporter.json.series_filter' not found, using default value '' instead.
2021-07-15 16:47:39,421 INFO o.a.j.r.c.ReportGeneratorConfiguration: Property 'jmeter.reportgenerator.exporter.json.show_controllers_only' not found, using default value 'false' instead.
2021-07-15 16:47:39,421 INFO o.a.j.r.c.ReportGeneratorConfiguration: Property 'jmeter.reportgenerator.exporter.html.filters_only_sample_series' not found, using default value 'true' instead.
2021-07-15 16:47:39,421 INFO o.a.j.r.c.ReportGeneratorConfiguration: Property 'jmeter.reportgenerator.exporter.html.series_filter' not found, using default value '' instead.
2021-07-15 16:47:39,421 INFO o.a.j.r.c.ReportGeneratorConfiguration: Property 'jmeter.reportgenerator.exporter.html.show_controllers_only' not found, using default value 'false' instead.
2021-07-15 16:47:39,425 INFO o.a.j.e.StandardJMeterEngine: Running the test!
2021-07-15 16:47:39,426 INFO o.a.j.s.SampleEvent: List of sample_variables: []
2021-07-15 16:47:39,426 INFO o.a.j.s.SampleEvent: List of sample_variables: []
2021-07-15 16:47:39,433 INFO o.a.j.e.u.CompoundVariable: Note: Function class names must contain the string: '.functions.'
2021-07-15 16:47:39,433 INFO o.a.j.e.u.CompoundVariable: Note: Function class names must not contain the string: '.gui.'
2021-07-15 16:47:39,859 INFO o.a.j.JMeter: Running test (1626347859859)
2021-07-15 16:47:39,936 INFO o.a.j.e.StandardJMeterEngine: Starting ThreadGroup: 1 : iSource_RaceConditionAuction
2021-07-15 16:47:39,936 INFO o.a.j.e.StandardJMeterEngine: Starting 50 threads for group iSource_RaceConditionAuction.
2021-07-15 16:47:39,936 INFO o.a.j.e.StandardJMeterEngine: Thread will stop on error
2021-07-15 16:47:39,936 INFO o.a.j.t.ThreadGroup: Starting thread group... number=1 threads=50 ramp-up=900 perThread=18000.0 delayedStart=false
2021-07-15 16:47:39,964 INFO o.a.j.s.SampleResult: Note: Sample TimeStamps are START times
2021-07-15 16:47:39,964 INFO o.a.j.s.SampleResult: sampleresult.default.encoding is set to ISO-8859-1
2021-07-15 16:47:39,964 INFO o.a.j.s.SampleResult: sampleresult.useNanoTime=true
2021-07-15 16:47:39,964 INFO o.a.j.s.SampleResult: sampleresult.nanoThreadSleep=5000
2021-07-15 16:47:39,971 INFO o.a.j.t.JMeterThread: Thread started: iSource_RaceConditionAuction 1-1
2021-07-15 16:47:39,996 INFO o.a.j.p.h.s.HTTPHCAbstractImpl: Local host = ZIPLSY2278
2021-07-15 16:47:40,007 INFO o.a.j.p.h.s.HTTPHC4Impl: HTTP request retry count = 0
2021-07-15 16:47:40,122 INFO o.a.j.p.h.s.h.LazyLayeredConnectionSocketFactory: Setting up HTTPS TrustAll Socket Factory
2021-07-15 16:47:40,131 INFO o.a.j.u.JsseSSLManager: Using default SSL protocol: TLS
2021-07-15 16:47:40,132 INFO o.a.j.u.JsseSSLManager: SSL session context: per-thread
2021-07-15 16:47:40,809 INFO o.a.j.u.SSLManager: JmeterKeyStore Location:  type JKS
2021-07-15 16:47:40,812 INFO o.a.j.u.SSLManager: KeyStore created OK
2021-07-15 16:47:40,812 WARN o.a.j.u.SSLManager: Keystore file not found, loading empty keystore
2021-07-15 16:47:41,437 INFO o.a.j.t.ThreadGroup: Started thread group number 1
2021-07-15 16:47:41,437 INFO o.a.j.e.StandardJMeterEngine: All thread groups have been started
2021-07-15 16:47:58,017 INFO o.a.j.t.JMeterThread: Thread started: iSource_RaceConditionAuction 1-2
2021-07-15 16:48:00,049 INFO o.a.j.r.Summariser: summary +     28 in 00:00:20 =    1.4/s Avg:   399 Min:    19 Max:  1601 Err:     0 (0.00%) Active: 2 Started: 2 Finished: 0
2021-07-15 16:48:16,066 INFO o.a.j.t.JMeterThread: Thread started: iSource_RaceConditionAuction 1-3
2021-07-15 16:48:32,710 INFO o.a.j.r.Summariser: summary +     54 in 00:00:33 =    1.7/s Avg:  1277 Min:    16 Max: 19166 Err:     0 (0.00%) Active: 3 Started: 3 Finished: 0
2021-07-15 16:48:32,710 INFO o.a.j.r.Summariser: summary =     82 in 00:00:53 =    1.6/s Avg:   978 Min:    16 Max: 19166 Err:     0 (0.00%)
2021-07-15 16:48:34,121 INFO o.a.j.t.JMeterThread: Thread started: iSource_RaceConditionAuction 1-4
2021-07-15 16:48:52,158 INFO o.a.j.t.JMeterThread: Thread started: iSource_RaceConditionAuction 1-5
2021-07-15 16:49:00,744 INFO o.a.j.r.Summariser: summary +     82 in 00:00:28 =    2.9/s Avg:  1082 Min:    29 Max: 18634 Err:     0 (0.00%) Active: 5 Started: 5 Finished: 0
2021-07-15 16:49:00,745 INFO o.a.j.r.Summariser: summary =    164 in 00:01:21 =    2.0/s Avg:  1030 Min:    16 Max: 19166 Err:     0 (0.00%)
2021-07-15 16:49:10,200 INFO o.a.j.t.JMeterThread: Thread started: iSource_RaceConditionAuction 1-6
2021-07-15 16:49:28,223 INFO o.a.j.t.JMeterThread: Thread started: iSource_RaceConditionAuction 1-7
2021-07-15 16:49:30,232 INFO o.a.j.r.Summariser: summary +    103 in 00:00:29 =    3.5/s Avg:  1283 Min:    26 Max: 18579 Err:     0 (0.00%) Active: 7 Started: 7 Finished: 0
2021-07-15 16:49:30,233 INFO o.a.j.r.Summariser: summary =    267 in 00:01:50 =    2.4/s Avg:  1127 Min:    16 Max: 19166 Err:     0 (0.00%)
2021-07-15 16:49:46,242 INFO o.a.j.t.JMeterThread: Thread started: iSource_RaceConditionAuction 1-8
2021-07-15 16:50:00,273 INFO o.a.j.r.Summariser: summary +    116 in 00:00:30 =    3.9/s Avg:  1484 Min:   146 Max: 19377 Err:     0 (0.00%) Active: 8 Started: 8 Finished: 0
2021-07-15 16:50:00,273 INFO o.a.j.r.Summariser: summary =    383 in 00:02:20 =    2.7/s Avg:  1235 Min:    16 Max: 19377 Err:     0 (0.00%)
2021-07-15 16:50:04,263 INFO o.a.j.t.JMeterThread: Thread started: iSource_RaceConditionAuction 1-9
2021-07-15 16:50:22,286 INFO o.a.j.t.JMeterThread: Thread started: iSource_RaceConditionAuction 1-10
2021-07-15 16:50:30,050 INFO o.a.j.r.Summariser: summary +    155 in 00:00:30 =    5.2/s Avg:  1469 Min:    80 Max: 19883 Err:     0 (0.00%) Active: 10 Started: 10 Finished: 0
2021-07-15 16:50:30,050 INFO o.a.j.r.Summariser: summary =    538 in 00:02:50 =    3.2/s Avg:  1303 Min:    16 Max: 19883 Err:     0 (0.00%)
2021-07-15 16:50:40,310 INFO o.a.j.t.JMeterThread: Thread started: iSource_RaceConditionAuction 1-11
2021-07-15 16:50:58,334 INFO o.a.j.t.JMeterThread: Thread started: iSource_RaceConditionAuction 1-12
2021-07-15 16:51:00,316 INFO o.a.j.r.Summariser: summary +    184 in 00:00:30 =    6.1/s Avg:  1458 Min:   112 Max: 19758 Err:     0 (0.00%) Active: 12 Started: 12 Finished: 0
2021-07-15 16:51:00,316 INFO o.a.j.r.Summariser: summary =    722 in 00:03:20 =    3.6/s Avg:  1342 Min:    16 Max: 19883 Err:     0 (0.00%)
2021-07-15 16:51:16,358 INFO o.a.j.t.JMeterThread: Thread started: iSource_RaceConditionAuction 1-13
2021-07-15 16:51:24,735 INFO o.a.j.u.BeanShellTestElement: Loadtest102@zycus.com,PE Test_1626347910972,1310628153,1626349059744,1626349659742
2021-07-15 16:51:27,817 INFO o.a.j.t.JMeterThread: Thread is done: iSource_RaceConditionAuction 1-1
2021-07-15 16:51:27,817 INFO o.a.j.t.JMeterThread: Thread finished: iSource_RaceConditionAuction 1-1
2021-07-15 16:51:30,004 INFO o.a.j.r.Summariser: summary +    228 in 00:00:30 =    7.7/s Avg:  1265 Min:    49 Max: 20261 Err:     0 (0.00%) Active: 12 Started: 13 Finished: 1
2021-07-15 16:51:30,004 INFO o.a.j.r.Summariser: summary =    950 in 00:03:50 =    4.1/s Avg:  1324 Min:    16 Max: 20261 Err:     0 (0.00%)
2021-07-15 16:51:34,381 INFO o.a.j.t.JMeterThread: Thread started: iSource_RaceConditionAuction 1-14
2021-07-15 16:51:43,332 INFO o.a.j.u.BeanShellTestElement: Loadtest102@zycus.com,PE Test_1626347926834,1310625954,1626349059744,1626349659742
2021-07-15 16:51:46,429 INFO o.a.j.t.JMeterThread: Thread is done: iSource_RaceConditionAuction 1-2
2021-07-15 16:51:46,429 INFO o.a.j.t.JMeterThread: Thread finished: iSource_RaceConditionAuction 1-2
2021-07-15 16:51:52,413 INFO o.a.j.t.JMeterThread: Thread started: iSource_RaceConditionAuction 1-15
2021-07-15 16:52:00,406 INFO o.a.j.r.Summariser: summary +    219 in 00:00:30 =    7.2/s Avg:  1508 Min:    42 Max: 19622 Err:     0 (0.00%) Active: 13 Started: 15 Finished: 2
2021-07-15 16:52:00,406 INFO o.a.j.r.Summariser: summary =   1169 in 00:04:21 =    4.5/s Avg:  1358 Min:    16 Max: 20261 Err:     0 (0.00%)
2021-07-15 16:52:01,999 INFO o.a.j.u.BeanShellTestElement: Loadtest102@zycus.com,PE Test_1626347946547,1310628353,1626349059744,1626349659742
2021-07-15 16:52:05,020 INFO o.a.j.t.JMeterThread: Thread is done: iSource_RaceConditionAuction 1-3
2021-07-15 16:52:05,020 INFO o.a.j.t.JMeterThread: Thread finished: iSource_RaceConditionAuction 1-3
2021-07-15 16:52:10,446 INFO o.a.j.t.JMeterThread: Thread started: iSource_RaceConditionAuction 1-16
2021-07-15 16:52:18,527 INFO o.a.j.u.BeanShellTestElement: Loadtest102@zycus.com,PE Test_1626347963871,1310628553,1626349059744,1626349659742
2021-07-15 16:52:21,589 INFO o.a.j.t.JMeterThread: Thread is done: iSource_RaceConditionAuction 1-4
2021-07-15 16:52:21,589 INFO o.a.j.t.JMeterThread: Thread finished: iSource_RaceConditionAuction 1-4
2021-07-15 16:52:28,498 INFO o.a.j.t.JMeterThread: Thread started: iSource_RaceConditionAuction 1-17
2021-07-15 16:52:30,102 INFO o.a.j.r.Summariser: summary +    219 in 00:00:30 =    7.4/s Avg:  1365 Min:    33 Max: 20061 Err:     0 (0.00%) Active: 13 Started: 17 Finished: 4
2021-07-15 16:52:30,103 INFO o.a.j.r.Summariser: summary =   1388 in 00:04:50 =    4.8/s Avg:  1359 Min:    16 Max: 20261 Err:     0 (0.00%)
2021-07-15 16:52:36,399 INFO o.a.j.u.BeanShellTestElement: Loadtest102@zycus.com,PE Test_1626347983482,1310628753,1626349059744,1626349659742
2021-07-15 16:52:39,468 INFO o.a.j.t.JMeterThread: Thread is done: iSource_RaceConditionAuction 1-5
2021-07-15 16:52:39,468 INFO o.a.j.t.JMeterThread: Thread finished: iSource_RaceConditionAuction 1-5
2021-07-15 16:52:46,581 INFO o.a.j.t.JMeterThread: Thread started: iSource_RaceConditionAuction 1-18
2021-07-15 16:52:51,926 INFO o.a.j.u.BeanShellTestElement: Loadtest102@zycus.com,PE Test_1626348005289,1310628953,1626349059744,1626349659742
2021-07-15 16:52:54,929 INFO o.a.j.t.JMeterThread: Thread is done: iSource_RaceConditionAuction 1-6
2021-07-15 16:52:54,929 INFO o.a.j.t.JMeterThread: Thread finished: iSource_RaceConditionAuction 1-6
2021-07-15 16:53:00,398 INFO o.a.j.r.Summariser: summary +    230 in 00:00:30 =    7.6/s Avg:  1302 Min:   104 Max: 19703 Err:     0 (0.00%) Active: 12 Started: 18 Finished: 6
2021-07-15 16:53:00,398 INFO o.a.j.r.Summariser: summary =   1618 in 00:05:21 =    5.0/s Avg:  1351 Min:    16 Max: 20261 Err:     0 (0.00%)
2021-07-15 16:53:04,622 INFO o.a.j.t.JMeterThread: Thread started: iSource_RaceConditionAuction 1-19
2021-07-15 16:53:09,702 INFO o.a.j.u.BeanShellTestElement: Loadtest102@zycus.com,PE Test_1626348023023,1310629153,1626349059744,1626349659742
2021-07-15 16:53:12,772 INFO o.a.j.t.JMeterThread: Thread is done: iSource_RaceConditionAuction 1-7
2021-07-15 16:53:12,772 INFO o.a.j.t.JMeterThread: Thread finished: iSource_RaceConditionAuction 1-7
2021-07-15 16:53:22,673 INFO o.a.j.t.JMeterThread: Thread started: iSource_RaceConditionAuction 1-20
2021-07-15 16:53:28,403 INFO o.a.j.t.JMeterThread: Stop Thread detected by thread: iSource_RaceConditionAuction 1-14
2021-07-15 16:53:28,403 INFO o.a.j.t.JMeterThread: Thread finished: iSource_RaceConditionAuction 1-14
2021-07-15 16:53:30,344 INFO o.a.j.r.Summariser: summary +    217 in 00:00:30 =    7.2/s Avg:  1407 Min:    39 Max: 21030 Err:     1 (0.46%) Active: 12 Started: 20 Finished: 8
2021-07-15 16:53:30,344 INFO o.a.j.r.Summariser: summary =   1835 in 00:05:50 =    5.2/s Avg:  1358 Min:    16 Max: 21030 Err:     1 (0.05%)
2021-07-15 16:53:32,867 INFO o.a.j.u.BeanShellTestElement: Loadtest102@zycus.com,PE Test_1626348041028,1310627954,1626349059744,1626349659742
2021-07-15 16:53:35,978 INFO o.a.j.t.JMeterThread: Thread is done: iSource_RaceConditionAuction 1-8
2021-07-15 16:53:35,978 INFO o.a.j.t.JMeterThread: Thread finished: iSource_RaceConditionAuction 1-8
2021-07-15 16:53:40,707 INFO o.a.j.t.JMeterThread: Thread started: iSource_RaceConditionAuction 1-21
2021-07-15 16:53:41,490 INFO o.a.j.u.BeanShellTestElement: Loadtest102@zycus.com,PE Test_1626348057352,1310629353,1626349059744,1626349659742
2021-07-15 16:53:44,589 INFO o.a.j.t.JMeterThread: Thread is done: iSource_RaceConditionAuction 1-9
2021-07-15 16:53:44,589 INFO o.a.j.t.JMeterThread: Thread finished: iSource_RaceConditionAuction 1-9
2021-07-15 16:53:58,732 INFO o.a.j.t.JMeterThread: Thread started: iSource_RaceConditionAuction 1-22
2021-07-15 16:53:59,707 INFO o.a.j.u.BeanShellTestElement: Loadtest102@zycus.com,PE Test_1626348078185,1310627955,1626349059744,1626349659742
2021-07-15 16:54:00,000 INFO o.a.j.r.Summariser: summary +    206 in 00:00:30 =    6.9/s Avg:  1269 Min:    24 Max: 19293 Err:     0 (0.00%) Active: 12 Started: 22 Finished: 10
2021-07-15 16:54:00,000 INFO o.a.j.r.Summariser: summary =   2041 in 00:06:20 =    5.4/s Avg:  1349 Min:    16 Max: 21030 Err:     1 (0.05%)
2021-07-15 16:54:02,766 INFO o.a.j.t.JMeterThread: Thread is done: iSource_RaceConditionAuction 1-10
2021-07-15 16:54:02,766 INFO o.a.j.t.JMeterThread: Thread finished: iSource_RaceConditionAuction 1-10
2021-07-15 16:54:16,754 INFO o.a.j.t.JMeterThread: Thread started: iSource_RaceConditionAuction 1-23
2021-07-15 16:54:20,049 INFO o.a.j.u.BeanShellTestElement: Loadtest102@zycus.com,PE Test_1626348093880,1310629553,1626349059744,1626349659742
2021-07-15 16:54:23,104 INFO o.a.j.t.JMeterThread: Thread is done: iSource_RaceConditionAuction 1-11
2021-07-15 16:54:23,104 INFO o.a.j.t.JMeterThread: Thread finished: iSource_RaceConditionAuction 1-11
2021-07-15 16:54:30,081 INFO o.a.j.r.Summariser: summary +    213 in 00:00:30 =    7.1/s Avg:  1320 Min:    22 Max: 19223 Err:     0 (0.00%) Active: 11 Started: 23 Finished: 12
2021-07-15 16:54:30,081 INFO o.a.j.r.Summariser: summary =   2254 in 00:06:50 =    5.5/s Avg:  1346 Min:    16 Max: 21030 Err:     1 (0.04%)
2021-07-15 16:54:33,949 INFO o.a.j.u.BeanShellTestElement: Loadtest102@zycus.com,PE Test_1626348113725,1310629554,1626349059744,1626349659742
2021-07-15 16:54:34,778 INFO o.a.j.t.JMeterThread: Thread started: iSource_RaceConditionAuction 1-24
2021-07-15 16:54:37,047 INFO o.a.j.t.JMeterThread: Thread is done: iSource_RaceConditionAuction 1-12
2021-07-15 16:54:37,047 INFO o.a.j.t.JMeterThread: Thread finished: iSource_RaceConditionAuction 1-12
2021-07-15 16:54:47,902 INFO o.a.j.u.BeanShellTestElement: Loadtest102@zycus.com,PE Test_1626348127910,1310627956,1626349059744,1626349659742
2021-07-15 16:54:50,937 INFO o.a.j.t.JMeterThread: Thread is done: iSource_RaceConditionAuction 1-13
2021-07-15 16:54:50,937 INFO o.a.j.t.JMeterThread: Thread finished: iSource_RaceConditionAuction 1-13
2021-07-15 16:54:52,804 INFO o.a.j.t.JMeterThread: Thread started: iSource_RaceConditionAuction 1-25
2021-07-15 16:55:00,007 INFO o.a.j.r.Summariser: summary +    212 in 00:00:30 =    7.1/s Avg:  1175 Min:    15 Max: 18589 Err:     0 (0.00%) Active: 11 Started: 25 Finished: 14
2021-07-15 16:55:00,007 INFO o.a.j.r.Summariser: summary =   2466 in 00:07:20 =    5.6/s Avg:  1331 Min:    15 Max: 21030 Err:     1 (0.04%)
2021-07-15 16:55:10,853 INFO o.a.j.t.JMeterThread: Thread started: iSource_RaceConditionAuction 1-26
2021-07-15 16:55:22,515 INFO o.a.j.u.BeanShellTestElement: Loadtest102@zycus.com,PE Test_1626348163305,1310628754,1626349059744,1626349659742
2021-07-15 16:55:25,588 INFO o.a.j.t.JMeterThread: Thread is done: iSource_RaceConditionAuction 1-15
2021-07-15 16:55:25,588 INFO o.a.j.t.JMeterThread: Thread finished: iSource_RaceConditionAuction 1-15
2021-07-15 16:55:28,887 INFO o.a.j.t.JMeterThread: Thread started: iSource_RaceConditionAuction 1-27
2021-07-15 16:55:30,230 INFO o.a.j.r.Summariser: summary +    207 in 00:00:30 =    6.8/s Avg:  1293 Min:    24 Max: 19707 Err:     0 (0.00%) Active: 12 Started: 27 Finished: 15
2021-07-15 16:55:30,231 INFO o.a.j.r.Summariser: summary =   2673 in 00:07:50 =    5.7/s Avg:  1328 Min:    15 Max: 21030 Err:     1 (0.04%)
2021-07-15 16:55:39,623 INFO o.a.j.u.BeanShellTestElement: Loadtest102@zycus.com,PE Test_1626348180788,1310628154,1626349059744,1626349659742
2021-07-15 16:55:42,656 INFO o.a.j.t.JMeterThread: Thread is done: iSource_RaceConditionAuction 1-16
2021-07-15 16:55:42,656 INFO o.a.j.t.JMeterThread: Thread finished: iSource_RaceConditionAuction 1-16
2021-07-15 16:55:46,918 INFO o.a.j.t.JMeterThread: Thread started: iSource_RaceConditionAuction 1-28
2021-07-15 16:56:00,043 INFO o.a.j.r.Summariser: summary +    223 in 00:00:30 =    7.5/s Avg:  1269 Min:    27 Max: 18225 Err:     0 (0.00%) Active: 12 Started: 28 Finished: 16
2021-07-15 16:56:00,043 INFO o.a.j.r.Summariser: summary =   2896 in 00:08:20 =    5.8/s Avg:  1324 Min:    15 Max: 21030 Err:     1 (0.03%)
2021-07-15 16:56:02,440 INFO o.a.j.u.BeanShellTestElement: Loadtest102@zycus.com,PE Test_1626348200972,1310628755,1626349059744,1626349659742
2021-07-15 16:56:04,942 INFO o.a.j.t.JMeterThread: Thread started: iSource_RaceConditionAuction 1-29
2021-07-15 16:56:05,513 INFO o.a.j.t.JMeterThread: Thread is done: iSource_RaceConditionAuction 1-17
2021-07-15 16:56:05,513 INFO o.a.j.t.JMeterThread: Thread finished: iSource_RaceConditionAuction 1-17
2021-07-15 16:56:18,623 INFO o.a.j.u.BeanShellTestElement: Loadtest102@zycus.com,PE Test_1626348218649,1310629953,1626349059744,1626349659742
2021-07-15 16:56:21,679 INFO o.a.j.t.JMeterThread: Thread is done: iSource_RaceConditionAuction 1-18
2021-07-15 16:56:21,679 INFO o.a.j.t.JMeterThread: Thread finished: iSource_RaceConditionAuction 1-18
2021-07-15 16:56:22,965 INFO o.a.j.t.JMeterThread: Thread started: iSource_RaceConditionAuction 1-30
2021-07-15 16:56:30,325 INFO o.a.j.r.Summariser: summary +    220 in 00:00:30 =    7.3/s Avg:  1362 Min:    46 Max: 20123 Err:     0 (0.00%) Active: 12 Started: 30 Finished: 18
2021-07-15 16:56:30,325 INFO o.a.j.r.Summariser: summary =   3116 in 00:08:50 =    5.9/s Avg:  1326 Min:    15 Max: 21030 Err:     1 (0.03%)
2021-07-15 16:56:36,095 INFO o.a.j.u.BeanShellTestElement: Loadtest102@zycus.com,PE Test_1626348235449,1310630153,1626349059744,1626349659742
2021-07-15 16:56:39,132 INFO o.a.j.t.JMeterThread: Thread is done: iSource_RaceConditionAuction 1-19
2021-07-15 16:56:39,132 INFO o.a.j.t.JMeterThread: Thread finished: iSource_RaceConditionAuction 1-19
2021-07-15 16:56:41,012 INFO o.a.j.t.JMeterThread: Thread started: iSource_RaceConditionAuction 1-31
2021-07-15 16:56:52,298 INFO o.a.j.u.BeanShellTestElement: Loadtest102@zycus.com,PE Test_1626348253200,1310630353,1626349059744,1626349659742
2021-07-15 16:56:55,351 INFO o.a.j.t.JMeterThread: Thread is done: iSource_RaceConditionAuction 1-20
2021-07-15 16:56:55,351 INFO o.a.j.t.JMeterThread: Thread finished: iSource_RaceConditionAuction 1-20
2021-07-15 16:56:59,033 INFO o.a.j.t.JMeterThread: Thread started: iSource_RaceConditionAuction 1-32
2021-07-15 16:57:00,109 INFO o.a.j.r.Summariser: summary +    214 in 00:00:30 =    7.2/s Avg:  1311 Min:    13 Max: 19099 Err:     0 (0.00%) Active: 12 Started: 32 Finished: 20
2021-07-15 16:57:00,109 INFO o.a.j.r.Summariser: summary =   3330 in 00:09:20 =    5.9/s Avg:  1325 Min:    13 Max: 21030 Err:     1 (0.03%)
2021-07-15 16:57:12,648 INFO o.a.j.u.BeanShellTestElement: Loadtest102@zycus.com,PE Test_1626348270264,1310629754,1626349059744,1626349659742
2021-07-15 16:57:15,716 INFO o.a.j.t.JMeterThread: Thread is done: iSource_RaceConditionAuction 1-21
2021-07-15 16:57:15,716 INFO o.a.j.t.JMeterThread: Thread finished: iSource_RaceConditionAuction 1-21
2021-07-15 16:57:17,050 INFO o.a.j.t.JMeterThread: Thread started: iSource_RaceConditionAuction 1-33
2021-07-15 16:57:30,039 INFO o.a.j.r.Summariser: summary +    226 in 00:00:30 =    7.6/s Avg:  1312 Min:    17 Max: 18732 Err:     0 (0.00%) Active: 12 Started: 33 Finished: 21
2021-07-15 16:57:30,039 INFO o.a.j.r.Summariser: summary =   3556 in 00:09:50 =    6.0/s Avg:  1325 Min:    13 Max: 21030 Err:     1 (0.03%)
2021-07-15 16:57:30,379 INFO o.a.j.u.BeanShellTestElement: Loadtest102@zycus.com,PE Test_1626348289023,1310630154,1626349059744,1626349659742
2021-07-15 16:57:33,406 INFO o.a.j.t.JMeterThread: Thread is done: iSource_RaceConditionAuction 1-22
2021-07-15 16:57:33,406 INFO o.a.j.t.JMeterThread: Thread finished: iSource_RaceConditionAuction 1-22
2021-07-15 16:57:35,070 INFO o.a.j.t.JMeterThread: Thread started: iSource_RaceConditionAuction 1-34
2021-07-15 16:57:46,535 INFO o.a.j.u.BeanShellTestElement: Loadtest102@zycus.com,PE Test_1626348305938,1310630553,1626349059744,1626349659742
2021-07-15 16:57:49,640 INFO o.a.j.t.JMeterThread: Thread is done: iSource_RaceConditionAuction 1-23
2021-07-15 16:57:49,640 INFO o.a.j.t.JMeterThread: Thread finished: iSource_RaceConditionAuction 1-23
2021-07-15 16:57:53,091 INFO o.a.j.t.JMeterThread: Thread started: iSource_RaceConditionAuction 1-35
2021-07-15 16:58:00,008 INFO o.a.j.r.Summariser: summary +    221 in 00:00:30 =    7.4/s Avg:  1243 Min:    14 Max: 18222 Err:     0 (0.00%) Active: 12 Started: 35 Finished: 23
2021-07-15 16:58:00,008 INFO o.a.j.r.Summariser: summary =   3777 in 00:10:20 =    6.1/s Avg:  1320 Min:    13 Max: 21030 Err:     1 (0.03%)
2021-07-15 16:58:07,035 INFO o.a.j.u.BeanShellTestElement: Loadtest102@zycus.com,PE Test_1626348324724,1310630753,1626349059744,1626349659742
2021-07-15 16:58:10,065 INFO o.a.j.t.JMeterThread: Thread is done: iSource_RaceConditionAuction 1-24
2021-07-15 16:58:10,065 INFO o.a.j.t.JMeterThread: Thread finished: iSource_RaceConditionAuction 1-24
2021-07-15 16:58:11,112 INFO o.a.j.t.JMeterThread: Thread started: iSource_RaceConditionAuction 1-36
2021-07-15 16:58:25,252 INFO o.a.j.u.BeanShellTestElement: Loadtest102@zycus.com,PE Test_1626348341476,1310630953,1626349059744,1626349659742
2021-07-15 16:58:28,304 INFO o.a.j.t.JMeterThread: Thread is done: iSource_RaceConditionAuction 1-25
2021-07-15 16:58:28,304 INFO o.a.j.t.JMeterThread: Thread finished: iSource_RaceConditionAuction 1-25
2021-07-15 16:58:29,133 INFO o.a.j.t.JMeterThread: Thread started: iSource_RaceConditionAuction 1-37
2021-07-15 16:58:30,161 INFO o.a.j.r.Summariser: summary +    174 in 00:00:30 =    5.8/s Avg:  1787 Min:    16 Max: 19622 Err:     0 (0.00%) Active: 12 Started: 37 Finished: 25
2021-07-15 16:58:30,162 INFO o.a.j.r.Summariser: summary =   3951 in 00:10:50 =    6.1/s Avg:  1340 Min:    13 Max: 21030 Err:     1 (0.03%)
2021-07-15 16:58:47,154 INFO o.a.j.t.JMeterThread: Thread started: iSource_RaceConditionAuction 1-38
2021-07-15 16:58:52,899 INFO o.a.j.u.BeanShellTestElement: Loadtest102@zycus.com,PE Test_1626348359361,1310628954,1626349059744,1626349659742
2021-07-15 16:58:55,930 INFO o.a.j.t.JMeterThread: Thread is done: iSource_RaceConditionAuction 1-26
2021-07-15 16:58:55,930 INFO o.a.j.t.JMeterThread: Thread finished: iSource_RaceConditionAuction 1-26
2021-07-15 16:59:00,034 INFO o.a.j.r.Summariser: summary +    226 in 00:00:30 =    7.6/s Avg:  1332 Min:    13 Max: 20011 Err:     0 (0.00%) Active: 12 Started: 38 Finished: 26
2021-07-15 16:59:00,034 INFO o.a.j.r.Summariser: summary =   4177 in 00:11:20 =    6.1/s Avg:  1340 Min:    13 Max: 21030 Err:     1 (0.02%)
2021-07-15 16:59:05,176 INFO o.a.j.t.JMeterThread: Thread started: iSource_RaceConditionAuction 1-39
2021-07-15 16:59:08,413 INFO o.a.j.u.BeanShellTestElement: Loadtest102@zycus.com,PE Test_1626348380149,1310631153,1626349059744,1626349659742
2021-07-15 16:59:11,452 INFO o.a.j.t.JMeterThread: Thread is done: iSource_RaceConditionAuction 1-27
2021-07-15 16:59:11,452 INFO o.a.j.t.JMeterThread: Thread finished: iSource_RaceConditionAuction 1-27
2021-07-15 16:59:23,195 INFO o.a.j.t.JMeterThread: Thread started: iSource_RaceConditionAuction 1-40
2021-07-15 16:59:30,031 INFO o.a.j.r.Summariser: summary +    244 in 00:00:30 =    8.1/s Avg:  1162 Min:    15 Max: 18509 Err:     0 (0.00%) Active: 13 Started: 40 Finished: 27
2021-07-15 16:59:30,031 INFO o.a.j.r.Summariser: summary =   4421 in 00:11:50 =    6.2/s Avg:  1330 Min:    13 Max: 21030 Err:     1 (0.02%)
2021-07-15 16:59:30,758 INFO o.a.j.u.BeanShellTestElement: Loadtest102@zycus.com,PE Test_1626348397874,1310628756,1626349059744,1626349659742
2021-07-15 16:59:33,828 INFO o.a.j.t.JMeterThread: Thread is done: iSource_RaceConditionAuction 1-28
2021-07-15 16:59:33,828 INFO o.a.j.t.JMeterThread: Thread finished: iSource_RaceConditionAuction 1-28
2021-07-15 16:59:40,546 INFO o.a.j.u.BeanShellTestElement: Loadtest102@zycus.com,PE Test_1626348415043,1310629755,1626349059744,1626349659742
2021-07-15 16:59:41,213 INFO o.a.j.t.JMeterThread: Thread started: iSource_RaceConditionAuction 1-41
2021-07-15 16:59:43,627 INFO o.a.j.t.JMeterThread: Thread is done: iSource_RaceConditionAuction 1-29
2021-07-15 16:59:43,627 INFO o.a.j.t.JMeterThread: Thread finished: iSource_RaceConditionAuction 1-29
2021-07-15 16:59:59,234 INFO o.a.j.t.JMeterThread: Thread started: iSource_RaceConditionAuction 1-42
2021-07-15 17:00:00,037 INFO o.a.j.r.Summariser: summary +    216 in 00:00:30 =    7.2/s Avg:  1356 Min:    17 Max: 19158 Err:     0 (0.00%) Active: 13 Started: 42 Finished: 29
2021-07-15 17:00:00,037 INFO o.a.j.r.Summariser: summary =   4637 in 00:12:20 =    6.3/s Avg:  1331 Min:    13 Max: 21030 Err:     1 (0.02%)
2021-07-15 17:00:01,767 INFO o.a.j.u.BeanShellTestElement: Loadtest102@zycus.com,PE Test_1626348433185,1310628757,1626349059744,1626349659742
2021-07-15 17:00:04,844 INFO o.a.j.t.JMeterThread: Thread is done: iSource_RaceConditionAuction 1-30
2021-07-15 17:00:04,844 INFO o.a.j.t.JMeterThread: Thread finished: iSource_RaceConditionAuction 1-30
2021-07-15 17:00:16,546 INFO o.a.j.u.BeanShellTestElement: Loadtest102@zycus.com,PE Test_1626348450130,1310630354,1626349059744,1626349659742
2021-07-15 17:00:17,254 INFO o.a.j.t.JMeterThread: Thread started: iSource_RaceConditionAuction 1-43
2021-07-15 17:00:19,576 INFO o.a.j.t.JMeterThread: Thread is done: iSource_RaceConditionAuction 1-31
2021-07-15 17:00:19,577 INFO o.a.j.t.JMeterThread: Thread finished: iSource_RaceConditionAuction 1-31
2021-07-15 17:00:29,761 INFO o.a.j.u.BeanShellTestElement: Loadtest102@zycus.com,PE Test_1626348468950,1310631353,1626349059744,1626349659742
2021-07-15 17:00:30,012 INFO o.a.j.r.Summariser: summary +    233 in 00:00:30 =    7.8/s Avg:  1262 Min:    16 Max: 19618 Err:     0 (0.00%) Active: 12 Started: 43 Finished: 31
2021-07-15 17:00:30,013 INFO o.a.j.r.Summariser: summary =   4870 in 00:12:50 =    6.3/s Avg:  1328 Min:    13 Max: 21030 Err:     1 (0.02%)
2021-07-15 17:00:32,788 INFO o.a.j.t.JMeterThread: Thread is done: iSource_RaceConditionAuction 1-32
2021-07-15 17:00:32,788 INFO o.a.j.t.JMeterThread: Thread finished: iSource_RaceConditionAuction 1-32
2021-07-15 17:00:35,271 INFO o.a.j.t.JMeterThread: Thread started: iSource_RaceConditionAuction 1-44
2021-07-15 17:00:52,171 INFO o.a.j.u.BeanShellTestElement: Loadtest102@zycus.com,PE Test_1626348486387,1310630155,1626349059744,1626349659742
2021-07-15 17:00:53,298 INFO o.a.j.t.JMeterThread: Thread started: iSource_RaceConditionAuction 1-45
2021-07-15 17:00:55,179 INFO o.a.j.t.JMeterThread: Thread is done: iSource_RaceConditionAuction 1-33
2021-07-15 17:00:55,179 INFO o.a.j.t.JMeterThread: Thread finished: iSource_RaceConditionAuction 1-33
2021-07-15 17:01:00,054 INFO o.a.j.r.Summariser: summary +    231 in 00:00:30 =    7.7/s Avg:  1206 Min:    14 Max: 19542 Err:     0 (0.00%) Active: 12 Started: 45 Finished: 33
2021-07-15 17:01:00,054 INFO o.a.j.r.Summariser: summary =   5101 in 00:13:20 =    6.4/s Avg:  1323 Min:    13 Max: 21030 Err:     1 (0.02%)
2021-07-15 17:01:07,234 INFO o.a.j.u.BeanShellTestElement: Loadtest102@zycus.com,PE Test_1626348508938,1310625955,1626349059744,1626349659742
2021-07-15 17:01:10,289 INFO o.a.j.t.JMeterThread: Thread is done: iSource_RaceConditionAuction 1-34
2021-07-15 17:01:10,289 INFO o.a.j.t.JMeterThread: Thread finished: iSource_RaceConditionAuction 1-34
2021-07-15 17:01:11,319 INFO o.a.j.t.JMeterThread: Thread started: iSource_RaceConditionAuction 1-46
2021-07-15 17:01:26,043 INFO o.a.j.u.BeanShellTestElement: Loadtest102@zycus.com,PE Test_1626348525767,1310624355,1626349059744,1626349659742
2021-07-15 17:01:29,067 INFO o.a.j.t.JMeterThread: Thread is done: iSource_RaceConditionAuction 1-35
2021-07-15 17:01:29,067 INFO o.a.j.t.JMeterThread: Thread finished: iSource_RaceConditionAuction 1-35
2021-07-15 17:01:29,341 INFO o.a.j.t.JMeterThread: Thread started: iSource_RaceConditionAuction 1-47
2021-07-15 17:01:30,077 INFO o.a.j.r.Summariser: summary +    218 in 00:00:30 =    7.3/s Avg:  1313 Min:    14 Max: 21404 Err:     0 (0.00%) Active: 12 Started: 47 Finished: 35
2021-07-15 17:01:30,077 INFO o.a.j.r.Summariser: summary =   5319 in 00:13:50 =    6.4/s Avg:  1322 Min:    13 Max: 21404 Err:     1 (0.02%)
2021-07-15 17:01:45,903 INFO o.a.j.u.BeanShellTestElement: Loadtest102@zycus.com,PE Test_1626348549362,1310630954,1626349059744,1626349659742
2021-07-15 17:01:47,384 INFO o.a.j.t.JMeterThread: Thread started: iSource_RaceConditionAuction 1-48
2021-07-15 17:01:48,997 INFO o.a.j.t.JMeterThread: Thread is done: iSource_RaceConditionAuction 1-36
2021-07-15 17:01:48,997 INFO o.a.j.t.JMeterThread: Thread finished: iSource_RaceConditionAuction 1-36
2021-07-15 17:01:55,965 INFO o.a.j.u.BeanShellTestElement: Loadtest102@zycus.com,PE Test_1626348558988,1310631154,1626349059744,1626349659742
2021-07-15 17:01:59,061 INFO o.a.j.t.JMeterThread: Thread is done: iSource_RaceConditionAuction 1-37
2021-07-15 17:01:59,061 INFO o.a.j.t.JMeterThread: Thread finished: iSource_RaceConditionAuction 1-37
2021-07-15 17:02:00,044 INFO o.a.j.r.Summariser: summary +    225 in 00:00:30 =    7.5/s Avg:  1290 Min:    41 Max: 18934 Err:     0 (0.00%) Active: 11 Started: 48 Finished: 37
2021-07-15 17:02:00,045 INFO o.a.j.r.Summariser: summary =   5544 in 00:14:20 =    6.4/s Avg:  1321 Min:    13 Max: 21404 Err:     1 (0.02%)
2021-07-15 17:02:05,415 INFO o.a.j.t.JMeterThread: Thread started: iSource_RaceConditionAuction 1-49
2021-07-15 17:02:13,384 INFO o.a.j.u.BeanShellTestElement: Loadtest102@zycus.com,PE Test_1626348574630,1310628955,1626349059744,1626349659742
2021-07-15 17:02:16,475 INFO o.a.j.t.JMeterThread: Thread is done: iSource_RaceConditionAuction 1-38
2021-07-15 17:02:16,475 INFO o.a.j.t.JMeterThread: Thread finished: iSource_RaceConditionAuction 1-38
2021-07-15 17:02:23,441 INFO o.a.j.t.JMeterThread: Thread started: iSource_RaceConditionAuction 1-50
2021-07-15 17:02:30,081 INFO o.a.j.r.Summariser: summary +    227 in 00:00:30 =    7.6/s Avg:  1217 Min:    28 Max: 19632 Err:     0 (0.00%) Active: 12 Started: 50 Finished: 38
2021-07-15 17:02:30,081 INFO o.a.j.r.Summariser: summary =   5771 in 00:14:50 =    6.5/s Avg:  1317 Min:    13 Max: 21404 Err:     1 (0.02%)
2021-07-15 17:02:31,974 INFO o.a.j.u.BeanShellTestElement: Loadtest102@zycus.com,PE Test_1626348593289,1310631553,1626349059744,1626349659742
2021-07-15 17:02:35,018 INFO o.a.j.t.JMeterThread: Thread is done: iSource_RaceConditionAuction 1-39
2021-07-15 17:02:35,018 INFO o.a.j.t.JMeterThread: Thread finished: iSource_RaceConditionAuction 1-39
2021-07-15 17:02:51,079 INFO o.a.j.u.BeanShellTestElement: Loadtest102@zycus.com,PE Test_1626348612163,1310631354,1626349059744,1626349659742
2021-07-15 17:02:54,175 INFO o.a.j.t.JMeterThread: Thread is done: iSource_RaceConditionAuction 1-40
2021-07-15 17:02:54,175 INFO o.a.j.t.JMeterThread: Thread finished: iSource_RaceConditionAuction 1-40
2021-07-15 17:03:00,611 INFO o.a.j.r.Summariser: summary +    187 in 00:00:31 =    6.1/s Avg:  1452 Min:   261 Max: 19237 Err:     0 (0.00%) Active: 10 Started: 50 Finished: 40
2021-07-15 17:03:00,611 INFO o.a.j.r.Summariser: summary =   5958 in 00:15:21 =    6.5/s Avg:  1321 Min:    13 Max: 21404 Err:     1 (0.02%)
2021-07-15 17:03:10,057 INFO o.a.j.u.BeanShellTestElement: Loadtest102@zycus.com,PE Test_1626348629957,1310628758,1626349059744,1626349659742
2021-07-15 17:03:13,067 INFO o.a.j.t.JMeterThread: Thread is done: iSource_RaceConditionAuction 1-41
2021-07-15 17:03:13,067 INFO o.a.j.t.JMeterThread: Thread finished: iSource_RaceConditionAuction 1-41
2021-07-15 17:03:26,253 INFO o.a.j.u.BeanShellTestElement: Loadtest102@zycus.com,PE Test_1626348647330,1310628956,1626349059744,1626349659742
2021-07-15 17:03:29,275 INFO o.a.j.t.JMeterThread: Thread is done: iSource_RaceConditionAuction 1-42
2021-07-15 17:03:29,275 INFO o.a.j.t.JMeterThread: Thread finished: iSource_RaceConditionAuction 1-42
2021-07-15 17:03:30,148 INFO o.a.j.r.Summariser: summary +    163 in 00:00:30 =    5.5/s Avg:  1382 Min:   344 Max:  8165 Err:     0 (0.00%) Active: 8 Started: 50 Finished: 42
2021-07-15 17:03:30,148 INFO o.a.j.r.Summariser: summary =   6121 in 00:15:50 =    6.4/s Avg:  1323 Min:    13 Max: 21404 Err:     1 (0.02%)
2021-07-15 17:03:47,381 INFO o.a.j.u.BeanShellTestElement: Loadtest102@zycus.com,PE Test_1626348666676,1310628354,1626349059744,1626349659742
2021-07-15 17:03:50,415 INFO o.a.j.t.JMeterThread: Thread is done: iSource_RaceConditionAuction 1-43
2021-07-15 17:03:50,415 INFO o.a.j.t.JMeterThread: Thread finished: iSource_RaceConditionAuction 1-43
2021-07-15 17:04:00,002 INFO o.a.j.r.Summariser: summary +    134 in 00:00:30 =    4.5/s Avg:  1359 Min:   327 Max:  4551 Err:     0 (0.00%) Active: 7 Started: 50 Finished: 43
2021-07-15 17:04:00,003 INFO o.a.j.r.Summariser: summary =   6255 in 00:16:20 =    6.4/s Avg:  1323 Min:    13 Max: 21404 Err:     1 (0.02%)
2021-07-15 17:04:09,712 INFO o.a.j.u.BeanShellTestElement: Loadtest102@zycus.com,PE Test_1626348686674,1310629555,1626349059744,1626349659742
2021-07-15 17:04:12,789 INFO o.a.j.t.JMeterThread: Thread is done: iSource_RaceConditionAuction 1-44
2021-07-15 17:04:12,789 INFO o.a.j.t.JMeterThread: Thread finished: iSource_RaceConditionAuction 1-44
2021-07-15 17:04:26,602 INFO o.a.j.u.BeanShellTestElement: Loadtest102@zycus.com,PE Test_1626348703178,1310628759,1626349059744,1626349659742
2021-07-15 17:04:29,662 INFO o.a.j.t.JMeterThread: Thread is done: iSource_RaceConditionAuction 1-45
2021-07-15 17:04:29,662 INFO o.a.j.t.JMeterThread: Thread finished: iSource_RaceConditionAuction 1-45
2021-07-15 17:04:30,380 INFO o.a.j.r.Summariser: summary +    119 in 00:00:30 =    3.9/s Avg:  1340 Min:   308 Max:  4536 Err:     0 (0.00%) Active: 5 Started: 50 Finished: 45
2021-07-15 17:04:30,380 INFO o.a.j.r.Summariser: summary =   6374 in 00:16:51 =    6.3/s Avg:  1324 Min:    13 Max: 21404 Err:     1 (0.02%)
2021-07-15 17:04:39,788 INFO o.a.j.u.BeanShellTestElement: Loadtest102@zycus.com,PE Test_1626348720339,1310628554,1626349059744,1626349659742
2021-07-15 17:04:42,833 INFO o.a.j.t.JMeterThread: Thread is done: iSource_RaceConditionAuction 1-46
2021-07-15 17:04:42,833 INFO o.a.j.t.JMeterThread: Thread finished: iSource_RaceConditionAuction 1-46
2021-07-15 17:04:59,018 INFO o.a.j.u.BeanShellTestElement: Loadtest102@zycus.com,PE Test_1626348739733,1310631554,1626349059744,1626349659742
2021-07-15 17:05:00,462 INFO o.a.j.r.Summariser: summary +     85 in 00:00:30 =    2.8/s Avg:  1300 Min:   309 Max:  4307 Err:     0 (0.00%) Active: 4 Started: 50 Finished: 46
2021-07-15 17:05:00,462 INFO o.a.j.r.Summariser: summary =   6459 in 00:17:21 =    6.2/s Avg:  1323 Min:    13 Max: 21404 Err:     1 (0.02%)
2021-07-15 17:05:02,080 INFO o.a.j.t.JMeterThread: Thread is done: iSource_RaceConditionAuction 1-47
2021-07-15 17:05:02,080 INFO o.a.j.t.JMeterThread: Thread finished: iSource_RaceConditionAuction 1-47
2021-07-15 17:05:16,971 INFO o.a.j.u.BeanShellTestElement: Loadtest102@zycus.com,PE Test_1626348756465,1310628355,1626349059744,1626349659742
2021-07-15 17:05:20,009 INFO o.a.j.t.JMeterThread: Thread is done: iSource_RaceConditionAuction 1-48
2021-07-15 17:05:20,009 INFO o.a.j.t.JMeterThread: Thread finished: iSource_RaceConditionAuction 1-48
2021-07-15 17:05:31,027 INFO o.a.j.r.Summariser: summary +     39 in 00:00:31 =    1.3/s Avg:  1794 Min:   445 Max:  4968 Err:     0 (0.00%) Active: 2 Started: 50 Finished: 48
2021-07-15 17:05:31,028 INFO o.a.j.r.Summariser: summary =   6498 in 00:17:51 =    6.1/s Avg:  1326 Min:    13 Max: 21404 Err:     1 (0.02%)
2021-07-15 17:05:38,384 INFO o.a.j.u.BeanShellTestElement: Loadtest102@zycus.com,PE Test_1626348773824,1310631555,1626349059744,1626349659742
2021-07-15 17:05:41,458 INFO o.a.j.t.JMeterThread: Thread is done: iSource_RaceConditionAuction 1-49
2021-07-15 17:05:41,458 INFO o.a.j.t.JMeterThread: Thread finished: iSource_RaceConditionAuction 1-49
2021-07-15 17:05:56,301 INFO o.a.j.u.BeanShellTestElement: Loadtest102@zycus.com,PE Test_1626348794064,1310629556,1626349059744,1626349659742
2021-07-15 17:05:59,381 INFO o.a.j.t.JMeterThread: Thread is done: iSource_RaceConditionAuction 1-50
2021-07-15 17:05:59,381 INFO o.a.j.t.JMeterThread: Thread finished: iSource_RaceConditionAuction 1-50
2021-07-15 17:05:59,381 INFO o.a.j.e.StandardJMeterEngine: Notifying test listeners of end of test
2021-07-15 17:05:59,382 INFO o.a.j.r.Summariser: summary +     23 in 00:00:28 =    0.8/s Avg:  1233 Min:   361 Max:  2987 Err:     0 (0.00%) Active: 0 Started: 50 Finished: 50
2021-07-15 17:05:59,383 INFO o.a.j.r.Summariser: summary =   6521 in 00:18:20 =    5.9/s Avg:  1326 Min:    13 Max: 21404 Err:     1 (0.02%)
2021-07-15 17:05:59,383 INFO o.a.j.JMeter: Generating Dashboard
2021-07-15 17:05:59,383 INFO o.a.j.r.d.ReportGenerator: Flushing result collector before report Generation
2021-07-15 17:05:59,411 INFO o.a.j.r.p.NormalizerSampleConsumer: Using format, 'ms', to parse timeStamp field
2021-07-15 17:05:59,677 INFO o.a.j.r.p.AbstractSampleConsumer: class org.apache.jmeter.report.processor.AggregateConsumer#stopProducing(): beginDate produced 0 samples
2021-07-15 17:05:59,677 INFO o.a.j.r.p.AbstractSampleConsumer: class org.apache.jmeter.report.processor.AggregateConsumer#stopProducing(): endDate produced 0 samples
2021-07-15 17:05:59,679 INFO o.a.j.r.p.AbstractSampleConsumer: class org.apache.jmeter.report.processor.ApdexSummaryConsumer#stopProducing(): apdexSummary produced 0 samples
2021-07-15 17:05:59,679 INFO o.a.j.r.p.AbstractSampleConsumer: class org.apache.jmeter.report.processor.RequestsSummaryConsumer#stopProducing(): requestsSummary produced 0 samples
2021-07-15 17:05:59,688 INFO o.a.j.r.p.AbstractSampleConsumer: class org.apache.jmeter.report.processor.StatisticsSummaryConsumer#stopProducing(): statisticsSummary produced 0 samples
2021-07-15 17:05:59,691 INFO o.a.j.r.p.AbstractSampleConsumer: class org.apache.jmeter.report.processor.Top5ErrorsBySamplerConsumer#stopProducing(): top5ErrorsBySampler produced 0 samples
2021-07-15 17:05:59,691 INFO o.a.j.r.p.AbstractSampleConsumer: class org.apache.jmeter.report.processor.ErrorsSummaryConsumer#stopProducing(): errorsSummary produced 0 samples
2021-07-15 17:05:59,691 INFO o.a.j.r.p.AbstractSampleConsumer: class org.apache.jmeter.report.processor.graph.impl.HitsPerSecondGraphConsumer#stopProducing(): hitsPerSecond produced 0 samples
2021-07-15 17:05:59,746 INFO o.a.j.r.p.AbstractSampleConsumer: class org.apache.jmeter.report.processor.graph.impl.LatencyVSRequestGraphConsumer#stopProducing(): latencyVsRequest produced 0 samples
2021-07-15 17:05:59,746 INFO o.a.j.r.p.AbstractSampleConsumer: class org.apache.jmeter.report.processor.graph.impl.SyntheticResponseTimeDistributionGraphConsumer#stopProducing(): syntheticResponseTimeDistribution produced 0 samples
2021-07-15 17:05:59,746 INFO o.a.j.r.p.AbstractSampleConsumer: class org.apache.jmeter.report.processor.graph.impl.BytesThroughputGraphConsumer#stopProducing(): bytesThroughputOverTime produced 0 samples
2021-07-15 17:05:59,747 INFO o.a.j.r.p.AbstractSampleConsumer: class org.apache.jmeter.report.processor.graph.impl.CodesPerSecondGraphConsumer#stopProducing(): codesPerSecond produced 0 samples
2021-07-15 17:05:59,774 INFO o.a.j.r.p.AbstractSampleConsumer: class org.apache.jmeter.report.processor.graph.impl.ResponseTimeVSRequestGraphConsumer#stopProducing(): responseTimeVsRequest produced 0 samples
2021-07-15 17:05:59,775 INFO o.a.j.r.p.AbstractSampleConsumer: class org.apache.jmeter.report.processor.FilterConsumer#stopProducing(): startIntervalControlerFilter produced 45647 samples
2021-07-15 17:05:59,775 INFO o.a.j.r.p.AbstractSampleConsumer: class org.apache.jmeter.report.processor.graph.impl.TotalTPSGraphConsumer#stopProducing(): totalTPS produced 0 samples
2021-07-15 17:05:59,775 INFO o.a.j.r.p.AbstractSampleConsumer: class org.apache.jmeter.report.processor.graph.impl.ActiveThreadsGraphConsumer#stopProducing(): activeThreadsOverTime produced 0 samples
2021-07-15 17:05:59,775 INFO o.a.j.r.p.AbstractSampleConsumer: class org.apache.jmeter.report.processor.graph.impl.TimeVSThreadGraphConsumer#stopProducing(): timeVsThreads produced 0 samples
2021-07-15 17:05:59,783 INFO o.a.j.r.p.AbstractSampleConsumer: class org.apache.jmeter.report.processor.graph.impl.ResponseTimeDistributionGraphConsumer#stopProducing(): responseTimeDistribution produced 0 samples
2021-07-15 17:05:59,784 INFO o.a.j.r.p.AbstractSampleConsumer: class org.apache.jmeter.report.processor.graph.impl.TransactionsPerSecondGraphConsumer#stopProducing(): transactionsPerSecond produced 0 samples
2021-07-15 17:05:59,786 INFO o.a.j.r.p.AbstractSampleConsumer: class org.apache.jmeter.report.processor.graph.impl.ResponseTimePercentilesGraphConsumer#stopProducing(): responseTimePercentiles produced 0 samples
2021-07-15 17:05:59,803 INFO o.a.j.r.p.AbstractSampleConsumer: class org.apache.jmeter.report.processor.graph.impl.ResponseTimePercentilesOverTimeGraphConsumer#stopProducing(): responseTimePercentilesOverTime produced 0 samples
2021-07-15 17:05:59,805 INFO o.a.j.r.p.AbstractSampleConsumer: class org.apache.jmeter.report.processor.graph.impl.ResponseTimeOverTimeGraphConsumer#stopProducing(): responseTimesOverTime produced 0 samples
2021-07-15 17:05:59,806 INFO o.a.j.r.p.AbstractSampleConsumer: class org.apache.jmeter.report.processor.graph.impl.ConnectTimeOverTimeGraphConsumer#stopProducing(): connectTimeOverTime produced 0 samples
2021-07-15 17:05:59,808 INFO o.a.j.r.p.AbstractSampleConsumer: class org.apache.jmeter.report.processor.graph.impl.LatencyOverTimeGraphConsumer#stopProducing(): latenciesOverTime produced 0 samples
2021-07-15 17:05:59,810 INFO o.a.j.r.p.AbstractSampleConsumer: class org.apache.jmeter.report.processor.FilterConsumer#stopProducing(): nameFilter produced 111165 samples
2021-07-15 17:05:59,810 INFO o.a.j.r.p.AbstractSampleConsumer: class org.apache.jmeter.report.processor.FilterConsumer#stopProducing(): dateRangeFilter produced 22233 samples
2021-07-15 17:05:59,810 INFO o.a.j.r.p.AbstractSampleConsumer: class org.apache.jmeter.report.processor.NormalizerSampleConsumer#stopProducing(): normalizer produced 7411 samples
2021-07-15 17:05:59,810 INFO o.a.j.r.p.CsvFileSampleSource: produce(): 7411 samples produced in 382ms on channel 0
2021-07-15 17:05:59,810 INFO o.a.j.r.d.ReportGenerator: Exporting data using exporter:'json' of className:'org.apache.jmeter.report.dashboard.JsonExporter'
2021-07-15 17:05:59,812 INFO o.a.j.r.d.JsonExporter: Found data for consumer statisticsSummaryin context
2021-07-15 17:05:59,812 INFO o.a.j.r.d.JsonExporter: Creating statistics for overall
2021-07-15 17:05:59,812 INFO o.a.j.r.d.JsonExporter: Creating statistics for other transactions
2021-07-15 17:05:59,813 INFO o.a.j.r.d.JsonExporter: Checking output folder
2021-07-15 17:05:59,814 INFO o.a.j.r.d.JsonExporter: Writing statistics JSON to C:\xampp\htdocs\PerformancePostgres\L0_iSource_50_RaceConditionAuction_2021-07-15_33\statistics.json
2021-07-15 17:05:59,956 INFO o.a.j.r.d.ReportGenerator: Exporting data using exporter:'html' of className:'org.apache.jmeter.report.dashboard.HtmlTemplateExporter'
2021-07-15 17:05:59,960 INFO o.a.j.r.d.HtmlTemplateExporter: Will generate dashboard in folder: C:\xampp\htdocs\PerformancePostgres\L0_iSource_50_RaceConditionAuction_2021-07-15_33
2021-07-15 17:06:00,214 INFO o.a.j.r.d.HtmlTemplateExporter: Report will be generated in: C:\xampp\htdocs\PerformancePostgres\L0_iSource_50_RaceConditionAuction_2021-07-15_33, creating folder structure
2021-07-15 17:06:00,217 INFO o.a.j.r.d.TemplateVisitor: Copying folder from 'D:\apache-jmeter-5.1\apache-jmeter-5.1\bin\report-template' to 'C:\xampp\htdocs\PerformancePostgres\L0_iSource_50_RaceConditionAuction_2021-07-15_33', got message:[C:\xampp\htdocs\PerformancePostgres\L0_iSource_50_RaceConditionAuction_2021-07-15_33\statistics.json], found non empty folder with following content {}, will be ignored
2021-07-15 17:06:00,912 INFO o.a.j.JMeter: Dashboard generated
