2021-05-19 13:00:48,260 INFO o.a.j.u.JMeterUtils: Setting Locale to en_EN
2021-05-19 13:00:48,271 INFO o.a.j.JMeter: Loading user properties from: user.properties
2021-05-19 13:00:48,271 INFO o.a.j.JMeter: Loading system properties from: system.properties
2021-05-19 13:00:48,271 INFO o.a.j.JMeter: Setting JMeter property: meter.reportgenerator.report_title=RFQMultipleQuestionsPublish
2021-05-19 13:00:48,271 INFO o.a.j.JMeter: Setting JMeter property: thread=10
2021-05-19 13:00:48,271 INFO o.a.j.JMeter: Setting JMeter property: rampup=50
2021-05-19 13:00:48,275 INFO o.a.j.JMeter: Copyright (c) 1998-2019 The Apache Software Foundation
2021-05-19 13:00:48,275 INFO o.a.j.JMeter: Version 5.1 r1853635
2021-05-19 13:00:48,275 INFO o.a.j.JMeter: java.version=1.8.0_121
2021-05-19 13:00:48,275 INFO o.a.j.JMeter: java.vm.name=Java HotSpot(TM) 64-Bit Server VM
2021-05-19 13:00:48,276 INFO o.a.j.JMeter: os.name=Windows 10
2021-05-19 13:00:48,276 INFO o.a.j.JMeter: os.arch=amd64
2021-05-19 13:00:48,276 INFO o.a.j.JMeter: os.version=10.0
2021-05-19 13:00:48,276 INFO o.a.j.JMeter: file.encoding=Cp1252
2021-05-19 13:00:48,276 INFO o.a.j.JMeter: java.awt.headless=true
2021-05-19 13:00:48,276 INFO o.a.j.JMeter: Max memory     =8589934592
2021-05-19 13:00:48,276 INFO o.a.j.JMeter: Available Processors =6
2021-05-19 13:00:48,278 INFO o.a.j.JMeter: Default Locale=English (EN)
2021-05-19 13:00:48,279 INFO o.a.j.JMeter: JMeter  Locale=English (EN)
2021-05-19 13:00:48,279 INFO o.a.j.JMeter: JMeterHome=D:\apache-jmeter-5.1\apache-jmeter-5.1
2021-05-19 13:00:48,279 INFO o.a.j.JMeter: user.dir  =D:\apache-jmeter-5.1\apache-jmeter-5.1\bin
2021-05-19 13:00:48,279 INFO o.a.j.JMeter: PWD       =D:\apache-jmeter-5.1\apache-jmeter-5.1\bin
2021-05-19 13:00:48,280 INFO o.a.j.JMeter: IP: 172.30.225.123 Name: ZIPLSY2278 FullName: ZIPLSY2278.zycus.net
2021-05-19 13:00:48,282 INFO o.a.j.JMeter: Setting property 'jmeter.reportgenerator.outputdir' to:'C:\xampp\htdocs\PerformancePostgres\L0_iSource_10_RFQMultipleQuestionsPublish_2021-05-19_7'
2021-05-19 13:00:48,284 INFO o.a.j.s.FileServer: Default base='D:\apache-jmeter-5.1\apache-jmeter-5.1\bin'
2021-05-19 13:00:48,287 INFO o.a.j.s.FileServer: Set new base='D:\PostrgresMigration\iSource'
2021-05-19 13:00:48,384 INFO o.a.j.s.SaveService: Testplan (JMX) version: 2.2. Testlog (JTL) version: 2.2
2021-05-19 13:00:48,394 INFO o.a.j.s.SaveService: Using SaveService properties file encoding UTF-8
2021-05-19 13:00:48,399 INFO o.a.j.s.SaveService: Using SaveService properties version 5.0
2021-05-19 13:00:48,405 INFO o.a.j.s.SaveService: Loading file: D:\PostrgresMigration\iSource\L0_iSource_RFQMultipleQuestionsPublish.jmx
2021-05-19 13:00:48,444 INFO o.a.j.p.h.c.CookieManager: Settings: Delete null: true Check: true Allow variable: true Save: false Prefix: COOKIE_
2021-05-19 13:00:48,448 INFO o.a.j.p.h.c.CacheManager: Will only cache the following methods: [GET]
2021-05-19 13:00:48,458 INFO o.a.j.p.h.s.HTTPSamplerBase: Parser for text/html is org.apache.jmeter.protocol.http.parser.LagartoBasedHtmlParser
2021-05-19 13:00:48,458 INFO o.a.j.p.h.s.HTTPSamplerBase: Parser for application/xhtml+xml is org.apache.jmeter.protocol.http.parser.LagartoBasedHtmlParser
2021-05-19 13:00:48,458 INFO o.a.j.p.h.s.HTTPSamplerBase: Parser for application/xml is org.apache.jmeter.protocol.http.parser.LagartoBasedHtmlParser
2021-05-19 13:00:48,458 INFO o.a.j.p.h.s.HTTPSamplerBase: Parser for text/xml is org.apache.jmeter.protocol.http.parser.LagartoBasedHtmlParser
2021-05-19 13:00:48,458 INFO o.a.j.p.h.s.HTTPSamplerBase: Parser for text/vnd.wap.wml is org.apache.jmeter.protocol.http.parser.RegexpHTMLParser
2021-05-19 13:00:48,458 INFO o.a.j.p.h.s.HTTPSamplerBase: Parser for text/css is org.apache.jmeter.protocol.http.parser.CssParser
2021-05-19 13:00:48,795 INFO o.a.j.JMeter: Creating summariser <summary>
2021-05-19 13:00:48,799 INFO o.a.j.r.d.ReportGenerator: ReportGenerator will use for Parsing the separator: ','
2021-05-19 13:00:48,799 INFO o.a.j.r.d.ReportGenerator: Will generate report at end of test from  results file: D:\PostrgresMigration\iSource\JTL\L0_iSource_10_RFQMultipleQuestionsPublish_2021-05-19_7.jtl
2021-05-19 13:00:48,800 INFO o.a.j.r.d.ReportGenerator: Reading report generator properties from: D:\apache-jmeter-5.1\apache-jmeter-5.1\bin\reportgenerator.properties
2021-05-19 13:00:48,800 INFO o.a.j.r.d.ReportGenerator: Merging with JMeter properties
2021-05-19 13:00:48,805 INFO o.a.j.r.c.ReportGeneratorConfiguration: Property 'jmeter.reportgenerator.temp_dir' not found, using default value 'temp' instead.
2021-05-19 13:00:48,807 INFO o.a.j.r.c.ReportGeneratorConfiguration: Property 'jmeter.reportgenerator.apdex_per_transaction' not found, using default value 'null' instead.
2021-05-19 13:00:48,807 INFO o.a.j.r.c.ReportGeneratorConfiguration: apdex_per_transaction : {} is empty, not APDEX per transaction customization
2021-05-19 13:00:48,807 INFO o.a.j.r.c.ReportGeneratorConfiguration: Property 'jmeter.reportgenerator.sample_filter' not found, using default value 'null' instead.
2021-05-19 13:00:48,808 INFO o.a.j.r.c.ReportGeneratorConfiguration: Property 'jmeter.reportgenerator.report_title' not found, using default value 'null' instead.
2021-05-19 13:00:48,808 INFO o.a.j.r.c.ReportGeneratorConfiguration: Property 'jmeter.reportgenerator.start_date' not found, using default value 'null' instead.
2021-05-19 13:00:48,808 INFO o.a.j.r.c.ReportGeneratorConfiguration: Property 'jmeter.reportgenerator.end_date' not found, using default value 'null' instead.
2021-05-19 13:00:48,808 INFO o.a.j.r.c.ReportGeneratorConfiguration: Property 'jmeter.reportgenerator.date_format' not found, using default value 'null' instead.
2021-05-19 13:00:48,809 INFO o.a.j.r.c.ReportGeneratorConfiguration: Will use date range start date: null, end date: null
2021-05-19 13:00:48,812 INFO o.a.j.r.c.ReportGeneratorConfiguration: Property 'jmeter.reportgenerator.graph.totalTPS.exclude_controllers' not found, using default value 'false' instead.
2021-05-19 13:00:48,812 INFO o.a.j.r.c.ReportGeneratorConfiguration: Property 'jmeter.reportgenerator.graph.activeThreadsOverTime.exclude_controllers' not found, using default value 'false' instead.
2021-05-19 13:00:48,812 INFO o.a.j.r.c.ReportGeneratorConfiguration: Property 'jmeter.reportgenerator.graph.timeVsThreads.exclude_controllers' not found, using default value 'false' instead.
2021-05-19 13:00:48,812 INFO o.a.j.r.c.ReportGeneratorConfiguration: Property 'jmeter.reportgenerator.graph.responseTimeDistribution.exclude_controllers' not found, using default value 'false' instead.
2021-05-19 13:00:48,812 INFO o.a.j.r.c.ReportGeneratorConfiguration: Property 'jmeter.reportgenerator.graph.transactionsPerSecond.exclude_controllers' not found, using default value 'false' instead.
2021-05-19 13:00:48,812 INFO o.a.j.r.c.ReportGeneratorConfiguration: Property 'jmeter.reportgenerator.graph.responseTimePercentiles.exclude_controllers' not found, using default value 'false' instead.
2021-05-19 13:00:48,812 INFO o.a.j.r.c.ReportGeneratorConfiguration: Property 'jmeter.reportgenerator.graph.responseTimePercentilesOverTime.exclude_controllers' not found, using default value 'false' instead.
2021-05-19 13:00:48,813 INFO o.a.j.r.c.ReportGeneratorConfiguration: Property 'jmeter.reportgenerator.graph.responseTimesOverTime.exclude_controllers' not found, using default value 'false' instead.
2021-05-19 13:00:48,813 INFO o.a.j.r.c.ReportGeneratorConfiguration: Property 'jmeter.reportgenerator.graph.connectTimeOverTime.exclude_controllers' not found, using default value 'false' instead.
2021-05-19 13:00:48,813 INFO o.a.j.r.c.ReportGeneratorConfiguration: Property 'jmeter.reportgenerator.graph.latenciesOverTime.exclude_controllers' not found, using default value 'false' instead.
2021-05-19 13:00:48,814 INFO o.a.j.r.c.ReportGeneratorConfiguration: Property 'jmeter.reportgenerator.exporter.json.filters_only_sample_series' not found, using default value 'true' instead.
2021-05-19 13:00:48,814 INFO o.a.j.r.c.ReportGeneratorConfiguration: Property 'jmeter.reportgenerator.exporter.json.series_filter' not found, using default value '' instead.
2021-05-19 13:00:48,814 INFO o.a.j.r.c.ReportGeneratorConfiguration: Property 'jmeter.reportgenerator.exporter.json.show_controllers_only' not found, using default value 'false' instead.
2021-05-19 13:00:48,814 INFO o.a.j.r.c.ReportGeneratorConfiguration: Property 'jmeter.reportgenerator.exporter.html.filters_only_sample_series' not found, using default value 'true' instead.
2021-05-19 13:00:48,814 INFO o.a.j.r.c.ReportGeneratorConfiguration: Property 'jmeter.reportgenerator.exporter.html.series_filter' not found, using default value '' instead.
2021-05-19 13:00:48,814 INFO o.a.j.r.c.ReportGeneratorConfiguration: Property 'jmeter.reportgenerator.exporter.html.show_controllers_only' not found, using default value 'false' instead.
2021-05-19 13:00:48,818 INFO o.a.j.e.StandardJMeterEngine: Running the test!
2021-05-19 13:00:48,819 INFO o.a.j.s.SampleEvent: List of sample_variables: []
2021-05-19 13:00:48,819 INFO o.a.j.s.SampleEvent: List of sample_variables: []
2021-05-19 13:00:48,824 INFO o.a.j.e.u.CompoundVariable: Note: Function class names must contain the string: '.functions.'
2021-05-19 13:00:48,824 INFO o.a.j.e.u.CompoundVariable: Note: Function class names must not contain the string: '.gui.'
2021-05-19 13:00:49,214 INFO o.a.j.JMeter: Running test (1621409449214)
2021-05-19 13:00:49,288 INFO o.a.j.e.StandardJMeterEngine: Starting ThreadGroup: 1 : L0-iSource-JOB
2021-05-19 13:00:49,288 INFO o.a.j.e.StandardJMeterEngine: Starting 10 threads for group L0-iSource-JOB.
2021-05-19 13:00:49,288 INFO o.a.j.e.StandardJMeterEngine: Thread will stop on error
2021-05-19 13:00:49,289 INFO o.a.j.t.ThreadGroup: Starting thread group... number=1 threads=10 ramp-up=50 perThread=5000.0 delayedStart=false
2021-05-19 13:00:49,311 INFO o.a.j.s.SampleResult: Note: Sample TimeStamps are START times
2021-05-19 13:00:49,312 INFO o.a.j.s.SampleResult: sampleresult.default.encoding is set to ISO-8859-1
2021-05-19 13:00:49,312 INFO o.a.j.s.SampleResult: sampleresult.useNanoTime=true
2021-05-19 13:00:49,312 INFO o.a.j.s.SampleResult: sampleresult.nanoThreadSleep=5000
2021-05-19 13:00:49,323 INFO o.a.j.t.JMeterThread: Thread started: L0-iSource-JOB 1-1
2021-05-19 13:00:49,325 INFO o.a.j.c.LoopController: iterationStart called on 5.6# Questions_Text with source org.apache.jmeter.control.LoopController@24c058dd and iteration 1
2021-05-19 13:00:49,325 INFO o.a.j.c.LoopController: iterationStart called on 5.4# Questions_Multichoice with source org.apache.jmeter.control.LoopController@24c058dd and iteration 1
2021-05-19 13:00:49,325 INFO o.a.j.s.FileServer: Stored: D:\apache-jmeter-5.1\apache-jmeter-5.1\bin\excel\isource\Partner_ZCS_Users.csv
2021-05-19 13:00:49,343 INFO o.a.j.p.h.s.HTTPHCAbstractImpl: Local host = ZIPLSY2278
2021-05-19 13:00:49,350 INFO o.a.j.p.h.s.HTTPHC4Impl: HTTP request retry count = 0
2021-05-19 13:00:49,446 INFO o.a.j.p.h.s.h.LazyLayeredConnectionSocketFactory: Setting up HTTPS TrustAll Socket Factory
2021-05-19 13:00:49,453 INFO o.a.j.u.JsseSSLManager: Using default SSL protocol: TLS
2021-05-19 13:00:49,454 INFO o.a.j.u.JsseSSLManager: SSL session context: per-thread
2021-05-19 13:00:49,460 INFO o.a.j.t.ThreadGroup: Started thread group number 1
2021-05-19 13:00:49,460 INFO o.a.j.e.StandardJMeterEngine: All thread groups have been started
2021-05-19 13:00:49,918 INFO o.a.j.u.SSLManager: JmeterKeyStore Location:  type JKS
2021-05-19 13:00:49,919 INFO o.a.j.u.SSLManager: KeyStore created OK
2021-05-19 13:00:49,920 WARN o.a.j.u.SSLManager: Keystore file not found, loading empty keystore
2021-05-19 13:00:54,331 INFO o.a.j.t.JMeterThread: Thread started: L0-iSource-JOB 1-2
2021-05-19 13:00:54,333 INFO o.a.j.c.LoopController: iterationStart called on 5.6# Questions_Text with source org.apache.jmeter.control.LoopController@1b10ff3f and iteration 1
2021-05-19 13:00:54,334 INFO o.a.j.c.LoopController: iterationStart called on 5.4# Questions_Multichoice with source org.apache.jmeter.control.LoopController@1b10ff3f and iteration 1
2021-05-19 13:00:59,356 INFO o.a.j.t.JMeterThread: Thread started: L0-iSource-JOB 1-3
2021-05-19 13:00:59,359 INFO o.a.j.c.LoopController: iterationStart called on 5.6# Questions_Text with source org.apache.jmeter.control.LoopController@3f53c9bf and iteration 1
2021-05-19 13:00:59,359 INFO o.a.j.c.LoopController: iterationStart called on 5.4# Questions_Multichoice with source org.apache.jmeter.control.LoopController@3f53c9bf and iteration 1
2021-05-19 13:01:00,185 INFO o.a.j.r.Summariser: summary +     17 in 00:00:11 =    1.5/s Avg:   312 Min:    20 Max:  1297 Err:     0 (0.00%) Active: 3 Started: 3 Finished: 0
2021-05-19 13:01:04,388 INFO o.a.j.t.JMeterThread: Thread started: L0-iSource-JOB 1-4
2021-05-19 13:01:04,388 INFO o.a.j.c.LoopController: iterationStart called on 5.6# Questions_Text with source org.apache.jmeter.control.LoopController@4b4c5141 and iteration 1
2021-05-19 13:01:04,388 INFO o.a.j.c.LoopController: iterationStart called on 5.4# Questions_Multichoice with source org.apache.jmeter.control.LoopController@4b4c5141 and iteration 1
2021-05-19 13:01:09,394 INFO o.a.j.t.JMeterThread: Thread started: L0-iSource-JOB 1-5
2021-05-19 13:01:09,394 INFO o.a.j.c.LoopController: iterationStart called on 5.6# Questions_Text with source org.apache.jmeter.control.LoopController@2fea100e and iteration 1
2021-05-19 13:01:09,395 INFO o.a.j.c.LoopController: iterationStart called on 5.4# Questions_Multichoice with source org.apache.jmeter.control.LoopController@2fea100e and iteration 1
2021-05-19 13:01:14,412 INFO o.a.j.t.JMeterThread: Thread started: L0-iSource-JOB 1-6
2021-05-19 13:01:14,412 INFO o.a.j.c.LoopController: iterationStart called on 5.6# Questions_Text with source org.apache.jmeter.control.LoopController@237432cd and iteration 1
2021-05-19 13:01:14,412 INFO o.a.j.c.LoopController: iterationStart called on 5.4# Questions_Multichoice with source org.apache.jmeter.control.LoopController@237432cd and iteration 1
2021-05-19 13:01:19,430 INFO o.a.j.t.JMeterThread: Thread started: L0-iSource-JOB 1-7
2021-05-19 13:01:19,432 INFO o.a.j.c.LoopController: iterationStart called on 5.6# Questions_Text with source org.apache.jmeter.control.LoopController@798a98d4 and iteration 1
2021-05-19 13:01:19,432 INFO o.a.j.c.LoopController: iterationStart called on 5.4# Questions_Multichoice with source org.apache.jmeter.control.LoopController@798a98d4 and iteration 1
2021-05-19 13:01:24,441 INFO o.a.j.t.JMeterThread: Thread started: L0-iSource-JOB 1-8
2021-05-19 13:01:24,441 INFO o.a.j.c.LoopController: iterationStart called on 5.6# Questions_Text with source org.apache.jmeter.control.LoopController@72feac19 and iteration 1
2021-05-19 13:01:24,442 INFO o.a.j.c.LoopController: iterationStart called on 5.4# Questions_Multichoice with source org.apache.jmeter.control.LoopController@72feac19 and iteration 1
2021-05-19 13:01:29,450 INFO o.a.j.t.JMeterThread: Thread started: L0-iSource-JOB 1-9
2021-05-19 13:01:29,452 INFO o.a.j.c.LoopController: iterationStart called on 5.6# Questions_Text with source org.apache.jmeter.control.LoopController@23b75b and iteration 1
2021-05-19 13:01:29,452 INFO o.a.j.c.LoopController: iterationStart called on 5.4# Questions_Multichoice with source org.apache.jmeter.control.LoopController@23b75b and iteration 1
2021-05-19 13:01:30,114 INFO o.a.j.r.Summariser: summary +    144 in 00:00:30 =    4.8/s Avg:   555 Min:    14 Max:  9927 Err:     0 (0.00%) Active: 9 Started: 9 Finished: 0
2021-05-19 13:01:30,115 INFO o.a.j.r.Summariser: summary =    161 in 00:00:41 =    3.9/s Avg:   529 Min:    14 Max:  9927 Err:     0 (0.00%)
2021-05-19 13:01:34,466 INFO o.a.j.t.JMeterThread: Thread started: L0-iSource-JOB 1-10
2021-05-19 13:01:34,466 INFO o.a.j.c.LoopController: iterationStart called on 5.6# Questions_Text with source org.apache.jmeter.control.LoopController@3ff8f805 and iteration 1
2021-05-19 13:01:34,466 INFO o.a.j.c.LoopController: iterationStart called on 5.4# Questions_Multichoice with source org.apache.jmeter.control.LoopController@3ff8f805 and iteration 1
2021-05-19 13:02:00,081 INFO o.a.j.r.Summariser: summary +    165 in 00:00:30 =    5.5/s Avg:  1194 Min:    18 Max: 12068 Err:     0 (0.00%) Active: 10 Started: 10 Finished: 0
2021-05-19 13:02:00,082 INFO o.a.j.r.Summariser: summary =    326 in 00:01:11 =    4.6/s Avg:   865 Min:    14 Max: 12068 Err:     0 (0.00%)
2021-05-19 13:02:10,496 INFO o.a.j.t.JMeterThread: Stop Thread detected by thread: L0-iSource-JOB 1-7
2021-05-19 13:02:10,497 INFO o.a.j.t.JMeterThread: Thread finished: L0-iSource-JOB 1-7
2021-05-19 13:02:15,542 INFO o.a.j.s.FileServer: Stored: D:\apache-jmeter-5.1\apache-jmeter-5.1\bin\excel\isource\PricingLot_2000.xlsx
2021-05-19 13:02:30,062 INFO o.a.j.r.Summariser: summary +    120 in 00:00:30 =    4.0/s Avg:  1179 Min:   253 Max: 12816 Err:     1 (0.83%) Active: 9 Started: 10 Finished: 1
2021-05-19 13:02:30,062 INFO o.a.j.r.Summariser: summary =    446 in 00:01:41 =    4.4/s Avg:   950 Min:    14 Max: 12816 Err:     1 (0.22%)
2021-05-19 13:03:00,230 INFO o.a.j.r.Summariser: summary +     64 in 00:00:30 =    2.1/s Avg:  3166 Min:   289 Max: 32956 Err:     0 (0.00%) Active: 9 Started: 10 Finished: 1
2021-05-19 13:03:00,231 INFO o.a.j.r.Summariser: summary =    510 in 00:02:11 =    3.9/s Avg:  1228 Min:    14 Max: 32956 Err:     1 (0.20%)
2021-05-19 13:03:30,707 INFO o.a.j.r.Summariser: summary +     24 in 00:00:30 =    0.8/s Avg:  7828 Min:   453 Max: 38793 Err:     0 (0.00%) Active: 9 Started: 10 Finished: 1
2021-05-19 13:03:30,708 INFO o.a.j.r.Summariser: summary =    534 in 00:02:41 =    3.3/s Avg:  1524 Min:    14 Max: 38793 Err:     1 (0.19%)
2021-05-19 13:04:00,136 INFO o.a.j.r.Summariser: summary +     48 in 00:00:29 =    1.6/s Avg:  6631 Min:   775 Max: 43795 Err:     0 (0.00%) Active: 9 Started: 10 Finished: 1
2021-05-19 13:04:00,136 INFO o.a.j.r.Summariser: summary =    582 in 00:03:11 =    3.0/s Avg:  1946 Min:    14 Max: 43795 Err:     1 (0.17%)
2021-05-19 13:04:31,130 INFO o.a.j.r.Summariser: summary +     72 in 00:00:31 =    2.3/s Avg:  3792 Min:   377 Max: 49045 Err:     0 (0.00%) Active: 9 Started: 10 Finished: 1
2021-05-19 13:04:31,131 INFO o.a.j.r.Summariser: summary =    654 in 00:03:42 =    2.9/s Avg:  2149 Min:    14 Max: 49045 Err:     1 (0.15%)
2021-05-19 13:04:46,930 INFO o.a.j.s.FileServer: Stored: D:\apache-jmeter-5.1\apache-jmeter-5.1\bin\excel\isource\MCQquest.xlsx
2021-05-19 13:04:54,063 INFO o.a.j.s.FileServer: Stored: D:\apache-jmeter-5.1\apache-jmeter-5.1\bin\excel\isource\100mb.docx
2021-05-19 13:05:00,244 INFO o.a.j.r.Summariser: summary +    118 in 00:00:29 =    4.1/s Avg:  1328 Min:   309 Max: 13380 Err:     0 (0.00%) Active: 9 Started: 10 Finished: 1
2021-05-19 13:05:00,245 INFO o.a.j.r.Summariser: summary =    772 in 00:04:11 =    3.1/s Avg:  2023 Min:    14 Max: 49045 Err:     1 (0.13%)
2021-05-19 13:05:30,109 INFO o.a.j.r.Summariser: summary +    128 in 00:00:30 =    4.3/s Avg:  1201 Min:   301 Max:  3213 Err:     0 (0.00%) Active: 9 Started: 10 Finished: 1
2021-05-19 13:05:30,110 INFO o.a.j.r.Summariser: summary =    900 in 00:04:41 =    3.2/s Avg:  1906 Min:    14 Max: 49045 Err:     1 (0.11%)
2021-05-19 13:06:00,046 INFO o.a.j.r.Summariser: summary +    174 in 00:00:30 =    5.8/s Avg:   922 Min:   284 Max:  3216 Err:     0 (0.00%) Active: 9 Started: 10 Finished: 1
2021-05-19 13:06:00,047 INFO o.a.j.r.Summariser: summary =   1074 in 00:05:11 =    3.5/s Avg:  1747 Min:    14 Max: 49045 Err:     1 (0.09%)
2021-05-19 13:06:00,989 ERROR o.a.j.u.BeanShellInterpreter: Error invoking bsh method: eval	Sourced file: inline evaluation of: ``String totalRecords = vars.get("totalRecords"); String perpage = vars.get("perpa . . . '' : Typed variable declaration : Method Invocation Integer.parseInt
2021-05-19 13:06:00,989 WARN o.a.j.e.BeanShellPostProcessor: Problem in BeanShell script: org.apache.jorphan.util.JMeterException: Error invoking bsh method: eval	Sourced file: inline evaluation of: ``String totalRecords = vars.get("totalRecords"); String perpage = vars.get("perpa . . . '' : Typed variable declaration : Method Invocation Integer.parseInt
2021-05-19 13:06:03,092 ERROR o.a.j.u.BeanShellInterpreter: Error invoking bsh method: eval	Sourced file: inline evaluation of: ``String totalRecords = vars.get("totalRecords"); String perpage = vars.get("perpa . . . '' : Typed variable declaration : Method Invocation Integer.parseInt
2021-05-19 13:06:03,092 WARN o.a.j.e.BeanShellPostProcessor: Problem in BeanShell script: org.apache.jorphan.util.JMeterException: Error invoking bsh method: eval	Sourced file: inline evaluation of: ``String totalRecords = vars.get("totalRecords"); String perpage = vars.get("perpa . . . '' : Typed variable declaration : Method Invocation Integer.parseInt
2021-05-19 13:06:06,989 ERROR o.a.j.u.BeanShellInterpreter: Error invoking bsh method: eval	Sourced file: inline evaluation of: ``String totalRecords = vars.get("totalRecords"); String perpage = vars.get("perpa . . . '' : Typed variable declaration : Method Invocation Integer.parseInt
2021-05-19 13:06:06,989 WARN o.a.j.e.BeanShellPostProcessor: Problem in BeanShell script: org.apache.jorphan.util.JMeterException: Error invoking bsh method: eval	Sourced file: inline evaluation of: ``String totalRecords = vars.get("totalRecords"); String perpage = vars.get("perpa . . . '' : Typed variable declaration : Method Invocation Integer.parseInt
2021-05-19 13:06:10,992 ERROR o.a.j.u.BeanShellInterpreter: Error invoking bsh method: eval	Sourced file: inline evaluation of: ``String totalRecords = vars.get("totalRecords"); String perpage = vars.get("perpa . . . '' : Typed variable declaration : Method Invocation Integer.parseInt
2021-05-19 13:06:10,992 WARN o.a.j.e.BeanShellPostProcessor: Problem in BeanShell script: org.apache.jorphan.util.JMeterException: Error invoking bsh method: eval	Sourced file: inline evaluation of: ``String totalRecords = vars.get("totalRecords"); String perpage = vars.get("perpa . . . '' : Typed variable declaration : Method Invocation Integer.parseInt
2021-05-19 13:06:12,893 ERROR o.a.j.u.BeanShellInterpreter: Error invoking bsh method: eval	Sourced file: inline evaluation of: ``String totalRecords = vars.get("totalRecords"); String perpage = vars.get("perpa . . . '' : Typed variable declaration : Method Invocation Integer.parseInt
2021-05-19 13:06:12,893 WARN o.a.j.e.BeanShellPostProcessor: Problem in BeanShell script: org.apache.jorphan.util.JMeterException: Error invoking bsh method: eval	Sourced file: inline evaluation of: ``String totalRecords = vars.get("totalRecords"); String perpage = vars.get("perpa . . . '' : Typed variable declaration : Method Invocation Integer.parseInt
2021-05-19 13:06:30,107 INFO o.a.j.r.Summariser: summary +    128 in 00:00:30 =    4.3/s Avg:  1337 Min:   289 Max:  9955 Err:     0 (0.00%) Active: 9 Started: 10 Finished: 1
2021-05-19 13:06:30,107 INFO o.a.j.r.Summariser: summary =   1202 in 00:05:41 =    3.5/s Avg:  1703 Min:    14 Max: 49045 Err:     1 (0.08%)
2021-05-19 13:06:31,682 ERROR o.a.j.u.BeanShellInterpreter: Error invoking bsh method: eval	Sourced file: inline evaluation of: ``String totalRecords = vars.get("totalRecords"); String perpage = vars.get("perpa . . . '' : Typed variable declaration : Method Invocation Integer.parseInt
2021-05-19 13:06:31,683 WARN o.a.j.e.BeanShellPostProcessor: Problem in BeanShell script: org.apache.jorphan.util.JMeterException: Error invoking bsh method: eval	Sourced file: inline evaluation of: ``String totalRecords = vars.get("totalRecords"); String perpage = vars.get("perpa . . . '' : Typed variable declaration : Method Invocation Integer.parseInt
2021-05-19 13:06:46,672 ERROR o.a.j.u.BeanShellInterpreter: Error invoking bsh method: eval	Sourced file: inline evaluation of: ``String totalRecords = vars.get("totalRecords"); String perpage = vars.get("perpa . . . '' : Typed variable declaration : Method Invocation Integer.parseInt
2021-05-19 13:06:46,673 WARN o.a.j.e.BeanShellPostProcessor: Problem in BeanShell script: org.apache.jorphan.util.JMeterException: Error invoking bsh method: eval	Sourced file: inline evaluation of: ``String totalRecords = vars.get("totalRecords"); String perpage = vars.get("perpa . . . '' : Typed variable declaration : Method Invocation Integer.parseInt
2021-05-19 13:06:51,628 ERROR o.a.j.u.BeanShellInterpreter: Error invoking bsh method: eval	Sourced file: inline evaluation of: ``String totalRecords = vars.get("totalRecords"); String perpage = vars.get("perpa . . . '' : Typed variable declaration : Method Invocation Integer.parseInt
2021-05-19 13:06:51,629 WARN o.a.j.e.BeanShellPostProcessor: Problem in BeanShell script: org.apache.jorphan.util.JMeterException: Error invoking bsh method: eval	Sourced file: inline evaluation of: ``String totalRecords = vars.get("totalRecords"); String perpage = vars.get("perpa . . . '' : Typed variable declaration : Method Invocation Integer.parseInt
2021-05-19 13:06:55,683 ERROR o.a.j.u.BeanShellInterpreter: Error invoking bsh method: eval	Sourced file: inline evaluation of: ``String totalRecords = vars.get("totalRecords"); String perpage = vars.get("perpa . . . '' : Typed variable declaration : Method Invocation Integer.parseInt
2021-05-19 13:06:55,683 WARN o.a.j.e.BeanShellPostProcessor: Problem in BeanShell script: org.apache.jorphan.util.JMeterException: Error invoking bsh method: eval	Sourced file: inline evaluation of: ``String totalRecords = vars.get("totalRecords"); String perpage = vars.get("perpa . . . '' : Typed variable declaration : Method Invocation Integer.parseInt
2021-05-19 13:07:00,734 INFO o.a.j.r.Summariser: summary +     79 in 00:00:31 =    2.6/s Avg:  2322 Min:   343 Max: 10868 Err:     0 (0.00%) Active: 9 Started: 10 Finished: 1
2021-05-19 13:07:00,734 INFO o.a.j.r.Summariser: summary =   1281 in 00:06:12 =    3.4/s Avg:  1741 Min:    14 Max: 49045 Err:     1 (0.08%)
2021-05-19 13:07:30,497 INFO o.a.j.r.Summariser: summary +     99 in 00:00:30 =    3.3/s Avg:  2143 Min:   299 Max: 12889 Err:     0 (0.00%) Active: 9 Started: 10 Finished: 1
2021-05-19 13:07:30,498 INFO o.a.j.r.Summariser: summary =   1380 in 00:06:41 =    3.4/s Avg:  1770 Min:    14 Max: 49045 Err:     1 (0.07%)
2021-05-19 13:07:48,503 INFO o.a.j.t.JMeterThread: Thread is done: L0-iSource-JOB 1-1
2021-05-19 13:07:48,504 INFO o.a.j.t.JMeterThread: Thread finished: L0-iSource-JOB 1-1
2021-05-19 13:07:55,046 INFO o.a.j.t.JMeterThread: Thread is done: L0-iSource-JOB 1-2
2021-05-19 13:07:55,046 INFO o.a.j.t.JMeterThread: Thread finished: L0-iSource-JOB 1-2
2021-05-19 13:07:55,706 INFO o.a.j.t.JMeterThread: Thread is done: L0-iSource-JOB 1-4
2021-05-19 13:07:55,706 INFO o.a.j.t.JMeterThread: Thread finished: L0-iSource-JOB 1-4
2021-05-19 13:08:00,992 INFO o.a.j.r.Summariser: summary +    100 in 00:00:30 =    3.3/s Avg:  2447 Min:   297 Max: 13255 Err:     0 (0.00%) Active: 6 Started: 10 Finished: 4
2021-05-19 13:08:00,993 INFO o.a.j.r.Summariser: summary =   1480 in 00:07:12 =    3.4/s Avg:  1816 Min:    14 Max: 49045 Err:     1 (0.07%)
2021-05-19 13:08:04,397 INFO o.a.j.t.JMeterThread: Thread is done: L0-iSource-JOB 1-5
2021-05-19 13:08:04,398 INFO o.a.j.t.JMeterThread: Thread finished: L0-iSource-JOB 1-5
2021-05-19 13:08:05,323 INFO o.a.j.t.JMeterThread: Thread is done: L0-iSource-JOB 1-3
2021-05-19 13:08:05,323 INFO o.a.j.t.JMeterThread: Thread finished: L0-iSource-JOB 1-3
2021-05-19 13:08:21,335 INFO o.a.j.t.JMeterThread: Thread is done: L0-iSource-JOB 1-6
2021-05-19 13:08:21,335 INFO o.a.j.t.JMeterThread: Thread finished: L0-iSource-JOB 1-6
2021-05-19 13:08:30,232 INFO o.a.j.r.Summariser: summary +     29 in 00:00:29 =    1.0/s Avg:  3364 Min:   334 Max: 13741 Err:     0 (0.00%) Active: 3 Started: 10 Finished: 7
2021-05-19 13:08:30,232 INFO o.a.j.r.Summariser: summary =   1509 in 00:07:41 =    3.3/s Avg:  1846 Min:    14 Max: 49045 Err:     1 (0.07%)
2021-05-19 13:08:39,082 INFO o.a.j.t.JMeterThread: Thread is done: L0-iSource-JOB 1-8
2021-05-19 13:08:39,082 INFO o.a.j.t.JMeterThread: Thread finished: L0-iSource-JOB 1-8
2021-05-19 13:08:39,385 INFO o.a.j.t.JMeterThread: Thread is done: L0-iSource-JOB 1-10
2021-05-19 13:08:39,385 INFO o.a.j.t.JMeterThread: Thread finished: L0-iSource-JOB 1-10
2021-05-19 13:08:43,697 INFO o.a.j.t.JMeterThread: Thread is done: L0-iSource-JOB 1-9
2021-05-19 13:08:43,697 INFO o.a.j.t.JMeterThread: Thread finished: L0-iSource-JOB 1-9
2021-05-19 13:08:43,698 INFO o.a.j.e.StandardJMeterEngine: Notifying test listeners of end of test
2021-05-19 13:08:43,698 INFO o.a.j.s.FileServer: Close: D:\apache-jmeter-5.1\apache-jmeter-5.1\bin\excel\isource\Partner_ZCS_Users.csv
2021-05-19 13:08:43,699 INFO o.a.j.r.Summariser: summary +     17 in 00:00:13 =    1.3/s Avg:  1358 Min:   306 Max: 12514 Err:     0 (0.00%) Active: 0 Started: 10 Finished: 10
2021-05-19 13:08:43,699 INFO o.a.j.r.Summariser: summary =   1526 in 00:07:54 =    3.2/s Avg:  1840 Min:    14 Max: 49045 Err:     1 (0.07%)
2021-05-19 13:08:43,699 INFO o.a.j.JMeter: Generating Dashboard
2021-05-19 13:08:43,699 INFO o.a.j.r.d.ReportGenerator: Flushing result collector before report Generation
2021-05-19 13:08:43,710 INFO o.a.j.r.p.NormalizerSampleConsumer: Using format, 'ms', to parse timeStamp field
2021-05-19 13:08:43,841 INFO o.a.j.r.p.AbstractSampleConsumer: class org.apache.jmeter.report.processor.AggregateConsumer#stopProducing(): beginDate produced 0 samples
2021-05-19 13:08:43,841 INFO o.a.j.r.p.AbstractSampleConsumer: class org.apache.jmeter.report.processor.AggregateConsumer#stopProducing(): endDate produced 0 samples
2021-05-19 13:08:43,843 INFO o.a.j.r.p.AbstractSampleConsumer: class org.apache.jmeter.report.processor.ApdexSummaryConsumer#stopProducing(): apdexSummary produced 0 samples
2021-05-19 13:08:43,843 INFO o.a.j.r.p.AbstractSampleConsumer: class org.apache.jmeter.report.processor.RequestsSummaryConsumer#stopProducing(): requestsSummary produced 0 samples
2021-05-19 13:08:43,850 INFO o.a.j.r.p.AbstractSampleConsumer: class org.apache.jmeter.report.processor.StatisticsSummaryConsumer#stopProducing(): statisticsSummary produced 0 samples
2021-05-19 13:08:43,854 INFO o.a.j.r.p.AbstractSampleConsumer: class org.apache.jmeter.report.processor.Top5ErrorsBySamplerConsumer#stopProducing(): top5ErrorsBySampler produced 0 samples
2021-05-19 13:08:43,854 INFO o.a.j.r.p.AbstractSampleConsumer: class org.apache.jmeter.report.processor.ErrorsSummaryConsumer#stopProducing(): errorsSummary produced 0 samples
2021-05-19 13:08:43,854 INFO o.a.j.r.p.AbstractSampleConsumer: class org.apache.jmeter.report.processor.graph.impl.HitsPerSecondGraphConsumer#stopProducing(): hitsPerSecond produced 0 samples
2021-05-19 13:08:43,878 INFO o.a.j.r.p.AbstractSampleConsumer: class org.apache.jmeter.report.processor.graph.impl.LatencyVSRequestGraphConsumer#stopProducing(): latencyVsRequest produced 0 samples
2021-05-19 13:08:43,879 INFO o.a.j.r.p.AbstractSampleConsumer: class org.apache.jmeter.report.processor.graph.impl.SyntheticResponseTimeDistributionGraphConsumer#stopProducing(): syntheticResponseTimeDistribution produced 0 samples
2021-05-19 13:08:43,879 INFO o.a.j.r.p.AbstractSampleConsumer: class org.apache.jmeter.report.processor.graph.impl.BytesThroughputGraphConsumer#stopProducing(): bytesThroughputOverTime produced 0 samples
2021-05-19 13:08:43,879 INFO o.a.j.r.p.AbstractSampleConsumer: class org.apache.jmeter.report.processor.graph.impl.CodesPerSecondGraphConsumer#stopProducing(): codesPerSecond produced 0 samples
2021-05-19 13:08:43,895 INFO o.a.j.r.p.AbstractSampleConsumer: class org.apache.jmeter.report.processor.graph.impl.ResponseTimeVSRequestGraphConsumer#stopProducing(): responseTimeVsRequest produced 0 samples
2021-05-19 13:08:43,895 INFO o.a.j.r.p.AbstractSampleConsumer: class org.apache.jmeter.report.processor.FilterConsumer#stopProducing(): startIntervalControlerFilter produced 10682 samples
2021-05-19 13:08:43,896 INFO o.a.j.r.p.AbstractSampleConsumer: class org.apache.jmeter.report.processor.graph.impl.TotalTPSGraphConsumer#stopProducing(): totalTPS produced 0 samples
2021-05-19 13:08:43,896 INFO o.a.j.r.p.AbstractSampleConsumer: class org.apache.jmeter.report.processor.graph.impl.ActiveThreadsGraphConsumer#stopProducing(): activeThreadsOverTime produced 0 samples
2021-05-19 13:08:43,896 INFO o.a.j.r.p.AbstractSampleConsumer: class org.apache.jmeter.report.processor.graph.impl.TimeVSThreadGraphConsumer#stopProducing(): timeVsThreads produced 0 samples
2021-05-19 13:08:43,905 INFO o.a.j.r.p.AbstractSampleConsumer: class org.apache.jmeter.report.processor.graph.impl.ResponseTimeDistributionGraphConsumer#stopProducing(): responseTimeDistribution produced 0 samples
2021-05-19 13:08:43,906 INFO o.a.j.r.p.AbstractSampleConsumer: class org.apache.jmeter.report.processor.graph.impl.TransactionsPerSecondGraphConsumer#stopProducing(): transactionsPerSecond produced 0 samples
2021-05-19 13:08:43,907 INFO o.a.j.r.p.AbstractSampleConsumer: class org.apache.jmeter.report.processor.graph.impl.ResponseTimePercentilesGraphConsumer#stopProducing(): responseTimePercentiles produced 0 samples
2021-05-19 13:08:43,926 INFO o.a.j.r.p.AbstractSampleConsumer: class org.apache.jmeter.report.processor.graph.impl.ResponseTimePercentilesOverTimeGraphConsumer#stopProducing(): responseTimePercentilesOverTime produced 0 samples
2021-05-19 13:08:43,926 INFO o.a.j.r.p.AbstractSampleConsumer: class org.apache.jmeter.report.processor.graph.impl.ResponseTimeOverTimeGraphConsumer#stopProducing(): responseTimesOverTime produced 0 samples
2021-05-19 13:08:43,927 INFO o.a.j.r.p.AbstractSampleConsumer: class org.apache.jmeter.report.processor.graph.impl.ConnectTimeOverTimeGraphConsumer#stopProducing(): connectTimeOverTime produced 0 samples
2021-05-19 13:08:43,928 INFO o.a.j.r.p.AbstractSampleConsumer: class org.apache.jmeter.report.processor.graph.impl.LatencyOverTimeGraphConsumer#stopProducing(): latenciesOverTime produced 0 samples
2021-05-19 13:08:43,929 INFO o.a.j.r.p.AbstractSampleConsumer: class org.apache.jmeter.report.processor.FilterConsumer#stopProducing(): nameFilter produced 26070 samples
2021-05-19 13:08:43,929 INFO o.a.j.r.p.AbstractSampleConsumer: class org.apache.jmeter.report.processor.FilterConsumer#stopProducing(): dateRangeFilter produced 5214 samples
2021-05-19 13:08:43,929 INFO o.a.j.r.p.AbstractSampleConsumer: class org.apache.jmeter.report.processor.NormalizerSampleConsumer#stopProducing(): normalizer produced 1738 samples
2021-05-19 13:08:43,930 INFO o.a.j.r.p.CsvFileSampleSource: produce(): 1738 samples produced in 199ms on channel 0
2021-05-19 13:08:43,930 INFO o.a.j.r.d.ReportGenerator: Exporting data using exporter:'json' of className:'org.apache.jmeter.report.dashboard.JsonExporter'
2021-05-19 13:08:43,932 INFO o.a.j.r.d.JsonExporter: Found data for consumer statisticsSummary in context
2021-05-19 13:08:43,932 INFO o.a.j.r.d.JsonExporter: Creating statistics for overall
2021-05-19 13:08:43,932 INFO o.a.j.r.d.JsonExporter: Creating statistics for other transactions
2021-05-19 13:08:43,933 INFO o.a.j.r.d.JsonExporter: Checking output folder
2021-05-19 13:08:43,934 INFO o.a.j.r.d.JsonExporter: Writing statistics JSON to C:\xampp\htdocs\PerformancePostgres\L0_iSource_10_RFQMultipleQuestionsPublish_2021-05-19_7\statistics.json
2021-05-19 13:08:44,079 INFO o.a.j.r.d.ReportGenerator: Exporting data using exporter:'html' of className:'org.apache.jmeter.report.dashboard.HtmlTemplateExporter'
2021-05-19 13:08:44,082 INFO o.a.j.r.d.HtmlTemplateExporter: Will generate dashboard in folder: C:\xampp\htdocs\PerformancePostgres\L0_iSource_10_RFQMultipleQuestionsPublish_2021-05-19_7
2021-05-19 13:08:44,399 INFO o.a.j.r.d.HtmlTemplateExporter: Report will be generated in: C:\xampp\htdocs\PerformancePostgres\L0_iSource_10_RFQMultipleQuestionsPublish_2021-05-19_7, creating folder structure
2021-05-19 13:08:44,403 INFO o.a.j.r.d.TemplateVisitor: Copying folder from 'D:\apache-jmeter-5.1\apache-jmeter-5.1\bin\report-template' to 'C:\xampp\htdocs\PerformancePostgres\L0_iSource_10_RFQMultipleQuestionsPublish_2021-05-19_7', got message:[C:\xampp\htdocs\PerformancePostgres\L0_iSource_10_RFQMultipleQuestionsPublish_2021-05-19_7\statistics.json], found non empty folder with following content {}, will be ignored
2021-05-19 13:08:45,158 INFO o.a.j.JMeter: Dashboard generated
