2021-05-19 10:16:33,784 INFO o.a.j.u.JMeterUtils: Setting Locale to en_EN
2021-05-19 10:16:33,795 INFO o.a.j.JMeter: Loading user properties from: user.properties
2021-05-19 10:16:33,795 INFO o.a.j.JMeter: Loading system properties from: system.properties
2021-05-19 10:16:33,795 INFO o.a.j.JMeter: Setting JMeter property: meter.reportgenerator.report_title=RFQMultipleQuestionsPublish
2021-05-19 10:16:33,795 INFO o.a.j.JMeter: Setting JMeter property: thread=10
2021-05-19 10:16:33,796 INFO o.a.j.JMeter: Setting JMeter property: rampup=30
2021-05-19 10:16:33,799 INFO o.a.j.JMeter: Copyright (c) 1998-2019 The Apache Software Foundation
2021-05-19 10:16:33,799 INFO o.a.j.JMeter: Version 5.1 r1853635
2021-05-19 10:16:33,799 INFO o.a.j.JMeter: java.version=1.8.0_121
2021-05-19 10:16:33,799 INFO o.a.j.JMeter: java.vm.name=Java HotSpot(TM) 64-Bit Server VM
2021-05-19 10:16:33,799 INFO o.a.j.JMeter: os.name=Windows 10
2021-05-19 10:16:33,799 INFO o.a.j.JMeter: os.arch=amd64
2021-05-19 10:16:33,800 INFO o.a.j.JMeter: os.version=10.0
2021-05-19 10:16:33,800 INFO o.a.j.JMeter: file.encoding=Cp1252
2021-05-19 10:16:33,800 INFO o.a.j.JMeter: java.awt.headless=true
2021-05-19 10:16:33,800 INFO o.a.j.JMeter: Max memory     =8589934592
2021-05-19 10:16:33,800 INFO o.a.j.JMeter: Available Processors =6
2021-05-19 10:16:33,802 INFO o.a.j.JMeter: Default Locale=English (EN)
2021-05-19 10:16:33,802 INFO o.a.j.JMeter: JMeter  Locale=English (EN)
2021-05-19 10:16:33,802 INFO o.a.j.JMeter: JMeterHome=D:\apache-jmeter-5.1\apache-jmeter-5.1
2021-05-19 10:16:33,802 INFO o.a.j.JMeter: user.dir  =D:\apache-jmeter-5.1\apache-jmeter-5.1\bin
2021-05-19 10:16:33,803 INFO o.a.j.JMeter: PWD       =D:\apache-jmeter-5.1\apache-jmeter-5.1\bin
2021-05-19 10:16:33,804 INFO o.a.j.JMeter: IP: 172.30.225.123 Name: ZIPLSY2278 FullName: ZIPLSY2278.zycus.net
2021-05-19 10:16:33,806 INFO o.a.j.JMeter: Setting property 'jmeter.reportgenerator.outputdir' to:'C:\xampp\htdocs\PerformancePostgres\L0_iSource_10_RFQMultipleQuestionsPublish_2021-05-19_3'
2021-05-19 10:16:33,807 INFO o.a.j.s.FileServer: Default base='D:\apache-jmeter-5.1\apache-jmeter-5.1\bin'
2021-05-19 10:16:33,810 INFO o.a.j.s.FileServer: Set new base='D:\PostrgresMigration\iSource'
2021-05-19 10:16:33,903 INFO o.a.j.s.SaveService: Testplan (JMX) version: 2.2. Testlog (JTL) version: 2.2
2021-05-19 10:16:33,913 INFO o.a.j.s.SaveService: Using SaveService properties file encoding UTF-8
2021-05-19 10:16:33,917 INFO o.a.j.s.SaveService: Using SaveService properties version 5.0
2021-05-19 10:16:33,923 INFO o.a.j.s.SaveService: Loading file: D:\PostrgresMigration\iSource\L0_iSource_RFQMultipleQuestionsPublish.jmx
2021-05-19 10:16:33,986 INFO o.a.j.p.h.c.CookieManager: Settings: Delete null: true Check: true Allow variable: true Save: false Prefix: COOKIE_
2021-05-19 10:16:33,989 INFO o.a.j.p.h.c.CacheManager: Will only cache the following methods: [GET]
2021-05-19 10:16:33,998 INFO o.a.j.p.h.s.HTTPSamplerBase: Parser for text/html is org.apache.jmeter.protocol.http.parser.LagartoBasedHtmlParser
2021-05-19 10:16:33,998 INFO o.a.j.p.h.s.HTTPSamplerBase: Parser for application/xhtml+xml is org.apache.jmeter.protocol.http.parser.LagartoBasedHtmlParser
2021-05-19 10:16:33,998 INFO o.a.j.p.h.s.HTTPSamplerBase: Parser for application/xml is org.apache.jmeter.protocol.http.parser.LagartoBasedHtmlParser
2021-05-19 10:16:33,998 INFO o.a.j.p.h.s.HTTPSamplerBase: Parser for text/xml is org.apache.jmeter.protocol.http.parser.LagartoBasedHtmlParser
2021-05-19 10:16:33,998 INFO o.a.j.p.h.s.HTTPSamplerBase: Parser for text/vnd.wap.wml is org.apache.jmeter.protocol.http.parser.RegexpHTMLParser
2021-05-19 10:16:33,998 INFO o.a.j.p.h.s.HTTPSamplerBase: Parser for text/css is org.apache.jmeter.protocol.http.parser.CssParser
2021-05-19 10:16:34,236 INFO o.a.j.JMeter: Creating summariser <summary>
2021-05-19 10:16:34,246 INFO o.a.j.r.d.ReportGenerator: ReportGenerator will use for Parsing the separator: ','
2021-05-19 10:16:34,246 INFO o.a.j.r.d.ReportGenerator: Will generate report at end of test from  results file: D:\PostrgresMigration\iSource\JTL\L0_iSource_10_RFQMultipleQuestionsPublish_2021-05-19_3.jtl
2021-05-19 10:16:34,246 INFO o.a.j.r.d.ReportGenerator: Reading report generator properties from: D:\apache-jmeter-5.1\apache-jmeter-5.1\bin\reportgenerator.properties
2021-05-19 10:16:34,247 INFO o.a.j.r.d.ReportGenerator: Merging with JMeter properties
2021-05-19 10:16:34,252 INFO o.a.j.r.c.ReportGeneratorConfiguration: Property 'jmeter.reportgenerator.temp_dir' not found, using default value 'temp' instead.
2021-05-19 10:16:34,254 INFO o.a.j.r.c.ReportGeneratorConfiguration: Property 'jmeter.reportgenerator.apdex_per_transaction' not found, using default value 'null' instead.
2021-05-19 10:16:34,254 INFO o.a.j.r.c.ReportGeneratorConfiguration: apdex_per_transaction : {} is empty, not APDEX per transaction customization
2021-05-19 10:16:34,254 INFO o.a.j.r.c.ReportGeneratorConfiguration: Property 'jmeter.reportgenerator.sample_filter' not found, using default value 'null' instead.
2021-05-19 10:16:34,256 INFO o.a.j.r.c.ReportGeneratorConfiguration: Property 'jmeter.reportgenerator.report_title' not found, using default value 'null' instead.
2021-05-19 10:16:34,257 INFO o.a.j.r.c.ReportGeneratorConfiguration: Property 'jmeter.reportgenerator.start_date' not found, using default value 'null' instead.
2021-05-19 10:16:34,259 INFO o.a.j.r.c.ReportGeneratorConfiguration: Property 'jmeter.reportgenerator.end_date' not found, using default value 'null' instead.
2021-05-19 10:16:34,260 INFO o.a.j.r.c.ReportGeneratorConfiguration: Property 'jmeter.reportgenerator.date_format' not found, using default value 'null' instead.
2021-05-19 10:16:34,261 INFO o.a.j.r.c.ReportGeneratorConfiguration: Will use date range start date: null, end date: null
2021-05-19 10:16:34,266 INFO o.a.j.r.c.ReportGeneratorConfiguration: Property 'jmeter.reportgenerator.graph.totalTPS.exclude_controllers' not found, using default value 'false' instead.
2021-05-19 10:16:34,267 INFO o.a.j.r.c.ReportGeneratorConfiguration: Property 'jmeter.reportgenerator.graph.activeThreadsOverTime.exclude_controllers' not found, using default value 'false' instead.
2021-05-19 10:16:34,267 INFO o.a.j.r.c.ReportGeneratorConfiguration: Property 'jmeter.reportgenerator.graph.timeVsThreads.exclude_controllers' not found, using default value 'false' instead.
2021-05-19 10:16:34,267 INFO o.a.j.r.c.ReportGeneratorConfiguration: Property 'jmeter.reportgenerator.graph.responseTimeDistribution.exclude_controllers' not found, using default value 'false' instead.
2021-05-19 10:16:34,267 INFO o.a.j.r.c.ReportGeneratorConfiguration: Property 'jmeter.reportgenerator.graph.transactionsPerSecond.exclude_controllers' not found, using default value 'false' instead.
2021-05-19 10:16:34,267 INFO o.a.j.r.c.ReportGeneratorConfiguration: Property 'jmeter.reportgenerator.graph.responseTimePercentiles.exclude_controllers' not found, using default value 'false' instead.
2021-05-19 10:16:34,267 INFO o.a.j.r.c.ReportGeneratorConfiguration: Property 'jmeter.reportgenerator.graph.responseTimePercentilesOverTime.exclude_controllers' not found, using default value 'false' instead.
2021-05-19 10:16:34,267 INFO o.a.j.r.c.ReportGeneratorConfiguration: Property 'jmeter.reportgenerator.graph.responseTimesOverTime.exclude_controllers' not found, using default value 'false' instead.
2021-05-19 10:16:34,267 INFO o.a.j.r.c.ReportGeneratorConfiguration: Property 'jmeter.reportgenerator.graph.connectTimeOverTime.exclude_controllers' not found, using default value 'false' instead.
2021-05-19 10:16:34,267 INFO o.a.j.r.c.ReportGeneratorConfiguration: Property 'jmeter.reportgenerator.graph.latenciesOverTime.exclude_controllers' not found, using default value 'false' instead.
2021-05-19 10:16:34,268 INFO o.a.j.r.c.ReportGeneratorConfiguration: Property 'jmeter.reportgenerator.exporter.json.filters_only_sample_series' not found, using default value 'true' instead.
2021-05-19 10:16:34,269 INFO o.a.j.r.c.ReportGeneratorConfiguration: Property 'jmeter.reportgenerator.exporter.json.series_filter' not found, using default value '' instead.
2021-05-19 10:16:34,269 INFO o.a.j.r.c.ReportGeneratorConfiguration: Property 'jmeter.reportgenerator.exporter.json.show_controllers_only' not found, using default value 'false' instead.
2021-05-19 10:16:34,269 INFO o.a.j.r.c.ReportGeneratorConfiguration: Property 'jmeter.reportgenerator.exporter.html.filters_only_sample_series' not found, using default value 'true' instead.
2021-05-19 10:16:34,269 INFO o.a.j.r.c.ReportGeneratorConfiguration: Property 'jmeter.reportgenerator.exporter.html.series_filter' not found, using default value '' instead.
2021-05-19 10:16:34,269 INFO o.a.j.r.c.ReportGeneratorConfiguration: Property 'jmeter.reportgenerator.exporter.html.show_controllers_only' not found, using default value 'false' instead.
2021-05-19 10:16:34,277 INFO o.a.j.e.StandardJMeterEngine: Running the test!
2021-05-19 10:16:34,277 INFO o.a.j.s.SampleEvent: List of sample_variables: []
2021-05-19 10:16:34,277 INFO o.a.j.s.SampleEvent: List of sample_variables: []
2021-05-19 10:16:34,283 INFO o.a.j.e.u.CompoundVariable: Note: Function class names must contain the string: '.functions.'
2021-05-19 10:16:34,283 INFO o.a.j.e.u.CompoundVariable: Note: Function class names must not contain the string: '.gui.'
2021-05-19 10:16:34,678 INFO o.a.j.JMeter: Running test (1621399594678)
2021-05-19 10:16:34,743 INFO o.a.j.e.StandardJMeterEngine: Starting ThreadGroup: 1 : L0-iSource-JOB
2021-05-19 10:16:34,743 INFO o.a.j.e.StandardJMeterEngine: Starting 10 threads for group L0-iSource-JOB.
2021-05-19 10:16:34,743 INFO o.a.j.e.StandardJMeterEngine: Thread will stop on error
2021-05-19 10:16:34,744 INFO o.a.j.t.ThreadGroup: Starting thread group... number=1 threads=10 ramp-up=30 perThread=3000.0 delayedStart=false
2021-05-19 10:16:34,767 INFO o.a.j.s.SampleResult: Note: Sample TimeStamps are START times
2021-05-19 10:16:34,767 INFO o.a.j.s.SampleResult: sampleresult.default.encoding is set to ISO-8859-1
2021-05-19 10:16:34,767 INFO o.a.j.s.SampleResult: sampleresult.useNanoTime=true
2021-05-19 10:16:34,767 INFO o.a.j.s.SampleResult: sampleresult.nanoThreadSleep=5000
2021-05-19 10:16:34,780 INFO o.a.j.t.JMeterThread: Thread started: L0-iSource-JOB 1-1
2021-05-19 10:16:34,782 INFO o.a.j.c.LoopController: iterationStart called on 5.6# Questions_Text with source org.apache.jmeter.control.LoopController@60f76d39 and iteration 1
2021-05-19 10:16:34,782 INFO o.a.j.c.LoopController: iterationStart called on 5.4# Questions_Multichoice with source org.apache.jmeter.control.LoopController@60f76d39 and iteration 1
2021-05-19 10:16:34,782 INFO o.a.j.s.FileServer: Stored: D:\apache-jmeter-5.1\apache-jmeter-5.1\bin\excel\isource\Partner_ZCS_Users.csv
2021-05-19 10:16:34,801 INFO o.a.j.p.h.s.HTTPHCAbstractImpl: Local host = ZIPLSY2278
2021-05-19 10:16:34,810 INFO o.a.j.p.h.s.HTTPHC4Impl: HTTP request retry count = 0
2021-05-19 10:16:34,946 INFO o.a.j.t.ThreadGroup: Started thread group number 1
2021-05-19 10:16:34,946 INFO o.a.j.e.StandardJMeterEngine: All thread groups have been started
2021-05-19 10:16:34,974 INFO o.a.j.p.h.s.h.LazyLayeredConnectionSocketFactory: Setting up HTTPS TrustAll Socket Factory
2021-05-19 10:16:34,982 INFO o.a.j.u.JsseSSLManager: Using default SSL protocol: TLS
2021-05-19 10:16:34,982 INFO o.a.j.u.JsseSSLManager: SSL session context: per-thread
2021-05-19 10:16:35,652 INFO o.a.j.u.SSLManager: JmeterKeyStore Location:  type JKS
2021-05-19 10:16:35,654 INFO o.a.j.u.SSLManager: KeyStore created OK
2021-05-19 10:16:35,654 WARN o.a.j.u.SSLManager: Keystore file not found, loading empty keystore
2021-05-19 10:16:37,787 INFO o.a.j.t.JMeterThread: Thread started: L0-iSource-JOB 1-2
2021-05-19 10:16:37,789 INFO o.a.j.c.LoopController: iterationStart called on 5.6# Questions_Text with source org.apache.jmeter.control.LoopController@771a7055 and iteration 1
2021-05-19 10:16:37,790 INFO o.a.j.c.LoopController: iterationStart called on 5.4# Questions_Multichoice with source org.apache.jmeter.control.LoopController@771a7055 and iteration 1
2021-05-19 10:16:40,804 INFO o.a.j.t.JMeterThread: Thread started: L0-iSource-JOB 1-3
2021-05-19 10:16:40,806 INFO o.a.j.c.LoopController: iterationStart called on 5.6# Questions_Text with source org.apache.jmeter.control.LoopController@7832f9a0 and iteration 1
2021-05-19 10:16:40,807 INFO o.a.j.c.LoopController: iterationStart called on 5.4# Questions_Multichoice with source org.apache.jmeter.control.LoopController@7832f9a0 and iteration 1
2021-05-19 10:16:43,824 INFO o.a.j.t.JMeterThread: Thread started: L0-iSource-JOB 1-4
2021-05-19 10:16:43,827 INFO o.a.j.c.LoopController: iterationStart called on 5.6# Questions_Text with source org.apache.jmeter.control.LoopController@3c64ade1 and iteration 1
2021-05-19 10:16:43,828 INFO o.a.j.c.LoopController: iterationStart called on 5.4# Questions_Multichoice with source org.apache.jmeter.control.LoopController@3c64ade1 and iteration 1
2021-05-19 10:16:46,829 INFO o.a.j.t.JMeterThread: Thread started: L0-iSource-JOB 1-5
2021-05-19 10:16:46,829 INFO o.a.j.c.LoopController: iterationStart called on 5.6# Questions_Text with source org.apache.jmeter.control.LoopController@13e160a2 and iteration 1
2021-05-19 10:16:46,829 INFO o.a.j.c.LoopController: iterationStart called on 5.4# Questions_Multichoice with source org.apache.jmeter.control.LoopController@13e160a2 and iteration 1
2021-05-19 10:16:49,865 INFO o.a.j.t.JMeterThread: Thread started: L0-iSource-JOB 1-6
2021-05-19 10:16:49,866 INFO o.a.j.c.LoopController: iterationStart called on 5.6# Questions_Text with source org.apache.jmeter.control.LoopController@5f81ca94 and iteration 1
2021-05-19 10:16:49,866 INFO o.a.j.c.LoopController: iterationStart called on 5.4# Questions_Multichoice with source org.apache.jmeter.control.LoopController@5f81ca94 and iteration 1
2021-05-19 10:16:52,887 INFO o.a.j.t.JMeterThread: Thread started: L0-iSource-JOB 1-7
2021-05-19 10:16:52,888 INFO o.a.j.c.LoopController: iterationStart called on 5.6# Questions_Text with source org.apache.jmeter.control.LoopController@19a4d122 and iteration 1
2021-05-19 10:16:52,888 INFO o.a.j.c.LoopController: iterationStart called on 5.4# Questions_Multichoice with source org.apache.jmeter.control.LoopController@19a4d122 and iteration 1
2021-05-19 10:16:55,919 INFO o.a.j.t.JMeterThread: Thread started: L0-iSource-JOB 1-8
2021-05-19 10:16:55,919 INFO o.a.j.c.LoopController: iterationStart called on 5.6# Questions_Text with source org.apache.jmeter.control.LoopController@6c293054 and iteration 1
2021-05-19 10:16:55,919 INFO o.a.j.c.LoopController: iterationStart called on 5.4# Questions_Multichoice with source org.apache.jmeter.control.LoopController@6c293054 and iteration 1
2021-05-19 10:16:58,939 INFO o.a.j.t.JMeterThread: Thread started: L0-iSource-JOB 1-9
2021-05-19 10:16:58,939 INFO o.a.j.c.LoopController: iterationStart called on 5.6# Questions_Text with source org.apache.jmeter.control.LoopController@367b3701 and iteration 1
2021-05-19 10:16:58,940 INFO o.a.j.c.LoopController: iterationStart called on 5.4# Questions_Multichoice with source org.apache.jmeter.control.LoopController@367b3701 and iteration 1
2021-05-19 10:17:00,046 INFO o.a.j.r.Summariser: summary +     87 in 00:00:25 =    3.4/s Avg:   666 Min:   191 Max:  1927 Err:     0 (0.00%) Active: 9 Started: 9 Finished: 0
2021-05-19 10:17:01,950 INFO o.a.j.t.JMeterThread: Thread started: L0-iSource-JOB 1-10
2021-05-19 10:17:01,952 INFO o.a.j.c.LoopController: iterationStart called on 5.6# Questions_Text with source org.apache.jmeter.control.LoopController@300cc387 and iteration 1
2021-05-19 10:17:01,952 INFO o.a.j.c.LoopController: iterationStart called on 5.4# Questions_Multichoice with source org.apache.jmeter.control.LoopController@300cc387 and iteration 1
2021-05-19 10:17:30,056 INFO o.a.j.r.Summariser: summary +    177 in 00:00:30 =    5.9/s Avg:  1090 Min:   157 Max: 11503 Err:     0 (0.00%) Active: 10 Started: 10 Finished: 0
2021-05-19 10:17:30,057 INFO o.a.j.r.Summariser: summary =    264 in 00:00:55 =    4.8/s Avg:   950 Min:   157 Max: 11503 Err:     0 (0.00%)
2021-05-19 10:18:00,031 INFO o.a.j.r.Summariser: summary +    155 in 00:00:30 =    5.2/s Avg:  1231 Min:   282 Max: 11753 Err:     0 (0.00%) Active: 10 Started: 10 Finished: 0
2021-05-19 10:18:00,032 INFO o.a.j.r.Summariser: summary =    419 in 00:01:25 =    4.9/s Avg:  1054 Min:   157 Max: 11753 Err:     0 (0.00%)
2021-05-19 10:18:06,194 INFO o.a.j.s.FileServer: Stored: D:\apache-jmeter-5.1\apache-jmeter-5.1\bin\excel\isource\PricingLot_2000.xlsx
2021-05-19 10:18:30,288 INFO o.a.j.r.Summariser: summary +    111 in 00:00:30 =    3.7/s Avg:  1152 Min:   284 Max: 14446 Err:     0 (0.00%) Active: 10 Started: 10 Finished: 0
2021-05-19 10:18:30,288 INFO o.a.j.r.Summariser: summary =    530 in 00:01:56 =    4.6/s Avg:  1074 Min:   157 Max: 14446 Err:     0 (0.00%)
2021-05-19 10:19:00,820 INFO o.a.j.r.Summariser: summary +     33 in 00:00:31 =    1.1/s Avg:  8398 Min:   339 Max: 43379 Err:     0 (0.00%) Active: 10 Started: 10 Finished: 0
2021-05-19 10:19:00,820 INFO o.a.j.r.Summariser: summary =    563 in 00:02:26 =    3.9/s Avg:  1504 Min:   157 Max: 43379 Err:     0 (0.00%)
2021-05-19 10:19:30,272 INFO o.a.j.r.Summariser: summary +     71 in 00:00:29 =    2.4/s Avg:  5294 Min:   626 Max: 43430 Err:     0 (0.00%) Active: 10 Started: 10 Finished: 0
2021-05-19 10:19:30,272 INFO o.a.j.r.Summariser: summary =    634 in 00:02:56 =    3.6/s Avg:  1928 Min:   157 Max: 43430 Err:     0 (0.00%)
2021-05-19 10:19:58,307 INFO o.a.j.s.FileServer: Stored: D:\apache-jmeter-5.1\apache-jmeter-5.1\bin\excel\isource\MCQquest.xlsx
2021-05-19 10:20:00,024 INFO o.a.j.r.Summariser: summary +    104 in 00:00:30 =    3.5/s Avg:  1803 Min:   311 Max:  7779 Err:     0 (0.00%) Active: 10 Started: 10 Finished: 0
2021-05-19 10:20:00,025 INFO o.a.j.r.Summariser: summary =    738 in 00:03:25 =    3.6/s Avg:  1910 Min:   157 Max: 43430 Err:     0 (0.00%)
2021-05-19 10:20:05,577 INFO o.a.j.s.FileServer: Stored: D:\apache-jmeter-5.1\apache-jmeter-5.1\bin\excel\isource\100mb.docx
2021-05-19 10:20:30,195 INFO o.a.j.r.Summariser: summary +    172 in 00:00:30 =    5.7/s Avg:  1022 Min:   301 Max:  3319 Err:     0 (0.00%) Active: 10 Started: 10 Finished: 0
2021-05-19 10:20:30,195 INFO o.a.j.r.Summariser: summary =    910 in 00:03:56 =    3.9/s Avg:  1743 Min:   157 Max: 43430 Err:     0 (0.00%)
2021-05-19 10:21:00,213 INFO o.a.j.r.Summariser: summary +    131 in 00:00:30 =    4.4/s Avg:   953 Min:   298 Max:  2421 Err:     0 (0.00%) Active: 10 Started: 10 Finished: 0
2021-05-19 10:21:00,214 INFO o.a.j.r.Summariser: summary =   1041 in 00:04:26 =    3.9/s Avg:  1643 Min:   157 Max: 43430 Err:     0 (0.00%)
2021-05-19 10:21:06,086 ERROR o.a.j.u.BeanShellInterpreter: Error invoking bsh method: eval	Sourced file: inline evaluation of: ``String totalRecords = vars.get("totalRecords"); String perpage = vars.get("perpa . . . '' : Typed variable declaration : Method Invocation Integer.parseInt
2021-05-19 10:21:06,087 WARN o.a.j.e.BeanShellPostProcessor: Problem in BeanShell script: org.apache.jorphan.util.JMeterException: Error invoking bsh method: eval	Sourced file: inline evaluation of: ``String totalRecords = vars.get("totalRecords"); String perpage = vars.get("perpa . . . '' : Typed variable declaration : Method Invocation Integer.parseInt
2021-05-19 10:21:22,158 ERROR o.a.j.u.BeanShellInterpreter: Error invoking bsh method: eval	Sourced file: inline evaluation of: ``String totalRecords = vars.get("totalRecords"); String perpage = vars.get("perpa . . . '' : Typed variable declaration : Method Invocation Integer.parseInt
2021-05-19 10:21:22,158 WARN o.a.j.e.BeanShellPostProcessor: Problem in BeanShell script: org.apache.jorphan.util.JMeterException: Error invoking bsh method: eval	Sourced file: inline evaluation of: ``String totalRecords = vars.get("totalRecords"); String perpage = vars.get("perpa . . . '' : Typed variable declaration : Method Invocation Integer.parseInt
2021-05-19 10:21:24,791 ERROR o.a.j.u.BeanShellInterpreter: Error invoking bsh method: eval	Sourced file: inline evaluation of: ``String totalRecords = vars.get("totalRecords"); String perpage = vars.get("perpa . . . '' : Typed variable declaration : Method Invocation Integer.parseInt
2021-05-19 10:21:24,791 WARN o.a.j.e.BeanShellPostProcessor: Problem in BeanShell script: org.apache.jorphan.util.JMeterException: Error invoking bsh method: eval	Sourced file: inline evaluation of: ``String totalRecords = vars.get("totalRecords"); String perpage = vars.get("perpa . . . '' : Typed variable declaration : Method Invocation Integer.parseInt
2021-05-19 10:21:26,795 ERROR o.a.j.u.BeanShellInterpreter: Error invoking bsh method: eval	Sourced file: inline evaluation of: ``String totalRecords = vars.get("totalRecords"); String perpage = vars.get("perpa . . . '' : Typed variable declaration : Method Invocation Integer.parseInt
2021-05-19 10:21:26,795 WARN o.a.j.e.BeanShellPostProcessor: Problem in BeanShell script: org.apache.jorphan.util.JMeterException: Error invoking bsh method: eval	Sourced file: inline evaluation of: ``String totalRecords = vars.get("totalRecords"); String perpage = vars.get("perpa . . . '' : Typed variable declaration : Method Invocation Integer.parseInt
2021-05-19 10:21:30,021 ERROR o.a.j.u.BeanShellInterpreter: Error invoking bsh method: eval	Sourced file: inline evaluation of: ``String totalRecords = vars.get("totalRecords"); String perpage = vars.get("perpa . . . '' : Typed variable declaration : Method Invocation Integer.parseInt
2021-05-19 10:21:30,021 WARN o.a.j.e.BeanShellPostProcessor: Problem in BeanShell script: org.apache.jorphan.util.JMeterException: Error invoking bsh method: eval	Sourced file: inline evaluation of: ``String totalRecords = vars.get("totalRecords"); String perpage = vars.get("perpa . . . '' : Typed variable declaration : Method Invocation Integer.parseInt
2021-05-19 10:21:30,021 INFO o.a.j.r.Summariser: summary +    265 in 00:00:30 =    8.9/s Avg:   752 Min:   298 Max:  8877 Err:     0 (0.00%) Active: 10 Started: 10 Finished: 0
2021-05-19 10:21:30,021 INFO o.a.j.r.Summariser: summary =   1306 in 00:04:55 =    4.4/s Avg:  1462 Min:   157 Max: 43430 Err:     0 (0.00%)
2021-05-19 10:21:32,332 ERROR o.a.j.u.BeanShellInterpreter: Error invoking bsh method: eval	Sourced file: inline evaluation of: ``String totalRecords = vars.get("totalRecords"); String perpage = vars.get("perpa . . . '' : Typed variable declaration : Method Invocation Integer.parseInt
2021-05-19 10:21:32,332 WARN o.a.j.e.BeanShellPostProcessor: Problem in BeanShell script: org.apache.jorphan.util.JMeterException: Error invoking bsh method: eval	Sourced file: inline evaluation of: ``String totalRecords = vars.get("totalRecords"); String perpage = vars.get("perpa . . . '' : Typed variable declaration : Method Invocation Integer.parseInt
2021-05-19 10:21:36,107 ERROR o.a.j.u.BeanShellInterpreter: Error invoking bsh method: eval	Sourced file: inline evaluation of: ``String totalRecords = vars.get("totalRecords"); String perpage = vars.get("perpa . . . '' : Typed variable declaration : Method Invocation Integer.parseInt
2021-05-19 10:21:36,107 WARN o.a.j.e.BeanShellPostProcessor: Problem in BeanShell script: org.apache.jorphan.util.JMeterException: Error invoking bsh method: eval	Sourced file: inline evaluation of: ``String totalRecords = vars.get("totalRecords"); String perpage = vars.get("perpa . . . '' : Typed variable declaration : Method Invocation Integer.parseInt
2021-05-19 10:21:38,350 ERROR o.a.j.u.BeanShellInterpreter: Error invoking bsh method: eval	Sourced file: inline evaluation of: ``String totalRecords = vars.get("totalRecords"); String perpage = vars.get("perpa . . . '' : Typed variable declaration : Method Invocation Integer.parseInt
2021-05-19 10:21:38,350 WARN o.a.j.e.BeanShellPostProcessor: Problem in BeanShell script: org.apache.jorphan.util.JMeterException: Error invoking bsh method: eval	Sourced file: inline evaluation of: ``String totalRecords = vars.get("totalRecords"); String perpage = vars.get("perpa . . . '' : Typed variable declaration : Method Invocation Integer.parseInt
2021-05-19 10:21:40,670 ERROR o.a.j.u.BeanShellInterpreter: Error invoking bsh method: eval	Sourced file: inline evaluation of: ``String totalRecords = vars.get("totalRecords"); String perpage = vars.get("perpa . . . '' : Typed variable declaration : Method Invocation Integer.parseInt
2021-05-19 10:21:40,670 WARN o.a.j.e.BeanShellPostProcessor: Problem in BeanShell script: org.apache.jorphan.util.JMeterException: Error invoking bsh method: eval	Sourced file: inline evaluation of: ``String totalRecords = vars.get("totalRecords"); String perpage = vars.get("perpa . . . '' : Typed variable declaration : Method Invocation Integer.parseInt
2021-05-19 10:21:46,358 ERROR o.a.j.u.BeanShellInterpreter: Error invoking bsh method: eval	Sourced file: inline evaluation of: ``String totalRecords = vars.get("totalRecords"); String perpage = vars.get("perpa . . . '' : Typed variable declaration : Method Invocation Integer.parseInt
2021-05-19 10:21:46,358 WARN o.a.j.e.BeanShellPostProcessor: Problem in BeanShell script: org.apache.jorphan.util.JMeterException: Error invoking bsh method: eval	Sourced file: inline evaluation of: ``String totalRecords = vars.get("totalRecords"); String perpage = vars.get("perpa . . . '' : Typed variable declaration : Method Invocation Integer.parseInt
2021-05-19 10:22:00,273 INFO o.a.j.r.Summariser: summary +     70 in 00:00:30 =    2.3/s Avg:  2702 Min:   347 Max:  9959 Err:     0 (0.00%) Active: 10 Started: 10 Finished: 0
2021-05-19 10:22:00,274 INFO o.a.j.r.Summariser: summary =   1376 in 00:05:26 =    4.2/s Avg:  1525 Min:   157 Max: 43430 Err:     0 (0.00%)
2021-05-19 10:22:30,115 INFO o.a.j.r.Summariser: summary +    104 in 00:00:30 =    3.5/s Avg:  2265 Min:   308 Max: 12276 Err:     0 (0.00%) Active: 10 Started: 10 Finished: 0
2021-05-19 10:22:30,116 INFO o.a.j.r.Summariser: summary =   1480 in 00:05:55 =    4.2/s Avg:  1577 Min:   157 Max: 43430 Err:     0 (0.00%)
2021-05-19 10:22:47,962 INFO o.a.j.t.JMeterThread: Thread is done: L0-iSource-JOB 1-1
2021-05-19 10:22:47,962 INFO o.a.j.t.JMeterThread: Thread finished: L0-iSource-JOB 1-1
2021-05-19 10:23:00,005 INFO o.a.j.r.Summariser: summary +    121 in 00:00:30 =    4.0/s Avg:  2019 Min:   288 Max: 12303 Err:     0 (0.00%) Active: 9 Started: 10 Finished: 1
2021-05-19 10:23:00,006 INFO o.a.j.r.Summariser: summary =   1601 in 00:06:25 =    4.2/s Avg:  1611 Min:   157 Max: 43430 Err:     0 (0.00%)
2021-05-19 10:23:02,792 INFO o.a.j.t.JMeterThread: Thread is done: L0-iSource-JOB 1-3
2021-05-19 10:23:02,792 INFO o.a.j.t.JMeterThread: Thread finished: L0-iSource-JOB 1-3
2021-05-19 10:23:08,087 INFO o.a.j.t.JMeterThread: Thread is done: L0-iSource-JOB 1-6
2021-05-19 10:23:08,088 INFO o.a.j.t.JMeterThread: Thread finished: L0-iSource-JOB 1-6
2021-05-19 10:23:09,008 INFO o.a.j.t.JMeterThread: Thread is done: L0-iSource-JOB 1-4
2021-05-19 10:23:09,009 INFO o.a.j.t.JMeterThread: Thread finished: L0-iSource-JOB 1-4
2021-05-19 10:23:13,272 INFO o.a.j.t.JMeterThread: Thread is done: L0-iSource-JOB 1-2
2021-05-19 10:23:13,272 INFO o.a.j.t.JMeterThread: Thread finished: L0-iSource-JOB 1-2
2021-05-19 10:23:17,899 INFO o.a.j.t.JMeterThread: Thread is done: L0-iSource-JOB 1-7
2021-05-19 10:23:17,899 INFO o.a.j.t.JMeterThread: Thread finished: L0-iSource-JOB 1-7
2021-05-19 10:23:20,065 INFO o.a.j.t.JMeterThread: Thread is done: L0-iSource-JOB 1-8
2021-05-19 10:23:20,066 INFO o.a.j.t.JMeterThread: Thread finished: L0-iSource-JOB 1-8
2021-05-19 10:23:25,889 INFO o.a.j.t.JMeterThread: Thread is done: L0-iSource-JOB 1-9
2021-05-19 10:23:25,890 INFO o.a.j.t.JMeterThread: Thread finished: L0-iSource-JOB 1-9
2021-05-19 10:23:26,768 INFO o.a.j.t.JMeterThread: Thread is done: L0-iSource-JOB 1-5
2021-05-19 10:23:26,769 INFO o.a.j.t.JMeterThread: Thread finished: L0-iSource-JOB 1-5
2021-05-19 10:23:32,703 INFO o.a.j.r.Summariser: summary +     59 in 00:00:33 =    1.8/s Avg:  2391 Min:   299 Max: 12904 Err:     0 (0.00%) Active: 1 Started: 10 Finished: 9
2021-05-19 10:23:32,703 INFO o.a.j.r.Summariser: summary =   1660 in 00:06:58 =    4.0/s Avg:  1638 Min:   157 Max: 43430 Err:     0 (0.00%)
2021-05-19 10:23:32,703 INFO o.a.j.t.JMeterThread: Thread is done: L0-iSource-JOB 1-10
2021-05-19 10:23:32,704 INFO o.a.j.t.JMeterThread: Thread finished: L0-iSource-JOB 1-10
2021-05-19 10:23:32,704 INFO o.a.j.e.StandardJMeterEngine: Notifying test listeners of end of test
2021-05-19 10:23:32,705 INFO o.a.j.s.FileServer: Close: D:\apache-jmeter-5.1\apache-jmeter-5.1\bin\excel\isource\Partner_ZCS_Users.csv
2021-05-19 10:23:32,706 INFO o.a.j.r.Summariser: summary =   1660 in 00:06:58 =    4.0/s Avg:  1638 Min:   157 Max: 43430 Err:     0 (0.00%)
2021-05-19 10:23:32,706 INFO o.a.j.JMeter: Generating Dashboard
2021-05-19 10:23:32,706 INFO o.a.j.r.d.ReportGenerator: Flushing result collector before report Generation
2021-05-19 10:23:32,725 INFO o.a.j.r.p.NormalizerSampleConsumer: Using format, 'ms', to parse timeStamp field
2021-05-19 10:23:32,936 INFO o.a.j.r.p.AbstractSampleConsumer: class org.apache.jmeter.report.processor.AggregateConsumer#stopProducing(): beginDate produced 0 samples
2021-05-19 10:23:32,936 INFO o.a.j.r.p.AbstractSampleConsumer: class org.apache.jmeter.report.processor.AggregateConsumer#stopProducing(): endDate produced 0 samples
2021-05-19 10:23:32,939 INFO o.a.j.r.p.AbstractSampleConsumer: class org.apache.jmeter.report.processor.ApdexSummaryConsumer#stopProducing(): apdexSummary produced 0 samples
2021-05-19 10:23:32,939 INFO o.a.j.r.p.AbstractSampleConsumer: class org.apache.jmeter.report.processor.RequestsSummaryConsumer#stopProducing(): requestsSummary produced 0 samples
2021-05-19 10:23:32,954 INFO o.a.j.r.p.AbstractSampleConsumer: class org.apache.jmeter.report.processor.StatisticsSummaryConsumer#stopProducing(): statisticsSummary produced 0 samples
2021-05-19 10:23:32,967 INFO o.a.j.r.p.AbstractSampleConsumer: class org.apache.jmeter.report.processor.Top5ErrorsBySamplerConsumer#stopProducing(): top5ErrorsBySampler produced 0 samples
2021-05-19 10:23:32,969 INFO o.a.j.r.p.AbstractSampleConsumer: class org.apache.jmeter.report.processor.ErrorsSummaryConsumer#stopProducing(): errorsSummary produced 0 samples
2021-05-19 10:23:32,969 INFO o.a.j.r.p.AbstractSampleConsumer: class org.apache.jmeter.report.processor.graph.impl.HitsPerSecondGraphConsumer#stopProducing(): hitsPerSecond produced 0 samples
2021-05-19 10:23:33,022 INFO o.a.j.r.p.AbstractSampleConsumer: class org.apache.jmeter.report.processor.graph.impl.LatencyVSRequestGraphConsumer#stopProducing(): latencyVsRequest produced 0 samples
2021-05-19 10:23:33,022 INFO o.a.j.r.p.AbstractSampleConsumer: class org.apache.jmeter.report.processor.graph.impl.SyntheticResponseTimeDistributionGraphConsumer#stopProducing(): syntheticResponseTimeDistribution produced 0 samples
2021-05-19 10:23:33,023 INFO o.a.j.r.p.AbstractSampleConsumer: class org.apache.jmeter.report.processor.graph.impl.BytesThroughputGraphConsumer#stopProducing(): bytesThroughputOverTime produced 0 samples
2021-05-19 10:23:33,023 INFO o.a.j.r.p.AbstractSampleConsumer: class org.apache.jmeter.report.processor.graph.impl.CodesPerSecondGraphConsumer#stopProducing(): codesPerSecond produced 0 samples
2021-05-19 10:23:33,053 INFO o.a.j.r.p.AbstractSampleConsumer: class org.apache.jmeter.report.processor.graph.impl.ResponseTimeVSRequestGraphConsumer#stopProducing(): responseTimeVsRequest produced 0 samples
2021-05-19 10:23:33,070 INFO o.a.j.r.p.AbstractSampleConsumer: class org.apache.jmeter.report.processor.FilterConsumer#stopProducing(): startIntervalControlerFilter produced 11620 samples
2021-05-19 10:23:33,070 INFO o.a.j.r.p.AbstractSampleConsumer: class org.apache.jmeter.report.processor.graph.impl.TotalTPSGraphConsumer#stopProducing(): totalTPS produced 0 samples
2021-05-19 10:23:33,070 INFO o.a.j.r.p.AbstractSampleConsumer: class org.apache.jmeter.report.processor.graph.impl.ActiveThreadsGraphConsumer#stopProducing(): activeThreadsOverTime produced 0 samples
2021-05-19 10:23:33,071 INFO o.a.j.r.p.AbstractSampleConsumer: class org.apache.jmeter.report.processor.graph.impl.TimeVSThreadGraphConsumer#stopProducing(): timeVsThreads produced 0 samples
2021-05-19 10:23:33,102 INFO o.a.j.r.p.AbstractSampleConsumer: class org.apache.jmeter.report.processor.graph.impl.ResponseTimeDistributionGraphConsumer#stopProducing(): responseTimeDistribution produced 0 samples
2021-05-19 10:23:33,104 INFO o.a.j.r.p.AbstractSampleConsumer: class org.apache.jmeter.report.processor.graph.impl.TransactionsPerSecondGraphConsumer#stopProducing(): transactionsPerSecond produced 0 samples
2021-05-19 10:23:33,106 INFO o.a.j.r.p.AbstractSampleConsumer: class org.apache.jmeter.report.processor.graph.impl.ResponseTimePercentilesGraphConsumer#stopProducing(): responseTimePercentiles produced 0 samples
2021-05-19 10:23:33,136 INFO o.a.j.r.p.AbstractSampleConsumer: class org.apache.jmeter.report.processor.graph.impl.ResponseTimePercentilesOverTimeGraphConsumer#stopProducing(): responseTimePercentilesOverTime produced 0 samples
2021-05-19 10:23:33,136 INFO o.a.j.r.p.AbstractSampleConsumer: class org.apache.jmeter.report.processor.graph.impl.ResponseTimeOverTimeGraphConsumer#stopProducing(): responseTimesOverTime produced 0 samples
2021-05-19 10:23:33,137 INFO o.a.j.r.p.AbstractSampleConsumer: class org.apache.jmeter.report.processor.graph.impl.ConnectTimeOverTimeGraphConsumer#stopProducing(): connectTimeOverTime produced 0 samples
2021-05-19 10:23:33,138 INFO o.a.j.r.p.AbstractSampleConsumer: class org.apache.jmeter.report.processor.graph.impl.LatencyOverTimeGraphConsumer#stopProducing(): latenciesOverTime produced 0 samples
2021-05-19 10:23:33,139 INFO o.a.j.r.p.AbstractSampleConsumer: class org.apache.jmeter.report.processor.FilterConsumer#stopProducing(): nameFilter produced 28350 samples
2021-05-19 10:23:33,139 INFO o.a.j.r.p.AbstractSampleConsumer: class org.apache.jmeter.report.processor.FilterConsumer#stopProducing(): dateRangeFilter produced 5670 samples
2021-05-19 10:23:33,139 INFO o.a.j.r.p.AbstractSampleConsumer: class org.apache.jmeter.report.processor.NormalizerSampleConsumer#stopProducing(): normalizer produced 1890 samples
2021-05-19 10:23:33,140 INFO o.a.j.r.p.CsvFileSampleSource: produce(): 1890 samples produced in 386ms on channel 0
2021-05-19 10:23:33,140 INFO o.a.j.r.d.ReportGenerator: Exporting data using exporter:'json' of className:'org.apache.jmeter.report.dashboard.JsonExporter'
2021-05-19 10:23:33,141 INFO o.a.j.r.d.JsonExporter: Found data for consumer statisticsSummary in context
2021-05-19 10:23:33,141 INFO o.a.j.r.d.JsonExporter: Creating statistics for overall
2021-05-19 10:23:33,142 INFO o.a.j.r.d.JsonExporter: Creating statistics for other transactions
2021-05-19 10:23:33,142 INFO o.a.j.r.d.JsonExporter: Checking output folder
2021-05-19 10:23:33,144 INFO o.a.j.r.d.JsonExporter: Writing statistics JSON to C:\xampp\htdocs\PerformancePostgres\L0_iSource_10_RFQMultipleQuestionsPublish_2021-05-19_3\statistics.json
2021-05-19 10:23:33,373 INFO o.a.j.r.d.ReportGenerator: Exporting data using exporter:'html' of className:'org.apache.jmeter.report.dashboard.HtmlTemplateExporter'
2021-05-19 10:23:33,377 INFO o.a.j.r.d.HtmlTemplateExporter: Will generate dashboard in folder: C:\xampp\htdocs\PerformancePostgres\L0_iSource_10_RFQMultipleQuestionsPublish_2021-05-19_3
2021-05-19 10:23:33,765 INFO o.a.j.r.d.HtmlTemplateExporter: Report will be generated in: C:\xampp\htdocs\PerformancePostgres\L0_iSource_10_RFQMultipleQuestionsPublish_2021-05-19_3, creating folder structure
2021-05-19 10:23:33,769 INFO o.a.j.r.d.TemplateVisitor: Copying folder from 'D:\apache-jmeter-5.1\apache-jmeter-5.1\bin\report-template' to 'C:\xampp\htdocs\PerformancePostgres\L0_iSource_10_RFQMultipleQuestionsPublish_2021-05-19_3', got message:[C:\xampp\htdocs\PerformancePostgres\L0_iSource_10_RFQMultipleQuestionsPublish_2021-05-19_3\statistics.json], found non empty folder with following content {}, will be ignored
2021-05-19 10:23:34,743 INFO o.a.j.JMeter: Dashboard generated
