2021-07-01 11:27:25,421 INFO o.a.j.u.JMeterUtils: Setting Locale to en_EN
2021-07-01 11:27:25,432 INFO o.a.j.JMeter: Loading user properties from: user.properties
2021-07-01 11:27:25,432 INFO o.a.j.JMeter: Loading system properties from: system.properties
2021-07-01 11:27:25,432 INFO o.a.j.JMeter: Setting JMeter property: meter.reportgenerator.report_title=RaceConditionAuction
2021-07-01 11:27:25,432 INFO o.a.j.JMeter: Setting JMeter property: thread=50
2021-07-01 11:27:25,432 INFO o.a.j.JMeter: Setting JMeter property: rampup=0
2021-07-01 11:27:25,436 INFO o.a.j.JMeter: Copyright (c) 1998-2019 The Apache Software Foundation
2021-07-01 11:27:25,436 INFO o.a.j.JMeter: Version 5.1 r1853635
2021-07-01 11:27:25,436 INFO o.a.j.JMeter: java.version=1.8.0_121
2021-07-01 11:27:25,437 INFO o.a.j.JMeter: java.vm.name=Java HotSpot(TM) 64-Bit Server VM
2021-07-01 11:27:25,437 INFO o.a.j.JMeter: os.name=Windows 10
2021-07-01 11:27:25,437 INFO o.a.j.JMeter: os.arch=amd64
2021-07-01 11:27:25,437 INFO o.a.j.JMeter: os.version=10.0
2021-07-01 11:27:25,437 INFO o.a.j.JMeter: file.encoding=Cp1252
2021-07-01 11:27:25,437 INFO o.a.j.JMeter: java.awt.headless=true
2021-07-01 11:27:25,437 INFO o.a.j.JMeter: Max memory     =8589934592
2021-07-01 11:27:25,437 INFO o.a.j.JMeter: Available Processors =6
2021-07-01 11:27:25,439 INFO o.a.j.JMeter: Default Locale=English (EN)
2021-07-01 11:27:25,440 INFO o.a.j.JMeter: JMeter  Locale=English (EN)
2021-07-01 11:27:25,440 INFO o.a.j.JMeter: JMeterHome=D:\apache-jmeter-5.1\apache-jmeter-5.1
2021-07-01 11:27:25,440 INFO o.a.j.JMeter: user.dir  =D:\apache-jmeter-5.1\apache-jmeter-5.1\bin
2021-07-01 11:27:25,440 INFO o.a.j.JMeter: PWD       =D:\apache-jmeter-5.1\apache-jmeter-5.1\bin
2021-07-01 11:27:25,441 INFO o.a.j.JMeter: IP: 172.30.224.67 Name: ZIPLSY2278 FullName: ZIPLSY2278.zycus.net
2021-07-01 11:27:25,443 INFO o.a.j.JMeter: Setting property 'jmeter.reportgenerator.outputdir' to:'C:\xampp\htdocs\PerformancePostgres\L0_iSource_50_RaceConditionAuction_2021-07-01_15'
2021-07-01 11:27:25,445 INFO o.a.j.s.FileServer: Default base='D:\apache-jmeter-5.1\apache-jmeter-5.1\bin'
2021-07-01 11:27:25,448 INFO o.a.j.s.FileServer: Set new base='D:\PostrgresMigration\iSource'
2021-07-01 11:27:25,543 INFO o.a.j.s.SaveService: Testplan (JMX) version: 2.2. Testlog (JTL) version: 2.2
2021-07-01 11:27:25,553 INFO o.a.j.s.SaveService: Using SaveService properties file encoding UTF-8
2021-07-01 11:27:25,557 INFO o.a.j.s.SaveService: Using SaveService properties version 5.0
2021-07-01 11:27:25,561 INFO o.a.j.s.SaveService: Loading file: D:\PostrgresMigration\iSource\iSource_RaceConditionAuction.jmx
2021-07-01 11:27:25,599 INFO o.a.j.p.h.c.CookieManager: Settings: Delete null: true Check: true Allow variable: true Save: false Prefix: COOKIE_
2021-07-01 11:27:25,604 INFO o.a.j.p.h.c.CacheManager: Will only cache the following methods: [GET]
2021-07-01 11:27:25,611 INFO o.a.j.p.h.s.HTTPSamplerBase: Parser for text/html is org.apache.jmeter.protocol.http.parser.LagartoBasedHtmlParser
2021-07-01 11:27:25,611 INFO o.a.j.p.h.s.HTTPSamplerBase: Parser for application/xhtml+xml is org.apache.jmeter.protocol.http.parser.LagartoBasedHtmlParser
2021-07-01 11:27:25,612 INFO o.a.j.p.h.s.HTTPSamplerBase: Parser for application/xml is org.apache.jmeter.protocol.http.parser.LagartoBasedHtmlParser
2021-07-01 11:27:25,612 INFO o.a.j.p.h.s.HTTPSamplerBase: Parser for text/xml is org.apache.jmeter.protocol.http.parser.LagartoBasedHtmlParser
2021-07-01 11:27:25,612 INFO o.a.j.p.h.s.HTTPSamplerBase: Parser for text/vnd.wap.wml is org.apache.jmeter.protocol.http.parser.RegexpHTMLParser
2021-07-01 11:27:25,612 INFO o.a.j.p.h.s.HTTPSamplerBase: Parser for text/css is org.apache.jmeter.protocol.http.parser.CssParser
2021-07-01 11:27:25,854 INFO o.a.j.JMeter: Creating summariser <summary>
2021-07-01 11:27:25,858 INFO o.a.j.r.d.ReportGenerator: ReportGenerator will use for Parsing the separator: ','
2021-07-01 11:27:25,858 INFO o.a.j.r.d.ReportGenerator: Will generate report at end of test from  results file: D:\PostrgresMigration\iSource\JTL\L0_iSource_50_RaceConditionAuction_2021-07-01_15.jtl
2021-07-01 11:27:25,858 INFO o.a.j.r.d.ReportGenerator: Reading report generator properties from: D:\apache-jmeter-5.1\apache-jmeter-5.1\bin\reportgenerator.properties
2021-07-01 11:27:25,859 INFO o.a.j.r.d.ReportGenerator: Merging with JMeter properties
2021-07-01 11:27:25,865 INFO o.a.j.r.c.ReportGeneratorConfiguration: Property 'jmeter.reportgenerator.temp_dir' not found, using default value 'temp' instead.
2021-07-01 11:27:25,867 INFO o.a.j.r.c.ReportGeneratorConfiguration: Property 'jmeter.reportgenerator.apdex_per_transaction' not found, using default value 'null' instead.
2021-07-01 11:27:25,867 INFO o.a.j.r.c.ReportGeneratorConfiguration: apdex_per_transaction : {} is empty, not APDEX per transaction customization
2021-07-01 11:27:25,867 INFO o.a.j.r.c.ReportGeneratorConfiguration: Property 'jmeter.reportgenerator.sample_filter' not found, using default value 'null' instead.
2021-07-01 11:27:25,867 INFO o.a.j.r.c.ReportGeneratorConfiguration: Property 'jmeter.reportgenerator.report_title' not found, using default value 'null' instead.
2021-07-01 11:27:25,867 INFO o.a.j.r.c.ReportGeneratorConfiguration: Property 'jmeter.reportgenerator.start_date' not found, using default value 'null' instead.
2021-07-01 11:27:25,867 INFO o.a.j.r.c.ReportGeneratorConfiguration: Property 'jmeter.reportgenerator.end_date' not found, using default value 'null' instead.
2021-07-01 11:27:25,867 INFO o.a.j.r.c.ReportGeneratorConfiguration: Property 'jmeter.reportgenerator.date_format' not found, using default value 'null' instead.
2021-07-01 11:27:25,867 INFO o.a.j.r.c.ReportGeneratorConfiguration: Will use date range start date: null, end date: null
2021-07-01 11:27:25,871 INFO o.a.j.r.c.ReportGeneratorConfiguration: Property 'jmeter.reportgenerator.graph.totalTPS.exclude_controllers' not found, using default value 'false' instead.
2021-07-01 11:27:25,871 INFO o.a.j.r.c.ReportGeneratorConfiguration: Property 'jmeter.reportgenerator.graph.activeThreadsOverTime.exclude_controllers' not found, using default value 'false' instead.
2021-07-01 11:27:25,871 INFO o.a.j.r.c.ReportGeneratorConfiguration: Property 'jmeter.reportgenerator.graph.timeVsThreads.exclude_controllers' not found, using default value 'false' instead.
2021-07-01 11:27:25,871 INFO o.a.j.r.c.ReportGeneratorConfiguration: Property 'jmeter.reportgenerator.graph.responseTimeDistribution.exclude_controllers' not found, using default value 'false' instead.
2021-07-01 11:27:25,872 INFO o.a.j.r.c.ReportGeneratorConfiguration: Property 'jmeter.reportgenerator.graph.transactionsPerSecond.exclude_controllers' not found, using default value 'false' instead.
2021-07-01 11:27:25,872 INFO o.a.j.r.c.ReportGeneratorConfiguration: Property 'jmeter.reportgenerator.graph.responseTimePercentiles.exclude_controllers' not found, using default value 'false' instead.
2021-07-01 11:27:25,872 INFO o.a.j.r.c.ReportGeneratorConfiguration: Property 'jmeter.reportgenerator.graph.responseTimePercentilesOverTime.exclude_controllers' not found, using default value 'false' instead.
2021-07-01 11:27:25,872 INFO o.a.j.r.c.ReportGeneratorConfiguration: Property 'jmeter.reportgenerator.graph.responseTimesOverTime.exclude_controllers' not found, using default value 'false' instead.
2021-07-01 11:27:25,872 INFO o.a.j.r.c.ReportGeneratorConfiguration: Property 'jmeter.reportgenerator.graph.connectTimeOverTime.exclude_controllers' not found, using default value 'false' instead.
2021-07-01 11:27:25,872 INFO o.a.j.r.c.ReportGeneratorConfiguration: Property 'jmeter.reportgenerator.graph.latenciesOverTime.exclude_controllers' not found, using default value 'false' instead.
2021-07-01 11:27:25,873 INFO o.a.j.r.c.ReportGeneratorConfiguration: Property 'jmeter.reportgenerator.exporter.json.filters_only_sample_series' not found, using default value 'true' instead.
2021-07-01 11:27:25,873 INFO o.a.j.r.c.ReportGeneratorConfiguration: Property 'jmeter.reportgenerator.exporter.json.series_filter' not found, using default value '' instead.
2021-07-01 11:27:25,873 INFO o.a.j.r.c.ReportGeneratorConfiguration: Property 'jmeter.reportgenerator.exporter.json.show_controllers_only' not found, using default value 'false' instead.
2021-07-01 11:27:25,873 INFO o.a.j.r.c.ReportGeneratorConfiguration: Property 'jmeter.reportgenerator.exporter.html.filters_only_sample_series' not found, using default value 'true' instead.
2021-07-01 11:27:25,873 INFO o.a.j.r.c.ReportGeneratorConfiguration: Property 'jmeter.reportgenerator.exporter.html.series_filter' not found, using default value '' instead.
2021-07-01 11:27:25,873 INFO o.a.j.r.c.ReportGeneratorConfiguration: Property 'jmeter.reportgenerator.exporter.html.show_controllers_only' not found, using default value 'false' instead.
2021-07-01 11:27:25,877 INFO o.a.j.e.StandardJMeterEngine: Running the test!
2021-07-01 11:27:25,877 INFO o.a.j.s.SampleEvent: List of sample_variables: []
2021-07-01 11:27:25,878 INFO o.a.j.s.SampleEvent: List of sample_variables: []
2021-07-01 11:27:25,882 INFO o.a.j.e.u.CompoundVariable: Note: Function class names must contain the string: '.functions.'
2021-07-01 11:27:25,882 INFO o.a.j.e.u.CompoundVariable: Note: Function class names must not contain the string: '.gui.'
2021-07-01 11:27:26,312 INFO o.a.j.JMeter: Running test (1625119046312)
2021-07-01 11:27:26,369 INFO o.a.j.e.StandardJMeterEngine: Starting ThreadGroup: 1 : iSource_RaceConditionAuction
2021-07-01 11:27:26,369 INFO o.a.j.e.StandardJMeterEngine: Starting 10 threads for group iSource_RaceConditionAuction.
2021-07-01 11:27:26,369 INFO o.a.j.e.StandardJMeterEngine: Thread will stop on error
2021-07-01 11:27:26,369 INFO o.a.j.t.ThreadGroup: Starting thread group... number=1 threads=10 ramp-up=0 perThread=0.0 delayedStart=false
2021-07-01 11:27:26,393 INFO o.a.j.s.SampleResult: Note: Sample TimeStamps are START times
2021-07-01 11:27:26,393 INFO o.a.j.s.SampleResult: sampleresult.default.encoding is set to ISO-8859-1
2021-07-01 11:27:26,393 INFO o.a.j.s.SampleResult: sampleresult.useNanoTime=true
2021-07-01 11:27:26,393 INFO o.a.j.s.SampleResult: sampleresult.nanoThreadSleep=5000
2021-07-01 11:27:26,402 INFO o.a.j.t.JMeterThread: Thread started: iSource_RaceConditionAuction 1-1
2021-07-01 11:27:26,419 INFO o.a.j.p.h.s.HTTPHCAbstractImpl: Local host = ZIPLSY2278
2021-07-01 11:27:26,425 INFO o.a.j.p.h.s.HTTPHC4Impl: HTTP request retry count = 0
2021-07-01 11:27:26,432 INFO o.a.j.t.JMeterThread: Thread started: iSource_RaceConditionAuction 1-2
2021-07-01 11:27:26,479 INFO o.a.j.t.JMeterThread: Thread started: iSource_RaceConditionAuction 1-3
2021-07-01 11:27:26,510 INFO o.a.j.p.h.s.h.LazyLayeredConnectionSocketFactory: Setting up HTTPS TrustAll Socket Factory
2021-07-01 11:27:26,511 INFO o.a.j.t.JMeterThread: Thread started: iSource_RaceConditionAuction 1-4
2021-07-01 11:27:26,519 INFO o.a.j.u.JsseSSLManager: Using default SSL protocol: TLS
2021-07-01 11:27:26,519 INFO o.a.j.u.JsseSSLManager: SSL session context: per-thread
2021-07-01 11:27:26,532 INFO o.a.j.t.JMeterThread: Thread started: iSource_RaceConditionAuction 1-5
2021-07-01 11:27:26,546 INFO o.a.j.t.JMeterThread: Thread started: iSource_RaceConditionAuction 1-6
2021-07-01 11:27:26,563 INFO o.a.j.t.JMeterThread: Thread started: iSource_RaceConditionAuction 1-7
2021-07-01 11:27:26,565 INFO o.a.j.t.JMeterThread: Thread started: iSource_RaceConditionAuction 1-8
2021-07-01 11:27:26,601 INFO o.a.j.t.JMeterThread: Thread started: iSource_RaceConditionAuction 1-9
2021-07-01 11:27:26,617 INFO o.a.j.t.ThreadGroup: Started thread group number 1
2021-07-01 11:27:26,617 INFO o.a.j.e.StandardJMeterEngine: All thread groups have been started
2021-07-01 11:27:26,621 INFO o.a.j.t.JMeterThread: Thread started: iSource_RaceConditionAuction 1-10
2021-07-01 11:27:27,064 INFO o.a.j.u.SSLManager: JmeterKeyStore Location:  type JKS
2021-07-01 11:27:27,066 INFO o.a.j.u.SSLManager: KeyStore created OK
2021-07-01 11:27:27,066 WARN o.a.j.u.SSLManager: Keystore file not found, loading empty keystore
2021-07-01 11:27:30,034 INFO o.a.j.r.Summariser: summary +     21 in 00:00:04 =    5.6/s Avg:   582 Min:    54 Max:  1187 Err:     0 (0.00%) Active: 10 Started: 10 Finished: 0
2021-07-01 11:28:00,171 INFO o.a.j.r.Summariser: summary +    468 in 00:00:30 =   15.5/s Avg:   355 Min:    40 Max:  3155 Err:     0 (0.00%) Active: 10 Started: 10 Finished: 0
2021-07-01 11:28:00,172 INFO o.a.j.r.Summariser: summary =    489 in 00:00:34 =   14.4/s Avg:   364 Min:    40 Max:  3155 Err:     0 (0.00%)
2021-07-01 11:28:30,001 INFO o.a.j.r.Summariser: summary +    334 in 00:00:30 =   11.2/s Avg:   441 Min:   105 Max:  2069 Err:     0 (0.00%) Active: 10 Started: 10 Finished: 0
2021-07-01 11:28:30,001 INFO o.a.j.r.Summariser: summary =    823 in 00:01:04 =   12.9/s Avg:   395 Min:    40 Max:  3155 Err:     0 (0.00%)
2021-07-01 11:29:00,156 INFO o.a.j.r.Summariser: summary +    432 in 00:00:30 =   14.3/s Avg:   496 Min:    44 Max:  2764 Err:     0 (0.00%) Active: 10 Started: 10 Finished: 0
2021-07-01 11:29:00,156 INFO o.a.j.r.Summariser: summary =   1255 in 00:01:34 =   13.4/s Avg:   430 Min:    40 Max:  3155 Err:     0 (0.00%)
2021-07-01 11:29:03,100 INFO o.a.j.t.JMeterThread: Thread is done: iSource_RaceConditionAuction 1-5
2021-07-01 11:29:03,100 INFO o.a.j.t.JMeterThread: Thread finished: iSource_RaceConditionAuction 1-5
2021-07-01 11:29:03,798 INFO o.a.j.t.JMeterThread: Thread is done: iSource_RaceConditionAuction 1-2
2021-07-01 11:29:03,799 INFO o.a.j.t.JMeterThread: Thread finished: iSource_RaceConditionAuction 1-2
2021-07-01 11:29:05,354 INFO o.a.j.t.JMeterThread: Thread is done: iSource_RaceConditionAuction 1-6
2021-07-01 11:29:05,354 INFO o.a.j.t.JMeterThread: Thread finished: iSource_RaceConditionAuction 1-6
2021-07-01 11:29:06,061 INFO o.a.j.t.JMeterThread: Thread is done: iSource_RaceConditionAuction 1-3
2021-07-01 11:29:06,061 INFO o.a.j.t.JMeterThread: Thread finished: iSource_RaceConditionAuction 1-3
2021-07-01 11:29:06,413 INFO o.a.j.t.JMeterThread: Thread is done: iSource_RaceConditionAuction 1-9
2021-07-01 11:29:06,413 INFO o.a.j.t.JMeterThread: Thread finished: iSource_RaceConditionAuction 1-9
2021-07-01 11:29:06,449 INFO o.a.j.t.JMeterThread: Thread is done: iSource_RaceConditionAuction 1-1
2021-07-01 11:29:06,450 INFO o.a.j.t.JMeterThread: Thread finished: iSource_RaceConditionAuction 1-1
2021-07-01 11:29:06,578 INFO o.a.j.t.JMeterThread: Thread is done: iSource_RaceConditionAuction 1-7
2021-07-01 11:29:06,578 INFO o.a.j.t.JMeterThread: Thread finished: iSource_RaceConditionAuction 1-7
2021-07-01 11:29:06,955 INFO o.a.j.t.JMeterThread: Thread is done: iSource_RaceConditionAuction 1-10
2021-07-01 11:29:06,955 INFO o.a.j.t.JMeterThread: Thread finished: iSource_RaceConditionAuction 1-10
2021-07-01 11:29:07,092 INFO o.a.j.t.JMeterThread: Thread is done: iSource_RaceConditionAuction 1-8
2021-07-01 11:29:07,093 INFO o.a.j.t.JMeterThread: Thread finished: iSource_RaceConditionAuction 1-8
2021-07-01 11:29:07,968 INFO o.a.j.t.JMeterThread: Thread is done: iSource_RaceConditionAuction 1-4
2021-07-01 11:29:07,969 INFO o.a.j.t.JMeterThread: Thread finished: iSource_RaceConditionAuction 1-4
2021-07-01 11:29:07,969 INFO o.a.j.e.StandardJMeterEngine: Notifying test listeners of end of test
2021-07-01 11:29:07,970 INFO o.a.j.r.Summariser: summary +     65 in 00:00:08 =    8.3/s Avg:   514 Min:    86 Max:  2120 Err:     0 (0.00%) Active: 0 Started: 10 Finished: 10
2021-07-01 11:29:07,970 INFO o.a.j.r.Summariser: summary =   1320 in 00:01:42 =   13.0/s Avg:   434 Min:    40 Max:  3155 Err:     0 (0.00%)
2021-07-01 11:29:07,970 INFO o.a.j.JMeter: Generating Dashboard
2021-07-01 11:29:07,970 INFO o.a.j.r.d.ReportGenerator: Flushing result collector before report Generation
2021-07-01 11:29:07,994 INFO o.a.j.r.p.NormalizerSampleConsumer: Using format, 'ms', to parse timeStamp field
2021-07-01 11:29:08,126 INFO o.a.j.r.p.AbstractSampleConsumer: class org.apache.jmeter.report.processor.AggregateConsumer#stopProducing(): beginDate produced 0 samples
2021-07-01 11:29:08,126 INFO o.a.j.r.p.AbstractSampleConsumer: class org.apache.jmeter.report.processor.AggregateConsumer#stopProducing(): endDate produced 0 samples
2021-07-01 11:29:08,128 INFO o.a.j.r.p.AbstractSampleConsumer: class org.apache.jmeter.report.processor.ApdexSummaryConsumer#stopProducing(): apdexSummary produced 0 samples
2021-07-01 11:29:08,128 INFO o.a.j.r.p.AbstractSampleConsumer: class org.apache.jmeter.report.processor.RequestsSummaryConsumer#stopProducing(): requestsSummary produced 0 samples
2021-07-01 11:29:08,136 INFO o.a.j.r.p.AbstractSampleConsumer: class org.apache.jmeter.report.processor.StatisticsSummaryConsumer#stopProducing(): statisticsSummary produced 0 samples
2021-07-01 11:29:08,140 INFO o.a.j.r.p.AbstractSampleConsumer: class org.apache.jmeter.report.processor.Top5ErrorsBySamplerConsumer#stopProducing(): top5ErrorsBySampler produced 0 samples
2021-07-01 11:29:08,140 INFO o.a.j.r.p.AbstractSampleConsumer: class org.apache.jmeter.report.processor.ErrorsSummaryConsumer#stopProducing(): errorsSummary produced 0 samples
2021-07-01 11:29:08,140 INFO o.a.j.r.p.AbstractSampleConsumer: class org.apache.jmeter.report.processor.graph.impl.HitsPerSecondGraphConsumer#stopProducing(): hitsPerSecond produced 0 samples
2021-07-01 11:29:08,158 INFO o.a.j.r.p.AbstractSampleConsumer: class org.apache.jmeter.report.processor.graph.impl.LatencyVSRequestGraphConsumer#stopProducing(): latencyVsRequest produced 0 samples
2021-07-01 11:29:08,159 INFO o.a.j.r.p.AbstractSampleConsumer: class org.apache.jmeter.report.processor.graph.impl.SyntheticResponseTimeDistributionGraphConsumer#stopProducing(): syntheticResponseTimeDistribution produced 0 samples
2021-07-01 11:29:08,159 INFO o.a.j.r.p.AbstractSampleConsumer: class org.apache.jmeter.report.processor.graph.impl.BytesThroughputGraphConsumer#stopProducing(): bytesThroughputOverTime produced 0 samples
2021-07-01 11:29:08,159 INFO o.a.j.r.p.AbstractSampleConsumer: class org.apache.jmeter.report.processor.graph.impl.CodesPerSecondGraphConsumer#stopProducing(): codesPerSecond produced 0 samples
2021-07-01 11:29:08,172 INFO o.a.j.r.p.AbstractSampleConsumer: class org.apache.jmeter.report.processor.graph.impl.ResponseTimeVSRequestGraphConsumer#stopProducing(): responseTimeVsRequest produced 0 samples
2021-07-01 11:29:08,172 INFO o.a.j.r.p.AbstractSampleConsumer: class org.apache.jmeter.report.processor.FilterConsumer#stopProducing(): startIntervalControlerFilter produced 9240 samples
2021-07-01 11:29:08,172 INFO o.a.j.r.p.AbstractSampleConsumer: class org.apache.jmeter.report.processor.graph.impl.TotalTPSGraphConsumer#stopProducing(): totalTPS produced 0 samples
2021-07-01 11:29:08,172 INFO o.a.j.r.p.AbstractSampleConsumer: class org.apache.jmeter.report.processor.graph.impl.ActiveThreadsGraphConsumer#stopProducing(): activeThreadsOverTime produced 0 samples
2021-07-01 11:29:08,172 INFO o.a.j.r.p.AbstractSampleConsumer: class org.apache.jmeter.report.processor.graph.impl.TimeVSThreadGraphConsumer#stopProducing(): timeVsThreads produced 0 samples
2021-07-01 11:29:08,178 INFO o.a.j.r.p.AbstractSampleConsumer: class org.apache.jmeter.report.processor.graph.impl.ResponseTimeDistributionGraphConsumer#stopProducing(): responseTimeDistribution produced 0 samples
2021-07-01 11:29:08,179 INFO o.a.j.r.p.AbstractSampleConsumer: class org.apache.jmeter.report.processor.graph.impl.TransactionsPerSecondGraphConsumer#stopProducing(): transactionsPerSecond produced 0 samples
2021-07-01 11:29:08,179 INFO o.a.j.r.p.AbstractSampleConsumer: class org.apache.jmeter.report.processor.graph.impl.ResponseTimePercentilesGraphConsumer#stopProducing(): responseTimePercentiles produced 0 samples
2021-07-01 11:29:08,188 INFO o.a.j.r.p.AbstractSampleConsumer: class org.apache.jmeter.report.processor.graph.impl.ResponseTimePercentilesOverTimeGraphConsumer#stopProducing(): responseTimePercentilesOverTime produced 0 samples
2021-07-01 11:29:08,188 INFO o.a.j.r.p.AbstractSampleConsumer: class org.apache.jmeter.report.processor.graph.impl.ResponseTimeOverTimeGraphConsumer#stopProducing(): responseTimesOverTime produced 0 samples
2021-07-01 11:29:08,189 INFO o.a.j.r.p.AbstractSampleConsumer: class org.apache.jmeter.report.processor.graph.impl.ConnectTimeOverTimeGraphConsumer#stopProducing(): connectTimeOverTime produced 0 samples
2021-07-01 11:29:08,189 INFO o.a.j.r.p.AbstractSampleConsumer: class org.apache.jmeter.report.processor.graph.impl.LatencyOverTimeGraphConsumer#stopProducing(): latenciesOverTime produced 0 samples
2021-07-01 11:29:08,190 INFO o.a.j.r.p.AbstractSampleConsumer: class org.apache.jmeter.report.processor.FilterConsumer#stopProducing(): nameFilter produced 22500 samples
2021-07-01 11:29:08,190 INFO o.a.j.r.p.AbstractSampleConsumer: class org.apache.jmeter.report.processor.FilterConsumer#stopProducing(): dateRangeFilter produced 4500 samples
2021-07-01 11:29:08,190 INFO o.a.j.r.p.AbstractSampleConsumer: class org.apache.jmeter.report.processor.NormalizerSampleConsumer#stopProducing(): normalizer produced 1500 samples
2021-07-01 11:29:08,190 INFO o.a.j.r.p.CsvFileSampleSource: produce(): 1500 samples produced in 180ms on channel 0
2021-07-01 11:29:08,190 INFO o.a.j.r.d.ReportGenerator: Exporting data using exporter:'json' of className:'org.apache.jmeter.report.dashboard.JsonExporter'
2021-07-01 11:29:08,193 INFO o.a.j.r.d.JsonExporter: Found data for consumer statisticsSummary in context
2021-07-01 11:29:08,193 INFO o.a.j.r.d.JsonExporter: Creating statistics for overall
2021-07-01 11:29:08,193 INFO o.a.j.r.d.JsonExporter: Creating statistics for other transactions
2021-07-01 11:29:08,194 INFO o.a.j.r.d.JsonExporter: Checking output folder
2021-07-01 11:29:08,195 INFO o.a.j.r.d.JsonExporter: Writing statistics JSON to C:\xampp\htdocs\PerformancePostgres\L0_iSource_50_RaceConditionAuction_2021-07-01_15\statistics.json
2021-07-01 11:29:08,318 INFO o.a.j.r.d.ReportGenerator: Exporting data using exporter:'html' of className:'org.apache.jmeter.report.dashboard.HtmlTemplateExporter'
2021-07-01 11:29:08,320 INFO o.a.j.r.d.HtmlTemplateExporter: Will generate dashboard in folder: C:\xampp\htdocs\PerformancePostgres\L0_iSource_50_RaceConditionAuction_2021-07-01_15
2021-07-01 11:29:08,519 INFO o.a.j.r.d.HtmlTemplateExporter: Report will be generated in: C:\xampp\htdocs\PerformancePostgres\L0_iSource_50_RaceConditionAuction_2021-07-01_15, creating folder structure
2021-07-01 11:29:08,523 INFO o.a.j.r.d.TemplateVisitor: Copying folder from 'D:\apache-jmeter-5.1\apache-jmeter-5.1\bin\report-template' to 'C:\xampp\htdocs\PerformancePostgres\L0_iSource_50_RaceConditionAuction_2021-07-01_15', got message:[C:\xampp\htdocs\PerformancePostgres\L0_iSource_50_RaceConditionAuction_2021-07-01_15\statistics.json], found non empty folder with following content {}, will be ignored
2021-07-01 11:29:09,303 INFO o.a.j.JMeter: Dashboard generated
