2021-05-19 13:59:01,423 INFO o.a.j.u.JMeterUtils: Setting Locale to en_EN
2021-05-19 13:59:01,434 INFO o.a.j.JMeter: Loading user properties from: user.properties
2021-05-19 13:59:01,434 INFO o.a.j.JMeter: Loading system properties from: system.properties
2021-05-19 13:59:01,435 INFO o.a.j.JMeter: Setting JMeter property: meter.reportgenerator.report_title=AuctionPublishEvent
2021-05-19 13:59:01,435 INFO o.a.j.JMeter: Setting JMeter property: thread=10
2021-05-19 13:59:01,435 INFO o.a.j.JMeter: Setting JMeter property: rampup=50
2021-05-19 13:59:01,439 INFO o.a.j.JMeter: Copyright (c) 1998-2019 The Apache Software Foundation
2021-05-19 13:59:01,439 INFO o.a.j.JMeter: Version 5.1 r1853635
2021-05-19 13:59:01,439 INFO o.a.j.JMeter: java.version=1.8.0_121
2021-05-19 13:59:01,439 INFO o.a.j.JMeter: java.vm.name=Java HotSpot(TM) 64-Bit Server VM
2021-05-19 13:59:01,439 INFO o.a.j.JMeter: os.name=Windows 10
2021-05-19 13:59:01,439 INFO o.a.j.JMeter: os.arch=amd64
2021-05-19 13:59:01,439 INFO o.a.j.JMeter: os.version=10.0
2021-05-19 13:59:01,439 INFO o.a.j.JMeter: file.encoding=Cp1252
2021-05-19 13:59:01,439 INFO o.a.j.JMeter: java.awt.headless=true
2021-05-19 13:59:01,439 INFO o.a.j.JMeter: Max memory     =8589934592
2021-05-19 13:59:01,440 INFO o.a.j.JMeter: Available Processors =6
2021-05-19 13:59:01,442 INFO o.a.j.JMeter: Default Locale=English (EN)
2021-05-19 13:59:01,442 INFO o.a.j.JMeter: JMeter  Locale=English (EN)
2021-05-19 13:59:01,442 INFO o.a.j.JMeter: JMeterHome=D:\apache-jmeter-5.1\apache-jmeter-5.1
2021-05-19 13:59:01,442 INFO o.a.j.JMeter: user.dir  =D:\apache-jmeter-5.1\apache-jmeter-5.1\bin
2021-05-19 13:59:01,443 INFO o.a.j.JMeter: PWD       =D:\apache-jmeter-5.1\apache-jmeter-5.1\bin
2021-05-19 13:59:01,444 INFO o.a.j.JMeter: IP: 172.30.225.123 Name: ZIPLSY2278 FullName: ZIPLSY2278.zycus.net
2021-05-19 13:59:01,446 INFO o.a.j.JMeter: Setting property 'jmeter.reportgenerator.outputdir' to:'C:\xampp\htdocs\PerformancePostgres\L0_iSource_10_AuctionPublishEvent_2021-05-19_1'
2021-05-19 13:59:01,448 INFO o.a.j.s.FileServer: Default base='D:\apache-jmeter-5.1\apache-jmeter-5.1\bin'
2021-05-19 13:59:01,451 INFO o.a.j.s.FileServer: Set new base='D:\PostrgresMigration\iSource'
2021-05-19 13:59:01,555 INFO o.a.j.s.SaveService: Testplan (JMX) version: 2.2. Testlog (JTL) version: 2.2
2021-05-19 13:59:01,567 INFO o.a.j.s.SaveService: Using SaveService properties file encoding UTF-8
2021-05-19 13:59:01,571 INFO o.a.j.s.SaveService: Using SaveService properties version 5.0
2021-05-19 13:59:01,575 INFO o.a.j.s.SaveService: Loading file: D:\PostrgresMigration\iSource\L1_iSource_AuctionPublishEvent.jmx
2021-05-19 13:59:01,615 INFO o.a.j.p.h.c.CookieManager: Settings: Delete null: true Check: true Allow variable: true Save: false Prefix: COOKIE_
2021-05-19 13:59:01,620 INFO o.a.j.p.h.c.CacheManager: Will only cache the following methods: [GET]
2021-05-19 13:59:01,628 INFO o.a.j.p.h.s.HTTPSamplerBase: Parser for text/html is org.apache.jmeter.protocol.http.parser.LagartoBasedHtmlParser
2021-05-19 13:59:01,628 INFO o.a.j.p.h.s.HTTPSamplerBase: Parser for application/xhtml+xml is org.apache.jmeter.protocol.http.parser.LagartoBasedHtmlParser
2021-05-19 13:59:01,628 INFO o.a.j.p.h.s.HTTPSamplerBase: Parser for application/xml is org.apache.jmeter.protocol.http.parser.LagartoBasedHtmlParser
2021-05-19 13:59:01,628 INFO o.a.j.p.h.s.HTTPSamplerBase: Parser for text/xml is org.apache.jmeter.protocol.http.parser.LagartoBasedHtmlParser
2021-05-19 13:59:01,628 INFO o.a.j.p.h.s.HTTPSamplerBase: Parser for text/vnd.wap.wml is org.apache.jmeter.protocol.http.parser.RegexpHTMLParser
2021-05-19 13:59:01,628 INFO o.a.j.p.h.s.HTTPSamplerBase: Parser for text/css is org.apache.jmeter.protocol.http.parser.CssParser
2021-05-19 13:59:01,892 INFO o.a.j.JMeter: Creating summariser <summary>
2021-05-19 13:59:01,898 INFO o.a.j.r.d.ReportGenerator: ReportGenerator will use for Parsing the separator: ','
2021-05-19 13:59:01,898 INFO o.a.j.r.d.ReportGenerator: Will generate report at end of test from  results file: D:\PostrgresMigration\iSource\JTL\L0_iSource_10_AuctionPublishEvent_2021-05-19_1.jtl
2021-05-19 13:59:01,898 INFO o.a.j.r.d.ReportGenerator: Reading report generator properties from: D:\apache-jmeter-5.1\apache-jmeter-5.1\bin\reportgenerator.properties
2021-05-19 13:59:01,899 INFO o.a.j.r.d.ReportGenerator: Merging with JMeter properties
2021-05-19 13:59:01,903 INFO o.a.j.r.c.ReportGeneratorConfiguration: Property 'jmeter.reportgenerator.temp_dir' not found, using default value 'temp' instead.
2021-05-19 13:59:01,905 INFO o.a.j.r.c.ReportGeneratorConfiguration: Property 'jmeter.reportgenerator.apdex_per_transaction' not found, using default value 'null' instead.
2021-05-19 13:59:01,905 INFO o.a.j.r.c.ReportGeneratorConfiguration: apdex_per_transaction : {} is empty, not APDEX per transaction customization
2021-05-19 13:59:01,905 INFO o.a.j.r.c.ReportGeneratorConfiguration: Property 'jmeter.reportgenerator.sample_filter' not found, using default value 'null' instead.
2021-05-19 13:59:01,905 INFO o.a.j.r.c.ReportGeneratorConfiguration: Property 'jmeter.reportgenerator.report_title' not found, using default value 'null' instead.
2021-05-19 13:59:01,905 INFO o.a.j.r.c.ReportGeneratorConfiguration: Property 'jmeter.reportgenerator.start_date' not found, using default value 'null' instead.
2021-05-19 13:59:01,905 INFO o.a.j.r.c.ReportGeneratorConfiguration: Property 'jmeter.reportgenerator.end_date' not found, using default value 'null' instead.
2021-05-19 13:59:01,905 INFO o.a.j.r.c.ReportGeneratorConfiguration: Property 'jmeter.reportgenerator.date_format' not found, using default value 'null' instead.
2021-05-19 13:59:01,905 INFO o.a.j.r.c.ReportGeneratorConfiguration: Will use date range start date: null, end date: null
2021-05-19 13:59:01,909 INFO o.a.j.r.c.ReportGeneratorConfiguration: Property 'jmeter.reportgenerator.graph.totalTPS.exclude_controllers' not found, using default value 'false' instead.
2021-05-19 13:59:01,909 INFO o.a.j.r.c.ReportGeneratorConfiguration: Property 'jmeter.reportgenerator.graph.activeThreadsOverTime.exclude_controllers' not found, using default value 'false' instead.
2021-05-19 13:59:01,909 INFO o.a.j.r.c.ReportGeneratorConfiguration: Property 'jmeter.reportgenerator.graph.timeVsThreads.exclude_controllers' not found, using default value 'false' instead.
2021-05-19 13:59:01,909 INFO o.a.j.r.c.ReportGeneratorConfiguration: Property 'jmeter.reportgenerator.graph.responseTimeDistribution.exclude_controllers' not found, using default value 'false' instead.
2021-05-19 13:59:01,909 INFO o.a.j.r.c.ReportGeneratorConfiguration: Property 'jmeter.reportgenerator.graph.transactionsPerSecond.exclude_controllers' not found, using default value 'false' instead.
2021-05-19 13:59:01,909 INFO o.a.j.r.c.ReportGeneratorConfiguration: Property 'jmeter.reportgenerator.graph.responseTimePercentiles.exclude_controllers' not found, using default value 'false' instead.
2021-05-19 13:59:01,909 INFO o.a.j.r.c.ReportGeneratorConfiguration: Property 'jmeter.reportgenerator.graph.responseTimePercentilesOverTime.exclude_controllers' not found, using default value 'false' instead.
2021-05-19 13:59:01,909 INFO o.a.j.r.c.ReportGeneratorConfiguration: Property 'jmeter.reportgenerator.graph.responseTimesOverTime.exclude_controllers' not found, using default value 'false' instead.
2021-05-19 13:59:01,910 INFO o.a.j.r.c.ReportGeneratorConfiguration: Property 'jmeter.reportgenerator.graph.connectTimeOverTime.exclude_controllers' not found, using default value 'false' instead.
2021-05-19 13:59:01,910 INFO o.a.j.r.c.ReportGeneratorConfiguration: Property 'jmeter.reportgenerator.graph.latenciesOverTime.exclude_controllers' not found, using default value 'false' instead.
2021-05-19 13:59:01,910 INFO o.a.j.r.c.ReportGeneratorConfiguration: Property 'jmeter.reportgenerator.exporter.json.filters_only_sample_series' not found, using default value 'true' instead.
2021-05-19 13:59:01,910 INFO o.a.j.r.c.ReportGeneratorConfiguration: Property 'jmeter.reportgenerator.exporter.json.series_filter' not found, using default value '' instead.
2021-05-19 13:59:01,911 INFO o.a.j.r.c.ReportGeneratorConfiguration: Property 'jmeter.reportgenerator.exporter.json.show_controllers_only' not found, using default value 'false' instead.
2021-05-19 13:59:01,911 INFO o.a.j.r.c.ReportGeneratorConfiguration: Property 'jmeter.reportgenerator.exporter.html.filters_only_sample_series' not found, using default value 'true' instead.
2021-05-19 13:59:01,911 INFO o.a.j.r.c.ReportGeneratorConfiguration: Property 'jmeter.reportgenerator.exporter.html.series_filter' not found, using default value '' instead.
2021-05-19 13:59:01,911 INFO o.a.j.r.c.ReportGeneratorConfiguration: Property 'jmeter.reportgenerator.exporter.html.show_controllers_only' not found, using default value 'false' instead.
2021-05-19 13:59:01,916 INFO o.a.j.e.StandardJMeterEngine: Running the test!
2021-05-19 13:59:01,917 INFO o.a.j.s.SampleEvent: List of sample_variables: []
2021-05-19 13:59:01,917 INFO o.a.j.s.SampleEvent: List of sample_variables: []
2021-05-19 13:59:01,921 INFO o.a.j.e.u.CompoundVariable: Note: Function class names must contain the string: '.functions.'
2021-05-19 13:59:01,921 INFO o.a.j.e.u.CompoundVariable: Note: Function class names must not contain the string: '.gui.'
2021-05-19 13:59:02,301 INFO o.a.j.JMeter: Running test (1621412942301)
2021-05-19 13:59:02,387 INFO o.a.j.e.StandardJMeterEngine: Starting ThreadGroup: 1 : L1-iSource-AuctionPublishEvent-Job
2021-05-19 13:59:02,388 INFO o.a.j.e.StandardJMeterEngine: Starting 10 threads for group L1-iSource-AuctionPublishEvent-Job.
2021-05-19 13:59:02,388 INFO o.a.j.e.StandardJMeterEngine: Thread will stop on error
2021-05-19 13:59:02,388 INFO o.a.j.t.ThreadGroup: Starting thread group... number=1 threads=10 ramp-up=50 perThread=5000.0 delayedStart=false
2021-05-19 13:59:02,442 INFO o.a.j.s.SampleResult: Note: Sample TimeStamps are START times
2021-05-19 13:59:02,442 INFO o.a.j.s.SampleResult: sampleresult.default.encoding is set to ISO-8859-1
2021-05-19 13:59:02,442 INFO o.a.j.s.SampleResult: sampleresult.useNanoTime=true
2021-05-19 13:59:02,442 INFO o.a.j.s.SampleResult: sampleresult.nanoThreadSleep=5000
2021-05-19 13:59:02,454 INFO o.a.j.t.JMeterThread: Thread started: L1-iSource-AuctionPublishEvent-Job 1-1
2021-05-19 13:59:02,458 INFO o.a.j.c.LoopController: iterationStart called on 5.6# Questions_Text with source org.apache.jmeter.control.LoopController@2eada8c and iteration 1
2021-05-19 13:59:02,458 INFO o.a.j.s.FileServer: Stored: D:\apache-jmeter-5.1\apache-jmeter-5.1\bin\excel\isource\RM_ZCS_Users.csv
2021-05-19 13:59:02,494 INFO o.a.j.p.h.s.HTTPHCAbstractImpl: Local host = ZIPLSY2278
2021-05-19 13:59:02,503 INFO o.a.j.p.h.s.HTTPHC4Impl: HTTP request retry count = 0
2021-05-19 13:59:02,615 INFO o.a.j.p.h.s.h.LazyLayeredConnectionSocketFactory: Setting up HTTPS TrustAll Socket Factory
2021-05-19 13:59:02,622 INFO o.a.j.u.JsseSSLManager: Using default SSL protocol: TLS
2021-05-19 13:59:02,622 INFO o.a.j.u.JsseSSLManager: SSL session context: per-thread
2021-05-19 13:59:02,720 INFO o.a.j.t.ThreadGroup: Started thread group number 1
2021-05-19 13:59:02,720 INFO o.a.j.e.StandardJMeterEngine: All thread groups have been started
2021-05-19 13:59:03,126 INFO o.a.j.u.SSLManager: JmeterKeyStore Location:  type JKS
2021-05-19 13:59:03,128 INFO o.a.j.u.SSLManager: KeyStore created OK
2021-05-19 13:59:03,128 WARN o.a.j.u.SSLManager: Keystore file not found, loading empty keystore
2021-05-19 13:59:03,677 INFO o.a.j.r.Summariser: summary +      1 in 00:00:01 =    0.7/s Avg:  1103 Min:  1103 Max:  1103 Err:     0 (0.00%) Active: 1 Started: 1 Finished: 0
2021-05-19 13:59:07,491 INFO o.a.j.t.JMeterThread: Thread started: L1-iSource-AuctionPublishEvent-Job 1-2
2021-05-19 13:59:07,492 INFO o.a.j.c.LoopController: iterationStart called on 5.6# Questions_Text with source org.apache.jmeter.control.LoopController@7a20b894 and iteration 1
2021-05-19 13:59:11,533 INFO o.a.j.t.JMeterThread: Stop Thread detected by thread: L1-iSource-AuctionPublishEvent-Job 1-1
2021-05-19 13:59:11,533 INFO o.a.j.t.JMeterThread: Thread finished: L1-iSource-AuctionPublishEvent-Job 1-1
2021-05-19 13:59:12,541 INFO o.a.j.t.JMeterThread: Thread started: L1-iSource-AuctionPublishEvent-Job 1-3
2021-05-19 13:59:12,542 INFO o.a.j.c.LoopController: iterationStart called on 5.6# Questions_Text with source org.apache.jmeter.control.LoopController@60bc8473 and iteration 1
2021-05-19 13:59:15,442 INFO o.a.j.t.JMeterThread: Stop Thread detected by thread: L1-iSource-AuctionPublishEvent-Job 1-2
2021-05-19 13:59:15,442 INFO o.a.j.t.JMeterThread: Thread finished: L1-iSource-AuctionPublishEvent-Job 1-2
2021-05-19 13:59:17,587 INFO o.a.j.t.JMeterThread: Thread started: L1-iSource-AuctionPublishEvent-Job 1-4
2021-05-19 13:59:17,589 INFO o.a.j.c.LoopController: iterationStart called on 5.6# Questions_Text with source org.apache.jmeter.control.LoopController@10cc0765 and iteration 1
2021-05-19 13:59:20,500 INFO o.a.j.t.JMeterThread: Stop Thread detected by thread: L1-iSource-AuctionPublishEvent-Job 1-3
2021-05-19 13:59:20,501 INFO o.a.j.t.JMeterThread: Thread finished: L1-iSource-AuctionPublishEvent-Job 1-3
2021-05-19 13:59:22,612 INFO o.a.j.t.JMeterThread: Thread started: L1-iSource-AuctionPublishEvent-Job 1-5
2021-05-19 13:59:22,613 INFO o.a.j.c.LoopController: iterationStart called on 5.6# Questions_Text with source org.apache.jmeter.control.LoopController@5ddccbc1 and iteration 1
2021-05-19 13:59:26,031 INFO o.a.j.t.JMeterThread: Stop Thread detected by thread: L1-iSource-AuctionPublishEvent-Job 1-4
2021-05-19 13:59:26,031 INFO o.a.j.t.JMeterThread: Thread finished: L1-iSource-AuctionPublishEvent-Job 1-4
2021-05-19 13:59:27,635 INFO o.a.j.t.JMeterThread: Thread started: L1-iSource-AuctionPublishEvent-Job 1-6
2021-05-19 13:59:27,636 INFO o.a.j.c.LoopController: iterationStart called on 5.6# Questions_Text with source org.apache.jmeter.control.LoopController@2c921518 and iteration 1
2021-05-19 13:59:30,143 INFO o.a.j.r.Summariser: summary +     56 in 00:00:26 =    2.1/s Avg:   170 Min:    28 Max:   659 Err:     4 (7.14%) Active: 2 Started: 6 Finished: 4
2021-05-19 13:59:30,143 INFO o.a.j.r.Summariser: summary =     57 in 00:00:28 =    2.0/s Avg:   186 Min:    28 Max:  1103 Err:     4 (7.02%)
2021-05-19 13:59:30,766 INFO o.a.j.t.JMeterThread: Stop Thread detected by thread: L1-iSource-AuctionPublishEvent-Job 1-5
2021-05-19 13:59:30,766 INFO o.a.j.t.JMeterThread: Thread finished: L1-iSource-AuctionPublishEvent-Job 1-5
2021-05-19 13:59:32,657 INFO o.a.j.t.JMeterThread: Thread started: L1-iSource-AuctionPublishEvent-Job 1-7
2021-05-19 13:59:32,658 INFO o.a.j.c.LoopController: iterationStart called on 5.6# Questions_Text with source org.apache.jmeter.control.LoopController@2c72b75f and iteration 1
2021-05-19 13:59:35,950 INFO o.a.j.t.JMeterThread: Stop Thread detected by thread: L1-iSource-AuctionPublishEvent-Job 1-6
2021-05-19 13:59:35,951 INFO o.a.j.t.JMeterThread: Thread finished: L1-iSource-AuctionPublishEvent-Job 1-6
2021-05-19 13:59:37,682 INFO o.a.j.t.JMeterThread: Thread started: L1-iSource-AuctionPublishEvent-Job 1-8
2021-05-19 13:59:37,683 INFO o.a.j.c.LoopController: iterationStart called on 5.6# Questions_Text with source org.apache.jmeter.control.LoopController@6079258d and iteration 1
2021-05-19 13:59:40,580 INFO o.a.j.t.JMeterThread: Stop Thread detected by thread: L1-iSource-AuctionPublishEvent-Job 1-7
2021-05-19 13:59:40,581 INFO o.a.j.t.JMeterThread: Thread finished: L1-iSource-AuctionPublishEvent-Job 1-7
2021-05-19 13:59:42,713 INFO o.a.j.t.JMeterThread: Thread started: L1-iSource-AuctionPublishEvent-Job 1-9
2021-05-19 13:59:42,714 INFO o.a.j.c.LoopController: iterationStart called on 5.6# Questions_Text with source org.apache.jmeter.control.LoopController@208b08f0 and iteration 1
2021-05-19 13:59:46,306 INFO o.a.j.t.JMeterThread: Stop Thread detected by thread: L1-iSource-AuctionPublishEvent-Job 1-8
2021-05-19 13:59:46,306 INFO o.a.j.t.JMeterThread: Thread finished: L1-iSource-AuctionPublishEvent-Job 1-8
2021-05-19 13:59:47,724 INFO o.a.j.t.JMeterThread: Thread started: L1-iSource-AuctionPublishEvent-Job 1-10
2021-05-19 13:59:47,724 INFO o.a.j.c.LoopController: iterationStart called on 5.6# Questions_Text with source org.apache.jmeter.control.LoopController@13cc3487 and iteration 1
2021-05-19 13:59:51,076 INFO o.a.j.t.JMeterThread: Stop Thread detected by thread: L1-iSource-AuctionPublishEvent-Job 1-9
2021-05-19 13:59:51,076 INFO o.a.j.t.JMeterThread: Thread finished: L1-iSource-AuctionPublishEvent-Job 1-9
2021-05-19 13:59:55,811 INFO o.a.j.t.JMeterThread: Stop Thread detected by thread: L1-iSource-AuctionPublishEvent-Job 1-10
2021-05-19 13:59:55,811 INFO o.a.j.t.JMeterThread: Thread finished: L1-iSource-AuctionPublishEvent-Job 1-10
2021-05-19 13:59:55,812 INFO o.a.j.e.StandardJMeterEngine: Notifying test listeners of end of test
2021-05-19 13:59:55,812 INFO o.a.j.s.FileServer: Close: D:\apache-jmeter-5.1\apache-jmeter-5.1\bin\excel\isource\RM_ZCS_Users.csv
2021-05-19 13:59:55,814 INFO o.a.j.r.Summariser: summary +     63 in 00:00:26 =    2.5/s Avg:   182 Min:    24 Max:   934 Err:     6 (9.52%) Active: 0 Started: 10 Finished: 10
2021-05-19 13:59:55,814 INFO o.a.j.r.Summariser: summary =    120 in 00:00:54 =    2.2/s Avg:   184 Min:    24 Max:  1103 Err:    10 (8.33%)
2021-05-19 13:59:55,814 INFO o.a.j.JMeter: Generating Dashboard
2021-05-19 13:59:55,814 INFO o.a.j.r.d.ReportGenerator: Flushing result collector before report Generation
2021-05-19 13:59:55,831 INFO o.a.j.r.p.NormalizerSampleConsumer: Using format, 'ms', to parse timeStamp field
2021-05-19 13:59:55,908 INFO o.a.j.r.p.AbstractSampleConsumer: class org.apache.jmeter.report.processor.AggregateConsumer#stopProducing(): beginDate produced 0 samples
2021-05-19 13:59:55,908 INFO o.a.j.r.p.AbstractSampleConsumer: class org.apache.jmeter.report.processor.AggregateConsumer#stopProducing(): endDate produced 0 samples
2021-05-19 13:59:55,910 INFO o.a.j.r.p.AbstractSampleConsumer: class org.apache.jmeter.report.processor.ApdexSummaryConsumer#stopProducing(): apdexSummary produced 0 samples
2021-05-19 13:59:55,910 INFO o.a.j.r.p.AbstractSampleConsumer: class org.apache.jmeter.report.processor.RequestsSummaryConsumer#stopProducing(): requestsSummary produced 0 samples
2021-05-19 13:59:55,914 INFO o.a.j.r.p.AbstractSampleConsumer: class org.apache.jmeter.report.processor.StatisticsSummaryConsumer#stopProducing(): statisticsSummary produced 0 samples
2021-05-19 13:59:55,917 INFO o.a.j.r.p.AbstractSampleConsumer: class org.apache.jmeter.report.processor.Top5ErrorsBySamplerConsumer#stopProducing(): top5ErrorsBySampler produced 0 samples
2021-05-19 13:59:55,918 INFO o.a.j.r.p.AbstractSampleConsumer: class org.apache.jmeter.report.processor.ErrorsSummaryConsumer#stopProducing(): errorsSummary produced 0 samples
2021-05-19 13:59:55,918 INFO o.a.j.r.p.AbstractSampleConsumer: class org.apache.jmeter.report.processor.graph.impl.HitsPerSecondGraphConsumer#stopProducing(): hitsPerSecond produced 0 samples
2021-05-19 13:59:55,925 INFO o.a.j.r.p.AbstractSampleConsumer: class org.apache.jmeter.report.processor.graph.impl.LatencyVSRequestGraphConsumer#stopProducing(): latencyVsRequest produced 0 samples
2021-05-19 13:59:55,926 INFO o.a.j.r.p.AbstractSampleConsumer: class org.apache.jmeter.report.processor.graph.impl.SyntheticResponseTimeDistributionGraphConsumer#stopProducing(): syntheticResponseTimeDistribution produced 0 samples
2021-05-19 13:59:55,926 INFO o.a.j.r.p.AbstractSampleConsumer: class org.apache.jmeter.report.processor.graph.impl.BytesThroughputGraphConsumer#stopProducing(): bytesThroughputOverTime produced 0 samples
2021-05-19 13:59:55,926 INFO o.a.j.r.p.AbstractSampleConsumer: class org.apache.jmeter.report.processor.graph.impl.CodesPerSecondGraphConsumer#stopProducing(): codesPerSecond produced 0 samples
2021-05-19 13:59:55,930 INFO o.a.j.r.p.AbstractSampleConsumer: class org.apache.jmeter.report.processor.graph.impl.ResponseTimeVSRequestGraphConsumer#stopProducing(): responseTimeVsRequest produced 0 samples
2021-05-19 13:59:55,930 INFO o.a.j.r.p.AbstractSampleConsumer: class org.apache.jmeter.report.processor.FilterConsumer#stopProducing(): startIntervalControlerFilter produced 840 samples
2021-05-19 13:59:55,930 INFO o.a.j.r.p.AbstractSampleConsumer: class org.apache.jmeter.report.processor.graph.impl.TotalTPSGraphConsumer#stopProducing(): totalTPS produced 0 samples
2021-05-19 13:59:55,930 INFO o.a.j.r.p.AbstractSampleConsumer: class org.apache.jmeter.report.processor.graph.impl.ActiveThreadsGraphConsumer#stopProducing(): activeThreadsOverTime produced 0 samples
2021-05-19 13:59:55,930 INFO o.a.j.r.p.AbstractSampleConsumer: class org.apache.jmeter.report.processor.graph.impl.TimeVSThreadGraphConsumer#stopProducing(): timeVsThreads produced 0 samples
2021-05-19 13:59:55,931 INFO o.a.j.r.p.AbstractSampleConsumer: class org.apache.jmeter.report.processor.graph.impl.ResponseTimeDistributionGraphConsumer#stopProducing(): responseTimeDistribution produced 0 samples
2021-05-19 13:59:55,931 INFO o.a.j.r.p.AbstractSampleConsumer: class org.apache.jmeter.report.processor.graph.impl.TransactionsPerSecondGraphConsumer#stopProducing(): transactionsPerSecond produced 0 samples
2021-05-19 13:59:55,931 INFO o.a.j.r.p.AbstractSampleConsumer: class org.apache.jmeter.report.processor.graph.impl.ResponseTimePercentilesGraphConsumer#stopProducing(): responseTimePercentiles produced 0 samples
2021-05-19 13:59:55,933 INFO o.a.j.r.p.AbstractSampleConsumer: class org.apache.jmeter.report.processor.graph.impl.ResponseTimePercentilesOverTimeGraphConsumer#stopProducing(): responseTimePercentilesOverTime produced 0 samples
2021-05-19 13:59:55,934 INFO o.a.j.r.p.AbstractSampleConsumer: class org.apache.jmeter.report.processor.graph.impl.ResponseTimeOverTimeGraphConsumer#stopProducing(): responseTimesOverTime produced 0 samples
2021-05-19 13:59:55,934 INFO o.a.j.r.p.AbstractSampleConsumer: class org.apache.jmeter.report.processor.graph.impl.ConnectTimeOverTimeGraphConsumer#stopProducing(): connectTimeOverTime produced 0 samples
2021-05-19 13:59:55,934 INFO o.a.j.r.p.AbstractSampleConsumer: class org.apache.jmeter.report.processor.graph.impl.LatencyOverTimeGraphConsumer#stopProducing(): latenciesOverTime produced 0 samples
2021-05-19 13:59:55,934 INFO o.a.j.r.p.AbstractSampleConsumer: class org.apache.jmeter.report.processor.FilterConsumer#stopProducing(): nameFilter produced 1950 samples
2021-05-19 13:59:55,934 INFO o.a.j.r.p.AbstractSampleConsumer: class org.apache.jmeter.report.processor.FilterConsumer#stopProducing(): dateRangeFilter produced 390 samples
2021-05-19 13:59:55,934 INFO o.a.j.r.p.AbstractSampleConsumer: class org.apache.jmeter.report.processor.NormalizerSampleConsumer#stopProducing(): normalizer produced 130 samples
2021-05-19 13:59:55,934 INFO o.a.j.r.p.CsvFileSampleSource: produce(): 130 samples produced in 80ms on channel 0
2021-05-19 13:59:55,934 INFO o.a.j.r.d.ReportGenerator: Exporting data using exporter:'json' of className:'org.apache.jmeter.report.dashboard.JsonExporter'
2021-05-19 13:59:55,936 INFO o.a.j.r.d.JsonExporter: Found data for consumer statisticsSummary in context
2021-05-19 13:59:55,936 INFO o.a.j.r.d.JsonExporter: Creating statistics for overall
2021-05-19 13:59:55,936 INFO o.a.j.r.d.JsonExporter: Creating statistics for other transactions
2021-05-19 13:59:55,937 INFO o.a.j.r.d.JsonExporter: Checking output folder
2021-05-19 13:59:55,938 INFO o.a.j.r.d.JsonExporter: Writing statistics JSON to C:\xampp\htdocs\PerformancePostgres\L0_iSource_10_AuctionPublishEvent_2021-05-19_1\statistics.json
2021-05-19 13:59:56,061 INFO o.a.j.r.d.ReportGenerator: Exporting data using exporter:'html' of className:'org.apache.jmeter.report.dashboard.HtmlTemplateExporter'
2021-05-19 13:59:56,064 INFO o.a.j.r.d.HtmlTemplateExporter: Will generate dashboard in folder: C:\xampp\htdocs\PerformancePostgres\L0_iSource_10_AuctionPublishEvent_2021-05-19_1
2021-05-19 13:59:56,132 INFO o.a.j.r.d.HtmlTemplateExporter: Report will be generated in: C:\xampp\htdocs\PerformancePostgres\L0_iSource_10_AuctionPublishEvent_2021-05-19_1, creating folder structure
2021-05-19 13:59:56,135 INFO o.a.j.r.d.TemplateVisitor: Copying folder from 'D:\apache-jmeter-5.1\apache-jmeter-5.1\bin\report-template' to 'C:\xampp\htdocs\PerformancePostgres\L0_iSource_10_AuctionPublishEvent_2021-05-19_1', got message:[C:\xampp\htdocs\PerformancePostgres\L0_iSource_10_AuctionPublishEvent_2021-05-19_1\statistics.json], found non empty folder with following content {}, will be ignored
2021-05-19 13:59:56,824 INFO o.a.j.JMeter: Dashboard generated
