2021-06-30 15:37:11,437 INFO o.a.j.u.JMeterUtils: Setting Locale to en_EN
2021-06-30 15:37:11,449 INFO o.a.j.JMeter: Loading user properties from: user.properties
2021-06-30 15:37:11,449 INFO o.a.j.JMeter: Loading system properties from: system.properties
2021-06-30 15:37:11,450 INFO o.a.j.JMeter: Setting JMeter property: meter.reportgenerator.report_title=RaceConditionAuction
2021-06-30 15:37:11,450 INFO o.a.j.JMeter: Setting JMeter property: thread=10
2021-06-30 15:37:11,450 INFO o.a.j.JMeter: Setting JMeter property: rampup=50
2021-06-30 15:37:11,453 INFO o.a.j.JMeter: Copyright (c) 1998-2019 The Apache Software Foundation
2021-06-30 15:37:11,453 INFO o.a.j.JMeter: Version 5.1 r1853635
2021-06-30 15:37:11,454 INFO o.a.j.JMeter: java.version=1.8.0_121
2021-06-30 15:37:11,454 INFO o.a.j.JMeter: java.vm.name=Java HotSpot(TM) 64-Bit Server VM
2021-06-30 15:37:11,454 INFO o.a.j.JMeter: os.name=Windows 10
2021-06-30 15:37:11,454 INFO o.a.j.JMeter: os.arch=amd64
2021-06-30 15:37:11,454 INFO o.a.j.JMeter: os.version=10.0
2021-06-30 15:37:11,454 INFO o.a.j.JMeter: file.encoding=Cp1252
2021-06-30 15:37:11,454 INFO o.a.j.JMeter: java.awt.headless=true
2021-06-30 15:37:11,454 INFO o.a.j.JMeter: Max memory     =8589934592
2021-06-30 15:37:11,454 INFO o.a.j.JMeter: Available Processors =6
2021-06-30 15:37:11,457 INFO o.a.j.JMeter: Default Locale=English (EN)
2021-06-30 15:37:11,457 INFO o.a.j.JMeter: JMeter  Locale=English (EN)
2021-06-30 15:37:11,457 INFO o.a.j.JMeter: JMeterHome=D:\apache-jmeter-5.1\apache-jmeter-5.1
2021-06-30 15:37:11,457 INFO o.a.j.JMeter: user.dir  =D:\apache-jmeter-5.1\apache-jmeter-5.1\bin
2021-06-30 15:37:11,457 INFO o.a.j.JMeter: PWD       =D:\apache-jmeter-5.1\apache-jmeter-5.1\bin
2021-06-30 15:37:11,458 INFO o.a.j.JMeter: IP: 172.30.225.123 Name: ZIPLSY2278 FullName: ZIPLSY2278.zycus.net
2021-06-30 15:37:11,460 INFO o.a.j.JMeter: Setting property 'jmeter.reportgenerator.outputdir' to:'C:\xampp\htdocs\PerformancePostgres\L0_iSource_10_RaceConditionAuction_2021-06-30_8'
2021-06-30 15:37:11,462 INFO o.a.j.s.FileServer: Default base='D:\apache-jmeter-5.1\apache-jmeter-5.1\bin'
2021-06-30 15:37:11,465 INFO o.a.j.s.FileServer: Set new base='D:\PostrgresMigration\iSource'
2021-06-30 15:37:11,559 INFO o.a.j.s.SaveService: Testplan (JMX) version: 2.2. Testlog (JTL) version: 2.2
2021-06-30 15:37:11,569 INFO o.a.j.s.SaveService: Using SaveService properties file encoding UTF-8
2021-06-30 15:37:11,573 INFO o.a.j.s.SaveService: Using SaveService properties version 5.0
2021-06-30 15:37:11,577 INFO o.a.j.s.SaveService: Loading file: D:\PostrgresMigration\iSource\iSource_RaceConditionAuction.jmx
2021-06-30 15:37:11,619 INFO o.a.j.p.h.c.CookieManager: Settings: Delete null: true Check: true Allow variable: true Save: false Prefix: COOKIE_
2021-06-30 15:37:11,624 INFO o.a.j.p.h.c.CacheManager: Will only cache the following methods: [GET]
2021-06-30 15:37:11,632 INFO o.a.j.p.h.s.HTTPSamplerBase: Parser for text/html is org.apache.jmeter.protocol.http.parser.LagartoBasedHtmlParser
2021-06-30 15:37:11,632 INFO o.a.j.p.h.s.HTTPSamplerBase: Parser for application/xhtml+xml is org.apache.jmeter.protocol.http.parser.LagartoBasedHtmlParser
2021-06-30 15:37:11,632 INFO o.a.j.p.h.s.HTTPSamplerBase: Parser for application/xml is org.apache.jmeter.protocol.http.parser.LagartoBasedHtmlParser
2021-06-30 15:37:11,632 INFO o.a.j.p.h.s.HTTPSamplerBase: Parser for text/xml is org.apache.jmeter.protocol.http.parser.LagartoBasedHtmlParser
2021-06-30 15:37:11,632 INFO o.a.j.p.h.s.HTTPSamplerBase: Parser for text/vnd.wap.wml is org.apache.jmeter.protocol.http.parser.RegexpHTMLParser
2021-06-30 15:37:11,632 INFO o.a.j.p.h.s.HTTPSamplerBase: Parser for text/css is org.apache.jmeter.protocol.http.parser.CssParser
2021-06-30 15:37:11,924 INFO o.a.j.JMeter: Creating summariser <summary>
2021-06-30 15:37:11,933 INFO o.a.j.r.d.ReportGenerator: ReportGenerator will use for Parsing the separator: ','
2021-06-30 15:37:11,933 INFO o.a.j.r.d.ReportGenerator: Will generate report at end of test from  results file: D:\PostrgresMigration\iSource\JTL\L0_iSource_10_RaceConditionAuction_2021-06-30_8.jtl
2021-06-30 15:37:11,933 INFO o.a.j.r.d.ReportGenerator: Reading report generator properties from: D:\apache-jmeter-5.1\apache-jmeter-5.1\bin\reportgenerator.properties
2021-06-30 15:37:11,934 INFO o.a.j.r.d.ReportGenerator: Merging with JMeter properties
2021-06-30 15:37:11,939 INFO o.a.j.r.c.ReportGeneratorConfiguration: Property 'jmeter.reportgenerator.temp_dir' not found, using default value 'temp' instead.
2021-06-30 15:37:11,941 INFO o.a.j.r.c.ReportGeneratorConfiguration: Property 'jmeter.reportgenerator.apdex_per_transaction' not found, using default value 'null' instead.
2021-06-30 15:37:11,941 INFO o.a.j.r.c.ReportGeneratorConfiguration: apdex_per_transaction : {} is empty, not APDEX per transaction customization
2021-06-30 15:37:11,942 INFO o.a.j.r.c.ReportGeneratorConfiguration: Property 'jmeter.reportgenerator.sample_filter' not found, using default value 'null' instead.
2021-06-30 15:37:11,942 INFO o.a.j.r.c.ReportGeneratorConfiguration: Property 'jmeter.reportgenerator.report_title' not found, using default value 'null' instead.
2021-06-30 15:37:11,942 INFO o.a.j.r.c.ReportGeneratorConfiguration: Property 'jmeter.reportgenerator.start_date' not found, using default value 'null' instead.
2021-06-30 15:37:11,942 INFO o.a.j.r.c.ReportGeneratorConfiguration: Property 'jmeter.reportgenerator.end_date' not found, using default value 'null' instead.
2021-06-30 15:37:11,942 INFO o.a.j.r.c.ReportGeneratorConfiguration: Property 'jmeter.reportgenerator.date_format' not found, using default value 'null' instead.
2021-06-30 15:37:11,943 INFO o.a.j.r.c.ReportGeneratorConfiguration: Will use date range start date: null, end date: null
2021-06-30 15:37:11,950 INFO o.a.j.r.c.ReportGeneratorConfiguration: Property 'jmeter.reportgenerator.graph.totalTPS.exclude_controllers' not found, using default value 'false' instead.
2021-06-30 15:37:11,951 INFO o.a.j.r.c.ReportGeneratorConfiguration: Property 'jmeter.reportgenerator.graph.activeThreadsOverTime.exclude_controllers' not found, using default value 'false' instead.
2021-06-30 15:37:11,951 INFO o.a.j.r.c.ReportGeneratorConfiguration: Property 'jmeter.reportgenerator.graph.timeVsThreads.exclude_controllers' not found, using default value 'false' instead.
2021-06-30 15:37:11,952 INFO o.a.j.r.c.ReportGeneratorConfiguration: Property 'jmeter.reportgenerator.graph.responseTimeDistribution.exclude_controllers' not found, using default value 'false' instead.
2021-06-30 15:37:11,952 INFO o.a.j.r.c.ReportGeneratorConfiguration: Property 'jmeter.reportgenerator.graph.transactionsPerSecond.exclude_controllers' not found, using default value 'false' instead.
2021-06-30 15:37:11,952 INFO o.a.j.r.c.ReportGeneratorConfiguration: Property 'jmeter.reportgenerator.graph.responseTimePercentiles.exclude_controllers' not found, using default value 'false' instead.
2021-06-30 15:37:11,952 INFO o.a.j.r.c.ReportGeneratorConfiguration: Property 'jmeter.reportgenerator.graph.responseTimePercentilesOverTime.exclude_controllers' not found, using default value 'false' instead.
2021-06-30 15:37:11,952 INFO o.a.j.r.c.ReportGeneratorConfiguration: Property 'jmeter.reportgenerator.graph.responseTimesOverTime.exclude_controllers' not found, using default value 'false' instead.
2021-06-30 15:37:11,952 INFO o.a.j.r.c.ReportGeneratorConfiguration: Property 'jmeter.reportgenerator.graph.connectTimeOverTime.exclude_controllers' not found, using default value 'false' instead.
2021-06-30 15:37:11,953 INFO o.a.j.r.c.ReportGeneratorConfiguration: Property 'jmeter.reportgenerator.graph.latenciesOverTime.exclude_controllers' not found, using default value 'false' instead.
2021-06-30 15:37:11,954 INFO o.a.j.r.c.ReportGeneratorConfiguration: Property 'jmeter.reportgenerator.exporter.json.filters_only_sample_series' not found, using default value 'true' instead.
2021-06-30 15:37:11,954 INFO o.a.j.r.c.ReportGeneratorConfiguration: Property 'jmeter.reportgenerator.exporter.json.series_filter' not found, using default value '' instead.
2021-06-30 15:37:11,954 INFO o.a.j.r.c.ReportGeneratorConfiguration: Property 'jmeter.reportgenerator.exporter.json.show_controllers_only' not found, using default value 'false' instead.
2021-06-30 15:37:11,954 INFO o.a.j.r.c.ReportGeneratorConfiguration: Property 'jmeter.reportgenerator.exporter.html.filters_only_sample_series' not found, using default value 'true' instead.
2021-06-30 15:37:11,954 INFO o.a.j.r.c.ReportGeneratorConfiguration: Property 'jmeter.reportgenerator.exporter.html.series_filter' not found, using default value '' instead.
2021-06-30 15:37:11,954 INFO o.a.j.r.c.ReportGeneratorConfiguration: Property 'jmeter.reportgenerator.exporter.html.show_controllers_only' not found, using default value 'false' instead.
2021-06-30 15:37:11,959 INFO o.a.j.e.StandardJMeterEngine: Running the test!
2021-06-30 15:37:11,959 INFO o.a.j.s.SampleEvent: List of sample_variables: []
2021-06-30 15:37:11,960 INFO o.a.j.s.SampleEvent: List of sample_variables: []
2021-06-30 15:37:11,970 INFO o.a.j.e.u.CompoundVariable: Note: Function class names must contain the string: '.functions.'
2021-06-30 15:37:11,970 INFO o.a.j.e.u.CompoundVariable: Note: Function class names must not contain the string: '.gui.'
2021-06-30 15:37:12,343 INFO o.a.j.JMeter: Running test (1625047632343)
2021-06-30 15:37:12,403 INFO o.a.j.e.StandardJMeterEngine: Starting ThreadGroup: 1 : iSource_RaceConditionAuction
2021-06-30 15:37:12,403 INFO o.a.j.e.StandardJMeterEngine: Starting 10 threads for group iSource_RaceConditionAuction.
2021-06-30 15:37:12,403 INFO o.a.j.e.StandardJMeterEngine: Thread will stop on error
2021-06-30 15:37:12,403 INFO o.a.j.t.ThreadGroup: Starting thread group... number=1 threads=10 ramp-up=50 perThread=5000.0 delayedStart=false
2021-06-30 15:37:12,429 INFO o.a.j.s.SampleResult: Note: Sample TimeStamps are START times
2021-06-30 15:37:12,430 INFO o.a.j.s.SampleResult: sampleresult.default.encoding is set to ISO-8859-1
2021-06-30 15:37:12,430 INFO o.a.j.s.SampleResult: sampleresult.useNanoTime=true
2021-06-30 15:37:12,430 INFO o.a.j.s.SampleResult: sampleresult.nanoThreadSleep=5000
2021-06-30 15:37:12,443 INFO o.a.j.t.JMeterThread: Thread started: iSource_RaceConditionAuction 1-1
2021-06-30 15:37:12,483 INFO o.a.j.p.h.s.HTTPHCAbstractImpl: Local host = ZIPLSY2278
2021-06-30 15:37:12,496 INFO o.a.j.p.h.s.HTTPHC4Impl: HTTP request retry count = 0
2021-06-30 15:37:12,660 INFO o.a.j.p.h.s.h.LazyLayeredConnectionSocketFactory: Setting up HTTPS TrustAll Socket Factory
2021-06-30 15:37:12,670 INFO o.a.j.u.JsseSSLManager: Using default SSL protocol: TLS
2021-06-30 15:37:12,671 INFO o.a.j.u.JsseSSLManager: SSL session context: per-thread
2021-06-30 15:37:12,751 INFO o.a.j.t.ThreadGroup: Started thread group number 1
2021-06-30 15:37:12,751 INFO o.a.j.e.StandardJMeterEngine: All thread groups have been started
2021-06-30 15:37:13,137 INFO o.a.j.u.SSLManager: JmeterKeyStore Location:  type JKS
2021-06-30 15:37:13,139 INFO o.a.j.u.SSLManager: KeyStore created OK
2021-06-30 15:37:13,139 WARN o.a.j.u.SSLManager: Keystore file not found, loading empty keystore
2021-06-30 15:37:17,499 INFO o.a.j.t.JMeterThread: Thread started: iSource_RaceConditionAuction 1-2
2021-06-30 15:37:22,556 INFO o.a.j.t.JMeterThread: Thread started: iSource_RaceConditionAuction 1-3
2021-06-30 15:37:23,121 INFO o.a.j.t.JMeterThread: Stop Thread detected by thread: iSource_RaceConditionAuction 1-1
2021-06-30 15:37:23,122 INFO o.a.j.t.JMeterThread: Thread finished: iSource_RaceConditionAuction 1-1
2021-06-30 15:37:26,878 INFO o.a.j.t.JMeterThread: Stop Thread detected by thread: iSource_RaceConditionAuction 1-2
2021-06-30 15:37:26,878 INFO o.a.j.t.JMeterThread: Thread finished: iSource_RaceConditionAuction 1-2
2021-06-30 15:37:27,610 INFO o.a.j.t.JMeterThread: Thread started: iSource_RaceConditionAuction 1-4
2021-06-30 15:37:30,355 INFO o.a.j.r.Summariser: summary +     56 in 00:00:18 =    3.1/s Avg:   309 Min:    15 Max:  1254 Err:     2 (3.57%) Active: 2 Started: 4 Finished: 2
2021-06-30 15:37:32,092 INFO o.a.j.t.JMeterThread: Stop Thread detected by thread: iSource_RaceConditionAuction 1-3
2021-06-30 15:37:32,093 INFO o.a.j.t.JMeterThread: Thread finished: iSource_RaceConditionAuction 1-3
2021-06-30 15:37:32,651 INFO o.a.j.t.JMeterThread: Thread started: iSource_RaceConditionAuction 1-5
2021-06-30 15:37:36,949 INFO o.a.j.t.JMeterThread: Stop Thread detected by thread: iSource_RaceConditionAuction 1-4
2021-06-30 15:37:36,950 INFO o.a.j.t.JMeterThread: Thread finished: iSource_RaceConditionAuction 1-4
2021-06-30 15:37:37,678 INFO o.a.j.t.JMeterThread: Thread started: iSource_RaceConditionAuction 1-6
2021-06-30 15:37:42,701 INFO o.a.j.t.JMeterThread: Thread started: iSource_RaceConditionAuction 1-7
2021-06-30 15:37:42,854 INFO o.a.j.t.JMeterThread: Stop Thread detected by thread: iSource_RaceConditionAuction 1-5
2021-06-30 15:37:42,854 INFO o.a.j.t.JMeterThread: Thread finished: iSource_RaceConditionAuction 1-5
2021-06-30 15:37:47,421 INFO o.a.j.t.JMeterThread: Stop Thread detected by thread: iSource_RaceConditionAuction 1-6
2021-06-30 15:37:47,421 INFO o.a.j.t.JMeterThread: Thread finished: iSource_RaceConditionAuction 1-6
2021-06-30 15:37:47,732 INFO o.a.j.t.JMeterThread: Thread started: iSource_RaceConditionAuction 1-8
2021-06-30 15:37:52,147 INFO o.a.j.t.JMeterThread: Stop Thread detected by thread: iSource_RaceConditionAuction 1-7
2021-06-30 15:37:52,148 INFO o.a.j.t.JMeterThread: Thread finished: iSource_RaceConditionAuction 1-7
2021-06-30 15:37:52,739 INFO o.a.j.t.JMeterThread: Thread started: iSource_RaceConditionAuction 1-9
2021-06-30 15:37:57,191 INFO o.a.j.t.JMeterThread: Stop Thread detected by thread: iSource_RaceConditionAuction 1-8
2021-06-30 15:37:57,191 INFO o.a.j.t.JMeterThread: Thread finished: iSource_RaceConditionAuction 1-8
2021-06-30 15:37:57,755 INFO o.a.j.t.JMeterThread: Thread started: iSource_RaceConditionAuction 1-10
2021-06-30 15:38:00,070 INFO o.a.j.r.Summariser: summary +    106 in 00:00:30 =    3.6/s Avg:   307 Min:    11 Max:  1275 Err:     6 (5.66%) Active: 2 Started: 10 Finished: 8
2021-06-30 15:38:00,070 INFO o.a.j.r.Summariser: summary =    162 in 00:00:48 =    3.4/s Avg:   308 Min:    11 Max:  1275 Err:     8 (4.94%)
2021-06-30 15:38:02,708 INFO o.a.j.t.JMeterThread: Stop Thread detected by thread: iSource_RaceConditionAuction 1-9
2021-06-30 15:38:02,708 INFO o.a.j.t.JMeterThread: Thread finished: iSource_RaceConditionAuction 1-9
2021-06-30 15:38:07,166 INFO o.a.j.t.JMeterThread: Stop Thread detected by thread: iSource_RaceConditionAuction 1-10
2021-06-30 15:38:07,166 INFO o.a.j.t.JMeterThread: Thread finished: iSource_RaceConditionAuction 1-10
2021-06-30 15:38:07,167 INFO o.a.j.e.StandardJMeterEngine: Notifying test listeners of end of test
2021-06-30 15:38:07,168 INFO o.a.j.r.Summariser: summary +     18 in 00:00:07 =    2.5/s Avg:   310 Min:    76 Max:   739 Err:     2 (11.11%) Active: 0 Started: 10 Finished: 10
2021-06-30 15:38:07,168 INFO o.a.j.r.Summariser: summary =    180 in 00:00:55 =    3.3/s Avg:   308 Min:    11 Max:  1275 Err:    10 (5.56%)
2021-06-30 15:38:07,168 INFO o.a.j.JMeter: Generating Dashboard
2021-06-30 15:38:07,168 INFO o.a.j.r.d.ReportGenerator: Flushing result collector before report Generation
2021-06-30 15:38:07,179 INFO o.a.j.r.p.NormalizerSampleConsumer: Using format, 'ms', to parse timeStamp field
2021-06-30 15:38:07,263 INFO o.a.j.r.p.AbstractSampleConsumer: class org.apache.jmeter.report.processor.AggregateConsumer#stopProducing(): beginDate produced 0 samples
2021-06-30 15:38:07,263 INFO o.a.j.r.p.AbstractSampleConsumer: class org.apache.jmeter.report.processor.AggregateConsumer#stopProducing(): endDate produced 0 samples
2021-06-30 15:38:07,265 INFO o.a.j.r.p.AbstractSampleConsumer: class org.apache.jmeter.report.processor.ApdexSummaryConsumer#stopProducing(): apdexSummary produced 0 samples
2021-06-30 15:38:07,265 INFO o.a.j.r.p.AbstractSampleConsumer: class org.apache.jmeter.report.processor.RequestsSummaryConsumer#stopProducing(): requestsSummary produced 0 samples
2021-06-30 15:38:07,269 INFO o.a.j.r.p.AbstractSampleConsumer: class org.apache.jmeter.report.processor.StatisticsSummaryConsumer#stopProducing(): statisticsSummary produced 0 samples
2021-06-30 15:38:07,273 INFO o.a.j.r.p.AbstractSampleConsumer: class org.apache.jmeter.report.processor.Top5ErrorsBySamplerConsumer#stopProducing(): top5ErrorsBySampler produced 0 samples
2021-06-30 15:38:07,273 INFO o.a.j.r.p.AbstractSampleConsumer: class org.apache.jmeter.report.processor.ErrorsSummaryConsumer#stopProducing(): errorsSummary produced 0 samples
2021-06-30 15:38:07,273 INFO o.a.j.r.p.AbstractSampleConsumer: class org.apache.jmeter.report.processor.graph.impl.HitsPerSecondGraphConsumer#stopProducing(): hitsPerSecond produced 0 samples
2021-06-30 15:38:07,283 INFO o.a.j.r.p.AbstractSampleConsumer: class org.apache.jmeter.report.processor.graph.impl.LatencyVSRequestGraphConsumer#stopProducing(): latencyVsRequest produced 0 samples
2021-06-30 15:38:07,283 INFO o.a.j.r.p.AbstractSampleConsumer: class org.apache.jmeter.report.processor.graph.impl.SyntheticResponseTimeDistributionGraphConsumer#stopProducing(): syntheticResponseTimeDistribution produced 0 samples
2021-06-30 15:38:07,283 INFO o.a.j.r.p.AbstractSampleConsumer: class org.apache.jmeter.report.processor.graph.impl.BytesThroughputGraphConsumer#stopProducing(): bytesThroughputOverTime produced 0 samples
2021-06-30 15:38:07,283 INFO o.a.j.r.p.AbstractSampleConsumer: class org.apache.jmeter.report.processor.graph.impl.CodesPerSecondGraphConsumer#stopProducing(): codesPerSecond produced 0 samples
2021-06-30 15:38:07,288 INFO o.a.j.r.p.AbstractSampleConsumer: class org.apache.jmeter.report.processor.graph.impl.ResponseTimeVSRequestGraphConsumer#stopProducing(): responseTimeVsRequest produced 0 samples
2021-06-30 15:38:07,288 INFO o.a.j.r.p.AbstractSampleConsumer: class org.apache.jmeter.report.processor.FilterConsumer#stopProducing(): startIntervalControlerFilter produced 1260 samples
2021-06-30 15:38:07,288 INFO o.a.j.r.p.AbstractSampleConsumer: class org.apache.jmeter.report.processor.graph.impl.TotalTPSGraphConsumer#stopProducing(): totalTPS produced 0 samples
2021-06-30 15:38:07,288 INFO o.a.j.r.p.AbstractSampleConsumer: class org.apache.jmeter.report.processor.graph.impl.ActiveThreadsGraphConsumer#stopProducing(): activeThreadsOverTime produced 0 samples
2021-06-30 15:38:07,288 INFO o.a.j.r.p.AbstractSampleConsumer: class org.apache.jmeter.report.processor.graph.impl.TimeVSThreadGraphConsumer#stopProducing(): timeVsThreads produced 0 samples
2021-06-30 15:38:07,289 INFO o.a.j.r.p.AbstractSampleConsumer: class org.apache.jmeter.report.processor.graph.impl.ResponseTimeDistributionGraphConsumer#stopProducing(): responseTimeDistribution produced 0 samples
2021-06-30 15:38:07,289 INFO o.a.j.r.p.AbstractSampleConsumer: class org.apache.jmeter.report.processor.graph.impl.TransactionsPerSecondGraphConsumer#stopProducing(): transactionsPerSecond produced 0 samples
2021-06-30 15:38:07,289 INFO o.a.j.r.p.AbstractSampleConsumer: class org.apache.jmeter.report.processor.graph.impl.ResponseTimePercentilesGraphConsumer#stopProducing(): responseTimePercentiles produced 0 samples
2021-06-30 15:38:07,293 INFO o.a.j.r.p.AbstractSampleConsumer: class org.apache.jmeter.report.processor.graph.impl.ResponseTimePercentilesOverTimeGraphConsumer#stopProducing(): responseTimePercentilesOverTime produced 0 samples
2021-06-30 15:38:07,294 INFO o.a.j.r.p.AbstractSampleConsumer: class org.apache.jmeter.report.processor.graph.impl.ResponseTimeOverTimeGraphConsumer#stopProducing(): responseTimesOverTime produced 0 samples
2021-06-30 15:38:07,294 INFO o.a.j.r.p.AbstractSampleConsumer: class org.apache.jmeter.report.processor.graph.impl.ConnectTimeOverTimeGraphConsumer#stopProducing(): connectTimeOverTime produced 0 samples
2021-06-30 15:38:07,294 INFO o.a.j.r.p.AbstractSampleConsumer: class org.apache.jmeter.report.processor.graph.impl.LatencyOverTimeGraphConsumer#stopProducing(): latenciesOverTime produced 0 samples
2021-06-30 15:38:07,294 INFO o.a.j.r.p.AbstractSampleConsumer: class org.apache.jmeter.report.processor.FilterConsumer#stopProducing(): nameFilter produced 3000 samples
2021-06-30 15:38:07,294 INFO o.a.j.r.p.AbstractSampleConsumer: class org.apache.jmeter.report.processor.FilterConsumer#stopProducing(): dateRangeFilter produced 600 samples
2021-06-30 15:38:07,294 INFO o.a.j.r.p.AbstractSampleConsumer: class org.apache.jmeter.report.processor.NormalizerSampleConsumer#stopProducing(): normalizer produced 200 samples
2021-06-30 15:38:07,296 INFO o.a.j.r.p.CsvFileSampleSource: produce(): 200 samples produced in 98ms on channel 0
2021-06-30 15:38:07,296 INFO o.a.j.r.d.ReportGenerator: Exporting data using exporter:'json' of className:'org.apache.jmeter.report.dashboard.JsonExporter'
2021-06-30 15:38:07,298 INFO o.a.j.r.d.JsonExporter: Found data for consumer statisticsSummary in context
2021-06-30 15:38:07,298 INFO o.a.j.r.d.JsonExporter: Creating statistics for overall
2021-06-30 15:38:07,298 INFO o.a.j.r.d.JsonExporter: Creating statistics for other transactions
2021-06-30 15:38:07,298 INFO o.a.j.r.d.JsonExporter: Checking output folder
2021-06-30 15:38:07,300 INFO o.a.j.r.d.JsonExporter: Writing statistics JSON to C:\xampp\htdocs\PerformancePostgres\L0_iSource_10_RaceConditionAuction_2021-06-30_8\statistics.json
2021-06-30 15:38:07,440 INFO o.a.j.r.d.ReportGenerator: Exporting data using exporter:'html' of className:'org.apache.jmeter.report.dashboard.HtmlTemplateExporter'
2021-06-30 15:38:07,443 INFO o.a.j.r.d.HtmlTemplateExporter: Will generate dashboard in folder: C:\xampp\htdocs\PerformancePostgres\L0_iSource_10_RaceConditionAuction_2021-06-30_8
2021-06-30 15:38:07,523 INFO o.a.j.r.d.HtmlTemplateExporter: Report will be generated in: C:\xampp\htdocs\PerformancePostgres\L0_iSource_10_RaceConditionAuction_2021-06-30_8, creating folder structure
2021-06-30 15:38:07,526 INFO o.a.j.r.d.TemplateVisitor: Copying folder from 'D:\apache-jmeter-5.1\apache-jmeter-5.1\bin\report-template' to 'C:\xampp\htdocs\PerformancePostgres\L0_iSource_10_RaceConditionAuction_2021-06-30_8', got message:[C:\xampp\htdocs\PerformancePostgres\L0_iSource_10_RaceConditionAuction_2021-06-30_8\statistics.json], found non empty folder with following content {}, will be ignored
2021-06-30 15:38:08,493 INFO o.a.j.JMeter: Dashboard generated
