2021-05-18 17:03:53,351 INFO o.a.j.u.JMeterUtils: Setting Locale to en_EN
2021-05-18 17:03:53,362 INFO o.a.j.JMeter: Loading user properties from: user.properties
2021-05-18 17:03:53,363 INFO o.a.j.JMeter: Loading system properties from: system.properties
2021-05-18 17:03:53,363 INFO o.a.j.JMeter: Setting JMeter property: meter.reportgenerator.report_title=RFQMultipleQuestionsPublish
2021-05-18 17:03:53,363 INFO o.a.j.JMeter: Setting JMeter property: thread=1
2021-05-18 17:03:53,363 INFO o.a.j.JMeter: Setting JMeter property: rampup=1
2021-05-18 17:03:53,368 INFO o.a.j.JMeter: Copyright (c) 1998-2019 The Apache Software Foundation
2021-05-18 17:03:53,368 INFO o.a.j.JMeter: Version 5.1 r1853635
2021-05-18 17:03:53,368 INFO o.a.j.JMeter: java.version=1.8.0_121
2021-05-18 17:03:53,368 INFO o.a.j.JMeter: java.vm.name=Java HotSpot(TM) 64-Bit Server VM
2021-05-18 17:03:53,368 INFO o.a.j.JMeter: os.name=Windows 10
2021-05-18 17:03:53,368 INFO o.a.j.JMeter: os.arch=amd64
2021-05-18 17:03:53,368 INFO o.a.j.JMeter: os.version=10.0
2021-05-18 17:03:53,368 INFO o.a.j.JMeter: file.encoding=Cp1252
2021-05-18 17:03:53,368 INFO o.a.j.JMeter: java.awt.headless=true
2021-05-18 17:03:53,368 INFO o.a.j.JMeter: Max memory     =8589934592
2021-05-18 17:03:53,369 INFO o.a.j.JMeter: Available Processors =6
2021-05-18 17:03:53,371 INFO o.a.j.JMeter: Default Locale=English (EN)
2021-05-18 17:03:53,371 INFO o.a.j.JMeter: JMeter  Locale=English (EN)
2021-05-18 17:03:53,371 INFO o.a.j.JMeter: JMeterHome=D:\apache-jmeter-5.1\apache-jmeter-5.1
2021-05-18 17:03:53,372 INFO o.a.j.JMeter: user.dir  =D:\apache-jmeter-5.1\apache-jmeter-5.1\bin
2021-05-18 17:03:53,372 INFO o.a.j.JMeter: PWD       =D:\apache-jmeter-5.1\apache-jmeter-5.1\bin
2021-05-18 17:03:53,373 INFO o.a.j.JMeter: IP: 172.30.225.123 Name: ZIPLSY2278 FullName: ZIPLSY2278.zycus.net
2021-05-18 17:03:53,375 INFO o.a.j.JMeter: Setting property 'jmeter.reportgenerator.outputdir' to:'C:\xampp\htdocs\PerformancePostgres\L0_iSource_1_RFQMultipleQuestionsPublish_2021-05-18_1'
2021-05-18 17:03:53,377 INFO o.a.j.s.FileServer: Default base='D:\apache-jmeter-5.1\apache-jmeter-5.1\bin'
2021-05-18 17:03:53,380 INFO o.a.j.s.FileServer: Set new base='D:\PostrgresMigration\iSource'
2021-05-18 17:03:53,487 INFO o.a.j.s.SaveService: Testplan (JMX) version: 2.2. Testlog (JTL) version: 2.2
2021-05-18 17:03:53,497 INFO o.a.j.s.SaveService: Using SaveService properties file encoding UTF-8
2021-05-18 17:03:53,502 INFO o.a.j.s.SaveService: Using SaveService properties version 5.0
2021-05-18 17:03:53,506 INFO o.a.j.s.SaveService: Loading file: D:\PostrgresMigration\iSource\L0_iSource_RFQMultipleQuestionsPublish.jmx
2021-05-18 17:03:53,547 INFO o.a.j.p.h.c.CookieManager: Settings: Delete null: true Check: true Allow variable: true Save: false Prefix: COOKIE_
2021-05-18 17:03:53,551 INFO o.a.j.p.h.c.CacheManager: Will only cache the following methods: [GET]
2021-05-18 17:03:53,561 INFO o.a.j.p.h.s.HTTPSamplerBase: Parser for text/html is org.apache.jmeter.protocol.http.parser.LagartoBasedHtmlParser
2021-05-18 17:03:53,561 INFO o.a.j.p.h.s.HTTPSamplerBase: Parser for application/xhtml+xml is org.apache.jmeter.protocol.http.parser.LagartoBasedHtmlParser
2021-05-18 17:03:53,561 INFO o.a.j.p.h.s.HTTPSamplerBase: Parser for application/xml is org.apache.jmeter.protocol.http.parser.LagartoBasedHtmlParser
2021-05-18 17:03:53,561 INFO o.a.j.p.h.s.HTTPSamplerBase: Parser for text/xml is org.apache.jmeter.protocol.http.parser.LagartoBasedHtmlParser
2021-05-18 17:03:53,561 INFO o.a.j.p.h.s.HTTPSamplerBase: Parser for text/vnd.wap.wml is org.apache.jmeter.protocol.http.parser.RegexpHTMLParser
2021-05-18 17:03:53,562 INFO o.a.j.p.h.s.HTTPSamplerBase: Parser for text/css is org.apache.jmeter.protocol.http.parser.CssParser
2021-05-18 17:03:53,740 INFO o.a.j.JMeter: Creating summariser <summary>
2021-05-18 17:03:53,744 INFO o.a.j.r.d.ReportGenerator: ReportGenerator will use for Parsing the separator: ','
2021-05-18 17:03:53,744 INFO o.a.j.r.d.ReportGenerator: Will generate report at end of test from  results file: D:\PostrgresMigration\iSource\JTL\L0_iSource_1_RFQMultipleQuestionsPublish_2021-05-18_1.jtl
2021-05-18 17:03:53,744 INFO o.a.j.r.d.ReportGenerator: Reading report generator properties from: D:\apache-jmeter-5.1\apache-jmeter-5.1\bin\reportgenerator.properties
2021-05-18 17:03:53,745 INFO o.a.j.r.d.ReportGenerator: Merging with JMeter properties
2021-05-18 17:03:53,749 INFO o.a.j.r.c.ReportGeneratorConfiguration: Property 'jmeter.reportgenerator.temp_dir' not found, using default value 'temp' instead.
2021-05-18 17:03:53,752 INFO o.a.j.r.c.ReportGeneratorConfiguration: Property 'jmeter.reportgenerator.apdex_per_transaction' not found, using default value 'null' instead.
2021-05-18 17:03:53,752 INFO o.a.j.r.c.ReportGeneratorConfiguration: apdex_per_transaction : {} is empty, not APDEX per transaction customization
2021-05-18 17:03:53,752 INFO o.a.j.r.c.ReportGeneratorConfiguration: Property 'jmeter.reportgenerator.sample_filter' not found, using default value 'null' instead.
2021-05-18 17:03:53,752 INFO o.a.j.r.c.ReportGeneratorConfiguration: Property 'jmeter.reportgenerator.report_title' not found, using default value 'null' instead.
2021-05-18 17:03:53,752 INFO o.a.j.r.c.ReportGeneratorConfiguration: Property 'jmeter.reportgenerator.start_date' not found, using default value 'null' instead.
2021-05-18 17:03:53,753 INFO o.a.j.r.c.ReportGeneratorConfiguration: Property 'jmeter.reportgenerator.end_date' not found, using default value 'null' instead.
2021-05-18 17:03:53,753 INFO o.a.j.r.c.ReportGeneratorConfiguration: Property 'jmeter.reportgenerator.date_format' not found, using default value 'null' instead.
2021-05-18 17:03:53,753 INFO o.a.j.r.c.ReportGeneratorConfiguration: Will use date range start date: null, end date: null
2021-05-18 17:03:53,758 INFO o.a.j.r.c.ReportGeneratorConfiguration: Property 'jmeter.reportgenerator.graph.totalTPS.exclude_controllers' not found, using default value 'false' instead.
2021-05-18 17:03:53,758 INFO o.a.j.r.c.ReportGeneratorConfiguration: Property 'jmeter.reportgenerator.graph.activeThreadsOverTime.exclude_controllers' not found, using default value 'false' instead.
2021-05-18 17:03:53,759 INFO o.a.j.r.c.ReportGeneratorConfiguration: Property 'jmeter.reportgenerator.graph.timeVsThreads.exclude_controllers' not found, using default value 'false' instead.
2021-05-18 17:03:53,759 INFO o.a.j.r.c.ReportGeneratorConfiguration: Property 'jmeter.reportgenerator.graph.responseTimeDistribution.exclude_controllers' not found, using default value 'false' instead.
2021-05-18 17:03:53,759 INFO o.a.j.r.c.ReportGeneratorConfiguration: Property 'jmeter.reportgenerator.graph.transactionsPerSecond.exclude_controllers' not found, using default value 'false' instead.
2021-05-18 17:03:53,759 INFO o.a.j.r.c.ReportGeneratorConfiguration: Property 'jmeter.reportgenerator.graph.responseTimePercentiles.exclude_controllers' not found, using default value 'false' instead.
2021-05-18 17:03:53,759 INFO o.a.j.r.c.ReportGeneratorConfiguration: Property 'jmeter.reportgenerator.graph.responseTimePercentilesOverTime.exclude_controllers' not found, using default value 'false' instead.
2021-05-18 17:03:53,759 INFO o.a.j.r.c.ReportGeneratorConfiguration: Property 'jmeter.reportgenerator.graph.responseTimesOverTime.exclude_controllers' not found, using default value 'false' instead.
2021-05-18 17:03:53,759 INFO o.a.j.r.c.ReportGeneratorConfiguration: Property 'jmeter.reportgenerator.graph.connectTimeOverTime.exclude_controllers' not found, using default value 'false' instead.
2021-05-18 17:03:53,759 INFO o.a.j.r.c.ReportGeneratorConfiguration: Property 'jmeter.reportgenerator.graph.latenciesOverTime.exclude_controllers' not found, using default value 'false' instead.
2021-05-18 17:03:53,760 INFO o.a.j.r.c.ReportGeneratorConfiguration: Property 'jmeter.reportgenerator.exporter.json.filters_only_sample_series' not found, using default value 'true' instead.
2021-05-18 17:03:53,760 INFO o.a.j.r.c.ReportGeneratorConfiguration: Property 'jmeter.reportgenerator.exporter.json.series_filter' not found, using default value '' instead.
2021-05-18 17:03:53,760 INFO o.a.j.r.c.ReportGeneratorConfiguration: Property 'jmeter.reportgenerator.exporter.json.show_controllers_only' not found, using default value 'false' instead.
2021-05-18 17:03:53,761 INFO o.a.j.r.c.ReportGeneratorConfiguration: Property 'jmeter.reportgenerator.exporter.html.filters_only_sample_series' not found, using default value 'true' instead.
2021-05-18 17:03:53,761 INFO o.a.j.r.c.ReportGeneratorConfiguration: Property 'jmeter.reportgenerator.exporter.html.series_filter' not found, using default value '' instead.
2021-05-18 17:03:53,761 INFO o.a.j.r.c.ReportGeneratorConfiguration: Property 'jmeter.reportgenerator.exporter.html.show_controllers_only' not found, using default value 'false' instead.
2021-05-18 17:03:53,764 INFO o.a.j.e.StandardJMeterEngine: Running the test!
2021-05-18 17:03:53,766 INFO o.a.j.s.SampleEvent: List of sample_variables: []
2021-05-18 17:03:53,767 INFO o.a.j.s.SampleEvent: List of sample_variables: []
2021-05-18 17:03:53,772 INFO o.a.j.e.u.CompoundVariable: Note: Function class names must contain the string: '.functions.'
2021-05-18 17:03:53,772 INFO o.a.j.e.u.CompoundVariable: Note: Function class names must not contain the string: '.gui.'
2021-05-18 17:03:54,285 INFO o.a.j.JMeter: Running test (1621337634285)
2021-05-18 17:03:54,354 INFO o.a.j.e.StandardJMeterEngine: Starting ThreadGroup: 1 : L0-iSource
2021-05-18 17:03:54,355 INFO o.a.j.e.StandardJMeterEngine: Starting 1 threads for group L0-iSource.
2021-05-18 17:03:54,355 INFO o.a.j.e.StandardJMeterEngine: Thread will continue on error
2021-05-18 17:03:54,355 INFO o.a.j.t.ThreadGroup: Starting thread group... number=1 threads=1 ramp-up=1 perThread=1000.0 delayedStart=false
2021-05-18 17:03:54,372 INFO o.a.j.t.ThreadGroup: Started thread group number 1
2021-05-18 17:03:54,372 INFO o.a.j.e.StandardJMeterEngine: All thread groups have been started
2021-05-18 17:03:54,379 INFO o.a.j.s.SampleResult: Note: Sample TimeStamps are START times
2021-05-18 17:03:54,380 INFO o.a.j.s.SampleResult: sampleresult.default.encoding is set to ISO-8859-1
2021-05-18 17:03:54,380 INFO o.a.j.s.SampleResult: sampleresult.useNanoTime=true
2021-05-18 17:03:54,380 INFO o.a.j.s.SampleResult: sampleresult.nanoThreadSleep=5000
2021-05-18 17:03:54,390 INFO o.a.j.t.JMeterThread: Thread started: L0-iSource 1-1
2021-05-18 17:03:54,392 INFO o.a.j.c.LoopController: iterationStart called on 5.6# Questions_Text with source org.apache.jmeter.control.LoopController@66908846 and iteration 1
2021-05-18 17:03:54,392 INFO o.a.j.c.LoopController: iterationStart called on 5.4# Questions_Multichoice with source org.apache.jmeter.control.LoopController@66908846 and iteration 1
2021-05-18 17:03:54,392 INFO o.a.j.s.FileServer: Stored: D:\apache-jmeter-5.1\apache-jmeter-5.1\bin\excel\isource\Partner_ZCS_Users.csv
2021-05-18 17:03:54,407 INFO o.a.j.p.h.s.HTTPHCAbstractImpl: Local host = ZIPLSY2278
2021-05-18 17:03:54,412 INFO o.a.j.p.h.s.HTTPHC4Impl: HTTP request retry count = 0
2021-05-18 17:03:54,477 INFO o.a.j.p.h.s.h.LazyLayeredConnectionSocketFactory: Setting up HTTPS TrustAll Socket Factory
2021-05-18 17:03:54,481 INFO o.a.j.u.JsseSSLManager: Using default SSL protocol: TLS
2021-05-18 17:03:54,481 INFO o.a.j.u.JsseSSLManager: SSL session context: per-thread
2021-05-18 17:03:54,953 INFO o.a.j.u.SSLManager: JmeterKeyStore Location:  type JKS
2021-05-18 17:03:54,956 INFO o.a.j.u.SSLManager: KeyStore created OK
2021-05-18 17:03:54,956 WARN o.a.j.u.SSLManager: Keystore file not found, loading empty keystore
2021-05-18 17:04:00,036 INFO o.a.j.r.Summariser: summary +      8 in 00:00:06 =    1.4/s Avg:   696 Min:   158 Max:  1677 Err:     0 (0.00%) Active: 1 Started: 1 Finished: 0
2021-05-18 17:04:30,560 INFO o.a.j.r.Summariser: summary +     22 in 00:00:31 =    0.7/s Avg:  1386 Min:   280 Max: 11616 Err:     0 (0.00%) Active: 1 Started: 1 Finished: 0
2021-05-18 17:04:30,561 INFO o.a.j.r.Summariser: summary =     30 in 00:00:36 =    0.8/s Avg:  1202 Min:   158 Max: 11616 Err:     0 (0.00%)
2021-05-18 17:05:01,599 INFO o.a.j.r.Summariser: summary +     17 in 00:00:31 =    0.5/s Avg:  1825 Min:   352 Max: 13694 Err:     0 (0.00%) Active: 1 Started: 1 Finished: 0
2021-05-18 17:05:01,599 INFO o.a.j.r.Summariser: summary =     47 in 00:01:07 =    0.7/s Avg:  1427 Min:   158 Max: 13694 Err:     0 (0.00%)
2021-05-18 17:05:07,945 INFO o.a.j.s.FileServer: Stored: D:\apache-jmeter-5.1\apache-jmeter-5.1\bin\excel\isource\PricingLot_2000.xlsx
2021-05-18 17:05:30,523 INFO o.a.j.r.Summariser: summary +     14 in 00:00:29 =    0.5/s Avg:  2065 Min:   503 Max: 13204 Err:     0 (0.00%) Active: 1 Started: 1 Finished: 0
2021-05-18 17:05:30,523 INFO o.a.j.r.Summariser: summary =     61 in 00:01:36 =    0.6/s Avg:  1574 Min:   158 Max: 13694 Err:     0 (0.00%)
2021-05-18 17:06:00,768 INFO o.a.j.r.Summariser: summary +     18 in 00:00:30 =    0.6/s Avg:  1679 Min:   572 Max:  2267 Err:     0 (0.00%) Active: 1 Started: 1 Finished: 0
2021-05-18 17:06:00,769 INFO o.a.j.r.Summariser: summary =     79 in 00:02:06 =    0.6/s Avg:  1598 Min:   158 Max: 13694 Err:     0 (0.00%)
2021-05-18 17:06:07,474 INFO o.a.j.s.FileServer: Stored: D:\apache-jmeter-5.1\apache-jmeter-5.1\bin\excel\isource\MCQquest.xlsx
2021-05-18 17:06:08,652 INFO o.a.j.s.FileServer: Stored: D:\apache-jmeter-5.1\apache-jmeter-5.1\bin\excel\isource\100mb.docx
2021-05-18 17:06:30,022 INFO o.a.j.r.Summariser: summary +     18 in 00:00:29 =    0.6/s Avg:  1624 Min:   320 Max: 16549 Err:     0 (0.00%) Active: 1 Started: 1 Finished: 0
2021-05-18 17:06:30,022 INFO o.a.j.r.Summariser: summary =     97 in 00:02:36 =    0.6/s Avg:  1602 Min:   158 Max: 16549 Err:     0 (0.00%)
2021-05-18 17:07:00,547 INFO o.a.j.r.Summariser: summary +     20 in 00:00:31 =    0.7/s Avg:  1525 Min:   334 Max:  8872 Err:     0 (0.00%) Active: 1 Started: 1 Finished: 0
2021-05-18 17:07:00,548 INFO o.a.j.r.Summariser: summary =    117 in 00:03:06 =    0.6/s Avg:  1589 Min:   158 Max: 16549 Err:     0 (0.00%)
2021-05-18 17:07:14,569 ERROR o.a.j.u.BeanShellInterpreter: Error invoking bsh method: eval	Sourced file: inline evaluation of: ``String totalRecords = vars.get("totalRecords"); String perpage = vars.get("perpa . . . '' : Typed variable declaration : Method Invocation Integer.parseInt
2021-05-18 17:07:14,569 WARN o.a.j.e.BeanShellPostProcessor: Problem in BeanShell script: org.apache.jorphan.util.JMeterException: Error invoking bsh method: eval	Sourced file: inline evaluation of: ``String totalRecords = vars.get("totalRecords"); String perpage = vars.get("perpa . . . '' : Typed variable declaration : Method Invocation Integer.parseInt
2021-05-18 17:07:32,441 INFO o.a.j.r.Summariser: summary +     19 in 00:00:32 =    0.6/s Avg:  1676 Min:   366 Max:  9956 Err:     0 (0.00%) Active: 1 Started: 1 Finished: 0
2021-05-18 17:07:32,442 INFO o.a.j.r.Summariser: summary =    136 in 00:03:38 =    0.6/s Avg:  1601 Min:   158 Max: 16549 Err:     0 (0.00%)
2021-05-18 17:08:01,983 INFO o.a.j.r.Summariser: summary +      8 in 00:00:30 =    0.3/s Avg:  3691 Min:   437 Max: 11865 Err:     0 (0.00%) Active: 1 Started: 1 Finished: 0
2021-05-18 17:08:01,983 INFO o.a.j.r.Summariser: summary =    144 in 00:04:08 =    0.6/s Avg:  1717 Min:   158 Max: 16549 Err:     0 (0.00%)
2021-05-18 17:08:52,239 INFO o.a.j.t.JMeterThread: Thread is done: L0-iSource 1-1
2021-05-18 17:08:52,240 INFO o.a.j.t.JMeterThread: Thread finished: L0-iSource 1-1
2021-05-18 17:08:52,241 INFO o.a.j.e.StandardJMeterEngine: Notifying test listeners of end of test
2021-05-18 17:08:52,241 INFO o.a.j.s.FileServer: Close: D:\apache-jmeter-5.1\apache-jmeter-5.1\bin\excel\isource\Partner_ZCS_Users.csv
2021-05-18 17:08:52,242 INFO o.a.j.r.Summariser: summary +     22 in 00:00:50 =    0.4/s Avg:  2283 Min:   305 Max: 13885 Err:     0 (0.00%) Active: 0 Started: 1 Finished: 1
2021-05-18 17:08:52,242 INFO o.a.j.r.Summariser: summary =    166 in 00:04:58 =    0.6/s Avg:  1792 Min:   158 Max: 16549 Err:     0 (0.00%)
2021-05-18 17:08:52,242 INFO o.a.j.JMeter: Generating Dashboard
2021-05-18 17:08:52,242 INFO o.a.j.r.d.ReportGenerator: Flushing result collector before report Generation
2021-05-18 17:08:52,251 INFO o.a.j.r.p.NormalizerSampleConsumer: Using format, 'ms', to parse timeStamp field
2021-05-18 17:08:52,331 INFO o.a.j.r.p.AbstractSampleConsumer: class org.apache.jmeter.report.processor.AggregateConsumer#stopProducing(): beginDate produced 0 samples
2021-05-18 17:08:52,331 INFO o.a.j.r.p.AbstractSampleConsumer: class org.apache.jmeter.report.processor.AggregateConsumer#stopProducing(): endDate produced 0 samples
2021-05-18 17:08:52,333 INFO o.a.j.r.p.AbstractSampleConsumer: class org.apache.jmeter.report.processor.ApdexSummaryConsumer#stopProducing(): apdexSummary produced 0 samples
2021-05-18 17:08:52,333 INFO o.a.j.r.p.AbstractSampleConsumer: class org.apache.jmeter.report.processor.RequestsSummaryConsumer#stopProducing(): requestsSummary produced 0 samples
2021-05-18 17:08:52,338 INFO o.a.j.r.p.AbstractSampleConsumer: class org.apache.jmeter.report.processor.StatisticsSummaryConsumer#stopProducing(): statisticsSummary produced 0 samples
2021-05-18 17:08:52,342 INFO o.a.j.r.p.AbstractSampleConsumer: class org.apache.jmeter.report.processor.Top5ErrorsBySamplerConsumer#stopProducing(): top5ErrorsBySampler produced 0 samples
2021-05-18 17:08:52,342 INFO o.a.j.r.p.AbstractSampleConsumer: class org.apache.jmeter.report.processor.ErrorsSummaryConsumer#stopProducing(): errorsSummary produced 0 samples
2021-05-18 17:08:52,342 INFO o.a.j.r.p.AbstractSampleConsumer: class org.apache.jmeter.report.processor.graph.impl.HitsPerSecondGraphConsumer#stopProducing(): hitsPerSecond produced 0 samples
2021-05-18 17:08:52,350 INFO o.a.j.r.p.AbstractSampleConsumer: class org.apache.jmeter.report.processor.graph.impl.LatencyVSRequestGraphConsumer#stopProducing(): latencyVsRequest produced 0 samples
2021-05-18 17:08:52,351 INFO o.a.j.r.p.AbstractSampleConsumer: class org.apache.jmeter.report.processor.graph.impl.SyntheticResponseTimeDistributionGraphConsumer#stopProducing(): syntheticResponseTimeDistribution produced 0 samples
2021-05-18 17:08:52,351 INFO o.a.j.r.p.AbstractSampleConsumer: class org.apache.jmeter.report.processor.graph.impl.BytesThroughputGraphConsumer#stopProducing(): bytesThroughputOverTime produced 0 samples
2021-05-18 17:08:52,351 INFO o.a.j.r.p.AbstractSampleConsumer: class org.apache.jmeter.report.processor.graph.impl.CodesPerSecondGraphConsumer#stopProducing(): codesPerSecond produced 0 samples
2021-05-18 17:08:52,356 INFO o.a.j.r.p.AbstractSampleConsumer: class org.apache.jmeter.report.processor.graph.impl.ResponseTimeVSRequestGraphConsumer#stopProducing(): responseTimeVsRequest produced 0 samples
2021-05-18 17:08:52,357 INFO o.a.j.r.p.AbstractSampleConsumer: class org.apache.jmeter.report.processor.FilterConsumer#stopProducing(): startIntervalControlerFilter produced 1162 samples
2021-05-18 17:08:52,357 INFO o.a.j.r.p.AbstractSampleConsumer: class org.apache.jmeter.report.processor.graph.impl.TotalTPSGraphConsumer#stopProducing(): totalTPS produced 0 samples
2021-05-18 17:08:52,358 INFO o.a.j.r.p.AbstractSampleConsumer: class org.apache.jmeter.report.processor.graph.impl.ActiveThreadsGraphConsumer#stopProducing(): activeThreadsOverTime produced 0 samples
2021-05-18 17:08:52,358 INFO o.a.j.r.p.AbstractSampleConsumer: class org.apache.jmeter.report.processor.graph.impl.TimeVSThreadGraphConsumer#stopProducing(): timeVsThreads produced 0 samples
2021-05-18 17:08:52,367 INFO o.a.j.r.p.AbstractSampleConsumer: class org.apache.jmeter.report.processor.graph.impl.ResponseTimeDistributionGraphConsumer#stopProducing(): responseTimeDistribution produced 0 samples
2021-05-18 17:08:52,368 INFO o.a.j.r.p.AbstractSampleConsumer: class org.apache.jmeter.report.processor.graph.impl.TransactionsPerSecondGraphConsumer#stopProducing(): transactionsPerSecond produced 0 samples
2021-05-18 17:08:52,369 INFO o.a.j.r.p.AbstractSampleConsumer: class org.apache.jmeter.report.processor.graph.impl.ResponseTimePercentilesGraphConsumer#stopProducing(): responseTimePercentiles produced 0 samples
2021-05-18 17:08:52,392 INFO o.a.j.r.p.AbstractSampleConsumer: class org.apache.jmeter.report.processor.graph.impl.ResponseTimePercentilesOverTimeGraphConsumer#stopProducing(): responseTimePercentilesOverTime produced 0 samples
2021-05-18 17:08:52,392 INFO o.a.j.r.p.AbstractSampleConsumer: class org.apache.jmeter.report.processor.graph.impl.ResponseTimeOverTimeGraphConsumer#stopProducing(): responseTimesOverTime produced 0 samples
2021-05-18 17:08:52,393 INFO o.a.j.r.p.AbstractSampleConsumer: class org.apache.jmeter.report.processor.graph.impl.ConnectTimeOverTimeGraphConsumer#stopProducing(): connectTimeOverTime produced 0 samples
2021-05-18 17:08:52,394 INFO o.a.j.r.p.AbstractSampleConsumer: class org.apache.jmeter.report.processor.graph.impl.LatencyOverTimeGraphConsumer#stopProducing(): latenciesOverTime produced 0 samples
2021-05-18 17:08:52,395 INFO o.a.j.r.p.AbstractSampleConsumer: class org.apache.jmeter.report.processor.FilterConsumer#stopProducing(): nameFilter produced 2835 samples
2021-05-18 17:08:52,395 INFO o.a.j.r.p.AbstractSampleConsumer: class org.apache.jmeter.report.processor.FilterConsumer#stopProducing(): dateRangeFilter produced 567 samples
2021-05-18 17:08:52,395 INFO o.a.j.r.p.AbstractSampleConsumer: class org.apache.jmeter.report.processor.NormalizerSampleConsumer#stopProducing(): normalizer produced 189 samples
2021-05-18 17:08:52,396 INFO o.a.j.r.p.CsvFileSampleSource: produce(): 189 samples produced in 124ms on channel 0
2021-05-18 17:08:52,396 INFO o.a.j.r.d.ReportGenerator: Exporting data using exporter:'json' of className:'org.apache.jmeter.report.dashboard.JsonExporter'
2021-05-18 17:08:52,397 INFO o.a.j.r.d.JsonExporter: Found data for consumer statisticsSummary in context
2021-05-18 17:08:52,397 INFO o.a.j.r.d.JsonExporter: Creating statistics for overall
2021-05-18 17:08:52,397 INFO o.a.j.r.d.JsonExporter: Creating statistics for other transactions
2021-05-18 17:08:52,398 INFO o.a.j.r.d.JsonExporter: Checking output folder
2021-05-18 17:08:52,399 INFO o.a.j.r.d.JsonExporter: Writing statistics JSON to C:\xampp\htdocs\PerformancePostgres\L0_iSource_1_RFQMultipleQuestionsPublish_2021-05-18_1\statistics.json
2021-05-18 17:08:52,542 INFO o.a.j.r.d.ReportGenerator: Exporting data using exporter:'html' of className:'org.apache.jmeter.report.dashboard.HtmlTemplateExporter'
2021-05-18 17:08:52,546 INFO o.a.j.r.d.HtmlTemplateExporter: Will generate dashboard in folder: C:\xampp\htdocs\PerformancePostgres\L0_iSource_1_RFQMultipleQuestionsPublish_2021-05-18_1
2021-05-18 17:08:52,855 INFO o.a.j.r.d.HtmlTemplateExporter: Report will be generated in: C:\xampp\htdocs\PerformancePostgres\L0_iSource_1_RFQMultipleQuestionsPublish_2021-05-18_1, creating folder structure
2021-05-18 17:08:52,859 INFO o.a.j.r.d.TemplateVisitor: Copying folder from 'D:\apache-jmeter-5.1\apache-jmeter-5.1\bin\report-template' to 'C:\xampp\htdocs\PerformancePostgres\L0_iSource_1_RFQMultipleQuestionsPublish_2021-05-18_1', got message:[C:\xampp\htdocs\PerformancePostgres\L0_iSource_1_RFQMultipleQuestionsPublish_2021-05-18_1\statistics.json], found non empty folder with following content {}, will be ignored
2021-05-18 17:08:53,717 INFO o.a.j.JMeter: Dashboard generated
