2021-06-30 12:47:53,141 INFO o.a.j.u.JMeterUtils: Setting Locale to en_EN
2021-06-30 12:47:53,151 INFO o.a.j.JMeter: Loading user properties from: user.properties
2021-06-30 12:47:53,152 INFO o.a.j.JMeter: Loading system properties from: system.properties
2021-06-30 12:47:53,152 INFO o.a.j.JMeter: Setting JMeter property: meter.reportgenerator.report_title=RaceConditionAuction
2021-06-30 12:47:53,152 INFO o.a.j.JMeter: Setting JMeter property: thread=10
2021-06-30 12:47:53,152 INFO o.a.j.JMeter: Setting JMeter property: rampup=50
2021-06-30 12:47:53,156 INFO o.a.j.JMeter: Copyright (c) 1998-2019 The Apache Software Foundation
2021-06-30 12:47:53,156 INFO o.a.j.JMeter: Version 5.1 r1853635
2021-06-30 12:47:53,161 INFO o.a.j.JMeter: java.version=1.8.0_121
2021-06-30 12:47:53,161 INFO o.a.j.JMeter: java.vm.name=Java HotSpot(TM) 64-Bit Server VM
2021-06-30 12:47:53,161 INFO o.a.j.JMeter: os.name=Windows 10
2021-06-30 12:47:53,161 INFO o.a.j.JMeter: os.arch=amd64
2021-06-30 12:47:53,161 INFO o.a.j.JMeter: os.version=10.0
2021-06-30 12:47:53,161 INFO o.a.j.JMeter: file.encoding=Cp1252
2021-06-30 12:47:53,161 INFO o.a.j.JMeter: java.awt.headless=true
2021-06-30 12:47:53,161 INFO o.a.j.JMeter: Max memory     =8589934592
2021-06-30 12:47:53,161 INFO o.a.j.JMeter: Available Processors =6
2021-06-30 12:47:53,164 INFO o.a.j.JMeter: Default Locale=English (EN)
2021-06-30 12:47:53,164 INFO o.a.j.JMeter: JMeter  Locale=English (EN)
2021-06-30 12:47:53,164 INFO o.a.j.JMeter: JMeterHome=D:\apache-jmeter-5.1\apache-jmeter-5.1
2021-06-30 12:47:53,164 INFO o.a.j.JMeter: user.dir  =D:\apache-jmeter-5.1\apache-jmeter-5.1\bin
2021-06-30 12:47:53,164 INFO o.a.j.JMeter: PWD       =D:\apache-jmeter-5.1\apache-jmeter-5.1\bin
2021-06-30 12:47:53,166 INFO o.a.j.JMeter: IP: 172.30.225.123 Name: ZIPLSY2278 FullName: ZIPLSY2278.zycus.net
2021-06-30 12:47:53,167 INFO o.a.j.JMeter: Setting property 'jmeter.reportgenerator.outputdir' to:'C:\xampp\htdocs\PerformancePostgres\L0_iSource_10_RaceConditionAuction_2021-06-30_3'
2021-06-30 12:47:53,169 INFO o.a.j.s.FileServer: Default base='D:\apache-jmeter-5.1\apache-jmeter-5.1\bin'
2021-06-30 12:47:53,172 INFO o.a.j.s.FileServer: Set new base='D:\PostrgresMigration\iSource'
2021-06-30 12:47:53,267 INFO o.a.j.s.SaveService: Testplan (JMX) version: 2.2. Testlog (JTL) version: 2.2
2021-06-30 12:47:53,277 INFO o.a.j.s.SaveService: Using SaveService properties file encoding UTF-8
2021-06-30 12:47:53,281 INFO o.a.j.s.SaveService: Using SaveService properties version 5.0
2021-06-30 12:47:53,285 INFO o.a.j.s.SaveService: Loading file: D:\PostrgresMigration\iSource\iSource_RaceConditionAuction.jmx
2021-06-30 12:47:53,322 INFO o.a.j.p.h.c.CookieManager: Settings: Delete null: true Check: true Allow variable: true Save: false Prefix: COOKIE_
2021-06-30 12:47:53,326 INFO o.a.j.p.h.c.CacheManager: Will only cache the following methods: [GET]
2021-06-30 12:47:53,334 INFO o.a.j.p.h.s.HTTPSamplerBase: Parser for text/html is org.apache.jmeter.protocol.http.parser.LagartoBasedHtmlParser
2021-06-30 12:47:53,334 INFO o.a.j.p.h.s.HTTPSamplerBase: Parser for application/xhtml+xml is org.apache.jmeter.protocol.http.parser.LagartoBasedHtmlParser
2021-06-30 12:47:53,334 INFO o.a.j.p.h.s.HTTPSamplerBase: Parser for application/xml is org.apache.jmeter.protocol.http.parser.LagartoBasedHtmlParser
2021-06-30 12:47:53,334 INFO o.a.j.p.h.s.HTTPSamplerBase: Parser for text/xml is org.apache.jmeter.protocol.http.parser.LagartoBasedHtmlParser
2021-06-30 12:47:53,334 INFO o.a.j.p.h.s.HTTPSamplerBase: Parser for text/vnd.wap.wml is org.apache.jmeter.protocol.http.parser.RegexpHTMLParser
2021-06-30 12:47:53,334 INFO o.a.j.p.h.s.HTTPSamplerBase: Parser for text/css is org.apache.jmeter.protocol.http.parser.CssParser
2021-06-30 12:47:53,685 INFO o.a.j.JMeter: Creating summariser <summary>
2021-06-30 12:47:53,693 INFO o.a.j.r.d.ReportGenerator: ReportGenerator will use for Parsing the separator: ','
2021-06-30 12:47:53,693 INFO o.a.j.r.d.ReportGenerator: Will generate report at end of test from  results file: D:\PostrgresMigration\iSource\JTL\L0_iSource_10_RaceConditionAuction_2021-06-30_3.jtl
2021-06-30 12:47:53,693 INFO o.a.j.r.d.ReportGenerator: Reading report generator properties from: D:\apache-jmeter-5.1\apache-jmeter-5.1\bin\reportgenerator.properties
2021-06-30 12:47:53,694 INFO o.a.j.r.d.ReportGenerator: Merging with JMeter properties
2021-06-30 12:47:53,699 INFO o.a.j.r.c.ReportGeneratorConfiguration: Property 'jmeter.reportgenerator.temp_dir' not found, using default value 'temp' instead.
2021-06-30 12:47:53,701 INFO o.a.j.r.c.ReportGeneratorConfiguration: Property 'jmeter.reportgenerator.apdex_per_transaction' not found, using default value 'null' instead.
2021-06-30 12:47:53,702 INFO o.a.j.r.c.ReportGeneratorConfiguration: apdex_per_transaction : {} is empty, not APDEX per transaction customization
2021-06-30 12:47:53,702 INFO o.a.j.r.c.ReportGeneratorConfiguration: Property 'jmeter.reportgenerator.sample_filter' not found, using default value 'null' instead.
2021-06-30 12:47:53,702 INFO o.a.j.r.c.ReportGeneratorConfiguration: Property 'jmeter.reportgenerator.report_title' not found, using default value 'null' instead.
2021-06-30 12:47:53,702 INFO o.a.j.r.c.ReportGeneratorConfiguration: Property 'jmeter.reportgenerator.start_date' not found, using default value 'null' instead.
2021-06-30 12:47:53,702 INFO o.a.j.r.c.ReportGeneratorConfiguration: Property 'jmeter.reportgenerator.end_date' not found, using default value 'null' instead.
2021-06-30 12:47:53,702 INFO o.a.j.r.c.ReportGeneratorConfiguration: Property 'jmeter.reportgenerator.date_format' not found, using default value 'null' instead.
2021-06-30 12:47:53,702 INFO o.a.j.r.c.ReportGeneratorConfiguration: Will use date range start date: null, end date: null
2021-06-30 12:47:53,708 INFO o.a.j.r.c.ReportGeneratorConfiguration: Property 'jmeter.reportgenerator.graph.totalTPS.exclude_controllers' not found, using default value 'false' instead.
2021-06-30 12:47:53,709 INFO o.a.j.r.c.ReportGeneratorConfiguration: Property 'jmeter.reportgenerator.graph.activeThreadsOverTime.exclude_controllers' not found, using default value 'false' instead.
2021-06-30 12:47:53,709 INFO o.a.j.r.c.ReportGeneratorConfiguration: Property 'jmeter.reportgenerator.graph.timeVsThreads.exclude_controllers' not found, using default value 'false' instead.
2021-06-30 12:47:53,709 INFO o.a.j.r.c.ReportGeneratorConfiguration: Property 'jmeter.reportgenerator.graph.responseTimeDistribution.exclude_controllers' not found, using default value 'false' instead.
2021-06-30 12:47:53,709 INFO o.a.j.r.c.ReportGeneratorConfiguration: Property 'jmeter.reportgenerator.graph.transactionsPerSecond.exclude_controllers' not found, using default value 'false' instead.
2021-06-30 12:47:53,709 INFO o.a.j.r.c.ReportGeneratorConfiguration: Property 'jmeter.reportgenerator.graph.responseTimePercentiles.exclude_controllers' not found, using default value 'false' instead.
2021-06-30 12:47:53,709 INFO o.a.j.r.c.ReportGeneratorConfiguration: Property 'jmeter.reportgenerator.graph.responseTimePercentilesOverTime.exclude_controllers' not found, using default value 'false' instead.
2021-06-30 12:47:53,709 INFO o.a.j.r.c.ReportGeneratorConfiguration: Property 'jmeter.reportgenerator.graph.responseTimesOverTime.exclude_controllers' not found, using default value 'false' instead.
2021-06-30 12:47:53,709 INFO o.a.j.r.c.ReportGeneratorConfiguration: Property 'jmeter.reportgenerator.graph.connectTimeOverTime.exclude_controllers' not found, using default value 'false' instead.
2021-06-30 12:47:53,709 INFO o.a.j.r.c.ReportGeneratorConfiguration: Property 'jmeter.reportgenerator.graph.latenciesOverTime.exclude_controllers' not found, using default value 'false' instead.
2021-06-30 12:47:53,710 INFO o.a.j.r.c.ReportGeneratorConfiguration: Property 'jmeter.reportgenerator.exporter.json.filters_only_sample_series' not found, using default value 'true' instead.
2021-06-30 12:47:53,710 INFO o.a.j.r.c.ReportGeneratorConfiguration: Property 'jmeter.reportgenerator.exporter.json.series_filter' not found, using default value '' instead.
2021-06-30 12:47:53,710 INFO o.a.j.r.c.ReportGeneratorConfiguration: Property 'jmeter.reportgenerator.exporter.json.show_controllers_only' not found, using default value 'false' instead.
2021-06-30 12:47:53,711 INFO o.a.j.r.c.ReportGeneratorConfiguration: Property 'jmeter.reportgenerator.exporter.html.filters_only_sample_series' not found, using default value 'true' instead.
2021-06-30 12:47:53,711 INFO o.a.j.r.c.ReportGeneratorConfiguration: Property 'jmeter.reportgenerator.exporter.html.series_filter' not found, using default value '' instead.
2021-06-30 12:47:53,711 INFO o.a.j.r.c.ReportGeneratorConfiguration: Property 'jmeter.reportgenerator.exporter.html.show_controllers_only' not found, using default value 'false' instead.
2021-06-30 12:47:53,715 INFO o.a.j.e.StandardJMeterEngine: Running the test!
2021-06-30 12:47:53,715 INFO o.a.j.s.SampleEvent: List of sample_variables: []
2021-06-30 12:47:53,715 INFO o.a.j.s.SampleEvent: List of sample_variables: []
2021-06-30 12:47:53,720 INFO o.a.j.e.u.CompoundVariable: Note: Function class names must contain the string: '.functions.'
2021-06-30 12:47:53,720 INFO o.a.j.e.u.CompoundVariable: Note: Function class names must not contain the string: '.gui.'
2021-06-30 12:47:54,094 INFO o.a.j.JMeter: Running test (1625037474094)
2021-06-30 12:47:54,154 INFO o.a.j.e.StandardJMeterEngine: Starting ThreadGroup: 1 : iSource_RaceConditionAuction
2021-06-30 12:47:54,154 INFO o.a.j.e.StandardJMeterEngine: Starting 10 threads for group iSource_RaceConditionAuction.
2021-06-30 12:47:54,154 INFO o.a.j.e.StandardJMeterEngine: Thread will stop on error
2021-06-30 12:47:54,155 INFO o.a.j.t.ThreadGroup: Starting thread group... number=1 threads=10 ramp-up=50 perThread=5000.0 delayedStart=false
2021-06-30 12:47:54,177 INFO o.a.j.s.SampleResult: Note: Sample TimeStamps are START times
2021-06-30 12:47:54,177 INFO o.a.j.s.SampleResult: sampleresult.default.encoding is set to ISO-8859-1
2021-06-30 12:47:54,177 INFO o.a.j.s.SampleResult: sampleresult.useNanoTime=true
2021-06-30 12:47:54,177 INFO o.a.j.s.SampleResult: sampleresult.nanoThreadSleep=5000
2021-06-30 12:47:54,183 INFO o.a.j.t.JMeterThread: Thread started: iSource_RaceConditionAuction 1-1
2021-06-30 12:47:54,200 INFO o.a.j.p.h.s.HTTPHCAbstractImpl: Local host = ZIPLSY2278
2021-06-30 12:47:54,206 INFO o.a.j.p.h.s.HTTPHC4Impl: HTTP request retry count = 0
2021-06-30 12:47:54,304 INFO o.a.j.p.h.s.h.LazyLayeredConnectionSocketFactory: Setting up HTTPS TrustAll Socket Factory
2021-06-30 12:47:54,311 INFO o.a.j.u.JsseSSLManager: Using default SSL protocol: TLS
2021-06-30 12:47:54,311 INFO o.a.j.u.JsseSSLManager: SSL session context: per-thread
2021-06-30 12:47:54,376 INFO o.a.j.t.ThreadGroup: Started thread group number 1
2021-06-30 12:47:54,377 INFO o.a.j.e.StandardJMeterEngine: All thread groups have been started
2021-06-30 12:47:54,797 INFO o.a.j.u.SSLManager: JmeterKeyStore Location:  type JKS
2021-06-30 12:47:54,799 INFO o.a.j.u.SSLManager: KeyStore created OK
2021-06-30 12:47:54,799 WARN o.a.j.u.SSLManager: Keystore file not found, loading empty keystore
2021-06-30 12:47:59,211 INFO o.a.j.t.JMeterThread: Thread started: iSource_RaceConditionAuction 1-2
2021-06-30 12:48:00,319 INFO o.a.j.r.Summariser: summary +     12 in 00:00:06 =    1.9/s Avg:   360 Min:    15 Max:  1287 Err:     0 (0.00%) Active: 2 Started: 2 Finished: 0
2021-06-30 12:48:04,249 INFO o.a.j.t.JMeterThread: Thread started: iSource_RaceConditionAuction 1-3
2021-06-30 12:48:09,273 INFO o.a.j.t.JMeterThread: Thread started: iSource_RaceConditionAuction 1-4
2021-06-30 12:48:14,299 INFO o.a.j.t.JMeterThread: Thread started: iSource_RaceConditionAuction 1-5
2021-06-30 12:48:19,313 INFO o.a.j.t.JMeterThread: Thread started: iSource_RaceConditionAuction 1-6
2021-06-30 12:48:24,330 INFO o.a.j.t.JMeterThread: Thread started: iSource_RaceConditionAuction 1-7
2021-06-30 12:48:29,346 INFO o.a.j.t.JMeterThread: Thread started: iSource_RaceConditionAuction 1-8
2021-06-30 12:48:30,008 INFO o.a.j.r.Summariser: summary +    132 in 00:00:30 =    4.4/s Avg:   527 Min:    12 Max: 19705 Err:     0 (0.00%) Active: 8 Started: 8 Finished: 0
2021-06-30 12:48:30,008 INFO o.a.j.r.Summariser: summary =    144 in 00:00:36 =    4.0/s Avg:   513 Min:    12 Max: 19705 Err:     0 (0.00%)
2021-06-30 12:48:34,365 INFO o.a.j.t.JMeterThread: Thread started: iSource_RaceConditionAuction 1-9
2021-06-30 12:48:39,380 INFO o.a.j.t.JMeterThread: Thread started: iSource_RaceConditionAuction 1-10
2021-06-30 12:49:00,304 INFO o.a.j.r.Summariser: summary +    149 in 00:00:30 =    4.9/s Avg:  1694 Min:    12 Max: 20372 Err:     0 (0.00%) Active: 10 Started: 10 Finished: 0
2021-06-30 12:49:00,305 INFO o.a.j.r.Summariser: summary =    293 in 00:01:06 =    4.4/s Avg:  1114 Min:    12 Max: 20372 Err:     0 (0.00%)
2021-06-30 12:49:30,292 INFO o.a.j.r.Summariser: summary +    151 in 00:00:30 =    5.0/s Avg:  1605 Min:     0 Max: 19211 Err:     0 (0.00%) Active: 10 Started: 10 Finished: 0
2021-06-30 12:49:30,293 INFO o.a.j.r.Summariser: summary =    444 in 00:01:36 =    4.6/s Avg:  1281 Min:     0 Max: 20372 Err:     0 (0.00%)
2021-06-30 12:50:00,013 INFO o.a.j.r.Summariser: summary +    133 in 00:00:30 =    4.5/s Avg:  1623 Min:     0 Max:  3691 Err:     0 (0.00%) Active: 10 Started: 10 Finished: 0
2021-06-30 12:50:00,013 INFO o.a.j.r.Summariser: summary =    577 in 00:02:06 =    4.6/s Avg:  1360 Min:     0 Max: 20372 Err:     0 (0.00%)
2021-06-30 12:50:30,603 INFO o.a.j.r.Summariser: summary +    148 in 00:00:31 =    4.8/s Avg:  1756 Min:   336 Max:  4032 Err:     0 (0.00%) Active: 10 Started: 10 Finished: 0
2021-06-30 12:50:30,604 INFO o.a.j.r.Summariser: summary =    725 in 00:02:37 =    4.6/s Avg:  1441 Min:     0 Max: 20372 Err:     0 (0.00%)
2021-06-30 12:51:00,370 INFO o.a.j.r.Summariser: summary +    185 in 00:00:30 =    6.2/s Avg:  1468 Min:   330 Max:  3814 Err:     0 (0.00%) Active: 10 Started: 10 Finished: 0
2021-06-30 12:51:00,371 INFO o.a.j.r.Summariser: summary =    910 in 00:03:06 =    4.9/s Avg:  1446 Min:     0 Max: 20372 Err:     0 (0.00%)
2021-06-30 12:51:06,628 INFO o.a.j.t.JMeterThread: Stop Thread detected by thread: iSource_RaceConditionAuction 1-2
2021-06-30 12:51:06,629 INFO o.a.j.t.JMeterThread: Thread finished: iSource_RaceConditionAuction 1-2
2021-06-30 12:51:22,327 INFO o.a.j.t.JMeterThread: Stop Thread detected by thread: iSource_RaceConditionAuction 1-5
2021-06-30 12:51:22,327 INFO o.a.j.t.JMeterThread: Thread finished: iSource_RaceConditionAuction 1-5
2021-06-30 12:51:30,328 INFO o.a.j.r.Summariser: summary +    151 in 00:00:30 =    5.0/s Avg:  1526 Min:   338 Max:  6181 Err:     2 (1.32%) Active: 8 Started: 10 Finished: 2
2021-06-30 12:51:30,329 INFO o.a.j.r.Summariser: summary =   1061 in 00:03:36 =    4.9/s Avg:  1458 Min:     0 Max: 20372 Err:     2 (0.19%)
2021-06-30 12:51:38,540 INFO o.a.j.t.JMeterThread: Stop Thread detected by thread: iSource_RaceConditionAuction 1-1
2021-06-30 12:51:38,540 INFO o.a.j.t.JMeterThread: Thread finished: iSource_RaceConditionAuction 1-1
2021-06-30 12:51:48,767 INFO o.a.j.t.JMeterThread: Stop Thread detected by thread: iSource_RaceConditionAuction 1-3
2021-06-30 12:51:48,767 INFO o.a.j.t.JMeterThread: Thread finished: iSource_RaceConditionAuction 1-3
2021-06-30 12:52:00,410 INFO o.a.j.r.Summariser: summary +     79 in 00:00:30 =    2.6/s Avg:  2344 Min:   318 Max:  7117 Err:     2 (2.53%) Active: 6 Started: 10 Finished: 4
2021-06-30 12:52:00,410 INFO o.a.j.r.Summariser: summary =   1140 in 00:04:06 =    4.6/s Avg:  1519 Min:     0 Max: 20372 Err:     4 (0.35%)
2021-06-30 12:52:11,702 INFO o.a.j.t.JMeterThread: Thread is done: iSource_RaceConditionAuction 1-4
2021-06-30 12:52:11,702 INFO o.a.j.t.JMeterThread: Thread finished: iSource_RaceConditionAuction 1-4
2021-06-30 12:52:15,367 INFO o.a.j.t.JMeterThread: Stop Thread detected by thread: iSource_RaceConditionAuction 1-6
2021-06-30 12:52:15,367 INFO o.a.j.t.JMeterThread: Thread finished: iSource_RaceConditionAuction 1-6
2021-06-30 12:52:16,941 INFO o.a.j.t.JMeterThread: Stop Thread detected by thread: iSource_RaceConditionAuction 1-7
2021-06-30 12:52:16,941 INFO o.a.j.t.JMeterThread: Thread finished: iSource_RaceConditionAuction 1-7
2021-06-30 12:52:23,057 INFO o.a.j.t.JMeterThread: Stop Thread detected by thread: iSource_RaceConditionAuction 1-8
2021-06-30 12:52:23,058 INFO o.a.j.t.JMeterThread: Thread finished: iSource_RaceConditionAuction 1-8
2021-06-30 12:52:25,454 INFO o.a.j.t.JMeterThread: Stop Thread detected by thread: iSource_RaceConditionAuction 1-10
2021-06-30 12:52:25,454 INFO o.a.j.t.JMeterThread: Thread finished: iSource_RaceConditionAuction 1-10
2021-06-30 12:52:28,921 INFO o.a.j.t.JMeterThread: Stop Thread detected by thread: iSource_RaceConditionAuction 1-9
2021-06-30 12:52:28,921 INFO o.a.j.t.JMeterThread: Thread finished: iSource_RaceConditionAuction 1-9
2021-06-30 12:52:28,922 INFO o.a.j.e.StandardJMeterEngine: Notifying test listeners of end of test
2021-06-30 12:52:28,924 INFO o.a.j.r.Summariser: summary +     69 in 00:00:29 =    2.4/s Avg:  1911 Min:   291 Max:  6549 Err:     5 (7.25%) Active: 0 Started: 10 Finished: 10
2021-06-30 12:52:28,925 INFO o.a.j.r.Summariser: summary =   1209 in 00:04:35 =    4.4/s Avg:  1541 Min:     0 Max: 20372 Err:     9 (0.74%)
2021-06-30 12:52:28,925 INFO o.a.j.JMeter: Generating Dashboard
2021-06-30 12:52:28,926 INFO o.a.j.r.d.ReportGenerator: Flushing result collector before report Generation
2021-06-30 12:52:28,945 INFO o.a.j.r.p.NormalizerSampleConsumer: Using format, 'ms', to parse timeStamp field
2021-06-30 12:52:29,056 INFO o.a.j.r.p.AbstractSampleConsumer: class org.apache.jmeter.report.processor.AggregateConsumer#stopProducing(): beginDate produced 0 samples
2021-06-30 12:52:29,056 INFO o.a.j.r.p.AbstractSampleConsumer: class org.apache.jmeter.report.processor.AggregateConsumer#stopProducing(): endDate produced 0 samples
2021-06-30 12:52:29,058 INFO o.a.j.r.p.AbstractSampleConsumer: class org.apache.jmeter.report.processor.ApdexSummaryConsumer#stopProducing(): apdexSummary produced 0 samples
2021-06-30 12:52:29,058 INFO o.a.j.r.p.AbstractSampleConsumer: class org.apache.jmeter.report.processor.RequestsSummaryConsumer#stopProducing(): requestsSummary produced 0 samples
2021-06-30 12:52:29,064 INFO o.a.j.r.p.AbstractSampleConsumer: class org.apache.jmeter.report.processor.StatisticsSummaryConsumer#stopProducing(): statisticsSummary produced 0 samples
2021-06-30 12:52:29,067 INFO o.a.j.r.p.AbstractSampleConsumer: class org.apache.jmeter.report.processor.Top5ErrorsBySamplerConsumer#stopProducing(): top5ErrorsBySampler produced 0 samples
2021-06-30 12:52:29,067 INFO o.a.j.r.p.AbstractSampleConsumer: class org.apache.jmeter.report.processor.ErrorsSummaryConsumer#stopProducing(): errorsSummary produced 0 samples
2021-06-30 12:52:29,068 INFO o.a.j.r.p.AbstractSampleConsumer: class org.apache.jmeter.report.processor.graph.impl.HitsPerSecondGraphConsumer#stopProducing(): hitsPerSecond produced 0 samples
2021-06-30 12:52:29,086 INFO o.a.j.r.p.AbstractSampleConsumer: class org.apache.jmeter.report.processor.graph.impl.LatencyVSRequestGraphConsumer#stopProducing(): latencyVsRequest produced 0 samples
2021-06-30 12:52:29,087 INFO o.a.j.r.p.AbstractSampleConsumer: class org.apache.jmeter.report.processor.graph.impl.SyntheticResponseTimeDistributionGraphConsumer#stopProducing(): syntheticResponseTimeDistribution produced 0 samples
2021-06-30 12:52:29,087 INFO o.a.j.r.p.AbstractSampleConsumer: class org.apache.jmeter.report.processor.graph.impl.BytesThroughputGraphConsumer#stopProducing(): bytesThroughputOverTime produced 0 samples
2021-06-30 12:52:29,088 INFO o.a.j.r.p.AbstractSampleConsumer: class org.apache.jmeter.report.processor.graph.impl.CodesPerSecondGraphConsumer#stopProducing(): codesPerSecond produced 0 samples
2021-06-30 12:52:29,099 INFO o.a.j.r.p.AbstractSampleConsumer: class org.apache.jmeter.report.processor.graph.impl.ResponseTimeVSRequestGraphConsumer#stopProducing(): responseTimeVsRequest produced 0 samples
2021-06-30 12:52:29,099 INFO o.a.j.r.p.AbstractSampleConsumer: class org.apache.jmeter.report.processor.FilterConsumer#stopProducing(): startIntervalControlerFilter produced 8463 samples
2021-06-30 12:52:29,099 INFO o.a.j.r.p.AbstractSampleConsumer: class org.apache.jmeter.report.processor.graph.impl.TotalTPSGraphConsumer#stopProducing(): totalTPS produced 0 samples
2021-06-30 12:52:29,100 INFO o.a.j.r.p.AbstractSampleConsumer: class org.apache.jmeter.report.processor.graph.impl.ActiveThreadsGraphConsumer#stopProducing(): activeThreadsOverTime produced 0 samples
2021-06-30 12:52:29,100 INFO o.a.j.r.p.AbstractSampleConsumer: class org.apache.jmeter.report.processor.graph.impl.TimeVSThreadGraphConsumer#stopProducing(): timeVsThreads produced 0 samples
2021-06-30 12:52:29,107 INFO o.a.j.r.p.AbstractSampleConsumer: class org.apache.jmeter.report.processor.graph.impl.ResponseTimeDistributionGraphConsumer#stopProducing(): responseTimeDistribution produced 0 samples
2021-06-30 12:52:29,108 INFO o.a.j.r.p.AbstractSampleConsumer: class org.apache.jmeter.report.processor.graph.impl.TransactionsPerSecondGraphConsumer#stopProducing(): transactionsPerSecond produced 0 samples
2021-06-30 12:52:29,109 INFO o.a.j.r.p.AbstractSampleConsumer: class org.apache.jmeter.report.processor.graph.impl.ResponseTimePercentilesGraphConsumer#stopProducing(): responseTimePercentiles produced 0 samples
2021-06-30 12:52:29,116 INFO o.a.j.r.p.AbstractSampleConsumer: class org.apache.jmeter.report.processor.graph.impl.ResponseTimePercentilesOverTimeGraphConsumer#stopProducing(): responseTimePercentilesOverTime produced 0 samples
2021-06-30 12:52:29,117 INFO o.a.j.r.p.AbstractSampleConsumer: class org.apache.jmeter.report.processor.graph.impl.ResponseTimeOverTimeGraphConsumer#stopProducing(): responseTimesOverTime produced 0 samples
2021-06-30 12:52:29,118 INFO o.a.j.r.p.AbstractSampleConsumer: class org.apache.jmeter.report.processor.graph.impl.ConnectTimeOverTimeGraphConsumer#stopProducing(): connectTimeOverTime produced 0 samples
2021-06-30 12:52:29,118 INFO o.a.j.r.p.AbstractSampleConsumer: class org.apache.jmeter.report.processor.graph.impl.LatencyOverTimeGraphConsumer#stopProducing(): latenciesOverTime produced 0 samples
2021-06-30 12:52:29,119 INFO o.a.j.r.p.AbstractSampleConsumer: class org.apache.jmeter.report.processor.FilterConsumer#stopProducing(): nameFilter produced 20505 samples
2021-06-30 12:52:29,119 INFO o.a.j.r.p.AbstractSampleConsumer: class org.apache.jmeter.report.processor.FilterConsumer#stopProducing(): dateRangeFilter produced 4101 samples
2021-06-30 12:52:29,119 INFO o.a.j.r.p.AbstractSampleConsumer: class org.apache.jmeter.report.processor.NormalizerSampleConsumer#stopProducing(): normalizer produced 1367 samples
2021-06-30 12:52:29,119 INFO o.a.j.r.p.CsvFileSampleSource: produce(): 1367 samples produced in 157ms on channel 0
2021-06-30 12:52:29,119 INFO o.a.j.r.d.ReportGenerator: Exporting data using exporter:'json' of className:'org.apache.jmeter.report.dashboard.JsonExporter'
2021-06-30 12:52:29,121 INFO o.a.j.r.d.JsonExporter: Found data for consumer statisticsSummary in context
2021-06-30 12:52:29,121 INFO o.a.j.r.d.JsonExporter: Creating statistics for overall
2021-06-30 12:52:29,121 INFO o.a.j.r.d.JsonExporter: Creating statistics for other transactions
2021-06-30 12:52:29,122 INFO o.a.j.r.d.JsonExporter: Checking output folder
2021-06-30 12:52:29,124 INFO o.a.j.r.d.JsonExporter: Writing statistics JSON to C:\xampp\htdocs\PerformancePostgres\L0_iSource_10_RaceConditionAuction_2021-06-30_3\statistics.json
2021-06-30 12:52:29,245 INFO o.a.j.r.d.ReportGenerator: Exporting data using exporter:'html' of className:'org.apache.jmeter.report.dashboard.HtmlTemplateExporter'
2021-06-30 12:52:29,248 INFO o.a.j.r.d.HtmlTemplateExporter: Will generate dashboard in folder: C:\xampp\htdocs\PerformancePostgres\L0_iSource_10_RaceConditionAuction_2021-06-30_3
2021-06-30 12:52:29,470 INFO o.a.j.r.d.HtmlTemplateExporter: Report will be generated in: C:\xampp\htdocs\PerformancePostgres\L0_iSource_10_RaceConditionAuction_2021-06-30_3, creating folder structure
2021-06-30 12:52:29,474 INFO o.a.j.r.d.TemplateVisitor: Copying folder from 'D:\apache-jmeter-5.1\apache-jmeter-5.1\bin\report-template' to 'C:\xampp\htdocs\PerformancePostgres\L0_iSource_10_RaceConditionAuction_2021-06-30_3', got message:[C:\xampp\htdocs\PerformancePostgres\L0_iSource_10_RaceConditionAuction_2021-06-30_3\statistics.json], found non empty folder with following content {}, will be ignored
2021-06-30 12:52:30,169 INFO o.a.j.JMeter: Dashboard generated
