2021-07-01 16:51:12,101 INFO o.a.j.u.JMeterUtils: Setting Locale to en_EN
2021-07-01 16:51:12,112 INFO o.a.j.JMeter: Loading user properties from: user.properties
2021-07-01 16:51:12,112 INFO o.a.j.JMeter: Loading system properties from: system.properties
2021-07-01 16:51:12,113 INFO o.a.j.JMeter: Setting JMeter property: meter.reportgenerator.report_title=RaceConditionAuction
2021-07-01 16:51:12,113 INFO o.a.j.JMeter: Setting JMeter property: thread=50
2021-07-01 16:51:12,113 INFO o.a.j.JMeter: Setting JMeter property: rampup=1250
2021-07-01 16:51:12,116 INFO o.a.j.JMeter: Copyright (c) 1998-2019 The Apache Software Foundation
2021-07-01 16:51:12,117 INFO o.a.j.JMeter: Version 5.1 r1853635
2021-07-01 16:51:12,117 INFO o.a.j.JMeter: java.version=1.8.0_121
2021-07-01 16:51:12,117 INFO o.a.j.JMeter: java.vm.name=Java HotSpot(TM) 64-Bit Server VM
2021-07-01 16:51:12,117 INFO o.a.j.JMeter: os.name=Windows 10
2021-07-01 16:51:12,117 INFO o.a.j.JMeter: os.arch=amd64
2021-07-01 16:51:12,117 INFO o.a.j.JMeter: os.version=10.0
2021-07-01 16:51:12,117 INFO o.a.j.JMeter: file.encoding=Cp1252
2021-07-01 16:51:12,117 INFO o.a.j.JMeter: java.awt.headless=true
2021-07-01 16:51:12,117 INFO o.a.j.JMeter: Max memory     =8589934592
2021-07-01 16:51:12,117 INFO o.a.j.JMeter: Available Processors =6
2021-07-01 16:51:12,120 INFO o.a.j.JMeter: Default Locale=English (EN)
2021-07-01 16:51:12,121 INFO o.a.j.JMeter: JMeter  Locale=English (EN)
2021-07-01 16:51:12,121 INFO o.a.j.JMeter: JMeterHome=D:\apache-jmeter-5.1\apache-jmeter-5.1
2021-07-01 16:51:12,121 INFO o.a.j.JMeter: user.dir  =D:\apache-jmeter-5.1\apache-jmeter-5.1\bin
2021-07-01 16:51:12,121 INFO o.a.j.JMeter: PWD       =D:\apache-jmeter-5.1\apache-jmeter-5.1\bin
2021-07-01 16:51:12,122 INFO o.a.j.JMeter: IP: 172.30.225.123 Name: ZIPLSY2278 FullName: ZIPLSY2278.zycus.net
2021-07-01 16:51:12,124 INFO o.a.j.JMeter: Setting property 'jmeter.reportgenerator.outputdir' to:'C:\xampp\htdocs\PerformancePostgres\L0_iSource_50_RaceConditionAuction_2021-07-01_31'
2021-07-01 16:51:12,125 INFO o.a.j.s.FileServer: Default base='D:\apache-jmeter-5.1\apache-jmeter-5.1\bin'
2021-07-01 16:51:12,128 INFO o.a.j.s.FileServer: Set new base='D:\PostrgresMigration\iSource'
2021-07-01 16:51:12,220 INFO o.a.j.s.SaveService: Testplan (JMX) version: 2.2. Testlog (JTL) version: 2.2
2021-07-01 16:51:12,230 INFO o.a.j.s.SaveService: Using SaveService properties file encoding UTF-8
2021-07-01 16:51:12,234 INFO o.a.j.s.SaveService: Using SaveService properties version 5.0
2021-07-01 16:51:12,239 INFO o.a.j.s.SaveService: Loading file: D:\PostrgresMigration\iSource\iSource_RaceConditionAuction.jmx
2021-07-01 16:51:12,280 INFO o.a.j.p.h.c.CookieManager: Settings: Delete null: true Check: true Allow variable: true Save: false Prefix: COOKIE_
2021-07-01 16:51:12,284 INFO o.a.j.p.h.c.CacheManager: Will only cache the following methods: [GET]
2021-07-01 16:51:12,292 INFO o.a.j.p.h.s.HTTPSamplerBase: Parser for text/html is org.apache.jmeter.protocol.http.parser.LagartoBasedHtmlParser
2021-07-01 16:51:12,292 INFO o.a.j.p.h.s.HTTPSamplerBase: Parser for application/xhtml+xml is org.apache.jmeter.protocol.http.parser.LagartoBasedHtmlParser
2021-07-01 16:51:12,293 INFO o.a.j.p.h.s.HTTPSamplerBase: Parser for application/xml is org.apache.jmeter.protocol.http.parser.LagartoBasedHtmlParser
2021-07-01 16:51:12,293 INFO o.a.j.p.h.s.HTTPSamplerBase: Parser for text/xml is org.apache.jmeter.protocol.http.parser.LagartoBasedHtmlParser
2021-07-01 16:51:12,293 INFO o.a.j.p.h.s.HTTPSamplerBase: Parser for text/vnd.wap.wml is org.apache.jmeter.protocol.http.parser.RegexpHTMLParser
2021-07-01 16:51:12,293 INFO o.a.j.p.h.s.HTTPSamplerBase: Parser for text/css is org.apache.jmeter.protocol.http.parser.CssParser
2021-07-01 16:51:12,464 INFO o.a.j.JMeter: Creating summariser <summary>
2021-07-01 16:51:12,469 INFO o.a.j.r.d.ReportGenerator: ReportGenerator will use for Parsing the separator: ','
2021-07-01 16:51:12,469 INFO o.a.j.r.d.ReportGenerator: Will generate report at end of test from  results file: D:\PostrgresMigration\iSource\JTL\L0_iSource_50_RaceConditionAuction_2021-07-01_31.jtl
2021-07-01 16:51:12,469 INFO o.a.j.r.d.ReportGenerator: Reading report generator properties from: D:\apache-jmeter-5.1\apache-jmeter-5.1\bin\reportgenerator.properties
2021-07-01 16:51:12,470 INFO o.a.j.r.d.ReportGenerator: Merging with JMeter properties
2021-07-01 16:51:12,475 INFO o.a.j.r.c.ReportGeneratorConfiguration: Property 'jmeter.reportgenerator.temp_dir' not found, using default value 'temp' instead.
2021-07-01 16:51:12,476 INFO o.a.j.r.c.ReportGeneratorConfiguration: Property 'jmeter.reportgenerator.apdex_per_transaction' not found, using default value 'null' instead.
2021-07-01 16:51:12,476 INFO o.a.j.r.c.ReportGeneratorConfiguration: apdex_per_transaction : {} is empty, not APDEX per transaction customization
2021-07-01 16:51:12,477 INFO o.a.j.r.c.ReportGeneratorConfiguration: Property 'jmeter.reportgenerator.sample_filter' not found, using default value 'null' instead.
2021-07-01 16:51:12,477 INFO o.a.j.r.c.ReportGeneratorConfiguration: Property 'jmeter.reportgenerator.report_title' not found, using default value 'null' instead.
2021-07-01 16:51:12,477 INFO o.a.j.r.c.ReportGeneratorConfiguration: Property 'jmeter.reportgenerator.start_date' not found, using default value 'null' instead.
2021-07-01 16:51:12,477 INFO o.a.j.r.c.ReportGeneratorConfiguration: Property 'jmeter.reportgenerator.end_date' not found, using default value 'null' instead.
2021-07-01 16:51:12,477 INFO o.a.j.r.c.ReportGeneratorConfiguration: Property 'jmeter.reportgenerator.date_format' not found, using default value 'null' instead.
2021-07-01 16:51:12,477 INFO o.a.j.r.c.ReportGeneratorConfiguration: Will use date range start date: null, end date: null
2021-07-01 16:51:12,480 INFO o.a.j.r.c.ReportGeneratorConfiguration: Property 'jmeter.reportgenerator.graph.totalTPS.exclude_controllers' not found, using default value 'false' instead.
2021-07-01 16:51:12,480 INFO o.a.j.r.c.ReportGeneratorConfiguration: Property 'jmeter.reportgenerator.graph.activeThreadsOverTime.exclude_controllers' not found, using default value 'false' instead.
2021-07-01 16:51:12,480 INFO o.a.j.r.c.ReportGeneratorConfiguration: Property 'jmeter.reportgenerator.graph.timeVsThreads.exclude_controllers' not found, using default value 'false' instead.
2021-07-01 16:51:12,480 INFO o.a.j.r.c.ReportGeneratorConfiguration: Property 'jmeter.reportgenerator.graph.responseTimeDistribution.exclude_controllers' not found, using default value 'false' instead.
2021-07-01 16:51:12,480 INFO o.a.j.r.c.ReportGeneratorConfiguration: Property 'jmeter.reportgenerator.graph.transactionsPerSecond.exclude_controllers' not found, using default value 'false' instead.
2021-07-01 16:51:12,480 INFO o.a.j.r.c.ReportGeneratorConfiguration: Property 'jmeter.reportgenerator.graph.responseTimePercentiles.exclude_controllers' not found, using default value 'false' instead.
2021-07-01 16:51:12,481 INFO o.a.j.r.c.ReportGeneratorConfiguration: Property 'jmeter.reportgenerator.graph.responseTimePercentilesOverTime.exclude_controllers' not found, using default value 'false' instead.
2021-07-01 16:51:12,481 INFO o.a.j.r.c.ReportGeneratorConfiguration: Property 'jmeter.reportgenerator.graph.responseTimesOverTime.exclude_controllers' not found, using default value 'false' instead.
2021-07-01 16:51:12,481 INFO o.a.j.r.c.ReportGeneratorConfiguration: Property 'jmeter.reportgenerator.graph.connectTimeOverTime.exclude_controllers' not found, using default value 'false' instead.
2021-07-01 16:51:12,481 INFO o.a.j.r.c.ReportGeneratorConfiguration: Property 'jmeter.reportgenerator.graph.latenciesOverTime.exclude_controllers' not found, using default value 'false' instead.
2021-07-01 16:51:12,482 INFO o.a.j.r.c.ReportGeneratorConfiguration: Property 'jmeter.reportgenerator.exporter.json.filters_only_sample_series' not found, using default value 'true' instead.
2021-07-01 16:51:12,482 INFO o.a.j.r.c.ReportGeneratorConfiguration: Property 'jmeter.reportgenerator.exporter.json.series_filter' not found, using default value '' instead.
2021-07-01 16:51:12,482 INFO o.a.j.r.c.ReportGeneratorConfiguration: Property 'jmeter.reportgenerator.exporter.json.show_controllers_only' not found, using default value 'false' instead.
2021-07-01 16:51:12,482 INFO o.a.j.r.c.ReportGeneratorConfiguration: Property 'jmeter.reportgenerator.exporter.html.filters_only_sample_series' not found, using default value 'true' instead.
2021-07-01 16:51:12,482 INFO o.a.j.r.c.ReportGeneratorConfiguration: Property 'jmeter.reportgenerator.exporter.html.series_filter' not found, using default value '' instead.
2021-07-01 16:51:12,482 INFO o.a.j.r.c.ReportGeneratorConfiguration: Property 'jmeter.reportgenerator.exporter.html.show_controllers_only' not found, using default value 'false' instead.
2021-07-01 16:51:12,486 INFO o.a.j.e.StandardJMeterEngine: Running the test!
2021-07-01 16:51:12,486 INFO o.a.j.s.SampleEvent: List of sample_variables: []
2021-07-01 16:51:12,486 INFO o.a.j.s.SampleEvent: List of sample_variables: []
2021-07-01 16:51:12,490 INFO o.a.j.e.u.CompoundVariable: Note: Function class names must contain the string: '.functions.'
2021-07-01 16:51:12,490 INFO o.a.j.e.u.CompoundVariable: Note: Function class names must not contain the string: '.gui.'
2021-07-01 16:51:12,844 INFO o.a.j.JMeter: Running test (1625138472844)
2021-07-01 16:51:12,900 INFO o.a.j.e.StandardJMeterEngine: Starting ThreadGroup: 1 : iSource_RaceConditionAuction
2021-07-01 16:51:12,900 INFO o.a.j.e.StandardJMeterEngine: Starting 50 threads for group iSource_RaceConditionAuction.
2021-07-01 16:51:12,900 INFO o.a.j.e.StandardJMeterEngine: Thread will stop on error
2021-07-01 16:51:12,900 INFO o.a.j.t.ThreadGroup: Starting thread group... number=1 threads=50 ramp-up=1250 perThread=25000.0 delayedStart=false
2021-07-01 16:51:12,927 INFO o.a.j.s.SampleResult: Note: Sample TimeStamps are START times
2021-07-01 16:51:12,927 INFO o.a.j.s.SampleResult: sampleresult.default.encoding is set to ISO-8859-1
2021-07-01 16:51:12,927 INFO o.a.j.s.SampleResult: sampleresult.useNanoTime=true
2021-07-01 16:51:12,927 INFO o.a.j.s.SampleResult: sampleresult.nanoThreadSleep=5000
2021-07-01 16:51:12,934 INFO o.a.j.t.JMeterThread: Thread started: iSource_RaceConditionAuction 1-1
2021-07-01 16:51:12,951 INFO o.a.j.p.h.s.HTTPHCAbstractImpl: Local host = ZIPLSY2278
2021-07-01 16:51:12,957 INFO o.a.j.p.h.s.HTTPHC4Impl: HTTP request retry count = 0
2021-07-01 16:51:13,030 INFO o.a.j.p.h.s.h.LazyLayeredConnectionSocketFactory: Setting up HTTPS TrustAll Socket Factory
2021-07-01 16:51:13,036 INFO o.a.j.u.JsseSSLManager: Using default SSL protocol: TLS
2021-07-01 16:51:13,036 INFO o.a.j.u.JsseSSLManager: SSL session context: per-thread
2021-07-01 16:51:13,638 INFO o.a.j.u.SSLManager: JmeterKeyStore Location:  type JKS
2021-07-01 16:51:13,640 INFO o.a.j.u.SSLManager: KeyStore created OK
2021-07-01 16:51:13,640 WARN o.a.j.u.SSLManager: Keystore file not found, loading empty keystore
2021-07-01 16:51:14,015 INFO o.a.j.t.ThreadGroup: Started thread group number 1
2021-07-01 16:51:14,015 INFO o.a.j.e.StandardJMeterEngine: All thread groups have been started
2021-07-01 16:51:35,235 INFO o.a.j.r.Summariser: summary +     33 in 00:00:22 =    1.5/s Avg:   359 Min:    67 Max:  2289 Err:     0 (0.00%) Active: 1 Started: 1 Finished: 0
2021-07-01 16:51:37,981 INFO o.a.j.t.JMeterThread: Thread started: iSource_RaceConditionAuction 1-2
2021-07-01 16:52:00,972 INFO o.a.j.r.Summariser: summary +     55 in 00:00:26 =    2.1/s Avg:   492 Min:    58 Max:  2894 Err:     0 (0.00%) Active: 2 Started: 2 Finished: 0
2021-07-01 16:52:00,973 INFO o.a.j.r.Summariser: summary =     88 in 00:00:48 =    1.8/s Avg:   442 Min:    58 Max:  2894 Err:     0 (0.00%)
2021-07-01 16:52:03,011 INFO o.a.j.t.JMeterThread: Thread started: iSource_RaceConditionAuction 1-3
2021-07-01 16:52:28,040 INFO o.a.j.t.JMeterThread: Thread started: iSource_RaceConditionAuction 1-4
2021-07-01 16:52:30,123 INFO o.a.j.r.Summariser: summary +    108 in 00:00:29 =    3.7/s Avg:   526 Min:    44 Max:  3403 Err:     0 (0.00%) Active: 4 Started: 4 Finished: 0
2021-07-01 16:52:30,124 INFO o.a.j.r.Summariser: summary =    196 in 00:01:17 =    2.5/s Avg:   488 Min:    44 Max:  3403 Err:     0 (0.00%)
2021-07-01 16:52:53,058 INFO o.a.j.t.JMeterThread: Thread started: iSource_RaceConditionAuction 1-5
2021-07-01 16:53:00,355 INFO o.a.j.r.Summariser: summary +    119 in 00:00:30 =    3.9/s Avg:   696 Min:    47 Max:  3751 Err:     0 (0.00%) Active: 5 Started: 5 Finished: 0
2021-07-01 16:53:00,355 INFO o.a.j.r.Summariser: summary =    315 in 00:01:48 =    2.9/s Avg:   567 Min:    44 Max:  3751 Err:     0 (0.00%)
2021-07-01 16:53:18,076 INFO o.a.j.t.JMeterThread: Thread started: iSource_RaceConditionAuction 1-6
2021-07-01 16:53:22,921 INFO o.a.j.t.JMeterThread: Thread is done: iSource_RaceConditionAuction 1-1
2021-07-01 16:53:22,921 INFO o.a.j.t.JMeterThread: Thread finished: iSource_RaceConditionAuction 1-1
2021-07-01 16:53:30,343 INFO o.a.j.r.Summariser: summary +    161 in 00:00:30 =    5.4/s Avg:   661 Min:    34 Max:  4407 Err:     0 (0.00%) Active: 5 Started: 6 Finished: 1
2021-07-01 16:53:30,344 INFO o.a.j.r.Summariser: summary =    476 in 00:02:17 =    3.5/s Avg:   599 Min:    34 Max:  4407 Err:     0 (0.00%)
2021-07-01 16:53:43,095 INFO o.a.j.t.JMeterThread: Thread started: iSource_RaceConditionAuction 1-7
2021-07-01 16:53:56,747 INFO o.a.j.t.JMeterThread: Thread is done: iSource_RaceConditionAuction 1-2
2021-07-01 16:53:56,747 INFO o.a.j.t.JMeterThread: Thread finished: iSource_RaceConditionAuction 1-2
2021-07-01 16:54:00,539 INFO o.a.j.r.Summariser: summary +    138 in 00:00:30 =    4.6/s Avg:   875 Min:    58 Max:  5368 Err:     0 (0.00%) Active: 5 Started: 7 Finished: 2
2021-07-01 16:54:00,539 INFO o.a.j.r.Summariser: summary =    614 in 00:02:48 =    3.7/s Avg:   661 Min:    34 Max:  5368 Err:     0 (0.00%)
2021-07-01 16:54:08,112 INFO o.a.j.t.JMeterThread: Thread started: iSource_RaceConditionAuction 1-8
2021-07-01 16:54:30,179 INFO o.a.j.r.Summariser: summary +    134 in 00:00:30 =    4.5/s Avg:   921 Min:    32 Max:  4942 Err:     0 (0.00%) Active: 6 Started: 8 Finished: 2
2021-07-01 16:54:30,179 INFO o.a.j.r.Summariser: summary =    748 in 00:03:17 =    3.8/s Avg:   707 Min:    32 Max:  5368 Err:     0 (0.00%)
2021-07-01 16:54:30,560 INFO o.a.j.t.JMeterThread: Thread is done: iSource_RaceConditionAuction 1-3
2021-07-01 16:54:30,560 INFO o.a.j.t.JMeterThread: Thread finished: iSource_RaceConditionAuction 1-3
2021-07-01 16:54:33,131 INFO o.a.j.t.JMeterThread: Thread started: iSource_RaceConditionAuction 1-9
2021-07-01 16:54:58,150 INFO o.a.j.t.JMeterThread: Thread started: iSource_RaceConditionAuction 1-10
2021-07-01 16:55:00,122 INFO o.a.j.r.Summariser: summary +    147 in 00:00:30 =    4.9/s Avg:   909 Min:    37 Max:  4795 Err:     0 (0.00%) Active: 7 Started: 10 Finished: 3
2021-07-01 16:55:00,123 INFO o.a.j.r.Summariser: summary =    895 in 00:03:47 =    3.9/s Avg:   741 Min:    32 Max:  5368 Err:     0 (0.00%)
2021-07-01 16:55:00,148 INFO o.a.j.t.JMeterThread: Thread is done: iSource_RaceConditionAuction 1-4
2021-07-01 16:55:00,148 INFO o.a.j.t.JMeterThread: Thread finished: iSource_RaceConditionAuction 1-4
2021-07-01 16:55:23,172 INFO o.a.j.t.JMeterThread: Thread started: iSource_RaceConditionAuction 1-11
2021-07-01 16:55:30,348 INFO o.a.j.r.Summariser: summary +    166 in 00:00:30 =    5.5/s Avg:   829 Min:    45 Max:  4403 Err:     0 (0.00%) Active: 7 Started: 11 Finished: 4
2021-07-01 16:55:30,349 INFO o.a.j.r.Summariser: summary =   1061 in 00:04:18 =    4.1/s Avg:   754 Min:    32 Max:  5368 Err:     0 (0.00%)
2021-07-01 16:55:31,925 INFO o.a.j.t.JMeterThread: Thread is done: iSource_RaceConditionAuction 1-5
2021-07-01 16:55:31,925 INFO o.a.j.t.JMeterThread: Thread finished: iSource_RaceConditionAuction 1-5
2021-07-01 16:55:48,191 INFO o.a.j.t.JMeterThread: Thread started: iSource_RaceConditionAuction 1-12
2021-07-01 16:55:51,618 INFO o.a.j.t.JMeterThread: Thread is done: iSource_RaceConditionAuction 1-6
2021-07-01 16:55:51,618 INFO o.a.j.t.JMeterThread: Thread finished: iSource_RaceConditionAuction 1-6
2021-07-01 16:56:00,358 INFO o.a.j.r.Summariser: summary +    165 in 00:00:30 =    5.5/s Avg:   772 Min:    38 Max:  3586 Err:     0 (0.00%) Active: 6 Started: 12 Finished: 6
2021-07-01 16:56:00,358 INFO o.a.j.r.Summariser: summary =   1226 in 00:04:48 =    4.3/s Avg:   757 Min:    32 Max:  5368 Err:     0 (0.00%)
2021-07-01 16:56:13,209 INFO o.a.j.t.JMeterThread: Thread started: iSource_RaceConditionAuction 1-13
2021-07-01 16:56:24,933 INFO o.a.j.t.JMeterThread: Thread is done: iSource_RaceConditionAuction 1-7
2021-07-01 16:56:24,933 INFO o.a.j.t.JMeterThread: Thread finished: iSource_RaceConditionAuction 1-7
2021-07-01 16:56:30,019 INFO o.a.j.r.Summariser: summary +    156 in 00:00:30 =    5.3/s Avg:   922 Min:    36 Max:  5795 Err:     0 (0.00%) Active: 6 Started: 13 Finished: 7
2021-07-01 16:56:30,019 INFO o.a.j.r.Summariser: summary =   1382 in 00:05:17 =    4.4/s Avg:   775 Min:    32 Max:  5795 Err:     0 (0.00%)
2021-07-01 16:56:38,229 INFO o.a.j.t.JMeterThread: Thread started: iSource_RaceConditionAuction 1-14
2021-07-01 16:56:42,881 INFO o.a.j.t.JMeterThread: Thread is done: iSource_RaceConditionAuction 1-8
2021-07-01 16:56:42,881 INFO o.a.j.t.JMeterThread: Thread finished: iSource_RaceConditionAuction 1-8
2021-07-01 16:57:00,958 INFO o.a.j.r.Summariser: summary +    166 in 00:00:31 =    5.4/s Avg:   768 Min:    56 Max:  4439 Err:     0 (0.00%) Active: 6 Started: 14 Finished: 8
2021-07-01 16:57:00,959 INFO o.a.j.r.Summariser: summary =   1548 in 00:05:48 =    4.4/s Avg:   775 Min:    32 Max:  5795 Err:     0 (0.00%)
2021-07-01 16:57:03,247 INFO o.a.j.t.JMeterThread: Thread started: iSource_RaceConditionAuction 1-15
2021-07-01 16:57:12,831 INFO o.a.j.t.JMeterThread: Thread is done: iSource_RaceConditionAuction 1-9
2021-07-01 16:57:12,831 INFO o.a.j.t.JMeterThread: Thread finished: iSource_RaceConditionAuction 1-9
2021-07-01 16:57:27,370 INFO o.a.j.t.JMeterThread: Thread is done: iSource_RaceConditionAuction 1-10
2021-07-01 16:57:27,370 INFO o.a.j.t.JMeterThread: Thread finished: iSource_RaceConditionAuction 1-10
2021-07-01 16:57:28,268 INFO o.a.j.t.JMeterThread: Thread started: iSource_RaceConditionAuction 1-16
2021-07-01 16:57:30,126 INFO o.a.j.r.Summariser: summary +    167 in 00:00:29 =    5.7/s Avg:   802 Min:    49 Max:  4130 Err:     0 (0.00%) Active: 6 Started: 16 Finished: 10
2021-07-01 16:57:30,126 INFO o.a.j.r.Summariser: summary =   1715 in 00:06:17 =    4.5/s Avg:   777 Min:    32 Max:  5795 Err:     0 (0.00%)
2021-07-01 16:57:47,581 INFO o.a.j.t.JMeterThread: Thread is done: iSource_RaceConditionAuction 1-11
2021-07-01 16:57:47,581 INFO o.a.j.t.JMeterThread: Thread finished: iSource_RaceConditionAuction 1-11
2021-07-01 16:57:53,288 INFO o.a.j.t.JMeterThread: Thread started: iSource_RaceConditionAuction 1-17
2021-07-01 16:58:00,001 INFO o.a.j.r.Summariser: summary +    171 in 00:00:30 =    5.7/s Avg:   675 Min:    43 Max:  4225 Err:     0 (0.00%) Active: 6 Started: 17 Finished: 11
2021-07-01 16:58:00,002 INFO o.a.j.r.Summariser: summary =   1886 in 00:06:47 =    4.6/s Avg:   768 Min:    32 Max:  5795 Err:     0 (0.00%)
2021-07-01 16:58:14,469 INFO o.a.j.t.JMeterThread: Thread is done: iSource_RaceConditionAuction 1-12
2021-07-01 16:58:14,469 INFO o.a.j.t.JMeterThread: Thread finished: iSource_RaceConditionAuction 1-12
2021-07-01 16:58:18,316 INFO o.a.j.t.JMeterThread: Thread started: iSource_RaceConditionAuction 1-18
2021-07-01 16:58:30,017 INFO o.a.j.r.Summariser: summary +    155 in 00:00:30 =    5.2/s Avg:   834 Min:    34 Max:  5216 Err:     0 (0.00%) Active: 6 Started: 18 Finished: 12
2021-07-01 16:58:30,017 INFO o.a.j.r.Summariser: summary =   2041 in 00:07:17 =    4.7/s Avg:   773 Min:    32 Max:  5795 Err:     0 (0.00%)
2021-07-01 16:58:32,988 INFO o.a.j.t.JMeterThread: Thread is done: iSource_RaceConditionAuction 1-13
2021-07-01 16:58:32,988 INFO o.a.j.t.JMeterThread: Thread finished: iSource_RaceConditionAuction 1-13
2021-07-01 16:58:43,345 INFO o.a.j.t.JMeterThread: Thread started: iSource_RaceConditionAuction 1-19
2021-07-01 16:59:00,020 INFO o.a.j.r.Summariser: summary +    148 in 00:00:30 =    4.9/s Avg:   846 Min:    74 Max:  5117 Err:     0 (0.00%) Active: 6 Started: 19 Finished: 13
2021-07-01 16:59:00,020 INFO o.a.j.r.Summariser: summary =   2189 in 00:07:47 =    4.7/s Avg:   778 Min:    32 Max:  5795 Err:     0 (0.00%)
2021-07-01 16:59:06,711 INFO o.a.j.t.JMeterThread: Thread is done: iSource_RaceConditionAuction 1-14
2021-07-01 16:59:06,711 INFO o.a.j.t.JMeterThread: Thread finished: iSource_RaceConditionAuction 1-14
2021-07-01 16:59:08,377 INFO o.a.j.t.JMeterThread: Thread started: iSource_RaceConditionAuction 1-20
2021-07-01 16:59:30,556 INFO o.a.j.r.Summariser: summary +    127 in 00:00:31 =    4.2/s Avg:  1047 Min:    52 Max:  4635 Err:     0 (0.00%) Active: 6 Started: 20 Finished: 14
2021-07-01 16:59:30,556 INFO o.a.j.r.Summariser: summary =   2316 in 00:08:18 =    4.7/s Avg:   793 Min:    32 Max:  5795 Err:     0 (0.00%)
2021-07-01 16:59:33,409 INFO o.a.j.t.JMeterThread: Thread started: iSource_RaceConditionAuction 1-21
2021-07-01 16:59:37,211 INFO o.a.j.t.JMeterThread: Thread is done: iSource_RaceConditionAuction 1-15
2021-07-01 16:59:37,211 INFO o.a.j.t.JMeterThread: Thread finished: iSource_RaceConditionAuction 1-15
2021-07-01 16:59:58,441 INFO o.a.j.t.JMeterThread: Thread started: iSource_RaceConditionAuction 1-22
2021-07-01 17:00:00,061 INFO o.a.j.r.Summariser: summary +    161 in 00:00:30 =    5.5/s Avg:   826 Min:    46 Max:  6114 Err:     0 (0.00%) Active: 7 Started: 22 Finished: 15
2021-07-01 17:00:00,062 INFO o.a.j.r.Summariser: summary =   2477 in 00:08:47 =    4.7/s Avg:   795 Min:    32 Max:  6114 Err:     0 (0.00%)
2021-07-01 17:00:00,645 INFO o.a.j.t.JMeterThread: Thread is done: iSource_RaceConditionAuction 1-16
2021-07-01 17:00:00,645 INFO o.a.j.t.JMeterThread: Thread finished: iSource_RaceConditionAuction 1-16
2021-07-01 17:00:23,480 INFO o.a.j.t.JMeterThread: Thread started: iSource_RaceConditionAuction 1-23
2021-07-01 17:00:30,016 INFO o.a.j.r.Summariser: summary +    152 in 00:00:30 =    5.1/s Avg:   929 Min:    45 Max:  5803 Err:     0 (0.00%) Active: 7 Started: 23 Finished: 16
2021-07-01 17:00:30,017 INFO o.a.j.r.Summariser: summary =   2629 in 00:09:17 =    4.7/s Avg:   803 Min:    32 Max:  6114 Err:     0 (0.00%)
2021-07-01 17:00:35,498 INFO o.a.j.t.JMeterThread: Thread is done: iSource_RaceConditionAuction 1-17
2021-07-01 17:00:35,498 INFO o.a.j.t.JMeterThread: Thread finished: iSource_RaceConditionAuction 1-17
2021-07-01 17:00:48,521 INFO o.a.j.t.JMeterThread: Thread started: iSource_RaceConditionAuction 1-24
2021-07-01 17:01:00,049 INFO o.a.j.r.Summariser: summary +    157 in 00:00:30 =    5.2/s Avg:   875 Min:    65 Max:  5077 Err:     0 (0.00%) Active: 7 Started: 24 Finished: 17
2021-07-01 17:01:00,049 INFO o.a.j.r.Summariser: summary =   2786 in 00:09:47 =    4.7/s Avg:   807 Min:    32 Max:  6114 Err:     0 (0.00%)
2021-07-01 17:01:09,296 INFO o.a.j.t.JMeterThread: Thread is done: iSource_RaceConditionAuction 1-18
2021-07-01 17:01:09,296 INFO o.a.j.t.JMeterThread: Thread finished: iSource_RaceConditionAuction 1-18
2021-07-01 17:01:13,546 INFO o.a.j.t.JMeterThread: Thread started: iSource_RaceConditionAuction 1-25
2021-07-01 17:01:28,928 INFO o.a.j.t.JMeterThread: Thread is done: iSource_RaceConditionAuction 1-19
2021-07-01 17:01:28,928 INFO o.a.j.t.JMeterThread: Thread finished: iSource_RaceConditionAuction 1-19
2021-07-01 17:01:30,147 INFO o.a.j.r.Summariser: summary +    159 in 00:00:30 =    5.3/s Avg:   971 Min:    60 Max:  7500 Err:     0 (0.00%) Active: 6 Started: 25 Finished: 19
2021-07-01 17:01:30,148 INFO o.a.j.r.Summariser: summary =   2945 in 00:10:17 =    4.8/s Avg:   816 Min:    32 Max:  7500 Err:     0 (0.00%)
2021-07-01 17:01:38,571 INFO o.a.j.t.JMeterThread: Thread started: iSource_RaceConditionAuction 1-26
2021-07-01 17:01:57,536 INFO o.a.j.t.JMeterThread: Thread is done: iSource_RaceConditionAuction 1-20
2021-07-01 17:01:57,536 INFO o.a.j.t.JMeterThread: Thread finished: iSource_RaceConditionAuction 1-20
2021-07-01 17:02:00,426 INFO o.a.j.r.Summariser: summary +    161 in 00:00:30 =    5.3/s Avg:   905 Min:    55 Max:  4834 Err:     0 (0.00%) Active: 6 Started: 26 Finished: 20
2021-07-01 17:02:00,426 INFO o.a.j.r.Summariser: summary =   3106 in 00:10:48 =    4.8/s Avg:   820 Min:    32 Max:  7500 Err:     0 (0.00%)
2021-07-01 17:02:03,593 INFO o.a.j.t.JMeterThread: Thread started: iSource_RaceConditionAuction 1-27
2021-07-01 17:02:13,845 INFO o.a.j.t.JMeterThread: Thread is done: iSource_RaceConditionAuction 1-21
2021-07-01 17:02:13,845 INFO o.a.j.t.JMeterThread: Thread finished: iSource_RaceConditionAuction 1-21
2021-07-01 17:02:28,612 INFO o.a.j.t.JMeterThread: Thread started: iSource_RaceConditionAuction 1-28
2021-07-01 17:02:30,574 INFO o.a.j.r.Summariser: summary +    169 in 00:00:30 =    5.6/s Avg:   836 Min:    31 Max:  4117 Err:     0 (0.00%) Active: 7 Started: 28 Finished: 21
2021-07-01 17:02:30,575 INFO o.a.j.r.Summariser: summary =   3275 in 00:11:18 =    4.8/s Avg:   821 Min:    31 Max:  7500 Err:     0 (0.00%)
2021-07-01 17:02:34,562 INFO o.a.j.t.JMeterThread: Thread is done: iSource_RaceConditionAuction 1-22
2021-07-01 17:02:34,562 INFO o.a.j.t.JMeterThread: Thread finished: iSource_RaceConditionAuction 1-22
2021-07-01 17:02:53,634 INFO o.a.j.t.JMeterThread: Thread started: iSource_RaceConditionAuction 1-29
2021-07-01 17:03:00,137 INFO o.a.j.r.Summariser: summary +    160 in 00:00:30 =    5.4/s Avg:   865 Min:    83 Max:  4335 Err:     0 (0.00%) Active: 7 Started: 29 Finished: 22
2021-07-01 17:03:00,137 INFO o.a.j.r.Summariser: summary =   3435 in 00:11:47 =    4.9/s Avg:   823 Min:    31 Max:  7500 Err:     0 (0.00%)
2021-07-01 17:03:00,987 INFO o.a.j.t.JMeterThread: Thread is done: iSource_RaceConditionAuction 1-23
2021-07-01 17:03:00,987 INFO o.a.j.t.JMeterThread: Thread finished: iSource_RaceConditionAuction 1-23
2021-07-01 17:03:18,658 INFO o.a.j.t.JMeterThread: Thread started: iSource_RaceConditionAuction 1-30
2021-07-01 17:03:25,494 INFO o.a.j.t.JMeterThread: Thread is done: iSource_RaceConditionAuction 1-24
2021-07-01 17:03:25,494 INFO o.a.j.t.JMeterThread: Thread finished: iSource_RaceConditionAuction 1-24
2021-07-01 17:03:30,092 INFO o.a.j.r.Summariser: summary +    150 in 00:00:30 =    5.0/s Avg:   933 Min:    56 Max:  4104 Err:     0 (0.00%) Active: 6 Started: 30 Finished: 24
2021-07-01 17:03:30,093 INFO o.a.j.r.Summariser: summary =   3585 in 00:12:17 =    4.9/s Avg:   828 Min:    31 Max:  7500 Err:     0 (0.00%)
2021-07-01 17:03:43,677 INFO o.a.j.t.JMeterThread: Thread started: iSource_RaceConditionAuction 1-31
2021-07-01 17:03:55,369 INFO o.a.j.t.JMeterThread: Thread is done: iSource_RaceConditionAuction 1-25
2021-07-01 17:03:55,369 INFO o.a.j.t.JMeterThread: Thread finished: iSource_RaceConditionAuction 1-25
2021-07-01 17:04:00,383 INFO o.a.j.r.Summariser: summary +    138 in 00:00:30 =    4.6/s Avg:  1013 Min:    24 Max:  4580 Err:     0 (0.00%) Active: 6 Started: 31 Finished: 25
2021-07-01 17:04:00,384 INFO o.a.j.r.Summariser: summary =   3723 in 00:12:48 =    4.9/s Avg:   835 Min:    24 Max:  7500 Err:     0 (0.00%)
2021-07-01 17:04:08,697 INFO o.a.j.t.JMeterThread: Thread started: iSource_RaceConditionAuction 1-32
2021-07-01 17:04:30,369 INFO o.a.j.r.Summariser: summary +    126 in 00:00:30 =    4.2/s Avg:  1272 Min:    50 Max:  9397 Err:     0 (0.00%) Active: 7 Started: 32 Finished: 25
2021-07-01 17:04:30,370 INFO o.a.j.r.Summariser: summary =   3849 in 00:13:18 =    4.8/s Avg:   849 Min:    24 Max:  9397 Err:     0 (0.00%)
2021-07-01 17:04:33,715 INFO o.a.j.t.JMeterThread: Thread started: iSource_RaceConditionAuction 1-33
2021-07-01 17:04:34,043 INFO o.a.j.t.JMeterThread: Thread is done: iSource_RaceConditionAuction 1-26
2021-07-01 17:04:34,043 INFO o.a.j.t.JMeterThread: Thread finished: iSource_RaceConditionAuction 1-26
2021-07-01 17:04:58,744 INFO o.a.j.t.JMeterThread: Thread started: iSource_RaceConditionAuction 1-34
2021-07-01 17:05:00,040 INFO o.a.j.r.Summariser: summary +    144 in 00:00:30 =    4.9/s Avg:  1123 Min:    39 Max:  5793 Err:     0 (0.00%) Active: 8 Started: 34 Finished: 26
2021-07-01 17:05:00,040 INFO o.a.j.r.Summariser: summary =   3993 in 00:13:47 =    4.8/s Avg:   859 Min:    24 Max:  9397 Err:     0 (0.00%)
2021-07-01 17:05:02,119 INFO o.a.j.t.JMeterThread: Thread is done: iSource_RaceConditionAuction 1-27
2021-07-01 17:05:02,119 INFO o.a.j.t.JMeterThread: Thread finished: iSource_RaceConditionAuction 1-27
2021-07-01 17:05:23,763 INFO o.a.j.t.JMeterThread: Thread started: iSource_RaceConditionAuction 1-35
2021-07-01 17:05:30,173 INFO o.a.j.r.Summariser: summary +    160 in 00:00:30 =    5.3/s Avg:  1064 Min:    63 Max:  4721 Err:     0 (0.00%) Active: 8 Started: 35 Finished: 27
2021-07-01 17:05:30,173 INFO o.a.j.r.Summariser: summary =   4153 in 00:14:17 =    4.8/s Avg:   867 Min:    24 Max:  9397 Err:     0 (0.00%)
2021-07-01 17:05:33,295 INFO o.a.j.t.JMeterThread: Thread is done: iSource_RaceConditionAuction 1-28
2021-07-01 17:05:33,295 INFO o.a.j.t.JMeterThread: Thread finished: iSource_RaceConditionAuction 1-28
2021-07-01 17:05:48,782 INFO o.a.j.t.JMeterThread: Thread started: iSource_RaceConditionAuction 1-36
2021-07-01 17:06:00,198 INFO o.a.j.r.Summariser: summary +    180 in 00:00:30 =    6.0/s Avg:   987 Min:    78 Max:  5145 Err:     0 (0.00%) Active: 8 Started: 36 Finished: 28
2021-07-01 17:06:00,199 INFO o.a.j.r.Summariser: summary =   4333 in 00:14:47 =    4.9/s Avg:   872 Min:    24 Max:  9397 Err:     0 (0.00%)
2021-07-01 17:06:06,611 INFO o.a.j.t.JMeterThread: Thread is done: iSource_RaceConditionAuction 1-29
2021-07-01 17:06:06,611 INFO o.a.j.t.JMeterThread: Thread finished: iSource_RaceConditionAuction 1-29
2021-07-01 17:06:13,799 INFO o.a.j.t.JMeterThread: Thread started: iSource_RaceConditionAuction 1-37
2021-07-01 17:06:24,388 INFO o.a.j.t.JMeterThread: Thread is done: iSource_RaceConditionAuction 1-30
2021-07-01 17:06:24,388 INFO o.a.j.t.JMeterThread: Thread finished: iSource_RaceConditionAuction 1-30
2021-07-01 17:06:31,474 INFO o.a.j.r.Summariser: summary +    170 in 00:00:31 =    5.4/s Avg:   940 Min:    41 Max:  5993 Err:     0 (0.00%) Active: 7 Started: 37 Finished: 30
2021-07-01 17:06:31,474 INFO o.a.j.r.Summariser: summary =   4503 in 00:15:19 =    4.9/s Avg:   874 Min:    24 Max:  9397 Err:     0 (0.00%)
2021-07-01 17:06:38,846 INFO o.a.j.t.JMeterThread: Thread started: iSource_RaceConditionAuction 1-38
2021-07-01 17:06:46,510 INFO o.a.j.t.JMeterThread: Thread is done: iSource_RaceConditionAuction 1-31
2021-07-01 17:06:46,510 INFO o.a.j.t.JMeterThread: Thread finished: iSource_RaceConditionAuction 1-31
2021-07-01 17:07:00,479 INFO o.a.j.r.Summariser: summary +    144 in 00:00:29 =    5.0/s Avg:  1210 Min:    71 Max:  7065 Err:     0 (0.00%) Active: 7 Started: 38 Finished: 31
2021-07-01 17:07:00,479 INFO o.a.j.r.Summariser: summary =   4647 in 00:15:48 =    4.9/s Avg:   885 Min:    24 Max:  9397 Err:     0 (0.00%)
2021-07-01 17:07:03,863 INFO o.a.j.t.JMeterThread: Thread started: iSource_RaceConditionAuction 1-39
2021-07-01 17:07:09,561 INFO o.a.j.t.JMeterThread: Thread is done: iSource_RaceConditionAuction 1-32
2021-07-01 17:07:09,562 INFO o.a.j.t.JMeterThread: Thread finished: iSource_RaceConditionAuction 1-32
2021-07-01 17:07:26,658 INFO o.a.j.t.JMeterThread: Thread is done: iSource_RaceConditionAuction 1-33
2021-07-01 17:07:26,658 INFO o.a.j.t.JMeterThread: Thread finished: iSource_RaceConditionAuction 1-33
2021-07-01 17:07:28,876 INFO o.a.j.t.JMeterThread: Thread started: iSource_RaceConditionAuction 1-40
2021-07-01 17:07:30,117 INFO o.a.j.r.Summariser: summary +    158 in 00:00:30 =    5.3/s Avg:   954 Min:    99 Max:  4298 Err:     0 (0.00%) Active: 7 Started: 40 Finished: 33
2021-07-01 17:07:30,117 INFO o.a.j.r.Summariser: summary =   4805 in 00:16:17 =    4.9/s Avg:   887 Min:    24 Max:  9397 Err:     0 (0.00%)
2021-07-01 17:07:53,892 INFO o.a.j.t.JMeterThread: Thread started: iSource_RaceConditionAuction 1-41
2021-07-01 17:07:58,788 INFO o.a.j.t.JMeterThread: Thread is done: iSource_RaceConditionAuction 1-34
2021-07-01 17:07:58,788 INFO o.a.j.t.JMeterThread: Thread finished: iSource_RaceConditionAuction 1-34
2021-07-01 17:08:00,411 INFO o.a.j.r.Summariser: summary +    175 in 00:00:30 =    5.8/s Avg:   955 Min:   115 Max:  4505 Err:     0 (0.00%) Active: 7 Started: 41 Finished: 34
2021-07-01 17:08:00,411 INFO o.a.j.r.Summariser: summary =   4980 in 00:16:48 =    4.9/s Avg:   889 Min:    24 Max:  9397 Err:     0 (0.00%)
2021-07-01 17:08:18,905 INFO o.a.j.t.JMeterThread: Thread started: iSource_RaceConditionAuction 1-42
2021-07-01 17:08:23,785 INFO o.a.j.t.JMeterThread: Thread is done: iSource_RaceConditionAuction 1-35
2021-07-01 17:08:23,785 INFO o.a.j.t.JMeterThread: Thread finished: iSource_RaceConditionAuction 1-35
2021-07-01 17:08:30,683 INFO o.a.j.r.Summariser: summary +    123 in 00:00:30 =    4.1/s Avg:  1455 Min:   193 Max:  4927 Err:     0 (0.00%) Active: 7 Started: 42 Finished: 35
2021-07-01 17:08:30,684 INFO o.a.j.r.Summariser: summary =   5103 in 00:17:18 =    4.9/s Avg:   903 Min:    24 Max:  9397 Err:     0 (0.00%)
2021-07-01 17:08:43,919 INFO o.a.j.t.JMeterThread: Thread started: iSource_RaceConditionAuction 1-43
2021-07-01 17:08:52,213 INFO o.a.j.t.JMeterThread: Thread is done: iSource_RaceConditionAuction 1-36
2021-07-01 17:08:52,213 INFO o.a.j.t.JMeterThread: Thread finished: iSource_RaceConditionAuction 1-36
2021-07-01 17:09:00,156 INFO o.a.j.r.Summariser: summary +    138 in 00:00:29 =    4.7/s Avg:  1212 Min:    84 Max:  4168 Err:     0 (0.00%) Active: 7 Started: 43 Finished: 36
2021-07-01 17:09:00,156 INFO o.a.j.r.Summariser: summary =   5241 in 00:17:47 =    4.9/s Avg:   911 Min:    24 Max:  9397 Err:     0 (0.00%)
2021-07-01 17:09:08,937 INFO o.a.j.t.JMeterThread: Thread started: iSource_RaceConditionAuction 1-44
2021-07-01 17:09:20,207 INFO o.a.j.t.JMeterThread: Thread is done: iSource_RaceConditionAuction 1-37
2021-07-01 17:09:20,207 INFO o.a.j.t.JMeterThread: Thread finished: iSource_RaceConditionAuction 1-37
2021-07-01 17:09:30,455 INFO o.a.j.r.Summariser: summary +    125 in 00:00:30 =    4.1/s Avg:  1470 Min:    65 Max:  8768 Err:     0 (0.00%) Active: 7 Started: 44 Finished: 37
2021-07-01 17:09:30,455 INFO o.a.j.r.Summariser: summary =   5366 in 00:18:18 =    4.9/s Avg:   924 Min:    24 Max:  9397 Err:     0 (0.00%)
2021-07-01 17:09:33,948 INFO o.a.j.t.JMeterThread: Thread started: iSource_RaceConditionAuction 1-45
2021-07-01 17:09:58,754 INFO o.a.j.t.JMeterThread: Thread is done: iSource_RaceConditionAuction 1-38
2021-07-01 17:09:58,754 INFO o.a.j.t.JMeterThread: Thread finished: iSource_RaceConditionAuction 1-38
2021-07-01 17:09:58,963 INFO o.a.j.t.JMeterThread: Thread started: iSource_RaceConditionAuction 1-46
2021-07-01 17:10:00,009 INFO o.a.j.r.Summariser: summary +    143 in 00:00:30 =    4.8/s Avg:  1329 Min:   123 Max:  4827 Err:     0 (0.00%) Active: 8 Started: 46 Finished: 38
2021-07-01 17:10:00,010 INFO o.a.j.r.Summariser: summary =   5509 in 00:18:47 =    4.9/s Avg:   935 Min:    24 Max:  9397 Err:     0 (0.00%)
2021-07-01 17:10:22,561 INFO o.a.j.t.JMeterThread: Thread is done: iSource_RaceConditionAuction 1-39
2021-07-01 17:10:22,561 INFO o.a.j.t.JMeterThread: Thread finished: iSource_RaceConditionAuction 1-39
2021-07-01 17:10:23,979 INFO o.a.j.t.JMeterThread: Thread started: iSource_RaceConditionAuction 1-47
2021-07-01 17:10:30,914 INFO o.a.j.r.Summariser: summary +    158 in 00:00:31 =    5.1/s Avg:  1129 Min:    45 Max:  6552 Err:     0 (0.00%) Active: 8 Started: 47 Finished: 39
2021-07-01 17:10:30,915 INFO o.a.j.r.Summariser: summary =   5667 in 00:19:18 =    4.9/s Avg:   940 Min:    24 Max:  9397 Err:     0 (0.00%)
2021-07-01 17:10:48,991 INFO o.a.j.t.JMeterThread: Thread started: iSource_RaceConditionAuction 1-48
2021-07-01 17:11:00,095 INFO o.a.j.r.Summariser: summary +    156 in 00:00:29 =    5.3/s Avg:  1291 Min:    83 Max:  5164 Err:     0 (0.00%) Active: 9 Started: 48 Finished: 39
2021-07-01 17:11:00,095 INFO o.a.j.r.Summariser: summary =   5823 in 00:19:47 =    4.9/s Avg:   949 Min:    24 Max:  9397 Err:     0 (0.00%)
2021-07-01 17:11:11,098 INFO o.a.j.t.JMeterThread: Thread is done: iSource_RaceConditionAuction 1-40
2021-07-01 17:11:11,098 INFO o.a.j.t.JMeterThread: Thread finished: iSource_RaceConditionAuction 1-40
2021-07-01 17:11:14,004 INFO o.a.j.t.JMeterThread: Thread started: iSource_RaceConditionAuction 1-49
2021-07-01 17:11:19,013 INFO o.a.j.t.JMeterThread: Stop Thread detected by thread: iSource_RaceConditionAuction 1-42
2021-07-01 17:11:19,013 INFO o.a.j.t.JMeterThread: Thread finished: iSource_RaceConditionAuction 1-42
2021-07-01 17:11:30,288 INFO o.a.j.r.Summariser: summary +    152 in 00:00:30 =    5.0/s Avg:  1367 Min:   150 Max:  5758 Err:     1 (0.66%) Active: 8 Started: 49 Finished: 41
2021-07-01 17:11:30,288 INFO o.a.j.r.Summariser: summary =   5975 in 00:20:17 =    4.9/s Avg:   960 Min:    24 Max:  9397 Err:     1 (0.02%)
2021-07-01 17:11:35,501 INFO o.a.j.t.JMeterThread: Thread is done: iSource_RaceConditionAuction 1-41
2021-07-01 17:11:35,501 INFO o.a.j.t.JMeterThread: Thread finished: iSource_RaceConditionAuction 1-41
2021-07-01 17:11:37,226 INFO o.a.j.t.JMeterThread: Stop Thread detected by thread: iSource_RaceConditionAuction 1-43
2021-07-01 17:11:37,226 INFO o.a.j.t.JMeterThread: Thread finished: iSource_RaceConditionAuction 1-43
2021-07-01 17:11:39,019 INFO o.a.j.t.JMeterThread: Thread started: iSource_RaceConditionAuction 1-50
2021-07-01 17:11:55,212 INFO o.a.j.t.JMeterThread: Stop Thread detected by thread: iSource_RaceConditionAuction 1-44
2021-07-01 17:11:55,213 INFO o.a.j.t.JMeterThread: Thread finished: iSource_RaceConditionAuction 1-44
2021-07-01 17:12:00,470 INFO o.a.j.r.Summariser: summary +    154 in 00:00:30 =    5.1/s Avg:  1032 Min:    54 Max:  6461 Err:     2 (1.30%) Active: 6 Started: 50 Finished: 44
2021-07-01 17:12:00,471 INFO o.a.j.r.Summariser: summary =   6129 in 00:20:48 =    4.9/s Avg:   962 Min:    24 Max:  9397 Err:     3 (0.05%)
2021-07-01 17:12:17,760 INFO o.a.j.t.JMeterThread: Stop Thread detected by thread: iSource_RaceConditionAuction 1-45
2021-07-01 17:12:17,760 INFO o.a.j.t.JMeterThread: Thread finished: iSource_RaceConditionAuction 1-45
2021-07-01 17:12:29,947 INFO o.a.j.t.JMeterThread: Stop Thread detected by thread: iSource_RaceConditionAuction 1-46
2021-07-01 17:12:29,947 INFO o.a.j.t.JMeterThread: Thread finished: iSource_RaceConditionAuction 1-46
2021-07-01 17:12:30,326 INFO o.a.j.r.Summariser: summary +    114 in 00:00:30 =    3.8/s Avg:  1075 Min:   141 Max:  4658 Err:     2 (1.75%) Active: 4 Started: 50 Finished: 46
2021-07-01 17:12:30,327 INFO o.a.j.r.Summariser: summary =   6243 in 00:21:17 =    4.9/s Avg:   964 Min:    24 Max:  9397 Err:     5 (0.08%)
2021-07-01 17:12:40,842 INFO o.a.j.t.JMeterThread: Stop Thread detected by thread: iSource_RaceConditionAuction 1-47
2021-07-01 17:12:40,842 INFO o.a.j.t.JMeterThread: Thread finished: iSource_RaceConditionAuction 1-47
2021-07-01 17:13:00,413 INFO o.a.j.r.Summariser: summary +     98 in 00:00:30 =    3.3/s Avg:   812 Min:   159 Max:  4263 Err:     1 (1.02%) Active: 3 Started: 50 Finished: 47
2021-07-01 17:13:00,414 INFO o.a.j.r.Summariser: summary =   6341 in 00:21:48 =    4.8/s Avg:   962 Min:    24 Max:  9397 Err:     6 (0.09%)
2021-07-01 17:13:06,654 INFO o.a.j.t.JMeterThread: Stop Thread detected by thread: iSource_RaceConditionAuction 1-48
2021-07-01 17:13:06,654 INFO o.a.j.t.JMeterThread: Thread finished: iSource_RaceConditionAuction 1-48
2021-07-01 17:13:18,153 INFO o.a.j.t.JMeterThread: Stop Thread detected by thread: iSource_RaceConditionAuction 1-49
2021-07-01 17:13:18,153 INFO o.a.j.t.JMeterThread: Thread finished: iSource_RaceConditionAuction 1-49
2021-07-01 17:13:31,534 INFO o.a.j.r.Summariser: summary +     43 in 00:00:31 =    1.4/s Avg:   985 Min:   174 Max:  3746 Err:     2 (4.65%) Active: 1 Started: 50 Finished: 49
2021-07-01 17:13:31,535 INFO o.a.j.r.Summariser: summary =   6384 in 00:22:19 =    4.8/s Avg:   962 Min:    24 Max:  9397 Err:     8 (0.13%)
2021-07-01 17:13:32,691 INFO o.a.j.t.JMeterThread: Stop Thread detected by thread: iSource_RaceConditionAuction 1-50
2021-07-01 17:13:32,691 INFO o.a.j.t.JMeterThread: Thread finished: iSource_RaceConditionAuction 1-50
2021-07-01 17:13:32,692 INFO o.a.j.e.StandardJMeterEngine: Notifying test listeners of end of test
2021-07-01 17:13:32,695 INFO o.a.j.r.Summariser: summary +      2 in 00:00:01 =    1.7/s Avg:   577 Min:   499 Max:   656 Err:     1 (50.00%) Active: 0 Started: 50 Finished: 50
2021-07-01 17:13:32,696 INFO o.a.j.r.Summariser: summary =   6386 in 00:22:20 =    4.8/s Avg:   962 Min:    24 Max:  9397 Err:     9 (0.14%)
2021-07-01 17:13:32,696 INFO o.a.j.JMeter: Generating Dashboard
2021-07-01 17:13:32,696 INFO o.a.j.r.d.ReportGenerator: Flushing result collector before report Generation
2021-07-01 17:13:32,709 INFO o.a.j.r.p.NormalizerSampleConsumer: Using format, 'ms', to parse timeStamp field
2021-07-01 17:13:32,962 INFO o.a.j.r.p.AbstractSampleConsumer: class org.apache.jmeter.report.processor.AggregateConsumer#stopProducing(): beginDate produced 0 samples
2021-07-01 17:13:32,962 INFO o.a.j.r.p.AbstractSampleConsumer: class org.apache.jmeter.report.processor.AggregateConsumer#stopProducing(): endDate produced 0 samples
2021-07-01 17:13:32,964 INFO o.a.j.r.p.AbstractSampleConsumer: class org.apache.jmeter.report.processor.ApdexSummaryConsumer#stopProducing(): apdexSummary produced 0 samples
2021-07-01 17:13:32,964 INFO o.a.j.r.p.AbstractSampleConsumer: class org.apache.jmeter.report.processor.RequestsSummaryConsumer#stopProducing(): requestsSummary produced 0 samples
2021-07-01 17:13:32,973 INFO o.a.j.r.p.AbstractSampleConsumer: class org.apache.jmeter.report.processor.StatisticsSummaryConsumer#stopProducing(): statisticsSummary produced 0 samples
2021-07-01 17:13:32,976 INFO o.a.j.r.p.AbstractSampleConsumer: class org.apache.jmeter.report.processor.Top5ErrorsBySamplerConsumer#stopProducing(): top5ErrorsBySampler produced 0 samples
2021-07-01 17:13:32,976 INFO o.a.j.r.p.AbstractSampleConsumer: class org.apache.jmeter.report.processor.ErrorsSummaryConsumer#stopProducing(): errorsSummary produced 0 samples
2021-07-01 17:13:32,976 INFO o.a.j.r.p.AbstractSampleConsumer: class org.apache.jmeter.report.processor.graph.impl.HitsPerSecondGraphConsumer#stopProducing(): hitsPerSecond produced 0 samples
2021-07-01 17:13:33,014 INFO o.a.j.r.p.AbstractSampleConsumer: class org.apache.jmeter.report.processor.graph.impl.LatencyVSRequestGraphConsumer#stopProducing(): latencyVsRequest produced 0 samples
2021-07-01 17:13:33,015 INFO o.a.j.r.p.AbstractSampleConsumer: class org.apache.jmeter.report.processor.graph.impl.SyntheticResponseTimeDistributionGraphConsumer#stopProducing(): syntheticResponseTimeDistribution produced 0 samples
2021-07-01 17:13:33,015 INFO o.a.j.r.p.AbstractSampleConsumer: class org.apache.jmeter.report.processor.graph.impl.BytesThroughputGraphConsumer#stopProducing(): bytesThroughputOverTime produced 0 samples
2021-07-01 17:13:33,015 INFO o.a.j.r.p.AbstractSampleConsumer: class org.apache.jmeter.report.processor.graph.impl.CodesPerSecondGraphConsumer#stopProducing(): codesPerSecond produced 0 samples
2021-07-01 17:13:33,055 INFO o.a.j.r.p.AbstractSampleConsumer: class org.apache.jmeter.report.processor.graph.impl.ResponseTimeVSRequestGraphConsumer#stopProducing(): responseTimeVsRequest produced 0 samples
2021-07-01 17:13:33,055 INFO o.a.j.r.p.AbstractSampleConsumer: class org.apache.jmeter.report.processor.FilterConsumer#stopProducing(): startIntervalControlerFilter produced 44702 samples
2021-07-01 17:13:33,055 INFO o.a.j.r.p.AbstractSampleConsumer: class org.apache.jmeter.report.processor.graph.impl.TotalTPSGraphConsumer#stopProducing(): totalTPS produced 0 samples
2021-07-01 17:13:33,055 INFO o.a.j.r.p.AbstractSampleConsumer: class org.apache.jmeter.report.processor.graph.impl.ActiveThreadsGraphConsumer#stopProducing(): activeThreadsOverTime produced 0 samples
2021-07-01 17:13:33,055 INFO o.a.j.r.p.AbstractSampleConsumer: class org.apache.jmeter.report.processor.graph.impl.TimeVSThreadGraphConsumer#stopProducing(): timeVsThreads produced 0 samples
2021-07-01 17:13:33,063 INFO o.a.j.r.p.AbstractSampleConsumer: class org.apache.jmeter.report.processor.graph.impl.ResponseTimeDistributionGraphConsumer#stopProducing(): responseTimeDistribution produced 0 samples
2021-07-01 17:13:33,065 INFO o.a.j.r.p.AbstractSampleConsumer: class org.apache.jmeter.report.processor.graph.impl.TransactionsPerSecondGraphConsumer#stopProducing(): transactionsPerSecond produced 0 samples
2021-07-01 17:13:33,067 INFO o.a.j.r.p.AbstractSampleConsumer: class org.apache.jmeter.report.processor.graph.impl.ResponseTimePercentilesGraphConsumer#stopProducing(): responseTimePercentiles produced 0 samples
2021-07-01 17:13:33,083 INFO o.a.j.r.p.AbstractSampleConsumer: class org.apache.jmeter.report.processor.graph.impl.ResponseTimePercentilesOverTimeGraphConsumer#stopProducing(): responseTimePercentilesOverTime produced 0 samples
2021-07-01 17:13:33,084 INFO o.a.j.r.p.AbstractSampleConsumer: class org.apache.jmeter.report.processor.graph.impl.ResponseTimeOverTimeGraphConsumer#stopProducing(): responseTimesOverTime produced 0 samples
2021-07-01 17:13:33,086 INFO o.a.j.r.p.AbstractSampleConsumer: class org.apache.jmeter.report.processor.graph.impl.ConnectTimeOverTimeGraphConsumer#stopProducing(): connectTimeOverTime produced 0 samples
2021-07-01 17:13:33,088 INFO o.a.j.r.p.AbstractSampleConsumer: class org.apache.jmeter.report.processor.graph.impl.LatencyOverTimeGraphConsumer#stopProducing(): latenciesOverTime produced 0 samples
2021-07-01 17:13:33,089 INFO o.a.j.r.p.AbstractSampleConsumer: class org.apache.jmeter.report.processor.FilterConsumer#stopProducing(): nameFilter produced 108900 samples
2021-07-01 17:13:33,090 INFO o.a.j.r.p.AbstractSampleConsumer: class org.apache.jmeter.report.processor.FilterConsumer#stopProducing(): dateRangeFilter produced 21780 samples
2021-07-01 17:13:33,090 INFO o.a.j.r.p.AbstractSampleConsumer: class org.apache.jmeter.report.processor.NormalizerSampleConsumer#stopProducing(): normalizer produced 7260 samples
2021-07-01 17:13:33,090 INFO o.a.j.r.p.CsvFileSampleSource: produce(): 7260 samples produced in 365ms on channel 0
2021-07-01 17:13:33,090 INFO o.a.j.r.d.ReportGenerator: Exporting data using exporter:'json' of className:'org.apache.jmeter.report.dashboard.JsonExporter'
2021-07-01 17:13:33,092 INFO o.a.j.r.d.JsonExporter: Found data for consumer statisticsSummary in context
2021-07-01 17:13:33,092 INFO o.a.j.r.d.JsonExporter: Creating statistics for overall
2021-07-01 17:13:33,092 INFO o.a.j.r.d.JsonExporter: Creating statistics for other transactions
2021-07-01 17:13:33,093 INFO o.a.j.r.d.JsonExporter: Checking output folder
2021-07-01 17:13:33,094 INFO o.a.j.r.d.JsonExporter: Writing statistics JSON to C:\xampp\htdocs\PerformancePostgres\L0_iSource_50_RaceConditionAuction_2021-07-01_31\statistics.json
2021-07-01 17:13:33,283 INFO o.a.j.r.d.ReportGenerator: Exporting data using exporter:'html' of className:'org.apache.jmeter.report.dashboard.HtmlTemplateExporter'
2021-07-01 17:13:33,286 INFO o.a.j.r.d.HtmlTemplateExporter: Will generate dashboard in folder: C:\xampp\htdocs\PerformancePostgres\L0_iSource_50_RaceConditionAuction_2021-07-01_31
2021-07-01 17:13:33,491 INFO o.a.j.r.d.HtmlTemplateExporter: Report will be generated in: C:\xampp\htdocs\PerformancePostgres\L0_iSource_50_RaceConditionAuction_2021-07-01_31, creating folder structure
2021-07-01 17:13:33,494 INFO o.a.j.r.d.TemplateVisitor: Copying folder from 'D:\apache-jmeter-5.1\apache-jmeter-5.1\bin\report-template' to 'C:\xampp\htdocs\PerformancePostgres\L0_iSource_50_RaceConditionAuction_2021-07-01_31', got message:[C:\xampp\htdocs\PerformancePostgres\L0_iSource_50_RaceConditionAuction_2021-07-01_31\statistics.json], found non empty folder with following content {}, will be ignored
2021-07-01 17:13:34,195 INFO o.a.j.JMeter: Dashboard generated
