2021-06-30 16:33:04,424 INFO o.a.j.u.JMeterUtils: Setting Locale to en_EN
2021-06-30 16:33:04,434 INFO o.a.j.JMeter: Loading user properties from: user.properties
2021-06-30 16:33:04,435 INFO o.a.j.JMeter: Loading system properties from: system.properties
2021-06-30 16:33:04,435 INFO o.a.j.JMeter: Setting JMeter property: meter.reportgenerator.report_title=RaceConditionAuction
2021-06-30 16:33:04,435 INFO o.a.j.JMeter: Setting JMeter property: thread=10
2021-06-30 16:33:04,435 INFO o.a.j.JMeter: Setting JMeter property: rampup=0
2021-06-30 16:33:04,439 INFO o.a.j.JMeter: Copyright (c) 1998-2019 The Apache Software Foundation
2021-06-30 16:33:04,439 INFO o.a.j.JMeter: Version 5.1 r1853635
2021-06-30 16:33:04,439 INFO o.a.j.JMeter: java.version=1.8.0_121
2021-06-30 16:33:04,439 INFO o.a.j.JMeter: java.vm.name=Java HotSpot(TM) 64-Bit Server VM
2021-06-30 16:33:04,439 INFO o.a.j.JMeter: os.name=Windows 10
2021-06-30 16:33:04,439 INFO o.a.j.JMeter: os.arch=amd64
2021-06-30 16:33:04,439 INFO o.a.j.JMeter: os.version=10.0
2021-06-30 16:33:04,439 INFO o.a.j.JMeter: file.encoding=Cp1252
2021-06-30 16:33:04,439 INFO o.a.j.JMeter: java.awt.headless=true
2021-06-30 16:33:04,440 INFO o.a.j.JMeter: Max memory     =8589934592
2021-06-30 16:33:04,440 INFO o.a.j.JMeter: Available Processors =6
2021-06-30 16:33:04,442 INFO o.a.j.JMeter: Default Locale=English (EN)
2021-06-30 16:33:04,442 INFO o.a.j.JMeter: JMeter  Locale=English (EN)
2021-06-30 16:33:04,442 INFO o.a.j.JMeter: JMeterHome=D:\apache-jmeter-5.1\apache-jmeter-5.1
2021-06-30 16:33:04,443 INFO o.a.j.JMeter: user.dir  =D:\apache-jmeter-5.1\apache-jmeter-5.1\bin
2021-06-30 16:33:04,443 INFO o.a.j.JMeter: PWD       =D:\apache-jmeter-5.1\apache-jmeter-5.1\bin
2021-06-30 16:33:04,444 INFO o.a.j.JMeter: IP: 172.30.225.123 Name: ZIPLSY2278 FullName: ZIPLSY2278.zycus.net
2021-06-30 16:33:04,446 INFO o.a.j.JMeter: Setting property 'jmeter.reportgenerator.outputdir' to:'C:\xampp\htdocs\PerformancePostgres\L0_iSource_10_RaceConditionAuction_2021-06-30_14'
2021-06-30 16:33:04,447 INFO o.a.j.s.FileServer: Default base='D:\apache-jmeter-5.1\apache-jmeter-5.1\bin'
2021-06-30 16:33:04,450 INFO o.a.j.s.FileServer: Set new base='D:\PostrgresMigration\iSource'
2021-06-30 16:33:04,552 INFO o.a.j.s.SaveService: Testplan (JMX) version: 2.2. Testlog (JTL) version: 2.2
2021-06-30 16:33:04,561 INFO o.a.j.s.SaveService: Using SaveService properties file encoding UTF-8
2021-06-30 16:33:04,566 INFO o.a.j.s.SaveService: Using SaveService properties version 5.0
2021-06-30 16:33:04,570 INFO o.a.j.s.SaveService: Loading file: D:\PostrgresMigration\iSource\iSource_RaceConditionAuction.jmx
2021-06-30 16:33:04,607 INFO o.a.j.p.h.c.CookieManager: Settings: Delete null: true Check: true Allow variable: true Save: false Prefix: COOKIE_
2021-06-30 16:33:04,613 INFO o.a.j.p.h.c.CacheManager: Will only cache the following methods: [GET]
2021-06-30 16:33:04,621 INFO o.a.j.p.h.s.HTTPSamplerBase: Parser for text/html is org.apache.jmeter.protocol.http.parser.LagartoBasedHtmlParser
2021-06-30 16:33:04,621 INFO o.a.j.p.h.s.HTTPSamplerBase: Parser for application/xhtml+xml is org.apache.jmeter.protocol.http.parser.LagartoBasedHtmlParser
2021-06-30 16:33:04,621 INFO o.a.j.p.h.s.HTTPSamplerBase: Parser for application/xml is org.apache.jmeter.protocol.http.parser.LagartoBasedHtmlParser
2021-06-30 16:33:04,621 INFO o.a.j.p.h.s.HTTPSamplerBase: Parser for text/xml is org.apache.jmeter.protocol.http.parser.LagartoBasedHtmlParser
2021-06-30 16:33:04,621 INFO o.a.j.p.h.s.HTTPSamplerBase: Parser for text/vnd.wap.wml is org.apache.jmeter.protocol.http.parser.RegexpHTMLParser
2021-06-30 16:33:04,621 INFO o.a.j.p.h.s.HTTPSamplerBase: Parser for text/css is org.apache.jmeter.protocol.http.parser.CssParser
2021-06-30 16:33:04,870 INFO o.a.j.JMeter: Creating summariser <summary>
2021-06-30 16:33:04,874 INFO o.a.j.r.d.ReportGenerator: ReportGenerator will use for Parsing the separator: ','
2021-06-30 16:33:04,874 INFO o.a.j.r.d.ReportGenerator: Will generate report at end of test from  results file: D:\PostrgresMigration\iSource\JTL\L0_iSource_10_RaceConditionAuction_2021-06-30_14.jtl
2021-06-30 16:33:04,874 INFO o.a.j.r.d.ReportGenerator: Reading report generator properties from: D:\apache-jmeter-5.1\apache-jmeter-5.1\bin\reportgenerator.properties
2021-06-30 16:33:04,874 INFO o.a.j.r.d.ReportGenerator: Merging with JMeter properties
2021-06-30 16:33:04,880 INFO o.a.j.r.c.ReportGeneratorConfiguration: Property 'jmeter.reportgenerator.temp_dir' not found, using default value 'temp' instead.
2021-06-30 16:33:04,882 INFO o.a.j.r.c.ReportGeneratorConfiguration: Property 'jmeter.reportgenerator.apdex_per_transaction' not found, using default value 'null' instead.
2021-06-30 16:33:04,882 INFO o.a.j.r.c.ReportGeneratorConfiguration: apdex_per_transaction : {} is empty, not APDEX per transaction customization
2021-06-30 16:33:04,883 INFO o.a.j.r.c.ReportGeneratorConfiguration: Property 'jmeter.reportgenerator.sample_filter' not found, using default value 'null' instead.
2021-06-30 16:33:04,883 INFO o.a.j.r.c.ReportGeneratorConfiguration: Property 'jmeter.reportgenerator.report_title' not found, using default value 'null' instead.
2021-06-30 16:33:04,883 INFO o.a.j.r.c.ReportGeneratorConfiguration: Property 'jmeter.reportgenerator.start_date' not found, using default value 'null' instead.
2021-06-30 16:33:04,883 INFO o.a.j.r.c.ReportGeneratorConfiguration: Property 'jmeter.reportgenerator.end_date' not found, using default value 'null' instead.
2021-06-30 16:33:04,883 INFO o.a.j.r.c.ReportGeneratorConfiguration: Property 'jmeter.reportgenerator.date_format' not found, using default value 'null' instead.
2021-06-30 16:33:04,883 INFO o.a.j.r.c.ReportGeneratorConfiguration: Will use date range start date: null, end date: null
2021-06-30 16:33:04,886 INFO o.a.j.r.c.ReportGeneratorConfiguration: Property 'jmeter.reportgenerator.graph.totalTPS.exclude_controllers' not found, using default value 'false' instead.
2021-06-30 16:33:04,886 INFO o.a.j.r.c.ReportGeneratorConfiguration: Property 'jmeter.reportgenerator.graph.activeThreadsOverTime.exclude_controllers' not found, using default value 'false' instead.
2021-06-30 16:33:04,886 INFO o.a.j.r.c.ReportGeneratorConfiguration: Property 'jmeter.reportgenerator.graph.timeVsThreads.exclude_controllers' not found, using default value 'false' instead.
2021-06-30 16:33:04,886 INFO o.a.j.r.c.ReportGeneratorConfiguration: Property 'jmeter.reportgenerator.graph.responseTimeDistribution.exclude_controllers' not found, using default value 'false' instead.
2021-06-30 16:33:04,886 INFO o.a.j.r.c.ReportGeneratorConfiguration: Property 'jmeter.reportgenerator.graph.transactionsPerSecond.exclude_controllers' not found, using default value 'false' instead.
2021-06-30 16:33:04,887 INFO o.a.j.r.c.ReportGeneratorConfiguration: Property 'jmeter.reportgenerator.graph.responseTimePercentiles.exclude_controllers' not found, using default value 'false' instead.
2021-06-30 16:33:04,887 INFO o.a.j.r.c.ReportGeneratorConfiguration: Property 'jmeter.reportgenerator.graph.responseTimePercentilesOverTime.exclude_controllers' not found, using default value 'false' instead.
2021-06-30 16:33:04,887 INFO o.a.j.r.c.ReportGeneratorConfiguration: Property 'jmeter.reportgenerator.graph.responseTimesOverTime.exclude_controllers' not found, using default value 'false' instead.
2021-06-30 16:33:04,887 INFO o.a.j.r.c.ReportGeneratorConfiguration: Property 'jmeter.reportgenerator.graph.connectTimeOverTime.exclude_controllers' not found, using default value 'false' instead.
2021-06-30 16:33:04,887 INFO o.a.j.r.c.ReportGeneratorConfiguration: Property 'jmeter.reportgenerator.graph.latenciesOverTime.exclude_controllers' not found, using default value 'false' instead.
2021-06-30 16:33:04,888 INFO o.a.j.r.c.ReportGeneratorConfiguration: Property 'jmeter.reportgenerator.exporter.json.filters_only_sample_series' not found, using default value 'true' instead.
2021-06-30 16:33:04,888 INFO o.a.j.r.c.ReportGeneratorConfiguration: Property 'jmeter.reportgenerator.exporter.json.series_filter' not found, using default value '' instead.
2021-06-30 16:33:04,888 INFO o.a.j.r.c.ReportGeneratorConfiguration: Property 'jmeter.reportgenerator.exporter.json.show_controllers_only' not found, using default value 'false' instead.
2021-06-30 16:33:04,888 INFO o.a.j.r.c.ReportGeneratorConfiguration: Property 'jmeter.reportgenerator.exporter.html.filters_only_sample_series' not found, using default value 'true' instead.
2021-06-30 16:33:04,888 INFO o.a.j.r.c.ReportGeneratorConfiguration: Property 'jmeter.reportgenerator.exporter.html.series_filter' not found, using default value '' instead.
2021-06-30 16:33:04,888 INFO o.a.j.r.c.ReportGeneratorConfiguration: Property 'jmeter.reportgenerator.exporter.html.show_controllers_only' not found, using default value 'false' instead.
2021-06-30 16:33:04,892 INFO o.a.j.e.StandardJMeterEngine: Running the test!
2021-06-30 16:33:04,892 INFO o.a.j.s.SampleEvent: List of sample_variables: []
2021-06-30 16:33:04,893 INFO o.a.j.s.SampleEvent: List of sample_variables: []
2021-06-30 16:33:04,897 INFO o.a.j.e.u.CompoundVariable: Note: Function class names must contain the string: '.functions.'
2021-06-30 16:33:04,898 INFO o.a.j.e.u.CompoundVariable: Note: Function class names must not contain the string: '.gui.'
2021-06-30 16:33:05,394 INFO o.a.j.JMeter: Running test (1625050985394)
2021-06-30 16:33:05,455 INFO o.a.j.e.StandardJMeterEngine: Starting ThreadGroup: 1 : iSource_RaceConditionAuction
2021-06-30 16:33:05,456 INFO o.a.j.e.StandardJMeterEngine: Starting 10 threads for group iSource_RaceConditionAuction.
2021-06-30 16:33:05,456 INFO o.a.j.e.StandardJMeterEngine: Thread will stop on error
2021-06-30 16:33:05,456 INFO o.a.j.t.ThreadGroup: Starting thread group... number=1 threads=10 ramp-up=0 perThread=0.0 delayedStart=false
2021-06-30 16:33:05,484 INFO o.a.j.s.SampleResult: Note: Sample TimeStamps are START times
2021-06-30 16:33:05,485 INFO o.a.j.s.SampleResult: sampleresult.default.encoding is set to ISO-8859-1
2021-06-30 16:33:05,485 INFO o.a.j.s.SampleResult: sampleresult.useNanoTime=true
2021-06-30 16:33:05,485 INFO o.a.j.s.SampleResult: sampleresult.nanoThreadSleep=5000
2021-06-30 16:33:05,492 INFO o.a.j.t.JMeterThread: Thread started: iSource_RaceConditionAuction 1-1
2021-06-30 16:33:05,509 INFO o.a.j.p.h.s.HTTPHCAbstractImpl: Local host = ZIPLSY2278
2021-06-30 16:33:05,516 INFO o.a.j.p.h.s.HTTPHC4Impl: HTTP request retry count = 0
2021-06-30 16:33:05,517 INFO o.a.j.t.JMeterThread: Thread started: iSource_RaceConditionAuction 1-2
2021-06-30 16:33:05,557 INFO o.a.j.t.JMeterThread: Thread started: iSource_RaceConditionAuction 1-3
2021-06-30 16:33:05,587 INFO o.a.j.t.JMeterThread: Thread started: iSource_RaceConditionAuction 1-4
2021-06-30 16:33:05,590 INFO o.a.j.p.h.s.h.LazyLayeredConnectionSocketFactory: Setting up HTTPS TrustAll Socket Factory
2021-06-30 16:33:05,597 INFO o.a.j.u.JsseSSLManager: Using default SSL protocol: TLS
2021-06-30 16:33:05,597 INFO o.a.j.u.JsseSSLManager: SSL session context: per-thread
2021-06-30 16:33:05,610 INFO o.a.j.t.JMeterThread: Thread started: iSource_RaceConditionAuction 1-5
2021-06-30 16:33:05,626 INFO o.a.j.t.JMeterThread: Thread started: iSource_RaceConditionAuction 1-6
2021-06-30 16:33:05,644 INFO o.a.j.t.JMeterThread: Thread started: iSource_RaceConditionAuction 1-7
2021-06-30 16:33:05,662 INFO o.a.j.t.JMeterThread: Thread started: iSource_RaceConditionAuction 1-8
2021-06-30 16:33:05,681 INFO o.a.j.t.JMeterThread: Thread started: iSource_RaceConditionAuction 1-9
2021-06-30 16:33:05,697 INFO o.a.j.t.ThreadGroup: Started thread group number 1
2021-06-30 16:33:05,697 INFO o.a.j.e.StandardJMeterEngine: All thread groups have been started
2021-06-30 16:33:05,701 INFO o.a.j.t.JMeterThread: Thread started: iSource_RaceConditionAuction 1-10
2021-06-30 16:33:06,147 INFO o.a.j.u.SSLManager: JmeterKeyStore Location:  type JKS
2021-06-30 16:33:06,149 INFO o.a.j.u.SSLManager: KeyStore created OK
2021-06-30 16:33:06,149 WARN o.a.j.u.SSLManager: Keystore file not found, loading empty keystore
2021-06-30 16:33:30,011 INFO o.a.j.r.Summariser: summary +    373 in 00:00:25 =   15.2/s Avg:   318 Min:    39 Max:  1565 Err:     0 (0.00%) Active: 10 Started: 10 Finished: 0
2021-06-30 16:34:00,648 INFO o.a.j.r.Summariser: summary +    263 in 00:00:31 =    8.6/s Avg:   572 Min:    97 Max:  2531 Err:     0 (0.00%) Active: 10 Started: 10 Finished: 0
2021-06-30 16:34:00,649 INFO o.a.j.r.Summariser: summary =    636 in 00:00:55 =   11.5/s Avg:   423 Min:    39 Max:  2531 Err:     0 (0.00%)
2021-06-30 16:34:30,059 INFO o.a.j.r.Summariser: summary +    302 in 00:00:29 =   10.3/s Avg:   865 Min:    99 Max:  4640 Err:     0 (0.00%) Active: 10 Started: 10 Finished: 0
2021-06-30 16:34:30,059 INFO o.a.j.r.Summariser: summary =    938 in 00:01:25 =   11.1/s Avg:   565 Min:    39 Max:  4640 Err:     0 (0.00%)
2021-06-30 16:35:00,348 INFO o.a.j.r.Summariser: summary +    196 in 00:00:30 =    6.5/s Avg:  1106 Min:    53 Max:  3899 Err:     0 (0.00%) Active: 10 Started: 10 Finished: 0
2021-06-30 16:35:00,348 INFO o.a.j.r.Summariser: summary =   1134 in 00:01:55 =    9.9/s Avg:   659 Min:    39 Max:  4640 Err:     0 (0.00%)
2021-06-30 16:35:15,378 INFO o.a.j.t.JMeterThread: Thread is done: iSource_RaceConditionAuction 1-5
2021-06-30 16:35:15,378 INFO o.a.j.t.JMeterThread: Thread finished: iSource_RaceConditionAuction 1-5
2021-06-30 16:35:15,745 INFO o.a.j.t.JMeterThread: Thread is done: iSource_RaceConditionAuction 1-3
2021-06-30 16:35:15,745 INFO o.a.j.t.JMeterThread: Thread finished: iSource_RaceConditionAuction 1-3
2021-06-30 16:35:29,214 INFO o.a.j.t.JMeterThread: Thread is done: iSource_RaceConditionAuction 1-10
2021-06-30 16:35:29,214 INFO o.a.j.t.JMeterThread: Thread finished: iSource_RaceConditionAuction 1-10
2021-06-30 16:35:30,278 INFO o.a.j.r.Summariser: summary +    178 in 00:00:30 =    5.9/s Avg:  1461 Min:   128 Max:  3922 Err:     0 (0.00%) Active: 7 Started: 10 Finished: 3
2021-06-30 16:35:30,278 INFO o.a.j.r.Summariser: summary =   1312 in 00:02:25 =    9.1/s Avg:   768 Min:    39 Max:  4640 Err:     0 (0.00%)
2021-06-30 16:35:30,640 INFO o.a.j.t.JMeterThread: Thread is done: iSource_RaceConditionAuction 1-2
2021-06-30 16:35:30,640 INFO o.a.j.t.JMeterThread: Thread finished: iSource_RaceConditionAuction 1-2
2021-06-30 16:35:31,366 INFO o.a.j.t.JMeterThread: Thread is done: iSource_RaceConditionAuction 1-1
2021-06-30 16:35:31,366 INFO o.a.j.t.JMeterThread: Thread finished: iSource_RaceConditionAuction 1-1
2021-06-30 16:35:32,402 INFO o.a.j.t.JMeterThread: Thread is done: iSource_RaceConditionAuction 1-8
2021-06-30 16:35:32,402 INFO o.a.j.t.JMeterThread: Thread is done: iSource_RaceConditionAuction 1-7
2021-06-30 16:35:32,402 INFO o.a.j.t.JMeterThread: Thread finished: iSource_RaceConditionAuction 1-8
2021-06-30 16:35:32,402 INFO o.a.j.t.JMeterThread: Thread finished: iSource_RaceConditionAuction 1-7
2021-06-30 16:35:32,601 INFO o.a.j.t.JMeterThread: Thread is done: iSource_RaceConditionAuction 1-9
2021-06-30 16:35:32,601 INFO o.a.j.t.JMeterThread: Thread finished: iSource_RaceConditionAuction 1-9
2021-06-30 16:35:32,940 INFO o.a.j.t.JMeterThread: Thread is done: iSource_RaceConditionAuction 1-6
2021-06-30 16:35:32,940 INFO o.a.j.t.JMeterThread: Thread finished: iSource_RaceConditionAuction 1-6
2021-06-30 16:35:33,790 INFO o.a.j.t.JMeterThread: Thread is done: iSource_RaceConditionAuction 1-4
2021-06-30 16:35:33,790 INFO o.a.j.t.JMeterThread: Thread finished: iSource_RaceConditionAuction 1-4
2021-06-30 16:35:33,790 INFO o.a.j.e.StandardJMeterEngine: Notifying test listeners of end of test
2021-06-30 16:35:33,791 INFO o.a.j.r.Summariser: summary +      8 in 00:00:04 =    2.3/s Avg:   292 Min:   148 Max:   366 Err:     0 (0.00%) Active: 0 Started: 10 Finished: 10
2021-06-30 16:35:33,791 INFO o.a.j.r.Summariser: summary =   1320 in 00:02:28 =    8.9/s Avg:   765 Min:    39 Max:  4640 Err:     0 (0.00%)
2021-06-30 16:35:33,792 INFO o.a.j.JMeter: Generating Dashboard
2021-06-30 16:35:33,792 INFO o.a.j.r.d.ReportGenerator: Flushing result collector before report Generation
2021-06-30 16:35:33,803 INFO o.a.j.r.p.NormalizerSampleConsumer: Using format, 'ms', to parse timeStamp field
2021-06-30 16:35:33,918 INFO o.a.j.r.p.AbstractSampleConsumer: class org.apache.jmeter.report.processor.AggregateConsumer#stopProducing(): beginDate produced 0 samples
2021-06-30 16:35:33,918 INFO o.a.j.r.p.AbstractSampleConsumer: class org.apache.jmeter.report.processor.AggregateConsumer#stopProducing(): endDate produced 0 samples
2021-06-30 16:35:33,920 INFO o.a.j.r.p.AbstractSampleConsumer: class org.apache.jmeter.report.processor.ApdexSummaryConsumer#stopProducing(): apdexSummary produced 0 samples
2021-06-30 16:35:33,920 INFO o.a.j.r.p.AbstractSampleConsumer: class org.apache.jmeter.report.processor.RequestsSummaryConsumer#stopProducing(): requestsSummary produced 0 samples
2021-06-30 16:35:33,927 INFO o.a.j.r.p.AbstractSampleConsumer: class org.apache.jmeter.report.processor.StatisticsSummaryConsumer#stopProducing(): statisticsSummary produced 0 samples
2021-06-30 16:35:33,931 INFO o.a.j.r.p.AbstractSampleConsumer: class org.apache.jmeter.report.processor.Top5ErrorsBySamplerConsumer#stopProducing(): top5ErrorsBySampler produced 0 samples
2021-06-30 16:35:33,931 INFO o.a.j.r.p.AbstractSampleConsumer: class org.apache.jmeter.report.processor.ErrorsSummaryConsumer#stopProducing(): errorsSummary produced 0 samples
2021-06-30 16:35:33,932 INFO o.a.j.r.p.AbstractSampleConsumer: class org.apache.jmeter.report.processor.graph.impl.HitsPerSecondGraphConsumer#stopProducing(): hitsPerSecond produced 0 samples
2021-06-30 16:35:33,950 INFO o.a.j.r.p.AbstractSampleConsumer: class org.apache.jmeter.report.processor.graph.impl.LatencyVSRequestGraphConsumer#stopProducing(): latencyVsRequest produced 0 samples
2021-06-30 16:35:33,951 INFO o.a.j.r.p.AbstractSampleConsumer: class org.apache.jmeter.report.processor.graph.impl.SyntheticResponseTimeDistributionGraphConsumer#stopProducing(): syntheticResponseTimeDistribution produced 0 samples
2021-06-30 16:35:33,951 INFO o.a.j.r.p.AbstractSampleConsumer: class org.apache.jmeter.report.processor.graph.impl.BytesThroughputGraphConsumer#stopProducing(): bytesThroughputOverTime produced 0 samples
2021-06-30 16:35:33,951 INFO o.a.j.r.p.AbstractSampleConsumer: class org.apache.jmeter.report.processor.graph.impl.CodesPerSecondGraphConsumer#stopProducing(): codesPerSecond produced 0 samples
2021-06-30 16:35:33,962 INFO o.a.j.r.p.AbstractSampleConsumer: class org.apache.jmeter.report.processor.graph.impl.ResponseTimeVSRequestGraphConsumer#stopProducing(): responseTimeVsRequest produced 0 samples
2021-06-30 16:35:33,963 INFO o.a.j.r.p.AbstractSampleConsumer: class org.apache.jmeter.report.processor.FilterConsumer#stopProducing(): startIntervalControlerFilter produced 9240 samples
2021-06-30 16:35:33,963 INFO o.a.j.r.p.AbstractSampleConsumer: class org.apache.jmeter.report.processor.graph.impl.TotalTPSGraphConsumer#stopProducing(): totalTPS produced 0 samples
2021-06-30 16:35:33,963 INFO o.a.j.r.p.AbstractSampleConsumer: class org.apache.jmeter.report.processor.graph.impl.ActiveThreadsGraphConsumer#stopProducing(): activeThreadsOverTime produced 0 samples
2021-06-30 16:35:33,963 INFO o.a.j.r.p.AbstractSampleConsumer: class org.apache.jmeter.report.processor.graph.impl.TimeVSThreadGraphConsumer#stopProducing(): timeVsThreads produced 0 samples
2021-06-30 16:35:33,969 INFO o.a.j.r.p.AbstractSampleConsumer: class org.apache.jmeter.report.processor.graph.impl.ResponseTimeDistributionGraphConsumer#stopProducing(): responseTimeDistribution produced 0 samples
2021-06-30 16:35:33,970 INFO o.a.j.r.p.AbstractSampleConsumer: class org.apache.jmeter.report.processor.graph.impl.TransactionsPerSecondGraphConsumer#stopProducing(): transactionsPerSecond produced 0 samples
2021-06-30 16:35:33,970 INFO o.a.j.r.p.AbstractSampleConsumer: class org.apache.jmeter.report.processor.graph.impl.ResponseTimePercentilesGraphConsumer#stopProducing(): responseTimePercentiles produced 0 samples
2021-06-30 16:35:33,979 INFO o.a.j.r.p.AbstractSampleConsumer: class org.apache.jmeter.report.processor.graph.impl.ResponseTimePercentilesOverTimeGraphConsumer#stopProducing(): responseTimePercentilesOverTime produced 0 samples
2021-06-30 16:35:33,980 INFO o.a.j.r.p.AbstractSampleConsumer: class org.apache.jmeter.report.processor.graph.impl.ResponseTimeOverTimeGraphConsumer#stopProducing(): responseTimesOverTime produced 0 samples
2021-06-30 16:35:33,980 INFO o.a.j.r.p.AbstractSampleConsumer: class org.apache.jmeter.report.processor.graph.impl.ConnectTimeOverTimeGraphConsumer#stopProducing(): connectTimeOverTime produced 0 samples
2021-06-30 16:35:33,981 INFO o.a.j.r.p.AbstractSampleConsumer: class org.apache.jmeter.report.processor.graph.impl.LatencyOverTimeGraphConsumer#stopProducing(): latenciesOverTime produced 0 samples
2021-06-30 16:35:33,981 INFO o.a.j.r.p.AbstractSampleConsumer: class org.apache.jmeter.report.processor.FilterConsumer#stopProducing(): nameFilter produced 22500 samples
2021-06-30 16:35:33,981 INFO o.a.j.r.p.AbstractSampleConsumer: class org.apache.jmeter.report.processor.FilterConsumer#stopProducing(): dateRangeFilter produced 4500 samples
2021-06-30 16:35:33,981 INFO o.a.j.r.p.AbstractSampleConsumer: class org.apache.jmeter.report.processor.NormalizerSampleConsumer#stopProducing(): normalizer produced 1500 samples
2021-06-30 16:35:33,982 INFO o.a.j.r.p.CsvFileSampleSource: produce(): 1500 samples produced in 160ms on channel 0
2021-06-30 16:35:33,982 INFO o.a.j.r.d.ReportGenerator: Exporting data using exporter:'json' of className:'org.apache.jmeter.report.dashboard.JsonExporter'
2021-06-30 16:35:33,983 INFO o.a.j.r.d.JsonExporter: Found data for consumer statisticsSummary in context
2021-06-30 16:35:33,983 INFO o.a.j.r.d.JsonExporter: Creating statistics for overall
2021-06-30 16:35:33,983 INFO o.a.j.r.d.JsonExporter: Creating statistics for other transactions
2021-06-30 16:35:33,984 INFO o.a.j.r.d.JsonExporter: Checking output folder
2021-06-30 16:35:33,985 INFO o.a.j.r.d.JsonExporter: Writing statistics JSON to C:\xampp\htdocs\PerformancePostgres\L0_iSource_10_RaceConditionAuction_2021-06-30_14\statistics.json
2021-06-30 16:35:34,111 INFO o.a.j.r.d.ReportGenerator: Exporting data using exporter:'html' of className:'org.apache.jmeter.report.dashboard.HtmlTemplateExporter'
2021-06-30 16:35:34,113 INFO o.a.j.r.d.HtmlTemplateExporter: Will generate dashboard in folder: C:\xampp\htdocs\PerformancePostgres\L0_iSource_10_RaceConditionAuction_2021-06-30_14
2021-06-30 16:35:34,306 INFO o.a.j.r.d.HtmlTemplateExporter: Report will be generated in: C:\xampp\htdocs\PerformancePostgres\L0_iSource_10_RaceConditionAuction_2021-06-30_14, creating folder structure
2021-06-30 16:35:34,309 INFO o.a.j.r.d.TemplateVisitor: Copying folder from 'D:\apache-jmeter-5.1\apache-jmeter-5.1\bin\report-template' to 'C:\xampp\htdocs\PerformancePostgres\L0_iSource_10_RaceConditionAuction_2021-06-30_14', got message:[C:\xampp\htdocs\PerformancePostgres\L0_iSource_10_RaceConditionAuction_2021-06-30_14\statistics.json], found non empty folder with following content {}, will be ignored
2021-06-30 16:35:35,033 INFO o.a.j.JMeter: Dashboard generated
