2021-05-19 14:02:21,349 INFO o.a.j.u.JMeterUtils: Setting Locale to en_EN
2021-05-19 14:02:21,359 INFO o.a.j.JMeter: Loading user properties from: user.properties
2021-05-19 14:02:21,360 INFO o.a.j.JMeter: Loading system properties from: system.properties
2021-05-19 14:02:21,360 INFO o.a.j.JMeter: Setting JMeter property: meter.reportgenerator.report_title=AuctionPublishEvent
2021-05-19 14:02:21,360 INFO o.a.j.JMeter: Setting JMeter property: thread=10
2021-05-19 14:02:21,360 INFO o.a.j.JMeter: Setting JMeter property: rampup=50
2021-05-19 14:02:21,364 INFO o.a.j.JMeter: Copyright (c) 1998-2019 The Apache Software Foundation
2021-05-19 14:02:21,364 INFO o.a.j.JMeter: Version 5.1 r1853635
2021-05-19 14:02:21,365 INFO o.a.j.JMeter: java.version=1.8.0_121
2021-05-19 14:02:21,365 INFO o.a.j.JMeter: java.vm.name=Java HotSpot(TM) 64-Bit Server VM
2021-05-19 14:02:21,365 INFO o.a.j.JMeter: os.name=Windows 10
2021-05-19 14:02:21,365 INFO o.a.j.JMeter: os.arch=amd64
2021-05-19 14:02:21,365 INFO o.a.j.JMeter: os.version=10.0
2021-05-19 14:02:21,365 INFO o.a.j.JMeter: file.encoding=Cp1252
2021-05-19 14:02:21,365 INFO o.a.j.JMeter: java.awt.headless=true
2021-05-19 14:02:21,365 INFO o.a.j.JMeter: Max memory     =8589934592
2021-05-19 14:02:21,365 INFO o.a.j.JMeter: Available Processors =6
2021-05-19 14:02:21,367 INFO o.a.j.JMeter: Default Locale=English (EN)
2021-05-19 14:02:21,368 INFO o.a.j.JMeter: JMeter  Locale=English (EN)
2021-05-19 14:02:21,368 INFO o.a.j.JMeter: JMeterHome=D:\apache-jmeter-5.1\apache-jmeter-5.1
2021-05-19 14:02:21,368 INFO o.a.j.JMeter: user.dir  =D:\apache-jmeter-5.1\apache-jmeter-5.1\bin
2021-05-19 14:02:21,368 INFO o.a.j.JMeter: PWD       =D:\apache-jmeter-5.1\apache-jmeter-5.1\bin
2021-05-19 14:02:21,370 INFO o.a.j.JMeter: IP: 172.30.225.123 Name: ZIPLSY2278 FullName: ZIPLSY2278.zycus.net
2021-05-19 14:02:21,371 INFO o.a.j.JMeter: Setting property 'jmeter.reportgenerator.outputdir' to:'C:\xampp\htdocs\PerformancePostgres\L0_iSource_10_AuctionPublishEvent_2021-05-19_2'
2021-05-19 14:02:21,373 INFO o.a.j.s.FileServer: Default base='D:\apache-jmeter-5.1\apache-jmeter-5.1\bin'
2021-05-19 14:02:21,375 INFO o.a.j.s.FileServer: Set new base='D:\PostrgresMigration\iSource'
2021-05-19 14:02:21,470 INFO o.a.j.s.SaveService: Testplan (JMX) version: 2.2. Testlog (JTL) version: 2.2
2021-05-19 14:02:21,479 INFO o.a.j.s.SaveService: Using SaveService properties file encoding UTF-8
2021-05-19 14:02:21,484 INFO o.a.j.s.SaveService: Using SaveService properties version 5.0
2021-05-19 14:02:21,488 INFO o.a.j.s.SaveService: Loading file: D:\PostrgresMigration\iSource\L1_iSource_AuctionPublishEvent.jmx
2021-05-19 14:02:21,530 INFO o.a.j.p.h.c.CookieManager: Settings: Delete null: true Check: true Allow variable: true Save: false Prefix: COOKIE_
2021-05-19 14:02:21,537 INFO o.a.j.p.h.c.CacheManager: Will only cache the following methods: [GET]
2021-05-19 14:02:21,545 INFO o.a.j.p.h.s.HTTPSamplerBase: Parser for text/html is org.apache.jmeter.protocol.http.parser.LagartoBasedHtmlParser
2021-05-19 14:02:21,545 INFO o.a.j.p.h.s.HTTPSamplerBase: Parser for application/xhtml+xml is org.apache.jmeter.protocol.http.parser.LagartoBasedHtmlParser
2021-05-19 14:02:21,545 INFO o.a.j.p.h.s.HTTPSamplerBase: Parser for application/xml is org.apache.jmeter.protocol.http.parser.LagartoBasedHtmlParser
2021-05-19 14:02:21,545 INFO o.a.j.p.h.s.HTTPSamplerBase: Parser for text/xml is org.apache.jmeter.protocol.http.parser.LagartoBasedHtmlParser
2021-05-19 14:02:21,545 INFO o.a.j.p.h.s.HTTPSamplerBase: Parser for text/vnd.wap.wml is org.apache.jmeter.protocol.http.parser.RegexpHTMLParser
2021-05-19 14:02:21,546 INFO o.a.j.p.h.s.HTTPSamplerBase: Parser for text/css is org.apache.jmeter.protocol.http.parser.CssParser
2021-05-19 14:02:21,887 INFO o.a.j.JMeter: Creating summariser <summary>
2021-05-19 14:02:21,891 INFO o.a.j.r.d.ReportGenerator: ReportGenerator will use for Parsing the separator: ','
2021-05-19 14:02:21,891 INFO o.a.j.r.d.ReportGenerator: Will generate report at end of test from  results file: D:\PostrgresMigration\iSource\JTL\L0_iSource_10_AuctionPublishEvent_2021-05-19_2.jtl
2021-05-19 14:02:21,891 INFO o.a.j.r.d.ReportGenerator: Reading report generator properties from: D:\apache-jmeter-5.1\apache-jmeter-5.1\bin\reportgenerator.properties
2021-05-19 14:02:21,892 INFO o.a.j.r.d.ReportGenerator: Merging with JMeter properties
2021-05-19 14:02:21,897 INFO o.a.j.r.c.ReportGeneratorConfiguration: Property 'jmeter.reportgenerator.temp_dir' not found, using default value 'temp' instead.
2021-05-19 14:02:21,899 INFO o.a.j.r.c.ReportGeneratorConfiguration: Property 'jmeter.reportgenerator.apdex_per_transaction' not found, using default value 'null' instead.
2021-05-19 14:02:21,899 INFO o.a.j.r.c.ReportGeneratorConfiguration: apdex_per_transaction : {} is empty, not APDEX per transaction customization
2021-05-19 14:02:21,899 INFO o.a.j.r.c.ReportGeneratorConfiguration: Property 'jmeter.reportgenerator.sample_filter' not found, using default value 'null' instead.
2021-05-19 14:02:21,899 INFO o.a.j.r.c.ReportGeneratorConfiguration: Property 'jmeter.reportgenerator.report_title' not found, using default value 'null' instead.
2021-05-19 14:02:21,899 INFO o.a.j.r.c.ReportGeneratorConfiguration: Property 'jmeter.reportgenerator.start_date' not found, using default value 'null' instead.
2021-05-19 14:02:21,899 INFO o.a.j.r.c.ReportGeneratorConfiguration: Property 'jmeter.reportgenerator.end_date' not found, using default value 'null' instead.
2021-05-19 14:02:21,899 INFO o.a.j.r.c.ReportGeneratorConfiguration: Property 'jmeter.reportgenerator.date_format' not found, using default value 'null' instead.
2021-05-19 14:02:21,900 INFO o.a.j.r.c.ReportGeneratorConfiguration: Will use date range start date: null, end date: null
2021-05-19 14:02:21,906 INFO o.a.j.r.c.ReportGeneratorConfiguration: Property 'jmeter.reportgenerator.graph.totalTPS.exclude_controllers' not found, using default value 'false' instead.
2021-05-19 14:02:21,906 INFO o.a.j.r.c.ReportGeneratorConfiguration: Property 'jmeter.reportgenerator.graph.activeThreadsOverTime.exclude_controllers' not found, using default value 'false' instead.
2021-05-19 14:02:21,906 INFO o.a.j.r.c.ReportGeneratorConfiguration: Property 'jmeter.reportgenerator.graph.timeVsThreads.exclude_controllers' not found, using default value 'false' instead.
2021-05-19 14:02:21,906 INFO o.a.j.r.c.ReportGeneratorConfiguration: Property 'jmeter.reportgenerator.graph.responseTimeDistribution.exclude_controllers' not found, using default value 'false' instead.
2021-05-19 14:02:21,906 INFO o.a.j.r.c.ReportGeneratorConfiguration: Property 'jmeter.reportgenerator.graph.transactionsPerSecond.exclude_controllers' not found, using default value 'false' instead.
2021-05-19 14:02:21,906 INFO o.a.j.r.c.ReportGeneratorConfiguration: Property 'jmeter.reportgenerator.graph.responseTimePercentiles.exclude_controllers' not found, using default value 'false' instead.
2021-05-19 14:02:21,906 INFO o.a.j.r.c.ReportGeneratorConfiguration: Property 'jmeter.reportgenerator.graph.responseTimePercentilesOverTime.exclude_controllers' not found, using default value 'false' instead.
2021-05-19 14:02:21,906 INFO o.a.j.r.c.ReportGeneratorConfiguration: Property 'jmeter.reportgenerator.graph.responseTimesOverTime.exclude_controllers' not found, using default value 'false' instead.
2021-05-19 14:02:21,907 INFO o.a.j.r.c.ReportGeneratorConfiguration: Property 'jmeter.reportgenerator.graph.connectTimeOverTime.exclude_controllers' not found, using default value 'false' instead.
2021-05-19 14:02:21,907 INFO o.a.j.r.c.ReportGeneratorConfiguration: Property 'jmeter.reportgenerator.graph.latenciesOverTime.exclude_controllers' not found, using default value 'false' instead.
2021-05-19 14:02:21,908 INFO o.a.j.r.c.ReportGeneratorConfiguration: Property 'jmeter.reportgenerator.exporter.json.filters_only_sample_series' not found, using default value 'true' instead.
2021-05-19 14:02:21,908 INFO o.a.j.r.c.ReportGeneratorConfiguration: Property 'jmeter.reportgenerator.exporter.json.series_filter' not found, using default value '' instead.
2021-05-19 14:02:21,908 INFO o.a.j.r.c.ReportGeneratorConfiguration: Property 'jmeter.reportgenerator.exporter.json.show_controllers_only' not found, using default value 'false' instead.
2021-05-19 14:02:21,908 INFO o.a.j.r.c.ReportGeneratorConfiguration: Property 'jmeter.reportgenerator.exporter.html.filters_only_sample_series' not found, using default value 'true' instead.
2021-05-19 14:02:21,908 INFO o.a.j.r.c.ReportGeneratorConfiguration: Property 'jmeter.reportgenerator.exporter.html.series_filter' not found, using default value '' instead.
2021-05-19 14:02:21,908 INFO o.a.j.r.c.ReportGeneratorConfiguration: Property 'jmeter.reportgenerator.exporter.html.show_controllers_only' not found, using default value 'false' instead.
2021-05-19 14:02:21,912 INFO o.a.j.e.StandardJMeterEngine: Running the test!
2021-05-19 14:02:21,912 INFO o.a.j.s.SampleEvent: List of sample_variables: []
2021-05-19 14:02:21,912 INFO o.a.j.s.SampleEvent: List of sample_variables: []
2021-05-19 14:02:21,918 INFO o.a.j.e.u.CompoundVariable: Note: Function class names must contain the string: '.functions.'
2021-05-19 14:02:21,918 INFO o.a.j.e.u.CompoundVariable: Note: Function class names must not contain the string: '.gui.'
2021-05-19 14:02:22,275 INFO o.a.j.JMeter: Running test (1621413142275)
2021-05-19 14:02:22,350 INFO o.a.j.e.StandardJMeterEngine: Starting ThreadGroup: 1 : L1-iSource-AuctionPublishEvent-Job
2021-05-19 14:02:22,350 INFO o.a.j.e.StandardJMeterEngine: Starting 10 threads for group L1-iSource-AuctionPublishEvent-Job.
2021-05-19 14:02:22,350 INFO o.a.j.e.StandardJMeterEngine: Thread will stop on error
2021-05-19 14:02:22,350 INFO o.a.j.t.ThreadGroup: Starting thread group... number=1 threads=10 ramp-up=50 perThread=5000.0 delayedStart=false
2021-05-19 14:02:22,397 INFO o.a.j.s.SampleResult: Note: Sample TimeStamps are START times
2021-05-19 14:02:22,397 INFO o.a.j.s.SampleResult: sampleresult.default.encoding is set to ISO-8859-1
2021-05-19 14:02:22,398 INFO o.a.j.s.SampleResult: sampleresult.useNanoTime=true
2021-05-19 14:02:22,398 INFO o.a.j.s.SampleResult: sampleresult.nanoThreadSleep=5000
2021-05-19 14:02:22,416 INFO o.a.j.t.JMeterThread: Thread started: L1-iSource-AuctionPublishEvent-Job 1-1
2021-05-19 14:02:22,419 INFO o.a.j.c.LoopController: iterationStart called on 5.6# Questions_Text with source org.apache.jmeter.control.LoopController@56b23fd4 and iteration 1
2021-05-19 14:02:22,420 INFO o.a.j.s.FileServer: Stored: D:\apache-jmeter-5.1\apache-jmeter-5.1\bin\excel\isource\RM_ZCS_Users.csv
2021-05-19 14:02:22,448 INFO o.a.j.p.h.s.HTTPHCAbstractImpl: Local host = ZIPLSY2278
2021-05-19 14:02:22,458 INFO o.a.j.p.h.s.HTTPHC4Impl: HTTP request retry count = 0
2021-05-19 14:02:22,576 INFO o.a.j.p.h.s.h.LazyLayeredConnectionSocketFactory: Setting up HTTPS TrustAll Socket Factory
2021-05-19 14:02:22,585 INFO o.a.j.u.JsseSSLManager: Using default SSL protocol: TLS
2021-05-19 14:02:22,585 INFO o.a.j.u.JsseSSLManager: SSL session context: per-thread
2021-05-19 14:02:22,719 INFO o.a.j.t.ThreadGroup: Started thread group number 1
2021-05-19 14:02:22,720 INFO o.a.j.e.StandardJMeterEngine: All thread groups have been started
2021-05-19 14:02:23,106 INFO o.a.j.u.SSLManager: JmeterKeyStore Location:  type JKS
2021-05-19 14:02:23,108 INFO o.a.j.u.SSLManager: KeyStore created OK
2021-05-19 14:02:23,108 WARN o.a.j.u.SSLManager: Keystore file not found, loading empty keystore
2021-05-19 14:02:27,468 INFO o.a.j.t.JMeterThread: Thread started: L1-iSource-AuctionPublishEvent-Job 1-2
2021-05-19 14:02:27,469 INFO o.a.j.c.LoopController: iterationStart called on 5.6# Questions_Text with source org.apache.jmeter.control.LoopController@14e34ad3 and iteration 1
2021-05-19 14:02:30,221 INFO o.a.j.r.Summariser: summary +      5 in 00:00:08 =    0.6/s Avg:   348 Min:    33 Max:  1095 Err:     0 (0.00%) Active: 2 Started: 2 Finished: 0
2021-05-19 14:02:32,530 INFO o.a.j.t.JMeterThread: Thread started: L1-iSource-AuctionPublishEvent-Job 1-3
2021-05-19 14:02:32,532 INFO o.a.j.c.LoopController: iterationStart called on 5.6# Questions_Text with source org.apache.jmeter.control.LoopController@3131594e and iteration 1
2021-05-19 14:02:37,576 INFO o.a.j.t.JMeterThread: Thread started: L1-iSource-AuctionPublishEvent-Job 1-4
2021-05-19 14:02:37,577 INFO o.a.j.c.LoopController: iterationStart called on 5.6# Questions_Text with source org.apache.jmeter.control.LoopController@50878746 and iteration 1
2021-05-19 14:02:42,608 INFO o.a.j.t.JMeterThread: Thread started: L1-iSource-AuctionPublishEvent-Job 1-5
2021-05-19 14:02:42,609 INFO o.a.j.c.LoopController: iterationStart called on 5.6# Questions_Text with source org.apache.jmeter.control.LoopController@68f99a24 and iteration 1
2021-05-19 14:02:47,632 INFO o.a.j.t.JMeterThread: Thread started: L1-iSource-AuctionPublishEvent-Job 1-6
2021-05-19 14:02:47,632 INFO o.a.j.c.LoopController: iterationStart called on 5.6# Questions_Text with source org.apache.jmeter.control.LoopController@46c36492 and iteration 1
2021-05-19 14:02:52,655 INFO o.a.j.t.JMeterThread: Thread started: L1-iSource-AuctionPublishEvent-Job 1-7
2021-05-19 14:02:52,657 INFO o.a.j.c.LoopController: iterationStart called on 5.6# Questions_Text with source org.apache.jmeter.control.LoopController@f8aaea and iteration 1
2021-05-19 14:02:57,685 INFO o.a.j.t.JMeterThread: Thread started: L1-iSource-AuctionPublishEvent-Job 1-8
2021-05-19 14:02:57,686 INFO o.a.j.c.LoopController: iterationStart called on 5.6# Questions_Text with source org.apache.jmeter.control.LoopController@74347d93 and iteration 1
2021-05-19 14:03:00,055 INFO o.a.j.r.Summariser: summary +     88 in 00:00:30 =    2.9/s Avg:   151 Min:    29 Max:   585 Err:     0 (0.00%) Active: 8 Started: 8 Finished: 0
2021-05-19 14:03:00,055 INFO o.a.j.r.Summariser: summary =     93 in 00:00:38 =    2.5/s Avg:   161 Min:    29 Max:  1095 Err:     0 (0.00%)
2021-05-19 14:03:02,701 INFO o.a.j.t.JMeterThread: Thread started: L1-iSource-AuctionPublishEvent-Job 1-9
2021-05-19 14:03:02,702 INFO o.a.j.c.LoopController: iterationStart called on 5.6# Questions_Text with source org.apache.jmeter.control.LoopController@766a020d and iteration 1
2021-05-19 14:03:07,724 INFO o.a.j.t.JMeterThread: Thread started: L1-iSource-AuctionPublishEvent-Job 1-10
2021-05-19 14:03:07,727 INFO o.a.j.c.LoopController: iterationStart called on 5.6# Questions_Text with source org.apache.jmeter.control.LoopController@116188b8 and iteration 1
2021-05-19 14:03:31,693 INFO o.a.j.r.Summariser: summary +    104 in 00:00:32 =    3.3/s Avg:  2223 Min:    33 Max: 30162 Err:     0 (0.00%) Active: 10 Started: 10 Finished: 0
2021-05-19 14:03:31,694 INFO o.a.j.r.Summariser: summary =    197 in 00:01:09 =    2.8/s Avg:  1250 Min:    29 Max: 30162 Err:     0 (0.00%)
2021-05-19 14:04:00,637 INFO o.a.j.r.Summariser: summary +     72 in 00:00:29 =    2.5/s Avg:  3854 Min:    48 Max: 30587 Err:     0 (0.00%) Active: 10 Started: 10 Finished: 0
2021-05-19 14:04:00,638 INFO o.a.j.r.Summariser: summary =    269 in 00:01:38 =    2.7/s Avg:  1947 Min:    29 Max: 30587 Err:     0 (0.00%)
2021-05-19 14:04:30,119 INFO o.a.j.r.Summariser: summary +     85 in 00:00:29 =    2.9/s Avg:  3035 Min:   153 Max: 30145 Err:     0 (0.00%) Active: 10 Started: 10 Finished: 0
2021-05-19 14:04:30,120 INFO o.a.j.r.Summariser: summary =    354 in 00:02:08 =    2.8/s Avg:  2208 Min:    29 Max: 30587 Err:     0 (0.00%)
2021-05-19 14:05:00,062 INFO o.a.j.r.Summariser: summary +    137 in 00:00:30 =    4.6/s Avg:  1020 Min:    48 Max:  4100 Err:     0 (0.00%) Active: 10 Started: 10 Finished: 0
2021-05-19 14:05:00,062 INFO o.a.j.r.Summariser: summary =    491 in 00:02:38 =    3.1/s Avg:  1877 Min:    29 Max: 30587 Err:     0 (0.00%)
2021-05-19 14:05:07,147 INFO o.a.j.s.FileServer: Stored: D:\apache-jmeter-5.1\apache-jmeter-5.1\bin\excel\isource\buyer_5_items.xlsx
2021-05-19 14:05:30,714 INFO o.a.j.r.Summariser: summary +     88 in 00:00:31 =    2.9/s Avg:  1920 Min:    42 Max: 20106 Err:     0 (0.00%) Active: 10 Started: 10 Finished: 0
2021-05-19 14:05:30,715 INFO o.a.j.r.Summariser: summary =    579 in 00:03:08 =    3.1/s Avg:  1883 Min:    29 Max: 30587 Err:     0 (0.00%)
2021-05-19 14:06:00,260 INFO o.a.j.r.Summariser: summary +    137 in 00:00:30 =    4.6/s Avg:  1717 Min:    59 Max: 21190 Err:     0 (0.00%) Active: 10 Started: 10 Finished: 0
2021-05-19 14:06:00,260 INFO o.a.j.r.Summariser: summary =    716 in 00:03:38 =    3.3/s Avg:  1851 Min:    29 Max: 30587 Err:     0 (0.00%)
2021-05-19 14:06:30,202 INFO o.a.j.r.Summariser: summary +    213 in 00:00:30 =    7.1/s Avg:   990 Min:   141 Max:  2840 Err:     0 (0.00%) Active: 10 Started: 10 Finished: 0
2021-05-19 14:06:30,203 INFO o.a.j.r.Summariser: summary =    929 in 00:04:08 =    3.7/s Avg:  1654 Min:    29 Max: 30587 Err:     0 (0.00%)
2021-05-19 14:06:42,043 ERROR o.a.j.u.BeanShellInterpreter: Error invoking bsh method: eval	Sourced file: inline evaluation of: ``String totalRecords = vars.get("totalRecords"); String perpage = vars.get("perpa . . . '' : Typed variable declaration : Method Invocation Integer.parseInt
2021-05-19 14:06:42,044 WARN o.a.j.e.BeanShellPostProcessor: Problem in BeanShell script: org.apache.jorphan.util.JMeterException: Error invoking bsh method: eval	Sourced file: inline evaluation of: ``String totalRecords = vars.get("totalRecords"); String perpage = vars.get("perpa . . . '' : Typed variable declaration : Method Invocation Integer.parseInt
2021-05-19 14:06:44,952 ERROR o.a.j.u.BeanShellInterpreter: Error invoking bsh method: eval	Sourced file: inline evaluation of: ``String totalRecords = vars.get("totalRecords"); String perpage = vars.get("perpa . . . '' : Typed variable declaration : Method Invocation Integer.parseInt
2021-05-19 14:06:44,952 WARN o.a.j.e.BeanShellPostProcessor: Problem in BeanShell script: org.apache.jorphan.util.JMeterException: Error invoking bsh method: eval	Sourced file: inline evaluation of: ``String totalRecords = vars.get("totalRecords"); String perpage = vars.get("perpa . . . '' : Typed variable declaration : Method Invocation Integer.parseInt
2021-05-19 14:06:50,514 ERROR o.a.j.u.BeanShellInterpreter: Error invoking bsh method: eval	Sourced file: inline evaluation of: ``String totalRecords = vars.get("totalRecords"); String perpage = vars.get("perpa . . . '' : Typed variable declaration : Method Invocation Integer.parseInt
2021-05-19 14:06:50,516 WARN o.a.j.e.BeanShellPostProcessor: Problem in BeanShell script: org.apache.jorphan.util.JMeterException: Error invoking bsh method: eval	Sourced file: inline evaluation of: ``String totalRecords = vars.get("totalRecords"); String perpage = vars.get("perpa . . . '' : Typed variable declaration : Method Invocation Integer.parseInt
2021-05-19 14:06:54,246 ERROR o.a.j.u.BeanShellInterpreter: Error invoking bsh method: eval	Sourced file: inline evaluation of: ``String totalRecords = vars.get("totalRecords"); String perpage = vars.get("perpa . . . '' : Typed variable declaration : Method Invocation Integer.parseInt
2021-05-19 14:06:54,247 WARN o.a.j.e.BeanShellPostProcessor: Problem in BeanShell script: org.apache.jorphan.util.JMeterException: Error invoking bsh method: eval	Sourced file: inline evaluation of: ``String totalRecords = vars.get("totalRecords"); String perpage = vars.get("perpa . . . '' : Typed variable declaration : Method Invocation Integer.parseInt
2021-05-19 14:06:59,591 ERROR o.a.j.u.BeanShellInterpreter: Error invoking bsh method: eval	Sourced file: inline evaluation of: ``String totalRecords = vars.get("totalRecords"); String perpage = vars.get("perpa . . . '' : Typed variable declaration : Method Invocation Integer.parseInt
2021-05-19 14:06:59,591 WARN o.a.j.e.BeanShellPostProcessor: Problem in BeanShell script: org.apache.jorphan.util.JMeterException: Error invoking bsh method: eval	Sourced file: inline evaluation of: ``String totalRecords = vars.get("totalRecords"); String perpage = vars.get("perpa . . . '' : Typed variable declaration : Method Invocation Integer.parseInt
2021-05-19 14:07:00,345 INFO o.a.j.r.Summariser: summary +    180 in 00:00:30 =    6.0/s Avg:  1097 Min:   166 Max:  6917 Err:     0 (0.00%) Active: 10 Started: 10 Finished: 0
2021-05-19 14:07:00,345 INFO o.a.j.r.Summariser: summary =   1109 in 00:04:38 =    4.0/s Avg:  1563 Min:    29 Max: 30587 Err:     0 (0.00%)
2021-05-19 14:07:03,796 ERROR o.a.j.u.BeanShellInterpreter: Error invoking bsh method: eval	Sourced file: inline evaluation of: ``String totalRecords = vars.get("totalRecords"); String perpage = vars.get("perpa . . . '' : Typed variable declaration : Method Invocation Integer.parseInt
2021-05-19 14:07:03,796 WARN o.a.j.e.BeanShellPostProcessor: Problem in BeanShell script: org.apache.jorphan.util.JMeterException: Error invoking bsh method: eval	Sourced file: inline evaluation of: ``String totalRecords = vars.get("totalRecords"); String perpage = vars.get("perpa . . . '' : Typed variable declaration : Method Invocation Integer.parseInt
2021-05-19 14:07:05,948 ERROR o.a.j.u.BeanShellInterpreter: Error invoking bsh method: eval	Sourced file: inline evaluation of: ``String totalRecords = vars.get("totalRecords"); String perpage = vars.get("perpa . . . '' : Typed variable declaration : Method Invocation Integer.parseInt
2021-05-19 14:07:05,948 WARN o.a.j.e.BeanShellPostProcessor: Problem in BeanShell script: org.apache.jorphan.util.JMeterException: Error invoking bsh method: eval	Sourced file: inline evaluation of: ``String totalRecords = vars.get("totalRecords"); String perpage = vars.get("perpa . . . '' : Typed variable declaration : Method Invocation Integer.parseInt
2021-05-19 14:07:13,098 ERROR o.a.j.u.BeanShellInterpreter: Error invoking bsh method: eval	Sourced file: inline evaluation of: ``String totalRecords = vars.get("totalRecords"); String perpage = vars.get("perpa . . . '' : Typed variable declaration : Method Invocation Integer.parseInt
2021-05-19 14:07:13,098 WARN o.a.j.e.BeanShellPostProcessor: Problem in BeanShell script: org.apache.jorphan.util.JMeterException: Error invoking bsh method: eval	Sourced file: inline evaluation of: ``String totalRecords = vars.get("totalRecords"); String perpage = vars.get("perpa . . . '' : Typed variable declaration : Method Invocation Integer.parseInt
2021-05-19 14:07:15,642 ERROR o.a.j.u.BeanShellInterpreter: Error invoking bsh method: eval	Sourced file: inline evaluation of: ``String totalRecords = vars.get("totalRecords"); String perpage = vars.get("perpa . . . '' : Typed variable declaration : Method Invocation Integer.parseInt
2021-05-19 14:07:15,642 WARN o.a.j.e.BeanShellPostProcessor: Problem in BeanShell script: org.apache.jorphan.util.JMeterException: Error invoking bsh method: eval	Sourced file: inline evaluation of: ``String totalRecords = vars.get("totalRecords"); String perpage = vars.get("perpa . . . '' : Typed variable declaration : Method Invocation Integer.parseInt
2021-05-19 14:07:19,987 ERROR o.a.j.u.BeanShellInterpreter: Error invoking bsh method: eval	Sourced file: inline evaluation of: ``String totalRecords = vars.get("totalRecords"); String perpage = vars.get("perpa . . . '' : Typed variable declaration : Method Invocation Integer.parseInt
2021-05-19 14:07:19,987 WARN o.a.j.e.BeanShellPostProcessor: Problem in BeanShell script: org.apache.jorphan.util.JMeterException: Error invoking bsh method: eval	Sourced file: inline evaluation of: ``String totalRecords = vars.get("totalRecords"); String perpage = vars.get("perpa . . . '' : Typed variable declaration : Method Invocation Integer.parseInt
2021-05-19 14:07:30,341 INFO o.a.j.r.Summariser: summary +     78 in 00:00:30 =    2.6/s Avg:  2541 Min:   222 Max: 11917 Err:     0 (0.00%) Active: 10 Started: 10 Finished: 0
2021-05-19 14:07:30,342 INFO o.a.j.r.Summariser: summary =   1187 in 00:05:08 =    3.9/s Avg:  1628 Min:    29 Max: 30587 Err:     0 (0.00%)
2021-05-19 14:08:00,568 INFO o.a.j.r.Summariser: summary +    129 in 00:00:30 =    4.3/s Avg:  1889 Min:    56 Max:  6602 Err:     0 (0.00%) Active: 10 Started: 10 Finished: 0
2021-05-19 14:08:00,569 INFO o.a.j.r.Summariser: summary =   1316 in 00:05:38 =    3.9/s Avg:  1653 Min:    29 Max: 30587 Err:     0 (0.00%)
2021-05-19 14:08:12,436 INFO o.a.j.t.JMeterThread: Thread is done: L1-iSource-AuctionPublishEvent-Job 1-2
2021-05-19 14:08:12,436 INFO o.a.j.t.JMeterThread: Thread finished: L1-iSource-AuctionPublishEvent-Job 1-2
2021-05-19 14:08:16,114 INFO o.a.j.t.JMeterThread: Thread is done: L1-iSource-AuctionPublishEvent-Job 1-1
2021-05-19 14:08:16,114 INFO o.a.j.t.JMeterThread: Thread finished: L1-iSource-AuctionPublishEvent-Job 1-1
2021-05-19 14:08:19,745 INFO o.a.j.t.JMeterThread: Thread is done: L1-iSource-AuctionPublishEvent-Job 1-4
2021-05-19 14:08:19,745 INFO o.a.j.t.JMeterThread: Thread finished: L1-iSource-AuctionPublishEvent-Job 1-4
2021-05-19 14:08:22,438 INFO o.a.j.t.JMeterThread: Thread is done: L1-iSource-AuctionPublishEvent-Job 1-3
2021-05-19 14:08:22,438 INFO o.a.j.t.JMeterThread: Thread finished: L1-iSource-AuctionPublishEvent-Job 1-3
2021-05-19 14:08:24,280 INFO o.a.j.t.JMeterThread: Thread is done: L1-iSource-AuctionPublishEvent-Job 1-6
2021-05-19 14:08:24,280 INFO o.a.j.t.JMeterThread: Thread finished: L1-iSource-AuctionPublishEvent-Job 1-6
2021-05-19 14:08:29,869 INFO o.a.j.t.JMeterThread: Thread is done: L1-iSource-AuctionPublishEvent-Job 1-5
2021-05-19 14:08:29,870 INFO o.a.j.t.JMeterThread: Thread finished: L1-iSource-AuctionPublishEvent-Job 1-5
2021-05-19 14:08:30,500 INFO o.a.j.r.Summariser: summary +    127 in 00:00:30 =    4.2/s Avg:  1590 Min:    50 Max:  5877 Err:     0 (0.00%) Active: 4 Started: 10 Finished: 6
2021-05-19 14:08:30,500 INFO o.a.j.r.Summariser: summary =   1443 in 00:06:08 =    3.9/s Avg:  1648 Min:    29 Max: 30587 Err:     0 (0.00%)
2021-05-19 14:08:30,678 INFO o.a.j.t.JMeterThread: Thread is done: L1-iSource-AuctionPublishEvent-Job 1-7
2021-05-19 14:08:30,678 INFO o.a.j.t.JMeterThread: Thread finished: L1-iSource-AuctionPublishEvent-Job 1-7
2021-05-19 14:08:38,509 INFO o.a.j.t.JMeterThread: Thread is done: L1-iSource-AuctionPublishEvent-Job 1-10
2021-05-19 14:08:38,509 INFO o.a.j.t.JMeterThread: Thread finished: L1-iSource-AuctionPublishEvent-Job 1-10
2021-05-19 14:08:38,600 INFO o.a.j.t.JMeterThread: Thread is done: L1-iSource-AuctionPublishEvent-Job 1-8
2021-05-19 14:08:38,600 INFO o.a.j.t.JMeterThread: Thread finished: L1-iSource-AuctionPublishEvent-Job 1-8
2021-05-19 14:08:49,816 INFO o.a.j.t.JMeterThread: Thread is done: L1-iSource-AuctionPublishEvent-Job 1-9
2021-05-19 14:08:49,816 INFO o.a.j.t.JMeterThread: Thread finished: L1-iSource-AuctionPublishEvent-Job 1-9
2021-05-19 14:08:49,818 INFO o.a.j.e.StandardJMeterEngine: Notifying test listeners of end of test
2021-05-19 14:08:49,818 INFO o.a.j.s.FileServer: Close: D:\apache-jmeter-5.1\apache-jmeter-5.1\bin\excel\isource\RM_ZCS_Users.csv
2021-05-19 14:08:49,821 INFO o.a.j.r.Summariser: summary +     17 in 00:00:19 =    0.9/s Avg:  1301 Min:   126 Max:  6362 Err:     0 (0.00%) Active: 0 Started: 10 Finished: 10
2021-05-19 14:08:49,821 INFO o.a.j.r.Summariser: summary =   1460 in 00:06:28 =    3.8/s Avg:  1644 Min:    29 Max: 30587 Err:     0 (0.00%)
2021-05-19 14:08:49,823 INFO o.a.j.JMeter: Generating Dashboard
2021-05-19 14:08:49,823 INFO o.a.j.r.d.ReportGenerator: Flushing result collector before report Generation
2021-05-19 14:08:49,848 INFO o.a.j.r.p.NormalizerSampleConsumer: Using format, 'ms', to parse timeStamp field
2021-05-19 14:08:49,980 INFO o.a.j.r.p.AbstractSampleConsumer: class org.apache.jmeter.report.processor.AggregateConsumer#stopProducing(): beginDate produced 0 samples
2021-05-19 14:08:49,980 INFO o.a.j.r.p.AbstractSampleConsumer: class org.apache.jmeter.report.processor.AggregateConsumer#stopProducing(): endDate produced 0 samples
2021-05-19 14:08:49,982 INFO o.a.j.r.p.AbstractSampleConsumer: class org.apache.jmeter.report.processor.ApdexSummaryConsumer#stopProducing(): apdexSummary produced 0 samples
2021-05-19 14:08:49,982 INFO o.a.j.r.p.AbstractSampleConsumer: class org.apache.jmeter.report.processor.RequestsSummaryConsumer#stopProducing(): requestsSummary produced 0 samples
2021-05-19 14:08:49,989 INFO o.a.j.r.p.AbstractSampleConsumer: class org.apache.jmeter.report.processor.StatisticsSummaryConsumer#stopProducing(): statisticsSummary produced 0 samples
2021-05-19 14:08:49,993 INFO o.a.j.r.p.AbstractSampleConsumer: class org.apache.jmeter.report.processor.Top5ErrorsBySamplerConsumer#stopProducing(): top5ErrorsBySampler produced 0 samples
2021-05-19 14:08:49,993 INFO o.a.j.r.p.AbstractSampleConsumer: class org.apache.jmeter.report.processor.ErrorsSummaryConsumer#stopProducing(): errorsSummary produced 0 samples
2021-05-19 14:08:49,993 INFO o.a.j.r.p.AbstractSampleConsumer: class org.apache.jmeter.report.processor.graph.impl.HitsPerSecondGraphConsumer#stopProducing(): hitsPerSecond produced 0 samples
2021-05-19 14:08:50,015 INFO o.a.j.r.p.AbstractSampleConsumer: class org.apache.jmeter.report.processor.graph.impl.LatencyVSRequestGraphConsumer#stopProducing(): latencyVsRequest produced 0 samples
2021-05-19 14:08:50,015 INFO o.a.j.r.p.AbstractSampleConsumer: class org.apache.jmeter.report.processor.graph.impl.SyntheticResponseTimeDistributionGraphConsumer#stopProducing(): syntheticResponseTimeDistribution produced 0 samples
2021-05-19 14:08:50,016 INFO o.a.j.r.p.AbstractSampleConsumer: class org.apache.jmeter.report.processor.graph.impl.BytesThroughputGraphConsumer#stopProducing(): bytesThroughputOverTime produced 0 samples
2021-05-19 14:08:50,016 INFO o.a.j.r.p.AbstractSampleConsumer: class org.apache.jmeter.report.processor.graph.impl.CodesPerSecondGraphConsumer#stopProducing(): codesPerSecond produced 0 samples
2021-05-19 14:08:50,031 INFO o.a.j.r.p.AbstractSampleConsumer: class org.apache.jmeter.report.processor.graph.impl.ResponseTimeVSRequestGraphConsumer#stopProducing(): responseTimeVsRequest produced 0 samples
2021-05-19 14:08:50,031 INFO o.a.j.r.p.AbstractSampleConsumer: class org.apache.jmeter.report.processor.FilterConsumer#stopProducing(): startIntervalControlerFilter produced 10220 samples
2021-05-19 14:08:50,031 INFO o.a.j.r.p.AbstractSampleConsumer: class org.apache.jmeter.report.processor.graph.impl.TotalTPSGraphConsumer#stopProducing(): totalTPS produced 0 samples
2021-05-19 14:08:50,031 INFO o.a.j.r.p.AbstractSampleConsumer: class org.apache.jmeter.report.processor.graph.impl.ActiveThreadsGraphConsumer#stopProducing(): activeThreadsOverTime produced 0 samples
2021-05-19 14:08:50,031 INFO o.a.j.r.p.AbstractSampleConsumer: class org.apache.jmeter.report.processor.graph.impl.TimeVSThreadGraphConsumer#stopProducing(): timeVsThreads produced 0 samples
2021-05-19 14:08:50,038 INFO o.a.j.r.p.AbstractSampleConsumer: class org.apache.jmeter.report.processor.graph.impl.ResponseTimeDistributionGraphConsumer#stopProducing(): responseTimeDistribution produced 0 samples
2021-05-19 14:08:50,039 INFO o.a.j.r.p.AbstractSampleConsumer: class org.apache.jmeter.report.processor.graph.impl.TransactionsPerSecondGraphConsumer#stopProducing(): transactionsPerSecond produced 0 samples
2021-05-19 14:08:50,039 INFO o.a.j.r.p.AbstractSampleConsumer: class org.apache.jmeter.report.processor.graph.impl.ResponseTimePercentilesGraphConsumer#stopProducing(): responseTimePercentiles produced 0 samples
2021-05-19 14:08:50,050 INFO o.a.j.r.p.AbstractSampleConsumer: class org.apache.jmeter.report.processor.graph.impl.ResponseTimePercentilesOverTimeGraphConsumer#stopProducing(): responseTimePercentilesOverTime produced 0 samples
2021-05-19 14:08:50,051 INFO o.a.j.r.p.AbstractSampleConsumer: class org.apache.jmeter.report.processor.graph.impl.ResponseTimeOverTimeGraphConsumer#stopProducing(): responseTimesOverTime produced 0 samples
2021-05-19 14:08:50,052 INFO o.a.j.r.p.AbstractSampleConsumer: class org.apache.jmeter.report.processor.graph.impl.ConnectTimeOverTimeGraphConsumer#stopProducing(): connectTimeOverTime produced 0 samples
2021-05-19 14:08:50,053 INFO o.a.j.r.p.AbstractSampleConsumer: class org.apache.jmeter.report.processor.graph.impl.LatencyOverTimeGraphConsumer#stopProducing(): latenciesOverTime produced 0 samples
2021-05-19 14:08:50,054 INFO o.a.j.r.p.AbstractSampleConsumer: class org.apache.jmeter.report.processor.FilterConsumer#stopProducing(): nameFilter produced 24900 samples
2021-05-19 14:08:50,054 INFO o.a.j.r.p.AbstractSampleConsumer: class org.apache.jmeter.report.processor.FilterConsumer#stopProducing(): dateRangeFilter produced 4980 samples
2021-05-19 14:08:50,054 INFO o.a.j.r.p.AbstractSampleConsumer: class org.apache.jmeter.report.processor.NormalizerSampleConsumer#stopProducing(): normalizer produced 1660 samples
2021-05-19 14:08:50,054 INFO o.a.j.r.p.CsvFileSampleSource: produce(): 1660 samples produced in 183ms on channel 0
2021-05-19 14:08:50,055 INFO o.a.j.r.d.ReportGenerator: Exporting data using exporter:'json' of className:'org.apache.jmeter.report.dashboard.JsonExporter'
2021-05-19 14:08:50,056 INFO o.a.j.r.d.JsonExporter: Found data for consumer statisticsSummary in context
2021-05-19 14:08:50,056 INFO o.a.j.r.d.JsonExporter: Creating statistics for overall
2021-05-19 14:08:50,057 INFO o.a.j.r.d.JsonExporter: Creating statistics for other transactions
2021-05-19 14:08:50,057 INFO o.a.j.r.d.JsonExporter: Checking output folder
2021-05-19 14:08:50,059 INFO o.a.j.r.d.JsonExporter: Writing statistics JSON to C:\xampp\htdocs\PerformancePostgres\L0_iSource_10_AuctionPublishEvent_2021-05-19_2\statistics.json
2021-05-19 14:08:50,184 INFO o.a.j.r.d.ReportGenerator: Exporting data using exporter:'html' of className:'org.apache.jmeter.report.dashboard.HtmlTemplateExporter'
2021-05-19 14:08:50,187 INFO o.a.j.r.d.HtmlTemplateExporter: Will generate dashboard in folder: C:\xampp\htdocs\PerformancePostgres\L0_iSource_10_AuctionPublishEvent_2021-05-19_2
2021-05-19 14:08:50,423 INFO o.a.j.r.d.HtmlTemplateExporter: Report will be generated in: C:\xampp\htdocs\PerformancePostgres\L0_iSource_10_AuctionPublishEvent_2021-05-19_2, creating folder structure
2021-05-19 14:08:50,427 INFO o.a.j.r.d.TemplateVisitor: Copying folder from 'D:\apache-jmeter-5.1\apache-jmeter-5.1\bin\report-template' to 'C:\xampp\htdocs\PerformancePostgres\L0_iSource_10_AuctionPublishEvent_2021-05-19_2', got message:[C:\xampp\htdocs\PerformancePostgres\L0_iSource_10_AuctionPublishEvent_2021-05-19_2\statistics.json], found non empty folder with following content {}, will be ignored
2021-05-19 14:08:51,105 INFO o.a.j.JMeter: Dashboard generated
