2021-05-31 11:40:17,086 INFO o.a.j.u.JMeterUtils: Setting Locale to en_EN
2021-05-31 11:40:17,096 INFO o.a.j.JMeter: Loading user properties from: user.properties
2021-05-31 11:40:17,097 INFO o.a.j.JMeter: Loading system properties from: system.properties
2021-05-31 11:40:17,097 INFO o.a.j.JMeter: Setting JMeter property: meter.reportgenerator.report_title=AuctionNonPricingRescheduleEvent
2021-05-31 11:40:17,097 INFO o.a.j.JMeter: Setting JMeter property: thread=10
2021-05-31 11:40:17,097 INFO o.a.j.JMeter: Setting JMeter property: rampup=30
2021-05-31 11:40:17,100 INFO o.a.j.JMeter: Copyright (c) 1998-2019 The Apache Software Foundation
2021-05-31 11:40:17,101 INFO o.a.j.JMeter: Version 5.1 r1853635
2021-05-31 11:40:17,101 INFO o.a.j.JMeter: java.version=1.8.0_121
2021-05-31 11:40:17,101 INFO o.a.j.JMeter: java.vm.name=Java HotSpot(TM) 64-Bit Server VM
2021-05-31 11:40:17,101 INFO o.a.j.JMeter: os.name=Windows 10
2021-05-31 11:40:17,101 INFO o.a.j.JMeter: os.arch=amd64
2021-05-31 11:40:17,101 INFO o.a.j.JMeter: os.version=10.0
2021-05-31 11:40:17,101 INFO o.a.j.JMeter: file.encoding=Cp1252
2021-05-31 11:40:17,101 INFO o.a.j.JMeter: java.awt.headless=true
2021-05-31 11:40:17,101 INFO o.a.j.JMeter: Max memory     =8589934592
2021-05-31 11:40:17,101 INFO o.a.j.JMeter: Available Processors =6
2021-05-31 11:40:17,104 INFO o.a.j.JMeter: Default Locale=English (EN)
2021-05-31 11:40:17,104 INFO o.a.j.JMeter: JMeter  Locale=English (EN)
2021-05-31 11:40:17,104 INFO o.a.j.JMeter: JMeterHome=D:\apache-jmeter-5.1\apache-jmeter-5.1
2021-05-31 11:40:17,104 INFO o.a.j.JMeter: user.dir  =D:\apache-jmeter-5.1\apache-jmeter-5.1\bin
2021-05-31 11:40:17,105 INFO o.a.j.JMeter: PWD       =D:\apache-jmeter-5.1\apache-jmeter-5.1\bin
2021-05-31 11:40:17,106 INFO o.a.j.JMeter: IP: 172.30.224.67 Name: ZIPLSY2278 FullName: ZIPLSY2278.zycus.net
2021-05-31 11:40:17,108 INFO o.a.j.JMeter: Setting property 'jmeter.reportgenerator.outputdir' to:'C:\xampp\htdocs\PerformancePostgres\L1_iSource_10_AuctionNonPricingRescheduleEvent_2021-05-31_7'
2021-05-31 11:40:17,109 INFO o.a.j.s.FileServer: Default base='D:\apache-jmeter-5.1\apache-jmeter-5.1\bin'
2021-05-31 11:40:17,112 INFO o.a.j.s.FileServer: Set new base='D:\PostrgresMigration\iSource'
2021-05-31 11:40:17,205 INFO o.a.j.s.SaveService: Testplan (JMX) version: 2.2. Testlog (JTL) version: 2.2
2021-05-31 11:40:17,214 INFO o.a.j.s.SaveService: Using SaveService properties file encoding UTF-8
2021-05-31 11:40:17,218 INFO o.a.j.s.SaveService: Using SaveService properties version 5.0
2021-05-31 11:40:17,223 INFO o.a.j.s.SaveService: Loading file: D:\PostrgresMigration\iSource\L1_iSource_AuctionNonPricingRescheduleEvent.jmx
2021-05-31 11:40:17,261 INFO o.a.j.p.h.c.CookieManager: Settings: Delete null: true Check: true Allow variable: true Save: false Prefix: COOKIE_
2021-05-31 11:40:17,266 INFO o.a.j.p.h.c.CacheManager: Will only cache the following methods: [GET]
2021-05-31 11:40:17,273 INFO o.a.j.p.h.s.HTTPSamplerBase: Parser for text/html is org.apache.jmeter.protocol.http.parser.LagartoBasedHtmlParser
2021-05-31 11:40:17,273 INFO o.a.j.p.h.s.HTTPSamplerBase: Parser for application/xhtml+xml is org.apache.jmeter.protocol.http.parser.LagartoBasedHtmlParser
2021-05-31 11:40:17,273 INFO o.a.j.p.h.s.HTTPSamplerBase: Parser for application/xml is org.apache.jmeter.protocol.http.parser.LagartoBasedHtmlParser
2021-05-31 11:40:17,273 INFO o.a.j.p.h.s.HTTPSamplerBase: Parser for text/xml is org.apache.jmeter.protocol.http.parser.LagartoBasedHtmlParser
2021-05-31 11:40:17,273 INFO o.a.j.p.h.s.HTTPSamplerBase: Parser for text/vnd.wap.wml is org.apache.jmeter.protocol.http.parser.RegexpHTMLParser
2021-05-31 11:40:17,273 INFO o.a.j.p.h.s.HTTPSamplerBase: Parser for text/css is org.apache.jmeter.protocol.http.parser.CssParser
2021-05-31 11:40:17,668 INFO o.a.j.JMeter: Creating summariser <summary>
2021-05-31 11:40:17,674 INFO o.a.j.r.d.ReportGenerator: ReportGenerator will use for Parsing the separator: ','
2021-05-31 11:40:17,674 INFO o.a.j.r.d.ReportGenerator: Will generate report at end of test from  results file: D:\PostrgresMigration\iSource\JTL\L1_iSource_10_AuctionNonPricingRescheduleEvent_2021-05-31_7.jtl
2021-05-31 11:40:17,674 INFO o.a.j.r.d.ReportGenerator: Reading report generator properties from: D:\apache-jmeter-5.1\apache-jmeter-5.1\bin\reportgenerator.properties
2021-05-31 11:40:17,674 INFO o.a.j.r.d.ReportGenerator: Merging with JMeter properties
2021-05-31 11:40:17,679 INFO o.a.j.r.c.ReportGeneratorConfiguration: Property 'jmeter.reportgenerator.temp_dir' not found, using default value 'temp' instead.
2021-05-31 11:40:17,681 INFO o.a.j.r.c.ReportGeneratorConfiguration: Property 'jmeter.reportgenerator.apdex_per_transaction' not found, using default value 'null' instead.
2021-05-31 11:40:17,681 INFO o.a.j.r.c.ReportGeneratorConfiguration: apdex_per_transaction : {} is empty, not APDEX per transaction customization
2021-05-31 11:40:17,681 INFO o.a.j.r.c.ReportGeneratorConfiguration: Property 'jmeter.reportgenerator.sample_filter' not found, using default value 'null' instead.
2021-05-31 11:40:17,681 INFO o.a.j.r.c.ReportGeneratorConfiguration: Property 'jmeter.reportgenerator.report_title' not found, using default value 'null' instead.
2021-05-31 11:40:17,681 INFO o.a.j.r.c.ReportGeneratorConfiguration: Property 'jmeter.reportgenerator.start_date' not found, using default value 'null' instead.
2021-05-31 11:40:17,681 INFO o.a.j.r.c.ReportGeneratorConfiguration: Property 'jmeter.reportgenerator.end_date' not found, using default value 'null' instead.
2021-05-31 11:40:17,681 INFO o.a.j.r.c.ReportGeneratorConfiguration: Property 'jmeter.reportgenerator.date_format' not found, using default value 'null' instead.
2021-05-31 11:40:17,681 INFO o.a.j.r.c.ReportGeneratorConfiguration: Will use date range start date: null, end date: null
2021-05-31 11:40:17,685 INFO o.a.j.r.c.ReportGeneratorConfiguration: Property 'jmeter.reportgenerator.graph.totalTPS.exclude_controllers' not found, using default value 'false' instead.
2021-05-31 11:40:17,685 INFO o.a.j.r.c.ReportGeneratorConfiguration: Property 'jmeter.reportgenerator.graph.activeThreadsOverTime.exclude_controllers' not found, using default value 'false' instead.
2021-05-31 11:40:17,685 INFO o.a.j.r.c.ReportGeneratorConfiguration: Property 'jmeter.reportgenerator.graph.timeVsThreads.exclude_controllers' not found, using default value 'false' instead.
2021-05-31 11:40:17,685 INFO o.a.j.r.c.ReportGeneratorConfiguration: Property 'jmeter.reportgenerator.graph.responseTimeDistribution.exclude_controllers' not found, using default value 'false' instead.
2021-05-31 11:40:17,685 INFO o.a.j.r.c.ReportGeneratorConfiguration: Property 'jmeter.reportgenerator.graph.transactionsPerSecond.exclude_controllers' not found, using default value 'false' instead.
2021-05-31 11:40:17,685 INFO o.a.j.r.c.ReportGeneratorConfiguration: Property 'jmeter.reportgenerator.graph.responseTimePercentiles.exclude_controllers' not found, using default value 'false' instead.
2021-05-31 11:40:17,685 INFO o.a.j.r.c.ReportGeneratorConfiguration: Property 'jmeter.reportgenerator.graph.responseTimePercentilesOverTime.exclude_controllers' not found, using default value 'false' instead.
2021-05-31 11:40:17,685 INFO o.a.j.r.c.ReportGeneratorConfiguration: Property 'jmeter.reportgenerator.graph.responseTimesOverTime.exclude_controllers' not found, using default value 'false' instead.
2021-05-31 11:40:17,685 INFO o.a.j.r.c.ReportGeneratorConfiguration: Property 'jmeter.reportgenerator.graph.connectTimeOverTime.exclude_controllers' not found, using default value 'false' instead.
2021-05-31 11:40:17,686 INFO o.a.j.r.c.ReportGeneratorConfiguration: Property 'jmeter.reportgenerator.graph.latenciesOverTime.exclude_controllers' not found, using default value 'false' instead.
2021-05-31 11:40:17,686 INFO o.a.j.r.c.ReportGeneratorConfiguration: Property 'jmeter.reportgenerator.exporter.json.filters_only_sample_series' not found, using default value 'true' instead.
2021-05-31 11:40:17,686 INFO o.a.j.r.c.ReportGeneratorConfiguration: Property 'jmeter.reportgenerator.exporter.json.series_filter' not found, using default value '' instead.
2021-05-31 11:40:17,687 INFO o.a.j.r.c.ReportGeneratorConfiguration: Property 'jmeter.reportgenerator.exporter.json.show_controllers_only' not found, using default value 'false' instead.
2021-05-31 11:40:17,687 INFO o.a.j.r.c.ReportGeneratorConfiguration: Property 'jmeter.reportgenerator.exporter.html.filters_only_sample_series' not found, using default value 'true' instead.
2021-05-31 11:40:17,687 INFO o.a.j.r.c.ReportGeneratorConfiguration: Property 'jmeter.reportgenerator.exporter.html.series_filter' not found, using default value '' instead.
2021-05-31 11:40:17,687 INFO o.a.j.r.c.ReportGeneratorConfiguration: Property 'jmeter.reportgenerator.exporter.html.show_controllers_only' not found, using default value 'false' instead.
2021-05-31 11:40:17,691 INFO o.a.j.e.StandardJMeterEngine: Running the test!
2021-05-31 11:40:17,692 INFO o.a.j.s.SampleEvent: List of sample_variables: []
2021-05-31 11:40:17,692 INFO o.a.j.s.SampleEvent: List of sample_variables: []
2021-05-31 11:40:17,697 INFO o.a.j.e.u.CompoundVariable: Note: Function class names must contain the string: '.functions.'
2021-05-31 11:40:17,697 INFO o.a.j.e.u.CompoundVariable: Note: Function class names must not contain the string: '.gui.'
2021-05-31 11:40:18,220 INFO o.a.j.JMeter: Running test (1622441418220)
2021-05-31 11:40:18,285 INFO o.a.j.e.StandardJMeterEngine: Starting ThreadGroup: 1 : L1-iSource-Auction-NonPricingRescheduleEvent-JOB
2021-05-31 11:40:18,285 INFO o.a.j.e.StandardJMeterEngine: Starting 10 threads for group L1-iSource-Auction-NonPricingRescheduleEvent-JOB.
2021-05-31 11:40:18,285 INFO o.a.j.e.StandardJMeterEngine: Thread will stop on error
2021-05-31 11:40:18,285 INFO o.a.j.t.ThreadGroup: Starting thread group... number=1 threads=10 ramp-up=30 perThread=3000.0 delayedStart=false
2021-05-31 11:40:18,330 INFO o.a.j.s.SampleResult: Note: Sample TimeStamps are START times
2021-05-31 11:40:18,331 INFO o.a.j.s.SampleResult: sampleresult.default.encoding is set to ISO-8859-1
2021-05-31 11:40:18,331 INFO o.a.j.s.SampleResult: sampleresult.useNanoTime=true
2021-05-31 11:40:18,331 INFO o.a.j.s.SampleResult: sampleresult.nanoThreadSleep=5000
2021-05-31 11:40:18,345 INFO o.a.j.t.JMeterThread: Thread started: L1-iSource-Auction-NonPricingRescheduleEvent-JOB 1-1
2021-05-31 11:40:18,347 INFO o.a.j.c.LoopController: iterationStart called on Loop Controller with source org.apache.jmeter.control.LoopController@1d40c90f and iteration 1
2021-05-31 11:40:18,348 INFO o.a.j.c.LoopController: iterationStart called on 5.6# Questions_Text with source org.apache.jmeter.control.LoopController@1d40c90f and iteration 1
2021-05-31 11:40:18,348 INFO o.a.j.s.FileServer: Stored: D:\apache-jmeter-5.1\apache-jmeter-5.1\bin\excel\isource\Partner_ZCS_Users.csv
2021-05-31 11:40:18,367 INFO o.a.j.p.h.s.HTTPHCAbstractImpl: Local host = ZIPLSY2278
2021-05-31 11:40:18,374 INFO o.a.j.p.h.s.HTTPHC4Impl: HTTP request retry count = 0
2021-05-31 11:40:18,491 INFO o.a.j.p.h.s.h.LazyLayeredConnectionSocketFactory: Setting up HTTPS TrustAll Socket Factory
2021-05-31 11:40:18,500 INFO o.a.j.u.JsseSSLManager: Using default SSL protocol: TLS
2021-05-31 11:40:18,500 INFO o.a.j.u.JsseSSLManager: SSL session context: per-thread
2021-05-31 11:40:18,853 INFO o.a.j.t.ThreadGroup: Started thread group number 1
2021-05-31 11:40:18,854 INFO o.a.j.e.StandardJMeterEngine: All thread groups have been started
2021-05-31 11:40:19,174 INFO o.a.j.u.SSLManager: JmeterKeyStore Location:  type JKS
2021-05-31 11:40:19,176 INFO o.a.j.u.SSLManager: KeyStore created OK
2021-05-31 11:40:19,176 WARN o.a.j.u.SSLManager: Keystore file not found, loading empty keystore
2021-05-31 11:40:21,383 INFO o.a.j.t.JMeterThread: Thread started: L1-iSource-Auction-NonPricingRescheduleEvent-JOB 1-2
2021-05-31 11:40:21,384 INFO o.a.j.c.LoopController: iterationStart called on Loop Controller with source org.apache.jmeter.control.LoopController@14e34ad3 and iteration 1
2021-05-31 11:40:21,384 INFO o.a.j.c.LoopController: iterationStart called on 5.6# Questions_Text with source org.apache.jmeter.control.LoopController@14e34ad3 and iteration 1
2021-05-31 11:40:24,438 INFO o.a.j.t.JMeterThread: Thread started: L1-iSource-Auction-NonPricingRescheduleEvent-JOB 1-3
2021-05-31 11:40:24,439 INFO o.a.j.c.LoopController: iterationStart called on Loop Controller with source org.apache.jmeter.control.LoopController@460bf9d4 and iteration 1
2021-05-31 11:40:24,439 INFO o.a.j.c.LoopController: iterationStart called on 5.6# Questions_Text with source org.apache.jmeter.control.LoopController@460bf9d4 and iteration 1
2021-05-31 11:40:27,493 INFO o.a.j.t.JMeterThread: Thread started: L1-iSource-Auction-NonPricingRescheduleEvent-JOB 1-4
2021-05-31 11:40:27,495 INFO o.a.j.c.LoopController: iterationStart called on Loop Controller with source org.apache.jmeter.control.LoopController@bc97621 and iteration 1
2021-05-31 11:40:27,495 INFO o.a.j.c.LoopController: iterationStart called on 5.6# Questions_Text with source org.apache.jmeter.control.LoopController@bc97621 and iteration 1
2021-05-31 11:40:30,460 INFO o.a.j.r.Summariser: summary +     21 in 00:00:12 =    1.7/s Avg:   448 Min:    43 Max:  1638 Err:     0 (0.00%) Active: 4 Started: 4 Finished: 0
2021-05-31 11:40:30,544 INFO o.a.j.t.JMeterThread: Thread started: L1-iSource-Auction-NonPricingRescheduleEvent-JOB 1-5
2021-05-31 11:40:30,546 INFO o.a.j.c.LoopController: iterationStart called on Loop Controller with source org.apache.jmeter.control.LoopController@38514b4d and iteration 1
2021-05-31 11:40:30,546 INFO o.a.j.c.LoopController: iterationStart called on 5.6# Questions_Text with source org.apache.jmeter.control.LoopController@38514b4d and iteration 1
2021-05-31 11:40:33,617 INFO o.a.j.t.JMeterThread: Thread started: L1-iSource-Auction-NonPricingRescheduleEvent-JOB 1-6
2021-05-31 11:40:33,619 INFO o.a.j.c.LoopController: iterationStart called on Loop Controller with source org.apache.jmeter.control.LoopController@458bc76b and iteration 1
2021-05-31 11:40:33,619 INFO o.a.j.c.LoopController: iterationStart called on 5.6# Questions_Text with source org.apache.jmeter.control.LoopController@458bc76b and iteration 1
2021-05-31 11:40:36,695 INFO o.a.j.t.JMeterThread: Thread started: L1-iSource-Auction-NonPricingRescheduleEvent-JOB 1-7
2021-05-31 11:40:36,696 INFO o.a.j.c.LoopController: iterationStart called on Loop Controller with source org.apache.jmeter.control.LoopController@62aef883 and iteration 1
2021-05-31 11:40:36,696 INFO o.a.j.c.LoopController: iterationStart called on 5.6# Questions_Text with source org.apache.jmeter.control.LoopController@62aef883 and iteration 1
2021-05-31 11:40:39,762 INFO o.a.j.t.JMeterThread: Thread started: L1-iSource-Auction-NonPricingRescheduleEvent-JOB 1-8
2021-05-31 11:40:39,765 INFO o.a.j.c.LoopController: iterationStart called on Loop Controller with source org.apache.jmeter.control.LoopController@277c6a7d and iteration 1
2021-05-31 11:40:39,766 INFO o.a.j.c.LoopController: iterationStart called on 5.6# Questions_Text with source org.apache.jmeter.control.LoopController@277c6a7d and iteration 1
2021-05-31 11:40:42,826 INFO o.a.j.t.JMeterThread: Thread started: L1-iSource-Auction-NonPricingRescheduleEvent-JOB 1-9
2021-05-31 11:40:42,827 INFO o.a.j.c.LoopController: iterationStart called on Loop Controller with source org.apache.jmeter.control.LoopController@b98e54b and iteration 1
2021-05-31 11:40:42,827 INFO o.a.j.c.LoopController: iterationStart called on 5.6# Questions_Text with source org.apache.jmeter.control.LoopController@b98e54b and iteration 1
2021-05-31 11:40:45,865 INFO o.a.j.t.JMeterThread: Thread started: L1-iSource-Auction-NonPricingRescheduleEvent-JOB 1-10
2021-05-31 11:40:45,865 INFO o.a.j.c.LoopController: iterationStart called on Loop Controller with source org.apache.jmeter.control.LoopController@18847cf4 and iteration 1
2021-05-31 11:40:45,865 INFO o.a.j.c.LoopController: iterationStart called on 5.6# Questions_Text with source org.apache.jmeter.control.LoopController@18847cf4 and iteration 1
2021-05-31 11:41:00,493 INFO o.a.j.r.Summariser: summary +    181 in 00:00:30 =    6.0/s Avg:   448 Min:    53 Max:  5075 Err:     0 (0.00%) Active: 10 Started: 10 Finished: 0
2021-05-31 11:41:00,494 INFO o.a.j.r.Summariser: summary =    202 in 00:00:42 =    4.8/s Avg:   448 Min:    43 Max:  5075 Err:     0 (0.00%)
2021-05-31 11:41:30,130 INFO o.a.j.r.Summariser: summary +     83 in 00:00:30 =    2.8/s Avg:  3674 Min:   302 Max: 22194 Err:     0 (0.00%) Active: 10 Started: 10 Finished: 0
2021-05-31 11:41:30,130 INFO o.a.j.r.Summariser: summary =    285 in 00:01:12 =    4.0/s Avg:  1387 Min:    43 Max: 22194 Err:     0 (0.00%)
2021-05-31 11:41:41,917 INFO o.a.j.t.JMeterThread: Stop Thread detected by thread: L1-iSource-Auction-NonPricingRescheduleEvent-JOB 1-4
2021-05-31 11:41:41,918 INFO o.a.j.t.JMeterThread: Thread finished: L1-iSource-Auction-NonPricingRescheduleEvent-JOB 1-4
2021-05-31 11:42:00,168 INFO o.a.j.r.Summariser: summary +    107 in 00:00:30 =    3.6/s Avg:  1403 Min:   312 Max: 15688 Err:     1 (0.93%) Active: 9 Started: 10 Finished: 1
2021-05-31 11:42:00,168 INFO o.a.j.r.Summariser: summary =    392 in 00:01:42 =    3.8/s Avg:  1392 Min:    43 Max: 22194 Err:     1 (0.26%)
2021-05-31 11:42:26,868 INFO o.a.j.s.FileServer: Stored: D:\apache-jmeter-5.1\apache-jmeter-5.1\bin\excel\isource\buyer_5_items.xlsx
2021-05-31 11:42:31,447 INFO o.a.j.r.Summariser: summary +    120 in 00:00:31 =    3.8/s Avg:   877 Min:   308 Max:  2933 Err:     0 (0.00%) Active: 9 Started: 10 Finished: 1
2021-05-31 11:42:31,447 INFO o.a.j.r.Summariser: summary =    512 in 00:02:13 =    3.8/s Avg:  1271 Min:    43 Max: 22194 Err:     1 (0.20%)
2021-05-31 11:43:00,073 INFO o.a.j.r.Summariser: summary +     79 in 00:00:29 =    2.8/s Avg:  2448 Min:   281 Max: 12981 Err:     0 (0.00%) Active: 9 Started: 10 Finished: 1
2021-05-31 11:43:00,073 INFO o.a.j.r.Summariser: summary =    591 in 00:02:42 =    3.7/s Avg:  1428 Min:    43 Max: 22194 Err:     1 (0.17%)
2021-05-31 11:43:31,051 INFO o.a.j.r.Summariser: summary +    192 in 00:00:31 =    6.2/s Avg:  1012 Min:   326 Max:  3827 Err:     0 (0.00%) Active: 9 Started: 10 Finished: 1
2021-05-31 11:43:31,051 INFO o.a.j.r.Summariser: summary =    783 in 00:03:13 =    4.1/s Avg:  1326 Min:    43 Max: 22194 Err:     1 (0.13%)
2021-05-31 11:43:55,890 ERROR o.a.j.u.BeanShellInterpreter: Error invoking bsh method: eval	Sourced file: inline evaluation of: ``String totalRecords = vars.get("totalRecords"); String perpage = vars.get("perpa . . . '' : Typed variable declaration : Method Invocation Integer.parseInt
2021-05-31 11:43:55,891 WARN o.a.j.e.BeanShellPostProcessor: Problem in BeanShell script: org.apache.jorphan.util.JMeterException: Error invoking bsh method: eval	Sourced file: inline evaluation of: ``String totalRecords = vars.get("totalRecords"); String perpage = vars.get("perpa . . . '' : Typed variable declaration : Method Invocation Integer.parseInt
2021-05-31 11:43:57,900 ERROR o.a.j.u.BeanShellInterpreter: Error invoking bsh method: eval	Sourced file: inline evaluation of: ``String totalRecords = vars.get("totalRecords"); String perpage = vars.get("perpa . . . '' : Typed variable declaration : Method Invocation Integer.parseInt
2021-05-31 11:43:57,900 WARN o.a.j.e.BeanShellPostProcessor: Problem in BeanShell script: org.apache.jorphan.util.JMeterException: Error invoking bsh method: eval	Sourced file: inline evaluation of: ``String totalRecords = vars.get("totalRecords"); String perpage = vars.get("perpa . . . '' : Typed variable declaration : Method Invocation Integer.parseInt
2021-05-31 11:44:00,042 ERROR o.a.j.u.BeanShellInterpreter: Error invoking bsh method: eval	Sourced file: inline evaluation of: ``String totalRecords = vars.get("totalRecords"); String perpage = vars.get("perpa . . . '' : Typed variable declaration : Method Invocation Integer.parseInt
2021-05-31 11:44:00,043 WARN o.a.j.e.BeanShellPostProcessor: Problem in BeanShell script: org.apache.jorphan.util.JMeterException: Error invoking bsh method: eval	Sourced file: inline evaluation of: ``String totalRecords = vars.get("totalRecords"); String perpage = vars.get("perpa . . . '' : Typed variable declaration : Method Invocation Integer.parseInt
2021-05-31 11:44:00,043 INFO o.a.j.r.Summariser: summary +    228 in 00:00:29 =    7.9/s Avg:   824 Min:   337 Max:  5551 Err:     0 (0.00%) Active: 9 Started: 10 Finished: 1
2021-05-31 11:44:00,043 INFO o.a.j.r.Summariser: summary =   1011 in 00:03:42 =    4.6/s Avg:  1213 Min:    43 Max: 22194 Err:     1 (0.10%)
2021-05-31 11:44:02,752 ERROR o.a.j.u.BeanShellInterpreter: Error invoking bsh method: eval	Sourced file: inline evaluation of: ``String totalRecords = vars.get("totalRecords"); String perpage = vars.get("perpa . . . '' : Typed variable declaration : Method Invocation Integer.parseInt
2021-05-31 11:44:02,752 WARN o.a.j.e.BeanShellPostProcessor: Problem in BeanShell script: org.apache.jorphan.util.JMeterException: Error invoking bsh method: eval	Sourced file: inline evaluation of: ``String totalRecords = vars.get("totalRecords"); String perpage = vars.get("perpa . . . '' : Typed variable declaration : Method Invocation Integer.parseInt
2021-05-31 11:44:08,337 ERROR o.a.j.u.BeanShellInterpreter: Error invoking bsh method: eval	Sourced file: inline evaluation of: ``String totalRecords = vars.get("totalRecords"); String perpage = vars.get("perpa . . . '' : Typed variable declaration : Method Invocation Integer.parseInt
2021-05-31 11:44:08,337 WARN o.a.j.e.BeanShellPostProcessor: Problem in BeanShell script: org.apache.jorphan.util.JMeterException: Error invoking bsh method: eval	Sourced file: inline evaluation of: ``String totalRecords = vars.get("totalRecords"); String perpage = vars.get("perpa . . . '' : Typed variable declaration : Method Invocation Integer.parseInt
2021-05-31 11:44:10,538 ERROR o.a.j.u.BeanShellInterpreter: Error invoking bsh method: eval	Sourced file: inline evaluation of: ``String totalRecords = vars.get("totalRecords"); String perpage = vars.get("perpa . . . '' : Typed variable declaration : Method Invocation Integer.parseInt
2021-05-31 11:44:10,538 WARN o.a.j.e.BeanShellPostProcessor: Problem in BeanShell script: org.apache.jorphan.util.JMeterException: Error invoking bsh method: eval	Sourced file: inline evaluation of: ``String totalRecords = vars.get("totalRecords"); String perpage = vars.get("perpa . . . '' : Typed variable declaration : Method Invocation Integer.parseInt
2021-05-31 11:44:12,579 ERROR o.a.j.u.BeanShellInterpreter: Error invoking bsh method: eval	Sourced file: inline evaluation of: ``String totalRecords = vars.get("totalRecords"); String perpage = vars.get("perpa . . . '' : Typed variable declaration : Method Invocation Integer.parseInt
2021-05-31 11:44:12,579 WARN o.a.j.e.BeanShellPostProcessor: Problem in BeanShell script: org.apache.jorphan.util.JMeterException: Error invoking bsh method: eval	Sourced file: inline evaluation of: ``String totalRecords = vars.get("totalRecords"); String perpage = vars.get("perpa . . . '' : Typed variable declaration : Method Invocation Integer.parseInt
2021-05-31 11:44:15,554 ERROR o.a.j.u.BeanShellInterpreter: Error invoking bsh method: eval	Sourced file: inline evaluation of: ``String totalRecords = vars.get("totalRecords"); String perpage = vars.get("perpa . . . '' : Typed variable declaration : Method Invocation Integer.parseInt
2021-05-31 11:44:15,554 WARN o.a.j.e.BeanShellPostProcessor: Problem in BeanShell script: org.apache.jorphan.util.JMeterException: Error invoking bsh method: eval	Sourced file: inline evaluation of: ``String totalRecords = vars.get("totalRecords"); String perpage = vars.get("perpa . . . '' : Typed variable declaration : Method Invocation Integer.parseInt
2021-05-31 11:44:17,428 ERROR o.a.j.u.BeanShellInterpreter: Error invoking bsh method: eval	Sourced file: inline evaluation of: ``String totalRecords = vars.get("totalRecords"); String perpage = vars.get("perpa . . . '' : Typed variable declaration : Method Invocation Integer.parseInt
2021-05-31 11:44:17,428 WARN o.a.j.e.BeanShellPostProcessor: Problem in BeanShell script: org.apache.jorphan.util.JMeterException: Error invoking bsh method: eval	Sourced file: inline evaluation of: ``String totalRecords = vars.get("totalRecords"); String perpage = vars.get("perpa . . . '' : Typed variable declaration : Method Invocation Integer.parseInt
2021-05-31 11:44:31,300 INFO o.a.j.r.Summariser: summary +     67 in 00:00:31 =    2.1/s Avg:  2240 Min:   344 Max: 12177 Err:     0 (0.00%) Active: 9 Started: 10 Finished: 1
2021-05-31 11:44:31,301 INFO o.a.j.r.Summariser: summary =   1078 in 00:04:13 =    4.3/s Avg:  1277 Min:    43 Max: 22194 Err:     1 (0.09%)
2021-05-31 11:45:00,891 INFO o.a.j.r.Summariser: summary +     50 in 00:00:30 =    1.7/s Avg:  3564 Min:   492 Max: 11439 Err:     0 (0.00%) Active: 9 Started: 10 Finished: 1
2021-05-31 11:45:00,892 INFO o.a.j.r.Summariser: summary =   1128 in 00:04:43 =    4.0/s Avg:  1378 Min:    43 Max: 22194 Err:     1 (0.09%)
2021-05-31 11:45:14,815 INFO o.a.j.t.JMeterThread: Stop Thread detected by thread: L1-iSource-Auction-NonPricingRescheduleEvent-JOB 1-8
2021-05-31 11:45:14,815 INFO o.a.j.t.JMeterThread: Thread finished: L1-iSource-Auction-NonPricingRescheduleEvent-JOB 1-8
2021-05-31 11:45:30,061 INFO o.a.j.r.Summariser: summary +    116 in 00:00:29 =    4.0/s Avg:  2230 Min:   353 Max: 60393 Err:     1 (0.86%) Active: 8 Started: 10 Finished: 2
2021-05-31 11:45:30,061 INFO o.a.j.r.Summariser: summary =   1244 in 00:05:12 =    4.0/s Avg:  1458 Min:    43 Max: 60393 Err:     2 (0.16%)
2021-05-31 11:45:57,023 INFO o.a.j.s.FileServer: Stored: D:\apache-jmeter-5.1\apache-jmeter-5.1\bin\excel\isource\suppliers_partner.csv Alias: D:\apache-jmeter-5.1\apache-jmeter-5.1\bin\excel\isource\suppliers_partner.csv@584157293
2021-05-31 11:46:00,241 INFO o.a.j.r.Summariser: summary +     63 in 00:00:30 =    2.1/s Avg:  3353 Min:   331 Max: 15993 Err:     0 (0.00%) Active: 8 Started: 10 Finished: 2
2021-05-31 11:46:00,242 INFO o.a.j.r.Summariser: summary =   1307 in 00:05:42 =    3.8/s Avg:  1549 Min:    43 Max: 60393 Err:     2 (0.15%)
2021-05-31 11:46:30,124 INFO o.a.j.r.Summariser: summary +     82 in 00:00:30 =    2.7/s Avg:  1365 Min:   288 Max: 14599 Err:     0 (0.00%) Active: 8 Started: 10 Finished: 2
2021-05-31 11:46:30,125 INFO o.a.j.r.Summariser: summary =   1389 in 00:06:12 =    3.7/s Avg:  1538 Min:    43 Max: 60393 Err:     2 (0.14%)
2021-05-31 11:47:00,304 INFO o.a.j.r.Summariser: summary +    114 in 00:00:30 =    3.8/s Avg:  1559 Min:   267 Max: 10646 Err:     0 (0.00%) Active: 8 Started: 10 Finished: 2
2021-05-31 11:47:00,305 INFO o.a.j.r.Summariser: summary =   1503 in 00:06:42 =    3.7/s Avg:  1540 Min:    43 Max: 60393 Err:     2 (0.13%)
2021-05-31 11:47:30,354 INFO o.a.j.r.Summariser: summary +     90 in 00:00:30 =    3.0/s Avg:  1771 Min:   253 Max:  7385 Err:     0 (0.00%) Active: 8 Started: 10 Finished: 2
2021-05-31 11:47:30,354 INFO o.a.j.r.Summariser: summary =   1593 in 00:07:12 =    3.7/s Avg:  1553 Min:    43 Max: 60393 Err:     2 (0.13%)
2021-05-31 11:48:00,073 INFO o.a.j.r.Summariser: summary +     87 in 00:00:30 =    2.9/s Avg:  2134 Min:   267 Max: 11223 Err:     0 (0.00%) Active: 8 Started: 10 Finished: 2
2021-05-31 11:48:00,073 INFO o.a.j.r.Summariser: summary =   1680 in 00:07:42 =    3.6/s Avg:  1583 Min:    43 Max: 60393 Err:     2 (0.12%)
2021-05-31 11:49:30,625 INFO o.a.j.r.Summariser: summary +     19 in 00:01:31 =    0.2/s Avg:  2962 Min:   276 Max: 12017 Err:     0 (0.00%) Active: 8 Started: 10 Finished: 2
2021-05-31 11:49:30,625 INFO o.a.j.r.Summariser: summary =   1699 in 00:09:12 =    3.1/s Avg:  1598 Min:    43 Max: 60393 Err:     2 (0.12%)
2021-05-31 11:50:00,251 INFO o.a.j.r.Summariser: summary +     69 in 00:00:30 =    2.3/s Avg:  2146 Min:   277 Max: 10026 Err:     0 (0.00%) Active: 8 Started: 10 Finished: 2
2021-05-31 11:50:00,251 INFO o.a.j.r.Summariser: summary =   1768 in 00:09:42 =    3.0/s Avg:  1620 Min:    43 Max: 60393 Err:     2 (0.11%)
2021-05-31 11:50:30,209 INFO o.a.j.r.Summariser: summary +     64 in 00:00:30 =    2.1/s Avg:  3463 Min:   337 Max: 11054 Err:     0 (0.00%) Active: 8 Started: 10 Finished: 2
2021-05-31 11:50:30,210 INFO o.a.j.r.Summariser: summary =   1832 in 00:10:12 =    3.0/s Avg:  1684 Min:    43 Max: 60393 Err:     2 (0.11%)
2021-05-31 11:51:00,457 INFO o.a.j.r.Summariser: summary +     94 in 00:00:30 =    3.1/s Avg:  2083 Min:   295 Max:  6690 Err:     0 (0.00%) Active: 8 Started: 10 Finished: 2
2021-05-31 11:51:00,458 INFO o.a.j.r.Summariser: summary =   1926 in 00:10:42 =    3.0/s Avg:  1703 Min:    43 Max: 60393 Err:     2 (0.10%)
2021-05-31 11:51:30,106 INFO o.a.j.r.Summariser: summary +     79 in 00:00:30 =    2.7/s Avg:  1625 Min:   294 Max:  9109 Err:     0 (0.00%) Active: 8 Started: 10 Finished: 2
2021-05-31 11:51:30,107 INFO o.a.j.r.Summariser: summary =   2005 in 00:11:12 =    3.0/s Avg:  1700 Min:    43 Max: 60393 Err:     2 (0.10%)
2021-05-31 11:52:00,201 INFO o.a.j.r.Summariser: summary +    123 in 00:00:30 =    4.1/s Avg:  1504 Min:   298 Max:  9439 Err:     0 (0.00%) Active: 8 Started: 10 Finished: 2
2021-05-31 11:52:00,201 INFO o.a.j.r.Summariser: summary =   2128 in 00:11:42 =    3.0/s Avg:  1689 Min:    43 Max: 60393 Err:     2 (0.09%)
2021-05-31 11:52:30,707 INFO o.a.j.r.Summariser: summary +     70 in 00:00:31 =    2.3/s Avg:  2724 Min:   463 Max: 11051 Err:     0 (0.00%) Active: 8 Started: 10 Finished: 2
2021-05-31 11:52:30,707 INFO o.a.j.r.Summariser: summary =   2198 in 00:12:12 =    3.0/s Avg:  1722 Min:    43 Max: 60393 Err:     2 (0.09%)
2021-05-31 11:53:01,072 INFO o.a.j.r.Summariser: summary +     62 in 00:00:30 =    2.0/s Avg:  2450 Min:   399 Max:  7814 Err:     0 (0.00%) Active: 8 Started: 10 Finished: 2
2021-05-31 11:53:01,072 INFO o.a.j.r.Summariser: summary =   2260 in 00:12:43 =    3.0/s Avg:  1742 Min:    43 Max: 60393 Err:     2 (0.09%)
2021-05-31 11:55:00,147 INFO o.a.j.r.Summariser: summary +    101 in 00:01:59 =    0.8/s Avg:  2128 Min:   268 Max:  9761 Err:     0 (0.00%) Active: 8 Started: 10 Finished: 2
2021-05-31 11:55:00,147 INFO o.a.j.r.Summariser: summary =   2361 in 00:14:42 =    2.7/s Avg:  1758 Min:    43 Max: 60393 Err:     2 (0.08%)
2021-05-31 11:55:30,074 INFO o.a.j.r.Summariser: summary +    136 in 00:00:30 =    4.5/s Avg:  1783 Min:   265 Max:  9592 Err:     0 (0.00%) Active: 8 Started: 10 Finished: 2
2021-05-31 11:55:30,075 INFO o.a.j.r.Summariser: summary =   2497 in 00:15:12 =    2.7/s Avg:  1760 Min:    43 Max: 60393 Err:     2 (0.08%)
2021-05-31 11:56:00,073 INFO o.a.j.r.Summariser: summary +    116 in 00:00:30 =    3.9/s Avg:  2012 Min:   301 Max: 14934 Err:     0 (0.00%) Active: 8 Started: 10 Finished: 2
2021-05-31 11:56:00,073 INFO o.a.j.r.Summariser: summary =   2613 in 00:15:42 =    2.8/s Avg:  1771 Min:    43 Max: 60393 Err:     2 (0.08%)
2021-05-31 11:56:30,189 INFO o.a.j.r.Summariser: summary +    103 in 00:00:30 =    3.4/s Avg:  1701 Min:   374 Max: 13484 Err:     0 (0.00%) Active: 8 Started: 10 Finished: 2
2021-05-31 11:56:30,190 INFO o.a.j.r.Summariser: summary =   2716 in 00:16:12 =    2.8/s Avg:  1768 Min:    43 Max: 60393 Err:     2 (0.07%)
2021-05-31 11:57:30,214 INFO o.a.j.r.Summariser: summary +     84 in 00:01:00 =    1.4/s Avg:  1269 Min:   349 Max:  7461 Err:     0 (0.00%) Active: 8 Started: 10 Finished: 2
2021-05-31 11:57:30,215 INFO o.a.j.r.Summariser: summary =   2800 in 00:17:12 =    2.7/s Avg:  1753 Min:    43 Max: 60393 Err:     2 (0.07%)
2021-05-31 11:58:00,306 INFO o.a.j.r.Summariser: summary +     67 in 00:00:30 =    2.2/s Avg:  2232 Min:   339 Max: 11737 Err:     0 (0.00%) Active: 8 Started: 10 Finished: 2
2021-05-31 11:58:00,306 INFO o.a.j.r.Summariser: summary =   2867 in 00:17:42 =    2.7/s Avg:  1765 Min:    43 Max: 60393 Err:     2 (0.07%)
2021-05-31 11:58:30,224 INFO o.a.j.r.Summariser: summary +     10 in 00:00:30 =    0.3/s Avg:  2263 Min:   406 Max: 11445 Err:     0 (0.00%) Active: 8 Started: 10 Finished: 2
2021-05-31 11:58:30,224 INFO o.a.j.r.Summariser: summary =   2877 in 00:18:12 =    2.6/s Avg:  1766 Min:    43 Max: 60393 Err:     2 (0.07%)
2021-05-31 11:58:38,909 INFO o.a.j.t.JMeterThread: Thread is done: L1-iSource-Auction-NonPricingRescheduleEvent-JOB 1-3
2021-05-31 11:58:38,909 INFO o.a.j.t.JMeterThread: Thread finished: L1-iSource-Auction-NonPricingRescheduleEvent-JOB 1-3
2021-05-31 11:58:39,734 INFO o.a.j.t.JMeterThread: Thread is done: L1-iSource-Auction-NonPricingRescheduleEvent-JOB 1-1
2021-05-31 11:58:39,734 INFO o.a.j.t.JMeterThread: Thread finished: L1-iSource-Auction-NonPricingRescheduleEvent-JOB 1-1
2021-05-31 11:58:40,972 INFO o.a.j.t.JMeterThread: Thread is done: L1-iSource-Auction-NonPricingRescheduleEvent-JOB 1-5
2021-05-31 11:58:40,972 INFO o.a.j.t.JMeterThread: Thread finished: L1-iSource-Auction-NonPricingRescheduleEvent-JOB 1-5
2021-05-31 11:58:41,483 INFO o.a.j.t.JMeterThread: Thread is done: L1-iSource-Auction-NonPricingRescheduleEvent-JOB 1-2
2021-05-31 11:58:41,483 INFO o.a.j.t.JMeterThread: Thread finished: L1-iSource-Auction-NonPricingRescheduleEvent-JOB 1-2
2021-05-31 11:58:51,929 INFO o.a.j.t.JMeterThread: Thread is done: L1-iSource-Auction-NonPricingRescheduleEvent-JOB 1-7
2021-05-31 11:58:51,929 INFO o.a.j.t.JMeterThread: Thread finished: L1-iSource-Auction-NonPricingRescheduleEvent-JOB 1-7
2021-05-31 11:58:55,359 INFO o.a.j.t.JMeterThread: Thread is done: L1-iSource-Auction-NonPricingRescheduleEvent-JOB 1-6
2021-05-31 11:58:55,359 INFO o.a.j.t.JMeterThread: Thread finished: L1-iSource-Auction-NonPricingRescheduleEvent-JOB 1-6
2021-05-31 11:58:59,714 INFO o.a.j.t.JMeterThread: Thread is done: L1-iSource-Auction-NonPricingRescheduleEvent-JOB 1-9
2021-05-31 11:58:59,714 INFO o.a.j.t.JMeterThread: Thread finished: L1-iSource-Auction-NonPricingRescheduleEvent-JOB 1-9
2021-05-31 11:59:00,650 INFO o.a.j.r.Summariser: summary +     76 in 00:00:30 =    2.5/s Avg:  1167 Min:   349 Max:  2314 Err:     0 (0.00%) Active: 1 Started: 10 Finished: 9
2021-05-31 11:59:00,651 INFO o.a.j.r.Summariser: summary =   2953 in 00:18:42 =    2.6/s Avg:  1751 Min:    43 Max: 60393 Err:     2 (0.07%)
2021-05-31 11:59:01,170 INFO o.a.j.t.JMeterThread: Thread is done: L1-iSource-Auction-NonPricingRescheduleEvent-JOB 1-10
2021-05-31 11:59:01,170 INFO o.a.j.t.JMeterThread: Thread finished: L1-iSource-Auction-NonPricingRescheduleEvent-JOB 1-10
2021-05-31 11:59:01,171 INFO o.a.j.e.StandardJMeterEngine: Notifying test listeners of end of test
2021-05-31 11:59:01,171 INFO o.a.j.s.FileServer: Close: D:\apache-jmeter-5.1\apache-jmeter-5.1\bin\excel\isource\suppliers_partner.csv@584157293
2021-05-31 11:59:01,172 INFO o.a.j.s.FileServer: Close: D:\apache-jmeter-5.1\apache-jmeter-5.1\bin\excel\isource\Partner_ZCS_Users.csv
2021-05-31 11:59:01,173 INFO o.a.j.r.Summariser: summary +      1 in 00:00:01 =    1.9/s Avg:   519 Min:   519 Max:   519 Err:     0 (0.00%) Active: 0 Started: 10 Finished: 10
2021-05-31 11:59:01,173 INFO o.a.j.r.Summariser: summary =   2954 in 00:18:43 =    2.6/s Avg:  1750 Min:    43 Max: 60393 Err:     2 (0.07%)
2021-05-31 11:59:01,173 INFO o.a.j.JMeter: Generating Dashboard
2021-05-31 11:59:01,173 INFO o.a.j.r.d.ReportGenerator: Flushing result collector before report Generation
2021-05-31 11:59:01,183 INFO o.a.j.r.p.NormalizerSampleConsumer: Using format, 'ms', to parse timeStamp field
2021-05-31 11:59:01,362 INFO o.a.j.r.p.AbstractSampleConsumer: class org.apache.jmeter.report.processor.AggregateConsumer#stopProducing(): beginDate produced 0 samples
2021-05-31 11:59:01,362 INFO o.a.j.r.p.AbstractSampleConsumer: class org.apache.jmeter.report.processor.AggregateConsumer#stopProducing(): endDate produced 0 samples
2021-05-31 11:59:01,364 INFO o.a.j.r.p.AbstractSampleConsumer: class org.apache.jmeter.report.processor.ApdexSummaryConsumer#stopProducing(): apdexSummary produced 0 samples
2021-05-31 11:59:01,364 INFO o.a.j.r.p.AbstractSampleConsumer: class org.apache.jmeter.report.processor.RequestsSummaryConsumer#stopProducing(): requestsSummary produced 0 samples
2021-05-31 11:59:01,373 INFO o.a.j.r.p.AbstractSampleConsumer: class org.apache.jmeter.report.processor.StatisticsSummaryConsumer#stopProducing(): statisticsSummary produced 0 samples
2021-05-31 11:59:01,377 INFO o.a.j.r.p.AbstractSampleConsumer: class org.apache.jmeter.report.processor.Top5ErrorsBySamplerConsumer#stopProducing(): top5ErrorsBySampler produced 0 samples
2021-05-31 11:59:01,377 INFO o.a.j.r.p.AbstractSampleConsumer: class org.apache.jmeter.report.processor.ErrorsSummaryConsumer#stopProducing(): errorsSummary produced 0 samples
2021-05-31 11:59:01,377 INFO o.a.j.r.p.AbstractSampleConsumer: class org.apache.jmeter.report.processor.graph.impl.HitsPerSecondGraphConsumer#stopProducing(): hitsPerSecond produced 0 samples
2021-05-31 11:59:01,408 INFO o.a.j.r.p.AbstractSampleConsumer: class org.apache.jmeter.report.processor.graph.impl.LatencyVSRequestGraphConsumer#stopProducing(): latencyVsRequest produced 0 samples
2021-05-31 11:59:01,410 INFO o.a.j.r.p.AbstractSampleConsumer: class org.apache.jmeter.report.processor.graph.impl.SyntheticResponseTimeDistributionGraphConsumer#stopProducing(): syntheticResponseTimeDistribution produced 0 samples
2021-05-31 11:59:01,410 INFO o.a.j.r.p.AbstractSampleConsumer: class org.apache.jmeter.report.processor.graph.impl.BytesThroughputGraphConsumer#stopProducing(): bytesThroughputOverTime produced 0 samples
2021-05-31 11:59:01,410 INFO o.a.j.r.p.AbstractSampleConsumer: class org.apache.jmeter.report.processor.graph.impl.CodesPerSecondGraphConsumer#stopProducing(): codesPerSecond produced 0 samples
2021-05-31 11:59:01,436 INFO o.a.j.r.p.AbstractSampleConsumer: class org.apache.jmeter.report.processor.graph.impl.ResponseTimeVSRequestGraphConsumer#stopProducing(): responseTimeVsRequest produced 0 samples
2021-05-31 11:59:01,436 INFO o.a.j.r.p.AbstractSampleConsumer: class org.apache.jmeter.report.processor.FilterConsumer#stopProducing(): startIntervalControlerFilter produced 20678 samples
2021-05-31 11:59:01,436 INFO o.a.j.r.p.AbstractSampleConsumer: class org.apache.jmeter.report.processor.graph.impl.TotalTPSGraphConsumer#stopProducing(): totalTPS produced 0 samples
2021-05-31 11:59:01,436 INFO o.a.j.r.p.AbstractSampleConsumer: class org.apache.jmeter.report.processor.graph.impl.ActiveThreadsGraphConsumer#stopProducing(): activeThreadsOverTime produced 0 samples
2021-05-31 11:59:01,436 INFO o.a.j.r.p.AbstractSampleConsumer: class org.apache.jmeter.report.processor.graph.impl.TimeVSThreadGraphConsumer#stopProducing(): timeVsThreads produced 0 samples
2021-05-31 11:59:01,449 INFO o.a.j.r.p.AbstractSampleConsumer: class org.apache.jmeter.report.processor.graph.impl.ResponseTimeDistributionGraphConsumer#stopProducing(): responseTimeDistribution produced 0 samples
2021-05-31 11:59:01,452 INFO o.a.j.r.p.AbstractSampleConsumer: class org.apache.jmeter.report.processor.graph.impl.TransactionsPerSecondGraphConsumer#stopProducing(): transactionsPerSecond produced 0 samples
2021-05-31 11:59:01,454 INFO o.a.j.r.p.AbstractSampleConsumer: class org.apache.jmeter.report.processor.graph.impl.ResponseTimePercentilesGraphConsumer#stopProducing(): responseTimePercentiles produced 0 samples
2021-05-31 11:59:01,491 INFO o.a.j.r.p.AbstractSampleConsumer: class org.apache.jmeter.report.processor.graph.impl.ResponseTimePercentilesOverTimeGraphConsumer#stopProducing(): responseTimePercentilesOverTime produced 0 samples
2021-05-31 11:59:01,492 INFO o.a.j.r.p.AbstractSampleConsumer: class org.apache.jmeter.report.processor.graph.impl.ResponseTimeOverTimeGraphConsumer#stopProducing(): responseTimesOverTime produced 0 samples
2021-05-31 11:59:01,495 INFO o.a.j.r.p.AbstractSampleConsumer: class org.apache.jmeter.report.processor.graph.impl.ConnectTimeOverTimeGraphConsumer#stopProducing(): connectTimeOverTime produced 0 samples
2021-05-31 11:59:01,497 INFO o.a.j.r.p.AbstractSampleConsumer: class org.apache.jmeter.report.processor.graph.impl.LatencyOverTimeGraphConsumer#stopProducing(): latenciesOverTime produced 0 samples
2021-05-31 11:59:01,500 INFO o.a.j.r.p.AbstractSampleConsumer: class org.apache.jmeter.report.processor.FilterConsumer#stopProducing(): nameFilter produced 51585 samples
2021-05-31 11:59:01,500 INFO o.a.j.r.p.AbstractSampleConsumer: class org.apache.jmeter.report.processor.FilterConsumer#stopProducing(): dateRangeFilter produced 10317 samples
2021-05-31 11:59:01,500 INFO o.a.j.r.p.AbstractSampleConsumer: class org.apache.jmeter.report.processor.NormalizerSampleConsumer#stopProducing(): normalizer produced 3439 samples
2021-05-31 11:59:01,500 INFO o.a.j.r.p.CsvFileSampleSource: produce(): 3439 samples produced in 301ms on channel 0
2021-05-31 11:59:01,500 INFO o.a.j.r.d.ReportGenerator: Exporting data using exporter:'json' of className:'org.apache.jmeter.report.dashboard.JsonExporter'
2021-05-31 11:59:01,502 INFO o.a.j.r.d.JsonExporter: Found data for consumer statisticsSummary in context
2021-05-31 11:59:01,502 INFO o.a.j.r.d.JsonExporter: Creating statistics for overall
2021-05-31 11:59:01,502 INFO o.a.j.r.d.JsonExporter: Creating statistics for other transactions
2021-05-31 11:59:01,503 INFO o.a.j.r.d.JsonExporter: Checking output folder
2021-05-31 11:59:01,504 INFO o.a.j.r.d.JsonExporter: Writing statistics JSON to C:\xampp\htdocs\PerformancePostgres\L1_iSource_10_AuctionNonPricingRescheduleEvent_2021-05-31_7\statistics.json
2021-05-31 11:59:01,636 INFO o.a.j.r.d.ReportGenerator: Exporting data using exporter:'html' of className:'org.apache.jmeter.report.dashboard.HtmlTemplateExporter'
2021-05-31 11:59:01,638 INFO o.a.j.r.d.HtmlTemplateExporter: Will generate dashboard in folder: C:\xampp\htdocs\PerformancePostgres\L1_iSource_10_AuctionNonPricingRescheduleEvent_2021-05-31_7
2021-05-31 11:59:01,987 INFO o.a.j.r.d.HtmlTemplateExporter: Report will be generated in: C:\xampp\htdocs\PerformancePostgres\L1_iSource_10_AuctionNonPricingRescheduleEvent_2021-05-31_7, creating folder structure
2021-05-31 11:59:01,991 INFO o.a.j.r.d.TemplateVisitor: Copying folder from 'D:\apache-jmeter-5.1\apache-jmeter-5.1\bin\report-template' to 'C:\xampp\htdocs\PerformancePostgres\L1_iSource_10_AuctionNonPricingRescheduleEvent_2021-05-31_7', got message:[C:\xampp\htdocs\PerformancePostgres\L1_iSource_10_AuctionNonPricingRescheduleEvent_2021-05-31_7\statistics.json], found non empty folder with following content {}, will be ignored
2021-05-31 11:59:02,690 INFO o.a.j.JMeter: Dashboard generated
