2021-05-25 11:06:56,476 INFO o.a.j.u.JMeterUtils: Setting Locale to en_EN
2021-05-25 11:06:56,486 INFO o.a.j.JMeter: Loading user properties from: user.properties
2021-05-25 11:06:56,486 INFO o.a.j.JMeter: Loading system properties from: system.properties
2021-05-25 11:06:56,487 INFO o.a.j.JMeter: Setting JMeter property: meter.reportgenerator.report_title=AuctionAnalyze
2021-05-25 11:06:56,487 INFO o.a.j.JMeter: Setting JMeter property: thread=10
2021-05-25 11:06:56,487 INFO o.a.j.JMeter: Setting JMeter property: rampup=50
2021-05-25 11:06:56,491 INFO o.a.j.JMeter: Copyright (c) 1998-2019 The Apache Software Foundation
2021-05-25 11:06:56,492 INFO o.a.j.JMeter: Version 5.1 r1853635
2021-05-25 11:06:56,492 INFO o.a.j.JMeter: java.version=1.8.0_121
2021-05-25 11:06:56,492 INFO o.a.j.JMeter: java.vm.name=Java HotSpot(TM) 64-Bit Server VM
2021-05-25 11:06:56,492 INFO o.a.j.JMeter: os.name=Windows 10
2021-05-25 11:06:56,492 INFO o.a.j.JMeter: os.arch=amd64
2021-05-25 11:06:56,492 INFO o.a.j.JMeter: os.version=10.0
2021-05-25 11:06:56,492 INFO o.a.j.JMeter: file.encoding=Cp1252
2021-05-25 11:06:56,492 INFO o.a.j.JMeter: java.awt.headless=true
2021-05-25 11:06:56,492 INFO o.a.j.JMeter: Max memory     =8589934592
2021-05-25 11:06:56,492 INFO o.a.j.JMeter: Available Processors =6
2021-05-25 11:06:56,495 INFO o.a.j.JMeter: Default Locale=English (EN)
2021-05-25 11:06:56,495 INFO o.a.j.JMeter: JMeter  Locale=English (EN)
2021-05-25 11:06:56,495 INFO o.a.j.JMeter: JMeterHome=D:\apache-jmeter-5.1\apache-jmeter-5.1
2021-05-25 11:06:56,495 INFO o.a.j.JMeter: user.dir  =D:\apache-jmeter-5.1\apache-jmeter-5.1\bin
2021-05-25 11:06:56,496 INFO o.a.j.JMeter: PWD       =D:\apache-jmeter-5.1\apache-jmeter-5.1\bin
2021-05-25 11:06:56,497 INFO o.a.j.JMeter: IP: 172.30.224.67 Name: ZIPLSY2278 FullName: ZIPLSY2278.zycus.net
2021-05-25 11:06:56,499 INFO o.a.j.JMeter: Setting property 'jmeter.reportgenerator.outputdir' to:'C:\xampp\htdocs\PerformancePostgres\L1_iSource_10_AuctionAnalyze_2021-05-25_2'
2021-05-25 11:06:56,500 INFO o.a.j.s.FileServer: Default base='D:\apache-jmeter-5.1\apache-jmeter-5.1\bin'
2021-05-25 11:06:56,503 INFO o.a.j.s.FileServer: Set new base='D:\PostrgresMigration\iSource'
2021-05-25 11:06:56,596 INFO o.a.j.s.SaveService: Testplan (JMX) version: 2.2. Testlog (JTL) version: 2.2
2021-05-25 11:06:56,606 INFO o.a.j.s.SaveService: Using SaveService properties file encoding UTF-8
2021-05-25 11:06:56,611 INFO o.a.j.s.SaveService: Using SaveService properties version 5.0
2021-05-25 11:06:56,616 INFO o.a.j.s.SaveService: Loading file: D:\PostrgresMigration\iSource\L1_iSource_AuctionAnalyze.jmx
2021-05-25 11:06:56,658 INFO o.a.j.p.h.c.CookieManager: Settings: Delete null: true Check: true Allow variable: true Save: false Prefix: COOKIE_
2021-05-25 11:06:56,662 INFO o.a.j.p.h.c.CacheManager: Will only cache the following methods: [GET]
2021-05-25 11:06:56,670 INFO o.a.j.p.h.s.HTTPSamplerBase: Parser for text/html is org.apache.jmeter.protocol.http.parser.LagartoBasedHtmlParser
2021-05-25 11:06:56,670 INFO o.a.j.p.h.s.HTTPSamplerBase: Parser for application/xhtml+xml is org.apache.jmeter.protocol.http.parser.LagartoBasedHtmlParser
2021-05-25 11:06:56,670 INFO o.a.j.p.h.s.HTTPSamplerBase: Parser for application/xml is org.apache.jmeter.protocol.http.parser.LagartoBasedHtmlParser
2021-05-25 11:06:56,670 INFO o.a.j.p.h.s.HTTPSamplerBase: Parser for text/xml is org.apache.jmeter.protocol.http.parser.LagartoBasedHtmlParser
2021-05-25 11:06:56,670 INFO o.a.j.p.h.s.HTTPSamplerBase: Parser for text/vnd.wap.wml is org.apache.jmeter.protocol.http.parser.RegexpHTMLParser
2021-05-25 11:06:56,670 INFO o.a.j.p.h.s.HTTPSamplerBase: Parser for text/css is org.apache.jmeter.protocol.http.parser.CssParser
2021-05-25 11:06:57,760 INFO o.a.j.JMeter: Creating summariser <summary>
2021-05-25 11:06:57,764 INFO o.a.j.r.d.ReportGenerator: ReportGenerator will use for Parsing the separator: ','
2021-05-25 11:06:57,764 INFO o.a.j.r.d.ReportGenerator: Will generate report at end of test from  results file: D:\PostrgresMigration\iSource\JTL\L1_iSource_10_AuctionAnalyze_2021-05-25_2.jtl
2021-05-25 11:06:57,764 INFO o.a.j.r.d.ReportGenerator: Reading report generator properties from: D:\apache-jmeter-5.1\apache-jmeter-5.1\bin\reportgenerator.properties
2021-05-25 11:06:57,765 INFO o.a.j.r.d.ReportGenerator: Merging with JMeter properties
2021-05-25 11:06:57,769 INFO o.a.j.r.c.ReportGeneratorConfiguration: Property 'jmeter.reportgenerator.temp_dir' not found, using default value 'temp' instead.
2021-05-25 11:06:57,771 INFO o.a.j.r.c.ReportGeneratorConfiguration: Property 'jmeter.reportgenerator.apdex_per_transaction' not found, using default value 'null' instead.
2021-05-25 11:06:57,771 INFO o.a.j.r.c.ReportGeneratorConfiguration: apdex_per_transaction : {} is empty, not APDEX per transaction customization
2021-05-25 11:06:57,771 INFO o.a.j.r.c.ReportGeneratorConfiguration: Property 'jmeter.reportgenerator.sample_filter' not found, using default value 'null' instead.
2021-05-25 11:06:57,771 INFO o.a.j.r.c.ReportGeneratorConfiguration: Property 'jmeter.reportgenerator.report_title' not found, using default value 'null' instead.
2021-05-25 11:06:57,771 INFO o.a.j.r.c.ReportGeneratorConfiguration: Property 'jmeter.reportgenerator.start_date' not found, using default value 'null' instead.
2021-05-25 11:06:57,772 INFO o.a.j.r.c.ReportGeneratorConfiguration: Property 'jmeter.reportgenerator.end_date' not found, using default value 'null' instead.
2021-05-25 11:06:57,772 INFO o.a.j.r.c.ReportGeneratorConfiguration: Property 'jmeter.reportgenerator.date_format' not found, using default value 'null' instead.
2021-05-25 11:06:57,772 INFO o.a.j.r.c.ReportGeneratorConfiguration: Will use date range start date: null, end date: null
2021-05-25 11:06:57,776 INFO o.a.j.r.c.ReportGeneratorConfiguration: Property 'jmeter.reportgenerator.graph.totalTPS.exclude_controllers' not found, using default value 'false' instead.
2021-05-25 11:06:57,776 INFO o.a.j.r.c.ReportGeneratorConfiguration: Property 'jmeter.reportgenerator.graph.activeThreadsOverTime.exclude_controllers' not found, using default value 'false' instead.
2021-05-25 11:06:57,776 INFO o.a.j.r.c.ReportGeneratorConfiguration: Property 'jmeter.reportgenerator.graph.timeVsThreads.exclude_controllers' not found, using default value 'false' instead.
2021-05-25 11:06:57,776 INFO o.a.j.r.c.ReportGeneratorConfiguration: Property 'jmeter.reportgenerator.graph.responseTimeDistribution.exclude_controllers' not found, using default value 'false' instead.
2021-05-25 11:06:57,776 INFO o.a.j.r.c.ReportGeneratorConfiguration: Property 'jmeter.reportgenerator.graph.transactionsPerSecond.exclude_controllers' not found, using default value 'false' instead.
2021-05-25 11:06:57,776 INFO o.a.j.r.c.ReportGeneratorConfiguration: Property 'jmeter.reportgenerator.graph.responseTimePercentiles.exclude_controllers' not found, using default value 'false' instead.
2021-05-25 11:06:57,776 INFO o.a.j.r.c.ReportGeneratorConfiguration: Property 'jmeter.reportgenerator.graph.responseTimePercentilesOverTime.exclude_controllers' not found, using default value 'false' instead.
2021-05-25 11:06:57,776 INFO o.a.j.r.c.ReportGeneratorConfiguration: Property 'jmeter.reportgenerator.graph.responseTimesOverTime.exclude_controllers' not found, using default value 'false' instead.
2021-05-25 11:06:57,776 INFO o.a.j.r.c.ReportGeneratorConfiguration: Property 'jmeter.reportgenerator.graph.connectTimeOverTime.exclude_controllers' not found, using default value 'false' instead.
2021-05-25 11:06:57,777 INFO o.a.j.r.c.ReportGeneratorConfiguration: Property 'jmeter.reportgenerator.graph.latenciesOverTime.exclude_controllers' not found, using default value 'false' instead.
2021-05-25 11:06:57,777 INFO o.a.j.r.c.ReportGeneratorConfiguration: Property 'jmeter.reportgenerator.exporter.json.filters_only_sample_series' not found, using default value 'true' instead.
2021-05-25 11:06:57,777 INFO o.a.j.r.c.ReportGeneratorConfiguration: Property 'jmeter.reportgenerator.exporter.json.series_filter' not found, using default value '' instead.
2021-05-25 11:06:57,777 INFO o.a.j.r.c.ReportGeneratorConfiguration: Property 'jmeter.reportgenerator.exporter.json.show_controllers_only' not found, using default value 'false' instead.
2021-05-25 11:06:57,778 INFO o.a.j.r.c.ReportGeneratorConfiguration: Property 'jmeter.reportgenerator.exporter.html.filters_only_sample_series' not found, using default value 'true' instead.
2021-05-25 11:06:57,778 INFO o.a.j.r.c.ReportGeneratorConfiguration: Property 'jmeter.reportgenerator.exporter.html.series_filter' not found, using default value '' instead.
2021-05-25 11:06:57,778 INFO o.a.j.r.c.ReportGeneratorConfiguration: Property 'jmeter.reportgenerator.exporter.html.show_controllers_only' not found, using default value 'false' instead.
2021-05-25 11:06:57,782 INFO o.a.j.e.StandardJMeterEngine: Running the test!
2021-05-25 11:06:57,782 INFO o.a.j.s.SampleEvent: List of sample_variables: []
2021-05-25 11:06:57,782 INFO o.a.j.s.SampleEvent: List of sample_variables: []
2021-05-25 11:06:57,787 INFO o.a.j.e.u.CompoundVariable: Note: Function class names must contain the string: '.functions.'
2021-05-25 11:06:57,787 INFO o.a.j.e.u.CompoundVariable: Note: Function class names must not contain the string: '.gui.'
2021-05-25 11:06:58,239 INFO o.a.j.JMeter: Running test (1621921018239)
2021-05-25 11:06:58,329 INFO o.a.j.e.StandardJMeterEngine: Starting ThreadGroup: 1 : L1_iSource_AuctionAnalyze-Job
2021-05-25 11:06:58,329 INFO o.a.j.e.StandardJMeterEngine: Starting 10 threads for group L1_iSource_AuctionAnalyze-Job.
2021-05-25 11:06:58,329 INFO o.a.j.e.StandardJMeterEngine: Thread will stop on error
2021-05-25 11:06:58,329 INFO o.a.j.t.ThreadGroup: Starting thread group... number=1 threads=10 ramp-up=50 perThread=5000.0 delayedStart=false
2021-05-25 11:06:58,381 INFO o.a.j.s.SampleResult: Note: Sample TimeStamps are START times
2021-05-25 11:06:58,381 INFO o.a.j.s.SampleResult: sampleresult.default.encoding is set to ISO-8859-1
2021-05-25 11:06:58,382 INFO o.a.j.s.SampleResult: sampleresult.useNanoTime=true
2021-05-25 11:06:58,382 INFO o.a.j.s.SampleResult: sampleresult.nanoThreadSleep=5000
2021-05-25 11:06:58,406 INFO o.a.j.t.JMeterThread: Thread started: L1_iSource_AuctionAnalyze-Job 1-1
2021-05-25 11:06:58,409 INFO o.a.j.c.LoopController: iterationStart called on Suppliers_BidReco with source org.apache.jmeter.control.LoopController@5325d405 and iteration 1
2021-05-25 11:06:58,409 INFO o.a.j.c.LoopController: iterationStart called on Suppliers_Bidding with source org.apache.jmeter.control.LoopController@5325d405 and iteration 1
2021-05-25 11:06:58,409 INFO o.a.j.c.LoopController: iterationStart called on 5.6# Questions_Text with source org.apache.jmeter.control.LoopController@5325d405 and iteration 1
2021-05-25 11:06:58,409 INFO o.a.j.s.FileServer: Stored: D:\apache-jmeter-5.1\apache-jmeter-5.1\bin\excel\isource\Partner_ZCS_Users.csv
2021-05-25 11:06:58,429 INFO o.a.j.p.h.s.HTTPHCAbstractImpl: Local host = ZIPLSY2278
2021-05-25 11:06:58,436 INFO o.a.j.p.h.s.HTTPHC4Impl: HTTP request retry count = 0
2021-05-25 11:06:58,529 INFO o.a.j.p.h.s.h.LazyLayeredConnectionSocketFactory: Setting up HTTPS TrustAll Socket Factory
2021-05-25 11:06:58,536 INFO o.a.j.u.JsseSSLManager: Using default SSL protocol: TLS
2021-05-25 11:06:58,537 INFO o.a.j.u.JsseSSLManager: SSL session context: per-thread
2021-05-25 11:06:58,762 INFO o.a.j.t.ThreadGroup: Started thread group number 1
2021-05-25 11:06:58,762 INFO o.a.j.e.StandardJMeterEngine: All thread groups have been started
2021-05-25 11:06:59,043 INFO o.a.j.u.SSLManager: JmeterKeyStore Location:  type JKS
2021-05-25 11:06:59,045 INFO o.a.j.u.SSLManager: KeyStore created OK
2021-05-25 11:06:59,045 WARN o.a.j.u.SSLManager: Keystore file not found, loading empty keystore
2021-05-25 11:07:03,412 INFO o.a.j.r.Summariser: summary +      3 in 00:00:05 =    0.6/s Avg:   606 Min:    20 Max:  1268 Err:     0 (0.00%) Active: 1 Started: 1 Finished: 0
2021-05-25 11:07:03,436 INFO o.a.j.t.JMeterThread: Thread started: L1_iSource_AuctionAnalyze-Job 1-2
2021-05-25 11:07:03,437 INFO o.a.j.c.LoopController: iterationStart called on Suppliers_BidReco with source org.apache.jmeter.control.LoopController@34b41dfe and iteration 1
2021-05-25 11:07:03,437 INFO o.a.j.c.LoopController: iterationStart called on Suppliers_Bidding with source org.apache.jmeter.control.LoopController@34b41dfe and iteration 1
2021-05-25 11:07:03,438 INFO o.a.j.c.LoopController: iterationStart called on 5.6# Questions_Text with source org.apache.jmeter.control.LoopController@34b41dfe and iteration 1
2021-05-25 11:07:08,497 INFO o.a.j.t.JMeterThread: Thread started: L1_iSource_AuctionAnalyze-Job 1-3
2021-05-25 11:07:08,500 INFO o.a.j.c.LoopController: iterationStart called on Suppliers_BidReco with source org.apache.jmeter.control.LoopController@16d4a21f and iteration 1
2021-05-25 11:07:08,500 INFO o.a.j.c.LoopController: iterationStart called on Suppliers_Bidding with source org.apache.jmeter.control.LoopController@16d4a21f and iteration 1
2021-05-25 11:07:08,501 INFO o.a.j.c.LoopController: iterationStart called on 5.6# Questions_Text with source org.apache.jmeter.control.LoopController@16d4a21f and iteration 1
2021-05-25 11:07:13,552 INFO o.a.j.t.JMeterThread: Thread started: L1_iSource_AuctionAnalyze-Job 1-4
2021-05-25 11:07:13,553 INFO o.a.j.c.LoopController: iterationStart called on Suppliers_BidReco with source org.apache.jmeter.control.LoopController@61559d4d and iteration 1
2021-05-25 11:07:13,553 INFO o.a.j.c.LoopController: iterationStart called on Suppliers_Bidding with source org.apache.jmeter.control.LoopController@61559d4d and iteration 1
2021-05-25 11:07:13,553 INFO o.a.j.c.LoopController: iterationStart called on 5.6# Questions_Text with source org.apache.jmeter.control.LoopController@61559d4d and iteration 1
2021-05-25 11:07:18,591 INFO o.a.j.t.JMeterThread: Thread started: L1_iSource_AuctionAnalyze-Job 1-5
2021-05-25 11:07:18,594 INFO o.a.j.c.LoopController: iterationStart called on Suppliers_BidReco with source org.apache.jmeter.control.LoopController@360f034 and iteration 1
2021-05-25 11:07:18,595 INFO o.a.j.c.LoopController: iterationStart called on Suppliers_Bidding with source org.apache.jmeter.control.LoopController@360f034 and iteration 1
2021-05-25 11:07:18,595 INFO o.a.j.c.LoopController: iterationStart called on 5.6# Questions_Text with source org.apache.jmeter.control.LoopController@360f034 and iteration 1
2021-05-25 11:07:23,630 INFO o.a.j.t.JMeterThread: Thread started: L1_iSource_AuctionAnalyze-Job 1-6
2021-05-25 11:07:23,631 INFO o.a.j.c.LoopController: iterationStart called on Suppliers_BidReco with source org.apache.jmeter.control.LoopController@48d7ecb0 and iteration 1
2021-05-25 11:07:23,631 INFO o.a.j.c.LoopController: iterationStart called on Suppliers_Bidding with source org.apache.jmeter.control.LoopController@48d7ecb0 and iteration 1
2021-05-25 11:07:23,631 INFO o.a.j.c.LoopController: iterationStart called on 5.6# Questions_Text with source org.apache.jmeter.control.LoopController@48d7ecb0 and iteration 1
2021-05-25 11:07:28,665 INFO o.a.j.t.JMeterThread: Thread started: L1_iSource_AuctionAnalyze-Job 1-7
2021-05-25 11:07:28,666 INFO o.a.j.c.LoopController: iterationStart called on Suppliers_BidReco with source org.apache.jmeter.control.LoopController@62473a9b and iteration 1
2021-05-25 11:07:28,666 INFO o.a.j.c.LoopController: iterationStart called on Suppliers_Bidding with source org.apache.jmeter.control.LoopController@62473a9b and iteration 1
2021-05-25 11:07:28,666 INFO o.a.j.c.LoopController: iterationStart called on 5.6# Questions_Text with source org.apache.jmeter.control.LoopController@62473a9b and iteration 1
2021-05-25 11:07:30,054 INFO o.a.j.r.Summariser: summary +    107 in 00:00:27 =    4.0/s Avg:   336 Min:    13 Max:   996 Err:     0 (0.00%) Active: 7 Started: 7 Finished: 0
2021-05-25 11:07:30,055 INFO o.a.j.r.Summariser: summary =    110 in 00:00:32 =    3.5/s Avg:   343 Min:    13 Max:  1268 Err:     0 (0.00%)
2021-05-25 11:07:33,706 INFO o.a.j.t.JMeterThread: Thread started: L1_iSource_AuctionAnalyze-Job 1-8
2021-05-25 11:07:33,707 INFO o.a.j.c.LoopController: iterationStart called on Suppliers_BidReco with source org.apache.jmeter.control.LoopController@51df0104 and iteration 1
2021-05-25 11:07:33,707 INFO o.a.j.c.LoopController: iterationStart called on Suppliers_Bidding with source org.apache.jmeter.control.LoopController@51df0104 and iteration 1
2021-05-25 11:07:33,707 INFO o.a.j.c.LoopController: iterationStart called on 5.6# Questions_Text with source org.apache.jmeter.control.LoopController@51df0104 and iteration 1
2021-05-25 11:07:38,743 INFO o.a.j.t.JMeterThread: Thread started: L1_iSource_AuctionAnalyze-Job 1-9
2021-05-25 11:07:38,744 INFO o.a.j.c.LoopController: iterationStart called on Suppliers_BidReco with source org.apache.jmeter.control.LoopController@18eb5a59 and iteration 1
2021-05-25 11:07:38,744 INFO o.a.j.c.LoopController: iterationStart called on Suppliers_Bidding with source org.apache.jmeter.control.LoopController@18eb5a59 and iteration 1
2021-05-25 11:07:38,744 INFO o.a.j.c.LoopController: iterationStart called on 5.6# Questions_Text with source org.apache.jmeter.control.LoopController@18eb5a59 and iteration 1
2021-05-25 11:07:43,778 INFO o.a.j.t.JMeterThread: Thread started: L1_iSource_AuctionAnalyze-Job 1-10
2021-05-25 11:07:43,779 INFO o.a.j.c.LoopController: iterationStart called on Suppliers_BidReco with source org.apache.jmeter.control.LoopController@47bff23a and iteration 1
2021-05-25 11:07:43,779 INFO o.a.j.c.LoopController: iterationStart called on Suppliers_Bidding with source org.apache.jmeter.control.LoopController@47bff23a and iteration 1
2021-05-25 11:07:43,779 INFO o.a.j.c.LoopController: iterationStart called on 5.6# Questions_Text with source org.apache.jmeter.control.LoopController@47bff23a and iteration 1
2021-05-25 11:08:00,396 INFO o.a.j.r.Summariser: summary +    138 in 00:00:30 =    4.5/s Avg:  1040 Min:    12 Max: 14474 Err:     0 (0.00%) Active: 10 Started: 10 Finished: 0
2021-05-25 11:08:00,396 INFO o.a.j.r.Summariser: summary =    248 in 00:01:02 =    4.0/s Avg:   731 Min:    12 Max: 14474 Err:     0 (0.00%)
2021-05-25 11:08:30,665 INFO o.a.j.r.Summariser: summary +    148 in 00:00:30 =    4.9/s Avg:  1588 Min:   250 Max: 15723 Err:     0 (0.00%) Active: 10 Started: 10 Finished: 0
2021-05-25 11:08:30,665 INFO o.a.j.r.Summariser: summary =    396 in 00:01:32 =    4.3/s Avg:  1051 Min:    12 Max: 15723 Err:     0 (0.00%)
2021-05-25 11:08:50,453 INFO o.a.j.s.FileServer: Stored: D:\apache-jmeter-5.1\apache-jmeter-5.1\bin\excel\isource\buyer_5_items.xlsx
2021-05-25 11:09:00,410 INFO o.a.j.r.Summariser: summary +    141 in 00:00:30 =    4.7/s Avg:   998 Min:   246 Max:  7539 Err:     0 (0.00%) Active: 10 Started: 10 Finished: 0
2021-05-25 11:09:00,410 INFO o.a.j.r.Summariser: summary =    537 in 00:02:02 =    4.4/s Avg:  1037 Min:    12 Max: 15723 Err:     0 (0.00%)
2021-05-25 11:09:30,015 INFO o.a.j.r.Summariser: summary +     88 in 00:00:30 =    3.0/s Avg:  2113 Min:   253 Max: 20570 Err:     0 (0.00%) Active: 10 Started: 10 Finished: 0
2021-05-25 11:09:30,015 INFO o.a.j.r.Summariser: summary =    625 in 00:02:32 =    4.1/s Avg:  1189 Min:    12 Max: 20570 Err:     0 (0.00%)
2021-05-25 11:10:00,078 INFO o.a.j.r.Summariser: summary +    134 in 00:00:30 =    4.5/s Avg:  2020 Min:   304 Max: 22535 Err:     0 (0.00%) Active: 10 Started: 10 Finished: 0
2021-05-25 11:10:00,078 INFO o.a.j.r.Summariser: summary =    759 in 00:03:02 =    4.2/s Avg:  1335 Min:    12 Max: 22535 Err:     0 (0.00%)
2021-05-25 11:10:29,473 ERROR o.a.j.u.BeanShellInterpreter: Error invoking bsh method: eval	Sourced file: inline evaluation of: ``String totalRecords = vars.get("totalRecords"); String perpage = vars.get("perpa . . . '' : Typed variable declaration : Method Invocation Integer.parseInt
2021-05-25 11:10:29,473 WARN o.a.j.e.BeanShellPostProcessor: Problem in BeanShell script: org.apache.jorphan.util.JMeterException: Error invoking bsh method: eval	Sourced file: inline evaluation of: ``String totalRecords = vars.get("totalRecords"); String perpage = vars.get("perpa . . . '' : Typed variable declaration : Method Invocation Integer.parseInt
2021-05-25 11:10:30,107 INFO o.a.j.r.Summariser: summary +    224 in 00:00:30 =    7.5/s Avg:  1047 Min:   286 Max:  3758 Err:     0 (0.00%) Active: 10 Started: 10 Finished: 0
2021-05-25 11:10:30,107 INFO o.a.j.r.Summariser: summary =    983 in 00:03:32 =    4.6/s Avg:  1270 Min:    12 Max: 22535 Err:     0 (0.00%)
2021-05-25 11:10:38,223 ERROR o.a.j.u.BeanShellInterpreter: Error invoking bsh method: eval	Sourced file: inline evaluation of: ``String totalRecords = vars.get("totalRecords"); String perpage = vars.get("perpa . . . '' : Typed variable declaration : Method Invocation Integer.parseInt
2021-05-25 11:10:38,223 WARN o.a.j.e.BeanShellPostProcessor: Problem in BeanShell script: org.apache.jorphan.util.JMeterException: Error invoking bsh method: eval	Sourced file: inline evaluation of: ``String totalRecords = vars.get("totalRecords"); String perpage = vars.get("perpa . . . '' : Typed variable declaration : Method Invocation Integer.parseInt
2021-05-25 11:10:41,264 ERROR o.a.j.u.BeanShellInterpreter: Error invoking bsh method: eval	Sourced file: inline evaluation of: ``String totalRecords = vars.get("totalRecords"); String perpage = vars.get("perpa . . . '' : Typed variable declaration : Method Invocation Integer.parseInt
2021-05-25 11:10:41,270 WARN o.a.j.e.BeanShellPostProcessor: Problem in BeanShell script: org.apache.jorphan.util.JMeterException: Error invoking bsh method: eval	Sourced file: inline evaluation of: ``String totalRecords = vars.get("totalRecords"); String perpage = vars.get("perpa . . . '' : Typed variable declaration : Method Invocation Integer.parseInt
2021-05-25 11:10:44,117 ERROR o.a.j.u.BeanShellInterpreter: Error invoking bsh method: eval	Sourced file: inline evaluation of: ``String totalRecords = vars.get("totalRecords"); String perpage = vars.get("perpa . . . '' : Typed variable declaration : Method Invocation Integer.parseInt
2021-05-25 11:10:44,117 WARN o.a.j.e.BeanShellPostProcessor: Problem in BeanShell script: org.apache.jorphan.util.JMeterException: Error invoking bsh method: eval	Sourced file: inline evaluation of: ``String totalRecords = vars.get("totalRecords"); String perpage = vars.get("perpa . . . '' : Typed variable declaration : Method Invocation Integer.parseInt
2021-05-25 11:10:47,264 ERROR o.a.j.u.BeanShellInterpreter: Error invoking bsh method: eval	Sourced file: inline evaluation of: ``String totalRecords = vars.get("totalRecords"); String perpage = vars.get("perpa . . . '' : Typed variable declaration : Method Invocation Integer.parseInt
2021-05-25 11:10:47,264 WARN o.a.j.e.BeanShellPostProcessor: Problem in BeanShell script: org.apache.jorphan.util.JMeterException: Error invoking bsh method: eval	Sourced file: inline evaluation of: ``String totalRecords = vars.get("totalRecords"); String perpage = vars.get("perpa . . . '' : Typed variable declaration : Method Invocation Integer.parseInt
2021-05-25 11:10:55,621 ERROR o.a.j.u.BeanShellInterpreter: Error invoking bsh method: eval	Sourced file: inline evaluation of: ``String totalRecords = vars.get("totalRecords"); String perpage = vars.get("perpa . . . '' : Typed variable declaration : Method Invocation Integer.parseInt
2021-05-25 11:10:55,621 WARN o.a.j.e.BeanShellPostProcessor: Problem in BeanShell script: org.apache.jorphan.util.JMeterException: Error invoking bsh method: eval	Sourced file: inline evaluation of: ``String totalRecords = vars.get("totalRecords"); String perpage = vars.get("perpa . . . '' : Typed variable declaration : Method Invocation Integer.parseInt
2021-05-25 11:11:00,014 INFO o.a.j.r.Summariser: summary +    150 in 00:00:30 =    5.0/s Avg:  1276 Min:   285 Max:  9754 Err:     0 (0.00%) Active: 10 Started: 10 Finished: 0
2021-05-25 11:11:00,015 INFO o.a.j.r.Summariser: summary =   1133 in 00:04:02 =    4.7/s Avg:  1270 Min:    12 Max: 22535 Err:     0 (0.00%)
2021-05-25 11:11:05,777 ERROR o.a.j.u.BeanShellInterpreter: Error invoking bsh method: eval	Sourced file: inline evaluation of: ``String totalRecords = vars.get("totalRecords"); String perpage = vars.get("perpa . . . '' : Typed variable declaration : Method Invocation Integer.parseInt
2021-05-25 11:11:05,777 WARN o.a.j.e.BeanShellPostProcessor: Problem in BeanShell script: org.apache.jorphan.util.JMeterException: Error invoking bsh method: eval	Sourced file: inline evaluation of: ``String totalRecords = vars.get("totalRecords"); String perpage = vars.get("perpa . . . '' : Typed variable declaration : Method Invocation Integer.parseInt
2021-05-25 11:11:07,639 ERROR o.a.j.u.BeanShellInterpreter: Error invoking bsh method: eval	Sourced file: inline evaluation of: ``String totalRecords = vars.get("totalRecords"); String perpage = vars.get("perpa . . . '' : Typed variable declaration : Method Invocation Integer.parseInt
2021-05-25 11:11:07,640 WARN o.a.j.e.BeanShellPostProcessor: Problem in BeanShell script: org.apache.jorphan.util.JMeterException: Error invoking bsh method: eval	Sourced file: inline evaluation of: ``String totalRecords = vars.get("totalRecords"); String perpage = vars.get("perpa . . . '' : Typed variable declaration : Method Invocation Integer.parseInt
2021-05-25 11:11:09,706 ERROR o.a.j.u.BeanShellInterpreter: Error invoking bsh method: eval	Sourced file: inline evaluation of: ``String totalRecords = vars.get("totalRecords"); String perpage = vars.get("perpa . . . '' : Typed variable declaration : Method Invocation Integer.parseInt
2021-05-25 11:11:09,706 WARN o.a.j.e.BeanShellPostProcessor: Problem in BeanShell script: org.apache.jorphan.util.JMeterException: Error invoking bsh method: eval	Sourced file: inline evaluation of: ``String totalRecords = vars.get("totalRecords"); String perpage = vars.get("perpa . . . '' : Typed variable declaration : Method Invocation Integer.parseInt
2021-05-25 11:11:12,000 ERROR o.a.j.u.BeanShellInterpreter: Error invoking bsh method: eval	Sourced file: inline evaluation of: ``String totalRecords = vars.get("totalRecords"); String perpage = vars.get("perpa . . . '' : Typed variable declaration : Method Invocation Integer.parseInt
2021-05-25 11:11:12,000 WARN o.a.j.e.BeanShellPostProcessor: Problem in BeanShell script: org.apache.jorphan.util.JMeterException: Error invoking bsh method: eval	Sourced file: inline evaluation of: ``String totalRecords = vars.get("totalRecords"); String perpage = vars.get("perpa . . . '' : Typed variable declaration : Method Invocation Integer.parseInt
2021-05-25 11:11:32,319 INFO o.a.j.r.Summariser: summary +     60 in 00:00:32 =    1.9/s Avg:  3401 Min:   320 Max: 11682 Err:     0 (0.00%) Active: 10 Started: 10 Finished: 0
2021-05-25 11:11:32,320 INFO o.a.j.r.Summariser: summary =   1193 in 00:04:34 =    4.4/s Avg:  1378 Min:    12 Max: 22535 Err:     0 (0.00%)
2021-05-25 11:12:00,378 INFO o.a.j.r.Summariser: summary +     92 in 00:00:28 =    3.3/s Avg:  2625 Min:   240 Max: 12058 Err:     0 (0.00%) Active: 10 Started: 10 Finished: 0
2021-05-25 11:12:00,379 INFO o.a.j.r.Summariser: summary =   1285 in 00:05:02 =    4.3/s Avg:  1467 Min:    12 Max: 22535 Err:     0 (0.00%)
2021-05-25 11:12:30,022 INFO o.a.j.r.Summariser: summary +    118 in 00:00:30 =    4.0/s Avg:  2341 Min:   255 Max: 14691 Err:     0 (0.00%) Active: 10 Started: 10 Finished: 0
2021-05-25 11:12:30,023 INFO o.a.j.r.Summariser: summary =   1403 in 00:05:32 =    4.2/s Avg:  1540 Min:    12 Max: 22535 Err:     0 (0.00%)
2021-05-25 11:12:30,900 INFO o.a.j.s.FileServer: Stored: D:\apache-jmeter-5.1\apache-jmeter-5.1\bin\excel\isource\suppliers_partner.csv Alias: D:\apache-jmeter-5.1\apache-jmeter-5.1\bin\excel\isource\suppliers_partner.csv@776178157
2021-05-25 11:13:00,167 INFO o.a.j.r.Summariser: summary +     93 in 00:00:30 =    3.1/s Avg:  2432 Min:   231 Max: 14565 Err:     0 (0.00%) Active: 10 Started: 10 Finished: 0
2021-05-25 11:13:00,168 INFO o.a.j.r.Summariser: summary =   1496 in 00:06:02 =    4.1/s Avg:  1596 Min:    12 Max: 22535 Err:     0 (0.00%)
2021-05-25 11:13:30,141 INFO o.a.j.r.Summariser: summary +    123 in 00:00:30 =    4.1/s Avg:  1472 Min:   236 Max: 14070 Err:     0 (0.00%) Active: 10 Started: 10 Finished: 0
2021-05-25 11:13:30,142 INFO o.a.j.r.Summariser: summary =   1619 in 00:06:32 =    4.1/s Avg:  1586 Min:    12 Max: 22535 Err:     0 (0.00%)
2021-05-25 11:14:00,072 INFO o.a.j.r.Summariser: summary +    129 in 00:00:30 =    4.3/s Avg:  1531 Min:   217 Max: 11425 Err:     0 (0.00%) Active: 10 Started: 10 Finished: 0
2021-05-25 11:14:00,072 INFO o.a.j.r.Summariser: summary =   1748 in 00:07:02 =    4.1/s Avg:  1582 Min:    12 Max: 22535 Err:     0 (0.00%)
2021-05-25 11:14:30,307 INFO o.a.j.r.Summariser: summary +    106 in 00:00:30 =    3.5/s Avg:  1781 Min:   210 Max:  7487 Err:     0 (0.00%) Active: 10 Started: 10 Finished: 0
2021-05-25 11:14:30,307 INFO o.a.j.r.Summariser: summary =   1854 in 00:07:32 =    4.1/s Avg:  1594 Min:    12 Max: 22535 Err:     0 (0.00%)
2021-05-25 11:15:03,734 INFO o.a.j.r.Summariser: summary +     68 in 00:00:33 =    2.0/s Avg:  2222 Min:   216 Max:  8728 Err:     0 (0.00%) Active: 10 Started: 10 Finished: 0
2021-05-25 11:15:03,734 INFO o.a.j.r.Summariser: summary =   1922 in 00:08:05 =    4.0/s Avg:  1616 Min:    12 Max: 22535 Err:     0 (0.00%)
2021-05-25 11:15:33,320 INFO o.a.j.r.Summariser: summary +     25 in 00:00:30 =    0.8/s Avg:  2483 Min:   226 Max: 10043 Err:     0 (0.00%) Active: 10 Started: 10 Finished: 0
2021-05-25 11:15:33,320 INFO o.a.j.r.Summariser: summary =   1947 in 00:08:35 =    3.8/s Avg:  1627 Min:    12 Max: 22535 Err:     0 (0.00%)
2021-05-25 11:16:00,454 INFO o.a.j.r.Summariser: summary +     55 in 00:00:27 =    2.0/s Avg:  2279 Min:   212 Max: 11025 Err:     0 (0.00%) Active: 10 Started: 10 Finished: 0
2021-05-25 11:16:00,455 INFO o.a.j.r.Summariser: summary =   2002 in 00:09:02 =    3.7/s Avg:  1645 Min:    12 Max: 22535 Err:     0 (0.00%)
2021-05-25 11:16:30,115 INFO o.a.j.r.Summariser: summary +    109 in 00:00:30 =    3.7/s Avg:  2242 Min:   205 Max: 11180 Err:     0 (0.00%) Active: 10 Started: 10 Finished: 0
2021-05-25 11:16:30,116 INFO o.a.j.r.Summariser: summary =   2111 in 00:09:32 =    3.7/s Avg:  1676 Min:    12 Max: 22535 Err:     0 (0.00%)
2021-05-25 11:17:01,228 INFO o.a.j.r.Summariser: summary +    114 in 00:00:31 =    3.7/s Avg:  2074 Min:   216 Max:  9785 Err:     0 (0.00%) Active: 10 Started: 10 Finished: 0
2021-05-25 11:17:01,229 INFO o.a.j.r.Summariser: summary =   2225 in 00:10:03 =    3.7/s Avg:  1696 Min:    12 Max: 22535 Err:     0 (0.00%)
2021-05-25 11:17:30,600 INFO o.a.j.r.Summariser: summary +    119 in 00:00:29 =    4.1/s Avg:  1511 Min:   224 Max:  9615 Err:     0 (0.00%) Active: 10 Started: 10 Finished: 0
2021-05-25 11:17:30,601 INFO o.a.j.r.Summariser: summary =   2344 in 00:10:32 =    3.7/s Avg:  1687 Min:    12 Max: 22535 Err:     0 (0.00%)
2021-05-25 11:18:00,046 INFO o.a.j.r.Summariser: summary +    122 in 00:00:29 =    4.1/s Avg:  1565 Min:   216 Max: 10203 Err:     0 (0.00%) Active: 10 Started: 10 Finished: 0
2021-05-25 11:18:00,046 INFO o.a.j.r.Summariser: summary =   2466 in 00:11:02 =    3.7/s Avg:  1681 Min:    12 Max: 22535 Err:     0 (0.00%)
2021-05-25 11:18:30,306 INFO o.a.j.r.Summariser: summary +    102 in 00:00:30 =    3.4/s Avg:  1564 Min:   215 Max:  8225 Err:     0 (0.00%) Active: 10 Started: 10 Finished: 0
2021-05-25 11:18:30,306 INFO o.a.j.r.Summariser: summary =   2568 in 00:11:32 =    3.7/s Avg:  1676 Min:    12 Max: 22535 Err:     0 (0.00%)
2021-05-25 11:19:00,499 INFO o.a.j.r.Summariser: summary +     67 in 00:00:30 =    2.2/s Avg:  1729 Min:   220 Max: 14387 Err:     0 (0.00%) Active: 10 Started: 10 Finished: 0
2021-05-25 11:19:00,500 INFO o.a.j.r.Summariser: summary =   2635 in 00:12:02 =    3.6/s Avg:  1678 Min:    12 Max: 22535 Err:     0 (0.00%)
2021-05-25 11:19:30,312 INFO o.a.j.r.Summariser: summary +     49 in 00:00:30 =    1.6/s Avg:  1787 Min:   212 Max:  9295 Err:     0 (0.00%) Active: 10 Started: 10 Finished: 0
2021-05-25 11:19:30,313 INFO o.a.j.r.Summariser: summary =   2684 in 00:12:32 =    3.6/s Avg:  1680 Min:    12 Max: 22535 Err:     0 (0.00%)
2021-05-25 11:20:00,145 INFO o.a.j.r.Summariser: summary +     73 in 00:00:30 =    2.4/s Avg:  2071 Min:   214 Max:  9268 Err:     0 (0.00%) Active: 10 Started: 10 Finished: 0
2021-05-25 11:20:00,146 INFO o.a.j.r.Summariser: summary =   2757 in 00:13:02 =    3.5/s Avg:  1690 Min:    12 Max: 22535 Err:     0 (0.00%)
2021-05-25 11:20:30,042 INFO o.a.j.r.Summariser: summary +     85 in 00:00:30 =    2.8/s Avg:  2030 Min:   220 Max: 11256 Err:     0 (0.00%) Active: 10 Started: 10 Finished: 0
2021-05-25 11:20:30,043 INFO o.a.j.r.Summariser: summary =   2842 in 00:13:32 =    3.5/s Avg:  1700 Min:    12 Max: 22535 Err:     0 (0.00%)
2021-05-25 11:20:41,043 INFO o.a.j.t.JMeterThread: Stop Thread detected by thread: L1_iSource_AuctionAnalyze-Job 1-2
2021-05-25 11:20:41,043 INFO o.a.j.t.JMeterThread: Thread finished: L1_iSource_AuctionAnalyze-Job 1-2
2021-05-25 11:21:00,332 INFO o.a.j.r.Summariser: summary +     93 in 00:00:30 =    3.1/s Avg:  2267 Min:   231 Max: 13086 Err:     1 (1.08%) Active: 9 Started: 10 Finished: 1
2021-05-25 11:21:00,332 INFO o.a.j.r.Summariser: summary =   2935 in 00:14:02 =    3.5/s Avg:  1718 Min:    12 Max: 22535 Err:     1 (0.03%)
2021-05-25 11:21:30,289 INFO o.a.j.r.Summariser: summary +     89 in 00:00:30 =    3.0/s Avg:  1374 Min:   233 Max: 13443 Err:     0 (0.00%) Active: 9 Started: 10 Finished: 1
2021-05-25 11:21:30,290 INFO o.a.j.r.Summariser: summary =   3024 in 00:14:32 =    3.5/s Avg:  1708 Min:    12 Max: 22535 Err:     1 (0.03%)
2021-05-25 11:21:46,677 INFO o.a.j.t.JMeterThread: Stop Thread detected by thread: L1_iSource_AuctionAnalyze-Job 1-9
2021-05-25 11:21:46,677 INFO o.a.j.t.JMeterThread: Thread finished: L1_iSource_AuctionAnalyze-Job 1-9
2021-05-25 11:22:00,404 INFO o.a.j.r.Summariser: summary +     84 in 00:00:30 =    2.8/s Avg:  1809 Min:   261 Max: 14094 Err:     1 (1.19%) Active: 8 Started: 10 Finished: 2
2021-05-25 11:22:00,404 INFO o.a.j.r.Summariser: summary =   3108 in 00:15:02 =    3.4/s Avg:  1711 Min:    12 Max: 22535 Err:     2 (0.06%)
2021-05-25 11:22:30,219 INFO o.a.j.r.Summariser: summary +     78 in 00:00:30 =    2.6/s Avg:  1616 Min:   292 Max: 12849 Err:     0 (0.00%) Active: 8 Started: 10 Finished: 2
2021-05-25 11:22:30,220 INFO o.a.j.r.Summariser: summary =   3186 in 00:15:32 =    3.4/s Avg:  1708 Min:    12 Max: 22535 Err:     2 (0.06%)
2021-05-25 11:22:48,456 INFO o.a.j.t.JMeterThread: Stop Thread detected by thread: L1_iSource_AuctionAnalyze-Job 1-4
2021-05-25 11:22:48,456 INFO o.a.j.t.JMeterThread: Thread finished: L1_iSource_AuctionAnalyze-Job 1-4
2021-05-25 11:22:56,791 INFO o.a.j.t.JMeterThread: Stop Thread detected by thread: L1_iSource_AuctionAnalyze-Job 1-3
2021-05-25 11:22:56,791 INFO o.a.j.t.JMeterThread: Thread finished: L1_iSource_AuctionAnalyze-Job 1-3
2021-05-25 11:23:03,149 INFO o.a.j.r.Summariser: summary +     46 in 00:00:33 =    1.4/s Avg:  1569 Min:   303 Max: 12298 Err:     2 (4.35%) Active: 6 Started: 10 Finished: 4
2021-05-25 11:23:03,149 INFO o.a.j.r.Summariser: summary =   3232 in 00:16:05 =    3.3/s Avg:  1706 Min:    12 Max: 22535 Err:     4 (0.12%)
2021-05-25 11:23:22,143 INFO o.a.j.t.JMeterThread: Stop Thread detected by thread: L1_iSource_AuctionAnalyze-Job 1-10
2021-05-25 11:23:22,143 INFO o.a.j.t.JMeterThread: Thread finished: L1_iSource_AuctionAnalyze-Job 1-10
2021-05-25 11:23:33,905 INFO o.a.j.r.Summariser: summary +     38 in 00:00:31 =    1.2/s Avg:  1435 Min:   284 Max: 11242 Err:     1 (2.63%) Active: 5 Started: 10 Finished: 5
2021-05-25 11:23:33,906 INFO o.a.j.r.Summariser: summary =   3270 in 00:16:36 =    3.3/s Avg:  1703 Min:    12 Max: 22535 Err:     5 (0.15%)
2021-05-25 11:23:42,027 INFO o.a.j.t.JMeterThread: Stop Thread detected by thread: L1_iSource_AuctionAnalyze-Job 1-5
2021-05-25 11:23:42,028 INFO o.a.j.t.JMeterThread: Thread finished: L1_iSource_AuctionAnalyze-Job 1-5
2021-05-25 11:23:43,802 INFO o.a.j.t.JMeterThread: Stop Thread detected by thread: L1_iSource_AuctionAnalyze-Job 1-1
2021-05-25 11:23:43,803 INFO o.a.j.t.JMeterThread: Thread finished: L1_iSource_AuctionAnalyze-Job 1-1
2021-05-25 11:23:55,150 INFO o.a.j.t.JMeterThread: Stop Thread detected by thread: L1_iSource_AuctionAnalyze-Job 1-6
2021-05-25 11:23:55,151 INFO o.a.j.t.JMeterThread: Thread finished: L1_iSource_AuctionAnalyze-Job 1-6
2021-05-25 11:23:56,002 INFO o.a.j.t.JMeterThread: Stop Thread detected by thread: L1_iSource_AuctionAnalyze-Job 1-8
2021-05-25 11:23:56,002 INFO o.a.j.t.JMeterThread: Thread finished: L1_iSource_AuctionAnalyze-Job 1-8
2021-05-25 11:24:04,465 INFO o.a.j.r.Summariser: summary +     47 in 00:00:31 =    1.5/s Avg:  2310 Min:   301 Max: 12726 Err:     4 (8.51%) Active: 1 Started: 10 Finished: 9
2021-05-25 11:24:04,466 INFO o.a.j.r.Summariser: summary =   3317 in 00:17:06 =    3.2/s Avg:  1712 Min:    12 Max: 22535 Err:     9 (0.27%)
2021-05-25 11:24:06,797 INFO o.a.j.t.JMeterThread: Stop Thread detected by thread: L1_iSource_AuctionAnalyze-Job 1-7
2021-05-25 11:24:06,797 INFO o.a.j.t.JMeterThread: Thread finished: L1_iSource_AuctionAnalyze-Job 1-7
2021-05-25 11:24:06,798 INFO o.a.j.e.StandardJMeterEngine: Notifying test listeners of end of test
2021-05-25 11:24:06,798 INFO o.a.j.s.FileServer: Close: D:\apache-jmeter-5.1\apache-jmeter-5.1\bin\excel\isource\suppliers_partner.csv@776178157
2021-05-25 11:24:06,798 INFO o.a.j.s.FileServer: Close: D:\apache-jmeter-5.1\apache-jmeter-5.1\bin\excel\isource\Partner_ZCS_Users.csv
2021-05-25 11:24:06,800 INFO o.a.j.r.Summariser: summary +      3 in 00:00:02 =    1.3/s Avg:   776 Min:   699 Max:   929 Err:     1 (33.33%) Active: 0 Started: 10 Finished: 10
2021-05-25 11:24:06,800 INFO o.a.j.r.Summariser: summary =   3320 in 00:17:09 =    3.2/s Avg:  1711 Min:    12 Max: 22535 Err:    10 (0.30%)
2021-05-25 11:24:06,800 INFO o.a.j.JMeter: Generating Dashboard
2021-05-25 11:24:06,800 INFO o.a.j.r.d.ReportGenerator: Flushing result collector before report Generation
2021-05-25 11:24:06,810 INFO o.a.j.r.p.NormalizerSampleConsumer: Using format, 'ms', to parse timeStamp field
2021-05-25 11:24:06,999 INFO o.a.j.r.p.AbstractSampleConsumer: class org.apache.jmeter.report.processor.AggregateConsumer#stopProducing(): beginDate produced 0 samples
2021-05-25 11:24:06,999 INFO o.a.j.r.p.AbstractSampleConsumer: class org.apache.jmeter.report.processor.AggregateConsumer#stopProducing(): endDate produced 0 samples
2021-05-25 11:24:07,002 INFO o.a.j.r.p.AbstractSampleConsumer: class org.apache.jmeter.report.processor.ApdexSummaryConsumer#stopProducing(): apdexSummary produced 0 samples
2021-05-25 11:24:07,002 INFO o.a.j.r.p.AbstractSampleConsumer: class org.apache.jmeter.report.processor.RequestsSummaryConsumer#stopProducing(): requestsSummary produced 0 samples
2021-05-25 11:24:07,013 INFO o.a.j.r.p.AbstractSampleConsumer: class org.apache.jmeter.report.processor.StatisticsSummaryConsumer#stopProducing(): statisticsSummary produced 0 samples
2021-05-25 11:24:07,017 INFO o.a.j.r.p.AbstractSampleConsumer: class org.apache.jmeter.report.processor.Top5ErrorsBySamplerConsumer#stopProducing(): top5ErrorsBySampler produced 0 samples
2021-05-25 11:24:07,017 INFO o.a.j.r.p.AbstractSampleConsumer: class org.apache.jmeter.report.processor.ErrorsSummaryConsumer#stopProducing(): errorsSummary produced 0 samples
2021-05-25 11:24:07,017 INFO o.a.j.r.p.AbstractSampleConsumer: class org.apache.jmeter.report.processor.graph.impl.HitsPerSecondGraphConsumer#stopProducing(): hitsPerSecond produced 0 samples
2021-05-25 11:24:07,051 INFO o.a.j.r.p.AbstractSampleConsumer: class org.apache.jmeter.report.processor.graph.impl.LatencyVSRequestGraphConsumer#stopProducing(): latencyVsRequest produced 0 samples
2021-05-25 11:24:07,051 INFO o.a.j.r.p.AbstractSampleConsumer: class org.apache.jmeter.report.processor.graph.impl.SyntheticResponseTimeDistributionGraphConsumer#stopProducing(): syntheticResponseTimeDistribution produced 0 samples
2021-05-25 11:24:07,051 INFO o.a.j.r.p.AbstractSampleConsumer: class org.apache.jmeter.report.processor.graph.impl.BytesThroughputGraphConsumer#stopProducing(): bytesThroughputOverTime produced 0 samples
2021-05-25 11:24:07,051 INFO o.a.j.r.p.AbstractSampleConsumer: class org.apache.jmeter.report.processor.graph.impl.CodesPerSecondGraphConsumer#stopProducing(): codesPerSecond produced 0 samples
2021-05-25 11:24:07,069 INFO o.a.j.r.p.AbstractSampleConsumer: class org.apache.jmeter.report.processor.graph.impl.ResponseTimeVSRequestGraphConsumer#stopProducing(): responseTimeVsRequest produced 0 samples
2021-05-25 11:24:07,070 INFO o.a.j.r.p.AbstractSampleConsumer: class org.apache.jmeter.report.processor.FilterConsumer#stopProducing(): startIntervalControlerFilter produced 23240 samples
2021-05-25 11:24:07,070 INFO o.a.j.r.p.AbstractSampleConsumer: class org.apache.jmeter.report.processor.graph.impl.TotalTPSGraphConsumer#stopProducing(): totalTPS produced 0 samples
2021-05-25 11:24:07,070 INFO o.a.j.r.p.AbstractSampleConsumer: class org.apache.jmeter.report.processor.graph.impl.ActiveThreadsGraphConsumer#stopProducing(): activeThreadsOverTime produced 0 samples
2021-05-25 11:24:07,070 INFO o.a.j.r.p.AbstractSampleConsumer: class org.apache.jmeter.report.processor.graph.impl.TimeVSThreadGraphConsumer#stopProducing(): timeVsThreads produced 0 samples
2021-05-25 11:24:07,089 INFO o.a.j.r.p.AbstractSampleConsumer: class org.apache.jmeter.report.processor.graph.impl.ResponseTimeDistributionGraphConsumer#stopProducing(): responseTimeDistribution produced 0 samples
2021-05-25 11:24:07,094 INFO o.a.j.r.p.AbstractSampleConsumer: class org.apache.jmeter.report.processor.graph.impl.TransactionsPerSecondGraphConsumer#stopProducing(): transactionsPerSecond produced 0 samples
2021-05-25 11:24:07,098 INFO o.a.j.r.p.AbstractSampleConsumer: class org.apache.jmeter.report.processor.graph.impl.ResponseTimePercentilesGraphConsumer#stopProducing(): responseTimePercentiles produced 0 samples
2021-05-25 11:24:07,174 INFO o.a.j.r.p.AbstractSampleConsumer: class org.apache.jmeter.report.processor.graph.impl.ResponseTimePercentilesOverTimeGraphConsumer#stopProducing(): responseTimePercentilesOverTime produced 0 samples
2021-05-25 11:24:07,175 INFO o.a.j.r.p.AbstractSampleConsumer: class org.apache.jmeter.report.processor.graph.impl.ResponseTimeOverTimeGraphConsumer#stopProducing(): responseTimesOverTime produced 0 samples
2021-05-25 11:24:07,178 INFO o.a.j.r.p.AbstractSampleConsumer: class org.apache.jmeter.report.processor.graph.impl.ConnectTimeOverTimeGraphConsumer#stopProducing(): connectTimeOverTime produced 0 samples
2021-05-25 11:24:07,182 INFO o.a.j.r.p.AbstractSampleConsumer: class org.apache.jmeter.report.processor.graph.impl.LatencyOverTimeGraphConsumer#stopProducing(): latenciesOverTime produced 0 samples
2021-05-25 11:24:07,185 INFO o.a.j.r.p.AbstractSampleConsumer: class org.apache.jmeter.report.processor.FilterConsumer#stopProducing(): nameFilter produced 58050 samples
2021-05-25 11:24:07,185 INFO o.a.j.r.p.AbstractSampleConsumer: class org.apache.jmeter.report.processor.FilterConsumer#stopProducing(): dateRangeFilter produced 11610 samples
2021-05-25 11:24:07,185 INFO o.a.j.r.p.AbstractSampleConsumer: class org.apache.jmeter.report.processor.NormalizerSampleConsumer#stopProducing(): normalizer produced 3870 samples
2021-05-25 11:24:07,185 INFO o.a.j.r.p.CsvFileSampleSource: produce(): 3870 samples produced in 358ms on channel 0
2021-05-25 11:24:07,186 INFO o.a.j.r.d.ReportGenerator: Exporting data using exporter:'json' of className:'org.apache.jmeter.report.dashboard.JsonExporter'
2021-05-25 11:24:07,187 INFO o.a.j.r.d.JsonExporter: Found data for consumer statisticsSummary in context
2021-05-25 11:24:07,187 INFO o.a.j.r.d.JsonExporter: Creating statistics for overall
2021-05-25 11:24:07,187 INFO o.a.j.r.d.JsonExporter: Creating statistics for other transactions
2021-05-25 11:24:07,188 INFO o.a.j.r.d.JsonExporter: Checking output folder
2021-05-25 11:24:07,190 INFO o.a.j.r.d.JsonExporter: Writing statistics JSON to C:\xampp\htdocs\PerformancePostgres\L1_iSource_10_AuctionAnalyze_2021-05-25_2\statistics.json
2021-05-25 11:24:07,323 INFO o.a.j.r.d.ReportGenerator: Exporting data using exporter:'html' of className:'org.apache.jmeter.report.dashboard.HtmlTemplateExporter'
2021-05-25 11:24:07,325 INFO o.a.j.r.d.HtmlTemplateExporter: Will generate dashboard in folder: C:\xampp\htdocs\PerformancePostgres\L1_iSource_10_AuctionAnalyze_2021-05-25_2
2021-05-25 11:24:07,758 INFO o.a.j.r.d.HtmlTemplateExporter: Report will be generated in: C:\xampp\htdocs\PerformancePostgres\L1_iSource_10_AuctionAnalyze_2021-05-25_2, creating folder structure
2021-05-25 11:24:07,762 INFO o.a.j.r.d.TemplateVisitor: Copying folder from 'D:\apache-jmeter-5.1\apache-jmeter-5.1\bin\report-template' to 'C:\xampp\htdocs\PerformancePostgres\L1_iSource_10_AuctionAnalyze_2021-05-25_2', got message:[C:\xampp\htdocs\PerformancePostgres\L1_iSource_10_AuctionAnalyze_2021-05-25_2\statistics.json], found non empty folder with following content {}, will be ignored
2021-05-25 11:24:08,485 INFO o.a.j.JMeter: Dashboard generated
