2021-05-25 09:49:47,149 INFO o.a.j.u.JMeterUtils: Setting Locale to en_EN
2021-05-25 09:49:47,159 INFO o.a.j.JMeter: Loading user properties from: user.properties
2021-05-25 09:49:47,160 INFO o.a.j.JMeter: Loading system properties from: system.properties
2021-05-25 09:49:47,160 INFO o.a.j.JMeter: Setting JMeter property: meter.reportgenerator.report_title=AuctionNonPricingRescheduleEvent
2021-05-25 09:49:47,160 INFO o.a.j.JMeter: Setting JMeter property: thread=10
2021-05-25 09:49:47,160 INFO o.a.j.JMeter: Setting JMeter property: rampup=50
2021-05-25 09:49:47,164 INFO o.a.j.JMeter: Copyright (c) 1998-2019 The Apache Software Foundation
2021-05-25 09:49:47,164 INFO o.a.j.JMeter: Version 5.1 r1853635
2021-05-25 09:49:47,164 INFO o.a.j.JMeter: java.version=1.8.0_121
2021-05-25 09:49:47,164 INFO o.a.j.JMeter: java.vm.name=Java HotSpot(TM) 64-Bit Server VM
2021-05-25 09:49:47,164 INFO o.a.j.JMeter: os.name=Windows 10
2021-05-25 09:49:47,165 INFO o.a.j.JMeter: os.arch=amd64
2021-05-25 09:49:47,165 INFO o.a.j.JMeter: os.version=10.0
2021-05-25 09:49:47,165 INFO o.a.j.JMeter: file.encoding=Cp1252
2021-05-25 09:49:47,165 INFO o.a.j.JMeter: java.awt.headless=true
2021-05-25 09:49:47,165 INFO o.a.j.JMeter: Max memory     =8589934592
2021-05-25 09:49:47,165 INFO o.a.j.JMeter: Available Processors =6
2021-05-25 09:49:47,167 INFO o.a.j.JMeter: Default Locale=English (EN)
2021-05-25 09:49:47,167 INFO o.a.j.JMeter: JMeter  Locale=English (EN)
2021-05-25 09:49:47,168 INFO o.a.j.JMeter: JMeterHome=D:\apache-jmeter-5.1\apache-jmeter-5.1
2021-05-25 09:49:47,168 INFO o.a.j.JMeter: user.dir  =D:\apache-jmeter-5.1\apache-jmeter-5.1\bin
2021-05-25 09:49:47,168 INFO o.a.j.JMeter: PWD       =D:\apache-jmeter-5.1\apache-jmeter-5.1\bin
2021-05-25 09:49:47,169 INFO o.a.j.JMeter: IP: 172.30.224.67 Name: ZIPLSY2278 FullName: ZIPLSY2278.zycus.net
2021-05-25 09:49:47,171 INFO o.a.j.JMeter: Setting property 'jmeter.reportgenerator.outputdir' to:'C:\xampp\htdocs\PerformancePostgres\L1_iSource_10_AuctionNonPricingRescheduleEvent_2021-05-25_2'
2021-05-25 09:49:47,173 INFO o.a.j.s.FileServer: Default base='D:\apache-jmeter-5.1\apache-jmeter-5.1\bin'
2021-05-25 09:49:47,175 INFO o.a.j.s.FileServer: Set new base='D:\PostrgresMigration\iSource'
2021-05-25 09:49:47,269 INFO o.a.j.s.SaveService: Testplan (JMX) version: 2.2. Testlog (JTL) version: 2.2
2021-05-25 09:49:47,279 INFO o.a.j.s.SaveService: Using SaveService properties file encoding UTF-8
2021-05-25 09:49:47,283 INFO o.a.j.s.SaveService: Using SaveService properties version 5.0
2021-05-25 09:49:47,287 INFO o.a.j.s.SaveService: Loading file: D:\PostrgresMigration\iSource\L1_iSource_AuctionNonPricingRescheduleEvent.jmx
2021-05-25 09:49:47,325 INFO o.a.j.p.h.c.CookieManager: Settings: Delete null: true Check: true Allow variable: true Save: false Prefix: COOKIE_
2021-05-25 09:49:47,330 INFO o.a.j.p.h.c.CacheManager: Will only cache the following methods: [GET]
2021-05-25 09:49:47,337 INFO o.a.j.p.h.s.HTTPSamplerBase: Parser for text/html is org.apache.jmeter.protocol.http.parser.LagartoBasedHtmlParser
2021-05-25 09:49:47,337 INFO o.a.j.p.h.s.HTTPSamplerBase: Parser for application/xhtml+xml is org.apache.jmeter.protocol.http.parser.LagartoBasedHtmlParser
2021-05-25 09:49:47,337 INFO o.a.j.p.h.s.HTTPSamplerBase: Parser for application/xml is org.apache.jmeter.protocol.http.parser.LagartoBasedHtmlParser
2021-05-25 09:49:47,337 INFO o.a.j.p.h.s.HTTPSamplerBase: Parser for text/xml is org.apache.jmeter.protocol.http.parser.LagartoBasedHtmlParser
2021-05-25 09:49:47,337 INFO o.a.j.p.h.s.HTTPSamplerBase: Parser for text/vnd.wap.wml is org.apache.jmeter.protocol.http.parser.RegexpHTMLParser
2021-05-25 09:49:47,337 INFO o.a.j.p.h.s.HTTPSamplerBase: Parser for text/css is org.apache.jmeter.protocol.http.parser.CssParser
2021-05-25 09:49:47,826 INFO o.a.j.JMeter: Creating summariser <summary>
2021-05-25 09:49:47,830 INFO o.a.j.r.d.ReportGenerator: ReportGenerator will use for Parsing the separator: ','
2021-05-25 09:49:47,831 INFO o.a.j.r.d.ReportGenerator: Will generate report at end of test from  results file: D:\PostrgresMigration\iSource\JTL\L1_iSource_10_AuctionNonPricingRescheduleEvent_2021-05-25_2.jtl
2021-05-25 09:49:47,831 INFO o.a.j.r.d.ReportGenerator: Reading report generator properties from: D:\apache-jmeter-5.1\apache-jmeter-5.1\bin\reportgenerator.properties
2021-05-25 09:49:47,831 INFO o.a.j.r.d.ReportGenerator: Merging with JMeter properties
2021-05-25 09:49:47,835 INFO o.a.j.r.c.ReportGeneratorConfiguration: Property 'jmeter.reportgenerator.temp_dir' not found, using default value 'temp' instead.
2021-05-25 09:49:47,838 INFO o.a.j.r.c.ReportGeneratorConfiguration: Property 'jmeter.reportgenerator.apdex_per_transaction' not found, using default value 'null' instead.
2021-05-25 09:49:47,838 INFO o.a.j.r.c.ReportGeneratorConfiguration: apdex_per_transaction : {} is empty, not APDEX per transaction customization
2021-05-25 09:49:47,838 INFO o.a.j.r.c.ReportGeneratorConfiguration: Property 'jmeter.reportgenerator.sample_filter' not found, using default value 'null' instead.
2021-05-25 09:49:47,838 INFO o.a.j.r.c.ReportGeneratorConfiguration: Property 'jmeter.reportgenerator.report_title' not found, using default value 'null' instead.
2021-05-25 09:49:47,838 INFO o.a.j.r.c.ReportGeneratorConfiguration: Property 'jmeter.reportgenerator.start_date' not found, using default value 'null' instead.
2021-05-25 09:49:47,838 INFO o.a.j.r.c.ReportGeneratorConfiguration: Property 'jmeter.reportgenerator.end_date' not found, using default value 'null' instead.
2021-05-25 09:49:47,838 INFO o.a.j.r.c.ReportGeneratorConfiguration: Property 'jmeter.reportgenerator.date_format' not found, using default value 'null' instead.
2021-05-25 09:49:47,838 INFO o.a.j.r.c.ReportGeneratorConfiguration: Will use date range start date: null, end date: null
2021-05-25 09:49:47,842 INFO o.a.j.r.c.ReportGeneratorConfiguration: Property 'jmeter.reportgenerator.graph.totalTPS.exclude_controllers' not found, using default value 'false' instead.
2021-05-25 09:49:47,842 INFO o.a.j.r.c.ReportGeneratorConfiguration: Property 'jmeter.reportgenerator.graph.activeThreadsOverTime.exclude_controllers' not found, using default value 'false' instead.
2021-05-25 09:49:47,842 INFO o.a.j.r.c.ReportGeneratorConfiguration: Property 'jmeter.reportgenerator.graph.timeVsThreads.exclude_controllers' not found, using default value 'false' instead.
2021-05-25 09:49:47,843 INFO o.a.j.r.c.ReportGeneratorConfiguration: Property 'jmeter.reportgenerator.graph.responseTimeDistribution.exclude_controllers' not found, using default value 'false' instead.
2021-05-25 09:49:47,843 INFO o.a.j.r.c.ReportGeneratorConfiguration: Property 'jmeter.reportgenerator.graph.transactionsPerSecond.exclude_controllers' not found, using default value 'false' instead.
2021-05-25 09:49:47,843 INFO o.a.j.r.c.ReportGeneratorConfiguration: Property 'jmeter.reportgenerator.graph.responseTimePercentiles.exclude_controllers' not found, using default value 'false' instead.
2021-05-25 09:49:47,843 INFO o.a.j.r.c.ReportGeneratorConfiguration: Property 'jmeter.reportgenerator.graph.responseTimePercentilesOverTime.exclude_controllers' not found, using default value 'false' instead.
2021-05-25 09:49:47,843 INFO o.a.j.r.c.ReportGeneratorConfiguration: Property 'jmeter.reportgenerator.graph.responseTimesOverTime.exclude_controllers' not found, using default value 'false' instead.
2021-05-25 09:49:47,843 INFO o.a.j.r.c.ReportGeneratorConfiguration: Property 'jmeter.reportgenerator.graph.connectTimeOverTime.exclude_controllers' not found, using default value 'false' instead.
2021-05-25 09:49:47,843 INFO o.a.j.r.c.ReportGeneratorConfiguration: Property 'jmeter.reportgenerator.graph.latenciesOverTime.exclude_controllers' not found, using default value 'false' instead.
2021-05-25 09:49:47,844 INFO o.a.j.r.c.ReportGeneratorConfiguration: Property 'jmeter.reportgenerator.exporter.json.filters_only_sample_series' not found, using default value 'true' instead.
2021-05-25 09:49:47,844 INFO o.a.j.r.c.ReportGeneratorConfiguration: Property 'jmeter.reportgenerator.exporter.json.series_filter' not found, using default value '' instead.
2021-05-25 09:49:47,844 INFO o.a.j.r.c.ReportGeneratorConfiguration: Property 'jmeter.reportgenerator.exporter.json.show_controllers_only' not found, using default value 'false' instead.
2021-05-25 09:49:47,844 INFO o.a.j.r.c.ReportGeneratorConfiguration: Property 'jmeter.reportgenerator.exporter.html.filters_only_sample_series' not found, using default value 'true' instead.
2021-05-25 09:49:47,845 INFO o.a.j.r.c.ReportGeneratorConfiguration: Property 'jmeter.reportgenerator.exporter.html.series_filter' not found, using default value '' instead.
2021-05-25 09:49:47,845 INFO o.a.j.r.c.ReportGeneratorConfiguration: Property 'jmeter.reportgenerator.exporter.html.show_controllers_only' not found, using default value 'false' instead.
2021-05-25 09:49:47,848 INFO o.a.j.e.StandardJMeterEngine: Running the test!
2021-05-25 09:49:47,849 INFO o.a.j.s.SampleEvent: List of sample_variables: []
2021-05-25 09:49:47,849 INFO o.a.j.s.SampleEvent: List of sample_variables: []
2021-05-25 09:49:47,854 INFO o.a.j.e.u.CompoundVariable: Note: Function class names must contain the string: '.functions.'
2021-05-25 09:49:47,855 INFO o.a.j.e.u.CompoundVariable: Note: Function class names must not contain the string: '.gui.'
2021-05-25 09:49:48,329 INFO o.a.j.JMeter: Running test (1621916388329)
2021-05-25 09:49:48,413 INFO o.a.j.e.StandardJMeterEngine: Starting ThreadGroup: 1 : L1-iSource-Auction-NonPricingRescheduleEvent-JOB
2021-05-25 09:49:48,413 INFO o.a.j.e.StandardJMeterEngine: Starting 10 threads for group L1-iSource-Auction-NonPricingRescheduleEvent-JOB.
2021-05-25 09:49:48,413 INFO o.a.j.e.StandardJMeterEngine: Thread will stop on error
2021-05-25 09:49:48,413 INFO o.a.j.t.ThreadGroup: Starting thread group... number=1 threads=10 ramp-up=50 perThread=5000.0 delayedStart=false
2021-05-25 09:49:48,520 INFO o.a.j.s.SampleResult: Note: Sample TimeStamps are START times
2021-05-25 09:49:48,521 INFO o.a.j.s.SampleResult: sampleresult.default.encoding is set to ISO-8859-1
2021-05-25 09:49:48,521 INFO o.a.j.s.SampleResult: sampleresult.useNanoTime=true
2021-05-25 09:49:48,521 INFO o.a.j.s.SampleResult: sampleresult.nanoThreadSleep=5000
2021-05-25 09:49:48,542 INFO o.a.j.t.JMeterThread: Thread started: L1-iSource-Auction-NonPricingRescheduleEvent-JOB 1-1
2021-05-25 09:49:48,546 INFO o.a.j.c.LoopController: iterationStart called on Loop Controller with source org.apache.jmeter.control.LoopController@72e75028 and iteration 1
2021-05-25 09:49:48,546 INFO o.a.j.c.LoopController: iterationStart called on 5.6# Questions_Text with source org.apache.jmeter.control.LoopController@72e75028 and iteration 1
2021-05-25 09:49:48,546 INFO o.a.j.s.FileServer: Stored: D:\apache-jmeter-5.1\apache-jmeter-5.1\bin\excel\isource\Partner_ZCS_Users.csv
2021-05-25 09:49:48,579 INFO o.a.j.p.h.s.HTTPHCAbstractImpl: Local host = ZIPLSY2278
2021-05-25 09:49:48,587 INFO o.a.j.p.h.s.HTTPHC4Impl: HTTP request retry count = 0
2021-05-25 09:49:48,690 INFO o.a.j.p.h.s.h.LazyLayeredConnectionSocketFactory: Setting up HTTPS TrustAll Socket Factory
2021-05-25 09:49:48,698 INFO o.a.j.u.JsseSSLManager: Using default SSL protocol: TLS
2021-05-25 09:49:48,698 INFO o.a.j.u.JsseSSLManager: SSL session context: per-thread
2021-05-25 09:49:48,908 INFO o.a.j.t.ThreadGroup: Started thread group number 1
2021-05-25 09:49:48,908 INFO o.a.j.e.StandardJMeterEngine: All thread groups have been started
2021-05-25 09:49:49,193 INFO o.a.j.u.SSLManager: JmeterKeyStore Location:  type JKS
2021-05-25 09:49:49,195 INFO o.a.j.u.SSLManager: KeyStore created OK
2021-05-25 09:49:49,195 WARN o.a.j.u.SSLManager: Keystore file not found, loading empty keystore
2021-05-25 09:49:53,606 INFO o.a.j.t.JMeterThread: Thread started: L1-iSource-Auction-NonPricingRescheduleEvent-JOB 1-2
2021-05-25 09:49:53,607 INFO o.a.j.c.LoopController: iterationStart called on Loop Controller with source org.apache.jmeter.control.LoopController@2e9fa659 and iteration 1
2021-05-25 09:49:53,607 INFO o.a.j.c.LoopController: iterationStart called on 5.6# Questions_Text with source org.apache.jmeter.control.LoopController@2e9fa659 and iteration 1
2021-05-25 09:49:58,668 INFO o.a.j.t.JMeterThread: Thread started: L1-iSource-Auction-NonPricingRescheduleEvent-JOB 1-3
2021-05-25 09:49:58,671 INFO o.a.j.c.LoopController: iterationStart called on Loop Controller with source org.apache.jmeter.control.LoopController@5af0cbc3 and iteration 1
2021-05-25 09:49:58,671 INFO o.a.j.c.LoopController: iterationStart called on 5.6# Questions_Text with source org.apache.jmeter.control.LoopController@5af0cbc3 and iteration 1
2021-05-25 09:50:00,523 INFO o.a.j.r.Summariser: summary +     11 in 00:00:12 =    0.9/s Avg:   606 Min:    44 Max:  1588 Err:     0 (0.00%) Active: 3 Started: 3 Finished: 0
2021-05-25 09:50:03,713 INFO o.a.j.t.JMeterThread: Thread started: L1-iSource-Auction-NonPricingRescheduleEvent-JOB 1-4
2021-05-25 09:50:03,714 INFO o.a.j.c.LoopController: iterationStart called on Loop Controller with source org.apache.jmeter.control.LoopController@6ec3656b and iteration 1
2021-05-25 09:50:03,714 INFO o.a.j.c.LoopController: iterationStart called on 5.6# Questions_Text with source org.apache.jmeter.control.LoopController@6ec3656b and iteration 1
2021-05-25 09:50:08,745 INFO o.a.j.t.JMeterThread: Thread started: L1-iSource-Auction-NonPricingRescheduleEvent-JOB 1-5
2021-05-25 09:50:08,748 INFO o.a.j.c.LoopController: iterationStart called on Loop Controller with source org.apache.jmeter.control.LoopController@94b064a and iteration 1
2021-05-25 09:50:08,748 INFO o.a.j.c.LoopController: iterationStart called on 5.6# Questions_Text with source org.apache.jmeter.control.LoopController@94b064a and iteration 1
2021-05-25 09:50:13,785 INFO o.a.j.t.JMeterThread: Thread started: L1-iSource-Auction-NonPricingRescheduleEvent-JOB 1-6
2021-05-25 09:50:13,788 INFO o.a.j.c.LoopController: iterationStart called on Loop Controller with source org.apache.jmeter.control.LoopController@e8d636a and iteration 1
2021-05-25 09:50:13,789 INFO o.a.j.c.LoopController: iterationStart called on 5.6# Questions_Text with source org.apache.jmeter.control.LoopController@e8d636a and iteration 1
2021-05-25 09:50:18,816 INFO o.a.j.t.JMeterThread: Thread started: L1-iSource-Auction-NonPricingRescheduleEvent-JOB 1-7
2021-05-25 09:50:18,817 INFO o.a.j.c.LoopController: iterationStart called on Loop Controller with source org.apache.jmeter.control.LoopController@2cf9bed3 and iteration 1
2021-05-25 09:50:18,817 INFO o.a.j.c.LoopController: iterationStart called on 5.6# Questions_Text with source org.apache.jmeter.control.LoopController@2cf9bed3 and iteration 1
2021-05-25 09:50:23,854 INFO o.a.j.t.JMeterThread: Thread started: L1-iSource-Auction-NonPricingRescheduleEvent-JOB 1-8
2021-05-25 09:50:23,854 INFO o.a.j.c.LoopController: iterationStart called on Loop Controller with source org.apache.jmeter.control.LoopController@3775d2d7 and iteration 1
2021-05-25 09:50:23,855 INFO o.a.j.c.LoopController: iterationStart called on 5.6# Questions_Text with source org.apache.jmeter.control.LoopController@3775d2d7 and iteration 1
2021-05-25 09:50:28,884 INFO o.a.j.t.JMeterThread: Thread started: L1-iSource-Auction-NonPricingRescheduleEvent-JOB 1-9
2021-05-25 09:50:28,886 INFO o.a.j.c.LoopController: iterationStart called on Loop Controller with source org.apache.jmeter.control.LoopController@37d694b9 and iteration 1
2021-05-25 09:50:28,886 INFO o.a.j.c.LoopController: iterationStart called on 5.6# Questions_Text with source org.apache.jmeter.control.LoopController@37d694b9 and iteration 1
2021-05-25 09:50:30,243 INFO o.a.j.r.Summariser: summary +    144 in 00:00:30 =    4.8/s Avg:   576 Min:    30 Max: 10591 Err:     0 (0.00%) Active: 9 Started: 9 Finished: 0
2021-05-25 09:50:30,243 INFO o.a.j.r.Summariser: summary =    155 in 00:00:42 =    3.7/s Avg:   579 Min:    30 Max: 10591 Err:     0 (0.00%)
2021-05-25 09:50:33,925 INFO o.a.j.t.JMeterThread: Thread started: L1-iSource-Auction-NonPricingRescheduleEvent-JOB 1-10
2021-05-25 09:50:33,926 INFO o.a.j.c.LoopController: iterationStart called on Loop Controller with source org.apache.jmeter.control.LoopController@61e0ef0 and iteration 1
2021-05-25 09:50:33,927 INFO o.a.j.c.LoopController: iterationStart called on 5.6# Questions_Text with source org.apache.jmeter.control.LoopController@61e0ef0 and iteration 1
2021-05-25 09:51:00,217 INFO o.a.j.r.Summariser: summary +    124 in 00:00:30 =    4.1/s Avg:  1493 Min:    27 Max: 13644 Err:     0 (0.00%) Active: 10 Started: 10 Finished: 0
2021-05-25 09:51:00,218 INFO o.a.j.r.Summariser: summary =    279 in 00:01:12 =    3.9/s Avg:   985 Min:    27 Max: 13644 Err:     0 (0.00%)
2021-05-25 09:51:30,169 INFO o.a.j.r.Summariser: summary +    143 in 00:00:30 =    4.8/s Avg:  1138 Min:   301 Max: 13714 Err:     0 (0.00%) Active: 10 Started: 10 Finished: 0
2021-05-25 09:51:30,170 INFO o.a.j.r.Summariser: summary =    422 in 00:01:42 =    4.1/s Avg:  1037 Min:    27 Max: 13714 Err:     0 (0.00%)
2021-05-25 09:51:41,052 INFO o.a.j.s.FileServer: Stored: D:\apache-jmeter-5.1\apache-jmeter-5.1\bin\excel\isource\buyer_5_items.xlsx
2021-05-25 09:52:00,119 INFO o.a.j.r.Summariser: summary +    123 in 00:00:30 =    4.1/s Avg:  1047 Min:   284 Max:  8912 Err:     0 (0.00%) Active: 10 Started: 10 Finished: 0
2021-05-25 09:52:00,120 INFO o.a.j.r.Summariser: summary =    545 in 00:02:12 =    4.1/s Avg:  1039 Min:    27 Max: 13714 Err:     0 (0.00%)
2021-05-25 09:52:30,018 INFO o.a.j.r.Summariser: summary +    152 in 00:00:30 =    5.1/s Avg:  1370 Min:   305 Max:  8270 Err:     0 (0.00%) Active: 10 Started: 10 Finished: 0
2021-05-25 09:52:30,019 INFO o.a.j.r.Summariser: summary =    697 in 00:02:42 =    4.3/s Avg:  1111 Min:    27 Max: 13714 Err:     0 (0.00%)
2021-05-25 09:53:00,077 INFO o.a.j.r.Summariser: summary +    216 in 00:00:30 =    7.2/s Avg:   949 Min:   306 Max:  7437 Err:     0 (0.00%) Active: 10 Started: 10 Finished: 0
2021-05-25 09:53:00,077 INFO o.a.j.r.Summariser: summary =    913 in 00:03:12 =    4.8/s Avg:  1073 Min:    27 Max: 13714 Err:     0 (0.00%)
2021-05-25 09:53:03,920 ERROR o.a.j.u.BeanShellInterpreter: Error invoking bsh method: eval	Sourced file: inline evaluation of: ``String totalRecords = vars.get("totalRecords"); String perpage = vars.get("perpa . . . '' : Typed variable declaration : Method Invocation Integer.parseInt
2021-05-25 09:53:03,921 WARN o.a.j.e.BeanShellPostProcessor: Problem in BeanShell script: org.apache.jorphan.util.JMeterException: Error invoking bsh method: eval	Sourced file: inline evaluation of: ``String totalRecords = vars.get("totalRecords"); String perpage = vars.get("perpa . . . '' : Typed variable declaration : Method Invocation Integer.parseInt
2021-05-25 09:53:10,706 ERROR o.a.j.u.BeanShellInterpreter: Error invoking bsh method: eval	Sourced file: inline evaluation of: ``String totalRecords = vars.get("totalRecords"); String perpage = vars.get("perpa . . . '' : Typed variable declaration : Method Invocation Integer.parseInt
2021-05-25 09:53:10,707 WARN o.a.j.e.BeanShellPostProcessor: Problem in BeanShell script: org.apache.jorphan.util.JMeterException: Error invoking bsh method: eval	Sourced file: inline evaluation of: ``String totalRecords = vars.get("totalRecords"); String perpage = vars.get("perpa . . . '' : Typed variable declaration : Method Invocation Integer.parseInt
2021-05-25 09:53:16,895 ERROR o.a.j.u.BeanShellInterpreter: Error invoking bsh method: eval	Sourced file: inline evaluation of: ``String totalRecords = vars.get("totalRecords"); String perpage = vars.get("perpa . . . '' : Typed variable declaration : Method Invocation Integer.parseInt
2021-05-25 09:53:16,895 WARN o.a.j.e.BeanShellPostProcessor: Problem in BeanShell script: org.apache.jorphan.util.JMeterException: Error invoking bsh method: eval	Sourced file: inline evaluation of: ``String totalRecords = vars.get("totalRecords"); String perpage = vars.get("perpa . . . '' : Typed variable declaration : Method Invocation Integer.parseInt
2021-05-25 09:53:18,664 ERROR o.a.j.u.BeanShellInterpreter: Error invoking bsh method: eval	Sourced file: inline evaluation of: ``String totalRecords = vars.get("totalRecords"); String perpage = vars.get("perpa . . . '' : Typed variable declaration : Method Invocation Integer.parseInt
2021-05-25 09:53:18,665 WARN o.a.j.e.BeanShellPostProcessor: Problem in BeanShell script: org.apache.jorphan.util.JMeterException: Error invoking bsh method: eval	Sourced file: inline evaluation of: ``String totalRecords = vars.get("totalRecords"); String perpage = vars.get("perpa . . . '' : Typed variable declaration : Method Invocation Integer.parseInt
2021-05-25 09:53:20,761 ERROR o.a.j.u.BeanShellInterpreter: Error invoking bsh method: eval	Sourced file: inline evaluation of: ``String totalRecords = vars.get("totalRecords"); String perpage = vars.get("perpa . . . '' : Typed variable declaration : Method Invocation Integer.parseInt
2021-05-25 09:53:20,761 WARN o.a.j.e.BeanShellPostProcessor: Problem in BeanShell script: org.apache.jorphan.util.JMeterException: Error invoking bsh method: eval	Sourced file: inline evaluation of: ``String totalRecords = vars.get("totalRecords"); String perpage = vars.get("perpa . . . '' : Typed variable declaration : Method Invocation Integer.parseInt
2021-05-25 09:53:25,219 ERROR o.a.j.u.BeanShellInterpreter: Error invoking bsh method: eval	Sourced file: inline evaluation of: ``String totalRecords = vars.get("totalRecords"); String perpage = vars.get("perpa . . . '' : Typed variable declaration : Method Invocation Integer.parseInt
2021-05-25 09:53:25,219 WARN o.a.j.e.BeanShellPostProcessor: Problem in BeanShell script: org.apache.jorphan.util.JMeterException: Error invoking bsh method: eval	Sourced file: inline evaluation of: ``String totalRecords = vars.get("totalRecords"); String perpage = vars.get("perpa . . . '' : Typed variable declaration : Method Invocation Integer.parseInt
2021-05-25 09:53:30,226 INFO o.a.j.r.Summariser: summary +    203 in 00:00:30 =    6.7/s Avg:   855 Min:   307 Max:  9890 Err:     0 (0.00%) Active: 10 Started: 10 Finished: 0
2021-05-25 09:53:30,226 INFO o.a.j.r.Summariser: summary =   1116 in 00:03:42 =    5.0/s Avg:  1033 Min:    27 Max: 13714 Err:     0 (0.00%)
2021-05-25 09:53:31,743 ERROR o.a.j.u.BeanShellInterpreter: Error invoking bsh method: eval	Sourced file: inline evaluation of: ``String totalRecords = vars.get("totalRecords"); String perpage = vars.get("perpa . . . '' : Typed variable declaration : Method Invocation Integer.parseInt
2021-05-25 09:53:31,743 WARN o.a.j.e.BeanShellPostProcessor: Problem in BeanShell script: org.apache.jorphan.util.JMeterException: Error invoking bsh method: eval	Sourced file: inline evaluation of: ``String totalRecords = vars.get("totalRecords"); String perpage = vars.get("perpa . . . '' : Typed variable declaration : Method Invocation Integer.parseInt
2021-05-25 09:53:33,654 ERROR o.a.j.u.BeanShellInterpreter: Error invoking bsh method: eval	Sourced file: inline evaluation of: ``String totalRecords = vars.get("totalRecords"); String perpage = vars.get("perpa . . . '' : Typed variable declaration : Method Invocation Integer.parseInt
2021-05-25 09:53:33,655 WARN o.a.j.e.BeanShellPostProcessor: Problem in BeanShell script: org.apache.jorphan.util.JMeterException: Error invoking bsh method: eval	Sourced file: inline evaluation of: ``String totalRecords = vars.get("totalRecords"); String perpage = vars.get("perpa . . . '' : Typed variable declaration : Method Invocation Integer.parseInt
2021-05-25 09:53:37,779 ERROR o.a.j.u.BeanShellInterpreter: Error invoking bsh method: eval	Sourced file: inline evaluation of: ``String totalRecords = vars.get("totalRecords"); String perpage = vars.get("perpa . . . '' : Typed variable declaration : Method Invocation Integer.parseInt
2021-05-25 09:53:37,779 WARN o.a.j.e.BeanShellPostProcessor: Problem in BeanShell script: org.apache.jorphan.util.JMeterException: Error invoking bsh method: eval	Sourced file: inline evaluation of: ``String totalRecords = vars.get("totalRecords"); String perpage = vars.get("perpa . . . '' : Typed variable declaration : Method Invocation Integer.parseInt
2021-05-25 09:53:51,417 ERROR o.a.j.u.BeanShellInterpreter: Error invoking bsh method: eval	Sourced file: inline evaluation of: ``String totalRecords = vars.get("totalRecords"); String perpage = vars.get("perpa . . . '' : Typed variable declaration : Method Invocation Integer.parseInt
2021-05-25 09:53:51,417 WARN o.a.j.e.BeanShellPostProcessor: Problem in BeanShell script: org.apache.jorphan.util.JMeterException: Error invoking bsh method: eval	Sourced file: inline evaluation of: ``String totalRecords = vars.get("totalRecords"); String perpage = vars.get("perpa . . . '' : Typed variable declaration : Method Invocation Integer.parseInt
2021-05-25 09:54:00,063 INFO o.a.j.r.Summariser: summary +     78 in 00:00:30 =    2.6/s Avg:  2749 Min:   343 Max: 11029 Err:     0 (0.00%) Active: 10 Started: 10 Finished: 0
2021-05-25 09:54:00,063 INFO o.a.j.r.Summariser: summary =   1194 in 00:04:12 =    4.7/s Avg:  1145 Min:    27 Max: 13714 Err:     0 (0.00%)
2021-05-25 09:54:30,443 INFO o.a.j.r.Summariser: summary +    119 in 00:00:30 =    3.9/s Avg:  2031 Min:   275 Max: 14025 Err:     0 (0.00%) Active: 10 Started: 10 Finished: 0
2021-05-25 09:54:30,443 INFO o.a.j.r.Summariser: summary =   1313 in 00:04:42 =    4.7/s Avg:  1226 Min:    27 Max: 14025 Err:     0 (0.00%)
2021-05-25 09:54:59,510 INFO o.a.j.s.FileServer: Stored: D:\apache-jmeter-5.1\apache-jmeter-5.1\bin\excel\isource\suppliers_partner.csv Alias: D:\apache-jmeter-5.1\apache-jmeter-5.1\bin\excel\isource\suppliers_partner.csv@442465916
2021-05-25 09:55:00,001 INFO o.a.j.r.Summariser: summary +    107 in 00:00:30 =    3.6/s Avg:  2435 Min:   296 Max: 14681 Err:     0 (0.00%) Active: 10 Started: 10 Finished: 0
2021-05-25 09:55:00,001 INFO o.a.j.r.Summariser: summary =   1420 in 00:05:12 =    4.6/s Avg:  1317 Min:    27 Max: 14681 Err:     0 (0.00%)
2021-05-25 09:55:30,235 INFO o.a.j.r.Summariser: summary +     93 in 00:00:30 =    3.1/s Avg:  1629 Min:   228 Max: 14121 Err:     0 (0.00%) Active: 10 Started: 10 Finished: 0
2021-05-25 09:55:30,236 INFO o.a.j.r.Summariser: summary =   1513 in 00:05:42 =    4.4/s Avg:  1336 Min:    27 Max: 14681 Err:     0 (0.00%)
2021-05-25 09:56:00,144 INFO o.a.j.r.Summariser: summary +    133 in 00:00:30 =    4.4/s Avg:  1349 Min:   226 Max: 14437 Err:     0 (0.00%) Active: 10 Started: 10 Finished: 0
2021-05-25 09:56:00,145 INFO o.a.j.r.Summariser: summary =   1646 in 00:06:12 =    4.4/s Avg:  1337 Min:    27 Max: 14681 Err:     0 (0.00%)
2021-05-25 09:56:30,313 INFO o.a.j.r.Summariser: summary +    123 in 00:00:30 =    4.1/s Avg:  1486 Min:   214 Max:  9565 Err:     0 (0.00%) Active: 10 Started: 10 Finished: 0
2021-05-25 09:56:30,314 INFO o.a.j.r.Summariser: summary =   1769 in 00:06:42 =    4.4/s Avg:  1347 Min:    27 Max: 14681 Err:     0 (0.00%)
2021-05-25 09:57:01,154 INFO o.a.j.r.Summariser: summary +    100 in 00:00:31 =    3.2/s Avg:  1799 Min:   217 Max:  6483 Err:     0 (0.00%) Active: 10 Started: 10 Finished: 0
2021-05-25 09:57:01,155 INFO o.a.j.r.Summariser: summary =   1869 in 00:07:13 =    4.3/s Avg:  1372 Min:    27 Max: 14681 Err:     0 (0.00%)
2021-05-25 09:58:30,510 INFO o.a.j.r.Summariser: summary +     31 in 00:01:29 =    0.3/s Avg:  2025 Min:   216 Max: 10870 Err:     0 (0.00%) Active: 10 Started: 10 Finished: 0
2021-05-25 09:58:30,510 INFO o.a.j.r.Summariser: summary =   1900 in 00:08:42 =    3.6/s Avg:  1382 Min:    27 Max: 14681 Err:     0 (0.00%)
2021-05-25 09:59:00,335 INFO o.a.j.r.Summariser: summary +     77 in 00:00:30 =    2.6/s Avg:  2186 Min:   210 Max:  9993 Err:     0 (0.00%) Active: 10 Started: 10 Finished: 0
2021-05-25 09:59:00,335 INFO o.a.j.r.Summariser: summary =   1977 in 00:09:12 =    3.6/s Avg:  1414 Min:    27 Max: 14681 Err:     0 (0.00%)
2021-05-25 09:59:30,038 INFO o.a.j.r.Summariser: summary +    131 in 00:00:30 =    4.4/s Avg:  1875 Min:   208 Max:  9364 Err:     0 (0.00%) Active: 10 Started: 10 Finished: 0
2021-05-25 09:59:30,038 INFO o.a.j.r.Summariser: summary =   2108 in 00:09:42 =    3.6/s Avg:  1442 Min:    27 Max: 14681 Err:     0 (0.00%)
2021-05-25 10:00:00,928 INFO o.a.j.r.Summariser: summary +    105 in 00:00:31 =    3.4/s Avg:  1416 Min:   210 Max:  8216 Err:     0 (0.00%) Active: 10 Started: 10 Finished: 0
2021-05-25 10:00:00,929 INFO o.a.j.r.Summariser: summary =   2213 in 00:10:13 =    3.6/s Avg:  1441 Min:    27 Max: 14681 Err:     0 (0.00%)
2021-05-25 10:00:30,271 INFO o.a.j.r.Summariser: summary +    141 in 00:00:29 =    4.8/s Avg:  1235 Min:   218 Max:  8208 Err:     0 (0.00%) Active: 10 Started: 10 Finished: 0
2021-05-25 10:00:30,271 INFO o.a.j.r.Summariser: summary =   2354 in 00:10:42 =    3.7/s Avg:  1429 Min:    27 Max: 14681 Err:     0 (0.00%)
2021-05-25 10:01:00,136 INFO o.a.j.r.Summariser: summary +    126 in 00:00:30 =    4.2/s Avg:  1504 Min:   213 Max:  6267 Err:     0 (0.00%) Active: 10 Started: 10 Finished: 0
2021-05-25 10:01:00,136 INFO o.a.j.r.Summariser: summary =   2480 in 00:11:12 =    3.7/s Avg:  1432 Min:    27 Max: 14681 Err:     0 (0.00%)
2021-05-25 10:01:31,828 INFO o.a.j.r.Summariser: summary +     51 in 00:00:32 =    1.6/s Avg:  1408 Min:   214 Max:  4740 Err:     0 (0.00%) Active: 10 Started: 10 Finished: 0
2021-05-25 10:01:31,828 INFO o.a.j.r.Summariser: summary =   2531 in 00:11:43 =    3.6/s Avg:  1432 Min:    27 Max: 14681 Err:     0 (0.00%)
2021-05-25 10:02:32,724 INFO o.a.j.r.Summariser: summary +      3 in 00:01:01 =    0.0/s Avg:  2904 Min:   226 Max:  7447 Err:     0 (0.00%) Active: 10 Started: 10 Finished: 0
2021-05-25 10:02:32,724 INFO o.a.j.r.Summariser: summary =   2534 in 00:12:44 =    3.3/s Avg:  1434 Min:    27 Max: 14681 Err:     0 (0.00%)
2021-05-25 10:03:00,103 INFO o.a.j.r.Summariser: summary +     68 in 00:00:27 =    2.5/s Avg:  1771 Min:   212 Max:  9598 Err:     0 (0.00%) Active: 10 Started: 10 Finished: 0
2021-05-25 10:03:00,103 INFO o.a.j.r.Summariser: summary =   2602 in 00:13:12 =    3.3/s Avg:  1443 Min:    27 Max: 14681 Err:     0 (0.00%)
2021-05-25 10:03:30,019 INFO o.a.j.r.Summariser: summary +    126 in 00:00:30 =    4.2/s Avg:  1875 Min:   213 Max:  8678 Err:     0 (0.00%) Active: 10 Started: 10 Finished: 0
2021-05-25 10:03:30,020 INFO o.a.j.r.Summariser: summary =   2728 in 00:13:42 =    3.3/s Avg:  1462 Min:    27 Max: 14681 Err:     0 (0.00%)
2021-05-25 10:04:00,594 INFO o.a.j.r.Summariser: summary +    165 in 00:00:31 =    5.4/s Avg:  1500 Min:   238 Max: 14019 Err:     0 (0.00%) Active: 10 Started: 10 Finished: 0
2021-05-25 10:04:00,594 INFO o.a.j.r.Summariser: summary =   2893 in 00:14:12 =    3.4/s Avg:  1465 Min:    27 Max: 14681 Err:     0 (0.00%)
2021-05-25 10:04:07,564 INFO o.a.j.t.JMeterThread: Stop Thread detected by thread: L1-iSource-Auction-NonPricingRescheduleEvent-JOB 1-4
2021-05-25 10:04:07,565 INFO o.a.j.t.JMeterThread: Thread finished: L1-iSource-Auction-NonPricingRescheduleEvent-JOB 1-4
2021-05-25 10:04:12,709 INFO o.a.j.t.JMeterThread: Stop Thread detected by thread: L1-iSource-Auction-NonPricingRescheduleEvent-JOB 1-5
2021-05-25 10:04:12,709 INFO o.a.j.t.JMeterThread: Thread finished: L1-iSource-Auction-NonPricingRescheduleEvent-JOB 1-5
2021-05-25 10:04:18,174 INFO o.a.j.t.JMeterThread: Stop Thread detected by thread: L1-iSource-Auction-NonPricingRescheduleEvent-JOB 1-1
2021-05-25 10:04:18,175 INFO o.a.j.t.JMeterThread: Thread finished: L1-iSource-Auction-NonPricingRescheduleEvent-JOB 1-1
2021-05-25 10:04:30,540 INFO o.a.j.r.Summariser: summary +     97 in 00:00:30 =    3.2/s Avg:  1931 Min:   255 Max: 14037 Err:     3 (3.09%) Active: 7 Started: 10 Finished: 3
2021-05-25 10:04:30,541 INFO o.a.j.r.Summariser: summary =   2990 in 00:14:42 =    3.4/s Avg:  1480 Min:    27 Max: 14681 Err:     3 (0.10%)
2021-05-25 10:05:00,517 INFO o.a.j.r.Summariser: summary +     55 in 00:00:30 =    1.8/s Avg:  1040 Min:   322 Max: 11426 Err:     0 (0.00%) Active: 7 Started: 10 Finished: 3
2021-05-25 10:05:00,518 INFO o.a.j.r.Summariser: summary =   3045 in 00:15:12 =    3.3/s Avg:  1472 Min:    27 Max: 14681 Err:     3 (0.10%)
2021-05-25 10:05:26,856 INFO o.a.j.t.JMeterThread: Stop Thread detected by thread: L1-iSource-Auction-NonPricingRescheduleEvent-JOB 1-8
2021-05-25 10:05:26,856 INFO o.a.j.t.JMeterThread: Thread finished: L1-iSource-Auction-NonPricingRescheduleEvent-JOB 1-8
2021-05-25 10:05:30,140 INFO o.a.j.r.Summariser: summary +     16 in 00:00:30 =    0.5/s Avg: 39042 Min:   368 Max: 600607 Err:     1 (6.25%) Active: 6 Started: 10 Finished: 4
2021-05-25 10:05:30,140 INFO o.a.j.r.Summariser: summary =   3061 in 00:15:42 =    3.3/s Avg:  1668 Min:    27 Max: 600607 Err:     4 (0.13%)
2021-05-25 10:06:00,475 INFO o.a.j.r.Summariser: summary +     68 in 00:00:30 =    2.2/s Avg:  1668 Min:   336 Max: 12034 Err:     0 (0.00%) Active: 6 Started: 10 Finished: 4
2021-05-25 10:06:00,475 INFO o.a.j.r.Summariser: summary =   3129 in 00:16:12 =    3.2/s Avg:  1668 Min:    27 Max: 600607 Err:     4 (0.13%)
2021-05-25 10:06:27,681 INFO o.a.j.t.JMeterThread: Thread is done: L1-iSource-Auction-NonPricingRescheduleEvent-JOB 1-2
2021-05-25 10:06:27,682 INFO o.a.j.t.JMeterThread: Thread finished: L1-iSource-Auction-NonPricingRescheduleEvent-JOB 1-2
2021-05-25 10:06:42,325 INFO o.a.j.t.JMeterThread: Thread is done: L1-iSource-Auction-NonPricingRescheduleEvent-JOB 1-3
2021-05-25 10:06:42,325 INFO o.a.j.t.JMeterThread: Thread finished: L1-iSource-Auction-NonPricingRescheduleEvent-JOB 1-3
2021-05-25 10:06:48,045 INFO o.a.j.t.JMeterThread: Thread is done: L1-iSource-Auction-NonPricingRescheduleEvent-JOB 1-6
2021-05-25 10:06:48,045 INFO o.a.j.t.JMeterThread: Thread finished: L1-iSource-Auction-NonPricingRescheduleEvent-JOB 1-6
2021-05-25 10:06:51,243 INFO o.a.j.t.JMeterThread: Thread is done: L1-iSource-Auction-NonPricingRescheduleEvent-JOB 1-9
2021-05-25 10:06:51,243 INFO o.a.j.t.JMeterThread: Thread finished: L1-iSource-Auction-NonPricingRescheduleEvent-JOB 1-9
2021-05-25 10:06:55,933 INFO o.a.j.t.JMeterThread: Thread is done: L1-iSource-Auction-NonPricingRescheduleEvent-JOB 1-7
2021-05-25 10:06:55,933 INFO o.a.j.t.JMeterThread: Thread finished: L1-iSource-Auction-NonPricingRescheduleEvent-JOB 1-7
2021-05-25 10:07:00,281 INFO o.a.j.r.Summariser: summary +     59 in 00:01:00 =    1.0/s Avg:   984 Min:   300 Max: 11559 Err:     0 (0.00%) Active: 1 Started: 10 Finished: 9
2021-05-25 10:07:00,282 INFO o.a.j.r.Summariser: summary =   3188 in 00:17:12 =    3.1/s Avg:  1656 Min:    27 Max: 600607 Err:     4 (0.13%)
2021-05-25 10:07:06,304 INFO o.a.j.t.JMeterThread: Thread is done: L1-iSource-Auction-NonPricingRescheduleEvent-JOB 1-10
2021-05-25 10:07:06,304 INFO o.a.j.t.JMeterThread: Thread finished: L1-iSource-Auction-NonPricingRescheduleEvent-JOB 1-10
2021-05-25 10:07:06,307 INFO o.a.j.e.StandardJMeterEngine: Notifying test listeners of end of test
2021-05-25 10:07:06,308 INFO o.a.j.s.FileServer: Close: D:\apache-jmeter-5.1\apache-jmeter-5.1\bin\excel\isource\suppliers_partner.csv@442465916
2021-05-25 10:07:06,308 INFO o.a.j.s.FileServer: Close: D:\apache-jmeter-5.1\apache-jmeter-5.1\bin\excel\isource\Partner_ZCS_Users.csv
2021-05-25 10:07:06,309 INFO o.a.j.r.Summariser: summary +      9 in 00:00:06 =    1.5/s Avg:   668 Min:   325 Max:  1009 Err:     0 (0.00%) Active: 0 Started: 10 Finished: 10
2021-05-25 10:07:06,310 INFO o.a.j.r.Summariser: summary =   3197 in 00:17:18 =    3.1/s Avg:  1653 Min:    27 Max: 600607 Err:     4 (0.13%)
2021-05-25 10:07:06,310 INFO o.a.j.JMeter: Generating Dashboard
2021-05-25 10:07:06,310 INFO o.a.j.r.d.ReportGenerator: Flushing result collector before report Generation
2021-05-25 10:07:06,323 INFO o.a.j.r.p.NormalizerSampleConsumer: Using format, 'ms', to parse timeStamp field
2021-05-25 10:07:06,523 INFO o.a.j.r.p.AbstractSampleConsumer: class org.apache.jmeter.report.processor.AggregateConsumer#stopProducing(): beginDate produced 0 samples
2021-05-25 10:07:06,523 INFO o.a.j.r.p.AbstractSampleConsumer: class org.apache.jmeter.report.processor.AggregateConsumer#stopProducing(): endDate produced 0 samples
2021-05-25 10:07:06,526 INFO o.a.j.r.p.AbstractSampleConsumer: class org.apache.jmeter.report.processor.ApdexSummaryConsumer#stopProducing(): apdexSummary produced 0 samples
2021-05-25 10:07:06,526 INFO o.a.j.r.p.AbstractSampleConsumer: class org.apache.jmeter.report.processor.RequestsSummaryConsumer#stopProducing(): requestsSummary produced 0 samples
2021-05-25 10:07:06,536 INFO o.a.j.r.p.AbstractSampleConsumer: class org.apache.jmeter.report.processor.StatisticsSummaryConsumer#stopProducing(): statisticsSummary produced 0 samples
2021-05-25 10:07:06,544 INFO o.a.j.r.p.AbstractSampleConsumer: class org.apache.jmeter.report.processor.Top5ErrorsBySamplerConsumer#stopProducing(): top5ErrorsBySampler produced 0 samples
2021-05-25 10:07:06,544 INFO o.a.j.r.p.AbstractSampleConsumer: class org.apache.jmeter.report.processor.ErrorsSummaryConsumer#stopProducing(): errorsSummary produced 0 samples
2021-05-25 10:07:06,544 INFO o.a.j.r.p.AbstractSampleConsumer: class org.apache.jmeter.report.processor.graph.impl.HitsPerSecondGraphConsumer#stopProducing(): hitsPerSecond produced 0 samples
2021-05-25 10:07:06,578 INFO o.a.j.r.p.AbstractSampleConsumer: class org.apache.jmeter.report.processor.graph.impl.LatencyVSRequestGraphConsumer#stopProducing(): latencyVsRequest produced 0 samples
2021-05-25 10:07:06,579 INFO o.a.j.r.p.AbstractSampleConsumer: class org.apache.jmeter.report.processor.graph.impl.SyntheticResponseTimeDistributionGraphConsumer#stopProducing(): syntheticResponseTimeDistribution produced 0 samples
2021-05-25 10:07:06,579 INFO o.a.j.r.p.AbstractSampleConsumer: class org.apache.jmeter.report.processor.graph.impl.BytesThroughputGraphConsumer#stopProducing(): bytesThroughputOverTime produced 0 samples
2021-05-25 10:07:06,579 INFO o.a.j.r.p.AbstractSampleConsumer: class org.apache.jmeter.report.processor.graph.impl.CodesPerSecondGraphConsumer#stopProducing(): codesPerSecond produced 0 samples
2021-05-25 10:07:06,608 INFO o.a.j.r.p.AbstractSampleConsumer: class org.apache.jmeter.report.processor.graph.impl.ResponseTimeVSRequestGraphConsumer#stopProducing(): responseTimeVsRequest produced 0 samples
2021-05-25 10:07:06,608 INFO o.a.j.r.p.AbstractSampleConsumer: class org.apache.jmeter.report.processor.FilterConsumer#stopProducing(): startIntervalControlerFilter produced 22379 samples
2021-05-25 10:07:06,608 INFO o.a.j.r.p.AbstractSampleConsumer: class org.apache.jmeter.report.processor.graph.impl.TotalTPSGraphConsumer#stopProducing(): totalTPS produced 0 samples
2021-05-25 10:07:06,608 INFO o.a.j.r.p.AbstractSampleConsumer: class org.apache.jmeter.report.processor.graph.impl.ActiveThreadsGraphConsumer#stopProducing(): activeThreadsOverTime produced 0 samples
2021-05-25 10:07:06,609 INFO o.a.j.r.p.AbstractSampleConsumer: class org.apache.jmeter.report.processor.graph.impl.TimeVSThreadGraphConsumer#stopProducing(): timeVsThreads produced 0 samples
2021-05-25 10:07:06,622 INFO o.a.j.r.p.AbstractSampleConsumer: class org.apache.jmeter.report.processor.graph.impl.ResponseTimeDistributionGraphConsumer#stopProducing(): responseTimeDistribution produced 0 samples
2021-05-25 10:07:06,625 INFO o.a.j.r.p.AbstractSampleConsumer: class org.apache.jmeter.report.processor.graph.impl.TransactionsPerSecondGraphConsumer#stopProducing(): transactionsPerSecond produced 0 samples
2021-05-25 10:07:06,628 INFO o.a.j.r.p.AbstractSampleConsumer: class org.apache.jmeter.report.processor.graph.impl.ResponseTimePercentilesGraphConsumer#stopProducing(): responseTimePercentiles produced 0 samples
2021-05-25 10:07:06,659 INFO o.a.j.r.p.AbstractSampleConsumer: class org.apache.jmeter.report.processor.graph.impl.ResponseTimePercentilesOverTimeGraphConsumer#stopProducing(): responseTimePercentilesOverTime produced 0 samples
2021-05-25 10:07:06,660 INFO o.a.j.r.p.AbstractSampleConsumer: class org.apache.jmeter.report.processor.graph.impl.ResponseTimeOverTimeGraphConsumer#stopProducing(): responseTimesOverTime produced 0 samples
2021-05-25 10:07:06,663 INFO o.a.j.r.p.AbstractSampleConsumer: class org.apache.jmeter.report.processor.graph.impl.ConnectTimeOverTimeGraphConsumer#stopProducing(): connectTimeOverTime produced 0 samples
2021-05-25 10:07:06,665 INFO o.a.j.r.p.AbstractSampleConsumer: class org.apache.jmeter.report.processor.graph.impl.LatencyOverTimeGraphConsumer#stopProducing(): latenciesOverTime produced 0 samples
2021-05-25 10:07:06,668 INFO o.a.j.r.p.AbstractSampleConsumer: class org.apache.jmeter.report.processor.FilterConsumer#stopProducing(): nameFilter produced 55815 samples
2021-05-25 10:07:06,668 INFO o.a.j.r.p.AbstractSampleConsumer: class org.apache.jmeter.report.processor.FilterConsumer#stopProducing(): dateRangeFilter produced 11163 samples
2021-05-25 10:07:06,668 INFO o.a.j.r.p.AbstractSampleConsumer: class org.apache.jmeter.report.processor.NormalizerSampleConsumer#stopProducing(): normalizer produced 3721 samples
2021-05-25 10:07:06,669 INFO o.a.j.r.p.CsvFileSampleSource: produce(): 3721 samples produced in 327ms on channel 0
2021-05-25 10:07:06,669 INFO o.a.j.r.d.ReportGenerator: Exporting data using exporter:'json' of className:'org.apache.jmeter.report.dashboard.JsonExporter'
2021-05-25 10:07:06,670 INFO o.a.j.r.d.JsonExporter: Found data for consumer statisticsSummary in context
2021-05-25 10:07:06,670 INFO o.a.j.r.d.JsonExporter: Creating statistics for overall
2021-05-25 10:07:06,670 INFO o.a.j.r.d.JsonExporter: Creating statistics for other transactions
2021-05-25 10:07:06,671 INFO o.a.j.r.d.JsonExporter: Checking output folder
2021-05-25 10:07:06,673 INFO o.a.j.r.d.JsonExporter: Writing statistics JSON to C:\xampp\htdocs\PerformancePostgres\L1_iSource_10_AuctionNonPricingRescheduleEvent_2021-05-25_2\statistics.json
2021-05-25 10:07:06,807 INFO o.a.j.r.d.ReportGenerator: Exporting data using exporter:'html' of className:'org.apache.jmeter.report.dashboard.HtmlTemplateExporter'
2021-05-25 10:07:06,811 INFO o.a.j.r.d.HtmlTemplateExporter: Will generate dashboard in folder: C:\xampp\htdocs\PerformancePostgres\L1_iSource_10_AuctionNonPricingRescheduleEvent_2021-05-25_2
2021-05-25 10:07:07,185 INFO o.a.j.r.d.HtmlTemplateExporter: Report will be generated in: C:\xampp\htdocs\PerformancePostgres\L1_iSource_10_AuctionNonPricingRescheduleEvent_2021-05-25_2, creating folder structure
2021-05-25 10:07:07,189 INFO o.a.j.r.d.TemplateVisitor: Copying folder from 'D:\apache-jmeter-5.1\apache-jmeter-5.1\bin\report-template' to 'C:\xampp\htdocs\PerformancePostgres\L1_iSource_10_AuctionNonPricingRescheduleEvent_2021-05-25_2', got message:[C:\xampp\htdocs\PerformancePostgres\L1_iSource_10_AuctionNonPricingRescheduleEvent_2021-05-25_2\statistics.json], found non empty folder with following content {}, will be ignored
2021-05-25 10:07:08,051 INFO o.a.j.JMeter: Dashboard generated
