2021-06-04 13:53:13,609 INFO o.a.j.u.JMeterUtils: Setting Locale to en_EN
2021-06-04 13:53:13,620 INFO o.a.j.JMeter: Loading user properties from: user.properties
2021-06-04 13:53:13,621 INFO o.a.j.JMeter: Loading system properties from: system.properties
2021-06-04 13:53:13,621 INFO o.a.j.JMeter: Setting JMeter property: meter.reportgenerator.report_title=AuctionNonPricingRescheduleEvent
2021-06-04 13:53:13,621 INFO o.a.j.JMeter: Setting JMeter property: thread=10
2021-06-04 13:53:13,621 INFO o.a.j.JMeter: Setting JMeter property: rampup=30
2021-06-04 13:53:13,624 INFO o.a.j.JMeter: Copyright (c) 1998-2019 The Apache Software Foundation
2021-06-04 13:53:13,625 INFO o.a.j.JMeter: Version 5.1 r1853635
2021-06-04 13:53:13,625 INFO o.a.j.JMeter: java.version=1.8.0_121
2021-06-04 13:53:13,625 INFO o.a.j.JMeter: java.vm.name=Java HotSpot(TM) 64-Bit Server VM
2021-06-04 13:53:13,625 INFO o.a.j.JMeter: os.name=Windows 10
2021-06-04 13:53:13,625 INFO o.a.j.JMeter: os.arch=amd64
2021-06-04 13:53:13,625 INFO o.a.j.JMeter: os.version=10.0
2021-06-04 13:53:13,625 INFO o.a.j.JMeter: file.encoding=Cp1252
2021-06-04 13:53:13,625 INFO o.a.j.JMeter: java.awt.headless=true
2021-06-04 13:53:13,625 INFO o.a.j.JMeter: Max memory     =8589934592
2021-06-04 13:53:13,625 INFO o.a.j.JMeter: Available Processors =6
2021-06-04 13:53:13,628 INFO o.a.j.JMeter: Default Locale=English (EN)
2021-06-04 13:53:13,628 INFO o.a.j.JMeter: JMeter  Locale=English (EN)
2021-06-04 13:53:13,628 INFO o.a.j.JMeter: JMeterHome=D:\apache-jmeter-5.1\apache-jmeter-5.1
2021-06-04 13:53:13,628 INFO o.a.j.JMeter: user.dir  =D:\apache-jmeter-5.1\apache-jmeter-5.1\bin
2021-06-04 13:53:13,628 INFO o.a.j.JMeter: PWD       =D:\apache-jmeter-5.1\apache-jmeter-5.1\bin
2021-06-04 13:53:13,630 INFO o.a.j.JMeter: IP: 172.30.224.67 Name: ZIPLSY2278 FullName: ZIPLSY2278.zycus.net
2021-06-04 13:53:13,632 INFO o.a.j.JMeter: Setting property 'jmeter.reportgenerator.outputdir' to:'C:\xampp\htdocs\PerformancePostgres\L1_iSource_10_AuctionNonPricingRescheduleEvent_2021-06-04_8'
2021-06-04 13:53:13,634 INFO o.a.j.s.FileServer: Default base='D:\apache-jmeter-5.1\apache-jmeter-5.1\bin'
2021-06-04 13:53:13,637 INFO o.a.j.s.FileServer: Set new base='D:\PostrgresMigration\iSource'
2021-06-04 13:53:13,736 INFO o.a.j.s.SaveService: Testplan (JMX) version: 2.2. Testlog (JTL) version: 2.2
2021-06-04 13:53:13,746 INFO o.a.j.s.SaveService: Using SaveService properties file encoding UTF-8
2021-06-04 13:53:13,751 INFO o.a.j.s.SaveService: Using SaveService properties version 5.0
2021-06-04 13:53:13,755 INFO o.a.j.s.SaveService: Loading file: D:\PostrgresMigration\iSource\L1_iSource_AuctionNonPricingRescheduleEvent.jmx
2021-06-04 13:53:13,808 INFO o.a.j.p.h.c.CookieManager: Settings: Delete null: true Check: true Allow variable: true Save: false Prefix: COOKIE_
2021-06-04 13:53:13,814 INFO o.a.j.p.h.c.CacheManager: Will only cache the following methods: [GET]
2021-06-04 13:53:13,822 INFO o.a.j.p.h.s.HTTPSamplerBase: Parser for text/html is org.apache.jmeter.protocol.http.parser.LagartoBasedHtmlParser
2021-06-04 13:53:13,822 INFO o.a.j.p.h.s.HTTPSamplerBase: Parser for application/xhtml+xml is org.apache.jmeter.protocol.http.parser.LagartoBasedHtmlParser
2021-06-04 13:53:13,822 INFO o.a.j.p.h.s.HTTPSamplerBase: Parser for application/xml is org.apache.jmeter.protocol.http.parser.LagartoBasedHtmlParser
2021-06-04 13:53:13,822 INFO o.a.j.p.h.s.HTTPSamplerBase: Parser for text/xml is org.apache.jmeter.protocol.http.parser.LagartoBasedHtmlParser
2021-06-04 13:53:13,822 INFO o.a.j.p.h.s.HTTPSamplerBase: Parser for text/vnd.wap.wml is org.apache.jmeter.protocol.http.parser.RegexpHTMLParser
2021-06-04 13:53:13,822 INFO o.a.j.p.h.s.HTTPSamplerBase: Parser for text/css is org.apache.jmeter.protocol.http.parser.CssParser
2021-06-04 13:53:14,214 INFO o.a.j.JMeter: Creating summariser <summary>
2021-06-04 13:53:14,218 INFO o.a.j.r.d.ReportGenerator: ReportGenerator will use for Parsing the separator: ','
2021-06-04 13:53:14,219 INFO o.a.j.r.d.ReportGenerator: Will generate report at end of test from  results file: D:\PostrgresMigration\iSource\JTL\L1_iSource_10_AuctionNonPricingRescheduleEvent_2021-06-04_8.jtl
2021-06-04 13:53:14,219 INFO o.a.j.r.d.ReportGenerator: Reading report generator properties from: D:\apache-jmeter-5.1\apache-jmeter-5.1\bin\reportgenerator.properties
2021-06-04 13:53:14,219 INFO o.a.j.r.d.ReportGenerator: Merging with JMeter properties
2021-06-04 13:53:14,224 INFO o.a.j.r.c.ReportGeneratorConfiguration: Property 'jmeter.reportgenerator.temp_dir' not found, using default value 'temp' instead.
2021-06-04 13:53:14,226 INFO o.a.j.r.c.ReportGeneratorConfiguration: Property 'jmeter.reportgenerator.apdex_per_transaction' not found, using default value 'null' instead.
2021-06-04 13:53:14,226 INFO o.a.j.r.c.ReportGeneratorConfiguration: apdex_per_transaction : {} is empty, not APDEX per transaction customization
2021-06-04 13:53:14,226 INFO o.a.j.r.c.ReportGeneratorConfiguration: Property 'jmeter.reportgenerator.sample_filter' not found, using default value 'null' instead.
2021-06-04 13:53:14,226 INFO o.a.j.r.c.ReportGeneratorConfiguration: Property 'jmeter.reportgenerator.report_title' not found, using default value 'null' instead.
2021-06-04 13:53:14,226 INFO o.a.j.r.c.ReportGeneratorConfiguration: Property 'jmeter.reportgenerator.start_date' not found, using default value 'null' instead.
2021-06-04 13:53:14,226 INFO o.a.j.r.c.ReportGeneratorConfiguration: Property 'jmeter.reportgenerator.end_date' not found, using default value 'null' instead.
2021-06-04 13:53:14,226 INFO o.a.j.r.c.ReportGeneratorConfiguration: Property 'jmeter.reportgenerator.date_format' not found, using default value 'null' instead.
2021-06-04 13:53:14,227 INFO o.a.j.r.c.ReportGeneratorConfiguration: Will use date range start date: null, end date: null
2021-06-04 13:53:14,230 INFO o.a.j.r.c.ReportGeneratorConfiguration: Property 'jmeter.reportgenerator.graph.totalTPS.exclude_controllers' not found, using default value 'false' instead.
2021-06-04 13:53:14,230 INFO o.a.j.r.c.ReportGeneratorConfiguration: Property 'jmeter.reportgenerator.graph.activeThreadsOverTime.exclude_controllers' not found, using default value 'false' instead.
2021-06-04 13:53:14,230 INFO o.a.j.r.c.ReportGeneratorConfiguration: Property 'jmeter.reportgenerator.graph.timeVsThreads.exclude_controllers' not found, using default value 'false' instead.
2021-06-04 13:53:14,230 INFO o.a.j.r.c.ReportGeneratorConfiguration: Property 'jmeter.reportgenerator.graph.responseTimeDistribution.exclude_controllers' not found, using default value 'false' instead.
2021-06-04 13:53:14,230 INFO o.a.j.r.c.ReportGeneratorConfiguration: Property 'jmeter.reportgenerator.graph.transactionsPerSecond.exclude_controllers' not found, using default value 'false' instead.
2021-06-04 13:53:14,231 INFO o.a.j.r.c.ReportGeneratorConfiguration: Property 'jmeter.reportgenerator.graph.responseTimePercentiles.exclude_controllers' not found, using default value 'false' instead.
2021-06-04 13:53:14,231 INFO o.a.j.r.c.ReportGeneratorConfiguration: Property 'jmeter.reportgenerator.graph.responseTimePercentilesOverTime.exclude_controllers' not found, using default value 'false' instead.
2021-06-04 13:53:14,231 INFO o.a.j.r.c.ReportGeneratorConfiguration: Property 'jmeter.reportgenerator.graph.responseTimesOverTime.exclude_controllers' not found, using default value 'false' instead.
2021-06-04 13:53:14,231 INFO o.a.j.r.c.ReportGeneratorConfiguration: Property 'jmeter.reportgenerator.graph.connectTimeOverTime.exclude_controllers' not found, using default value 'false' instead.
2021-06-04 13:53:14,231 INFO o.a.j.r.c.ReportGeneratorConfiguration: Property 'jmeter.reportgenerator.graph.latenciesOverTime.exclude_controllers' not found, using default value 'false' instead.
2021-06-04 13:53:14,232 INFO o.a.j.r.c.ReportGeneratorConfiguration: Property 'jmeter.reportgenerator.exporter.json.filters_only_sample_series' not found, using default value 'true' instead.
2021-06-04 13:53:14,232 INFO o.a.j.r.c.ReportGeneratorConfiguration: Property 'jmeter.reportgenerator.exporter.json.series_filter' not found, using default value '' instead.
2021-06-04 13:53:14,232 INFO o.a.j.r.c.ReportGeneratorConfiguration: Property 'jmeter.reportgenerator.exporter.json.show_controllers_only' not found, using default value 'false' instead.
2021-06-04 13:53:14,232 INFO o.a.j.r.c.ReportGeneratorConfiguration: Property 'jmeter.reportgenerator.exporter.html.filters_only_sample_series' not found, using default value 'true' instead.
2021-06-04 13:53:14,232 INFO o.a.j.r.c.ReportGeneratorConfiguration: Property 'jmeter.reportgenerator.exporter.html.series_filter' not found, using default value '' instead.
2021-06-04 13:53:14,232 INFO o.a.j.r.c.ReportGeneratorConfiguration: Property 'jmeter.reportgenerator.exporter.html.show_controllers_only' not found, using default value 'false' instead.
2021-06-04 13:53:14,236 INFO o.a.j.e.StandardJMeterEngine: Running the test!
2021-06-04 13:53:14,237 INFO o.a.j.s.SampleEvent: List of sample_variables: []
2021-06-04 13:53:14,237 INFO o.a.j.s.SampleEvent: List of sample_variables: []
2021-06-04 13:53:14,242 INFO o.a.j.e.u.CompoundVariable: Note: Function class names must contain the string: '.functions.'
2021-06-04 13:53:14,242 INFO o.a.j.e.u.CompoundVariable: Note: Function class names must not contain the string: '.gui.'
2021-06-04 13:53:14,668 INFO o.a.j.JMeter: Running test (1622794994668)
2021-06-04 13:53:14,758 INFO o.a.j.e.StandardJMeterEngine: Starting ThreadGroup: 1 : L1-iSource-Auction-NonPricingRescheduleEvent-JOB
2021-06-04 13:53:14,758 INFO o.a.j.e.StandardJMeterEngine: Starting 10 threads for group L1-iSource-Auction-NonPricingRescheduleEvent-JOB.
2021-06-04 13:53:14,758 INFO o.a.j.e.StandardJMeterEngine: Thread will stop on error
2021-06-04 13:53:14,758 INFO o.a.j.t.ThreadGroup: Starting thread group... number=1 threads=10 ramp-up=30 perThread=3000.0 delayedStart=false
2021-06-04 13:53:14,815 INFO o.a.j.s.SampleResult: Note: Sample TimeStamps are START times
2021-06-04 13:53:14,815 INFO o.a.j.s.SampleResult: sampleresult.default.encoding is set to ISO-8859-1
2021-06-04 13:53:14,815 INFO o.a.j.s.SampleResult: sampleresult.useNanoTime=true
2021-06-04 13:53:14,815 INFO o.a.j.s.SampleResult: sampleresult.nanoThreadSleep=5000
2021-06-04 13:53:14,831 INFO o.a.j.t.JMeterThread: Thread started: L1-iSource-Auction-NonPricingRescheduleEvent-JOB 1-1
2021-06-04 13:53:14,833 INFO o.a.j.c.LoopController: iterationStart called on Loop Controller with source org.apache.jmeter.control.LoopController@558293ca and iteration 1
2021-06-04 13:53:14,833 INFO o.a.j.c.LoopController: iterationStart called on 5.6# Questions_Text with source org.apache.jmeter.control.LoopController@558293ca and iteration 1
2021-06-04 13:53:14,833 INFO o.a.j.s.FileServer: Stored: D:\apache-jmeter-5.1\apache-jmeter-5.1\bin\excel\isource\Partner_ZCS_Users.csv
2021-06-04 13:53:14,854 INFO o.a.j.p.h.s.HTTPHCAbstractImpl: Local host = ZIPLSY2278
2021-06-04 13:53:14,859 INFO o.a.j.p.h.s.HTTPHC4Impl: HTTP request retry count = 0
2021-06-04 13:53:14,949 INFO o.a.j.p.h.s.h.LazyLayeredConnectionSocketFactory: Setting up HTTPS TrustAll Socket Factory
2021-06-04 13:53:14,956 INFO o.a.j.u.JsseSSLManager: Using default SSL protocol: TLS
2021-06-04 13:53:14,956 INFO o.a.j.u.JsseSSLManager: SSL session context: per-thread
2021-06-04 13:53:15,214 INFO o.a.j.t.ThreadGroup: Started thread group number 1
2021-06-04 13:53:15,215 INFO o.a.j.e.StandardJMeterEngine: All thread groups have been started
2021-06-04 13:53:15,492 INFO o.a.j.u.SSLManager: JmeterKeyStore Location:  type JKS
2021-06-04 13:53:15,493 INFO o.a.j.u.SSLManager: KeyStore created OK
2021-06-04 13:53:15,494 WARN o.a.j.u.SSLManager: Keystore file not found, loading empty keystore
2021-06-04 13:53:17,869 INFO o.a.j.t.JMeterThread: Thread started: L1-iSource-Auction-NonPricingRescheduleEvent-JOB 1-2
2021-06-04 13:53:17,873 INFO o.a.j.c.LoopController: iterationStart called on Loop Controller with source org.apache.jmeter.control.LoopController@22ba9b83 and iteration 1
2021-06-04 13:53:17,873 INFO o.a.j.c.LoopController: iterationStart called on 5.6# Questions_Text with source org.apache.jmeter.control.LoopController@22ba9b83 and iteration 1
2021-06-04 13:53:20,929 INFO o.a.j.t.JMeterThread: Thread started: L1-iSource-Auction-NonPricingRescheduleEvent-JOB 1-3
2021-06-04 13:53:20,930 INFO o.a.j.c.LoopController: iterationStart called on Loop Controller with source org.apache.jmeter.control.LoopController@7e63fb71 and iteration 1
2021-06-04 13:53:20,930 INFO o.a.j.c.LoopController: iterationStart called on 5.6# Questions_Text with source org.apache.jmeter.control.LoopController@7e63fb71 and iteration 1
2021-06-04 13:53:23,978 INFO o.a.j.t.JMeterThread: Thread started: L1-iSource-Auction-NonPricingRescheduleEvent-JOB 1-4
2021-06-04 13:53:23,979 INFO o.a.j.c.LoopController: iterationStart called on Loop Controller with source org.apache.jmeter.control.LoopController@11ed252d and iteration 1
2021-06-04 13:53:23,979 INFO o.a.j.c.LoopController: iterationStart called on 5.6# Questions_Text with source org.apache.jmeter.control.LoopController@11ed252d and iteration 1
2021-06-04 13:53:27,017 INFO o.a.j.t.JMeterThread: Thread started: L1-iSource-Auction-NonPricingRescheduleEvent-JOB 1-5
2021-06-04 13:53:27,018 INFO o.a.j.c.LoopController: iterationStart called on Loop Controller with source org.apache.jmeter.control.LoopController@46be5513 and iteration 1
2021-06-04 13:53:27,018 INFO o.a.j.c.LoopController: iterationStart called on 5.6# Questions_Text with source org.apache.jmeter.control.LoopController@46be5513 and iteration 1
2021-06-04 13:53:30,053 INFO o.a.j.t.JMeterThread: Thread started: L1-iSource-Auction-NonPricingRescheduleEvent-JOB 1-6
2021-06-04 13:53:30,054 INFO o.a.j.c.LoopController: iterationStart called on Loop Controller with source org.apache.jmeter.control.LoopController@5a956376 and iteration 1
2021-06-04 13:53:30,055 INFO o.a.j.c.LoopController: iterationStart called on 5.6# Questions_Text with source org.apache.jmeter.control.LoopController@5a956376 and iteration 1
2021-06-04 13:53:30,246 INFO o.a.j.r.Summariser: summary +     49 in 00:00:16 =    3.1/s Avg:   301 Min:    13 Max:  1270 Err:     0 (0.00%) Active: 6 Started: 6 Finished: 0
2021-06-04 13:53:33,090 INFO o.a.j.t.JMeterThread: Thread started: L1-iSource-Auction-NonPricingRescheduleEvent-JOB 1-7
2021-06-04 13:53:33,092 INFO o.a.j.c.LoopController: iterationStart called on Loop Controller with source org.apache.jmeter.control.LoopController@5d1d184e and iteration 1
2021-06-04 13:53:33,092 INFO o.a.j.c.LoopController: iterationStart called on 5.6# Questions_Text with source org.apache.jmeter.control.LoopController@5d1d184e and iteration 1
2021-06-04 13:53:36,129 INFO o.a.j.t.JMeterThread: Thread started: L1-iSource-Auction-NonPricingRescheduleEvent-JOB 1-8
2021-06-04 13:53:36,129 INFO o.a.j.c.LoopController: iterationStart called on Loop Controller with source org.apache.jmeter.control.LoopController@584de0ea and iteration 1
2021-06-04 13:53:36,130 INFO o.a.j.c.LoopController: iterationStart called on 5.6# Questions_Text with source org.apache.jmeter.control.LoopController@584de0ea and iteration 1
2021-06-04 13:53:39,172 INFO o.a.j.t.JMeterThread: Thread started: L1-iSource-Auction-NonPricingRescheduleEvent-JOB 1-9
2021-06-04 13:53:39,173 INFO o.a.j.c.LoopController: iterationStart called on Loop Controller with source org.apache.jmeter.control.LoopController@62cbd999 and iteration 1
2021-06-04 13:53:39,173 INFO o.a.j.c.LoopController: iterationStart called on 5.6# Questions_Text with source org.apache.jmeter.control.LoopController@62cbd999 and iteration 1
2021-06-04 13:53:42,227 INFO o.a.j.t.JMeterThread: Thread started: L1-iSource-Auction-NonPricingRescheduleEvent-JOB 1-10
2021-06-04 13:53:42,229 INFO o.a.j.c.LoopController: iterationStart called on Loop Controller with source org.apache.jmeter.control.LoopController@39912857 and iteration 1
2021-06-04 13:53:42,229 INFO o.a.j.c.LoopController: iterationStart called on 5.6# Questions_Text with source org.apache.jmeter.control.LoopController@39912857 and iteration 1
2021-06-04 13:54:00,039 INFO o.a.j.r.Summariser: summary +    169 in 00:00:30 =    5.7/s Avg:   612 Min:    13 Max: 22442 Err:     0 (0.00%) Active: 10 Started: 10 Finished: 0
2021-06-04 13:54:00,039 INFO o.a.j.r.Summariser: summary =    218 in 00:00:45 =    4.8/s Avg:   542 Min:    13 Max: 22442 Err:     0 (0.00%)
2021-06-04 13:54:30,328 INFO o.a.j.r.Summariser: summary +     76 in 00:00:30 =    2.5/s Avg:  3862 Min:   249 Max: 22621 Err:     0 (0.00%) Active: 10 Started: 10 Finished: 0
2021-06-04 13:54:30,328 INFO o.a.j.r.Summariser: summary =    294 in 00:01:16 =    3.9/s Avg:  1401 Min:    13 Max: 22621 Err:     0 (0.00%)
2021-06-04 13:55:00,120 INFO o.a.j.r.Summariser: summary +    153 in 00:00:30 =    5.1/s Avg:   885 Min:   296 Max: 14816 Err:     0 (0.00%) Active: 10 Started: 10 Finished: 0
2021-06-04 13:55:00,120 INFO o.a.j.r.Summariser: summary =    447 in 00:01:45 =    4.2/s Avg:  1224 Min:    13 Max: 22621 Err:     0 (0.00%)
2021-06-04 13:55:19,115 INFO o.a.j.s.FileServer: Stored: D:\apache-jmeter-5.1\apache-jmeter-5.1\bin\excel\isource\buyer_5_items.xlsx
2021-06-04 13:55:30,319 INFO o.a.j.r.Summariser: summary +    100 in 00:00:30 =    3.3/s Avg:  1132 Min:   260 Max:  9126 Err:     0 (0.00%) Active: 10 Started: 10 Finished: 0
2021-06-04 13:55:30,320 INFO o.a.j.r.Summariser: summary =    547 in 00:02:16 =    4.0/s Avg:  1207 Min:    13 Max: 22621 Err:     0 (0.00%)
2021-06-04 13:56:00,169 INFO o.a.j.r.Summariser: summary +     68 in 00:00:30 =    2.3/s Avg:  3313 Min:   266 Max: 20416 Err:     0 (0.00%) Active: 10 Started: 10 Finished: 0
2021-06-04 13:56:00,169 INFO o.a.j.r.Summariser: summary =    615 in 00:02:46 =    3.7/s Avg:  1440 Min:    13 Max: 22621 Err:     0 (0.00%)
2021-06-04 13:56:30,096 INFO o.a.j.r.Summariser: summary +    211 in 00:00:30 =    7.1/s Avg:  1234 Min:   290 Max: 18361 Err:     0 (0.00%) Active: 10 Started: 10 Finished: 0
2021-06-04 13:56:30,097 INFO o.a.j.r.Summariser: summary =    826 in 00:03:15 =    4.2/s Avg:  1388 Min:    13 Max: 22621 Err:     0 (0.00%)
2021-06-04 13:56:58,992 ERROR o.a.j.u.BeanShellInterpreter: Error invoking bsh method: eval	Sourced file: inline evaluation of: ``String totalRecords = vars.get("totalRecords"); String perpage = vars.get("perpa . . . '' : Typed variable declaration : Method Invocation Integer.parseInt
2021-06-04 13:56:58,992 WARN o.a.j.e.BeanShellPostProcessor: Problem in BeanShell script: org.apache.jorphan.util.JMeterException: Error invoking bsh method: eval	Sourced file: inline evaluation of: ``String totalRecords = vars.get("totalRecords"); String perpage = vars.get("perpa . . . '' : Typed variable declaration : Method Invocation Integer.parseInt
2021-06-04 13:57:00,168 INFO o.a.j.r.Summariser: summary +    241 in 00:00:30 =    8.0/s Avg:   844 Min:   295 Max:  3564 Err:     0 (0.00%) Active: 10 Started: 10 Finished: 0
2021-06-04 13:57:00,169 INFO o.a.j.r.Summariser: summary =   1067 in 00:03:46 =    4.7/s Avg:  1265 Min:    13 Max: 22621 Err:     0 (0.00%)
2021-06-04 13:57:00,907 ERROR o.a.j.u.BeanShellInterpreter: Error invoking bsh method: eval	Sourced file: inline evaluation of: ``String totalRecords = vars.get("totalRecords"); String perpage = vars.get("perpa . . . '' : Typed variable declaration : Method Invocation Integer.parseInt
2021-06-04 13:57:00,908 WARN o.a.j.e.BeanShellPostProcessor: Problem in BeanShell script: org.apache.jorphan.util.JMeterException: Error invoking bsh method: eval	Sourced file: inline evaluation of: ``String totalRecords = vars.get("totalRecords"); String perpage = vars.get("perpa . . . '' : Typed variable declaration : Method Invocation Integer.parseInt
2021-06-04 13:57:02,547 ERROR o.a.j.u.BeanShellInterpreter: Error invoking bsh method: eval	Sourced file: inline evaluation of: ``String totalRecords = vars.get("totalRecords"); String perpage = vars.get("perpa . . . '' : Typed variable declaration : Method Invocation Integer.parseInt
2021-06-04 13:57:02,547 WARN o.a.j.e.BeanShellPostProcessor: Problem in BeanShell script: org.apache.jorphan.util.JMeterException: Error invoking bsh method: eval	Sourced file: inline evaluation of: ``String totalRecords = vars.get("totalRecords"); String perpage = vars.get("perpa . . . '' : Typed variable declaration : Method Invocation Integer.parseInt
2021-06-04 13:57:05,445 ERROR o.a.j.u.BeanShellInterpreter: Error invoking bsh method: eval	Sourced file: inline evaluation of: ``String totalRecords = vars.get("totalRecords"); String perpage = vars.get("perpa . . . '' : Typed variable declaration : Method Invocation Integer.parseInt
2021-06-04 13:57:05,445 WARN o.a.j.e.BeanShellPostProcessor: Problem in BeanShell script: org.apache.jorphan.util.JMeterException: Error invoking bsh method: eval	Sourced file: inline evaluation of: ``String totalRecords = vars.get("totalRecords"); String perpage = vars.get("perpa . . . '' : Typed variable declaration : Method Invocation Integer.parseInt
2021-06-04 13:57:07,628 ERROR o.a.j.u.BeanShellInterpreter: Error invoking bsh method: eval	Sourced file: inline evaluation of: ``String totalRecords = vars.get("totalRecords"); String perpage = vars.get("perpa . . . '' : Typed variable declaration : Method Invocation Integer.parseInt
2021-06-04 13:57:07,628 WARN o.a.j.e.BeanShellPostProcessor: Problem in BeanShell script: org.apache.jorphan.util.JMeterException: Error invoking bsh method: eval	Sourced file: inline evaluation of: ``String totalRecords = vars.get("totalRecords"); String perpage = vars.get("perpa . . . '' : Typed variable declaration : Method Invocation Integer.parseInt
2021-06-04 13:57:10,961 ERROR o.a.j.u.BeanShellInterpreter: Error invoking bsh method: eval	Sourced file: inline evaluation of: ``String totalRecords = vars.get("totalRecords"); String perpage = vars.get("perpa . . . '' : Typed variable declaration : Method Invocation Integer.parseInt
2021-06-04 13:57:10,961 WARN o.a.j.e.BeanShellPostProcessor: Problem in BeanShell script: org.apache.jorphan.util.JMeterException: Error invoking bsh method: eval	Sourced file: inline evaluation of: ``String totalRecords = vars.get("totalRecords"); String perpage = vars.get("perpa . . . '' : Typed variable declaration : Method Invocation Integer.parseInt
2021-06-04 13:57:13,380 ERROR o.a.j.u.BeanShellInterpreter: Error invoking bsh method: eval	Sourced file: inline evaluation of: ``String totalRecords = vars.get("totalRecords"); String perpage = vars.get("perpa . . . '' : Typed variable declaration : Method Invocation Integer.parseInt
2021-06-04 13:57:13,381 WARN o.a.j.e.BeanShellPostProcessor: Problem in BeanShell script: org.apache.jorphan.util.JMeterException: Error invoking bsh method: eval	Sourced file: inline evaluation of: ``String totalRecords = vars.get("totalRecords"); String perpage = vars.get("perpa . . . '' : Typed variable declaration : Method Invocation Integer.parseInt
2021-06-04 13:57:20,745 ERROR o.a.j.u.BeanShellInterpreter: Error invoking bsh method: eval	Sourced file: inline evaluation of: ``String totalRecords = vars.get("totalRecords"); String perpage = vars.get("perpa . . . '' : Typed variable declaration : Method Invocation Integer.parseInt
2021-06-04 13:57:20,745 WARN o.a.j.e.BeanShellPostProcessor: Problem in BeanShell script: org.apache.jorphan.util.JMeterException: Error invoking bsh method: eval	Sourced file: inline evaluation of: ``String totalRecords = vars.get("totalRecords"); String perpage = vars.get("perpa . . . '' : Typed variable declaration : Method Invocation Integer.parseInt
2021-06-04 13:57:25,789 ERROR o.a.j.u.BeanShellInterpreter: Error invoking bsh method: eval	Sourced file: inline evaluation of: ``String totalRecords = vars.get("totalRecords"); String perpage = vars.get("perpa . . . '' : Typed variable declaration : Method Invocation Integer.parseInt
2021-06-04 13:57:25,789 WARN o.a.j.e.BeanShellPostProcessor: Problem in BeanShell script: org.apache.jorphan.util.JMeterException: Error invoking bsh method: eval	Sourced file: inline evaluation of: ``String totalRecords = vars.get("totalRecords"); String perpage = vars.get("perpa . . . '' : Typed variable declaration : Method Invocation Integer.parseInt
2021-06-04 13:57:30,070 INFO o.a.j.r.Summariser: summary +     90 in 00:00:30 =    3.0/s Avg:  2065 Min:   304 Max: 14195 Err:     0 (0.00%) Active: 10 Started: 10 Finished: 0
2021-06-04 13:57:30,070 INFO o.a.j.r.Summariser: summary =   1157 in 00:04:15 =    4.5/s Avg:  1327 Min:    13 Max: 22621 Err:     0 (0.00%)
2021-06-04 13:57:32,707 ERROR o.a.j.u.BeanShellInterpreter: Error invoking bsh method: eval	Sourced file: inline evaluation of: ``String totalRecords = vars.get("totalRecords"); String perpage = vars.get("perpa . . . '' : Typed variable declaration : Method Invocation Integer.parseInt
2021-06-04 13:57:32,707 WARN o.a.j.e.BeanShellPostProcessor: Problem in BeanShell script: org.apache.jorphan.util.JMeterException: Error invoking bsh method: eval	Sourced file: inline evaluation of: ``String totalRecords = vars.get("totalRecords"); String perpage = vars.get("perpa . . . '' : Typed variable declaration : Method Invocation Integer.parseInt
2021-06-04 13:58:00,098 INFO o.a.j.r.Summariser: summary +     64 in 00:00:30 =    2.1/s Avg:  3651 Min:   341 Max: 14110 Err:     0 (0.00%) Active: 10 Started: 10 Finished: 0
2021-06-04 13:58:00,099 INFO o.a.j.r.Summariser: summary =   1221 in 00:04:45 =    4.3/s Avg:  1449 Min:    13 Max: 22621 Err:     0 (0.00%)
2021-06-04 13:58:30,454 INFO o.a.j.r.Summariser: summary +    135 in 00:00:30 =    4.4/s Avg:  1722 Min:   264 Max: 11122 Err:     0 (0.00%) Active: 10 Started: 10 Finished: 0
2021-06-04 13:58:30,454 INFO o.a.j.r.Summariser: summary =   1356 in 00:05:16 =    4.3/s Avg:  1476 Min:    13 Max: 22621 Err:     0 (0.00%)
2021-06-04 13:58:50,846 INFO o.a.j.s.FileServer: Stored: D:\apache-jmeter-5.1\apache-jmeter-5.1\bin\excel\isource\suppliers_partner.csv Alias: D:\apache-jmeter-5.1\apache-jmeter-5.1\bin\excel\isource\suppliers_partner.csv@584157293
2021-06-04 13:59:00,483 INFO o.a.j.r.Summariser: summary +    104 in 00:00:30 =    3.5/s Avg:  2588 Min:   275 Max: 13371 Err:     0 (0.00%) Active: 10 Started: 10 Finished: 0
2021-06-04 13:59:00,483 INFO o.a.j.r.Summariser: summary =   1460 in 00:05:46 =    4.2/s Avg:  1555 Min:    13 Max: 22621 Err:     0 (0.00%)
2021-06-04 13:59:30,013 INFO o.a.j.r.Summariser: summary +     87 in 00:00:30 =    2.9/s Avg:  1247 Min:   232 Max: 11141 Err:     0 (0.00%) Active: 10 Started: 10 Finished: 0
2021-06-04 13:59:30,013 INFO o.a.j.r.Summariser: summary =   1547 in 00:06:15 =    4.1/s Avg:  1538 Min:    13 Max: 22621 Err:     0 (0.00%)
2021-06-04 14:00:00,026 INFO o.a.j.r.Summariser: summary +    166 in 00:00:30 =    5.5/s Avg:  1502 Min:   223 Max: 17764 Err:     0 (0.00%) Active: 10 Started: 10 Finished: 0
2021-06-04 14:00:00,026 INFO o.a.j.r.Summariser: summary =   1713 in 00:06:45 =    4.2/s Avg:  1535 Min:    13 Max: 22621 Err:     0 (0.00%)
2021-06-04 14:00:30,008 INFO o.a.j.r.Summariser: summary +    103 in 00:00:30 =    3.4/s Avg:  1901 Min:   221 Max:  7818 Err:     0 (0.00%) Active: 10 Started: 10 Finished: 0
2021-06-04 14:00:30,008 INFO o.a.j.r.Summariser: summary =   1816 in 00:07:15 =    4.2/s Avg:  1555 Min:    13 Max: 22621 Err:     0 (0.00%)
2021-06-04 14:01:00,075 INFO o.a.j.r.Summariser: summary +    103 in 00:00:30 =    3.4/s Avg:  2368 Min:   216 Max:  7743 Err:     0 (0.00%) Active: 10 Started: 10 Finished: 0
2021-06-04 14:01:00,076 INFO o.a.j.r.Summariser: summary =   1919 in 00:07:45 =    4.1/s Avg:  1599 Min:    13 Max: 22621 Err:     0 (0.00%)
2021-06-04 14:02:30,125 INFO o.a.j.r.Summariser: summary +     20 in 00:01:30 =    0.2/s Avg:  2801 Min:   226 Max:  7234 Err:     0 (0.00%) Active: 10 Started: 10 Finished: 0
2021-06-04 14:02:30,125 INFO o.a.j.r.Summariser: summary =   1939 in 00:09:15 =    3.5/s Avg:  1611 Min:    13 Max: 22621 Err:     0 (0.00%)
2021-06-04 14:03:00,020 INFO o.a.j.r.Summariser: summary +    108 in 00:00:30 =    3.6/s Avg:  1752 Min:   214 Max:  9436 Err:     0 (0.00%) Active: 10 Started: 10 Finished: 0
2021-06-04 14:03:00,020 INFO o.a.j.r.Summariser: summary =   2047 in 00:09:45 =    3.5/s Avg:  1619 Min:    13 Max: 22621 Err:     0 (0.00%)
2021-06-04 14:03:30,300 INFO o.a.j.r.Summariser: summary +    111 in 00:00:30 =    3.7/s Avg:  2563 Min:   218 Max:  8553 Err:     0 (0.00%) Active: 10 Started: 10 Finished: 0
2021-06-04 14:03:30,301 INFO o.a.j.r.Summariser: summary =   2158 in 00:10:16 =    3.5/s Avg:  1667 Min:    13 Max: 22621 Err:     0 (0.00%)
2021-06-04 14:04:00,591 INFO o.a.j.r.Summariser: summary +    109 in 00:00:30 =    3.6/s Avg:  1432 Min:   216 Max:  7378 Err:     0 (0.00%) Active: 10 Started: 10 Finished: 0
2021-06-04 14:04:00,592 INFO o.a.j.r.Summariser: summary =   2267 in 00:10:46 =    3.5/s Avg:  1656 Min:    13 Max: 22621 Err:     0 (0.00%)
2021-06-04 14:04:30,129 INFO o.a.j.r.Summariser: summary +    153 in 00:00:30 =    5.2/s Avg:  1322 Min:   231 Max:  9310 Err:     0 (0.00%) Active: 10 Started: 10 Finished: 0
2021-06-04 14:04:30,129 INFO o.a.j.r.Summariser: summary =   2420 in 00:11:15 =    3.6/s Avg:  1635 Min:    13 Max: 22621 Err:     0 (0.00%)
2021-06-04 14:05:00,018 INFO o.a.j.r.Summariser: summary +    114 in 00:00:30 =    3.8/s Avg:  1861 Min:   217 Max:  8536 Err:     0 (0.00%) Active: 10 Started: 10 Finished: 0
2021-06-04 14:05:00,018 INFO o.a.j.r.Summariser: summary =   2534 in 00:11:45 =    3.6/s Avg:  1645 Min:    13 Max: 22621 Err:     0 (0.00%)
2021-06-04 14:05:30,210 INFO o.a.j.r.Summariser: summary +     99 in 00:00:30 =    3.3/s Avg:  1974 Min:   220 Max:  7771 Err:     0 (0.00%) Active: 10 Started: 10 Finished: 0
2021-06-04 14:05:30,210 INFO o.a.j.r.Summariser: summary =   2633 in 00:12:16 =    3.6/s Avg:  1657 Min:    13 Max: 22621 Err:     0 (0.00%)
2021-06-04 14:07:00,339 INFO o.a.j.r.Summariser: summary +     50 in 00:01:30 =    0.6/s Avg:  1594 Min:   222 Max:  6801 Err:     0 (0.00%) Active: 10 Started: 10 Finished: 0
2021-06-04 14:07:00,340 INFO o.a.j.r.Summariser: summary =   2683 in 00:13:46 =    3.2/s Avg:  1656 Min:    13 Max: 22621 Err:     0 (0.00%)
2021-06-04 14:07:30,084 INFO o.a.j.r.Summariser: summary +     95 in 00:00:30 =    3.2/s Avg:  1954 Min:   217 Max: 10162 Err:     0 (0.00%) Active: 10 Started: 10 Finished: 0
2021-06-04 14:07:30,085 INFO o.a.j.r.Summariser: summary =   2778 in 00:14:15 =    3.2/s Avg:  1666 Min:    13 Max: 22621 Err:     0 (0.00%)
2021-06-04 14:08:00,011 INFO o.a.j.r.Summariser: summary +    159 in 00:00:30 =    5.3/s Avg:  1813 Min:   222 Max: 10690 Err:     0 (0.00%) Active: 10 Started: 10 Finished: 0
2021-06-04 14:08:00,012 INFO o.a.j.r.Summariser: summary =   2937 in 00:14:45 =    3.3/s Avg:  1674 Min:    13 Max: 22621 Err:     0 (0.00%)
2021-06-04 14:08:30,161 INFO o.a.j.r.Summariser: summary +    137 in 00:00:30 =    4.5/s Avg:  2132 Min:   354 Max: 12464 Err:     0 (0.00%) Active: 10 Started: 10 Finished: 0
2021-06-04 14:08:30,161 INFO o.a.j.r.Summariser: summary =   3074 in 00:15:15 =    3.4/s Avg:  1695 Min:    13 Max: 22621 Err:     0 (0.00%)
2021-06-04 14:09:00,862 INFO o.a.j.r.Summariser: summary +    121 in 00:00:31 =    3.9/s Avg:  1874 Min:   362 Max: 11856 Err:     0 (0.00%) Active: 10 Started: 10 Finished: 0
2021-06-04 14:09:00,863 INFO o.a.j.r.Summariser: summary =   3195 in 00:15:46 =    3.4/s Avg:  1702 Min:    13 Max: 22621 Err:     0 (0.00%)
2021-06-04 14:10:00,592 INFO o.a.j.r.Summariser: summary +    112 in 00:01:00 =    1.9/s Avg:  1542 Min:   395 Max: 10250 Err:     0 (0.00%) Active: 10 Started: 10 Finished: 0
2021-06-04 14:10:00,592 INFO o.a.j.r.Summariser: summary =   3307 in 00:16:46 =    3.3/s Avg:  1696 Min:    13 Max: 22621 Err:     0 (0.00%)
2021-06-04 14:10:34,400 INFO o.a.j.r.Summariser: summary +     82 in 00:00:34 =    2.4/s Avg:  1955 Min:   293 Max: 10961 Err:     0 (0.00%) Active: 10 Started: 10 Finished: 0
2021-06-04 14:10:34,400 INFO o.a.j.r.Summariser: summary =   3389 in 00:17:20 =    3.3/s Avg:  1702 Min:    13 Max: 22621 Err:     0 (0.00%)
2021-06-04 14:10:59,517 INFO o.a.j.t.JMeterThread: Thread is done: L1-iSource-Auction-NonPricingRescheduleEvent-JOB 1-7
2021-06-04 14:10:59,517 INFO o.a.j.t.JMeterThread: Thread finished: L1-iSource-Auction-NonPricingRescheduleEvent-JOB 1-7
2021-06-04 14:11:00,158 INFO o.a.j.r.Summariser: summary +     42 in 00:00:26 =    1.6/s Avg:  1696 Min:   632 Max:  9958 Err:     0 (0.00%) Active: 9 Started: 10 Finished: 1
2021-06-04 14:11:00,159 INFO o.a.j.r.Summariser: summary =   3431 in 00:17:45 =    3.2/s Avg:  1702 Min:    13 Max: 22621 Err:     0 (0.00%)
2021-06-04 14:11:01,243 INFO o.a.j.t.JMeterThread: Thread is done: L1-iSource-Auction-NonPricingRescheduleEvent-JOB 1-8
2021-06-04 14:11:01,243 INFO o.a.j.t.JMeterThread: Thread finished: L1-iSource-Auction-NonPricingRescheduleEvent-JOB 1-8
2021-06-04 14:11:08,054 INFO o.a.j.t.JMeterThread: Thread is done: L1-iSource-Auction-NonPricingRescheduleEvent-JOB 1-9
2021-06-04 14:11:08,054 INFO o.a.j.t.JMeterThread: Thread finished: L1-iSource-Auction-NonPricingRescheduleEvent-JOB 1-9
2021-06-04 14:11:09,894 INFO o.a.j.t.JMeterThread: Thread is done: L1-iSource-Auction-NonPricingRescheduleEvent-JOB 1-6
2021-06-04 14:11:09,894 INFO o.a.j.t.JMeterThread: Thread finished: L1-iSource-Auction-NonPricingRescheduleEvent-JOB 1-6
2021-06-04 14:11:20,227 INFO o.a.j.t.JMeterThread: Thread is done: L1-iSource-Auction-NonPricingRescheduleEvent-JOB 1-2
2021-06-04 14:11:20,227 INFO o.a.j.t.JMeterThread: Thread finished: L1-iSource-Auction-NonPricingRescheduleEvent-JOB 1-2
2021-06-04 14:11:22,203 INFO o.a.j.t.JMeterThread: Thread is done: L1-iSource-Auction-NonPricingRescheduleEvent-JOB 1-1
2021-06-04 14:11:22,204 INFO o.a.j.t.JMeterThread: Thread finished: L1-iSource-Auction-NonPricingRescheduleEvent-JOB 1-1
2021-06-04 14:11:25,863 INFO o.a.j.t.JMeterThread: Thread is done: L1-iSource-Auction-NonPricingRescheduleEvent-JOB 1-3
2021-06-04 14:11:25,863 INFO o.a.j.t.JMeterThread: Thread finished: L1-iSource-Auction-NonPricingRescheduleEvent-JOB 1-3
2021-06-04 14:11:30,496 INFO o.a.j.r.Summariser: summary +     55 in 00:00:30 =    1.8/s Avg:  1036 Min:   287 Max:  1814 Err:     0 (0.00%) Active: 3 Started: 10 Finished: 7
2021-06-04 14:11:30,496 INFO o.a.j.r.Summariser: summary =   3486 in 00:18:16 =    3.2/s Avg:  1692 Min:    13 Max: 22621 Err:     0 (0.00%)
2021-06-04 14:11:35,435 INFO o.a.j.t.JMeterThread: Thread is done: L1-iSource-Auction-NonPricingRescheduleEvent-JOB 1-4
2021-06-04 14:11:35,436 INFO o.a.j.t.JMeterThread: Thread finished: L1-iSource-Auction-NonPricingRescheduleEvent-JOB 1-4
2021-06-04 14:11:38,380 INFO o.a.j.t.JMeterThread: Thread is done: L1-iSource-Auction-NonPricingRescheduleEvent-JOB 1-5
2021-06-04 14:11:38,380 INFO o.a.j.t.JMeterThread: Thread finished: L1-iSource-Auction-NonPricingRescheduleEvent-JOB 1-5
2021-06-04 14:11:50,268 INFO o.a.j.t.JMeterThread: Thread is done: L1-iSource-Auction-NonPricingRescheduleEvent-JOB 1-10
2021-06-04 14:11:50,268 INFO o.a.j.t.JMeterThread: Thread finished: L1-iSource-Auction-NonPricingRescheduleEvent-JOB 1-10
2021-06-04 14:11:50,269 INFO o.a.j.e.StandardJMeterEngine: Notifying test listeners of end of test
2021-06-04 14:11:50,269 INFO o.a.j.s.FileServer: Close: D:\apache-jmeter-5.1\apache-jmeter-5.1\bin\excel\isource\suppliers_partner.csv@584157293
2021-06-04 14:11:50,269 INFO o.a.j.s.FileServer: Close: D:\apache-jmeter-5.1\apache-jmeter-5.1\bin\excel\isource\Partner_ZCS_Users.csv
2021-06-04 14:11:50,270 INFO o.a.j.r.Summariser: summary +     24 in 00:00:20 =    1.2/s Avg:   902 Min:   261 Max:  1816 Err:     0 (0.00%) Active: 0 Started: 10 Finished: 10
2021-06-04 14:11:50,270 INFO o.a.j.r.Summariser: summary =   3510 in 00:18:36 =    3.1/s Avg:  1686 Min:    13 Max: 22621 Err:     0 (0.00%)
2021-06-04 14:11:50,271 INFO o.a.j.JMeter: Generating Dashboard
2021-06-04 14:11:50,271 INFO o.a.j.r.d.ReportGenerator: Flushing result collector before report Generation
2021-06-04 14:11:50,281 INFO o.a.j.r.p.NormalizerSampleConsumer: Using format, 'ms', to parse timeStamp field
2021-06-04 14:11:50,467 INFO o.a.j.r.p.AbstractSampleConsumer: class org.apache.jmeter.report.processor.AggregateConsumer#stopProducing(): beginDate produced 0 samples
2021-06-04 14:11:50,467 INFO o.a.j.r.p.AbstractSampleConsumer: class org.apache.jmeter.report.processor.AggregateConsumer#stopProducing(): endDate produced 0 samples
2021-06-04 14:11:50,470 INFO o.a.j.r.p.AbstractSampleConsumer: class org.apache.jmeter.report.processor.ApdexSummaryConsumer#stopProducing(): apdexSummary produced 0 samples
2021-06-04 14:11:50,470 INFO o.a.j.r.p.AbstractSampleConsumer: class org.apache.jmeter.report.processor.RequestsSummaryConsumer#stopProducing(): requestsSummary produced 0 samples
2021-06-04 14:11:50,479 INFO o.a.j.r.p.AbstractSampleConsumer: class org.apache.jmeter.report.processor.StatisticsSummaryConsumer#stopProducing(): statisticsSummary produced 0 samples
2021-06-04 14:11:50,483 INFO o.a.j.r.p.AbstractSampleConsumer: class org.apache.jmeter.report.processor.Top5ErrorsBySamplerConsumer#stopProducing(): top5ErrorsBySampler produced 0 samples
2021-06-04 14:11:50,483 INFO o.a.j.r.p.AbstractSampleConsumer: class org.apache.jmeter.report.processor.ErrorsSummaryConsumer#stopProducing(): errorsSummary produced 0 samples
2021-06-04 14:11:50,483 INFO o.a.j.r.p.AbstractSampleConsumer: class org.apache.jmeter.report.processor.graph.impl.HitsPerSecondGraphConsumer#stopProducing(): hitsPerSecond produced 0 samples
2021-06-04 14:11:50,518 INFO o.a.j.r.p.AbstractSampleConsumer: class org.apache.jmeter.report.processor.graph.impl.LatencyVSRequestGraphConsumer#stopProducing(): latencyVsRequest produced 0 samples
2021-06-04 14:11:50,518 INFO o.a.j.r.p.AbstractSampleConsumer: class org.apache.jmeter.report.processor.graph.impl.SyntheticResponseTimeDistributionGraphConsumer#stopProducing(): syntheticResponseTimeDistribution produced 0 samples
2021-06-04 14:11:50,519 INFO o.a.j.r.p.AbstractSampleConsumer: class org.apache.jmeter.report.processor.graph.impl.BytesThroughputGraphConsumer#stopProducing(): bytesThroughputOverTime produced 0 samples
2021-06-04 14:11:50,519 INFO o.a.j.r.p.AbstractSampleConsumer: class org.apache.jmeter.report.processor.graph.impl.CodesPerSecondGraphConsumer#stopProducing(): codesPerSecond produced 0 samples
2021-06-04 14:11:50,534 INFO o.a.j.r.p.AbstractSampleConsumer: class org.apache.jmeter.report.processor.graph.impl.ResponseTimeVSRequestGraphConsumer#stopProducing(): responseTimeVsRequest produced 0 samples
2021-06-04 14:11:50,534 INFO o.a.j.r.p.AbstractSampleConsumer: class org.apache.jmeter.report.processor.FilterConsumer#stopProducing(): startIntervalControlerFilter produced 24570 samples
2021-06-04 14:11:50,534 INFO o.a.j.r.p.AbstractSampleConsumer: class org.apache.jmeter.report.processor.graph.impl.TotalTPSGraphConsumer#stopProducing(): totalTPS produced 0 samples
2021-06-04 14:11:50,535 INFO o.a.j.r.p.AbstractSampleConsumer: class org.apache.jmeter.report.processor.graph.impl.ActiveThreadsGraphConsumer#stopProducing(): activeThreadsOverTime produced 0 samples
2021-06-04 14:11:50,535 INFO o.a.j.r.p.AbstractSampleConsumer: class org.apache.jmeter.report.processor.graph.impl.TimeVSThreadGraphConsumer#stopProducing(): timeVsThreads produced 0 samples
2021-06-04 14:11:50,550 INFO o.a.j.r.p.AbstractSampleConsumer: class org.apache.jmeter.report.processor.graph.impl.ResponseTimeDistributionGraphConsumer#stopProducing(): responseTimeDistribution produced 0 samples
2021-06-04 14:11:50,554 INFO o.a.j.r.p.AbstractSampleConsumer: class org.apache.jmeter.report.processor.graph.impl.TransactionsPerSecondGraphConsumer#stopProducing(): transactionsPerSecond produced 0 samples
2021-06-04 14:11:50,556 INFO o.a.j.r.p.AbstractSampleConsumer: class org.apache.jmeter.report.processor.graph.impl.ResponseTimePercentilesGraphConsumer#stopProducing(): responseTimePercentiles produced 0 samples
2021-06-04 14:11:50,622 INFO o.a.j.r.p.AbstractSampleConsumer: class org.apache.jmeter.report.processor.graph.impl.ResponseTimePercentilesOverTimeGraphConsumer#stopProducing(): responseTimePercentilesOverTime produced 0 samples
2021-06-04 14:11:50,623 INFO o.a.j.r.p.AbstractSampleConsumer: class org.apache.jmeter.report.processor.graph.impl.ResponseTimeOverTimeGraphConsumer#stopProducing(): responseTimesOverTime produced 0 samples
2021-06-04 14:11:50,625 INFO o.a.j.r.p.AbstractSampleConsumer: class org.apache.jmeter.report.processor.graph.impl.ConnectTimeOverTimeGraphConsumer#stopProducing(): connectTimeOverTime produced 0 samples
2021-06-04 14:11:50,627 INFO o.a.j.r.p.AbstractSampleConsumer: class org.apache.jmeter.report.processor.graph.impl.LatencyOverTimeGraphConsumer#stopProducing(): latenciesOverTime produced 0 samples
2021-06-04 14:11:50,630 INFO o.a.j.r.p.AbstractSampleConsumer: class org.apache.jmeter.report.processor.FilterConsumer#stopProducing(): nameFilter produced 61350 samples
2021-06-04 14:11:50,630 INFO o.a.j.r.p.AbstractSampleConsumer: class org.apache.jmeter.report.processor.FilterConsumer#stopProducing(): dateRangeFilter produced 12270 samples
2021-06-04 14:11:50,630 INFO o.a.j.r.p.AbstractSampleConsumer: class org.apache.jmeter.report.processor.NormalizerSampleConsumer#stopProducing(): normalizer produced 4090 samples
2021-06-04 14:11:50,630 INFO o.a.j.r.p.CsvFileSampleSource: produce(): 4090 samples produced in 332ms on channel 0
2021-06-04 14:11:50,630 INFO o.a.j.r.d.ReportGenerator: Exporting data using exporter:'json' of className:'org.apache.jmeter.report.dashboard.JsonExporter'
2021-06-04 14:11:50,632 INFO o.a.j.r.d.JsonExporter: Found data for consumer statisticsSummary in context
2021-06-04 14:11:50,632 INFO o.a.j.r.d.JsonExporter: Creating statistics for overall
2021-06-04 14:11:50,632 INFO o.a.j.r.d.JsonExporter: Creating statistics for other transactions
2021-06-04 14:11:50,633 INFO o.a.j.r.d.JsonExporter: Checking output folder
2021-06-04 14:11:50,639 INFO o.a.j.r.d.JsonExporter: Writing statistics JSON to C:\xampp\htdocs\PerformancePostgres\L1_iSource_10_AuctionNonPricingRescheduleEvent_2021-06-04_8\statistics.json
2021-06-04 14:11:50,778 INFO o.a.j.r.d.ReportGenerator: Exporting data using exporter:'html' of className:'org.apache.jmeter.report.dashboard.HtmlTemplateExporter'
2021-06-04 14:11:50,780 INFO o.a.j.r.d.HtmlTemplateExporter: Will generate dashboard in folder: C:\xampp\htdocs\PerformancePostgres\L1_iSource_10_AuctionNonPricingRescheduleEvent_2021-06-04_8
2021-06-04 14:11:51,134 INFO o.a.j.r.d.HtmlTemplateExporter: Report will be generated in: C:\xampp\htdocs\PerformancePostgres\L1_iSource_10_AuctionNonPricingRescheduleEvent_2021-06-04_8, creating folder structure
2021-06-04 14:11:51,137 INFO o.a.j.r.d.TemplateVisitor: Copying folder from 'D:\apache-jmeter-5.1\apache-jmeter-5.1\bin\report-template' to 'C:\xampp\htdocs\PerformancePostgres\L1_iSource_10_AuctionNonPricingRescheduleEvent_2021-06-04_8', got message:[C:\xampp\htdocs\PerformancePostgres\L1_iSource_10_AuctionNonPricingRescheduleEvent_2021-06-04_8\statistics.json], found non empty folder with following content {}, will be ignored
2021-06-04 14:11:51,833 INFO o.a.j.JMeter: Dashboard generated
