2021-06-04 14:12:33,472 INFO o.a.j.u.JMeterUtils: Setting Locale to en_EN
2021-06-04 14:12:33,482 INFO o.a.j.JMeter: Loading user properties from: user.properties
2021-06-04 14:12:33,483 INFO o.a.j.JMeter: Loading system properties from: system.properties
2021-06-04 14:12:33,483 INFO o.a.j.JMeter: Setting JMeter property: meter.reportgenerator.report_title=RFQSendRegretMail
2021-06-04 14:12:33,483 INFO o.a.j.JMeter: Setting JMeter property: thread=10
2021-06-04 14:12:33,483 INFO o.a.j.JMeter: Setting JMeter property: rampup=30
2021-06-04 14:12:33,487 INFO o.a.j.JMeter: Copyright (c) 1998-2019 The Apache Software Foundation
2021-06-04 14:12:33,487 INFO o.a.j.JMeter: Version 5.1 r1853635
2021-06-04 14:12:33,492 INFO o.a.j.JMeter: java.version=1.8.0_121
2021-06-04 14:12:33,492 INFO o.a.j.JMeter: java.vm.name=Java HotSpot(TM) 64-Bit Server VM
2021-06-04 14:12:33,492 INFO o.a.j.JMeter: os.name=Windows 10
2021-06-04 14:12:33,492 INFO o.a.j.JMeter: os.arch=amd64
2021-06-04 14:12:33,492 INFO o.a.j.JMeter: os.version=10.0
2021-06-04 14:12:33,492 INFO o.a.j.JMeter: file.encoding=Cp1252
2021-06-04 14:12:33,492 INFO o.a.j.JMeter: java.awt.headless=true
2021-06-04 14:12:33,492 INFO o.a.j.JMeter: Max memory     =8589934592
2021-06-04 14:12:33,492 INFO o.a.j.JMeter: Available Processors =6
2021-06-04 14:12:33,495 INFO o.a.j.JMeter: Default Locale=English (EN)
2021-06-04 14:12:33,495 INFO o.a.j.JMeter: JMeter  Locale=English (EN)
2021-06-04 14:12:33,495 INFO o.a.j.JMeter: JMeterHome=D:\apache-jmeter-5.1\apache-jmeter-5.1
2021-06-04 14:12:33,495 INFO o.a.j.JMeter: user.dir  =D:\apache-jmeter-5.1\apache-jmeter-5.1\bin
2021-06-04 14:12:33,495 INFO o.a.j.JMeter: PWD       =D:\apache-jmeter-5.1\apache-jmeter-5.1\bin
2021-06-04 14:12:33,497 INFO o.a.j.JMeter: IP: 172.30.224.67 Name: ZIPLSY2278 FullName: ZIPLSY2278.zycus.net
2021-06-04 14:12:33,498 INFO o.a.j.JMeter: Setting property 'jmeter.reportgenerator.outputdir' to:'C:\xampp\htdocs\PerformancePostgres\L1_iSource_10_RFQSendRegretMail_2021-06-04_2'
2021-06-04 14:12:33,500 INFO o.a.j.s.FileServer: Default base='D:\apache-jmeter-5.1\apache-jmeter-5.1\bin'
2021-06-04 14:12:33,503 INFO o.a.j.s.FileServer: Set new base='D:\PostrgresMigration\iSource'
2021-06-04 14:12:33,600 INFO o.a.j.s.SaveService: Testplan (JMX) version: 2.2. Testlog (JTL) version: 2.2
2021-06-04 14:12:33,609 INFO o.a.j.s.SaveService: Using SaveService properties file encoding UTF-8
2021-06-04 14:12:33,613 INFO o.a.j.s.SaveService: Using SaveService properties version 5.0
2021-06-04 14:12:33,617 INFO o.a.j.s.SaveService: Loading file: D:\PostrgresMigration\iSource\L1_iSource_RFQSendRegretMail.jmx
2021-06-04 14:12:33,657 INFO o.a.j.p.h.c.CookieManager: Settings: Delete null: true Check: true Allow variable: true Save: false Prefix: COOKIE_
2021-06-04 14:12:33,661 INFO o.a.j.p.h.c.CacheManager: Will only cache the following methods: [GET]
2021-06-04 14:12:33,669 INFO o.a.j.p.h.s.HTTPSamplerBase: Parser for text/html is org.apache.jmeter.protocol.http.parser.LagartoBasedHtmlParser
2021-06-04 14:12:33,669 INFO o.a.j.p.h.s.HTTPSamplerBase: Parser for application/xhtml+xml is org.apache.jmeter.protocol.http.parser.LagartoBasedHtmlParser
2021-06-04 14:12:33,669 INFO o.a.j.p.h.s.HTTPSamplerBase: Parser for application/xml is org.apache.jmeter.protocol.http.parser.LagartoBasedHtmlParser
2021-06-04 14:12:33,669 INFO o.a.j.p.h.s.HTTPSamplerBase: Parser for text/xml is org.apache.jmeter.protocol.http.parser.LagartoBasedHtmlParser
2021-06-04 14:12:33,669 INFO o.a.j.p.h.s.HTTPSamplerBase: Parser for text/vnd.wap.wml is org.apache.jmeter.protocol.http.parser.RegexpHTMLParser
2021-06-04 14:12:33,669 INFO o.a.j.p.h.s.HTTPSamplerBase: Parser for text/css is org.apache.jmeter.protocol.http.parser.CssParser
2021-06-04 14:12:34,154 INFO o.a.j.JMeter: Creating summariser <summary>
2021-06-04 14:12:34,159 INFO o.a.j.r.d.ReportGenerator: ReportGenerator will use for Parsing the separator: ','
2021-06-04 14:12:34,159 INFO o.a.j.r.d.ReportGenerator: Will generate report at end of test from  results file: D:\PostrgresMigration\iSource\JTL\L1_iSource_10_RFQSendRegretMail_2021-06-04_2.jtl
2021-06-04 14:12:34,159 INFO o.a.j.r.d.ReportGenerator: Reading report generator properties from: D:\apache-jmeter-5.1\apache-jmeter-5.1\bin\reportgenerator.properties
2021-06-04 14:12:34,160 INFO o.a.j.r.d.ReportGenerator: Merging with JMeter properties
2021-06-04 14:12:34,164 INFO o.a.j.r.c.ReportGeneratorConfiguration: Property 'jmeter.reportgenerator.temp_dir' not found, using default value 'temp' instead.
2021-06-04 14:12:34,166 INFO o.a.j.r.c.ReportGeneratorConfiguration: Property 'jmeter.reportgenerator.apdex_per_transaction' not found, using default value 'null' instead.
2021-06-04 14:12:34,166 INFO o.a.j.r.c.ReportGeneratorConfiguration: apdex_per_transaction : {} is empty, not APDEX per transaction customization
2021-06-04 14:12:34,166 INFO o.a.j.r.c.ReportGeneratorConfiguration: Property 'jmeter.reportgenerator.sample_filter' not found, using default value 'null' instead.
2021-06-04 14:12:34,167 INFO o.a.j.r.c.ReportGeneratorConfiguration: Property 'jmeter.reportgenerator.report_title' not found, using default value 'null' instead.
2021-06-04 14:12:34,167 INFO o.a.j.r.c.ReportGeneratorConfiguration: Property 'jmeter.reportgenerator.start_date' not found, using default value 'null' instead.
2021-06-04 14:12:34,167 INFO o.a.j.r.c.ReportGeneratorConfiguration: Property 'jmeter.reportgenerator.end_date' not found, using default value 'null' instead.
2021-06-04 14:12:34,167 INFO o.a.j.r.c.ReportGeneratorConfiguration: Property 'jmeter.reportgenerator.date_format' not found, using default value 'null' instead.
2021-06-04 14:12:34,167 INFO o.a.j.r.c.ReportGeneratorConfiguration: Will use date range start date: null, end date: null
2021-06-04 14:12:34,171 INFO o.a.j.r.c.ReportGeneratorConfiguration: Property 'jmeter.reportgenerator.graph.totalTPS.exclude_controllers' not found, using default value 'false' instead.
2021-06-04 14:12:34,171 INFO o.a.j.r.c.ReportGeneratorConfiguration: Property 'jmeter.reportgenerator.graph.activeThreadsOverTime.exclude_controllers' not found, using default value 'false' instead.
2021-06-04 14:12:34,171 INFO o.a.j.r.c.ReportGeneratorConfiguration: Property 'jmeter.reportgenerator.graph.timeVsThreads.exclude_controllers' not found, using default value 'false' instead.
2021-06-04 14:12:34,171 INFO o.a.j.r.c.ReportGeneratorConfiguration: Property 'jmeter.reportgenerator.graph.responseTimeDistribution.exclude_controllers' not found, using default value 'false' instead.
2021-06-04 14:12:34,171 INFO o.a.j.r.c.ReportGeneratorConfiguration: Property 'jmeter.reportgenerator.graph.transactionsPerSecond.exclude_controllers' not found, using default value 'false' instead.
2021-06-04 14:12:34,171 INFO o.a.j.r.c.ReportGeneratorConfiguration: Property 'jmeter.reportgenerator.graph.responseTimePercentiles.exclude_controllers' not found, using default value 'false' instead.
2021-06-04 14:12:34,171 INFO o.a.j.r.c.ReportGeneratorConfiguration: Property 'jmeter.reportgenerator.graph.responseTimePercentilesOverTime.exclude_controllers' not found, using default value 'false' instead.
2021-06-04 14:12:34,172 INFO o.a.j.r.c.ReportGeneratorConfiguration: Property 'jmeter.reportgenerator.graph.responseTimesOverTime.exclude_controllers' not found, using default value 'false' instead.
2021-06-04 14:12:34,172 INFO o.a.j.r.c.ReportGeneratorConfiguration: Property 'jmeter.reportgenerator.graph.connectTimeOverTime.exclude_controllers' not found, using default value 'false' instead.
2021-06-04 14:12:34,172 INFO o.a.j.r.c.ReportGeneratorConfiguration: Property 'jmeter.reportgenerator.graph.latenciesOverTime.exclude_controllers' not found, using default value 'false' instead.
2021-06-04 14:12:34,173 INFO o.a.j.r.c.ReportGeneratorConfiguration: Property 'jmeter.reportgenerator.exporter.json.filters_only_sample_series' not found, using default value 'true' instead.
2021-06-04 14:12:34,173 INFO o.a.j.r.c.ReportGeneratorConfiguration: Property 'jmeter.reportgenerator.exporter.json.series_filter' not found, using default value '' instead.
2021-06-04 14:12:34,173 INFO o.a.j.r.c.ReportGeneratorConfiguration: Property 'jmeter.reportgenerator.exporter.json.show_controllers_only' not found, using default value 'false' instead.
2021-06-04 14:12:34,173 INFO o.a.j.r.c.ReportGeneratorConfiguration: Property 'jmeter.reportgenerator.exporter.html.filters_only_sample_series' not found, using default value 'true' instead.
2021-06-04 14:12:34,173 INFO o.a.j.r.c.ReportGeneratorConfiguration: Property 'jmeter.reportgenerator.exporter.html.series_filter' not found, using default value '' instead.
2021-06-04 14:12:34,173 INFO o.a.j.r.c.ReportGeneratorConfiguration: Property 'jmeter.reportgenerator.exporter.html.show_controllers_only' not found, using default value 'false' instead.
2021-06-04 14:12:34,177 INFO o.a.j.e.StandardJMeterEngine: Running the test!
2021-06-04 14:12:34,178 INFO o.a.j.s.SampleEvent: List of sample_variables: []
2021-06-04 14:12:34,178 INFO o.a.j.s.SampleEvent: List of sample_variables: []
2021-06-04 14:12:34,182 INFO o.a.j.e.u.CompoundVariable: Note: Function class names must contain the string: '.functions.'
2021-06-04 14:12:34,182 INFO o.a.j.e.u.CompoundVariable: Note: Function class names must not contain the string: '.gui.'
2021-06-04 14:12:34,581 INFO o.a.j.JMeter: Running test (1622796154581)
2021-06-04 14:12:34,658 INFO o.a.j.e.StandardJMeterEngine: Starting ThreadGroup: 1 : L1-iSource-RFQSendRegretMail-JOB
2021-06-04 14:12:34,658 INFO o.a.j.e.StandardJMeterEngine: Starting 10 threads for group L1-iSource-RFQSendRegretMail-JOB.
2021-06-04 14:12:34,658 INFO o.a.j.e.StandardJMeterEngine: Thread will stop on error
2021-06-04 14:12:34,658 INFO o.a.j.t.ThreadGroup: Starting thread group... number=1 threads=10 ramp-up=30 perThread=3000.0 delayedStart=false
2021-06-04 14:12:34,694 INFO o.a.j.s.SampleResult: Note: Sample TimeStamps are START times
2021-06-04 14:12:34,694 INFO o.a.j.s.SampleResult: sampleresult.default.encoding is set to ISO-8859-1
2021-06-04 14:12:34,694 INFO o.a.j.s.SampleResult: sampleresult.useNanoTime=true
2021-06-04 14:12:34,694 INFO o.a.j.s.SampleResult: sampleresult.nanoThreadSleep=5000
2021-06-04 14:12:34,709 INFO o.a.j.t.JMeterThread: Thread started: L1-iSource-RFQSendRegretMail-JOB 1-1
2021-06-04 14:12:34,712 INFO o.a.j.c.LoopController: iterationStart called on Loop Controller with source org.apache.jmeter.control.LoopController@2d4f4094 and iteration 1
2021-06-04 14:12:34,712 INFO o.a.j.s.FileServer: Stored: D:\apache-jmeter-5.1\apache-jmeter-5.1\bin\excel\isource\Partner_ZCS_Users.csv
2021-06-04 14:12:34,728 INFO o.a.j.p.h.s.HTTPHCAbstractImpl: Local host = ZIPLSY2278
2021-06-04 14:12:34,734 INFO o.a.j.p.h.s.HTTPHC4Impl: HTTP request retry count = 0
2021-06-04 14:12:34,822 INFO o.a.j.p.h.s.h.LazyLayeredConnectionSocketFactory: Setting up HTTPS TrustAll Socket Factory
2021-06-04 14:12:34,828 INFO o.a.j.u.JsseSSLManager: Using default SSL protocol: TLS
2021-06-04 14:12:34,828 INFO o.a.j.u.JsseSSLManager: SSL session context: per-thread
2021-06-04 14:12:34,971 INFO o.a.j.t.ThreadGroup: Started thread group number 1
2021-06-04 14:12:34,971 INFO o.a.j.e.StandardJMeterEngine: All thread groups have been started
2021-06-04 14:12:35,345 INFO o.a.j.u.SSLManager: JmeterKeyStore Location:  type JKS
2021-06-04 14:12:35,347 INFO o.a.j.u.SSLManager: KeyStore created OK
2021-06-04 14:12:35,347 WARN o.a.j.u.SSLManager: Keystore file not found, loading empty keystore
2021-06-04 14:12:37,726 INFO o.a.j.t.JMeterThread: Thread started: L1-iSource-RFQSendRegretMail-JOB 1-2
2021-06-04 14:12:37,728 INFO o.a.j.c.LoopController: iterationStart called on Loop Controller with source org.apache.jmeter.control.LoopController@2681f516 and iteration 1
2021-06-04 14:12:40,775 INFO o.a.j.t.JMeterThread: Thread started: L1-iSource-RFQSendRegretMail-JOB 1-3
2021-06-04 14:12:40,776 INFO o.a.j.c.LoopController: iterationStart called on Loop Controller with source org.apache.jmeter.control.LoopController@f4d5e82 and iteration 1
2021-06-04 14:12:43,813 INFO o.a.j.t.JMeterThread: Thread started: L1-iSource-RFQSendRegretMail-JOB 1-4
2021-06-04 14:12:43,816 INFO o.a.j.c.LoopController: iterationStart called on Loop Controller with source org.apache.jmeter.control.LoopController@559025f4 and iteration 1
2021-06-04 14:12:46,838 INFO o.a.j.t.JMeterThread: Thread started: L1-iSource-RFQSendRegretMail-JOB 1-5
2021-06-04 14:12:46,838 INFO o.a.j.c.LoopController: iterationStart called on Loop Controller with source org.apache.jmeter.control.LoopController@16ab66f1 and iteration 1
2021-06-04 14:12:49,862 INFO o.a.j.t.JMeterThread: Thread started: L1-iSource-RFQSendRegretMail-JOB 1-6
2021-06-04 14:12:49,864 INFO o.a.j.c.LoopController: iterationStart called on Loop Controller with source org.apache.jmeter.control.LoopController@12378595 and iteration 1
2021-06-04 14:12:52,893 INFO o.a.j.t.JMeterThread: Thread started: L1-iSource-RFQSendRegretMail-JOB 1-7
2021-06-04 14:12:52,894 INFO o.a.j.c.LoopController: iterationStart called on Loop Controller with source org.apache.jmeter.control.LoopController@c5b8f9b and iteration 1
2021-06-04 14:12:55,923 INFO o.a.j.t.JMeterThread: Thread started: L1-iSource-RFQSendRegretMail-JOB 1-8
2021-06-04 14:12:55,925 INFO o.a.j.c.LoopController: iterationStart called on Loop Controller with source org.apache.jmeter.control.LoopController@4e061eb8 and iteration 1
2021-06-04 14:12:58,949 INFO o.a.j.t.JMeterThread: Thread started: L1-iSource-RFQSendRegretMail-JOB 1-9
2021-06-04 14:12:58,950 INFO o.a.j.c.LoopController: iterationStart called on Loop Controller with source org.apache.jmeter.control.LoopController@4e6ab760 and iteration 1
2021-06-04 14:13:00,063 INFO o.a.j.r.Summariser: summary +    110 in 00:00:25 =    4.3/s Avg:   423 Min:    22 Max:  1649 Err:     0 (0.00%) Active: 9 Started: 9 Finished: 0
2021-06-04 14:13:01,987 INFO o.a.j.t.JMeterThread: Thread started: L1-iSource-RFQSendRegretMail-JOB 1-10
2021-06-04 14:13:01,989 INFO o.a.j.c.LoopController: iterationStart called on Loop Controller with source org.apache.jmeter.control.LoopController@7f86f0b9 and iteration 1
2021-06-04 14:13:30,129 INFO o.a.j.r.Summariser: summary +    128 in 00:00:30 =    4.3/s Avg:  1100 Min:    18 Max: 21920 Err:     0 (0.00%) Active: 10 Started: 10 Finished: 0
2021-06-04 14:13:30,130 INFO o.a.j.r.Summariser: summary =    238 in 00:00:56 =    4.3/s Avg:   787 Min:    18 Max: 21920 Err:     0 (0.00%)
2021-06-04 14:14:00,102 INFO o.a.j.r.Summariser: summary +     65 in 00:00:30 =    2.2/s Avg:  4299 Min:   259 Max: 22313 Err:     0 (0.00%) Active: 10 Started: 10 Finished: 0
2021-06-04 14:14:00,102 INFO o.a.j.r.Summariser: summary =    303 in 00:01:26 =    3.5/s Avg:  1541 Min:    18 Max: 22313 Err:     0 (0.00%)
2021-06-04 14:14:30,088 INFO o.a.j.r.Summariser: summary +    175 in 00:00:30 =    5.8/s Avg:   913 Min:   288 Max: 15938 Err:     0 (0.00%) Active: 10 Started: 10 Finished: 0
2021-06-04 14:14:30,088 INFO o.a.j.r.Summariser: summary =    478 in 00:01:56 =    4.1/s Avg:  1311 Min:    18 Max: 22313 Err:     0 (0.00%)
2021-06-04 14:14:49,038 INFO o.a.j.s.FileServer: Stored: D:\apache-jmeter-5.1\apache-jmeter-5.1\bin\excel\isource\buyer_5_items.xlsx
2021-06-04 14:15:00,193 INFO o.a.j.r.Summariser: summary +     77 in 00:00:30 =    2.6/s Avg:  1621 Min:   240 Max:  8499 Err:     0 (0.00%) Active: 10 Started: 10 Finished: 0
2021-06-04 14:15:00,194 INFO o.a.j.r.Summariser: summary =    555 in 00:02:26 =    3.8/s Avg:  1354 Min:    18 Max: 22313 Err:     0 (0.00%)
2021-06-04 14:15:00,275 INFO o.a.j.t.JMeterThread: Stop Thread detected by thread: L1-iSource-RFQSendRegretMail-JOB 1-5
2021-06-04 14:15:00,275 INFO o.a.j.t.JMeterThread: Thread finished: L1-iSource-RFQSendRegretMail-JOB 1-5
2021-06-04 14:15:01,547 INFO o.a.j.t.JMeterThread: Stop Thread detected by thread: L1-iSource-RFQSendRegretMail-JOB 1-4
2021-06-04 14:15:01,548 INFO o.a.j.t.JMeterThread: Thread finished: L1-iSource-RFQSendRegretMail-JOB 1-4
2021-06-04 14:15:30,037 INFO o.a.j.r.Summariser: summary +     63 in 00:00:30 =    2.1/s Avg:  3083 Min:   247 Max: 23466 Err:     2 (3.17%) Active: 8 Started: 10 Finished: 2
2021-06-04 14:15:30,039 INFO o.a.j.r.Summariser: summary =    618 in 00:02:55 =    3.5/s Avg:  1530 Min:    18 Max: 23466 Err:     2 (0.32%)
2021-06-04 14:16:00,025 INFO o.a.j.r.Summariser: summary +    136 in 00:00:30 =    4.5/s Avg:  1245 Min:   307 Max: 17304 Err:     0 (0.00%) Active: 8 Started: 10 Finished: 2
2021-06-04 14:16:00,026 INFO o.a.j.r.Summariser: summary =    754 in 00:03:25 =    3.7/s Avg:  1479 Min:    18 Max: 23466 Err:     2 (0.27%)
2021-06-04 14:16:24,883 ERROR o.a.j.u.BeanShellInterpreter: Error invoking bsh method: eval	Sourced file: inline evaluation of: ``String totalRecords = vars.get("totalRecords"); String perpage = vars.get("perpa . . . '' : Typed variable declaration : Method Invocation Integer.parseInt
2021-06-04 14:16:24,883 WARN o.a.j.e.BeanShellPostProcessor: Problem in BeanShell script: org.apache.jorphan.util.JMeterException: Error invoking bsh method: eval	Sourced file: inline evaluation of: ``String totalRecords = vars.get("totalRecords"); String perpage = vars.get("perpa . . . '' : Typed variable declaration : Method Invocation Integer.parseInt
2021-06-04 14:16:28,030 ERROR o.a.j.u.BeanShellInterpreter: Error invoking bsh method: eval	Sourced file: inline evaluation of: ``String totalRecords = vars.get("totalRecords"); String perpage = vars.get("perpa . . . '' : Typed variable declaration : Method Invocation Integer.parseInt
2021-06-04 14:16:28,031 WARN o.a.j.e.BeanShellPostProcessor: Problem in BeanShell script: org.apache.jorphan.util.JMeterException: Error invoking bsh method: eval	Sourced file: inline evaluation of: ``String totalRecords = vars.get("totalRecords"); String perpage = vars.get("perpa . . . '' : Typed variable declaration : Method Invocation Integer.parseInt
2021-06-04 14:16:30,018 INFO o.a.j.r.Summariser: summary +    179 in 00:00:30 =    6.0/s Avg:   998 Min:   309 Max:  6043 Err:     0 (0.00%) Active: 8 Started: 10 Finished: 2
2021-06-04 14:16:30,018 INFO o.a.j.r.Summariser: summary =    933 in 00:03:55 =    4.0/s Avg:  1386 Min:    18 Max: 23466 Err:     2 (0.21%)
2021-06-04 14:16:30,779 ERROR o.a.j.u.BeanShellInterpreter: Error invoking bsh method: eval	Sourced file: inline evaluation of: ``String totalRecords = vars.get("totalRecords"); String perpage = vars.get("perpa . . . '' : Typed variable declaration : Method Invocation Integer.parseInt
2021-06-04 14:16:30,779 WARN o.a.j.e.BeanShellPostProcessor: Problem in BeanShell script: org.apache.jorphan.util.JMeterException: Error invoking bsh method: eval	Sourced file: inline evaluation of: ``String totalRecords = vars.get("totalRecords"); String perpage = vars.get("perpa . . . '' : Typed variable declaration : Method Invocation Integer.parseInt
2021-06-04 14:16:41,906 ERROR o.a.j.u.BeanShellInterpreter: Error invoking bsh method: eval	Sourced file: inline evaluation of: ``String totalRecords = vars.get("totalRecords"); String perpage = vars.get("perpa . . . '' : Typed variable declaration : Method Invocation Integer.parseInt
2021-06-04 14:16:41,907 WARN o.a.j.e.BeanShellPostProcessor: Problem in BeanShell script: org.apache.jorphan.util.JMeterException: Error invoking bsh method: eval	Sourced file: inline evaluation of: ``String totalRecords = vars.get("totalRecords"); String perpage = vars.get("perpa . . . '' : Typed variable declaration : Method Invocation Integer.parseInt
2021-06-04 14:16:44,467 ERROR o.a.j.u.BeanShellInterpreter: Error invoking bsh method: eval	Sourced file: inline evaluation of: ``String totalRecords = vars.get("totalRecords"); String perpage = vars.get("perpa . . . '' : Typed variable declaration : Method Invocation Integer.parseInt
2021-06-04 14:16:44,467 WARN o.a.j.e.BeanShellPostProcessor: Problem in BeanShell script: org.apache.jorphan.util.JMeterException: Error invoking bsh method: eval	Sourced file: inline evaluation of: ``String totalRecords = vars.get("totalRecords"); String perpage = vars.get("perpa . . . '' : Typed variable declaration : Method Invocation Integer.parseInt
2021-06-04 14:16:50,887 ERROR o.a.j.u.BeanShellInterpreter: Error invoking bsh method: eval	Sourced file: inline evaluation of: ``String totalRecords = vars.get("totalRecords"); String perpage = vars.get("perpa . . . '' : Typed variable declaration : Method Invocation Integer.parseInt
2021-06-04 14:16:50,887 WARN o.a.j.e.BeanShellPostProcessor: Problem in BeanShell script: org.apache.jorphan.util.JMeterException: Error invoking bsh method: eval	Sourced file: inline evaluation of: ``String totalRecords = vars.get("totalRecords"); String perpage = vars.get("perpa . . . '' : Typed variable declaration : Method Invocation Integer.parseInt
2021-06-04 14:16:50,947 ERROR o.a.j.u.BeanShellInterpreter: Error invoking bsh method: eval	Sourced file: inline evaluation of: ``String totalRecords = vars.get("totalRecords"); String perpage = vars.get("perpa . . . '' : Typed variable declaration : Method Invocation Integer.parseInt
2021-06-04 14:16:50,948 WARN o.a.j.e.BeanShellPostProcessor: Problem in BeanShell script: org.apache.jorphan.util.JMeterException: Error invoking bsh method: eval	Sourced file: inline evaluation of: ``String totalRecords = vars.get("totalRecords"); String perpage = vars.get("perpa . . . '' : Typed variable declaration : Method Invocation Integer.parseInt
2021-06-04 14:16:55,618 ERROR o.a.j.u.BeanShellInterpreter: Error invoking bsh method: eval	Sourced file: inline evaluation of: ``String totalRecords = vars.get("totalRecords"); String perpage = vars.get("perpa . . . '' : Typed variable declaration : Method Invocation Integer.parseInt
2021-06-04 14:16:55,618 WARN o.a.j.e.BeanShellPostProcessor: Problem in BeanShell script: org.apache.jorphan.util.JMeterException: Error invoking bsh method: eval	Sourced file: inline evaluation of: ``String totalRecords = vars.get("totalRecords"); String perpage = vars.get("perpa . . . '' : Typed variable declaration : Method Invocation Integer.parseInt
2021-06-04 14:17:00,293 INFO o.a.j.r.Summariser: summary +     61 in 00:00:30 =    2.0/s Avg:  2378 Min:   361 Max:  9404 Err:     0 (0.00%) Active: 8 Started: 10 Finished: 2
2021-06-04 14:17:00,293 INFO o.a.j.r.Summariser: summary =    994 in 00:04:26 =    3.7/s Avg:  1447 Min:    18 Max: 23466 Err:     2 (0.20%)
2021-06-04 14:17:31,209 INFO o.a.j.r.Summariser: summary +     46 in 00:00:31 =    1.5/s Avg:  4038 Min:   651 Max: 14415 Err:     0 (0.00%) Active: 8 Started: 10 Finished: 2
2021-06-04 14:17:31,209 INFO o.a.j.r.Summariser: summary =   1040 in 00:04:57 =    3.5/s Avg:  1562 Min:    18 Max: 23466 Err:     2 (0.19%)
2021-06-04 14:18:00,028 INFO o.a.j.r.Summariser: summary +     95 in 00:00:29 =    3.3/s Avg:  2010 Min:   244 Max: 10496 Err:     0 (0.00%) Active: 8 Started: 10 Finished: 2
2021-06-04 14:18:00,029 INFO o.a.j.r.Summariser: summary =   1135 in 00:05:25 =    3.5/s Avg:  1599 Min:    18 Max: 23466 Err:     2 (0.18%)
2021-06-04 14:18:24,411 INFO o.a.j.s.FileServer: Stored: D:\apache-jmeter-5.1\apache-jmeter-5.1\bin\excel\isource\suppliers_partner.csv Alias: D:\apache-jmeter-5.1\apache-jmeter-5.1\bin\excel\isource\suppliers_partner.csv@1790229151
2021-06-04 14:18:30,039 INFO o.a.j.r.Summariser: summary +     85 in 00:00:30 =    2.8/s Avg:  2712 Min:   276 Max: 13414 Err:     0 (0.00%) Active: 8 Started: 10 Finished: 2
2021-06-04 14:18:30,039 INFO o.a.j.r.Summariser: summary =   1220 in 00:05:55 =    3.4/s Avg:  1677 Min:    18 Max: 23466 Err:     2 (0.16%)
2021-06-04 14:19:00,114 INFO o.a.j.r.Summariser: summary +    147 in 00:00:30 =    4.9/s Avg:  1543 Min:   225 Max: 12864 Err:     0 (0.00%) Active: 8 Started: 10 Finished: 2
2021-06-04 14:19:00,115 INFO o.a.j.r.Summariser: summary =   1367 in 00:06:26 =    3.5/s Avg:  1662 Min:    18 Max: 23466 Err:     2 (0.15%)
2021-06-04 14:19:23,863 INFO o.a.j.t.JMeterThread: Stop Thread detected by thread: L1-iSource-RFQSendRegretMail-JOB 1-1
2021-06-04 14:19:23,864 INFO o.a.j.t.JMeterThread: Thread finished: L1-iSource-RFQSendRegretMail-JOB 1-1
2021-06-04 14:19:28,135 INFO o.a.j.s.FileServer: Stored: D:\apache-jmeter-5.1\apache-jmeter-5.1\bin\excel\isource\1310239841_ItemTableTemplate_Section1.0.xlsx
2021-06-04 14:19:30,023 INFO o.a.j.r.Summariser: summary +    130 in 00:00:30 =    4.3/s Avg:  1708 Min:   227 Max:  9579 Err:     1 (0.77%) Active: 7 Started: 10 Finished: 3
2021-06-04 14:19:30,024 INFO o.a.j.r.Summariser: summary =   1497 in 00:06:55 =    3.6/s Avg:  1666 Min:    18 Max: 23466 Err:     3 (0.20%)
2021-06-04 14:19:31,940 INFO o.a.j.t.JMeterThread: Stop Thread detected by thread: L1-iSource-RFQSendRegretMail-JOB 1-8
2021-06-04 14:19:31,940 INFO o.a.j.t.JMeterThread: Thread finished: L1-iSource-RFQSendRegretMail-JOB 1-8
2021-06-04 14:19:35,290 INFO o.a.j.t.JMeterThread: Stop Thread detected by thread: L1-iSource-RFQSendRegretMail-JOB 1-6
2021-06-04 14:19:35,290 INFO o.a.j.t.JMeterThread: Thread finished: L1-iSource-RFQSendRegretMail-JOB 1-6
2021-06-04 14:20:00,664 INFO o.a.j.r.Summariser: summary +     54 in 00:00:31 =    1.8/s Avg:  2484 Min:   231 Max: 14235 Err:     2 (3.70%) Active: 5 Started: 10 Finished: 5
2021-06-04 14:20:00,664 INFO o.a.j.r.Summariser: summary =   1551 in 00:07:26 =    3.5/s Avg:  1695 Min:    18 Max: 23466 Err:     5 (0.32%)
2021-06-04 14:20:30,481 INFO o.a.j.r.Summariser: summary +     69 in 00:00:30 =    2.3/s Avg:  2728 Min:   223 Max: 25528 Err:     0 (0.00%) Active: 5 Started: 10 Finished: 5
2021-06-04 14:20:30,482 INFO o.a.j.r.Summariser: summary =   1620 in 00:07:56 =    3.4/s Avg:  1739 Min:    18 Max: 25528 Err:     5 (0.31%)
2021-06-04 14:21:00,315 INFO o.a.j.r.Summariser: summary +     95 in 00:00:30 =    3.2/s Avg:  1508 Min:   215 Max:  8073 Err:     0 (0.00%) Active: 5 Started: 10 Finished: 5
2021-06-04 14:21:00,315 INFO o.a.j.r.Summariser: summary =   1715 in 00:08:26 =    3.4/s Avg:  1726 Min:    18 Max: 25528 Err:     5 (0.29%)
2021-06-04 14:21:30,034 INFO o.a.j.r.Summariser: summary +     86 in 00:00:30 =    2.9/s Avg:  1716 Min:   260 Max:  7932 Err:     0 (0.00%) Active: 5 Started: 10 Finished: 5
2021-06-04 14:21:30,034 INFO o.a.j.r.Summariser: summary =   1801 in 00:08:55 =    3.4/s Avg:  1726 Min:    18 Max: 25528 Err:     5 (0.28%)
2021-06-04 14:22:01,894 INFO o.a.j.r.Summariser: summary +     48 in 00:00:32 =    1.5/s Avg:  2895 Min:   291 Max:  9067 Err:     0 (0.00%) Active: 5 Started: 10 Finished: 5
2021-06-04 14:22:01,895 INFO o.a.j.r.Summariser: summary =   1849 in 00:09:27 =    3.3/s Avg:  1756 Min:    18 Max: 25528 Err:     5 (0.27%)
2021-06-04 14:22:30,063 INFO o.a.j.r.Summariser: summary +     53 in 00:00:28 =    1.9/s Avg:  1916 Min:   228 Max:  6429 Err:     0 (0.00%) Active: 5 Started: 10 Finished: 5
2021-06-04 14:22:30,063 INFO o.a.j.r.Summariser: summary =   1902 in 00:09:55 =    3.2/s Avg:  1760 Min:    18 Max: 25528 Err:     5 (0.26%)
2021-06-04 14:23:00,000 INFO o.a.j.r.Summariser: summary +     29 in 00:00:30 =    1.0/s Avg:  2236 Min:   315 Max: 12228 Err:     0 (0.00%) Active: 5 Started: 10 Finished: 5
2021-06-04 14:23:00,000 INFO o.a.j.r.Summariser: summary =   1931 in 00:10:25 =    3.1/s Avg:  1768 Min:    18 Max: 25528 Err:     5 (0.26%)
2021-06-04 14:23:30,224 INFO o.a.j.r.Summariser: summary +     68 in 00:00:30 =    2.2/s Avg:  1717 Min:   262 Max: 12944 Err:     0 (0.00%) Active: 5 Started: 10 Finished: 5
2021-06-04 14:23:30,224 INFO o.a.j.r.Summariser: summary =   1999 in 00:10:56 =    3.0/s Avg:  1766 Min:    18 Max: 25528 Err:     5 (0.25%)
2021-06-04 14:24:00,100 INFO o.a.j.r.Summariser: summary +     58 in 00:00:30 =    1.9/s Avg:  2111 Min:   309 Max: 13637 Err:     0 (0.00%) Active: 5 Started: 10 Finished: 5
2021-06-04 14:24:00,101 INFO o.a.j.r.Summariser: summary =   2057 in 00:11:26 =    3.0/s Avg:  1776 Min:    18 Max: 25528 Err:     5 (0.24%)
2021-06-04 14:24:30,378 INFO o.a.j.r.Summariser: summary +     58 in 00:00:30 =    1.9/s Avg:  2102 Min:   329 Max: 12751 Err:     0 (0.00%) Active: 5 Started: 10 Finished: 5
2021-06-04 14:24:30,378 INFO o.a.j.r.Summariser: summary =   2115 in 00:11:56 =    3.0/s Avg:  1785 Min:    18 Max: 25528 Err:     5 (0.24%)
2021-06-04 14:25:11,496 INFO o.a.j.t.JMeterThread: Stop Thread detected by thread: L1-iSource-RFQSendRegretMail-JOB 1-3
2021-06-04 14:25:11,497 INFO o.a.j.t.JMeterThread: Thread finished: L1-iSource-RFQSendRegretMail-JOB 1-3
2021-06-04 14:25:15,150 INFO o.a.j.t.JMeterThread: Stop Thread detected by thread: L1-iSource-RFQSendRegretMail-JOB 1-2
2021-06-04 14:25:15,150 INFO o.a.j.t.JMeterThread: Thread finished: L1-iSource-RFQSendRegretMail-JOB 1-2
2021-06-04 14:25:36,270 INFO o.a.j.t.JMeterThread: Stop Thread detected by thread: L1-iSource-RFQSendRegretMail-JOB 1-10
2021-06-04 14:25:36,270 INFO o.a.j.t.JMeterThread: Thread finished: L1-iSource-RFQSendRegretMail-JOB 1-10
2021-06-04 14:25:52,407 INFO o.a.j.t.JMeterThread: Stop Thread detected by thread: L1-iSource-RFQSendRegretMail-JOB 1-9
2021-06-04 14:25:52,407 INFO o.a.j.t.JMeterThread: Thread finished: L1-iSource-RFQSendRegretMail-JOB 1-9
2021-06-04 14:26:30,604 INFO o.a.j.r.Summariser: summary +     39 in 00:02:00 =    0.3/s Avg:  9694 Min:   463 Max: 60361 Err:     4 (10.26%) Active: 1 Started: 10 Finished: 9
2021-06-04 14:26:30,604 INFO o.a.j.r.Summariser: summary =   2154 in 00:13:56 =    2.6/s Avg:  1928 Min:    18 Max: 60361 Err:     9 (0.42%)
2021-06-04 14:27:02,499 INFO o.a.j.r.Summariser: summary +      7 in 00:00:32 =    0.2/s Avg:  1095 Min:   436 Max:  3249 Err:     0 (0.00%) Active: 1 Started: 10 Finished: 9
2021-06-04 14:27:02,500 INFO o.a.j.r.Summariser: summary =   2161 in 00:14:28 =    2.5/s Avg:  1925 Min:    18 Max: 60361 Err:     9 (0.42%)
2021-06-04 14:27:30,330 INFO o.a.j.r.Summariser: summary +     10 in 00:00:28 =    0.4/s Avg:  1571 Min:   394 Max:  4224 Err:     0 (0.00%) Active: 1 Started: 10 Finished: 9
2021-06-04 14:27:30,330 INFO o.a.j.r.Summariser: summary =   2171 in 00:14:56 =    2.4/s Avg:  1923 Min:    18 Max: 60361 Err:     9 (0.41%)
2021-06-04 14:27:45,709 INFO o.a.j.t.JMeterThread: Thread is done: L1-iSource-RFQSendRegretMail-JOB 1-7
2021-06-04 14:27:45,709 INFO o.a.j.t.JMeterThread: Thread finished: L1-iSource-RFQSendRegretMail-JOB 1-7
2021-06-04 14:27:45,712 INFO o.a.j.e.StandardJMeterEngine: Notifying test listeners of end of test
2021-06-04 14:27:45,712 INFO o.a.j.s.FileServer: Close: D:\apache-jmeter-5.1\apache-jmeter-5.1\bin\excel\isource\Partner_ZCS_Users.csv
2021-06-04 14:27:45,713 INFO o.a.j.s.FileServer: Close: D:\apache-jmeter-5.1\apache-jmeter-5.1\bin\excel\isource\suppliers_partner.csv@1790229151
2021-06-04 14:27:45,716 INFO o.a.j.r.Summariser: summary +      4 in 00:00:15 =    0.3/s Avg:   814 Min:   314 Max:  2095 Err:     0 (0.00%) Active: 0 Started: 10 Finished: 10
2021-06-04 14:27:45,717 INFO o.a.j.r.Summariser: summary =   2175 in 00:15:11 =    2.4/s Avg:  1921 Min:    18 Max: 60361 Err:     9 (0.41%)
2021-06-04 14:27:45,717 INFO o.a.j.JMeter: Generating Dashboard
2021-06-04 14:27:45,718 INFO o.a.j.r.d.ReportGenerator: Flushing result collector before report Generation
2021-06-04 14:27:45,728 INFO o.a.j.r.p.NormalizerSampleConsumer: Using format, 'ms', to parse timeStamp field
2021-06-04 14:27:45,895 INFO o.a.j.r.p.AbstractSampleConsumer: class org.apache.jmeter.report.processor.AggregateConsumer#stopProducing(): beginDate produced 0 samples
2021-06-04 14:27:45,895 INFO o.a.j.r.p.AbstractSampleConsumer: class org.apache.jmeter.report.processor.AggregateConsumer#stopProducing(): endDate produced 0 samples
2021-06-04 14:27:45,897 INFO o.a.j.r.p.AbstractSampleConsumer: class org.apache.jmeter.report.processor.ApdexSummaryConsumer#stopProducing(): apdexSummary produced 0 samples
2021-06-04 14:27:45,897 INFO o.a.j.r.p.AbstractSampleConsumer: class org.apache.jmeter.report.processor.RequestsSummaryConsumer#stopProducing(): requestsSummary produced 0 samples
2021-06-04 14:27:45,924 INFO o.a.j.r.p.AbstractSampleConsumer: class org.apache.jmeter.report.processor.StatisticsSummaryConsumer#stopProducing(): statisticsSummary produced 0 samples
2021-06-04 14:27:45,927 INFO o.a.j.r.p.AbstractSampleConsumer: class org.apache.jmeter.report.processor.Top5ErrorsBySamplerConsumer#stopProducing(): top5ErrorsBySampler produced 0 samples
2021-06-04 14:27:45,928 INFO o.a.j.r.p.AbstractSampleConsumer: class org.apache.jmeter.report.processor.ErrorsSummaryConsumer#stopProducing(): errorsSummary produced 0 samples
2021-06-04 14:27:45,928 INFO o.a.j.r.p.AbstractSampleConsumer: class org.apache.jmeter.report.processor.graph.impl.HitsPerSecondGraphConsumer#stopProducing(): hitsPerSecond produced 0 samples
2021-06-04 14:27:45,956 INFO o.a.j.r.p.AbstractSampleConsumer: class org.apache.jmeter.report.processor.graph.impl.LatencyVSRequestGraphConsumer#stopProducing(): latencyVsRequest produced 0 samples
2021-06-04 14:27:45,956 INFO o.a.j.r.p.AbstractSampleConsumer: class org.apache.jmeter.report.processor.graph.impl.SyntheticResponseTimeDistributionGraphConsumer#stopProducing(): syntheticResponseTimeDistribution produced 0 samples
2021-06-04 14:27:45,957 INFO o.a.j.r.p.AbstractSampleConsumer: class org.apache.jmeter.report.processor.graph.impl.BytesThroughputGraphConsumer#stopProducing(): bytesThroughputOverTime produced 0 samples
2021-06-04 14:27:45,957 INFO o.a.j.r.p.AbstractSampleConsumer: class org.apache.jmeter.report.processor.graph.impl.CodesPerSecondGraphConsumer#stopProducing(): codesPerSecond produced 0 samples
2021-06-04 14:27:45,977 INFO o.a.j.r.p.AbstractSampleConsumer: class org.apache.jmeter.report.processor.graph.impl.ResponseTimeVSRequestGraphConsumer#stopProducing(): responseTimeVsRequest produced 0 samples
2021-06-04 14:27:45,977 INFO o.a.j.r.p.AbstractSampleConsumer: class org.apache.jmeter.report.processor.FilterConsumer#stopProducing(): startIntervalControlerFilter produced 15225 samples
2021-06-04 14:27:45,977 INFO o.a.j.r.p.AbstractSampleConsumer: class org.apache.jmeter.report.processor.graph.impl.TotalTPSGraphConsumer#stopProducing(): totalTPS produced 0 samples
2021-06-04 14:27:45,977 INFO o.a.j.r.p.AbstractSampleConsumer: class org.apache.jmeter.report.processor.graph.impl.ActiveThreadsGraphConsumer#stopProducing(): activeThreadsOverTime produced 0 samples
2021-06-04 14:27:45,977 INFO o.a.j.r.p.AbstractSampleConsumer: class org.apache.jmeter.report.processor.graph.impl.TimeVSThreadGraphConsumer#stopProducing(): timeVsThreads produced 0 samples
2021-06-04 14:27:45,990 INFO o.a.j.r.p.AbstractSampleConsumer: class org.apache.jmeter.report.processor.graph.impl.ResponseTimeDistributionGraphConsumer#stopProducing(): responseTimeDistribution produced 0 samples
2021-06-04 14:27:45,992 INFO o.a.j.r.p.AbstractSampleConsumer: class org.apache.jmeter.report.processor.graph.impl.TransactionsPerSecondGraphConsumer#stopProducing(): transactionsPerSecond produced 0 samples
2021-06-04 14:27:45,995 INFO o.a.j.r.p.AbstractSampleConsumer: class org.apache.jmeter.report.processor.graph.impl.ResponseTimePercentilesGraphConsumer#stopProducing(): responseTimePercentiles produced 0 samples
2021-06-04 14:27:46,024 INFO o.a.j.r.p.AbstractSampleConsumer: class org.apache.jmeter.report.processor.graph.impl.ResponseTimePercentilesOverTimeGraphConsumer#stopProducing(): responseTimePercentilesOverTime produced 0 samples
2021-06-04 14:27:46,025 INFO o.a.j.r.p.AbstractSampleConsumer: class org.apache.jmeter.report.processor.graph.impl.ResponseTimeOverTimeGraphConsumer#stopProducing(): responseTimesOverTime produced 0 samples
2021-06-04 14:27:46,027 INFO o.a.j.r.p.AbstractSampleConsumer: class org.apache.jmeter.report.processor.graph.impl.ConnectTimeOverTimeGraphConsumer#stopProducing(): connectTimeOverTime produced 0 samples
2021-06-04 14:27:46,029 INFO o.a.j.r.p.AbstractSampleConsumer: class org.apache.jmeter.report.processor.graph.impl.LatencyOverTimeGraphConsumer#stopProducing(): latenciesOverTime produced 0 samples
2021-06-04 14:27:46,031 INFO o.a.j.r.p.AbstractSampleConsumer: class org.apache.jmeter.report.processor.FilterConsumer#stopProducing(): nameFilter produced 37140 samples
2021-06-04 14:27:46,031 INFO o.a.j.r.p.AbstractSampleConsumer: class org.apache.jmeter.report.processor.FilterConsumer#stopProducing(): dateRangeFilter produced 7428 samples
2021-06-04 14:27:46,031 INFO o.a.j.r.p.AbstractSampleConsumer: class org.apache.jmeter.report.processor.NormalizerSampleConsumer#stopProducing(): normalizer produced 2476 samples
2021-06-04 14:27:46,032 INFO o.a.j.r.p.CsvFileSampleSource: produce(): 2476 samples produced in 286ms on channel 0
2021-06-04 14:27:46,032 INFO o.a.j.r.d.ReportGenerator: Exporting data using exporter:'json' of className:'org.apache.jmeter.report.dashboard.JsonExporter'
2021-06-04 14:27:46,033 INFO o.a.j.r.d.JsonExporter: Found data for consumer statisticsSummary in context
2021-06-04 14:27:46,034 INFO o.a.j.r.d.JsonExporter: Creating statistics for overall
2021-06-04 14:27:46,034 INFO o.a.j.r.d.JsonExporter: Creating statistics for other transactions
2021-06-04 14:27:46,035 INFO o.a.j.r.d.JsonExporter: Checking output folder
2021-06-04 14:27:46,043 INFO o.a.j.r.d.JsonExporter: Writing statistics JSON to C:\xampp\htdocs\PerformancePostgres\L1_iSource_10_RFQSendRegretMail_2021-06-04_2\statistics.json
2021-06-04 14:27:46,185 INFO o.a.j.r.d.ReportGenerator: Exporting data using exporter:'html' of className:'org.apache.jmeter.report.dashboard.HtmlTemplateExporter'
2021-06-04 14:27:46,188 INFO o.a.j.r.d.HtmlTemplateExporter: Will generate dashboard in folder: C:\xampp\htdocs\PerformancePostgres\L1_iSource_10_RFQSendRegretMail_2021-06-04_2
2021-06-04 14:27:46,570 INFO o.a.j.r.d.HtmlTemplateExporter: Report will be generated in: C:\xampp\htdocs\PerformancePostgres\L1_iSource_10_RFQSendRegretMail_2021-06-04_2, creating folder structure
2021-06-04 14:27:46,573 INFO o.a.j.r.d.TemplateVisitor: Copying folder from 'D:\apache-jmeter-5.1\apache-jmeter-5.1\bin\report-template' to 'C:\xampp\htdocs\PerformancePostgres\L1_iSource_10_RFQSendRegretMail_2021-06-04_2', got message:[C:\xampp\htdocs\PerformancePostgres\L1_iSource_10_RFQSendRegretMail_2021-06-04_2\statistics.json], found non empty folder with following content {}, will be ignored
2021-06-04 14:27:47,274 INFO o.a.j.JMeter: Dashboard generated
