2021-05-31 10:19:56,405 INFO o.a.j.u.JMeterUtils: Setting Locale to en_EN
2021-05-31 10:19:56,416 INFO o.a.j.JMeter: Loading user properties from: user.properties
2021-05-31 10:19:56,417 INFO o.a.j.JMeter: Loading system properties from: system.properties
2021-05-31 10:19:56,417 INFO o.a.j.JMeter: Setting JMeter property: meter.reportgenerator.report_title=AuctionNonPricingRescheduleEvent
2021-05-31 10:19:56,417 INFO o.a.j.JMeter: Setting JMeter property: thread=10
2021-05-31 10:19:56,417 INFO o.a.j.JMeter: Setting JMeter property: rampup=30
2021-05-31 10:19:56,421 INFO o.a.j.JMeter: Copyright (c) 1998-2019 The Apache Software Foundation
2021-05-31 10:19:56,423 INFO o.a.j.JMeter: Version 5.1 r1853635
2021-05-31 10:19:56,423 INFO o.a.j.JMeter: java.version=1.8.0_121
2021-05-31 10:19:56,423 INFO o.a.j.JMeter: java.vm.name=Java HotSpot(TM) 64-Bit Server VM
2021-05-31 10:19:56,423 INFO o.a.j.JMeter: os.name=Windows 10
2021-05-31 10:19:56,424 INFO o.a.j.JMeter: os.arch=amd64
2021-05-31 10:19:56,424 INFO o.a.j.JMeter: os.version=10.0
2021-05-31 10:19:56,424 INFO o.a.j.JMeter: file.encoding=Cp1252
2021-05-31 10:19:56,424 INFO o.a.j.JMeter: java.awt.headless=true
2021-05-31 10:19:56,424 INFO o.a.j.JMeter: Max memory     =8589934592
2021-05-31 10:19:56,425 INFO o.a.j.JMeter: Available Processors =6
2021-05-31 10:19:56,431 INFO o.a.j.JMeter: Default Locale=English (EN)
2021-05-31 10:19:56,432 INFO o.a.j.JMeter: JMeter  Locale=English (EN)
2021-05-31 10:19:56,432 INFO o.a.j.JMeter: JMeterHome=D:\apache-jmeter-5.1\apache-jmeter-5.1
2021-05-31 10:19:56,432 INFO o.a.j.JMeter: user.dir  =D:\apache-jmeter-5.1\apache-jmeter-5.1\bin
2021-05-31 10:19:56,433 INFO o.a.j.JMeter: PWD       =D:\apache-jmeter-5.1\apache-jmeter-5.1\bin
2021-05-31 10:19:56,435 INFO o.a.j.JMeter: IP: 172.30.224.67 Name: ZIPLSY2278 FullName: ZIPLSY2278.zycus.net
2021-05-31 10:19:56,438 INFO o.a.j.JMeter: Setting property 'jmeter.reportgenerator.outputdir' to:'C:\xampp\htdocs\PerformancePostgres\L1_iSource_10_AuctionNonPricingRescheduleEvent_2021-05-31_5'
2021-05-31 10:19:56,440 INFO o.a.j.s.FileServer: Default base='D:\apache-jmeter-5.1\apache-jmeter-5.1\bin'
2021-05-31 10:19:56,444 INFO o.a.j.s.FileServer: Set new base='D:\PostrgresMigration\iSource'
2021-05-31 10:19:56,546 INFO o.a.j.s.SaveService: Testplan (JMX) version: 2.2. Testlog (JTL) version: 2.2
2021-05-31 10:19:56,556 INFO o.a.j.s.SaveService: Using SaveService properties file encoding UTF-8
2021-05-31 10:19:56,560 INFO o.a.j.s.SaveService: Using SaveService properties version 5.0
2021-05-31 10:19:56,564 INFO o.a.j.s.SaveService: Loading file: D:\PostrgresMigration\iSource\L1_iSource_AuctionNonPricingRescheduleEvent.jmx
2021-05-31 10:19:56,603 INFO o.a.j.p.h.c.CookieManager: Settings: Delete null: true Check: true Allow variable: true Save: false Prefix: COOKIE_
2021-05-31 10:19:56,608 INFO o.a.j.p.h.c.CacheManager: Will only cache the following methods: [GET]
2021-05-31 10:19:56,615 INFO o.a.j.p.h.s.HTTPSamplerBase: Parser for text/html is org.apache.jmeter.protocol.http.parser.LagartoBasedHtmlParser
2021-05-31 10:19:56,615 INFO o.a.j.p.h.s.HTTPSamplerBase: Parser for application/xhtml+xml is org.apache.jmeter.protocol.http.parser.LagartoBasedHtmlParser
2021-05-31 10:19:56,615 INFO o.a.j.p.h.s.HTTPSamplerBase: Parser for application/xml is org.apache.jmeter.protocol.http.parser.LagartoBasedHtmlParser
2021-05-31 10:19:56,615 INFO o.a.j.p.h.s.HTTPSamplerBase: Parser for text/xml is org.apache.jmeter.protocol.http.parser.LagartoBasedHtmlParser
2021-05-31 10:19:56,615 INFO o.a.j.p.h.s.HTTPSamplerBase: Parser for text/vnd.wap.wml is org.apache.jmeter.protocol.http.parser.RegexpHTMLParser
2021-05-31 10:19:56,616 INFO o.a.j.p.h.s.HTTPSamplerBase: Parser for text/css is org.apache.jmeter.protocol.http.parser.CssParser
2021-05-31 10:19:57,061 INFO o.a.j.JMeter: Creating summariser <summary>
2021-05-31 10:19:57,071 INFO o.a.j.r.d.ReportGenerator: ReportGenerator will use for Parsing the separator: ','
2021-05-31 10:19:57,071 INFO o.a.j.r.d.ReportGenerator: Will generate report at end of test from  results file: D:\PostrgresMigration\iSource\JTL\L1_iSource_10_AuctionNonPricingRescheduleEvent_2021-05-31_5.jtl
2021-05-31 10:19:57,072 INFO o.a.j.r.d.ReportGenerator: Reading report generator properties from: D:\apache-jmeter-5.1\apache-jmeter-5.1\bin\reportgenerator.properties
2021-05-31 10:19:57,072 INFO o.a.j.r.d.ReportGenerator: Merging with JMeter properties
2021-05-31 10:19:57,076 INFO o.a.j.r.c.ReportGeneratorConfiguration: Property 'jmeter.reportgenerator.temp_dir' not found, using default value 'temp' instead.
2021-05-31 10:19:57,079 INFO o.a.j.r.c.ReportGeneratorConfiguration: Property 'jmeter.reportgenerator.apdex_per_transaction' not found, using default value 'null' instead.
2021-05-31 10:19:57,079 INFO o.a.j.r.c.ReportGeneratorConfiguration: apdex_per_transaction : {} is empty, not APDEX per transaction customization
2021-05-31 10:19:57,079 INFO o.a.j.r.c.ReportGeneratorConfiguration: Property 'jmeter.reportgenerator.sample_filter' not found, using default value 'null' instead.
2021-05-31 10:19:57,079 INFO o.a.j.r.c.ReportGeneratorConfiguration: Property 'jmeter.reportgenerator.report_title' not found, using default value 'null' instead.
2021-05-31 10:19:57,079 INFO o.a.j.r.c.ReportGeneratorConfiguration: Property 'jmeter.reportgenerator.start_date' not found, using default value 'null' instead.
2021-05-31 10:19:57,079 INFO o.a.j.r.c.ReportGeneratorConfiguration: Property 'jmeter.reportgenerator.end_date' not found, using default value 'null' instead.
2021-05-31 10:19:57,079 INFO o.a.j.r.c.ReportGeneratorConfiguration: Property 'jmeter.reportgenerator.date_format' not found, using default value 'null' instead.
2021-05-31 10:19:57,079 INFO o.a.j.r.c.ReportGeneratorConfiguration: Will use date range start date: null, end date: null
2021-05-31 10:19:57,084 INFO o.a.j.r.c.ReportGeneratorConfiguration: Property 'jmeter.reportgenerator.graph.totalTPS.exclude_controllers' not found, using default value 'false' instead.
2021-05-31 10:19:57,084 INFO o.a.j.r.c.ReportGeneratorConfiguration: Property 'jmeter.reportgenerator.graph.activeThreadsOverTime.exclude_controllers' not found, using default value 'false' instead.
2021-05-31 10:19:57,085 INFO o.a.j.r.c.ReportGeneratorConfiguration: Property 'jmeter.reportgenerator.graph.timeVsThreads.exclude_controllers' not found, using default value 'false' instead.
2021-05-31 10:19:57,085 INFO o.a.j.r.c.ReportGeneratorConfiguration: Property 'jmeter.reportgenerator.graph.responseTimeDistribution.exclude_controllers' not found, using default value 'false' instead.
2021-05-31 10:19:57,085 INFO o.a.j.r.c.ReportGeneratorConfiguration: Property 'jmeter.reportgenerator.graph.transactionsPerSecond.exclude_controllers' not found, using default value 'false' instead.
2021-05-31 10:19:57,085 INFO o.a.j.r.c.ReportGeneratorConfiguration: Property 'jmeter.reportgenerator.graph.responseTimePercentiles.exclude_controllers' not found, using default value 'false' instead.
2021-05-31 10:19:57,085 INFO o.a.j.r.c.ReportGeneratorConfiguration: Property 'jmeter.reportgenerator.graph.responseTimePercentilesOverTime.exclude_controllers' not found, using default value 'false' instead.
2021-05-31 10:19:57,085 INFO o.a.j.r.c.ReportGeneratorConfiguration: Property 'jmeter.reportgenerator.graph.responseTimesOverTime.exclude_controllers' not found, using default value 'false' instead.
2021-05-31 10:19:57,085 INFO o.a.j.r.c.ReportGeneratorConfiguration: Property 'jmeter.reportgenerator.graph.connectTimeOverTime.exclude_controllers' not found, using default value 'false' instead.
2021-05-31 10:19:57,085 INFO o.a.j.r.c.ReportGeneratorConfiguration: Property 'jmeter.reportgenerator.graph.latenciesOverTime.exclude_controllers' not found, using default value 'false' instead.
2021-05-31 10:19:57,086 INFO o.a.j.r.c.ReportGeneratorConfiguration: Property 'jmeter.reportgenerator.exporter.json.filters_only_sample_series' not found, using default value 'true' instead.
2021-05-31 10:19:57,086 INFO o.a.j.r.c.ReportGeneratorConfiguration: Property 'jmeter.reportgenerator.exporter.json.series_filter' not found, using default value '' instead.
2021-05-31 10:19:57,086 INFO o.a.j.r.c.ReportGeneratorConfiguration: Property 'jmeter.reportgenerator.exporter.json.show_controllers_only' not found, using default value 'false' instead.
2021-05-31 10:19:57,087 INFO o.a.j.r.c.ReportGeneratorConfiguration: Property 'jmeter.reportgenerator.exporter.html.filters_only_sample_series' not found, using default value 'true' instead.
2021-05-31 10:19:57,087 INFO o.a.j.r.c.ReportGeneratorConfiguration: Property 'jmeter.reportgenerator.exporter.html.series_filter' not found, using default value '' instead.
2021-05-31 10:19:57,087 INFO o.a.j.r.c.ReportGeneratorConfiguration: Property 'jmeter.reportgenerator.exporter.html.show_controllers_only' not found, using default value 'false' instead.
2021-05-31 10:19:57,090 INFO o.a.j.e.StandardJMeterEngine: Running the test!
2021-05-31 10:19:57,091 INFO o.a.j.s.SampleEvent: List of sample_variables: []
2021-05-31 10:19:57,091 INFO o.a.j.s.SampleEvent: List of sample_variables: []
2021-05-31 10:19:57,096 INFO o.a.j.e.u.CompoundVariable: Note: Function class names must contain the string: '.functions.'
2021-05-31 10:19:57,096 INFO o.a.j.e.u.CompoundVariable: Note: Function class names must not contain the string: '.gui.'
2021-05-31 10:19:57,512 INFO o.a.j.JMeter: Running test (1622436597512)
2021-05-31 10:19:57,582 INFO o.a.j.e.StandardJMeterEngine: Starting ThreadGroup: 1 : L1-iSource-Auction-NonPricingRescheduleEvent-JOB
2021-05-31 10:19:57,583 INFO o.a.j.e.StandardJMeterEngine: Starting 10 threads for group L1-iSource-Auction-NonPricingRescheduleEvent-JOB.
2021-05-31 10:19:57,583 INFO o.a.j.e.StandardJMeterEngine: Thread will stop on error
2021-05-31 10:19:57,583 INFO o.a.j.t.ThreadGroup: Starting thread group... number=1 threads=10 ramp-up=30 perThread=3000.0 delayedStart=false
2021-05-31 10:19:57,627 INFO o.a.j.s.SampleResult: Note: Sample TimeStamps are START times
2021-05-31 10:19:57,627 INFO o.a.j.s.SampleResult: sampleresult.default.encoding is set to ISO-8859-1
2021-05-31 10:19:57,627 INFO o.a.j.s.SampleResult: sampleresult.useNanoTime=true
2021-05-31 10:19:57,627 INFO o.a.j.s.SampleResult: sampleresult.nanoThreadSleep=5000
2021-05-31 10:19:57,640 INFO o.a.j.t.JMeterThread: Thread started: L1-iSource-Auction-NonPricingRescheduleEvent-JOB 1-1
2021-05-31 10:19:57,643 INFO o.a.j.c.LoopController: iterationStart called on Loop Controller with source org.apache.jmeter.control.LoopController@1252c397 and iteration 1
2021-05-31 10:19:57,643 INFO o.a.j.c.LoopController: iterationStart called on 5.6# Questions_Text with source org.apache.jmeter.control.LoopController@1252c397 and iteration 1
2021-05-31 10:19:57,643 INFO o.a.j.s.FileServer: Stored: D:\apache-jmeter-5.1\apache-jmeter-5.1\bin\excel\isource\Partner_ZCS_Users.csv
2021-05-31 10:19:57,662 INFO o.a.j.p.h.s.HTTPHCAbstractImpl: Local host = ZIPLSY2278
2021-05-31 10:19:57,670 INFO o.a.j.p.h.s.HTTPHC4Impl: HTTP request retry count = 0
2021-05-31 10:19:57,768 INFO o.a.j.p.h.s.h.LazyLayeredConnectionSocketFactory: Setting up HTTPS TrustAll Socket Factory
2021-05-31 10:19:57,775 INFO o.a.j.u.JsseSSLManager: Using default SSL protocol: TLS
2021-05-31 10:19:57,775 INFO o.a.j.u.JsseSSLManager: SSL session context: per-thread
2021-05-31 10:19:58,091 INFO o.a.j.t.ThreadGroup: Started thread group number 1
2021-05-31 10:19:58,091 INFO o.a.j.e.StandardJMeterEngine: All thread groups have been started
2021-05-31 10:19:58,358 INFO o.a.j.u.SSLManager: JmeterKeyStore Location:  type JKS
2021-05-31 10:19:58,360 INFO o.a.j.u.SSLManager: KeyStore created OK
2021-05-31 10:19:58,360 WARN o.a.j.u.SSLManager: Keystore file not found, loading empty keystore
2021-05-31 10:20:00,675 INFO o.a.j.t.JMeterThread: Thread started: L1-iSource-Auction-NonPricingRescheduleEvent-JOB 1-2
2021-05-31 10:20:00,679 INFO o.a.j.c.LoopController: iterationStart called on Loop Controller with source org.apache.jmeter.control.LoopController@6bd33220 and iteration 1
2021-05-31 10:20:00,679 INFO o.a.j.c.LoopController: iterationStart called on 5.6# Questions_Text with source org.apache.jmeter.control.LoopController@6bd33220 and iteration 1
2021-05-31 10:20:00,973 INFO o.a.j.r.Summariser: summary +      3 in 00:00:03 =    0.9/s Avg:   555 Min:    16 Max:  1361 Err:     0 (0.00%) Active: 2 Started: 2 Finished: 0
2021-05-31 10:20:03,731 INFO o.a.j.t.JMeterThread: Thread started: L1-iSource-Auction-NonPricingRescheduleEvent-JOB 1-3
2021-05-31 10:20:03,732 INFO o.a.j.c.LoopController: iterationStart called on Loop Controller with source org.apache.jmeter.control.LoopController@301a0f57 and iteration 1
2021-05-31 10:20:03,732 INFO o.a.j.c.LoopController: iterationStart called on 5.6# Questions_Text with source org.apache.jmeter.control.LoopController@301a0f57 and iteration 1
2021-05-31 10:20:06,794 INFO o.a.j.t.JMeterThread: Thread started: L1-iSource-Auction-NonPricingRescheduleEvent-JOB 1-4
2021-05-31 10:20:06,795 INFO o.a.j.c.LoopController: iterationStart called on Loop Controller with source org.apache.jmeter.control.LoopController@3b898dd5 and iteration 1
2021-05-31 10:20:06,795 INFO o.a.j.c.LoopController: iterationStart called on 5.6# Questions_Text with source org.apache.jmeter.control.LoopController@3b898dd5 and iteration 1
2021-05-31 10:20:09,849 INFO o.a.j.t.JMeterThread: Thread started: L1-iSource-Auction-NonPricingRescheduleEvent-JOB 1-5
2021-05-31 10:20:09,850 INFO o.a.j.c.LoopController: iterationStart called on Loop Controller with source org.apache.jmeter.control.LoopController@3b295971 and iteration 1
2021-05-31 10:20:09,850 INFO o.a.j.c.LoopController: iterationStart called on 5.6# Questions_Text with source org.apache.jmeter.control.LoopController@3b295971 and iteration 1
2021-05-31 10:20:12,915 INFO o.a.j.t.JMeterThread: Thread started: L1-iSource-Auction-NonPricingRescheduleEvent-JOB 1-6
2021-05-31 10:20:12,916 INFO o.a.j.c.LoopController: iterationStart called on Loop Controller with source org.apache.jmeter.control.LoopController@18eb0ce3 and iteration 1
2021-05-31 10:20:12,916 INFO o.a.j.c.LoopController: iterationStart called on 5.6# Questions_Text with source org.apache.jmeter.control.LoopController@18eb0ce3 and iteration 1
2021-05-31 10:20:15,976 INFO o.a.j.t.JMeterThread: Thread started: L1-iSource-Auction-NonPricingRescheduleEvent-JOB 1-7
2021-05-31 10:20:15,977 INFO o.a.j.c.LoopController: iterationStart called on Loop Controller with source org.apache.jmeter.control.LoopController@17bc36d7 and iteration 1
2021-05-31 10:20:15,977 INFO o.a.j.c.LoopController: iterationStart called on 5.6# Questions_Text with source org.apache.jmeter.control.LoopController@17bc36d7 and iteration 1
2021-05-31 10:20:19,029 INFO o.a.j.t.JMeterThread: Thread started: L1-iSource-Auction-NonPricingRescheduleEvent-JOB 1-8
2021-05-31 10:20:19,030 INFO o.a.j.c.LoopController: iterationStart called on Loop Controller with source org.apache.jmeter.control.LoopController@5df99aaa and iteration 1
2021-05-31 10:20:19,031 INFO o.a.j.c.LoopController: iterationStart called on 5.6# Questions_Text with source org.apache.jmeter.control.LoopController@5df99aaa and iteration 1
2021-05-31 10:20:22,066 INFO o.a.j.t.JMeterThread: Thread started: L1-iSource-Auction-NonPricingRescheduleEvent-JOB 1-9
2021-05-31 10:20:22,068 INFO o.a.j.c.LoopController: iterationStart called on Loop Controller with source org.apache.jmeter.control.LoopController@534c558a and iteration 1
2021-05-31 10:20:22,068 INFO o.a.j.c.LoopController: iterationStart called on 5.6# Questions_Text with source org.apache.jmeter.control.LoopController@534c558a and iteration 1
2021-05-31 10:20:25,102 INFO o.a.j.t.JMeterThread: Thread started: L1-iSource-Auction-NonPricingRescheduleEvent-JOB 1-10
2021-05-31 10:20:25,104 INFO o.a.j.c.LoopController: iterationStart called on Loop Controller with source org.apache.jmeter.control.LoopController@709683b7 and iteration 1
2021-05-31 10:20:25,104 INFO o.a.j.c.LoopController: iterationStart called on 5.6# Questions_Text with source org.apache.jmeter.control.LoopController@709683b7 and iteration 1
2021-05-31 10:21:00,042 INFO o.a.j.r.Summariser: summary +     89 in 00:00:59 =    1.5/s Avg:  1052 Min:    12 Max: 39859 Err:     0 (0.00%) Active: 10 Started: 10 Finished: 0
2021-05-31 10:21:00,043 INFO o.a.j.r.Summariser: summary =     92 in 00:01:03 =    1.5/s Avg:  1036 Min:    12 Max: 39859 Err:     0 (0.00%)
2021-05-31 10:21:03,293 INFO o.a.j.t.JMeterThread: Stop Thread detected by thread: L1-iSource-Auction-NonPricingRescheduleEvent-JOB 1-7
2021-05-31 10:21:03,294 INFO o.a.j.t.JMeterThread: Thread finished: L1-iSource-Auction-NonPricingRescheduleEvent-JOB 1-7
2021-05-31 10:21:03,299 INFO o.a.j.t.JMeterThread: Stop Thread detected by thread: L1-iSource-Auction-NonPricingRescheduleEvent-JOB 1-1
2021-05-31 10:21:03,299 INFO o.a.j.t.JMeterThread: Thread finished: L1-iSource-Auction-NonPricingRescheduleEvent-JOB 1-1
2021-05-31 10:21:03,304 INFO o.a.j.t.JMeterThread: Stop Thread detected by thread: L1-iSource-Auction-NonPricingRescheduleEvent-JOB 1-9
2021-05-31 10:21:03,304 INFO o.a.j.t.JMeterThread: Thread finished: L1-iSource-Auction-NonPricingRescheduleEvent-JOB 1-9
2021-05-31 10:21:03,307 INFO o.a.j.t.JMeterThread: Stop Thread detected by thread: L1-iSource-Auction-NonPricingRescheduleEvent-JOB 1-5
2021-05-31 10:21:03,307 INFO o.a.j.t.JMeterThread: Thread finished: L1-iSource-Auction-NonPricingRescheduleEvent-JOB 1-5
2021-05-31 10:21:35,724 INFO o.a.j.r.Summariser: summary +     91 in 00:00:36 =    2.6/s Avg:  5013 Min:    69 Max: 45622 Err:     4 (4.40%) Active: 6 Started: 10 Finished: 4
2021-05-31 10:21:35,724 INFO o.a.j.r.Summariser: summary =    183 in 00:01:38 =    1.9/s Avg:  3014 Min:    12 Max: 45622 Err:     4 (2.19%)
2021-05-31 10:22:01,094 INFO o.a.j.r.Summariser: summary +     30 in 00:00:25 =    1.2/s Avg:  6329 Min:   260 Max: 22065 Err:     0 (0.00%) Active: 6 Started: 10 Finished: 4
2021-05-31 10:22:01,094 INFO o.a.j.r.Summariser: summary =    213 in 00:02:04 =    1.7/s Avg:  3481 Min:    12 Max: 45622 Err:     4 (1.88%)
2021-05-31 10:23:33,284 INFO o.a.j.r.Summariser: summary +    120 in 00:01:32 =    1.3/s Avg:  3261 Min:   295 Max: 59608 Err:     0 (0.00%) Active: 6 Started: 10 Finished: 4
2021-05-31 10:23:33,285 INFO o.a.j.r.Summariser: summary =    333 in 00:03:36 =    1.5/s Avg:  3401 Min:    12 Max: 59608 Err:     4 (1.20%)
2021-05-31 10:24:24,815 INFO o.a.j.s.FileServer: Stored: D:\apache-jmeter-5.1\apache-jmeter-5.1\bin\excel\isource\buyer_5_items.xlsx
2021-05-31 10:24:32,742 INFO o.a.j.r.Summariser: summary +     46 in 00:00:59 =    0.8/s Avg:  5743 Min:   278 Max: 35186 Err:     0 (0.00%) Active: 6 Started: 10 Finished: 4
2021-05-31 10:24:32,743 INFO o.a.j.r.Summariser: summary =    379 in 00:04:35 =    1.4/s Avg:  3686 Min:    12 Max: 59608 Err:     4 (1.06%)
2021-05-31 10:24:35,727 INFO o.a.j.t.JMeterThread: Stop Thread detected by thread: L1-iSource-Auction-NonPricingRescheduleEvent-JOB 1-6
2021-05-31 10:24:35,728 INFO o.a.j.t.JMeterThread: Thread finished: L1-iSource-Auction-NonPricingRescheduleEvent-JOB 1-6
2021-05-31 10:24:37,213 INFO o.a.j.t.JMeterThread: Stop Thread detected by thread: L1-iSource-Auction-NonPricingRescheduleEvent-JOB 1-8
2021-05-31 10:24:37,214 INFO o.a.j.t.JMeterThread: Thread finished: L1-iSource-Auction-NonPricingRescheduleEvent-JOB 1-8
2021-05-31 10:25:00,058 INFO o.a.j.r.Summariser: summary +     14 in 00:00:27 =    0.5/s Avg:  9218 Min:   567 Max: 30658 Err:     2 (14.29%) Active: 4 Started: 10 Finished: 6
2021-05-31 10:25:00,058 INFO o.a.j.r.Summariser: summary =    393 in 00:05:03 =    1.3/s Avg:  3883 Min:    12 Max: 59608 Err:     6 (1.53%)
2021-05-31 10:26:00,408 INFO o.a.j.r.Summariser: summary +    105 in 00:01:00 =    1.7/s Avg:  1936 Min:   294 Max: 18972 Err:     0 (0.00%) Active: 4 Started: 10 Finished: 6
2021-05-31 10:26:00,409 INFO o.a.j.r.Summariser: summary =    498 in 00:06:03 =    1.4/s Avg:  3472 Min:    12 Max: 59608 Err:     6 (1.20%)
2021-05-31 10:26:30,271 INFO o.a.j.r.Summariser: summary +     65 in 00:00:30 =    2.2/s Avg:  1172 Min:   289 Max: 16041 Err:     0 (0.00%) Active: 4 Started: 10 Finished: 6
2021-05-31 10:26:30,272 INFO o.a.j.r.Summariser: summary =    563 in 00:06:33 =    1.4/s Avg:  3207 Min:    12 Max: 59608 Err:     6 (1.07%)
2021-05-31 10:26:33,931 ERROR o.a.j.u.BeanShellInterpreter: Error invoking bsh method: eval	Sourced file: inline evaluation of: ``String totalRecords = vars.get("totalRecords"); String perpage = vars.get("perpa . . . '' : Typed variable declaration : Method Invocation Integer.parseInt
2021-05-31 10:26:33,931 WARN o.a.j.e.BeanShellPostProcessor: Problem in BeanShell script: org.apache.jorphan.util.JMeterException: Error invoking bsh method: eval	Sourced file: inline evaluation of: ``String totalRecords = vars.get("totalRecords"); String perpage = vars.get("perpa . . . '' : Typed variable declaration : Method Invocation Integer.parseInt
2021-05-31 10:26:37,388 ERROR o.a.j.u.BeanShellInterpreter: Error invoking bsh method: eval	Sourced file: inline evaluation of: ``String totalRecords = vars.get("totalRecords"); String perpage = vars.get("perpa . . . '' : Typed variable declaration : Method Invocation Integer.parseInt
2021-05-31 10:26:37,388 WARN o.a.j.e.BeanShellPostProcessor: Problem in BeanShell script: org.apache.jorphan.util.JMeterException: Error invoking bsh method: eval	Sourced file: inline evaluation of: ``String totalRecords = vars.get("totalRecords"); String perpage = vars.get("perpa . . . '' : Typed variable declaration : Method Invocation Integer.parseInt
2021-05-31 10:26:51,543 ERROR o.a.j.u.BeanShellInterpreter: Error invoking bsh method: eval	Sourced file: inline evaluation of: ``String totalRecords = vars.get("totalRecords"); String perpage = vars.get("perpa . . . '' : Typed variable declaration : Method Invocation Integer.parseInt
2021-05-31 10:26:51,543 WARN o.a.j.e.BeanShellPostProcessor: Problem in BeanShell script: org.apache.jorphan.util.JMeterException: Error invoking bsh method: eval	Sourced file: inline evaluation of: ``String totalRecords = vars.get("totalRecords"); String perpage = vars.get("perpa . . . '' : Typed variable declaration : Method Invocation Integer.parseInt
2021-05-31 10:27:00,815 INFO o.a.j.r.Summariser: summary +     53 in 00:00:31 =    1.7/s Avg:  1713 Min:   311 Max: 16482 Err:     0 (0.00%) Active: 4 Started: 10 Finished: 6
2021-05-31 10:27:00,816 INFO o.a.j.r.Summariser: summary =    616 in 00:07:03 =    1.5/s Avg:  3078 Min:    12 Max: 59608 Err:     6 (0.97%)
2021-05-31 10:27:14,013 ERROR o.a.j.u.BeanShellInterpreter: Error invoking bsh method: eval	Sourced file: inline evaluation of: ``String totalRecords = vars.get("totalRecords"); String perpage = vars.get("perpa . . . '' : Typed variable declaration : Method Invocation Integer.parseInt
2021-05-31 10:27:14,013 WARN o.a.j.e.BeanShellPostProcessor: Problem in BeanShell script: org.apache.jorphan.util.JMeterException: Error invoking bsh method: eval	Sourced file: inline evaluation of: ``String totalRecords = vars.get("totalRecords"); String perpage = vars.get("perpa . . . '' : Typed variable declaration : Method Invocation Integer.parseInt
2021-05-31 10:27:31,885 INFO o.a.j.r.Summariser: summary +     20 in 00:00:31 =    0.6/s Avg:  4574 Min:   353 Max: 12468 Err:     0 (0.00%) Active: 4 Started: 10 Finished: 6
2021-05-31 10:27:31,886 INFO o.a.j.r.Summariser: summary =    636 in 00:07:34 =    1.4/s Avg:  3125 Min:    12 Max: 59608 Err:     6 (0.94%)
2021-05-31 10:28:01,097 INFO o.a.j.r.Summariser: summary +     39 in 00:00:29 =    1.3/s Avg:  2587 Min:   275 Max: 14133 Err:     0 (0.00%) Active: 4 Started: 10 Finished: 6
2021-05-31 10:28:01,097 INFO o.a.j.r.Summariser: summary =    675 in 00:08:04 =    1.4/s Avg:  3094 Min:    12 Max: 59608 Err:     6 (0.89%)
2021-05-31 10:28:30,675 INFO o.a.j.r.Summariser: summary +     38 in 00:00:30 =    1.3/s Avg:  2891 Min:   272 Max: 19372 Err:     0 (0.00%) Active: 4 Started: 10 Finished: 6
2021-05-31 10:28:30,675 INFO o.a.j.r.Summariser: summary =    713 in 00:08:33 =    1.4/s Avg:  3083 Min:    12 Max: 59608 Err:     6 (0.84%)
2021-05-31 10:28:44,821 INFO o.a.j.s.FileServer: Stored: D:\apache-jmeter-5.1\apache-jmeter-5.1\bin\excel\isource\suppliers_partner.csv Alias: D:\apache-jmeter-5.1\apache-jmeter-5.1\bin\excel\isource\suppliers_partner.csv@584157293
2021-05-31 10:29:00,061 INFO o.a.j.r.Summariser: summary +     26 in 00:00:29 =    0.9/s Avg:  3257 Min:   225 Max: 13260 Err:     0 (0.00%) Active: 4 Started: 10 Finished: 6
2021-05-31 10:29:00,061 INFO o.a.j.r.Summariser: summary =    739 in 00:09:03 =    1.4/s Avg:  3089 Min:    12 Max: 59608 Err:     6 (0.81%)
2021-05-31 10:30:04,470 INFO o.a.j.r.Summariser: summary +     25 in 00:01:04 =    0.4/s Avg:  3497 Min:   328 Max: 22241 Err:     0 (0.00%) Active: 4 Started: 10 Finished: 6
2021-05-31 10:30:04,470 INFO o.a.j.r.Summariser: summary =    764 in 00:10:07 =    1.3/s Avg:  3103 Min:    12 Max: 59608 Err:     6 (0.79%)
2021-05-31 10:30:30,074 INFO o.a.j.r.Summariser: summary +     19 in 00:00:26 =    0.7/s Avg:  3075 Min:   218 Max: 35116 Err:     0 (0.00%) Active: 4 Started: 10 Finished: 6
2021-05-31 10:30:30,074 INFO o.a.j.r.Summariser: summary =    783 in 00:10:33 =    1.2/s Avg:  3102 Min:    12 Max: 59608 Err:     6 (0.77%)
2021-05-31 10:31:33,306 INFO o.a.j.r.Summariser: summary +      3 in 00:01:03 =    0.0/s Avg: 23775 Min:   704 Max: 64190 Err:     0 (0.00%) Active: 4 Started: 10 Finished: 6
2021-05-31 10:31:33,307 INFO o.a.j.r.Summariser: summary =    786 in 00:11:36 =    1.1/s Avg:  3181 Min:    12 Max: 64190 Err:     6 (0.76%)
2021-05-31 10:32:30,931 INFO o.a.j.r.Summariser: summary +      9 in 00:00:58 =    0.2/s Avg: 16298 Min:   316 Max: 88068 Err:     0 (0.00%) Active: 4 Started: 10 Finished: 6
2021-05-31 10:32:30,932 INFO o.a.j.r.Summariser: summary =    795 in 00:12:33 =    1.1/s Avg:  3330 Min:    12 Max: 88068 Err:     6 (0.75%)
2021-05-31 10:33:05,944 INFO o.a.j.r.Summariser: summary +      7 in 00:00:35 =    0.2/s Avg:  8855 Min:   481 Max: 47554 Err:     0 (0.00%) Active: 4 Started: 10 Finished: 6
2021-05-31 10:33:05,944 INFO o.a.j.r.Summariser: summary =    802 in 00:13:08 =    1.0/s Avg:  3378 Min:    12 Max: 88068 Err:     6 (0.75%)
2021-05-31 10:34:30,960 INFO o.a.j.r.Summariser: summary +     24 in 00:01:25 =    0.3/s Avg:  7329 Min:   220 Max: 72495 Err:     0 (0.00%) Active: 4 Started: 10 Finished: 6
2021-05-31 10:34:30,960 INFO o.a.j.r.Summariser: summary =    826 in 00:14:33 =    0.9/s Avg:  3493 Min:    12 Max: 88068 Err:     6 (0.73%)
2021-05-31 10:36:30,193 INFO o.a.j.r.Summariser: summary +     16 in 00:01:59 =    0.1/s Avg:  2960 Min:   216 Max: 24720 Err:     0 (0.00%) Active: 4 Started: 10 Finished: 6
2021-05-31 10:36:30,194 INFO o.a.j.r.Summariser: summary =    842 in 00:16:33 =    0.8/s Avg:  3482 Min:    12 Max: 88068 Err:     6 (0.71%)
2021-05-31 10:37:00,550 INFO o.a.j.r.Summariser: summary +     25 in 00:00:30 =    0.8/s Avg:  1908 Min:   211 Max:  8646 Err:     0 (0.00%) Active: 4 Started: 10 Finished: 6
2021-05-31 10:37:00,552 INFO o.a.j.r.Summariser: summary =    867 in 00:17:03 =    0.8/s Avg:  3437 Min:    12 Max: 88068 Err:     6 (0.69%)
2021-05-31 10:37:30,585 INFO o.a.j.r.Summariser: summary +     26 in 00:00:30 =    0.9/s Avg:  1768 Min:   214 Max:  5994 Err:     0 (0.00%) Active: 4 Started: 10 Finished: 6
2021-05-31 10:37:30,585 INFO o.a.j.r.Summariser: summary =    893 in 00:17:33 =    0.8/s Avg:  3388 Min:    12 Max: 88068 Err:     6 (0.67%)
2021-05-31 10:38:00,033 INFO o.a.j.r.Summariser: summary +     27 in 00:00:29 =    0.9/s Avg:  1347 Min:   224 Max:  7766 Err:     0 (0.00%) Active: 4 Started: 10 Finished: 6
2021-05-31 10:38:00,033 INFO o.a.j.r.Summariser: summary =    920 in 00:18:03 =    0.8/s Avg:  3329 Min:    12 Max: 88068 Err:     6 (0.65%)
2021-05-31 10:38:30,406 INFO o.a.j.r.Summariser: summary +     31 in 00:00:30 =    1.0/s Avg:  1136 Min:   223 Max:  5734 Err:     0 (0.00%) Active: 4 Started: 10 Finished: 6
2021-05-31 10:38:30,406 INFO o.a.j.r.Summariser: summary =    951 in 00:18:33 =    0.9/s Avg:  3257 Min:    12 Max: 88068 Err:     6 (0.63%)
2021-05-31 10:38:45,444 INFO o.a.j.t.JMeterThread: Stop Thread detected by thread: L1-iSource-Auction-NonPricingRescheduleEvent-JOB 1-3
2021-05-31 10:38:45,444 INFO o.a.j.t.JMeterThread: Thread finished: L1-iSource-Auction-NonPricingRescheduleEvent-JOB 1-3
2021-05-31 10:39:01,674 INFO o.a.j.r.Summariser: summary +     30 in 00:00:31 =    1.0/s Avg: 21548 Min:   216 Max: 600619 Err:     1 (3.33%) Active: 3 Started: 10 Finished: 7
2021-05-31 10:39:01,674 INFO o.a.j.r.Summariser: summary =    981 in 00:19:04 =    0.9/s Avg:  3816 Min:    12 Max: 600619 Err:     7 (0.71%)
2021-05-31 10:39:15,600 INFO o.a.j.t.JMeterThread: Stop Thread detected by thread: L1-iSource-Auction-NonPricingRescheduleEvent-JOB 1-2
2021-05-31 10:39:15,600 INFO o.a.j.t.JMeterThread: Thread finished: L1-iSource-Auction-NonPricingRescheduleEvent-JOB 1-2
2021-05-31 10:40:33,767 INFO o.a.j.r.Summariser: summary +      4 in 00:01:32 =    0.0/s Avg: 152299 Min:   229 Max: 600620 Err:     1 (25.00%) Active: 2 Started: 10 Finished: 8
2021-05-31 10:40:33,767 INFO o.a.j.r.Summariser: summary =    985 in 00:20:36 =    0.8/s Avg:  4419 Min:    12 Max: 600620 Err:     8 (0.81%)
2021-05-31 10:41:01,992 INFO o.a.j.r.Summariser: summary +     20 in 00:00:28 =    0.7/s Avg:  1764 Min:   216 Max:  8042 Err:     0 (0.00%) Active: 2 Started: 10 Finished: 8
2021-05-31 10:41:01,993 INFO o.a.j.r.Summariser: summary =   1005 in 00:21:04 =    0.8/s Avg:  4367 Min:    12 Max: 600620 Err:     8 (0.80%)
2021-05-31 10:41:30,052 INFO o.a.j.r.Summariser: summary +     33 in 00:00:28 =    1.2/s Avg:  1793 Min:   222 Max:  6208 Err:     0 (0.00%) Active: 2 Started: 10 Finished: 8
2021-05-31 10:41:30,052 INFO o.a.j.r.Summariser: summary =   1038 in 00:21:33 =    0.8/s Avg:  4285 Min:    12 Max: 600620 Err:     8 (0.77%)
2021-05-31 10:42:00,350 INFO o.a.j.r.Summariser: summary +     29 in 00:00:30 =    1.0/s Avg:  1833 Min:   269 Max: 13381 Err:     0 (0.00%) Active: 2 Started: 10 Finished: 8
2021-05-31 10:42:00,350 INFO o.a.j.r.Summariser: summary =   1067 in 00:22:03 =    0.8/s Avg:  4218 Min:    12 Max: 600620 Err:     8 (0.75%)
2021-05-31 10:42:32,791 INFO o.a.j.r.Summariser: summary +     20 in 00:00:32 =    0.6/s Avg:  2088 Min:   302 Max: 13215 Err:     0 (0.00%) Active: 2 Started: 10 Finished: 8
2021-05-31 10:42:32,792 INFO o.a.j.r.Summariser: summary =   1087 in 00:22:35 =    0.8/s Avg:  4179 Min:    12 Max: 600620 Err:     8 (0.74%)
2021-05-31 10:44:30,195 INFO o.a.j.r.Summariser: summary +     38 in 00:01:57 =    0.3/s Avg:  3845 Min:   307 Max: 55728 Err:     0 (0.00%) Active: 2 Started: 10 Finished: 8
2021-05-31 10:44:30,195 INFO o.a.j.r.Summariser: summary =   1125 in 00:24:33 =    0.8/s Avg:  4168 Min:    12 Max: 600620 Err:     8 (0.71%)
2021-05-31 10:45:30,047 INFO o.a.j.r.Summariser: summary +     14 in 00:01:00 =    0.2/s Avg:  2206 Min:   305 Max: 10880 Err:     0 (0.00%) Active: 2 Started: 10 Finished: 8
2021-05-31 10:45:30,048 INFO o.a.j.r.Summariser: summary =   1139 in 00:25:33 =    0.7/s Avg:  4143 Min:    12 Max: 600620 Err:     8 (0.70%)
2021-05-31 10:45:34,977 INFO o.a.j.t.JMeterThread: Thread is done: L1-iSource-Auction-NonPricingRescheduleEvent-JOB 1-4
2021-05-31 10:45:34,977 INFO o.a.j.t.JMeterThread: Thread finished: L1-iSource-Auction-NonPricingRescheduleEvent-JOB 1-4
2021-05-31 10:45:35,322 INFO o.a.j.t.JMeterThread: Thread is done: L1-iSource-Auction-NonPricingRescheduleEvent-JOB 1-10
2021-05-31 10:45:35,322 INFO o.a.j.t.JMeterThread: Thread finished: L1-iSource-Auction-NonPricingRescheduleEvent-JOB 1-10
2021-05-31 10:45:35,323 INFO o.a.j.e.StandardJMeterEngine: Notifying test listeners of end of test
2021-05-31 10:45:35,324 INFO o.a.j.s.FileServer: Close: D:\apache-jmeter-5.1\apache-jmeter-5.1\bin\excel\isource\suppliers_partner.csv@584157293
2021-05-31 10:45:35,324 INFO o.a.j.s.FileServer: Close: D:\apache-jmeter-5.1\apache-jmeter-5.1\bin\excel\isource\Partner_ZCS_Users.csv
2021-05-31 10:45:35,325 INFO o.a.j.r.Summariser: summary +     17 in 00:00:05 =    3.2/s Avg:   610 Min:   265 Max:  1032 Err:     0 (0.00%) Active: 0 Started: 10 Finished: 10
2021-05-31 10:45:35,325 INFO o.a.j.r.Summariser: summary =   1156 in 00:25:38 =    0.8/s Avg:  4092 Min:    12 Max: 600620 Err:     8 (0.69%)
2021-05-31 10:45:35,325 INFO o.a.j.JMeter: Generating Dashboard
2021-05-31 10:45:35,325 INFO o.a.j.r.d.ReportGenerator: Flushing result collector before report Generation
2021-05-31 10:45:35,337 INFO o.a.j.r.p.NormalizerSampleConsumer: Using format, 'ms', to parse timeStamp field
2021-05-31 10:45:35,463 INFO o.a.j.r.p.AbstractSampleConsumer: class org.apache.jmeter.report.processor.AggregateConsumer#stopProducing(): beginDate produced 0 samples
2021-05-31 10:45:35,463 INFO o.a.j.r.p.AbstractSampleConsumer: class org.apache.jmeter.report.processor.AggregateConsumer#stopProducing(): endDate produced 0 samples
2021-05-31 10:45:35,465 INFO o.a.j.r.p.AbstractSampleConsumer: class org.apache.jmeter.report.processor.ApdexSummaryConsumer#stopProducing(): apdexSummary produced 0 samples
2021-05-31 10:45:35,465 INFO o.a.j.r.p.AbstractSampleConsumer: class org.apache.jmeter.report.processor.RequestsSummaryConsumer#stopProducing(): requestsSummary produced 0 samples
2021-05-31 10:45:35,474 INFO o.a.j.r.p.AbstractSampleConsumer: class org.apache.jmeter.report.processor.StatisticsSummaryConsumer#stopProducing(): statisticsSummary produced 0 samples
2021-05-31 10:45:35,478 INFO o.a.j.r.p.AbstractSampleConsumer: class org.apache.jmeter.report.processor.Top5ErrorsBySamplerConsumer#stopProducing(): top5ErrorsBySampler produced 0 samples
2021-05-31 10:45:35,478 INFO o.a.j.r.p.AbstractSampleConsumer: class org.apache.jmeter.report.processor.ErrorsSummaryConsumer#stopProducing(): errorsSummary produced 0 samples
2021-05-31 10:45:35,478 INFO o.a.j.r.p.AbstractSampleConsumer: class org.apache.jmeter.report.processor.graph.impl.HitsPerSecondGraphConsumer#stopProducing(): hitsPerSecond produced 0 samples
2021-05-31 10:45:35,496 INFO o.a.j.r.p.AbstractSampleConsumer: class org.apache.jmeter.report.processor.graph.impl.LatencyVSRequestGraphConsumer#stopProducing(): latencyVsRequest produced 0 samples
2021-05-31 10:45:35,497 INFO o.a.j.r.p.AbstractSampleConsumer: class org.apache.jmeter.report.processor.graph.impl.SyntheticResponseTimeDistributionGraphConsumer#stopProducing(): syntheticResponseTimeDistribution produced 0 samples
2021-05-31 10:45:35,497 INFO o.a.j.r.p.AbstractSampleConsumer: class org.apache.jmeter.report.processor.graph.impl.BytesThroughputGraphConsumer#stopProducing(): bytesThroughputOverTime produced 0 samples
2021-05-31 10:45:35,497 INFO o.a.j.r.p.AbstractSampleConsumer: class org.apache.jmeter.report.processor.graph.impl.CodesPerSecondGraphConsumer#stopProducing(): codesPerSecond produced 0 samples
2021-05-31 10:45:35,506 INFO o.a.j.r.p.AbstractSampleConsumer: class org.apache.jmeter.report.processor.graph.impl.ResponseTimeVSRequestGraphConsumer#stopProducing(): responseTimeVsRequest produced 0 samples
2021-05-31 10:45:35,506 INFO o.a.j.r.p.AbstractSampleConsumer: class org.apache.jmeter.report.processor.FilterConsumer#stopProducing(): startIntervalControlerFilter produced 8092 samples
2021-05-31 10:45:35,506 INFO o.a.j.r.p.AbstractSampleConsumer: class org.apache.jmeter.report.processor.graph.impl.TotalTPSGraphConsumer#stopProducing(): totalTPS produced 0 samples
2021-05-31 10:45:35,506 INFO o.a.j.r.p.AbstractSampleConsumer: class org.apache.jmeter.report.processor.graph.impl.ActiveThreadsGraphConsumer#stopProducing(): activeThreadsOverTime produced 0 samples
2021-05-31 10:45:35,507 INFO o.a.j.r.p.AbstractSampleConsumer: class org.apache.jmeter.report.processor.graph.impl.TimeVSThreadGraphConsumer#stopProducing(): timeVsThreads produced 0 samples
2021-05-31 10:45:35,520 INFO o.a.j.r.p.AbstractSampleConsumer: class org.apache.jmeter.report.processor.graph.impl.ResponseTimeDistributionGraphConsumer#stopProducing(): responseTimeDistribution produced 0 samples
2021-05-31 10:45:35,523 INFO o.a.j.r.p.AbstractSampleConsumer: class org.apache.jmeter.report.processor.graph.impl.TransactionsPerSecondGraphConsumer#stopProducing(): transactionsPerSecond produced 0 samples
2021-05-31 10:45:35,525 INFO o.a.j.r.p.AbstractSampleConsumer: class org.apache.jmeter.report.processor.graph.impl.ResponseTimePercentilesGraphConsumer#stopProducing(): responseTimePercentiles produced 0 samples
2021-05-31 10:45:35,556 INFO o.a.j.r.p.AbstractSampleConsumer: class org.apache.jmeter.report.processor.graph.impl.ResponseTimePercentilesOverTimeGraphConsumer#stopProducing(): responseTimePercentilesOverTime produced 0 samples
2021-05-31 10:45:35,556 INFO o.a.j.r.p.AbstractSampleConsumer: class org.apache.jmeter.report.processor.graph.impl.ResponseTimeOverTimeGraphConsumer#stopProducing(): responseTimesOverTime produced 0 samples
2021-05-31 10:45:35,559 INFO o.a.j.r.p.AbstractSampleConsumer: class org.apache.jmeter.report.processor.graph.impl.ConnectTimeOverTimeGraphConsumer#stopProducing(): connectTimeOverTime produced 0 samples
2021-05-31 10:45:35,561 INFO o.a.j.r.p.AbstractSampleConsumer: class org.apache.jmeter.report.processor.graph.impl.LatencyOverTimeGraphConsumer#stopProducing(): latenciesOverTime produced 0 samples
2021-05-31 10:45:35,563 INFO o.a.j.r.p.AbstractSampleConsumer: class org.apache.jmeter.report.processor.FilterConsumer#stopProducing(): nameFilter produced 20040 samples
2021-05-31 10:45:35,563 INFO o.a.j.r.p.AbstractSampleConsumer: class org.apache.jmeter.report.processor.FilterConsumer#stopProducing(): dateRangeFilter produced 4008 samples
2021-05-31 10:45:35,563 INFO o.a.j.r.p.AbstractSampleConsumer: class org.apache.jmeter.report.processor.NormalizerSampleConsumer#stopProducing(): normalizer produced 1336 samples
2021-05-31 10:45:35,564 INFO o.a.j.r.p.CsvFileSampleSource: produce(): 1336 samples produced in 209ms on channel 0
2021-05-31 10:45:35,564 INFO o.a.j.r.d.ReportGenerator: Exporting data using exporter:'json' of className:'org.apache.jmeter.report.dashboard.JsonExporter'
2021-05-31 10:45:35,566 INFO o.a.j.r.d.JsonExporter: Found data for consumer statisticsSummary in context
2021-05-31 10:45:35,566 INFO o.a.j.r.d.JsonExporter: Creating statistics for overall
2021-05-31 10:45:35,566 INFO o.a.j.r.d.JsonExporter: Creating statistics for other transactions
2021-05-31 10:45:35,567 INFO o.a.j.r.d.JsonExporter: Checking output folder
2021-05-31 10:45:35,569 INFO o.a.j.r.d.JsonExporter: Writing statistics JSON to C:\xampp\htdocs\PerformancePostgres\L1_iSource_10_AuctionNonPricingRescheduleEvent_2021-05-31_5\statistics.json
2021-05-31 10:45:35,735 INFO o.a.j.r.d.ReportGenerator: Exporting data using exporter:'html' of className:'org.apache.jmeter.report.dashboard.HtmlTemplateExporter'
2021-05-31 10:45:35,737 INFO o.a.j.r.d.HtmlTemplateExporter: Will generate dashboard in folder: C:\xampp\htdocs\PerformancePostgres\L1_iSource_10_AuctionNonPricingRescheduleEvent_2021-05-31_5
2021-05-31 10:45:36,153 INFO o.a.j.r.d.HtmlTemplateExporter: Report will be generated in: C:\xampp\htdocs\PerformancePostgres\L1_iSource_10_AuctionNonPricingRescheduleEvent_2021-05-31_5, creating folder structure
2021-05-31 10:45:36,157 INFO o.a.j.r.d.TemplateVisitor: Copying folder from 'D:\apache-jmeter-5.1\apache-jmeter-5.1\bin\report-template' to 'C:\xampp\htdocs\PerformancePostgres\L1_iSource_10_AuctionNonPricingRescheduleEvent_2021-05-31_5', got message:[C:\xampp\htdocs\PerformancePostgres\L1_iSource_10_AuctionNonPricingRescheduleEvent_2021-05-31_5\statistics.json], found non empty folder with following content {}, will be ignored
2021-05-31 10:45:36,867 INFO o.a.j.JMeter: Dashboard generated
