2021-05-31 09:34:36,366 INFO o.a.j.u.JMeterUtils: Setting Locale to en_EN
2021-05-31 09:34:36,376 INFO o.a.j.JMeter: Loading user properties from: user.properties
2021-05-31 09:34:36,376 INFO o.a.j.JMeter: Loading system properties from: system.properties
2021-05-31 09:34:36,377 INFO o.a.j.JMeter: Setting JMeter property: meter.reportgenerator.report_title=AuctionAnalyze
2021-05-31 09:34:36,377 INFO o.a.j.JMeter: Setting JMeter property: thread=10
2021-05-31 09:34:36,377 INFO o.a.j.JMeter: Setting JMeter property: rampup=30
2021-05-31 09:34:36,380 INFO o.a.j.JMeter: Copyright (c) 1998-2019 The Apache Software Foundation
2021-05-31 09:34:36,380 INFO o.a.j.JMeter: Version 5.1 r1853635
2021-05-31 09:34:36,381 INFO o.a.j.JMeter: java.version=1.8.0_121
2021-05-31 09:34:36,381 INFO o.a.j.JMeter: java.vm.name=Java HotSpot(TM) 64-Bit Server VM
2021-05-31 09:34:36,381 INFO o.a.j.JMeter: os.name=Windows 10
2021-05-31 09:34:36,381 INFO o.a.j.JMeter: os.arch=amd64
2021-05-31 09:34:36,381 INFO o.a.j.JMeter: os.version=10.0
2021-05-31 09:34:36,381 INFO o.a.j.JMeter: file.encoding=Cp1252
2021-05-31 09:34:36,381 INFO o.a.j.JMeter: java.awt.headless=true
2021-05-31 09:34:36,381 INFO o.a.j.JMeter: Max memory     =8589934592
2021-05-31 09:34:36,381 INFO o.a.j.JMeter: Available Processors =6
2021-05-31 09:34:36,384 INFO o.a.j.JMeter: Default Locale=English (EN)
2021-05-31 09:34:36,384 INFO o.a.j.JMeter: JMeter  Locale=English (EN)
2021-05-31 09:34:36,384 INFO o.a.j.JMeter: JMeterHome=D:\apache-jmeter-5.1\apache-jmeter-5.1
2021-05-31 09:34:36,384 INFO o.a.j.JMeter: user.dir  =D:\apache-jmeter-5.1\apache-jmeter-5.1\bin
2021-05-31 09:34:36,384 INFO o.a.j.JMeter: PWD       =D:\apache-jmeter-5.1\apache-jmeter-5.1\bin
2021-05-31 09:34:36,385 INFO o.a.j.JMeter: IP: 172.30.224.67 Name: ZIPLSY2278 FullName: ZIPLSY2278.zycus.net
2021-05-31 09:34:36,387 INFO o.a.j.JMeter: Setting property 'jmeter.reportgenerator.outputdir' to:'C:\xampp\htdocs\PerformancePostgres\L1_iSource_10_AuctionAnalyze_2021-05-31_3'
2021-05-31 09:34:36,389 INFO o.a.j.s.FileServer: Default base='D:\apache-jmeter-5.1\apache-jmeter-5.1\bin'
2021-05-31 09:34:36,392 INFO o.a.j.s.FileServer: Set new base='D:\PostrgresMigration\iSource'
2021-05-31 09:34:36,483 INFO o.a.j.s.SaveService: Testplan (JMX) version: 2.2. Testlog (JTL) version: 2.2
2021-05-31 09:34:36,493 INFO o.a.j.s.SaveService: Using SaveService properties file encoding UTF-8
2021-05-31 09:34:36,496 INFO o.a.j.s.SaveService: Using SaveService properties version 5.0
2021-05-31 09:34:36,501 INFO o.a.j.s.SaveService: Loading file: D:\PostrgresMigration\iSource\L1_iSource_AuctionAnalyze.jmx
2021-05-31 09:34:36,540 INFO o.a.j.p.h.c.CookieManager: Settings: Delete null: true Check: true Allow variable: true Save: false Prefix: COOKIE_
2021-05-31 09:34:36,544 INFO o.a.j.p.h.c.CacheManager: Will only cache the following methods: [GET]
2021-05-31 09:34:36,552 INFO o.a.j.p.h.s.HTTPSamplerBase: Parser for text/html is org.apache.jmeter.protocol.http.parser.LagartoBasedHtmlParser
2021-05-31 09:34:36,552 INFO o.a.j.p.h.s.HTTPSamplerBase: Parser for application/xhtml+xml is org.apache.jmeter.protocol.http.parser.LagartoBasedHtmlParser
2021-05-31 09:34:36,552 INFO o.a.j.p.h.s.HTTPSamplerBase: Parser for application/xml is org.apache.jmeter.protocol.http.parser.LagartoBasedHtmlParser
2021-05-31 09:34:36,552 INFO o.a.j.p.h.s.HTTPSamplerBase: Parser for text/xml is org.apache.jmeter.protocol.http.parser.LagartoBasedHtmlParser
2021-05-31 09:34:36,552 INFO o.a.j.p.h.s.HTTPSamplerBase: Parser for text/vnd.wap.wml is org.apache.jmeter.protocol.http.parser.RegexpHTMLParser
2021-05-31 09:34:36,552 INFO o.a.j.p.h.s.HTTPSamplerBase: Parser for text/css is org.apache.jmeter.protocol.http.parser.CssParser
2021-05-31 09:34:37,536 INFO o.a.j.JMeter: Creating summariser <summary>
2021-05-31 09:34:37,540 INFO o.a.j.r.d.ReportGenerator: ReportGenerator will use for Parsing the separator: ','
2021-05-31 09:34:37,540 INFO o.a.j.r.d.ReportGenerator: Will generate report at end of test from  results file: D:\PostrgresMigration\iSource\JTL\L1_iSource_10_AuctionAnalyze_2021-05-31_3.jtl
2021-05-31 09:34:37,541 INFO o.a.j.r.d.ReportGenerator: Reading report generator properties from: D:\apache-jmeter-5.1\apache-jmeter-5.1\bin\reportgenerator.properties
2021-05-31 09:34:37,541 INFO o.a.j.r.d.ReportGenerator: Merging with JMeter properties
2021-05-31 09:34:37,545 INFO o.a.j.r.c.ReportGeneratorConfiguration: Property 'jmeter.reportgenerator.temp_dir' not found, using default value 'temp' instead.
2021-05-31 09:34:37,547 INFO o.a.j.r.c.ReportGeneratorConfiguration: Property 'jmeter.reportgenerator.apdex_per_transaction' not found, using default value 'null' instead.
2021-05-31 09:34:37,547 INFO o.a.j.r.c.ReportGeneratorConfiguration: apdex_per_transaction : {} is empty, not APDEX per transaction customization
2021-05-31 09:34:37,548 INFO o.a.j.r.c.ReportGeneratorConfiguration: Property 'jmeter.reportgenerator.sample_filter' not found, using default value 'null' instead.
2021-05-31 09:34:37,548 INFO o.a.j.r.c.ReportGeneratorConfiguration: Property 'jmeter.reportgenerator.report_title' not found, using default value 'null' instead.
2021-05-31 09:34:37,548 INFO o.a.j.r.c.ReportGeneratorConfiguration: Property 'jmeter.reportgenerator.start_date' not found, using default value 'null' instead.
2021-05-31 09:34:37,548 INFO o.a.j.r.c.ReportGeneratorConfiguration: Property 'jmeter.reportgenerator.end_date' not found, using default value 'null' instead.
2021-05-31 09:34:37,548 INFO o.a.j.r.c.ReportGeneratorConfiguration: Property 'jmeter.reportgenerator.date_format' not found, using default value 'null' instead.
2021-05-31 09:34:37,548 INFO o.a.j.r.c.ReportGeneratorConfiguration: Will use date range start date: null, end date: null
2021-05-31 09:34:37,552 INFO o.a.j.r.c.ReportGeneratorConfiguration: Property 'jmeter.reportgenerator.graph.totalTPS.exclude_controllers' not found, using default value 'false' instead.
2021-05-31 09:34:37,552 INFO o.a.j.r.c.ReportGeneratorConfiguration: Property 'jmeter.reportgenerator.graph.activeThreadsOverTime.exclude_controllers' not found, using default value 'false' instead.
2021-05-31 09:34:37,552 INFO o.a.j.r.c.ReportGeneratorConfiguration: Property 'jmeter.reportgenerator.graph.timeVsThreads.exclude_controllers' not found, using default value 'false' instead.
2021-05-31 09:34:37,552 INFO o.a.j.r.c.ReportGeneratorConfiguration: Property 'jmeter.reportgenerator.graph.responseTimeDistribution.exclude_controllers' not found, using default value 'false' instead.
2021-05-31 09:34:37,552 INFO o.a.j.r.c.ReportGeneratorConfiguration: Property 'jmeter.reportgenerator.graph.transactionsPerSecond.exclude_controllers' not found, using default value 'false' instead.
2021-05-31 09:34:37,552 INFO o.a.j.r.c.ReportGeneratorConfiguration: Property 'jmeter.reportgenerator.graph.responseTimePercentiles.exclude_controllers' not found, using default value 'false' instead.
2021-05-31 09:34:37,552 INFO o.a.j.r.c.ReportGeneratorConfiguration: Property 'jmeter.reportgenerator.graph.responseTimePercentilesOverTime.exclude_controllers' not found, using default value 'false' instead.
2021-05-31 09:34:37,552 INFO o.a.j.r.c.ReportGeneratorConfiguration: Property 'jmeter.reportgenerator.graph.responseTimesOverTime.exclude_controllers' not found, using default value 'false' instead.
2021-05-31 09:34:37,552 INFO o.a.j.r.c.ReportGeneratorConfiguration: Property 'jmeter.reportgenerator.graph.connectTimeOverTime.exclude_controllers' not found, using default value 'false' instead.
2021-05-31 09:34:37,552 INFO o.a.j.r.c.ReportGeneratorConfiguration: Property 'jmeter.reportgenerator.graph.latenciesOverTime.exclude_controllers' not found, using default value 'false' instead.
2021-05-31 09:34:37,553 INFO o.a.j.r.c.ReportGeneratorConfiguration: Property 'jmeter.reportgenerator.exporter.json.filters_only_sample_series' not found, using default value 'true' instead.
2021-05-31 09:34:37,553 INFO o.a.j.r.c.ReportGeneratorConfiguration: Property 'jmeter.reportgenerator.exporter.json.series_filter' not found, using default value '' instead.
2021-05-31 09:34:37,553 INFO o.a.j.r.c.ReportGeneratorConfiguration: Property 'jmeter.reportgenerator.exporter.json.show_controllers_only' not found, using default value 'false' instead.
2021-05-31 09:34:37,554 INFO o.a.j.r.c.ReportGeneratorConfiguration: Property 'jmeter.reportgenerator.exporter.html.filters_only_sample_series' not found, using default value 'true' instead.
2021-05-31 09:34:37,554 INFO o.a.j.r.c.ReportGeneratorConfiguration: Property 'jmeter.reportgenerator.exporter.html.series_filter' not found, using default value '' instead.
2021-05-31 09:34:37,554 INFO o.a.j.r.c.ReportGeneratorConfiguration: Property 'jmeter.reportgenerator.exporter.html.show_controllers_only' not found, using default value 'false' instead.
2021-05-31 09:34:37,558 INFO o.a.j.e.StandardJMeterEngine: Running the test!
2021-05-31 09:34:37,559 INFO o.a.j.s.SampleEvent: List of sample_variables: []
2021-05-31 09:34:37,559 INFO o.a.j.s.SampleEvent: List of sample_variables: []
2021-05-31 09:34:37,563 INFO o.a.j.e.u.CompoundVariable: Note: Function class names must contain the string: '.functions.'
2021-05-31 09:34:37,563 INFO o.a.j.e.u.CompoundVariable: Note: Function class names must not contain the string: '.gui.'
2021-05-31 09:34:37,998 INFO o.a.j.JMeter: Running test (1622433877998)
2021-05-31 09:34:38,067 INFO o.a.j.e.StandardJMeterEngine: Starting ThreadGroup: 1 : L1_iSource_AuctionAnalyze
2021-05-31 09:34:38,067 INFO o.a.j.e.StandardJMeterEngine: Starting 1 threads for group L1_iSource_AuctionAnalyze.
2021-05-31 09:34:38,067 INFO o.a.j.e.StandardJMeterEngine: Thread will continue on error
2021-05-31 09:34:38,067 INFO o.a.j.t.ThreadGroup: Starting thread group... number=1 threads=1 ramp-up=1 perThread=1000.0 delayedStart=false
2021-05-31 09:34:38,105 INFO o.a.j.t.ThreadGroup: Started thread group number 1
2021-05-31 09:34:38,105 INFO o.a.j.e.StandardJMeterEngine: All thread groups have been started
2021-05-31 09:34:38,111 INFO o.a.j.s.SampleResult: Note: Sample TimeStamps are START times
2021-05-31 09:34:38,111 INFO o.a.j.s.SampleResult: sampleresult.default.encoding is set to ISO-8859-1
2021-05-31 09:34:38,111 INFO o.a.j.s.SampleResult: sampleresult.useNanoTime=true
2021-05-31 09:34:38,111 INFO o.a.j.s.SampleResult: sampleresult.nanoThreadSleep=5000
2021-05-31 09:34:38,130 INFO o.a.j.t.JMeterThread: Thread started: L1_iSource_AuctionAnalyze 1-1
2021-05-31 09:34:38,133 INFO o.a.j.c.LoopController: iterationStart called on Suppliers_BidReco with source org.apache.jmeter.control.LoopController@5b2deec5 and iteration 1
2021-05-31 09:34:38,133 INFO o.a.j.c.LoopController: iterationStart called on Suppliers_Bidding with source org.apache.jmeter.control.LoopController@5b2deec5 and iteration 1
2021-05-31 09:34:38,133 INFO o.a.j.c.LoopController: iterationStart called on 5.6# Questions_Text with source org.apache.jmeter.control.LoopController@5b2deec5 and iteration 1
2021-05-31 09:34:38,133 INFO o.a.j.s.FileServer: Stored: D:\apache-jmeter-5.1\apache-jmeter-5.1\bin\excel\isource\Partner_ZCS_Users.csv
2021-05-31 09:34:38,146 INFO o.a.j.p.h.s.HTTPHCAbstractImpl: Local host = ZIPLSY2278
2021-05-31 09:34:38,151 INFO o.a.j.p.h.s.HTTPHC4Impl: HTTP request retry count = 0
2021-05-31 09:34:38,210 INFO o.a.j.p.h.s.h.LazyLayeredConnectionSocketFactory: Setting up HTTPS TrustAll Socket Factory
2021-05-31 09:34:38,214 INFO o.a.j.u.JsseSSLManager: Using default SSL protocol: TLS
2021-05-31 09:34:38,214 INFO o.a.j.u.JsseSSLManager: SSL session context: per-thread
2021-05-31 09:34:38,665 INFO o.a.j.u.SSLManager: JmeterKeyStore Location:  type JKS
2021-05-31 09:34:38,667 INFO o.a.j.u.SSLManager: KeyStore created OK
2021-05-31 09:34:38,667 WARN o.a.j.u.SSLManager: Keystore file not found, loading empty keystore
2021-05-31 09:48:16,774 INFO o.a.j.r.ResultCollector: Shutdown hook started
2021-05-31 09:48:16,775 INFO o.a.j.r.ResultCollector: Shutdown hook ended
