2021-07-01 17:28:55,877 INFO o.a.j.u.JMeterUtils: Setting Locale to en_EN
2021-07-01 17:28:55,889 INFO o.a.j.JMeter: Loading user properties from: user.properties
2021-07-01 17:28:55,890 INFO o.a.j.JMeter: Loading system properties from: system.properties
2021-07-01 17:28:55,890 INFO o.a.j.JMeter: Setting JMeter property: meter.reportgenerator.report_title=RaceConditionAuction
2021-07-01 17:28:55,890 INFO o.a.j.JMeter: Setting JMeter property: thread=50
2021-07-01 17:28:55,890 INFO o.a.j.JMeter: Setting JMeter property: rampup=1350
2021-07-01 17:28:55,894 INFO o.a.j.JMeter: Copyright (c) 1998-2019 The Apache Software Foundation
2021-07-01 17:28:55,894 INFO o.a.j.JMeter: Version 5.1 r1853635
2021-07-01 17:28:55,894 INFO o.a.j.JMeter: java.version=1.8.0_121
2021-07-01 17:28:55,894 INFO o.a.j.JMeter: java.vm.name=Java HotSpot(TM) 64-Bit Server VM
2021-07-01 17:28:55,894 INFO o.a.j.JMeter: os.name=Windows 10
2021-07-01 17:28:55,894 INFO o.a.j.JMeter: os.arch=amd64
2021-07-01 17:28:55,894 INFO o.a.j.JMeter: os.version=10.0
2021-07-01 17:28:55,895 INFO o.a.j.JMeter: file.encoding=Cp1252
2021-07-01 17:28:55,895 INFO o.a.j.JMeter: java.awt.headless=true
2021-07-01 17:28:55,895 INFO o.a.j.JMeter: Max memory     =8589934592
2021-07-01 17:28:55,895 INFO o.a.j.JMeter: Available Processors =6
2021-07-01 17:28:55,897 INFO o.a.j.JMeter: Default Locale=English (EN)
2021-07-01 17:28:55,897 INFO o.a.j.JMeter: JMeter  Locale=English (EN)
2021-07-01 17:28:55,897 INFO o.a.j.JMeter: JMeterHome=D:\apache-jmeter-5.1\apache-jmeter-5.1
2021-07-01 17:28:55,897 INFO o.a.j.JMeter: user.dir  =D:\apache-jmeter-5.1\apache-jmeter-5.1\bin
2021-07-01 17:28:55,898 INFO o.a.j.JMeter: PWD       =D:\apache-jmeter-5.1\apache-jmeter-5.1\bin
2021-07-01 17:28:55,899 INFO o.a.j.JMeter: IP: 172.30.225.123 Name: ZIPLSY2278 FullName: ZIPLSY2278.zycus.net
2021-07-01 17:28:55,901 INFO o.a.j.JMeter: Setting property 'jmeter.reportgenerator.outputdir' to:'C:\xampp\htdocs\PerformancePostgres\L0_iSource_50_RaceConditionAuction_2021-07-01_32'
2021-07-01 17:28:55,903 INFO o.a.j.s.FileServer: Default base='D:\apache-jmeter-5.1\apache-jmeter-5.1\bin'
2021-07-01 17:28:55,906 INFO o.a.j.s.FileServer: Set new base='D:\PostrgresMigration\iSource'
2021-07-01 17:28:55,996 INFO o.a.j.s.SaveService: Testplan (JMX) version: 2.2. Testlog (JTL) version: 2.2
2021-07-01 17:28:56,005 INFO o.a.j.s.SaveService: Using SaveService properties file encoding UTF-8
2021-07-01 17:28:56,009 INFO o.a.j.s.SaveService: Using SaveService properties version 5.0
2021-07-01 17:28:56,013 INFO o.a.j.s.SaveService: Loading file: D:\PostrgresMigration\iSource\iSource_RaceConditionAuction.jmx
2021-07-01 17:28:56,055 INFO o.a.j.p.h.c.CookieManager: Settings: Delete null: true Check: true Allow variable: true Save: false Prefix: COOKIE_
2021-07-01 17:28:56,060 INFO o.a.j.p.h.c.CacheManager: Will only cache the following methods: [GET]
2021-07-01 17:28:56,067 INFO o.a.j.p.h.s.HTTPSamplerBase: Parser for text/html is org.apache.jmeter.protocol.http.parser.LagartoBasedHtmlParser
2021-07-01 17:28:56,067 INFO o.a.j.p.h.s.HTTPSamplerBase: Parser for application/xhtml+xml is org.apache.jmeter.protocol.http.parser.LagartoBasedHtmlParser
2021-07-01 17:28:56,067 INFO o.a.j.p.h.s.HTTPSamplerBase: Parser for application/xml is org.apache.jmeter.protocol.http.parser.LagartoBasedHtmlParser
2021-07-01 17:28:56,068 INFO o.a.j.p.h.s.HTTPSamplerBase: Parser for text/xml is org.apache.jmeter.protocol.http.parser.LagartoBasedHtmlParser
2021-07-01 17:28:56,068 INFO o.a.j.p.h.s.HTTPSamplerBase: Parser for text/vnd.wap.wml is org.apache.jmeter.protocol.http.parser.RegexpHTMLParser
2021-07-01 17:28:56,068 INFO o.a.j.p.h.s.HTTPSamplerBase: Parser for text/css is org.apache.jmeter.protocol.http.parser.CssParser
2021-07-01 17:28:56,246 INFO o.a.j.JMeter: Creating summariser <summary>
2021-07-01 17:28:56,254 INFO o.a.j.r.d.ReportGenerator: ReportGenerator will use for Parsing the separator: ','
2021-07-01 17:28:56,254 INFO o.a.j.r.d.ReportGenerator: Will generate report at end of test from  results file: D:\PostrgresMigration\iSource\JTL\L0_iSource_50_RaceConditionAuction_2021-07-01_32.jtl
2021-07-01 17:28:56,254 INFO o.a.j.r.d.ReportGenerator: Reading report generator properties from: D:\apache-jmeter-5.1\apache-jmeter-5.1\bin\reportgenerator.properties
2021-07-01 17:28:56,255 INFO o.a.j.r.d.ReportGenerator: Merging with JMeter properties
2021-07-01 17:28:56,266 INFO o.a.j.r.c.ReportGeneratorConfiguration: Property 'jmeter.reportgenerator.temp_dir' not found, using default value 'temp' instead.
2021-07-01 17:28:56,269 INFO o.a.j.r.c.ReportGeneratorConfiguration: Property 'jmeter.reportgenerator.apdex_per_transaction' not found, using default value 'null' instead.
2021-07-01 17:28:56,270 INFO o.a.j.r.c.ReportGeneratorConfiguration: apdex_per_transaction : {} is empty, not APDEX per transaction customization
2021-07-01 17:28:56,271 INFO o.a.j.r.c.ReportGeneratorConfiguration: Property 'jmeter.reportgenerator.sample_filter' not found, using default value 'null' instead.
2021-07-01 17:28:56,271 INFO o.a.j.r.c.ReportGeneratorConfiguration: Property 'jmeter.reportgenerator.report_title' not found, using default value 'null' instead.
2021-07-01 17:28:56,271 INFO o.a.j.r.c.ReportGeneratorConfiguration: Property 'jmeter.reportgenerator.start_date' not found, using default value 'null' instead.
2021-07-01 17:28:56,271 INFO o.a.j.r.c.ReportGeneratorConfiguration: Property 'jmeter.reportgenerator.end_date' not found, using default value 'null' instead.
2021-07-01 17:28:56,271 INFO o.a.j.r.c.ReportGeneratorConfiguration: Property 'jmeter.reportgenerator.date_format' not found, using default value 'null' instead.
2021-07-01 17:28:56,271 INFO o.a.j.r.c.ReportGeneratorConfiguration: Will use date range start date: null, end date: null
2021-07-01 17:28:56,275 INFO o.a.j.r.c.ReportGeneratorConfiguration: Property 'jmeter.reportgenerator.graph.totalTPS.exclude_controllers' not found, using default value 'false' instead.
2021-07-01 17:28:56,276 INFO o.a.j.r.c.ReportGeneratorConfiguration: Property 'jmeter.reportgenerator.graph.activeThreadsOverTime.exclude_controllers' not found, using default value 'false' instead.
2021-07-01 17:28:56,276 INFO o.a.j.r.c.ReportGeneratorConfiguration: Property 'jmeter.reportgenerator.graph.timeVsThreads.exclude_controllers' not found, using default value 'false' instead.
2021-07-01 17:28:56,276 INFO o.a.j.r.c.ReportGeneratorConfiguration: Property 'jmeter.reportgenerator.graph.responseTimeDistribution.exclude_controllers' not found, using default value 'false' instead.
2021-07-01 17:28:56,276 INFO o.a.j.r.c.ReportGeneratorConfiguration: Property 'jmeter.reportgenerator.graph.transactionsPerSecond.exclude_controllers' not found, using default value 'false' instead.
2021-07-01 17:28:56,276 INFO o.a.j.r.c.ReportGeneratorConfiguration: Property 'jmeter.reportgenerator.graph.responseTimePercentiles.exclude_controllers' not found, using default value 'false' instead.
2021-07-01 17:28:56,276 INFO o.a.j.r.c.ReportGeneratorConfiguration: Property 'jmeter.reportgenerator.graph.responseTimePercentilesOverTime.exclude_controllers' not found, using default value 'false' instead.
2021-07-01 17:28:56,276 INFO o.a.j.r.c.ReportGeneratorConfiguration: Property 'jmeter.reportgenerator.graph.responseTimesOverTime.exclude_controllers' not found, using default value 'false' instead.
2021-07-01 17:28:56,276 INFO o.a.j.r.c.ReportGeneratorConfiguration: Property 'jmeter.reportgenerator.graph.connectTimeOverTime.exclude_controllers' not found, using default value 'false' instead.
2021-07-01 17:28:56,277 INFO o.a.j.r.c.ReportGeneratorConfiguration: Property 'jmeter.reportgenerator.graph.latenciesOverTime.exclude_controllers' not found, using default value 'false' instead.
2021-07-01 17:28:56,278 INFO o.a.j.r.c.ReportGeneratorConfiguration: Property 'jmeter.reportgenerator.exporter.json.filters_only_sample_series' not found, using default value 'true' instead.
2021-07-01 17:28:56,278 INFO o.a.j.r.c.ReportGeneratorConfiguration: Property 'jmeter.reportgenerator.exporter.json.series_filter' not found, using default value '' instead.
2021-07-01 17:28:56,279 INFO o.a.j.r.c.ReportGeneratorConfiguration: Property 'jmeter.reportgenerator.exporter.json.show_controllers_only' not found, using default value 'false' instead.
2021-07-01 17:28:56,279 INFO o.a.j.r.c.ReportGeneratorConfiguration: Property 'jmeter.reportgenerator.exporter.html.filters_only_sample_series' not found, using default value 'true' instead.
2021-07-01 17:28:56,279 INFO o.a.j.r.c.ReportGeneratorConfiguration: Property 'jmeter.reportgenerator.exporter.html.series_filter' not found, using default value '' instead.
2021-07-01 17:28:56,279 INFO o.a.j.r.c.ReportGeneratorConfiguration: Property 'jmeter.reportgenerator.exporter.html.show_controllers_only' not found, using default value 'false' instead.
2021-07-01 17:28:56,291 INFO o.a.j.e.StandardJMeterEngine: Running the test!
2021-07-01 17:28:56,292 INFO o.a.j.s.SampleEvent: List of sample_variables: []
2021-07-01 17:28:56,292 INFO o.a.j.s.SampleEvent: List of sample_variables: []
2021-07-01 17:28:56,298 INFO o.a.j.e.u.CompoundVariable: Note: Function class names must contain the string: '.functions.'
2021-07-01 17:28:56,298 INFO o.a.j.e.u.CompoundVariable: Note: Function class names must not contain the string: '.gui.'
2021-07-01 17:28:56,702 INFO o.a.j.JMeter: Running test (1625140736702)
2021-07-01 17:28:56,761 INFO o.a.j.e.StandardJMeterEngine: Starting ThreadGroup: 1 : iSource_RaceConditionAuction
2021-07-01 17:28:56,761 INFO o.a.j.e.StandardJMeterEngine: Starting 50 threads for group iSource_RaceConditionAuction.
2021-07-01 17:28:56,761 INFO o.a.j.e.StandardJMeterEngine: Thread will stop on error
2021-07-01 17:28:56,761 INFO o.a.j.t.ThreadGroup: Starting thread group... number=1 threads=50 ramp-up=1350 perThread=27000.0 delayedStart=false
2021-07-01 17:28:56,786 INFO o.a.j.s.SampleResult: Note: Sample TimeStamps are START times
2021-07-01 17:28:56,786 INFO o.a.j.s.SampleResult: sampleresult.default.encoding is set to ISO-8859-1
2021-07-01 17:28:56,787 INFO o.a.j.s.SampleResult: sampleresult.useNanoTime=true
2021-07-01 17:28:56,787 INFO o.a.j.s.SampleResult: sampleresult.nanoThreadSleep=5000
2021-07-01 17:28:56,793 INFO o.a.j.t.JMeterThread: Thread started: iSource_RaceConditionAuction 1-1
2021-07-01 17:28:56,810 INFO o.a.j.p.h.s.HTTPHCAbstractImpl: Local host = ZIPLSY2278
2021-07-01 17:28:56,817 INFO o.a.j.p.h.s.HTTPHC4Impl: HTTP request retry count = 0
2021-07-01 17:28:56,900 INFO o.a.j.p.h.s.h.LazyLayeredConnectionSocketFactory: Setting up HTTPS TrustAll Socket Factory
2021-07-01 17:28:56,908 INFO o.a.j.u.JsseSSLManager: Using default SSL protocol: TLS
2021-07-01 17:28:56,908 INFO o.a.j.u.JsseSSLManager: SSL session context: per-thread
2021-07-01 17:28:57,432 INFO o.a.j.u.SSLManager: JmeterKeyStore Location:  type JKS
2021-07-01 17:28:57,434 INFO o.a.j.u.SSLManager: KeyStore created OK
2021-07-01 17:28:57,434 WARN o.a.j.u.SSLManager: Keystore file not found, loading empty keystore
2021-07-01 17:28:57,769 INFO o.a.j.t.ThreadGroup: Started thread group number 1
2021-07-01 17:28:57,769 INFO o.a.j.e.StandardJMeterEngine: All thread groups have been started
2021-07-01 17:29:02,620 INFO o.a.j.r.Summariser: summary +     18 in 00:00:06 =    3.0/s Avg:   203 Min:    52 Max:  1117 Err:     0 (0.00%) Active: 1 Started: 1 Finished: 0
2021-07-01 17:29:23,823 INFO o.a.j.t.JMeterThread: Thread started: iSource_RaceConditionAuction 1-2
2021-07-01 17:29:30,734 INFO o.a.j.r.Summariser: summary +     50 in 00:00:28 =    1.8/s Avg:   334 Min:    49 Max:  2078 Err:     0 (0.00%) Active: 2 Started: 2 Finished: 0
2021-07-01 17:29:30,735 INFO o.a.j.r.Summariser: summary =     68 in 00:00:34 =    2.0/s Avg:   299 Min:    49 Max:  2078 Err:     0 (0.00%)
2021-07-01 17:29:50,855 INFO o.a.j.t.JMeterThread: Thread started: iSource_RaceConditionAuction 1-3
2021-07-01 17:30:00,236 INFO o.a.j.r.Summariser: summary +    104 in 00:00:30 =    3.5/s Avg:   354 Min:    50 Max:  1934 Err:     0 (0.00%) Active: 3 Started: 3 Finished: 0
2021-07-01 17:30:00,237 INFO o.a.j.r.Summariser: summary =    172 in 00:01:04 =    2.7/s Avg:   332 Min:    49 Max:  2078 Err:     0 (0.00%)
2021-07-01 17:30:17,882 INFO o.a.j.t.JMeterThread: Thread started: iSource_RaceConditionAuction 1-4
2021-07-01 17:30:30,037 INFO o.a.j.r.Summariser: summary +    121 in 00:00:30 =    4.1/s Avg:   515 Min:    61 Max:  2890 Err:     0 (0.00%) Active: 4 Started: 4 Finished: 0
2021-07-01 17:30:30,037 INFO o.a.j.r.Summariser: summary =    293 in 00:01:33 =    3.1/s Avg:   408 Min:    49 Max:  2890 Err:     0 (0.00%)
2021-07-01 17:30:37,172 INFO o.a.j.t.JMeterThread: Thread is done: iSource_RaceConditionAuction 1-1
2021-07-01 17:30:37,173 INFO o.a.j.t.JMeterThread: Thread finished: iSource_RaceConditionAuction 1-1
2021-07-01 17:30:44,913 INFO o.a.j.t.JMeterThread: Thread started: iSource_RaceConditionAuction 1-5
2021-07-01 17:31:00,340 INFO o.a.j.r.Summariser: summary +    156 in 00:00:30 =    5.1/s Avg:   403 Min:    51 Max:  2266 Err:     0 (0.00%) Active: 4 Started: 5 Finished: 1
2021-07-01 17:31:00,341 INFO o.a.j.r.Summariser: summary =    449 in 00:02:04 =    3.6/s Avg:   406 Min:    49 Max:  2890 Err:     0 (0.00%)
2021-07-01 17:31:06,939 INFO o.a.j.t.JMeterThread: Thread is done: iSource_RaceConditionAuction 1-2
2021-07-01 17:31:06,939 INFO o.a.j.t.JMeterThread: Thread finished: iSource_RaceConditionAuction 1-2
2021-07-01 17:31:11,930 INFO o.a.j.t.JMeterThread: Thread started: iSource_RaceConditionAuction 1-6
2021-07-01 17:31:29,930 INFO o.a.j.t.JMeterThread: Thread is done: iSource_RaceConditionAuction 1-3
2021-07-01 17:31:29,930 INFO o.a.j.t.JMeterThread: Thread finished: iSource_RaceConditionAuction 1-3
2021-07-01 17:31:30,312 INFO o.a.j.r.Summariser: summary +    138 in 00:00:30 =    4.6/s Avg:   444 Min:    49 Max:  2016 Err:     0 (0.00%) Active: 3 Started: 6 Finished: 3
2021-07-01 17:31:30,312 INFO o.a.j.r.Summariser: summary =    587 in 00:02:34 =    3.8/s Avg:   415 Min:    49 Max:  2890 Err:     0 (0.00%)
2021-07-01 17:31:38,950 INFO o.a.j.t.JMeterThread: Thread started: iSource_RaceConditionAuction 1-7
2021-07-01 17:32:00,220 INFO o.a.j.r.Summariser: summary +    134 in 00:00:30 =    4.5/s Avg:   560 Min:    41 Max:  2498 Err:     0 (0.00%) Active: 4 Started: 7 Finished: 3
2021-07-01 17:32:00,220 INFO o.a.j.r.Summariser: summary =    721 in 00:03:04 =    3.9/s Avg:   442 Min:    41 Max:  2890 Err:     0 (0.00%)
2021-07-01 17:32:05,971 INFO o.a.j.t.JMeterThread: Thread started: iSource_RaceConditionAuction 1-8
2021-07-01 17:32:06,880 INFO o.a.j.t.JMeterThread: Thread is done: iSource_RaceConditionAuction 1-4
2021-07-01 17:32:06,880 INFO o.a.j.t.JMeterThread: Thread finished: iSource_RaceConditionAuction 1-4
2021-07-01 17:32:30,030 INFO o.a.j.r.Summariser: summary +    131 in 00:00:30 =    4.4/s Avg:   584 Min:    43 Max:  2673 Err:     0 (0.00%) Active: 4 Started: 8 Finished: 4
2021-07-01 17:32:30,030 INFO o.a.j.r.Summariser: summary =    852 in 00:03:33 =    4.0/s Avg:   464 Min:    41 Max:  2890 Err:     0 (0.00%)
2021-07-01 17:32:32,992 INFO o.a.j.t.JMeterThread: Thread started: iSource_RaceConditionAuction 1-9
2021-07-01 17:32:38,970 INFO o.a.j.t.JMeterThread: Thread is done: iSource_RaceConditionAuction 1-5
2021-07-01 17:32:38,971 INFO o.a.j.t.JMeterThread: Thread finished: iSource_RaceConditionAuction 1-5
2021-07-01 17:33:00,015 INFO o.a.j.t.JMeterThread: Thread started: iSource_RaceConditionAuction 1-10
2021-07-01 17:33:00,349 INFO o.a.j.r.Summariser: summary +    134 in 00:00:30 =    4.4/s Avg:   614 Min:    38 Max:  3319 Err:     0 (0.00%) Active: 5 Started: 10 Finished: 5
2021-07-01 17:33:00,349 INFO o.a.j.r.Summariser: summary =    986 in 00:04:04 =    4.0/s Avg:   484 Min:    38 Max:  3319 Err:     0 (0.00%)
2021-07-01 17:33:13,160 INFO o.a.j.t.JMeterThread: Thread is done: iSource_RaceConditionAuction 1-6
2021-07-01 17:33:13,160 INFO o.a.j.t.JMeterThread: Thread finished: iSource_RaceConditionAuction 1-6
2021-07-01 17:33:27,044 INFO o.a.j.t.JMeterThread: Thread started: iSource_RaceConditionAuction 1-11
2021-07-01 17:33:30,888 INFO o.a.j.r.Summariser: summary +    160 in 00:00:31 =    5.2/s Avg:   568 Min:    34 Max:  3212 Err:     0 (0.00%) Active: 5 Started: 11 Finished: 6
2021-07-01 17:33:30,888 INFO o.a.j.r.Summariser: summary =   1146 in 00:04:34 =    4.2/s Avg:   496 Min:    34 Max:  3319 Err:     0 (0.00%)
2021-07-01 17:33:40,558 INFO o.a.j.t.JMeterThread: Thread is done: iSource_RaceConditionAuction 1-7
2021-07-01 17:33:40,558 INFO o.a.j.t.JMeterThread: Thread finished: iSource_RaceConditionAuction 1-7
2021-07-01 17:33:54,065 INFO o.a.j.t.JMeterThread: Thread started: iSource_RaceConditionAuction 1-12
2021-07-01 17:34:00,056 INFO o.a.j.r.Summariser: summary +    116 in 00:00:29 =    4.0/s Avg:   787 Min:    44 Max:  3599 Err:     0 (0.00%) Active: 5 Started: 12 Finished: 7
2021-07-01 17:34:00,056 INFO o.a.j.r.Summariser: summary =   1262 in 00:05:03 =    4.2/s Avg:   523 Min:    34 Max:  3599 Err:     0 (0.00%)
2021-07-01 17:34:18,211 INFO o.a.j.t.JMeterThread: Thread is done: iSource_RaceConditionAuction 1-8
2021-07-01 17:34:18,211 INFO o.a.j.t.JMeterThread: Thread finished: iSource_RaceConditionAuction 1-8
2021-07-01 17:34:21,081 INFO o.a.j.t.JMeterThread: Thread started: iSource_RaceConditionAuction 1-13
2021-07-01 17:34:30,363 INFO o.a.j.r.Summariser: summary +    133 in 00:00:30 =    4.4/s Avg:   797 Min:    75 Max:  3569 Err:     0 (0.00%) Active: 5 Started: 13 Finished: 8
2021-07-01 17:34:30,364 INFO o.a.j.r.Summariser: summary =   1395 in 00:05:34 =    4.2/s Avg:   549 Min:    34 Max:  3599 Err:     0 (0.00%)
2021-07-01 17:34:48,099 INFO o.a.j.t.JMeterThread: Thread started: iSource_RaceConditionAuction 1-14
2021-07-01 17:34:53,083 INFO o.a.j.t.JMeterThread: Thread is done: iSource_RaceConditionAuction 1-9
2021-07-01 17:34:53,083 INFO o.a.j.t.JMeterThread: Thread finished: iSource_RaceConditionAuction 1-9
2021-07-01 17:35:00,056 INFO o.a.j.r.Summariser: summary +    123 in 00:00:30 =    4.1/s Avg:   863 Min:    85 Max:  3561 Err:     0 (0.00%) Active: 5 Started: 14 Finished: 9
2021-07-01 17:35:00,056 INFO o.a.j.r.Summariser: summary =   1518 in 00:06:03 =    4.2/s Avg:   574 Min:    34 Max:  3599 Err:     0 (0.00%)
2021-07-01 17:35:15,117 INFO o.a.j.t.JMeterThread: Thread started: iSource_RaceConditionAuction 1-15
2021-07-01 17:35:28,512 INFO o.a.j.t.JMeterThread: Thread is done: iSource_RaceConditionAuction 1-10
2021-07-01 17:35:28,512 INFO o.a.j.t.JMeterThread: Thread finished: iSource_RaceConditionAuction 1-10
2021-07-01 17:35:30,043 INFO o.a.j.r.Summariser: summary +    138 in 00:00:30 =    4.6/s Avg:   876 Min:    71 Max:  3367 Err:     0 (0.00%) Active: 5 Started: 15 Finished: 10
2021-07-01 17:35:30,043 INFO o.a.j.r.Summariser: summary =   1656 in 00:06:33 =    4.2/s Avg:   599 Min:    34 Max:  3599 Err:     0 (0.00%)
2021-07-01 17:35:42,136 INFO o.a.j.t.JMeterThread: Thread started: iSource_RaceConditionAuction 1-16
2021-07-01 17:35:56,654 INFO o.a.j.t.JMeterThread: Thread is done: iSource_RaceConditionAuction 1-11
2021-07-01 17:35:56,654 INFO o.a.j.t.JMeterThread: Thread finished: iSource_RaceConditionAuction 1-11
2021-07-01 17:36:00,283 INFO o.a.j.r.Summariser: summary +    160 in 00:00:30 =    5.3/s Avg:   704 Min:    42 Max:  3224 Err:     0 (0.00%) Active: 5 Started: 16 Finished: 11
2021-07-01 17:36:00,283 INFO o.a.j.r.Summariser: summary =   1816 in 00:07:04 =    4.3/s Avg:   609 Min:    34 Max:  3599 Err:     0 (0.00%)
2021-07-01 17:36:09,157 INFO o.a.j.t.JMeterThread: Thread started: iSource_RaceConditionAuction 1-17
2021-07-01 17:36:27,076 INFO o.a.j.t.JMeterThread: Thread is done: iSource_RaceConditionAuction 1-12
2021-07-01 17:36:27,076 INFO o.a.j.t.JMeterThread: Thread finished: iSource_RaceConditionAuction 1-12
2021-07-01 17:36:30,314 INFO o.a.j.r.Summariser: summary +    144 in 00:00:30 =    4.8/s Avg:   807 Min:    49 Max:  3331 Err:     0 (0.00%) Active: 5 Started: 17 Finished: 12
2021-07-01 17:36:30,315 INFO o.a.j.r.Summariser: summary =   1960 in 00:07:34 =    4.3/s Avg:   623 Min:    34 Max:  3599 Err:     0 (0.00%)
2021-07-01 17:36:36,175 INFO o.a.j.t.JMeterThread: Thread started: iSource_RaceConditionAuction 1-18
2021-07-01 17:36:48,301 INFO o.a.j.t.JMeterThread: Thread is done: iSource_RaceConditionAuction 1-13
2021-07-01 17:36:48,301 INFO o.a.j.t.JMeterThread: Thread finished: iSource_RaceConditionAuction 1-13
2021-07-01 17:37:00,453 INFO o.a.j.r.Summariser: summary +    153 in 00:00:30 =    5.1/s Avg:   767 Min:    41 Max:  3249 Err:     0 (0.00%) Active: 5 Started: 18 Finished: 13
2021-07-01 17:37:00,454 INFO o.a.j.r.Summariser: summary =   2113 in 00:08:04 =    4.4/s Avg:   634 Min:    34 Max:  3599 Err:     0 (0.00%)
2021-07-01 17:37:03,195 INFO o.a.j.t.JMeterThread: Thread started: iSource_RaceConditionAuction 1-19
2021-07-01 17:37:13,660 INFO o.a.j.t.JMeterThread: Thread is done: iSource_RaceConditionAuction 1-14
2021-07-01 17:37:13,660 INFO o.a.j.t.JMeterThread: Thread finished: iSource_RaceConditionAuction 1-14
2021-07-01 17:37:30,214 INFO o.a.j.t.JMeterThread: Thread started: iSource_RaceConditionAuction 1-20
2021-07-01 17:37:30,785 INFO o.a.j.r.Summariser: summary +    120 in 00:00:30 =    4.0/s Avg:   989 Min:    87 Max:  3090 Err:     0 (0.00%) Active: 6 Started: 20 Finished: 14
2021-07-01 17:37:30,785 INFO o.a.j.r.Summariser: summary =   2233 in 00:08:34 =    4.3/s Avg:   653 Min:    34 Max:  3599 Err:     0 (0.00%)
2021-07-01 17:37:45,485 INFO o.a.j.t.JMeterThread: Thread is done: iSource_RaceConditionAuction 1-15
2021-07-01 17:37:45,485 INFO o.a.j.t.JMeterThread: Thread finished: iSource_RaceConditionAuction 1-15
2021-07-01 17:37:57,234 INFO o.a.j.t.JMeterThread: Thread started: iSource_RaceConditionAuction 1-21
2021-07-01 17:38:00,007 INFO o.a.j.r.Summariser: summary +    152 in 00:00:29 =    5.2/s Avg:   832 Min:    83 Max:  3472 Err:     0 (0.00%) Active: 6 Started: 21 Finished: 15
2021-07-01 17:38:00,008 INFO o.a.j.r.Summariser: summary =   2385 in 00:09:03 =    4.4/s Avg:   664 Min:    34 Max:  3599 Err:     0 (0.00%)
2021-07-01 17:38:12,689 INFO o.a.j.t.JMeterThread: Thread is done: iSource_RaceConditionAuction 1-16
2021-07-01 17:38:12,689 INFO o.a.j.t.JMeterThread: Thread finished: iSource_RaceConditionAuction 1-16
2021-07-01 17:38:24,252 INFO o.a.j.t.JMeterThread: Thread started: iSource_RaceConditionAuction 1-22
2021-07-01 17:38:30,053 INFO o.a.j.r.Summariser: summary +    131 in 00:00:30 =    4.4/s Avg:   927 Min:    96 Max:  3133 Err:     0 (0.00%) Active: 6 Started: 22 Finished: 16
2021-07-01 17:38:30,054 INFO o.a.j.r.Summariser: summary =   2516 in 00:09:33 =    4.4/s Avg:   678 Min:    34 Max:  3599 Err:     0 (0.00%)
2021-07-01 17:38:40,580 INFO o.a.j.t.JMeterThread: Stop Thread detected by thread: iSource_RaceConditionAuction 1-21
2021-07-01 17:38:40,580 INFO o.a.j.t.JMeterThread: Stop Thread detected by thread: iSource_RaceConditionAuction 1-20
2021-07-01 17:38:40,580 INFO o.a.j.t.JMeterThread: Thread finished: iSource_RaceConditionAuction 1-21
2021-07-01 17:38:40,580 INFO o.a.j.t.JMeterThread: Thread finished: iSource_RaceConditionAuction 1-20
2021-07-01 17:38:40,647 INFO o.a.j.t.JMeterThread: Stop Thread detected by thread: iSource_RaceConditionAuction 1-19
2021-07-01 17:38:40,648 INFO o.a.j.t.JMeterThread: Thread finished: iSource_RaceConditionAuction 1-19
2021-07-01 17:38:40,654 INFO o.a.j.t.JMeterThread: Stop Thread detected by thread: iSource_RaceConditionAuction 1-18
2021-07-01 17:38:40,655 INFO o.a.j.t.JMeterThread: Thread finished: iSource_RaceConditionAuction 1-18
2021-07-01 17:38:40,655 INFO o.a.j.t.JMeterThread: Stop Thread detected by thread: iSource_RaceConditionAuction 1-17
2021-07-01 17:38:40,655 INFO o.a.j.t.JMeterThread: Thread finished: iSource_RaceConditionAuction 1-17
2021-07-01 17:38:40,656 INFO o.a.j.t.JMeterThread: Stop Thread detected by thread: iSource_RaceConditionAuction 1-22
2021-07-01 17:38:40,656 INFO o.a.j.t.JMeterThread: Thread finished: iSource_RaceConditionAuction 1-22
2021-07-01 17:38:51,272 INFO o.a.j.t.JMeterThread: Thread started: iSource_RaceConditionAuction 1-23
2021-07-01 17:39:01,022 INFO o.a.j.r.Summariser: summary +     63 in 00:00:31 =    2.0/s Avg:   950 Min:   146 Max:  5146 Err:     7 (11.11%) Active: 1 Started: 23 Finished: 22
2021-07-01 17:39:01,022 INFO o.a.j.r.Summariser: summary =   2579 in 00:10:04 =    4.3/s Avg:   685 Min:    34 Max:  5146 Err:     7 (0.27%)
2021-07-01 17:39:01,022 INFO o.a.j.t.JMeterThread: Stop Thread detected by thread: iSource_RaceConditionAuction 1-23
2021-07-01 17:39:01,022 INFO o.a.j.t.JMeterThread: Thread finished: iSource_RaceConditionAuction 1-23
2021-07-01 17:39:18,293 INFO o.a.j.t.JMeterThread: Thread started: iSource_RaceConditionAuction 1-24
2021-07-01 17:39:23,655 INFO o.a.j.t.JMeterThread: Stop Thread detected by thread: iSource_RaceConditionAuction 1-24
2021-07-01 17:39:23,655 INFO o.a.j.t.JMeterThread: Thread finished: iSource_RaceConditionAuction 1-24
2021-07-01 17:39:45,311 INFO o.a.j.t.JMeterThread: Thread started: iSource_RaceConditionAuction 1-25
2021-07-01 17:39:53,833 INFO o.a.j.t.JMeterThread: Stop Thread detected by thread: iSource_RaceConditionAuction 1-25
2021-07-01 17:39:53,833 INFO o.a.j.t.JMeterThread: Thread finished: iSource_RaceConditionAuction 1-25
2021-07-01 17:40:12,345 INFO o.a.j.t.JMeterThread: Thread started: iSource_RaceConditionAuction 1-26
2021-07-01 17:40:20,648 INFO o.a.j.t.JMeterThread: Stop Thread detected by thread: iSource_RaceConditionAuction 1-26
2021-07-01 17:40:20,648 INFO o.a.j.t.JMeterThread: Thread finished: iSource_RaceConditionAuction 1-26
2021-07-01 17:40:39,349 INFO o.a.j.t.JMeterThread: Thread started: iSource_RaceConditionAuction 1-27
2021-07-01 17:40:51,234 INFO o.a.j.t.JMeterThread: Stop Thread detected by thread: iSource_RaceConditionAuction 1-27
2021-07-01 17:40:51,234 INFO o.a.j.t.JMeterThread: Thread finished: iSource_RaceConditionAuction 1-27
2021-07-01 17:41:06,369 INFO o.a.j.t.JMeterThread: Thread started: iSource_RaceConditionAuction 1-28
2021-07-01 17:41:14,852 INFO o.a.j.t.JMeterThread: Stop Thread detected by thread: iSource_RaceConditionAuction 1-28
2021-07-01 17:41:14,853 INFO o.a.j.t.JMeterThread: Thread finished: iSource_RaceConditionAuction 1-28
2021-07-01 17:41:33,391 INFO o.a.j.t.JMeterThread: Thread started: iSource_RaceConditionAuction 1-29
2021-07-01 17:41:34,149 INFO o.a.j.r.Summariser: summary +     91 in 00:02:33 =    0.6/s Avg:   362 Min:    54 Max:  1694 Err:     5 (5.49%) Active: 1 Started: 29 Finished: 28
2021-07-01 17:41:34,149 INFO o.a.j.r.Summariser: summary =   2670 in 00:12:37 =    3.5/s Avg:   674 Min:    34 Max:  5146 Err:    12 (0.45%)
2021-07-01 17:41:43,713 INFO o.a.j.t.JMeterThread: Stop Thread detected by thread: iSource_RaceConditionAuction 1-29
2021-07-01 17:41:43,714 INFO o.a.j.t.JMeterThread: Thread finished: iSource_RaceConditionAuction 1-29
2021-07-01 17:42:00,409 INFO o.a.j.t.JMeterThread: Thread started: iSource_RaceConditionAuction 1-30
2021-07-01 17:42:01,071 INFO o.a.j.r.Summariser: summary +     18 in 00:00:27 =    0.7/s Avg:   451 Min:   223 Max:   848 Err:     1 (5.56%) Active: 1 Started: 30 Finished: 29
2021-07-01 17:42:01,072 INFO o.a.j.r.Summariser: summary =   2688 in 00:13:04 =    3.4/s Avg:   672 Min:    34 Max:  5146 Err:    13 (0.48%)
2021-07-01 17:42:09,358 INFO o.a.j.t.JMeterThread: Stop Thread detected by thread: iSource_RaceConditionAuction 1-30
2021-07-01 17:42:09,359 INFO o.a.j.t.JMeterThread: Thread finished: iSource_RaceConditionAuction 1-30
2021-07-01 17:42:27,429 INFO o.a.j.t.JMeterThread: Thread started: iSource_RaceConditionAuction 1-31
2021-07-01 17:42:31,364 INFO o.a.j.r.Summariser: summary +     23 in 00:00:30 =    0.8/s Avg:   440 Min:   158 Max:  1806 Err:     1 (4.35%) Active: 1 Started: 31 Finished: 30
2021-07-01 17:42:31,364 INFO o.a.j.r.Summariser: summary =   2711 in 00:13:35 =    3.3/s Avg:   670 Min:    34 Max:  5146 Err:    14 (0.52%)
2021-07-01 17:42:40,202 INFO o.a.j.t.JMeterThread: Stop Thread detected by thread: iSource_RaceConditionAuction 1-31
2021-07-01 17:42:40,202 INFO o.a.j.t.JMeterThread: Thread finished: iSource_RaceConditionAuction 1-31
2021-07-01 17:42:54,449 INFO o.a.j.t.JMeterThread: Thread started: iSource_RaceConditionAuction 1-32
2021-07-01 17:43:01,682 INFO o.a.j.r.Summariser: summary +     30 in 00:00:30 =    1.0/s Avg:   396 Min:   102 Max:  1719 Err:     2 (6.67%) Active: 1 Started: 32 Finished: 31
2021-07-01 17:43:01,682 INFO o.a.j.r.Summariser: summary =   2741 in 00:14:05 =    3.2/s Avg:   667 Min:    34 Max:  5146 Err:    16 (0.58%)
2021-07-01 17:43:01,682 INFO o.a.j.t.JMeterThread: Stop Thread detected by thread: iSource_RaceConditionAuction 1-32
2021-07-01 17:43:01,683 INFO o.a.j.t.JMeterThread: Thread finished: iSource_RaceConditionAuction 1-32
2021-07-01 17:43:21,467 INFO o.a.j.t.JMeterThread: Thread started: iSource_RaceConditionAuction 1-33
2021-07-01 17:43:30,978 INFO o.a.j.r.Summariser: summary +     18 in 00:00:29 =    0.6/s Avg:   413 Min:   183 Max:  1003 Err:     1 (5.56%) Active: 1 Started: 33 Finished: 32
2021-07-01 17:43:30,978 INFO o.a.j.r.Summariser: summary =   2759 in 00:14:34 =    3.2/s Avg:   665 Min:    34 Max:  5146 Err:    17 (0.62%)
2021-07-01 17:43:30,978 INFO o.a.j.t.JMeterThread: Stop Thread detected by thread: iSource_RaceConditionAuction 1-33
2021-07-01 17:43:30,978 INFO o.a.j.t.JMeterThread: Thread finished: iSource_RaceConditionAuction 1-33
2021-07-01 17:43:48,487 INFO o.a.j.t.JMeterThread: Thread started: iSource_RaceConditionAuction 1-34
2021-07-01 17:43:56,431 INFO o.a.j.t.JMeterThread: Stop Thread detected by thread: iSource_RaceConditionAuction 1-34
2021-07-01 17:43:56,432 INFO o.a.j.t.JMeterThread: Thread finished: iSource_RaceConditionAuction 1-34
2021-07-01 17:44:15,505 INFO o.a.j.t.JMeterThread: Thread started: iSource_RaceConditionAuction 1-35
2021-07-01 17:44:27,841 INFO o.a.j.t.JMeterThread: Stop Thread detected by thread: iSource_RaceConditionAuction 1-35
2021-07-01 17:44:27,841 INFO o.a.j.t.JMeterThread: Thread finished: iSource_RaceConditionAuction 1-35
2021-07-01 17:44:42,525 INFO o.a.j.t.JMeterThread: Thread started: iSource_RaceConditionAuction 1-36
2021-07-01 17:44:55,652 INFO o.a.j.t.JMeterThread: Stop Thread detected by thread: iSource_RaceConditionAuction 1-36
2021-07-01 17:44:55,653 INFO o.a.j.t.JMeterThread: Thread finished: iSource_RaceConditionAuction 1-36
2021-07-01 17:45:09,543 INFO o.a.j.t.JMeterThread: Thread started: iSource_RaceConditionAuction 1-37
2021-07-01 17:45:24,016 INFO o.a.j.t.JMeterThread: Stop Thread detected by thread: iSource_RaceConditionAuction 1-37
2021-07-01 17:45:24,016 INFO o.a.j.t.JMeterThread: Thread finished: iSource_RaceConditionAuction 1-37
2021-07-01 17:45:36,560 INFO o.a.j.t.JMeterThread: Thread started: iSource_RaceConditionAuction 1-38
2021-07-01 17:46:00,583 INFO o.a.j.r.Summariser: summary +     90 in 00:02:30 =    0.6/s Avg:   685 Min:   124 Max:  3013 Err:     5 (5.56%) Active: 1 Started: 38 Finished: 37
2021-07-01 17:46:00,583 INFO o.a.j.r.Summariser: summary =   2849 in 00:17:04 =    2.8/s Avg:   666 Min:    34 Max:  5146 Err:    22 (0.77%)
2021-07-01 17:46:00,584 INFO o.a.j.t.JMeterThread: Stop Thread detected by thread: iSource_RaceConditionAuction 1-38
2021-07-01 17:46:00,584 INFO o.a.j.t.JMeterThread: Thread finished: iSource_RaceConditionAuction 1-38
2021-07-01 17:46:03,606 INFO o.a.j.t.JMeterThread: Thread started: iSource_RaceConditionAuction 1-39
2021-07-01 17:46:16,809 INFO o.a.j.t.JMeterThread: Stop Thread detected by thread: iSource_RaceConditionAuction 1-39
2021-07-01 17:46:16,810 INFO o.a.j.t.JMeterThread: Thread finished: iSource_RaceConditionAuction 1-39
2021-07-01 17:46:30,630 INFO o.a.j.t.JMeterThread: Thread started: iSource_RaceConditionAuction 1-40
2021-07-01 17:46:31,274 INFO o.a.j.r.Summariser: summary +     19 in 00:00:31 =    0.6/s Avg:   619 Min:   208 Max:  1566 Err:     1 (5.26%) Active: 1 Started: 40 Finished: 39
2021-07-01 17:46:31,274 INFO o.a.j.r.Summariser: summary =   2868 in 00:17:35 =    2.7/s Avg:   666 Min:    34 Max:  5146 Err:    23 (0.80%)
2021-07-01 17:46:38,849 INFO o.a.j.t.JMeterThread: Stop Thread detected by thread: iSource_RaceConditionAuction 1-40
2021-07-01 17:46:38,849 INFO o.a.j.t.JMeterThread: Thread finished: iSource_RaceConditionAuction 1-40
2021-07-01 17:46:57,636 INFO o.a.j.t.JMeterThread: Thread started: iSource_RaceConditionAuction 1-41
2021-07-01 17:47:00,002 INFO o.a.j.r.Summariser: summary +     23 in 00:00:29 =    0.8/s Avg:   341 Min:   157 Max:  1189 Err:     1 (4.35%) Active: 1 Started: 41 Finished: 40
2021-07-01 17:47:00,002 INFO o.a.j.r.Summariser: summary =   2891 in 00:18:03 =    2.7/s Avg:   663 Min:    34 Max:  5146 Err:    24 (0.83%)
2021-07-01 17:47:05,128 INFO o.a.j.t.JMeterThread: Stop Thread detected by thread: iSource_RaceConditionAuction 1-41
2021-07-01 17:47:05,128 INFO o.a.j.t.JMeterThread: Thread finished: iSource_RaceConditionAuction 1-41
2021-07-01 17:47:24,651 INFO o.a.j.t.JMeterThread: Thread started: iSource_RaceConditionAuction 1-42
2021-07-01 17:47:30,280 INFO o.a.j.r.Summariser: summary +     25 in 00:00:30 =    0.8/s Avg:   349 Min:   113 Max:  1327 Err:     1 (4.00%) Active: 1 Started: 42 Finished: 41
2021-07-01 17:47:30,280 INFO o.a.j.r.Summariser: summary =   2916 in 00:18:34 =    2.6/s Avg:   660 Min:    34 Max:  5146 Err:    25 (0.86%)
2021-07-01 17:47:33,822 INFO o.a.j.t.JMeterThread: Stop Thread detected by thread: iSource_RaceConditionAuction 1-42
2021-07-01 17:47:33,822 INFO o.a.j.t.JMeterThread: Thread finished: iSource_RaceConditionAuction 1-42
2021-07-01 17:47:51,667 INFO o.a.j.t.JMeterThread: Thread started: iSource_RaceConditionAuction 1-43
2021-07-01 17:47:56,976 INFO o.a.j.t.JMeterThread: Stop Thread detected by thread: iSource_RaceConditionAuction 1-43
2021-07-01 17:47:56,976 INFO o.a.j.t.JMeterThread: Thread finished: iSource_RaceConditionAuction 1-43
2021-07-01 17:48:18,683 INFO o.a.j.t.JMeterThread: Thread started: iSource_RaceConditionAuction 1-44
2021-07-01 17:48:27,940 INFO o.a.j.t.JMeterThread: Stop Thread detected by thread: iSource_RaceConditionAuction 1-44
2021-07-01 17:48:27,940 INFO o.a.j.t.JMeterThread: Thread finished: iSource_RaceConditionAuction 1-44
2021-07-01 17:48:45,697 INFO o.a.j.t.JMeterThread: Thread started: iSource_RaceConditionAuction 1-45
2021-07-01 17:48:52,225 INFO o.a.j.t.JMeterThread: Stop Thread detected by thread: iSource_RaceConditionAuction 1-45
2021-07-01 17:48:52,225 INFO o.a.j.t.JMeterThread: Thread finished: iSource_RaceConditionAuction 1-45
2021-07-01 17:49:12,715 INFO o.a.j.t.JMeterThread: Thread started: iSource_RaceConditionAuction 1-46
2021-07-01 17:49:17,453 INFO o.a.j.t.JMeterThread: Stop Thread detected by thread: iSource_RaceConditionAuction 1-46
2021-07-01 17:49:17,453 INFO o.a.j.t.JMeterThread: Thread finished: iSource_RaceConditionAuction 1-46
2021-07-01 17:49:39,730 INFO o.a.j.t.JMeterThread: Thread started: iSource_RaceConditionAuction 1-47
2021-07-01 17:49:43,989 INFO o.a.j.t.JMeterThread: Stop Thread detected by thread: iSource_RaceConditionAuction 1-47
2021-07-01 17:49:43,990 INFO o.a.j.t.JMeterThread: Thread finished: iSource_RaceConditionAuction 1-47
2021-07-01 17:50:06,744 INFO o.a.j.t.JMeterThread: Thread started: iSource_RaceConditionAuction 1-48
2021-07-01 17:50:11,742 INFO o.a.j.t.JMeterThread: Stop Thread detected by thread: iSource_RaceConditionAuction 1-48
2021-07-01 17:50:11,742 INFO o.a.j.t.JMeterThread: Thread finished: iSource_RaceConditionAuction 1-48
2021-07-01 17:50:33,772 INFO o.a.j.t.JMeterThread: Thread started: iSource_RaceConditionAuction 1-49
2021-07-01 17:50:33,888 INFO o.a.j.r.Summariser: summary +    114 in 00:03:04 =    0.6/s Avg:   213 Min:    42 Max:  1202 Err:     7 (6.14%) Active: 1 Started: 49 Finished: 48
2021-07-01 17:50:33,889 INFO o.a.j.r.Summariser: summary =   3030 in 00:21:37 =    2.3/s Avg:   644 Min:    34 Max:  5146 Err:    32 (1.06%)
2021-07-01 17:50:39,653 INFO o.a.j.t.JMeterThread: Stop Thread detected by thread: iSource_RaceConditionAuction 1-49
2021-07-01 17:50:39,654 INFO o.a.j.t.JMeterThread: Thread finished: iSource_RaceConditionAuction 1-49
2021-07-01 17:51:00,771 INFO o.a.j.t.JMeterThread: Thread started: iSource_RaceConditionAuction 1-50
2021-07-01 17:51:00,880 INFO o.a.j.r.Summariser: summary +     18 in 00:00:27 =    0.7/s Avg:   208 Min:    77 Max:   587 Err:     1 (5.56%) Active: 1 Started: 50 Finished: 49
2021-07-01 17:51:00,880 INFO o.a.j.r.Summariser: summary =   3048 in 00:22:04 =    2.3/s Avg:   641 Min:    34 Max:  5146 Err:    33 (1.08%)
2021-07-01 17:51:07,664 INFO o.a.j.t.JMeterThread: Stop Thread detected by thread: iSource_RaceConditionAuction 1-50
2021-07-01 17:51:07,664 INFO o.a.j.t.JMeterThread: Thread finished: iSource_RaceConditionAuction 1-50
2021-07-01 17:51:07,664 INFO o.a.j.e.StandardJMeterEngine: Notifying test listeners of end of test
2021-07-01 17:51:07,665 INFO o.a.j.r.Summariser: summary +     17 in 00:00:07 =    2.5/s Avg:   276 Min:    42 Max:   799 Err:     1 (5.88%) Active: 0 Started: 50 Finished: 50
2021-07-01 17:51:07,665 INFO o.a.j.r.Summariser: summary =   3065 in 00:22:11 =    2.3/s Avg:   639 Min:    34 Max:  5146 Err:    34 (1.11%)
2021-07-01 17:51:07,665 INFO o.a.j.JMeter: Generating Dashboard
2021-07-01 17:51:07,665 INFO o.a.j.r.d.ReportGenerator: Flushing result collector before report Generation
2021-07-01 17:51:07,679 INFO o.a.j.r.p.NormalizerSampleConsumer: Using format, 'ms', to parse timeStamp field
2021-07-01 17:51:07,846 INFO o.a.j.r.p.AbstractSampleConsumer: class org.apache.jmeter.report.processor.AggregateConsumer#stopProducing(): beginDate produced 0 samples
2021-07-01 17:51:07,846 INFO o.a.j.r.p.AbstractSampleConsumer: class org.apache.jmeter.report.processor.AggregateConsumer#stopProducing(): endDate produced 0 samples
2021-07-01 17:51:07,848 INFO o.a.j.r.p.AbstractSampleConsumer: class org.apache.jmeter.report.processor.ApdexSummaryConsumer#stopProducing(): apdexSummary produced 0 samples
2021-07-01 17:51:07,848 INFO o.a.j.r.p.AbstractSampleConsumer: class org.apache.jmeter.report.processor.RequestsSummaryConsumer#stopProducing(): requestsSummary produced 0 samples
2021-07-01 17:51:07,856 INFO o.a.j.r.p.AbstractSampleConsumer: class org.apache.jmeter.report.processor.StatisticsSummaryConsumer#stopProducing(): statisticsSummary produced 0 samples
2021-07-01 17:51:07,861 INFO o.a.j.r.p.AbstractSampleConsumer: class org.apache.jmeter.report.processor.Top5ErrorsBySamplerConsumer#stopProducing(): top5ErrorsBySampler produced 0 samples
2021-07-01 17:51:07,861 INFO o.a.j.r.p.AbstractSampleConsumer: class org.apache.jmeter.report.processor.ErrorsSummaryConsumer#stopProducing(): errorsSummary produced 0 samples
2021-07-01 17:51:07,861 INFO o.a.j.r.p.AbstractSampleConsumer: class org.apache.jmeter.report.processor.graph.impl.HitsPerSecondGraphConsumer#stopProducing(): hitsPerSecond produced 0 samples
2021-07-01 17:51:07,884 INFO o.a.j.r.p.AbstractSampleConsumer: class org.apache.jmeter.report.processor.graph.impl.LatencyVSRequestGraphConsumer#stopProducing(): latencyVsRequest produced 0 samples
2021-07-01 17:51:07,884 INFO o.a.j.r.p.AbstractSampleConsumer: class org.apache.jmeter.report.processor.graph.impl.SyntheticResponseTimeDistributionGraphConsumer#stopProducing(): syntheticResponseTimeDistribution produced 0 samples
2021-07-01 17:51:07,885 INFO o.a.j.r.p.AbstractSampleConsumer: class org.apache.jmeter.report.processor.graph.impl.BytesThroughputGraphConsumer#stopProducing(): bytesThroughputOverTime produced 0 samples
2021-07-01 17:51:07,885 INFO o.a.j.r.p.AbstractSampleConsumer: class org.apache.jmeter.report.processor.graph.impl.CodesPerSecondGraphConsumer#stopProducing(): codesPerSecond produced 0 samples
2021-07-01 17:51:07,908 INFO o.a.j.r.p.AbstractSampleConsumer: class org.apache.jmeter.report.processor.graph.impl.ResponseTimeVSRequestGraphConsumer#stopProducing(): responseTimeVsRequest produced 0 samples
2021-07-01 17:51:07,908 INFO o.a.j.r.p.AbstractSampleConsumer: class org.apache.jmeter.report.processor.FilterConsumer#stopProducing(): startIntervalControlerFilter produced 21455 samples
2021-07-01 17:51:07,908 INFO o.a.j.r.p.AbstractSampleConsumer: class org.apache.jmeter.report.processor.graph.impl.TotalTPSGraphConsumer#stopProducing(): totalTPS produced 0 samples
2021-07-01 17:51:07,908 INFO o.a.j.r.p.AbstractSampleConsumer: class org.apache.jmeter.report.processor.graph.impl.ActiveThreadsGraphConsumer#stopProducing(): activeThreadsOverTime produced 0 samples
2021-07-01 17:51:07,908 INFO o.a.j.r.p.AbstractSampleConsumer: class org.apache.jmeter.report.processor.graph.impl.TimeVSThreadGraphConsumer#stopProducing(): timeVsThreads produced 0 samples
2021-07-01 17:51:07,914 INFO o.a.j.r.p.AbstractSampleConsumer: class org.apache.jmeter.report.processor.graph.impl.ResponseTimeDistributionGraphConsumer#stopProducing(): responseTimeDistribution produced 0 samples
2021-07-01 17:51:07,915 INFO o.a.j.r.p.AbstractSampleConsumer: class org.apache.jmeter.report.processor.graph.impl.TransactionsPerSecondGraphConsumer#stopProducing(): transactionsPerSecond produced 0 samples
2021-07-01 17:51:07,916 INFO o.a.j.r.p.AbstractSampleConsumer: class org.apache.jmeter.report.processor.graph.impl.ResponseTimePercentilesGraphConsumer#stopProducing(): responseTimePercentiles produced 0 samples
2021-07-01 17:51:07,929 INFO o.a.j.r.p.AbstractSampleConsumer: class org.apache.jmeter.report.processor.graph.impl.ResponseTimePercentilesOverTimeGraphConsumer#stopProducing(): responseTimePercentilesOverTime produced 0 samples
2021-07-01 17:51:07,930 INFO o.a.j.r.p.AbstractSampleConsumer: class org.apache.jmeter.report.processor.graph.impl.ResponseTimeOverTimeGraphConsumer#stopProducing(): responseTimesOverTime produced 0 samples
2021-07-01 17:51:07,931 INFO o.a.j.r.p.AbstractSampleConsumer: class org.apache.jmeter.report.processor.graph.impl.ConnectTimeOverTimeGraphConsumer#stopProducing(): connectTimeOverTime produced 0 samples
2021-07-01 17:51:07,932 INFO o.a.j.r.p.AbstractSampleConsumer: class org.apache.jmeter.report.processor.graph.impl.LatencyOverTimeGraphConsumer#stopProducing(): latenciesOverTime produced 0 samples
2021-07-01 17:51:07,933 INFO o.a.j.r.p.AbstractSampleConsumer: class org.apache.jmeter.report.processor.FilterConsumer#stopProducing(): nameFilter produced 52065 samples
2021-07-01 17:51:07,933 INFO o.a.j.r.p.AbstractSampleConsumer: class org.apache.jmeter.report.processor.FilterConsumer#stopProducing(): dateRangeFilter produced 10413 samples
2021-07-01 17:51:07,934 INFO o.a.j.r.p.AbstractSampleConsumer: class org.apache.jmeter.report.processor.NormalizerSampleConsumer#stopProducing(): normalizer produced 3471 samples
2021-07-01 17:51:07,934 INFO o.a.j.r.p.CsvFileSampleSource: produce(): 3471 samples produced in 238ms on channel 0
2021-07-01 17:51:07,934 INFO o.a.j.r.d.ReportGenerator: Exporting data using exporter:'json' of className:'org.apache.jmeter.report.dashboard.JsonExporter'
2021-07-01 17:51:07,935 INFO o.a.j.r.d.JsonExporter: Found data for consumer statisticsSummary in context
2021-07-01 17:51:07,935 INFO o.a.j.r.d.JsonExporter: Creating statistics for overall
2021-07-01 17:51:07,936 INFO o.a.j.r.d.JsonExporter: Creating statistics for other transactions
2021-07-01 17:51:07,937 INFO o.a.j.r.d.JsonExporter: Checking output folder
2021-07-01 17:51:07,939 INFO o.a.j.r.d.JsonExporter: Writing statistics JSON to C:\xampp\htdocs\PerformancePostgres\L0_iSource_50_RaceConditionAuction_2021-07-01_32\statistics.json
2021-07-01 17:51:08,061 INFO o.a.j.r.d.ReportGenerator: Exporting data using exporter:'html' of className:'org.apache.jmeter.report.dashboard.HtmlTemplateExporter'
2021-07-01 17:51:08,063 INFO o.a.j.r.d.HtmlTemplateExporter: Will generate dashboard in folder: C:\xampp\htdocs\PerformancePostgres\L0_iSource_50_RaceConditionAuction_2021-07-01_32
2021-07-01 17:51:08,277 INFO o.a.j.r.d.HtmlTemplateExporter: Report will be generated in: C:\xampp\htdocs\PerformancePostgres\L0_iSource_50_RaceConditionAuction_2021-07-01_32, creating folder structure
2021-07-01 17:51:08,281 INFO o.a.j.r.d.TemplateVisitor: Copying folder from 'D:\apache-jmeter-5.1\apache-jmeter-5.1\bin\report-template' to 'C:\xampp\htdocs\PerformancePostgres\L0_iSource_50_RaceConditionAuction_2021-07-01_32', got message:[C:\xampp\htdocs\PerformancePostgres\L0_iSource_50_RaceConditionAuction_2021-07-01_32\statistics.json], found non empty folder with following content {}, will be ignored
2021-07-01 17:51:09,037 INFO o.a.j.JMeter: Dashboard generated
