2021-07-16 15:11:56,376 INFO o.a.j.u.JMeterUtils: Setting Locale to en_EN
2021-07-16 15:11:56,387 INFO o.a.j.JMeter: Loading user properties from: user.properties
2021-07-16 15:11:56,387 INFO o.a.j.JMeter: Loading system properties from: system.properties
2021-07-16 15:11:56,387 INFO o.a.j.JMeter: Setting JMeter property: meter.reportgenerator.report_title=RaceConditionAuction
2021-07-16 15:11:56,387 INFO o.a.j.JMeter: Setting JMeter property: thread=50
2021-07-16 15:11:56,387 INFO o.a.j.JMeter: Setting JMeter property: rampup=900
2021-07-16 15:11:56,391 INFO o.a.j.JMeter: Copyright (c) 1998-2019 The Apache Software Foundation
2021-07-16 15:11:56,391 INFO o.a.j.JMeter: Version 5.1 r1853635
2021-07-16 15:11:56,391 INFO o.a.j.JMeter: java.version=1.8.0_121
2021-07-16 15:11:56,391 INFO o.a.j.JMeter: java.vm.name=Java HotSpot(TM) 64-Bit Server VM
2021-07-16 15:11:56,391 INFO o.a.j.JMeter: os.name=Windows 10
2021-07-16 15:11:56,391 INFO o.a.j.JMeter: os.arch=amd64
2021-07-16 15:11:56,391 INFO o.a.j.JMeter: os.version=10.0
2021-07-16 15:11:56,391 INFO o.a.j.JMeter: file.encoding=Cp1252
2021-07-16 15:11:56,392 INFO o.a.j.JMeter: java.awt.headless=true
2021-07-16 15:11:56,392 INFO o.a.j.JMeter: Max memory     =8589934592
2021-07-16 15:11:56,392 INFO o.a.j.JMeter: Available Processors =6
2021-07-16 15:11:56,394 INFO o.a.j.JMeter: Default Locale=English (EN)
2021-07-16 15:11:56,395 INFO o.a.j.JMeter: JMeter  Locale=English (EN)
2021-07-16 15:11:56,395 INFO o.a.j.JMeter: JMeterHome=D:\apache-jmeter-5.1\apache-jmeter-5.1
2021-07-16 15:11:56,395 INFO o.a.j.JMeter: user.dir  =D:\apache-jmeter-5.1\apache-jmeter-5.1\bin
2021-07-16 15:11:56,395 INFO o.a.j.JMeter: PWD       =D:\apache-jmeter-5.1\apache-jmeter-5.1\bin
2021-07-16 15:11:56,396 INFO o.a.j.JMeter: IP: 172.30.225.123 Name: ZIPLSY2278 FullName: ZIPLSY2278.zycus.net
2021-07-16 15:11:56,398 INFO o.a.j.JMeter: Setting property 'jmeter.reportgenerator.outputdir' to:'C:\xampp\htdocs\PerformancePostgres\L0_iSource_50_RaceConditionAuction_2021-07-16_40'
2021-07-16 15:11:56,399 INFO o.a.j.s.FileServer: Default base='D:\apache-jmeter-5.1\apache-jmeter-5.1\bin'
2021-07-16 15:11:56,402 INFO o.a.j.s.FileServer: Set new base='D:\PostrgresMigration\iSource'
2021-07-16 15:11:56,495 INFO o.a.j.s.SaveService: Testplan (JMX) version: 2.2. Testlog (JTL) version: 2.2
2021-07-16 15:11:56,505 INFO o.a.j.s.SaveService: Using SaveService properties file encoding UTF-8
2021-07-16 15:11:56,509 INFO o.a.j.s.SaveService: Using SaveService properties version 5.0
2021-07-16 15:11:56,513 INFO o.a.j.s.SaveService: Loading file: D:\PostrgresMigration\iSource\iSource_RaceConditionAuction.jmx
2021-07-16 15:11:56,572 INFO o.a.j.p.h.c.CookieManager: Settings: Delete null: true Check: true Allow variable: true Save: false Prefix: COOKIE_
2021-07-16 15:11:56,578 INFO o.a.j.p.h.c.CacheManager: Will only cache the following methods: [GET]
2021-07-16 15:11:56,585 INFO o.a.j.p.h.s.HTTPSamplerBase: Parser for text/html is org.apache.jmeter.protocol.http.parser.LagartoBasedHtmlParser
2021-07-16 15:11:56,585 INFO o.a.j.p.h.s.HTTPSamplerBase: Parser for application/xhtml+xml is org.apache.jmeter.protocol.http.parser.LagartoBasedHtmlParser
2021-07-16 15:11:56,586 INFO o.a.j.p.h.s.HTTPSamplerBase: Parser for application/xml is org.apache.jmeter.protocol.http.parser.LagartoBasedHtmlParser
2021-07-16 15:11:56,586 INFO o.a.j.p.h.s.HTTPSamplerBase: Parser for text/xml is org.apache.jmeter.protocol.http.parser.LagartoBasedHtmlParser
2021-07-16 15:11:56,586 INFO o.a.j.p.h.s.HTTPSamplerBase: Parser for text/vnd.wap.wml is org.apache.jmeter.protocol.http.parser.RegexpHTMLParser
2021-07-16 15:11:56,586 INFO o.a.j.p.h.s.HTTPSamplerBase: Parser for text/css is org.apache.jmeter.protocol.http.parser.CssParser
2021-07-16 15:11:56,781 INFO o.a.j.JMeter: Creating summariser <summary>
2021-07-16 15:11:56,786 INFO o.a.j.r.d.ReportGenerator: ReportGenerator will use for Parsing the separator: ','
2021-07-16 15:11:56,786 INFO o.a.j.r.d.ReportGenerator: Will generate report at end of test from  results file: D:\PostrgresMigration\iSource\JTL\L0_iSource_50_RaceConditionAuction_2021-07-16_40.jtl
2021-07-16 15:11:56,786 INFO o.a.j.r.d.ReportGenerator: Reading report generator properties from: D:\apache-jmeter-5.1\apache-jmeter-5.1\bin\reportgenerator.properties
2021-07-16 15:11:56,787 INFO o.a.j.r.d.ReportGenerator: Merging with JMeter properties
2021-07-16 15:11:56,791 INFO o.a.j.r.c.ReportGeneratorConfiguration: Property 'jmeter.reportgenerator.temp_dir' not found, using default value 'temp' instead.
2021-07-16 15:11:56,793 INFO o.a.j.r.c.ReportGeneratorConfiguration: Property 'jmeter.reportgenerator.apdex_per_transaction' not found, using default value 'null' instead.
2021-07-16 15:11:56,793 INFO o.a.j.r.c.ReportGeneratorConfiguration: apdex_per_transaction : {} is empty, not APDEX per transaction customization
2021-07-16 15:11:56,794 INFO o.a.j.r.c.ReportGeneratorConfiguration: Property 'jmeter.reportgenerator.sample_filter' not found, using default value 'null' instead.
2021-07-16 15:11:56,794 INFO o.a.j.r.c.ReportGeneratorConfiguration: Property 'jmeter.reportgenerator.report_title' not found, using default value 'null' instead.
2021-07-16 15:11:56,794 INFO o.a.j.r.c.ReportGeneratorConfiguration: Property 'jmeter.reportgenerator.start_date' not found, using default value 'null' instead.
2021-07-16 15:11:56,794 INFO o.a.j.r.c.ReportGeneratorConfiguration: Property 'jmeter.reportgenerator.end_date' not found, using default value 'null' instead.
2021-07-16 15:11:56,794 INFO o.a.j.r.c.ReportGeneratorConfiguration: Property 'jmeter.reportgenerator.date_format' not found, using default value 'null' instead.
2021-07-16 15:11:56,794 INFO o.a.j.r.c.ReportGeneratorConfiguration: Will use date range start date: null, end date: null
2021-07-16 15:11:56,797 INFO o.a.j.r.c.ReportGeneratorConfiguration: Property 'jmeter.reportgenerator.graph.totalTPS.exclude_controllers' not found, using default value 'false' instead.
2021-07-16 15:11:56,797 INFO o.a.j.r.c.ReportGeneratorConfiguration: Property 'jmeter.reportgenerator.graph.activeThreadsOverTime.exclude_controllers' not found, using default value 'false' instead.
2021-07-16 15:11:56,798 INFO o.a.j.r.c.ReportGeneratorConfiguration: Property 'jmeter.reportgenerator.graph.timeVsThreads.exclude_controllers' not found, using default value 'false' instead.
2021-07-16 15:11:56,798 INFO o.a.j.r.c.ReportGeneratorConfiguration: Property 'jmeter.reportgenerator.graph.responseTimeDistribution.exclude_controllers' not found, using default value 'false' instead.
2021-07-16 15:11:56,798 INFO o.a.j.r.c.ReportGeneratorConfiguration: Property 'jmeter.reportgenerator.graph.transactionsPerSecond.exclude_controllers' not found, using default value 'false' instead.
2021-07-16 15:11:56,798 INFO o.a.j.r.c.ReportGeneratorConfiguration: Property 'jmeter.reportgenerator.graph.responseTimePercentiles.exclude_controllers' not found, using default value 'false' instead.
2021-07-16 15:11:56,798 INFO o.a.j.r.c.ReportGeneratorConfiguration: Property 'jmeter.reportgenerator.graph.responseTimePercentilesOverTime.exclude_controllers' not found, using default value 'false' instead.
2021-07-16 15:11:56,798 INFO o.a.j.r.c.ReportGeneratorConfiguration: Property 'jmeter.reportgenerator.graph.responseTimesOverTime.exclude_controllers' not found, using default value 'false' instead.
2021-07-16 15:11:56,798 INFO o.a.j.r.c.ReportGeneratorConfiguration: Property 'jmeter.reportgenerator.graph.connectTimeOverTime.exclude_controllers' not found, using default value 'false' instead.
2021-07-16 15:11:56,798 INFO o.a.j.r.c.ReportGeneratorConfiguration: Property 'jmeter.reportgenerator.graph.latenciesOverTime.exclude_controllers' not found, using default value 'false' instead.
2021-07-16 15:11:56,799 INFO o.a.j.r.c.ReportGeneratorConfiguration: Property 'jmeter.reportgenerator.exporter.json.filters_only_sample_series' not found, using default value 'true' instead.
2021-07-16 15:11:56,799 INFO o.a.j.r.c.ReportGeneratorConfiguration: Property 'jmeter.reportgenerator.exporter.json.series_filter' not found, using default value '' instead.
2021-07-16 15:11:56,799 INFO o.a.j.r.c.ReportGeneratorConfiguration: Property 'jmeter.reportgenerator.exporter.json.show_controllers_only' not found, using default value 'false' instead.
2021-07-16 15:11:56,799 INFO o.a.j.r.c.ReportGeneratorConfiguration: Property 'jmeter.reportgenerator.exporter.html.filters_only_sample_series' not found, using default value 'true' instead.
2021-07-16 15:11:56,799 INFO o.a.j.r.c.ReportGeneratorConfiguration: Property 'jmeter.reportgenerator.exporter.html.series_filter' not found, using default value '' instead.
2021-07-16 15:11:56,800 INFO o.a.j.r.c.ReportGeneratorConfiguration: Property 'jmeter.reportgenerator.exporter.html.show_controllers_only' not found, using default value 'false' instead.
2021-07-16 15:11:56,803 INFO o.a.j.e.StandardJMeterEngine: Running the test!
2021-07-16 15:11:56,803 INFO o.a.j.s.SampleEvent: List of sample_variables: []
2021-07-16 15:11:56,804 INFO o.a.j.s.SampleEvent: List of sample_variables: []
2021-07-16 15:11:56,808 INFO o.a.j.e.u.CompoundVariable: Note: Function class names must contain the string: '.functions.'
2021-07-16 15:11:56,808 INFO o.a.j.e.u.CompoundVariable: Note: Function class names must not contain the string: '.gui.'
2021-07-16 15:11:57,205 INFO o.a.j.JMeter: Running test (1626428517205)
2021-07-16 15:11:57,305 INFO o.a.j.e.StandardJMeterEngine: Starting ThreadGroup: 1 : iSource_RaceConditionAuction
2021-07-16 15:11:57,306 INFO o.a.j.e.StandardJMeterEngine: Starting 50 threads for group iSource_RaceConditionAuction.
2021-07-16 15:11:57,306 INFO o.a.j.e.StandardJMeterEngine: Thread will stop on error
2021-07-16 15:11:57,306 INFO o.a.j.t.ThreadGroup: Starting thread group... number=1 threads=50 ramp-up=900 perThread=18000.0 delayedStart=false
2021-07-16 15:11:57,344 INFO o.a.j.s.SampleResult: Note: Sample TimeStamps are START times
2021-07-16 15:11:57,344 INFO o.a.j.s.SampleResult: sampleresult.default.encoding is set to ISO-8859-1
2021-07-16 15:11:57,344 INFO o.a.j.s.SampleResult: sampleresult.useNanoTime=true
2021-07-16 15:11:57,344 INFO o.a.j.s.SampleResult: sampleresult.nanoThreadSleep=5000
2021-07-16 15:11:57,353 INFO o.a.j.t.JMeterThread: Thread started: iSource_RaceConditionAuction 1-1
2021-07-16 15:11:57,371 INFO o.a.j.p.h.s.HTTPHCAbstractImpl: Local host = ZIPLSY2278
2021-07-16 15:11:57,378 INFO o.a.j.p.h.s.HTTPHC4Impl: HTTP request retry count = 0
2021-07-16 15:11:57,465 INFO o.a.j.p.h.s.h.LazyLayeredConnectionSocketFactory: Setting up HTTPS TrustAll Socket Factory
2021-07-16 15:11:57,471 INFO o.a.j.u.JsseSSLManager: Using default SSL protocol: TLS
2021-07-16 15:11:57,471 INFO o.a.j.u.JsseSSLManager: SSL session context: per-thread
2021-07-16 15:11:57,987 INFO o.a.j.u.SSLManager: JmeterKeyStore Location:  type JKS
2021-07-16 15:11:57,990 INFO o.a.j.u.SSLManager: KeyStore created OK
2021-07-16 15:11:57,990 WARN o.a.j.u.SSLManager: Keystore file not found, loading empty keystore
2021-07-16 15:11:58,605 INFO o.a.j.t.ThreadGroup: Started thread group number 1
2021-07-16 15:11:58,605 INFO o.a.j.e.StandardJMeterEngine: All thread groups have been started
2021-07-16 15:12:00,025 INFO o.a.j.r.Summariser: summary +      5 in 00:00:03 =    1.8/s Avg:   515 Min:    31 Max:  1419 Err:     0 (0.00%) Active: 1 Started: 1 Finished: 0
2021-07-16 15:12:15,388 INFO o.a.j.t.JMeterThread: Thread started: iSource_RaceConditionAuction 1-2
2021-07-16 15:12:33,433 INFO o.a.j.t.JMeterThread: Thread started: iSource_RaceConditionAuction 1-3
2021-07-16 15:12:33,714 INFO o.a.j.r.Summariser: summary +     45 in 00:00:34 =    1.3/s Avg:   763 Min:    38 Max: 18399 Err:     0 (0.00%) Active: 3 Started: 3 Finished: 0
2021-07-16 15:12:33,715 INFO o.a.j.r.Summariser: summary =     50 in 00:00:37 =    1.4/s Avg:   738 Min:    31 Max: 18399 Err:     0 (0.00%)
2021-07-16 15:12:51,464 INFO o.a.j.t.JMeterThread: Thread started: iSource_RaceConditionAuction 1-4
2021-07-16 15:13:00,103 INFO o.a.j.r.Summariser: summary +     66 in 00:00:26 =    2.5/s Avg:   989 Min:    19 Max: 18781 Err:     0 (0.00%) Active: 4 Started: 4 Finished: 0
2021-07-16 15:13:00,104 INFO o.a.j.r.Summariser: summary =    116 in 00:01:03 =    1.8/s Avg:   881 Min:    19 Max: 18781 Err:     0 (0.00%)
2021-07-16 15:13:09,496 INFO o.a.j.t.JMeterThread: Thread started: iSource_RaceConditionAuction 1-5
2021-07-16 15:13:27,525 INFO o.a.j.t.JMeterThread: Thread started: iSource_RaceConditionAuction 1-6
2021-07-16 15:13:30,033 INFO o.a.j.r.Summariser: summary +     95 in 00:00:30 =    3.2/s Avg:  1183 Min:    13 Max: 18505 Err:     0 (0.00%) Active: 6 Started: 6 Finished: 0
2021-07-16 15:13:30,034 INFO o.a.j.r.Summariser: summary =    211 in 00:01:33 =    2.3/s Avg:  1017 Min:    13 Max: 18781 Err:     0 (0.00%)
2021-07-16 15:13:45,552 INFO o.a.j.t.JMeterThread: Thread started: iSource_RaceConditionAuction 1-7
2021-07-16 15:14:00,131 INFO o.a.j.r.Summariser: summary +    133 in 00:00:30 =    4.4/s Avg:  1128 Min:    36 Max: 19255 Err:     0 (0.00%) Active: 7 Started: 7 Finished: 0
2021-07-16 15:14:00,131 INFO o.a.j.r.Summariser: summary =    344 in 00:02:03 =    2.8/s Avg:  1060 Min:    13 Max: 19255 Err:     0 (0.00%)
2021-07-16 15:14:03,578 INFO o.a.j.t.JMeterThread: Thread started: iSource_RaceConditionAuction 1-8
2021-07-16 15:14:21,602 INFO o.a.j.t.JMeterThread: Thread started: iSource_RaceConditionAuction 1-9
2021-07-16 15:14:30,228 INFO o.a.j.r.Summariser: summary +    174 in 00:00:30 =    5.8/s Avg:  1048 Min:    22 Max: 19201 Err:     0 (0.00%) Active: 9 Started: 9 Finished: 0
2021-07-16 15:14:30,229 INFO o.a.j.r.Summariser: summary =    518 in 00:02:33 =    3.4/s Avg:  1056 Min:    13 Max: 19255 Err:     0 (0.00%)
2021-07-16 15:14:39,624 INFO o.a.j.t.JMeterThread: Thread started: iSource_RaceConditionAuction 1-10
2021-07-16 15:14:57,651 INFO o.a.j.t.JMeterThread: Thread started: iSource_RaceConditionAuction 1-11
2021-07-16 15:15:00,161 INFO o.a.j.r.Summariser: summary +    194 in 00:00:30 =    6.5/s Avg:  1210 Min:    22 Max: 20990 Err:     0 (0.00%) Active: 11 Started: 11 Finished: 0
2021-07-16 15:15:00,162 INFO o.a.j.r.Summariser: summary =    712 in 00:03:03 =    3.9/s Avg:  1098 Min:    13 Max: 20990 Err:     0 (0.00%)
2021-07-16 15:15:07,156 INFO o.a.j.u.BeanShellTestElement: Loadtest104@zycus.com,PostFix RaceCondition_756,1310652553,1626429717101,1626430317101
2021-07-16 15:15:10,215 INFO o.a.j.t.JMeterThread: Thread is done: iSource_RaceConditionAuction 1-1
2021-07-16 15:15:10,215 INFO o.a.j.t.JMeterThread: Thread finished: iSource_RaceConditionAuction 1-1
2021-07-16 15:15:15,673 INFO o.a.j.t.JMeterThread: Thread started: iSource_RaceConditionAuction 1-12
2021-07-16 15:15:20,646 INFO o.a.j.u.BeanShellTestElement: Loadtest104@zycus.com,PostFix RaceCondition_280,1310652753,1626429717101,1626430317101
2021-07-16 15:15:23,706 INFO o.a.j.t.JMeterThread: Thread is done: iSource_RaceConditionAuction 1-2
2021-07-16 15:15:23,706 INFO o.a.j.t.JMeterThread: Thread finished: iSource_RaceConditionAuction 1-2
2021-07-16 15:15:26,839 INFO o.a.j.t.JMeterThread: Stop Thread detected by thread: iSource_RaceConditionAuction 1-9
2021-07-16 15:15:26,839 INFO o.a.j.t.JMeterThread: Thread finished: iSource_RaceConditionAuction 1-9
2021-07-16 15:15:30,052 INFO o.a.j.r.Summariser: summary +    220 in 00:00:30 =    7.4/s Avg:  1111 Min:    23 Max: 19391 Err:     1 (0.45%) Active: 9 Started: 12 Finished: 3
2021-07-16 15:15:30,053 INFO o.a.j.r.Summariser: summary =    932 in 00:03:33 =    4.4/s Avg:  1101 Min:    13 Max: 20990 Err:     1 (0.11%)
2021-07-16 15:15:33,695 INFO o.a.j.t.JMeterThread: Thread started: iSource_RaceConditionAuction 1-13
2021-07-16 15:15:42,371 INFO o.a.j.u.BeanShellTestElement: Loadtest104@zycus.com,PostFix RaceCondition_1121,1310652953,1626429717101,1626430317101
2021-07-16 15:15:45,406 INFO o.a.j.t.JMeterThread: Thread is done: iSource_RaceConditionAuction 1-3
2021-07-16 15:15:45,406 INFO o.a.j.t.JMeterThread: Thread finished: iSource_RaceConditionAuction 1-3
2021-07-16 15:15:51,720 INFO o.a.j.t.JMeterThread: Thread started: iSource_RaceConditionAuction 1-14
2021-07-16 15:16:00,160 INFO o.a.j.r.Summariser: summary +    208 in 00:00:30 =    6.9/s Avg:  1079 Min:    18 Max: 19947 Err:     0 (0.00%) Active: 10 Started: 14 Finished: 4
2021-07-16 15:16:00,161 INFO o.a.j.r.Summariser: summary =   1140 in 00:04:03 =    4.7/s Avg:  1097 Min:    13 Max: 20990 Err:     1 (0.09%)
2021-07-16 15:16:03,320 INFO o.a.j.u.BeanShellTestElement: Loadtest104@zycus.com,PostFix RaceCondition_4474,1310653153,1626429717101,1626430317101
2021-07-16 15:16:06,416 INFO o.a.j.t.JMeterThread: Thread is done: iSource_RaceConditionAuction 1-4
2021-07-16 15:16:06,416 INFO o.a.j.t.JMeterThread: Thread finished: iSource_RaceConditionAuction 1-4
2021-07-16 15:16:09,742 INFO o.a.j.t.JMeterThread: Thread started: iSource_RaceConditionAuction 1-15
2021-07-16 15:16:13,757 INFO o.a.j.u.BeanShellTestElement: Loadtest104@zycus.com,PostFix RaceCondition_540,1310652754,1626429717101,1626430317101
2021-07-16 15:16:16,847 INFO o.a.j.t.JMeterThread: Thread is done: iSource_RaceConditionAuction 1-5
2021-07-16 15:16:16,847 INFO o.a.j.t.JMeterThread: Thread finished: iSource_RaceConditionAuction 1-5
2021-07-16 15:16:27,781 INFO o.a.j.t.JMeterThread: Thread started: iSource_RaceConditionAuction 1-16
2021-07-16 15:16:30,254 INFO o.a.j.r.Summariser: summary +    186 in 00:00:30 =    6.2/s Avg:  1159 Min:    16 Max: 19685 Err:     0 (0.00%) Active: 10 Started: 16 Finished: 6
2021-07-16 15:16:30,254 INFO o.a.j.r.Summariser: summary =   1326 in 00:04:33 =    4.9/s Avg:  1106 Min:    13 Max: 20990 Err:     1 (0.08%)
2021-07-16 15:16:39,245 INFO o.a.j.u.BeanShellTestElement: Loadtest104@zycus.com,PostFix RaceCondition_3713,1310648555,1626429717101,1626430317101
2021-07-16 15:16:42,280 INFO o.a.j.t.JMeterThread: Thread is done: iSource_RaceConditionAuction 1-6
2021-07-16 15:16:42,280 INFO o.a.j.t.JMeterThread: Thread finished: iSource_RaceConditionAuction 1-6
2021-07-16 15:16:45,789 INFO o.a.j.t.JMeterThread: Thread started: iSource_RaceConditionAuction 1-17
2021-07-16 15:16:58,736 INFO o.a.j.u.BeanShellTestElement: Loadtest104@zycus.com,PostFix RaceCondition_3576,1310653353,1626429717101,1626430317101
2021-07-16 15:17:00,046 INFO o.a.j.r.Summariser: summary +    203 in 00:00:30 =    6.8/s Avg:  1192 Min:    29 Max: 18938 Err:     0 (0.00%) Active: 10 Started: 17 Finished: 7
2021-07-16 15:17:00,046 INFO o.a.j.r.Summariser: summary =   1529 in 00:05:03 =    5.0/s Avg:  1117 Min:    13 Max: 20990 Err:     1 (0.07%)
2021-07-16 15:17:01,753 INFO o.a.j.t.JMeterThread: Thread is done: iSource_RaceConditionAuction 1-7
2021-07-16 15:17:01,753 INFO o.a.j.t.JMeterThread: Thread finished: iSource_RaceConditionAuction 1-7
2021-07-16 15:17:03,812 INFO o.a.j.t.JMeterThread: Thread started: iSource_RaceConditionAuction 1-18
2021-07-16 15:17:16,692 INFO o.a.j.u.BeanShellTestElement: Loadtest104@zycus.com,PostFix RaceCondition_619,1310649556,1626429717101,1626430317101
2021-07-16 15:17:19,786 INFO o.a.j.t.JMeterThread: Thread is done: iSource_RaceConditionAuction 1-8
2021-07-16 15:17:19,786 INFO o.a.j.t.JMeterThread: Thread finished: iSource_RaceConditionAuction 1-8
2021-07-16 15:17:21,834 INFO o.a.j.t.JMeterThread: Thread started: iSource_RaceConditionAuction 1-19
2021-07-16 15:17:30,087 INFO o.a.j.r.Summariser: summary +    204 in 00:00:30 =    6.8/s Avg:  1075 Min:    14 Max: 19642 Err:     0 (0.00%) Active: 10 Started: 19 Finished: 9
2021-07-16 15:17:30,087 INFO o.a.j.r.Summariser: summary =   1733 in 00:05:33 =    5.2/s Avg:  1112 Min:    13 Max: 20990 Err:     1 (0.06%)
2021-07-16 15:17:39,858 INFO o.a.j.t.JMeterThread: Thread started: iSource_RaceConditionAuction 1-20
2021-07-16 15:17:51,761 INFO o.a.j.u.BeanShellTestElement: Loadtest104@zycus.com,PostFix RaceCondition_3979,1310651156,1626429717101,1626430317101
2021-07-16 15:17:54,777 INFO o.a.j.t.JMeterThread: Thread is done: iSource_RaceConditionAuction 1-10
2021-07-16 15:17:54,777 INFO o.a.j.t.JMeterThread: Thread finished: iSource_RaceConditionAuction 1-10
2021-07-16 15:17:57,881 INFO o.a.j.t.JMeterThread: Thread started: iSource_RaceConditionAuction 1-21
2021-07-16 15:18:00,349 INFO o.a.j.r.Summariser: summary +    222 in 00:00:30 =    7.3/s Avg:  1109 Min:    15 Max: 19353 Err:     0 (0.00%) Active: 11 Started: 21 Finished: 10
2021-07-16 15:18:00,350 INFO o.a.j.r.Summariser: summary =   1955 in 00:06:03 =    5.4/s Avg:  1112 Min:    13 Max: 20990 Err:     1 (0.05%)
2021-07-16 15:18:03,165 INFO o.a.j.u.BeanShellTestElement: Loadtest104@zycus.com,PostFix RaceCondition_1541,1310647757,1626429717101,1626430317101
2021-07-16 15:18:06,192 INFO o.a.j.t.JMeterThread: Thread is done: iSource_RaceConditionAuction 1-11
2021-07-16 15:18:06,192 INFO o.a.j.t.JMeterThread: Thread finished: iSource_RaceConditionAuction 1-11
2021-07-16 15:18:15,906 INFO o.a.j.t.JMeterThread: Thread started: iSource_RaceConditionAuction 1-22
2021-07-16 15:18:26,066 INFO o.a.j.u.BeanShellTestElement: Loadtest104@zycus.com,PostFix RaceCondition_4687,1310647157,1626429717101,1626430317101
2021-07-16 15:18:29,124 INFO o.a.j.t.JMeterThread: Thread is done: iSource_RaceConditionAuction 1-12
2021-07-16 15:18:29,124 INFO o.a.j.t.JMeterThread: Thread finished: iSource_RaceConditionAuction 1-12
2021-07-16 15:18:30,045 INFO o.a.j.r.Summariser: summary +    220 in 00:00:30 =    7.4/s Avg:  1150 Min:    19 Max: 18516 Err:     0 (0.00%) Active: 10 Started: 22 Finished: 12
2021-07-16 15:18:30,045 INFO o.a.j.r.Summariser: summary =   2175 in 00:06:33 =    5.5/s Avg:  1116 Min:    13 Max: 20990 Err:     1 (0.05%)
2021-07-16 15:18:33,931 INFO o.a.j.t.JMeterThread: Thread started: iSource_RaceConditionAuction 1-23
2021-07-16 15:18:42,155 INFO o.a.j.u.BeanShellTestElement: Loadtest104@zycus.com,PostFix RaceCondition_2722,1310653553,1626429717101,1626430317101
2021-07-16 15:18:45,242 INFO o.a.j.t.JMeterThread: Thread is done: iSource_RaceConditionAuction 1-13
2021-07-16 15:18:45,242 INFO o.a.j.t.JMeterThread: Thread finished: iSource_RaceConditionAuction 1-13
2021-07-16 15:18:52,065 INFO o.a.j.t.JMeterThread: Thread started: iSource_RaceConditionAuction 1-24
2021-07-16 15:18:57,616 INFO o.a.j.u.BeanShellTestElement: Loadtest104@zycus.com,PostFix RaceCondition_3665,1310653554,1626429717101,1626430317101
2021-07-16 15:19:00,133 INFO o.a.j.r.Summariser: summary +    226 in 00:00:30 =    7.5/s Avg:  1054 Min:    16 Max: 19033 Err:     0 (0.00%) Active: 11 Started: 24 Finished: 13
2021-07-16 15:19:00,134 INFO o.a.j.r.Summariser: summary =   2401 in 00:07:03 =    5.7/s Avg:  1110 Min:    13 Max: 20990 Err:     1 (0.04%)
2021-07-16 15:19:00,678 INFO o.a.j.t.JMeterThread: Thread is done: iSource_RaceConditionAuction 1-14
2021-07-16 15:19:00,678 INFO o.a.j.t.JMeterThread: Thread finished: iSource_RaceConditionAuction 1-14
2021-07-16 15:19:10,062 INFO o.a.j.t.JMeterThread: Thread started: iSource_RaceConditionAuction 1-25
2021-07-16 15:19:18,066 INFO o.a.j.u.BeanShellTestElement: Loadtest104@zycus.com,PostFix RaceCondition_1371,1310648556,1626429717101,1626430317101
2021-07-16 15:19:21,092 INFO o.a.j.t.JMeterThread: Thread is done: iSource_RaceConditionAuction 1-15
2021-07-16 15:19:21,092 INFO o.a.j.t.JMeterThread: Thread finished: iSource_RaceConditionAuction 1-15
2021-07-16 15:19:28,092 INFO o.a.j.t.JMeterThread: Thread started: iSource_RaceConditionAuction 1-26
2021-07-16 15:19:30,158 INFO o.a.j.r.Summariser: summary +    214 in 00:00:30 =    7.1/s Avg:  1109 Min:    13 Max: 18858 Err:     0 (0.00%) Active: 11 Started: 26 Finished: 15
2021-07-16 15:19:30,158 INFO o.a.j.r.Summariser: summary =   2615 in 00:07:33 =    5.8/s Avg:  1110 Min:    13 Max: 20990 Err:     1 (0.04%)
2021-07-16 15:19:33,055 INFO o.a.j.u.BeanShellTestElement: Loadtest104@zycus.com,PostFix RaceCondition_2315,1310637564,1626429717101,1626430317101
2021-07-16 15:19:36,071 INFO o.a.j.t.JMeterThread: Thread is done: iSource_RaceConditionAuction 1-16
2021-07-16 15:19:36,071 INFO o.a.j.t.JMeterThread: Thread finished: iSource_RaceConditionAuction 1-16
2021-07-16 15:19:46,108 INFO o.a.j.t.JMeterThread: Thread started: iSource_RaceConditionAuction 1-27
2021-07-16 15:19:55,714 INFO o.a.j.u.BeanShellTestElement: Loadtest104@zycus.com,PostFix RaceCondition_2659,1310653753,1626429717101,1626430317101
2021-07-16 15:19:58,784 INFO o.a.j.t.JMeterThread: Thread is done: iSource_RaceConditionAuction 1-17
2021-07-16 15:19:58,784 INFO o.a.j.t.JMeterThread: Thread finished: iSource_RaceConditionAuction 1-17
2021-07-16 15:20:00,506 INFO o.a.j.r.Summariser: summary +    227 in 00:00:30 =    7.5/s Avg:  1141 Min:    19 Max: 19428 Err:     0 (0.00%) Active: 10 Started: 27 Finished: 17
2021-07-16 15:20:00,506 INFO o.a.j.r.Summariser: summary =   2842 in 00:08:03 =    5.9/s Avg:  1112 Min:    13 Max: 20990 Err:     1 (0.04%)
2021-07-16 15:20:04,130 INFO o.a.j.t.JMeterThread: Thread started: iSource_RaceConditionAuction 1-28
2021-07-16 15:20:10,193 INFO o.a.j.u.BeanShellTestElement: Loadtest104@zycus.com,PostFix RaceCondition_856,1310649557,1626429717101,1626430317101
2021-07-16 15:20:13,220 INFO o.a.j.t.JMeterThread: Thread is done: iSource_RaceConditionAuction 1-18
2021-07-16 15:20:13,220 INFO o.a.j.t.JMeterThread: Thread finished: iSource_RaceConditionAuction 1-18
2021-07-16 15:20:22,150 INFO o.a.j.t.JMeterThread: Thread started: iSource_RaceConditionAuction 1-29
2021-07-16 15:20:27,697 INFO o.a.j.u.BeanShellTestElement: Loadtest104@zycus.com,PostFix RaceCondition_4196,1310653953,1626429717101,1626430317101
2021-07-16 15:20:30,279 INFO o.a.j.r.Summariser: summary +    229 in 00:00:30 =    7.7/s Avg:  1050 Min:    12 Max: 20084 Err:     0 (0.00%) Active: 11 Started: 29 Finished: 18
2021-07-16 15:20:30,280 INFO o.a.j.r.Summariser: summary =   3071 in 00:08:33 =    6.0/s Avg:  1108 Min:    12 Max: 20990 Err:     1 (0.03%)
2021-07-16 15:20:30,774 INFO o.a.j.t.JMeterThread: Thread is done: iSource_RaceConditionAuction 1-19
2021-07-16 15:20:30,774 INFO o.a.j.t.JMeterThread: Thread finished: iSource_RaceConditionAuction 1-19
2021-07-16 15:20:40,172 INFO o.a.j.t.JMeterThread: Thread started: iSource_RaceConditionAuction 1-30
2021-07-16 15:20:48,357 INFO o.a.j.u.BeanShellTestElement: Loadtest104@zycus.com,PostFix RaceCondition_912,1310652755,1626429717101,1626430317101
2021-07-16 15:20:51,387 INFO o.a.j.t.JMeterThread: Thread is done: iSource_RaceConditionAuction 1-20
2021-07-16 15:20:51,387 INFO o.a.j.t.JMeterThread: Thread finished: iSource_RaceConditionAuction 1-20
2021-07-16 15:20:58,216 INFO o.a.j.t.JMeterThread: Thread started: iSource_RaceConditionAuction 1-31
2021-07-16 15:21:00,034 INFO o.a.j.r.Summariser: summary +    213 in 00:00:30 =    7.2/s Avg:  1121 Min:    15 Max: 19186 Err:     0 (0.00%) Active: 11 Started: 31 Finished: 20
2021-07-16 15:21:00,035 INFO o.a.j.r.Summariser: summary =   3284 in 00:09:03 =    6.0/s Avg:  1108 Min:    12 Max: 20990 Err:     1 (0.03%)
2021-07-16 15:21:04,252 INFO o.a.j.u.BeanShellTestElement: Loadtest104@zycus.com,PostFix RaceCondition_1110,1310653154,1626429717101,1626430317101
2021-07-16 15:21:07,285 INFO o.a.j.t.JMeterThread: Thread is done: iSource_RaceConditionAuction 1-21
2021-07-16 15:21:07,285 INFO o.a.j.t.JMeterThread: Thread finished: iSource_RaceConditionAuction 1-21
2021-07-16 15:21:16,233 INFO o.a.j.t.JMeterThread: Thread started: iSource_RaceConditionAuction 1-32
2021-07-16 15:21:19,897 INFO o.a.j.u.BeanShellTestElement: Loadtest104@zycus.com,PostFix RaceCondition_4563,1310653155,1626429717101,1626430317101
2021-07-16 15:21:22,968 INFO o.a.j.t.JMeterThread: Thread is done: iSource_RaceConditionAuction 1-22
2021-07-16 15:21:22,968 INFO o.a.j.t.JMeterThread: Thread finished: iSource_RaceConditionAuction 1-22
2021-07-16 15:21:30,039 INFO o.a.j.r.Summariser: summary +    222 in 00:00:30 =    7.4/s Avg:  1143 Min:    15 Max: 19781 Err:     0 (0.00%) Active: 10 Started: 32 Finished: 22
2021-07-16 15:21:30,039 INFO o.a.j.r.Summariser: summary =   3506 in 00:09:33 =    6.1/s Avg:  1111 Min:    12 Max: 20990 Err:     1 (0.03%)
2021-07-16 15:21:34,250 INFO o.a.j.t.JMeterThread: Thread started: iSource_RaceConditionAuction 1-33
2021-07-16 15:21:41,174 INFO o.a.j.u.BeanShellTestElement: Loadtest104@zycus.com,PostFix RaceCondition_2602,1310648557,1626429717101,1626430317101
2021-07-16 15:21:44,235 INFO o.a.j.t.JMeterThread: Thread is done: iSource_RaceConditionAuction 1-23
2021-07-16 15:21:44,235 INFO o.a.j.t.JMeterThread: Thread finished: iSource_RaceConditionAuction 1-23
2021-07-16 15:21:49,463 INFO o.a.j.u.BeanShellTestElement: Loadtest104@zycus.com,PostFix RaceCondition_78,1310654153,1626429717101,1626430317101
2021-07-16 15:21:52,271 INFO o.a.j.t.JMeterThread: Thread started: iSource_RaceConditionAuction 1-34
2021-07-16 15:21:52,473 INFO o.a.j.t.JMeterThread: Thread is done: iSource_RaceConditionAuction 1-24
2021-07-16 15:21:52,473 INFO o.a.j.t.JMeterThread: Thread finished: iSource_RaceConditionAuction 1-24
2021-07-16 15:22:00,087 INFO o.a.j.r.Summariser: summary +    223 in 00:00:30 =    7.4/s Avg:  1018 Min:    12 Max: 18709 Err:     0 (0.00%) Active: 10 Started: 34 Finished: 24
2021-07-16 15:22:00,087 INFO o.a.j.r.Summariser: summary =   3729 in 00:10:03 =    6.2/s Avg:  1105 Min:    12 Max: 20990 Err:     1 (0.03%)
2021-07-16 15:22:00,490 INFO o.a.j.t.JMeterThread: Stop Thread detected by thread: iSource_RaceConditionAuction 1-29
2021-07-16 15:22:00,490 INFO o.a.j.t.JMeterThread: Thread finished: iSource_RaceConditionAuction 1-29
2021-07-16 15:22:10,300 INFO o.a.j.t.JMeterThread: Thread started: iSource_RaceConditionAuction 1-35
2021-07-16 15:22:15,134 INFO o.a.j.u.BeanShellTestElement: Loadtest104@zycus.com,PostFix RaceCondition_4234,1310648558,1626429717101,1626430317101
2021-07-16 15:22:18,181 INFO o.a.j.t.JMeterThread: Thread is done: iSource_RaceConditionAuction 1-25
2021-07-16 15:22:18,181 INFO o.a.j.t.JMeterThread: Thread finished: iSource_RaceConditionAuction 1-25
2021-07-16 15:22:28,326 INFO o.a.j.t.JMeterThread: Thread started: iSource_RaceConditionAuction 1-36
2021-07-16 15:22:30,007 INFO o.a.j.r.Summariser: summary +    183 in 00:00:30 =    6.1/s Avg:  1149 Min:    13 Max: 18939 Err:     1 (0.55%) Active: 10 Started: 36 Finished: 26
2021-07-16 15:22:30,007 INFO o.a.j.r.Summariser: summary =   3912 in 00:10:33 =    6.2/s Avg:  1107 Min:    12 Max: 20990 Err:     2 (0.05%)
2021-07-16 15:22:35,930 INFO o.a.j.u.BeanShellTestElement: Loadtest104@zycus.com,PostFix RaceCondition_3857,1310654353,1626429717101,1626430317101
2021-07-16 15:22:38,972 INFO o.a.j.t.JMeterThread: Thread is done: iSource_RaceConditionAuction 1-26
2021-07-16 15:22:38,972 INFO o.a.j.t.JMeterThread: Thread finished: iSource_RaceConditionAuction 1-26
2021-07-16 15:22:46,349 INFO o.a.j.t.JMeterThread: Thread started: iSource_RaceConditionAuction 1-37
2021-07-16 15:22:51,087 INFO o.a.j.u.BeanShellTestElement: Loadtest104@zycus.com,PostFix RaceCondition_4785,1310649558,1626429717101,1626430317101
2021-07-16 15:22:54,175 INFO o.a.j.t.JMeterThread: Thread is done: iSource_RaceConditionAuction 1-27
2021-07-16 15:22:54,175 INFO o.a.j.t.JMeterThread: Thread finished: iSource_RaceConditionAuction 1-27
2021-07-16 15:23:00,716 INFO o.a.j.r.Summariser: summary +    212 in 00:00:31 =    6.9/s Avg:  1108 Min:    13 Max: 19352 Err:     0 (0.00%) Active: 9 Started: 37 Finished: 28
2021-07-16 15:23:00,717 INFO o.a.j.r.Summariser: summary =   4124 in 00:11:04 =    6.2/s Avg:  1107 Min:    12 Max: 20990 Err:     2 (0.05%)
2021-07-16 15:23:04,370 INFO o.a.j.t.JMeterThread: Thread started: iSource_RaceConditionAuction 1-38
2021-07-16 15:23:07,538 INFO o.a.j.u.BeanShellTestElement: Loadtest104@zycus.com,PostFix RaceCondition_2354,1310648559,1626429717101,1626430317101
2021-07-16 15:23:10,589 INFO o.a.j.t.JMeterThread: Thread is done: iSource_RaceConditionAuction 1-28
2021-07-16 15:23:10,589 INFO o.a.j.t.JMeterThread: Thread finished: iSource_RaceConditionAuction 1-28
2021-07-16 15:23:22,391 INFO o.a.j.t.JMeterThread: Thread started: iSource_RaceConditionAuction 1-39
2021-07-16 15:23:30,264 INFO o.a.j.r.Summariser: summary +    207 in 00:00:30 =    7.0/s Avg:  1006 Min:    12 Max: 18765 Err:     0 (0.00%) Active: 10 Started: 39 Finished: 29
2021-07-16 15:23:30,264 INFO o.a.j.r.Summariser: summary =   4331 in 00:11:33 =    6.2/s Avg:  1102 Min:    12 Max: 20990 Err:     2 (0.05%)
2021-07-16 15:23:40,410 INFO o.a.j.t.JMeterThread: Thread started: iSource_RaceConditionAuction 1-40
2021-07-16 15:23:45,930 INFO o.a.j.u.BeanShellTestElement: Loadtest104@zycus.com,PostFix RaceCondition_2609,1310654753,1626429717101,1626430317101
2021-07-16 15:23:48,977 INFO o.a.j.t.JMeterThread: Thread is done: iSource_RaceConditionAuction 1-30
2021-07-16 15:23:48,977 INFO o.a.j.t.JMeterThread: Thread finished: iSource_RaceConditionAuction 1-30
2021-07-16 15:23:58,430 INFO o.a.j.t.JMeterThread: Thread started: iSource_RaceConditionAuction 1-41
2021-07-16 15:24:00,005 INFO o.a.j.r.Summariser: summary +    213 in 00:00:30 =    7.2/s Avg:  1123 Min:    13 Max: 19075 Err:     0 (0.00%) Active: 11 Started: 41 Finished: 30
2021-07-16 15:24:00,006 INFO o.a.j.r.Summariser: summary =   4544 in 00:12:03 =    6.3/s Avg:  1103 Min:    12 Max: 20990 Err:     2 (0.04%)
2021-07-16 15:24:03,348 INFO o.a.j.u.BeanShellTestElement: Loadtest104@zycus.com,PostFix RaceCondition_3293,1310654953,1626429717101,1626430317101
2021-07-16 15:24:06,389 INFO o.a.j.t.JMeterThread: Thread is done: iSource_RaceConditionAuction 1-31
2021-07-16 15:24:06,389 INFO o.a.j.t.JMeterThread: Thread finished: iSource_RaceConditionAuction 1-31
2021-07-16 15:24:16,447 INFO o.a.j.t.JMeterThread: Thread started: iSource_RaceConditionAuction 1-42
2021-07-16 15:24:19,187 INFO o.a.j.u.BeanShellTestElement: Loadtest104@zycus.com,PostFix RaceCondition_1497,1310653754,1626429717101,1626430317101
2021-07-16 15:24:22,253 INFO o.a.j.t.JMeterThread: Thread is done: iSource_RaceConditionAuction 1-32
2021-07-16 15:24:22,253 INFO o.a.j.t.JMeterThread: Thread finished: iSource_RaceConditionAuction 1-32
2021-07-16 15:24:30,053 INFO o.a.j.r.Summariser: summary +    223 in 00:00:30 =    7.4/s Avg:  1117 Min:    13 Max: 18418 Err:     0 (0.00%) Active: 10 Started: 42 Finished: 32
2021-07-16 15:24:30,054 INFO o.a.j.r.Summariser: summary =   4767 in 00:12:33 =    6.3/s Avg:  1104 Min:    12 Max: 20990 Err:     2 (0.04%)
2021-07-16 15:24:34,292 INFO o.a.j.u.BeanShellTestElement: Loadtest104@zycus.com,PostFix RaceCondition_586,1310653555,1626429717101,1626430317101
2021-07-16 15:24:34,468 INFO o.a.j.t.JMeterThread: Thread started: iSource_RaceConditionAuction 1-43
2021-07-16 15:24:37,319 INFO o.a.j.t.JMeterThread: Thread is done: iSource_RaceConditionAuction 1-33
2021-07-16 15:24:37,319 INFO o.a.j.t.JMeterThread: Thread finished: iSource_RaceConditionAuction 1-33
2021-07-16 15:24:52,487 INFO o.a.j.t.JMeterThread: Thread started: iSource_RaceConditionAuction 1-44
2021-07-16 15:24:53,613 INFO o.a.j.u.BeanShellTestElement: Loadtest104@zycus.com,PostFix RaceCondition_172,1310653156,1626429717101,1626430317101
2021-07-16 15:24:56,635 INFO o.a.j.t.JMeterThread: Thread is done: iSource_RaceConditionAuction 1-34
2021-07-16 15:24:56,635 INFO o.a.j.t.JMeterThread: Thread finished: iSource_RaceConditionAuction 1-34
2021-07-16 15:25:00,017 INFO o.a.j.r.Summariser: summary +    222 in 00:00:30 =    7.4/s Avg:  1004 Min:    12 Max: 18633 Err:     0 (0.00%) Active: 10 Started: 44 Finished: 34
2021-07-16 15:25:00,017 INFO o.a.j.r.Summariser: summary =   4989 in 00:13:03 =    6.4/s Avg:  1100 Min:    12 Max: 20990 Err:     2 (0.04%)
2021-07-16 15:25:10,509 INFO o.a.j.t.JMeterThread: Thread started: iSource_RaceConditionAuction 1-45
2021-07-16 15:25:14,740 INFO o.a.j.u.BeanShellTestElement: Loadtest104@zycus.com,PostFix RaceCondition_1508,1310653157,1626429717101,1626430317101
2021-07-16 15:25:17,742 INFO o.a.j.t.JMeterThread: Thread is done: iSource_RaceConditionAuction 1-35
2021-07-16 15:25:17,742 INFO o.a.j.t.JMeterThread: Thread finished: iSource_RaceConditionAuction 1-35
2021-07-16 15:25:28,528 INFO o.a.j.t.JMeterThread: Thread started: iSource_RaceConditionAuction 1-46
2021-07-16 15:25:30,094 INFO o.a.j.r.Summariser: summary +    208 in 00:00:30 =    6.9/s Avg:  1144 Min:    12 Max: 18795 Err:     0 (0.00%) Active: 11 Started: 46 Finished: 35
2021-07-16 15:25:30,094 INFO o.a.j.r.Summariser: summary =   5197 in 00:13:33 =    6.4/s Avg:  1101 Min:    12 Max: 20990 Err:     2 (0.04%)
2021-07-16 15:25:37,399 INFO o.a.j.u.BeanShellTestElement: Loadtest104@zycus.com,PostFix RaceCondition_2522,1310654754,1626429717101,1626430317101
2021-07-16 15:25:40,444 INFO o.a.j.t.JMeterThread: Thread is done: iSource_RaceConditionAuction 1-36
2021-07-16 15:25:40,444 INFO o.a.j.t.JMeterThread: Thread finished: iSource_RaceConditionAuction 1-36
2021-07-16 15:25:46,549 INFO o.a.j.t.JMeterThread: Thread started: iSource_RaceConditionAuction 1-47
2021-07-16 15:25:50,596 INFO o.a.j.u.BeanShellTestElement: Loadtest104@zycus.com,PostFix RaceCondition_1786,1310654354,1626429717101,1626430317101
2021-07-16 15:25:53,611 INFO o.a.j.t.JMeterThread: Thread is done: iSource_RaceConditionAuction 1-37
2021-07-16 15:25:53,611 INFO o.a.j.t.JMeterThread: Thread finished: iSource_RaceConditionAuction 1-37
2021-07-16 15:26:00,039 INFO o.a.j.r.Summariser: summary +    227 in 00:00:30 =    7.6/s Avg:  1128 Min:    21 Max: 19318 Err:     0 (0.00%) Active: 10 Started: 47 Finished: 37
2021-07-16 15:26:00,039 INFO o.a.j.r.Summariser: summary =   5424 in 00:14:03 =    6.4/s Avg:  1102 Min:    12 Max: 20990 Err:     2 (0.04%)
2021-07-16 15:26:04,570 INFO o.a.j.t.JMeterThread: Thread started: iSource_RaceConditionAuction 1-48
2021-07-16 15:26:06,650 INFO o.a.j.u.BeanShellTestElement: Loadtest104@zycus.com,PostFix RaceCondition_1569,1310654755,1626429717101,1626430317101
2021-07-16 15:26:09,698 INFO o.a.j.t.JMeterThread: Thread is done: iSource_RaceConditionAuction 1-38
2021-07-16 15:26:09,698 INFO o.a.j.t.JMeterThread: Thread finished: iSource_RaceConditionAuction 1-38
2021-07-16 15:26:16,975 INFO o.a.j.r.ResultCollector: Shutdown hook started
2021-07-16 15:26:16,976 INFO o.a.j.r.ResultCollector: Shutdown hook ended
