2021-05-19 12:35:02,312 INFO o.a.j.u.JMeterUtils: Setting Locale to en_EN
2021-05-19 12:35:02,323 INFO o.a.j.JMeter: Loading user properties from: user.properties
2021-05-19 12:35:02,323 INFO o.a.j.JMeter: Loading system properties from: system.properties
2021-05-19 12:35:02,323 INFO o.a.j.JMeter: Setting JMeter property: meter.reportgenerator.report_title=RFQMultipleQuestionsPublish
2021-05-19 12:35:02,324 INFO o.a.j.JMeter: Setting JMeter property: thread=10
2021-05-19 12:35:02,324 INFO o.a.j.JMeter: Setting JMeter property: rampup=50
2021-05-19 12:35:02,327 INFO o.a.j.JMeter: Copyright (c) 1998-2019 The Apache Software Foundation
2021-05-19 12:35:02,328 INFO o.a.j.JMeter: Version 5.1 r1853635
2021-05-19 12:35:02,328 INFO o.a.j.JMeter: java.version=1.8.0_121
2021-05-19 12:35:02,328 INFO o.a.j.JMeter: java.vm.name=Java HotSpot(TM) 64-Bit Server VM
2021-05-19 12:35:02,328 INFO o.a.j.JMeter: os.name=Windows 10
2021-05-19 12:35:02,328 INFO o.a.j.JMeter: os.arch=amd64
2021-05-19 12:35:02,328 INFO o.a.j.JMeter: os.version=10.0
2021-05-19 12:35:02,328 INFO o.a.j.JMeter: file.encoding=Cp1252
2021-05-19 12:35:02,328 INFO o.a.j.JMeter: java.awt.headless=true
2021-05-19 12:35:02,328 INFO o.a.j.JMeter: Max memory     =8589934592
2021-05-19 12:35:02,328 INFO o.a.j.JMeter: Available Processors =6
2021-05-19 12:35:02,331 INFO o.a.j.JMeter: Default Locale=English (EN)
2021-05-19 12:35:02,331 INFO o.a.j.JMeter: JMeter  Locale=English (EN)
2021-05-19 12:35:02,331 INFO o.a.j.JMeter: JMeterHome=D:\apache-jmeter-5.1\apache-jmeter-5.1
2021-05-19 12:35:02,331 INFO o.a.j.JMeter: user.dir  =D:\apache-jmeter-5.1\apache-jmeter-5.1\bin
2021-05-19 12:35:02,332 INFO o.a.j.JMeter: PWD       =D:\apache-jmeter-5.1\apache-jmeter-5.1\bin
2021-05-19 12:35:02,333 INFO o.a.j.JMeter: IP: 172.30.225.123 Name: ZIPLSY2278 FullName: ZIPLSY2278.zycus.net
2021-05-19 12:35:02,334 INFO o.a.j.JMeter: Setting property 'jmeter.reportgenerator.outputdir' to:'C:\xampp\htdocs\PerformancePostgres\L0_iSource_10_RFQMultipleQuestionsPublish_2021-05-19_5'
2021-05-19 12:35:02,336 INFO o.a.j.s.FileServer: Default base='D:\apache-jmeter-5.1\apache-jmeter-5.1\bin'
2021-05-19 12:35:02,339 INFO o.a.j.s.FileServer: Set new base='D:\PostrgresMigration\iSource'
2021-05-19 12:35:02,436 INFO o.a.j.s.SaveService: Testplan (JMX) version: 2.2. Testlog (JTL) version: 2.2
2021-05-19 12:35:02,447 INFO o.a.j.s.SaveService: Using SaveService properties file encoding UTF-8
2021-05-19 12:35:02,451 INFO o.a.j.s.SaveService: Using SaveService properties version 5.0
2021-05-19 12:35:02,456 INFO o.a.j.s.SaveService: Loading file: D:\PostrgresMigration\iSource\L0_iSource_RFQMultipleQuestionsPublish.jmx
2021-05-19 12:35:02,494 INFO o.a.j.p.h.c.CookieManager: Settings: Delete null: true Check: true Allow variable: true Save: false Prefix: COOKIE_
2021-05-19 12:35:02,497 INFO o.a.j.p.h.c.CacheManager: Will only cache the following methods: [GET]
2021-05-19 12:35:02,507 INFO o.a.j.p.h.s.HTTPSamplerBase: Parser for text/html is org.apache.jmeter.protocol.http.parser.LagartoBasedHtmlParser
2021-05-19 12:35:02,507 INFO o.a.j.p.h.s.HTTPSamplerBase: Parser for application/xhtml+xml is org.apache.jmeter.protocol.http.parser.LagartoBasedHtmlParser
2021-05-19 12:35:02,507 INFO o.a.j.p.h.s.HTTPSamplerBase: Parser for application/xml is org.apache.jmeter.protocol.http.parser.LagartoBasedHtmlParser
2021-05-19 12:35:02,507 INFO o.a.j.p.h.s.HTTPSamplerBase: Parser for text/xml is org.apache.jmeter.protocol.http.parser.LagartoBasedHtmlParser
2021-05-19 12:35:02,507 INFO o.a.j.p.h.s.HTTPSamplerBase: Parser for text/vnd.wap.wml is org.apache.jmeter.protocol.http.parser.RegexpHTMLParser
2021-05-19 12:35:02,507 INFO o.a.j.p.h.s.HTTPSamplerBase: Parser for text/css is org.apache.jmeter.protocol.http.parser.CssParser
2021-05-19 12:35:02,737 INFO o.a.j.JMeter: Creating summariser <summary>
2021-05-19 12:35:02,741 INFO o.a.j.r.d.ReportGenerator: ReportGenerator will use for Parsing the separator: ','
2021-05-19 12:35:02,741 INFO o.a.j.r.d.ReportGenerator: Will generate report at end of test from  results file: D:\PostrgresMigration\iSource\JTL\L0_iSource_10_RFQMultipleQuestionsPublish_2021-05-19_5.jtl
2021-05-19 12:35:02,741 INFO o.a.j.r.d.ReportGenerator: Reading report generator properties from: D:\apache-jmeter-5.1\apache-jmeter-5.1\bin\reportgenerator.properties
2021-05-19 12:35:02,742 INFO o.a.j.r.d.ReportGenerator: Merging with JMeter properties
2021-05-19 12:35:02,747 INFO o.a.j.r.c.ReportGeneratorConfiguration: Property 'jmeter.reportgenerator.temp_dir' not found, using default value 'temp' instead.
2021-05-19 12:35:02,749 INFO o.a.j.r.c.ReportGeneratorConfiguration: Property 'jmeter.reportgenerator.apdex_per_transaction' not found, using default value 'null' instead.
2021-05-19 12:35:02,749 INFO o.a.j.r.c.ReportGeneratorConfiguration: apdex_per_transaction : {} is empty, not APDEX per transaction customization
2021-05-19 12:35:02,749 INFO o.a.j.r.c.ReportGeneratorConfiguration: Property 'jmeter.reportgenerator.sample_filter' not found, using default value 'null' instead.
2021-05-19 12:35:02,750 INFO o.a.j.r.c.ReportGeneratorConfiguration: Property 'jmeter.reportgenerator.report_title' not found, using default value 'null' instead.
2021-05-19 12:35:02,750 INFO o.a.j.r.c.ReportGeneratorConfiguration: Property 'jmeter.reportgenerator.start_date' not found, using default value 'null' instead.
2021-05-19 12:35:02,750 INFO o.a.j.r.c.ReportGeneratorConfiguration: Property 'jmeter.reportgenerator.end_date' not found, using default value 'null' instead.
2021-05-19 12:35:02,750 INFO o.a.j.r.c.ReportGeneratorConfiguration: Property 'jmeter.reportgenerator.date_format' not found, using default value 'null' instead.
2021-05-19 12:35:02,750 INFO o.a.j.r.c.ReportGeneratorConfiguration: Will use date range start date: null, end date: null
2021-05-19 12:35:02,753 INFO o.a.j.r.c.ReportGeneratorConfiguration: Property 'jmeter.reportgenerator.graph.totalTPS.exclude_controllers' not found, using default value 'false' instead.
2021-05-19 12:35:02,753 INFO o.a.j.r.c.ReportGeneratorConfiguration: Property 'jmeter.reportgenerator.graph.activeThreadsOverTime.exclude_controllers' not found, using default value 'false' instead.
2021-05-19 12:35:02,754 INFO o.a.j.r.c.ReportGeneratorConfiguration: Property 'jmeter.reportgenerator.graph.timeVsThreads.exclude_controllers' not found, using default value 'false' instead.
2021-05-19 12:35:02,754 INFO o.a.j.r.c.ReportGeneratorConfiguration: Property 'jmeter.reportgenerator.graph.responseTimeDistribution.exclude_controllers' not found, using default value 'false' instead.
2021-05-19 12:35:02,754 INFO o.a.j.r.c.ReportGeneratorConfiguration: Property 'jmeter.reportgenerator.graph.transactionsPerSecond.exclude_controllers' not found, using default value 'false' instead.
2021-05-19 12:35:02,754 INFO o.a.j.r.c.ReportGeneratorConfiguration: Property 'jmeter.reportgenerator.graph.responseTimePercentiles.exclude_controllers' not found, using default value 'false' instead.
2021-05-19 12:35:02,754 INFO o.a.j.r.c.ReportGeneratorConfiguration: Property 'jmeter.reportgenerator.graph.responseTimePercentilesOverTime.exclude_controllers' not found, using default value 'false' instead.
2021-05-19 12:35:02,754 INFO o.a.j.r.c.ReportGeneratorConfiguration: Property 'jmeter.reportgenerator.graph.responseTimesOverTime.exclude_controllers' not found, using default value 'false' instead.
2021-05-19 12:35:02,754 INFO o.a.j.r.c.ReportGeneratorConfiguration: Property 'jmeter.reportgenerator.graph.connectTimeOverTime.exclude_controllers' not found, using default value 'false' instead.
2021-05-19 12:35:02,754 INFO o.a.j.r.c.ReportGeneratorConfiguration: Property 'jmeter.reportgenerator.graph.latenciesOverTime.exclude_controllers' not found, using default value 'false' instead.
2021-05-19 12:35:02,755 INFO o.a.j.r.c.ReportGeneratorConfiguration: Property 'jmeter.reportgenerator.exporter.json.filters_only_sample_series' not found, using default value 'true' instead.
2021-05-19 12:35:02,755 INFO o.a.j.r.c.ReportGeneratorConfiguration: Property 'jmeter.reportgenerator.exporter.json.series_filter' not found, using default value '' instead.
2021-05-19 12:35:02,755 INFO o.a.j.r.c.ReportGeneratorConfiguration: Property 'jmeter.reportgenerator.exporter.json.show_controllers_only' not found, using default value 'false' instead.
2021-05-19 12:35:02,756 INFO o.a.j.r.c.ReportGeneratorConfiguration: Property 'jmeter.reportgenerator.exporter.html.filters_only_sample_series' not found, using default value 'true' instead.
2021-05-19 12:35:02,756 INFO o.a.j.r.c.ReportGeneratorConfiguration: Property 'jmeter.reportgenerator.exporter.html.series_filter' not found, using default value '' instead.
2021-05-19 12:35:02,756 INFO o.a.j.r.c.ReportGeneratorConfiguration: Property 'jmeter.reportgenerator.exporter.html.show_controllers_only' not found, using default value 'false' instead.
2021-05-19 12:35:02,759 INFO o.a.j.e.StandardJMeterEngine: Running the test!
2021-05-19 12:35:02,760 INFO o.a.j.s.SampleEvent: List of sample_variables: []
2021-05-19 12:35:02,760 INFO o.a.j.s.SampleEvent: List of sample_variables: []
2021-05-19 12:35:02,766 INFO o.a.j.e.u.CompoundVariable: Note: Function class names must contain the string: '.functions.'
2021-05-19 12:35:02,766 INFO o.a.j.e.u.CompoundVariable: Note: Function class names must not contain the string: '.gui.'
2021-05-19 12:35:03,206 INFO o.a.j.JMeter: Running test (1621407903205)
2021-05-19 12:35:03,278 INFO o.a.j.e.StandardJMeterEngine: Starting ThreadGroup: 1 : L0-iSource
2021-05-19 12:35:03,278 INFO o.a.j.e.StandardJMeterEngine: Starting 1 threads for group L0-iSource.
2021-05-19 12:35:03,278 INFO o.a.j.e.StandardJMeterEngine: Thread will stop on error
2021-05-19 12:35:03,279 INFO o.a.j.t.ThreadGroup: Starting thread group... number=1 threads=1 ramp-up=1 perThread=1000.0 delayedStart=false
2021-05-19 12:35:03,294 INFO o.a.j.t.ThreadGroup: Started thread group number 1
2021-05-19 12:35:03,295 INFO o.a.j.e.StandardJMeterEngine: All thread groups have been started
2021-05-19 12:35:03,303 INFO o.a.j.s.SampleResult: Note: Sample TimeStamps are START times
2021-05-19 12:35:03,303 INFO o.a.j.s.SampleResult: sampleresult.default.encoding is set to ISO-8859-1
2021-05-19 12:35:03,303 INFO o.a.j.s.SampleResult: sampleresult.useNanoTime=true
2021-05-19 12:35:03,303 INFO o.a.j.s.SampleResult: sampleresult.nanoThreadSleep=5000
2021-05-19 12:35:03,313 INFO o.a.j.t.JMeterThread: Thread started: L0-iSource 1-1
2021-05-19 12:35:03,315 INFO o.a.j.c.LoopController: iterationStart called on 5.6# Questions_Text with source org.apache.jmeter.control.LoopController@2eada8c and iteration 1
2021-05-19 12:35:03,315 INFO o.a.j.c.LoopController: iterationStart called on 5.4# Questions_Multichoice with source org.apache.jmeter.control.LoopController@2eada8c and iteration 1
2021-05-19 12:35:03,315 INFO o.a.j.s.FileServer: Stored: D:\apache-jmeter-5.1\apache-jmeter-5.1\bin\excel\isource\Partner_ZCS_Users.csv
2021-05-19 12:35:03,330 INFO o.a.j.p.h.s.HTTPHCAbstractImpl: Local host = ZIPLSY2278
2021-05-19 12:35:03,335 INFO o.a.j.p.h.s.HTTPHC4Impl: HTTP request retry count = 0
2021-05-19 12:35:03,466 INFO o.a.j.p.h.s.h.LazyLayeredConnectionSocketFactory: Setting up HTTPS TrustAll Socket Factory
2021-05-19 12:35:03,471 INFO o.a.j.u.JsseSSLManager: Using default SSL protocol: TLS
2021-05-19 12:35:03,471 INFO o.a.j.u.JsseSSLManager: SSL session context: per-thread
2021-05-19 12:35:04,155 INFO o.a.j.u.SSLManager: JmeterKeyStore Location:  type JKS
2021-05-19 12:35:04,157 INFO o.a.j.u.SSLManager: KeyStore created OK
2021-05-19 12:35:04,157 WARN o.a.j.u.SSLManager: Keystore file not found, loading empty keystore
2021-05-19 12:35:05,491 INFO o.a.j.r.Summariser: summary +      1 in 00:00:02 =    0.4/s Avg:  2114 Min:  2114 Max:  2114 Err:     0 (0.00%) Active: 1 Started: 1 Finished: 0
2021-05-19 12:36:00,148 INFO o.a.j.r.Summariser: summary +     31 in 00:00:55 =    0.6/s Avg:  1177 Min:   295 Max: 11266 Err:     0 (0.00%) Active: 1 Started: 1 Finished: 0
2021-05-19 12:36:00,148 INFO o.a.j.r.Summariser: summary =     32 in 00:00:57 =    0.6/s Avg:  1206 Min:   295 Max: 11266 Err:     0 (0.00%)
2021-05-19 12:36:30,422 INFO o.a.j.r.Summariser: summary +     20 in 00:00:30 =    0.7/s Avg:   601 Min:   338 Max:  1311 Err:     0 (0.00%) Active: 1 Started: 1 Finished: 0
2021-05-19 12:36:30,422 INFO o.a.j.r.Summariser: summary =     52 in 00:01:27 =    0.6/s Avg:   973 Min:   295 Max: 11266 Err:     0 (0.00%)
2021-05-19 12:36:32,044 INFO o.a.j.s.FileServer: Stored: D:\apache-jmeter-5.1\apache-jmeter-5.1\bin\excel\isource\PricingLot_2000.xlsx
2021-05-19 12:37:00,190 INFO o.a.j.r.Summariser: summary +      8 in 00:00:30 =    0.3/s Avg:  3719 Min:   418 Max: 11742 Err:     0 (0.00%) Active: 1 Started: 1 Finished: 0
2021-05-19 12:37:00,191 INFO o.a.j.r.Summariser: summary =     60 in 00:01:57 =    0.5/s Avg:  1339 Min:   295 Max: 11742 Err:     0 (0.00%)
2021-05-19 12:37:31,124 INFO o.a.j.r.Summariser: summary +     12 in 00:00:31 =    0.4/s Avg:  1561 Min:   732 Max:  2198 Err:     0 (0.00%) Active: 1 Started: 1 Finished: 0
2021-05-19 12:37:31,124 INFO o.a.j.r.Summariser: summary =     72 in 00:02:28 =    0.5/s Avg:  1376 Min:   295 Max: 11742 Err:     0 (0.00%)
2021-05-19 12:38:00,412 INFO o.a.j.s.FileServer: Stored: D:\apache-jmeter-5.1\apache-jmeter-5.1\bin\excel\isource\MCQquest.xlsx
2021-05-19 12:38:01,374 INFO o.a.j.r.Summariser: summary +     19 in 00:00:30 =    0.6/s Avg:   951 Min:   349 Max:  2996 Err:     0 (0.00%) Active: 1 Started: 1 Finished: 0
2021-05-19 12:38:01,374 INFO o.a.j.r.Summariser: summary =     91 in 00:02:58 =    0.5/s Avg:  1287 Min:   295 Max: 11742 Err:     0 (0.00%)
2021-05-19 12:38:07,418 INFO o.a.j.s.FileServer: Stored: D:\apache-jmeter-5.1\apache-jmeter-5.1\bin\excel\isource\100mb.docx
2021-05-19 12:38:30,383 INFO o.a.j.r.Summariser: summary +     11 in 00:00:29 =    0.4/s Avg:   985 Min:   491 Max:  1907 Err:     0 (0.00%) Active: 1 Started: 1 Finished: 0
2021-05-19 12:38:30,384 INFO o.a.j.r.Summariser: summary =    102 in 00:03:27 =    0.5/s Avg:  1255 Min:   295 Max: 11742 Err:     0 (0.00%)
2021-05-19 12:39:00,020 INFO o.a.j.r.Summariser: summary +     24 in 00:00:30 =    0.8/s Avg:   982 Min:   328 Max:  7178 Err:     0 (0.00%) Active: 1 Started: 1 Finished: 0
2021-05-19 12:39:00,021 INFO o.a.j.r.Summariser: summary =    126 in 00:03:57 =    0.5/s Avg:  1203 Min:   295 Max: 11742 Err:     0 (0.00%)
2021-05-19 12:39:12,285 ERROR o.a.j.u.BeanShellInterpreter: Error invoking bsh method: eval	Sourced file: inline evaluation of: ``String totalRecords = vars.get("totalRecords"); String perpage = vars.get("perpa . . . '' : Typed variable declaration : Method Invocation Integer.parseInt
2021-05-19 12:39:12,285 WARN o.a.j.e.BeanShellPostProcessor: Problem in BeanShell script: org.apache.jorphan.util.JMeterException: Error invoking bsh method: eval	Sourced file: inline evaluation of: ``String totalRecords = vars.get("totalRecords"); String perpage = vars.get("perpa . . . '' : Typed variable declaration : Method Invocation Integer.parseInt
2021-05-19 12:40:03,878 INFO o.a.j.r.Summariser: summary +     17 in 00:01:04 =    0.3/s Avg:  2334 Min:   365 Max:  9546 Err:     0 (0.00%) Active: 1 Started: 1 Finished: 0
2021-05-19 12:40:03,879 INFO o.a.j.r.Summariser: summary =    143 in 00:05:01 =    0.5/s Avg:  1337 Min:   295 Max: 11742 Err:     0 (0.00%)
2021-05-19 12:40:31,295 INFO o.a.j.r.Summariser: summary +     15 in 00:00:27 =    0.5/s Avg:  1826 Min:   315 Max: 12180 Err:     0 (0.00%) Active: 1 Started: 1 Finished: 0
2021-05-19 12:40:31,295 INFO o.a.j.r.Summariser: summary =    158 in 00:05:28 =    0.5/s Avg:  1384 Min:   295 Max: 12180 Err:     0 (0.00%)
2021-05-19 12:40:52,724 INFO o.a.j.t.JMeterThread: Thread is done: L0-iSource 1-1
2021-05-19 12:40:52,724 INFO o.a.j.t.JMeterThread: Thread finished: L0-iSource 1-1
2021-05-19 12:40:52,725 INFO o.a.j.e.StandardJMeterEngine: Notifying test listeners of end of test
2021-05-19 12:40:52,725 INFO o.a.j.s.FileServer: Close: D:\apache-jmeter-5.1\apache-jmeter-5.1\bin\excel\isource\Partner_ZCS_Users.csv
2021-05-19 12:40:52,726 INFO o.a.j.r.Summariser: summary +      8 in 00:00:21 =    0.4/s Avg:  1921 Min:   291 Max: 11878 Err:     0 (0.00%) Active: 0 Started: 1 Finished: 1
2021-05-19 12:40:52,726 INFO o.a.j.r.Summariser: summary =    166 in 00:05:50 =    0.5/s Avg:  1410 Min:   291 Max: 12180 Err:     0 (0.00%)
2021-05-19 12:40:52,726 INFO o.a.j.JMeter: Generating Dashboard
2021-05-19 12:40:52,726 INFO o.a.j.r.d.ReportGenerator: Flushing result collector before report Generation
2021-05-19 12:40:52,739 INFO o.a.j.r.p.NormalizerSampleConsumer: Using format, 'ms', to parse timeStamp field
2021-05-19 12:40:52,821 INFO o.a.j.r.p.AbstractSampleConsumer: class org.apache.jmeter.report.processor.AggregateConsumer#stopProducing(): beginDate produced 0 samples
2021-05-19 12:40:52,821 INFO o.a.j.r.p.AbstractSampleConsumer: class org.apache.jmeter.report.processor.AggregateConsumer#stopProducing(): endDate produced 0 samples
2021-05-19 12:40:52,823 INFO o.a.j.r.p.AbstractSampleConsumer: class org.apache.jmeter.report.processor.ApdexSummaryConsumer#stopProducing(): apdexSummary produced 0 samples
2021-05-19 12:40:52,823 INFO o.a.j.r.p.AbstractSampleConsumer: class org.apache.jmeter.report.processor.RequestsSummaryConsumer#stopProducing(): requestsSummary produced 0 samples
2021-05-19 12:40:52,827 INFO o.a.j.r.p.AbstractSampleConsumer: class org.apache.jmeter.report.processor.StatisticsSummaryConsumer#stopProducing(): statisticsSummary produced 0 samples
2021-05-19 12:40:52,831 INFO o.a.j.r.p.AbstractSampleConsumer: class org.apache.jmeter.report.processor.Top5ErrorsBySamplerConsumer#stopProducing(): top5ErrorsBySampler produced 0 samples
2021-05-19 12:40:52,831 INFO o.a.j.r.p.AbstractSampleConsumer: class org.apache.jmeter.report.processor.ErrorsSummaryConsumer#stopProducing(): errorsSummary produced 0 samples
2021-05-19 12:40:52,831 INFO o.a.j.r.p.AbstractSampleConsumer: class org.apache.jmeter.report.processor.graph.impl.HitsPerSecondGraphConsumer#stopProducing(): hitsPerSecond produced 0 samples
2021-05-19 12:40:52,840 INFO o.a.j.r.p.AbstractSampleConsumer: class org.apache.jmeter.report.processor.graph.impl.LatencyVSRequestGraphConsumer#stopProducing(): latencyVsRequest produced 0 samples
2021-05-19 12:40:52,841 INFO o.a.j.r.p.AbstractSampleConsumer: class org.apache.jmeter.report.processor.graph.impl.SyntheticResponseTimeDistributionGraphConsumer#stopProducing(): syntheticResponseTimeDistribution produced 0 samples
2021-05-19 12:40:52,841 INFO o.a.j.r.p.AbstractSampleConsumer: class org.apache.jmeter.report.processor.graph.impl.BytesThroughputGraphConsumer#stopProducing(): bytesThroughputOverTime produced 0 samples
2021-05-19 12:40:52,841 INFO o.a.j.r.p.AbstractSampleConsumer: class org.apache.jmeter.report.processor.graph.impl.CodesPerSecondGraphConsumer#stopProducing(): codesPerSecond produced 0 samples
2021-05-19 12:40:52,845 INFO o.a.j.r.p.AbstractSampleConsumer: class org.apache.jmeter.report.processor.graph.impl.ResponseTimeVSRequestGraphConsumer#stopProducing(): responseTimeVsRequest produced 0 samples
2021-05-19 12:40:52,845 INFO o.a.j.r.p.AbstractSampleConsumer: class org.apache.jmeter.report.processor.FilterConsumer#stopProducing(): startIntervalControlerFilter produced 1162 samples
2021-05-19 12:40:52,845 INFO o.a.j.r.p.AbstractSampleConsumer: class org.apache.jmeter.report.processor.graph.impl.TotalTPSGraphConsumer#stopProducing(): totalTPS produced 0 samples
2021-05-19 12:40:52,845 INFO o.a.j.r.p.AbstractSampleConsumer: class org.apache.jmeter.report.processor.graph.impl.ActiveThreadsGraphConsumer#stopProducing(): activeThreadsOverTime produced 0 samples
2021-05-19 12:40:52,846 INFO o.a.j.r.p.AbstractSampleConsumer: class org.apache.jmeter.report.processor.graph.impl.TimeVSThreadGraphConsumer#stopProducing(): timeVsThreads produced 0 samples
2021-05-19 12:40:52,856 INFO o.a.j.r.p.AbstractSampleConsumer: class org.apache.jmeter.report.processor.graph.impl.ResponseTimeDistributionGraphConsumer#stopProducing(): responseTimeDistribution produced 0 samples
2021-05-19 12:40:52,857 INFO o.a.j.r.p.AbstractSampleConsumer: class org.apache.jmeter.report.processor.graph.impl.TransactionsPerSecondGraphConsumer#stopProducing(): transactionsPerSecond produced 0 samples
2021-05-19 12:40:52,858 INFO o.a.j.r.p.AbstractSampleConsumer: class org.apache.jmeter.report.processor.graph.impl.ResponseTimePercentilesGraphConsumer#stopProducing(): responseTimePercentiles produced 0 samples
2021-05-19 12:40:52,877 INFO o.a.j.r.p.AbstractSampleConsumer: class org.apache.jmeter.report.processor.graph.impl.ResponseTimePercentilesOverTimeGraphConsumer#stopProducing(): responseTimePercentilesOverTime produced 0 samples
2021-05-19 12:40:52,877 INFO o.a.j.r.p.AbstractSampleConsumer: class org.apache.jmeter.report.processor.graph.impl.ResponseTimeOverTimeGraphConsumer#stopProducing(): responseTimesOverTime produced 0 samples
2021-05-19 12:40:52,878 INFO o.a.j.r.p.AbstractSampleConsumer: class org.apache.jmeter.report.processor.graph.impl.ConnectTimeOverTimeGraphConsumer#stopProducing(): connectTimeOverTime produced 0 samples
2021-05-19 12:40:52,879 INFO o.a.j.r.p.AbstractSampleConsumer: class org.apache.jmeter.report.processor.graph.impl.LatencyOverTimeGraphConsumer#stopProducing(): latenciesOverTime produced 0 samples
2021-05-19 12:40:52,880 INFO o.a.j.r.p.AbstractSampleConsumer: class org.apache.jmeter.report.processor.FilterConsumer#stopProducing(): nameFilter produced 2835 samples
2021-05-19 12:40:52,880 INFO o.a.j.r.p.AbstractSampleConsumer: class org.apache.jmeter.report.processor.FilterConsumer#stopProducing(): dateRangeFilter produced 567 samples
2021-05-19 12:40:52,880 INFO o.a.j.r.p.AbstractSampleConsumer: class org.apache.jmeter.report.processor.NormalizerSampleConsumer#stopProducing(): normalizer produced 189 samples
2021-05-19 12:40:52,880 INFO o.a.j.r.p.CsvFileSampleSource: produce(): 189 samples produced in 123ms on channel 0
2021-05-19 12:40:52,881 INFO o.a.j.r.d.ReportGenerator: Exporting data using exporter:'json' of className:'org.apache.jmeter.report.dashboard.JsonExporter'
2021-05-19 12:40:52,882 INFO o.a.j.r.d.JsonExporter: Found data for consumer statisticsSummary in context
2021-05-19 12:40:52,882 INFO o.a.j.r.d.JsonExporter: Creating statistics for overall
2021-05-19 12:40:52,883 INFO o.a.j.r.d.JsonExporter: Creating statistics for other transactions
2021-05-19 12:40:52,883 INFO o.a.j.r.d.JsonExporter: Checking output folder
2021-05-19 12:40:52,885 INFO o.a.j.r.d.JsonExporter: Writing statistics JSON to C:\xampp\htdocs\PerformancePostgres\L0_iSource_10_RFQMultipleQuestionsPublish_2021-05-19_5\statistics.json
2021-05-19 12:40:53,034 INFO o.a.j.r.d.ReportGenerator: Exporting data using exporter:'html' of className:'org.apache.jmeter.report.dashboard.HtmlTemplateExporter'
2021-05-19 12:40:53,037 INFO o.a.j.r.d.HtmlTemplateExporter: Will generate dashboard in folder: C:\xampp\htdocs\PerformancePostgres\L0_iSource_10_RFQMultipleQuestionsPublish_2021-05-19_5
2021-05-19 12:40:53,339 INFO o.a.j.r.d.HtmlTemplateExporter: Report will be generated in: C:\xampp\htdocs\PerformancePostgres\L0_iSource_10_RFQMultipleQuestionsPublish_2021-05-19_5, creating folder structure
2021-05-19 12:40:53,343 INFO o.a.j.r.d.TemplateVisitor: Copying folder from 'D:\apache-jmeter-5.1\apache-jmeter-5.1\bin\report-template' to 'C:\xampp\htdocs\PerformancePostgres\L0_iSource_10_RFQMultipleQuestionsPublish_2021-05-19_5', got message:[C:\xampp\htdocs\PerformancePostgres\L0_iSource_10_RFQMultipleQuestionsPublish_2021-05-19_5\statistics.json], found non empty folder with following content {}, will be ignored
2021-05-19 12:40:54,200 INFO o.a.j.JMeter: Dashboard generated
