2021-05-19 13:24:41,812 INFO o.a.j.u.JMeterUtils: Setting Locale to en_EN
2021-05-19 13:24:41,822 INFO o.a.j.JMeter: Loading user properties from: user.properties
2021-05-19 13:24:41,823 INFO o.a.j.JMeter: Loading system properties from: system.properties
2021-05-19 13:24:41,823 INFO o.a.j.JMeter: Setting JMeter property: meter.reportgenerator.report_title=AuctionAddSuppliers
2021-05-19 13:24:41,823 INFO o.a.j.JMeter: Setting JMeter property: thread=10
2021-05-19 13:24:41,823 INFO o.a.j.JMeter: Setting JMeter property: rampup=50
2021-05-19 13:24:41,828 INFO o.a.j.JMeter: Copyright (c) 1998-2019 The Apache Software Foundation
2021-05-19 13:24:41,828 INFO o.a.j.JMeter: Version 5.1 r1853635
2021-05-19 13:24:41,829 INFO o.a.j.JMeter: java.version=1.8.0_121
2021-05-19 13:24:41,829 INFO o.a.j.JMeter: java.vm.name=Java HotSpot(TM) 64-Bit Server VM
2021-05-19 13:24:41,829 INFO o.a.j.JMeter: os.name=Windows 10
2021-05-19 13:24:41,829 INFO o.a.j.JMeter: os.arch=amd64
2021-05-19 13:24:41,829 INFO o.a.j.JMeter: os.version=10.0
2021-05-19 13:24:41,829 INFO o.a.j.JMeter: file.encoding=Cp1252
2021-05-19 13:24:41,829 INFO o.a.j.JMeter: java.awt.headless=true
2021-05-19 13:24:41,829 INFO o.a.j.JMeter: Max memory     =8589934592
2021-05-19 13:24:41,829 INFO o.a.j.JMeter: Available Processors =6
2021-05-19 13:24:41,831 INFO o.a.j.JMeter: Default Locale=English (EN)
2021-05-19 13:24:41,832 INFO o.a.j.JMeter: JMeter  Locale=English (EN)
2021-05-19 13:24:41,832 INFO o.a.j.JMeter: JMeterHome=D:\apache-jmeter-5.1\apache-jmeter-5.1
2021-05-19 13:24:41,832 INFO o.a.j.JMeter: user.dir  =D:\apache-jmeter-5.1\apache-jmeter-5.1\bin
2021-05-19 13:24:41,832 INFO o.a.j.JMeter: PWD       =D:\apache-jmeter-5.1\apache-jmeter-5.1\bin
2021-05-19 13:24:41,839 INFO o.a.j.JMeter: IP: 172.30.225.123 Name: ZIPLSY2278 FullName: ZIPLSY2278.zycus.net
2021-05-19 13:24:41,840 INFO o.a.j.JMeter: Setting property 'jmeter.reportgenerator.outputdir' to:'C:\xampp\htdocs\PerformancePostgres\L0_iSource_10_AuctionAddSuppliers_2021-05-19_3'
2021-05-19 13:24:41,842 INFO o.a.j.s.FileServer: Default base='D:\apache-jmeter-5.1\apache-jmeter-5.1\bin'
2021-05-19 13:24:41,846 INFO o.a.j.s.FileServer: Set new base='D:\PostrgresMigration\iSource'
2021-05-19 13:24:41,942 INFO o.a.j.s.SaveService: Testplan (JMX) version: 2.2. Testlog (JTL) version: 2.2
2021-05-19 13:24:41,950 INFO o.a.j.s.SaveService: Using SaveService properties file encoding UTF-8
2021-05-19 13:24:41,955 INFO o.a.j.s.SaveService: Using SaveService properties version 5.0
2021-05-19 13:24:41,960 INFO o.a.j.s.SaveService: Loading file: D:\PostrgresMigration\iSource\L1_iSource_AuctionAddSuppliers.jmx
2021-05-19 13:24:41,998 INFO o.a.j.p.h.c.CookieManager: Settings: Delete null: true Check: true Allow variable: true Save: false Prefix: COOKIE_
2021-05-19 13:24:42,002 INFO o.a.j.p.h.c.CacheManager: Will only cache the following methods: [GET]
2021-05-19 13:24:42,010 INFO o.a.j.p.h.s.HTTPSamplerBase: Parser for text/html is org.apache.jmeter.protocol.http.parser.LagartoBasedHtmlParser
2021-05-19 13:24:42,010 INFO o.a.j.p.h.s.HTTPSamplerBase: Parser for application/xhtml+xml is org.apache.jmeter.protocol.http.parser.LagartoBasedHtmlParser
2021-05-19 13:24:42,010 INFO o.a.j.p.h.s.HTTPSamplerBase: Parser for application/xml is org.apache.jmeter.protocol.http.parser.LagartoBasedHtmlParser
2021-05-19 13:24:42,010 INFO o.a.j.p.h.s.HTTPSamplerBase: Parser for text/xml is org.apache.jmeter.protocol.http.parser.LagartoBasedHtmlParser
2021-05-19 13:24:42,010 INFO o.a.j.p.h.s.HTTPSamplerBase: Parser for text/vnd.wap.wml is org.apache.jmeter.protocol.http.parser.RegexpHTMLParser
2021-05-19 13:24:42,011 INFO o.a.j.p.h.s.HTTPSamplerBase: Parser for text/css is org.apache.jmeter.protocol.http.parser.CssParser
2021-05-19 13:24:42,320 INFO o.a.j.JMeter: Creating summariser <summary>
2021-05-19 13:24:42,326 INFO o.a.j.r.d.ReportGenerator: ReportGenerator will use for Parsing the separator: ','
2021-05-19 13:24:42,326 INFO o.a.j.r.d.ReportGenerator: Will generate report at end of test from  results file: D:\PostrgresMigration\iSource\JTL\L0_iSource_10_AuctionAddSuppliers_2021-05-19_3.jtl
2021-05-19 13:24:42,326 INFO o.a.j.r.d.ReportGenerator: Reading report generator properties from: D:\apache-jmeter-5.1\apache-jmeter-5.1\bin\reportgenerator.properties
2021-05-19 13:24:42,327 INFO o.a.j.r.d.ReportGenerator: Merging with JMeter properties
2021-05-19 13:24:42,332 INFO o.a.j.r.c.ReportGeneratorConfiguration: Property 'jmeter.reportgenerator.temp_dir' not found, using default value 'temp' instead.
2021-05-19 13:24:42,334 INFO o.a.j.r.c.ReportGeneratorConfiguration: Property 'jmeter.reportgenerator.apdex_per_transaction' not found, using default value 'null' instead.
2021-05-19 13:24:42,334 INFO o.a.j.r.c.ReportGeneratorConfiguration: apdex_per_transaction : {} is empty, not APDEX per transaction customization
2021-05-19 13:24:42,334 INFO o.a.j.r.c.ReportGeneratorConfiguration: Property 'jmeter.reportgenerator.sample_filter' not found, using default value 'null' instead.
2021-05-19 13:24:42,334 INFO o.a.j.r.c.ReportGeneratorConfiguration: Property 'jmeter.reportgenerator.report_title' not found, using default value 'null' instead.
2021-05-19 13:24:42,335 INFO o.a.j.r.c.ReportGeneratorConfiguration: Property 'jmeter.reportgenerator.start_date' not found, using default value 'null' instead.
2021-05-19 13:24:42,335 INFO o.a.j.r.c.ReportGeneratorConfiguration: Property 'jmeter.reportgenerator.end_date' not found, using default value 'null' instead.
2021-05-19 13:24:42,335 INFO o.a.j.r.c.ReportGeneratorConfiguration: Property 'jmeter.reportgenerator.date_format' not found, using default value 'null' instead.
2021-05-19 13:24:42,335 INFO o.a.j.r.c.ReportGeneratorConfiguration: Will use date range start date: null, end date: null
2021-05-19 13:24:42,342 INFO o.a.j.r.c.ReportGeneratorConfiguration: Property 'jmeter.reportgenerator.graph.totalTPS.exclude_controllers' not found, using default value 'false' instead.
2021-05-19 13:24:42,342 INFO o.a.j.r.c.ReportGeneratorConfiguration: Property 'jmeter.reportgenerator.graph.activeThreadsOverTime.exclude_controllers' not found, using default value 'false' instead.
2021-05-19 13:24:42,342 INFO o.a.j.r.c.ReportGeneratorConfiguration: Property 'jmeter.reportgenerator.graph.timeVsThreads.exclude_controllers' not found, using default value 'false' instead.
2021-05-19 13:24:42,342 INFO o.a.j.r.c.ReportGeneratorConfiguration: Property 'jmeter.reportgenerator.graph.responseTimeDistribution.exclude_controllers' not found, using default value 'false' instead.
2021-05-19 13:24:42,343 INFO o.a.j.r.c.ReportGeneratorConfiguration: Property 'jmeter.reportgenerator.graph.transactionsPerSecond.exclude_controllers' not found, using default value 'false' instead.
2021-05-19 13:24:42,343 INFO o.a.j.r.c.ReportGeneratorConfiguration: Property 'jmeter.reportgenerator.graph.responseTimePercentiles.exclude_controllers' not found, using default value 'false' instead.
2021-05-19 13:24:42,343 INFO o.a.j.r.c.ReportGeneratorConfiguration: Property 'jmeter.reportgenerator.graph.responseTimePercentilesOverTime.exclude_controllers' not found, using default value 'false' instead.
2021-05-19 13:24:42,343 INFO o.a.j.r.c.ReportGeneratorConfiguration: Property 'jmeter.reportgenerator.graph.responseTimesOverTime.exclude_controllers' not found, using default value 'false' instead.
2021-05-19 13:24:42,343 INFO o.a.j.r.c.ReportGeneratorConfiguration: Property 'jmeter.reportgenerator.graph.connectTimeOverTime.exclude_controllers' not found, using default value 'false' instead.
2021-05-19 13:24:42,343 INFO o.a.j.r.c.ReportGeneratorConfiguration: Property 'jmeter.reportgenerator.graph.latenciesOverTime.exclude_controllers' not found, using default value 'false' instead.
2021-05-19 13:24:42,344 INFO o.a.j.r.c.ReportGeneratorConfiguration: Property 'jmeter.reportgenerator.exporter.json.filters_only_sample_series' not found, using default value 'true' instead.
2021-05-19 13:24:42,344 INFO o.a.j.r.c.ReportGeneratorConfiguration: Property 'jmeter.reportgenerator.exporter.json.series_filter' not found, using default value '' instead.
2021-05-19 13:24:42,344 INFO o.a.j.r.c.ReportGeneratorConfiguration: Property 'jmeter.reportgenerator.exporter.json.show_controllers_only' not found, using default value 'false' instead.
2021-05-19 13:24:42,345 INFO o.a.j.r.c.ReportGeneratorConfiguration: Property 'jmeter.reportgenerator.exporter.html.filters_only_sample_series' not found, using default value 'true' instead.
2021-05-19 13:24:42,345 INFO o.a.j.r.c.ReportGeneratorConfiguration: Property 'jmeter.reportgenerator.exporter.html.series_filter' not found, using default value '' instead.
2021-05-19 13:24:42,345 INFO o.a.j.r.c.ReportGeneratorConfiguration: Property 'jmeter.reportgenerator.exporter.html.show_controllers_only' not found, using default value 'false' instead.
2021-05-19 13:24:42,352 INFO o.a.j.e.StandardJMeterEngine: Running the test!
2021-05-19 13:24:42,360 INFO o.a.j.s.SampleEvent: List of sample_variables: []
2021-05-19 13:24:42,361 INFO o.a.j.s.SampleEvent: List of sample_variables: []
2021-05-19 13:24:42,368 INFO o.a.j.e.u.CompoundVariable: Note: Function class names must contain the string: '.functions.'
2021-05-19 13:24:42,368 INFO o.a.j.e.u.CompoundVariable: Note: Function class names must not contain the string: '.gui.'
2021-05-19 13:24:42,728 INFO o.a.j.JMeter: Running test (1621410882728)
2021-05-19 13:24:42,786 INFO o.a.j.e.StandardJMeterEngine: Starting ThreadGroup: 1 : L1-iSource-AuctionAddSuppliers-Job
2021-05-19 13:24:42,786 INFO o.a.j.e.StandardJMeterEngine: Starting 10 threads for group L1-iSource-AuctionAddSuppliers-Job.
2021-05-19 13:24:42,786 INFO o.a.j.e.StandardJMeterEngine: Thread will stop on error
2021-05-19 13:24:42,787 INFO o.a.j.t.ThreadGroup: Starting thread group... number=1 threads=10 ramp-up=50 perThread=5000.0 delayedStart=false
2021-05-19 13:24:42,820 INFO o.a.j.s.SampleResult: Note: Sample TimeStamps are START times
2021-05-19 13:24:42,821 INFO o.a.j.s.SampleResult: sampleresult.default.encoding is set to ISO-8859-1
2021-05-19 13:24:42,821 INFO o.a.j.s.SampleResult: sampleresult.useNanoTime=true
2021-05-19 13:24:42,821 INFO o.a.j.s.SampleResult: sampleresult.nanoThreadSleep=5000
2021-05-19 13:24:42,827 INFO o.a.j.t.JMeterThread: Thread started: L1-iSource-AuctionAddSuppliers-Job 1-1
2021-05-19 13:24:42,828 INFO o.a.j.c.LoopController: iterationStart called on 5.6# Questions_Text with source org.apache.jmeter.control.LoopController@7149056d and iteration 1
2021-05-19 13:24:42,829 INFO o.a.j.s.FileServer: Stored: D:\apache-jmeter-5.1\apache-jmeter-5.1\bin\excel\isource\Partner_ZCS_Users.csv
2021-05-19 13:24:42,845 INFO o.a.j.p.h.s.HTTPHCAbstractImpl: Local host = ZIPLSY2278
2021-05-19 13:24:42,850 INFO o.a.j.p.h.s.HTTPHC4Impl: HTTP request retry count = 0
2021-05-19 13:24:42,933 INFO o.a.j.p.h.s.h.LazyLayeredConnectionSocketFactory: Setting up HTTPS TrustAll Socket Factory
2021-05-19 13:24:42,941 INFO o.a.j.u.JsseSSLManager: Using default SSL protocol: TLS
2021-05-19 13:24:42,941 INFO o.a.j.u.JsseSSLManager: SSL session context: per-thread
2021-05-19 13:24:43,063 INFO o.a.j.t.ThreadGroup: Started thread group number 1
2021-05-19 13:24:43,063 INFO o.a.j.e.StandardJMeterEngine: All thread groups have been started
2021-05-19 13:24:43,531 INFO o.a.j.u.SSLManager: JmeterKeyStore Location:  type JKS
2021-05-19 13:24:43,533 INFO o.a.j.u.SSLManager: KeyStore created OK
2021-05-19 13:24:43,534 WARN o.a.j.u.SSLManager: Keystore file not found, loading empty keystore
2021-05-19 13:24:47,855 INFO o.a.j.t.JMeterThread: Thread started: L1-iSource-AuctionAddSuppliers-Job 1-2
2021-05-19 13:24:47,857 INFO o.a.j.c.LoopController: iterationStart called on 5.6# Questions_Text with source org.apache.jmeter.control.LoopController@427388d7 and iteration 1
2021-05-19 13:24:52,900 INFO o.a.j.t.JMeterThread: Thread started: L1-iSource-AuctionAddSuppliers-Job 1-3
2021-05-19 13:24:52,900 INFO o.a.j.c.LoopController: iterationStart called on 5.6# Questions_Text with source org.apache.jmeter.control.LoopController@43b20007 and iteration 1
2021-05-19 13:24:57,929 INFO o.a.j.t.JMeterThread: Thread started: L1-iSource-AuctionAddSuppliers-Job 1-4
2021-05-19 13:24:57,929 INFO o.a.j.c.LoopController: iterationStart called on 5.6# Questions_Text with source org.apache.jmeter.control.LoopController@2f27d91e and iteration 1
2021-05-19 13:25:00,390 INFO o.a.j.r.Summariser: summary +     39 in 00:00:18 =    2.2/s Avg:   400 Min:    14 Max:  2696 Err:     0 (0.00%) Active: 4 Started: 4 Finished: 0
2021-05-19 13:25:02,952 INFO o.a.j.t.JMeterThread: Thread started: L1-iSource-AuctionAddSuppliers-Job 1-5
2021-05-19 13:25:02,954 INFO o.a.j.c.LoopController: iterationStart called on 5.6# Questions_Text with source org.apache.jmeter.control.LoopController@73134ca7 and iteration 1
2021-05-19 13:25:07,971 INFO o.a.j.t.JMeterThread: Thread started: L1-iSource-AuctionAddSuppliers-Job 1-6
2021-05-19 13:25:07,972 INFO o.a.j.c.LoopController: iterationStart called on 5.6# Questions_Text with source org.apache.jmeter.control.LoopController@546a1c1 and iteration 1
2021-05-19 13:25:12,992 INFO o.a.j.t.JMeterThread: Thread started: L1-iSource-AuctionAddSuppliers-Job 1-7
2021-05-19 13:25:12,993 INFO o.a.j.c.LoopController: iterationStart called on 5.6# Questions_Text with source org.apache.jmeter.control.LoopController@606f18e2 and iteration 1
2021-05-19 13:25:18,010 INFO o.a.j.t.JMeterThread: Thread started: L1-iSource-AuctionAddSuppliers-Job 1-8
2021-05-19 13:25:18,010 INFO o.a.j.c.LoopController: iterationStart called on 5.6# Questions_Text with source org.apache.jmeter.control.LoopController@580c6060 and iteration 1
2021-05-19 13:25:23,038 INFO o.a.j.t.JMeterThread: Thread started: L1-iSource-AuctionAddSuppliers-Job 1-9
2021-05-19 13:25:23,039 INFO o.a.j.c.LoopController: iterationStart called on 5.6# Questions_Text with source org.apache.jmeter.control.LoopController@6f7956b6 and iteration 1
2021-05-19 13:25:28,066 INFO o.a.j.t.JMeterThread: Thread started: L1-iSource-AuctionAddSuppliers-Job 1-10
2021-05-19 13:25:28,066 INFO o.a.j.c.LoopController: iterationStart called on 5.6# Questions_Text with source org.apache.jmeter.control.LoopController@5396e75f and iteration 1
2021-05-19 13:25:30,012 INFO o.a.j.r.Summariser: summary +    148 in 00:00:30 =    5.0/s Avg:   683 Min:    13 Max: 12076 Err:     0 (0.00%) Active: 10 Started: 10 Finished: 0
2021-05-19 13:25:30,013 INFO o.a.j.r.Summariser: summary =    187 in 00:00:47 =    4.0/s Avg:   624 Min:    13 Max: 12076 Err:     0 (0.00%)
2021-05-19 13:26:00,229 INFO o.a.j.r.Summariser: summary +    140 in 00:00:30 =    4.6/s Avg:  1334 Min:    70 Max: 12365 Err:     0 (0.00%) Active: 10 Started: 10 Finished: 0
2021-05-19 13:26:00,230 INFO o.a.j.r.Summariser: summary =    327 in 00:01:18 =    4.2/s Avg:   928 Min:    13 Max: 12365 Err:     0 (0.00%)
2021-05-19 13:26:30,123 INFO o.a.j.r.Summariser: summary +    133 in 00:00:30 =    4.4/s Avg:   991 Min:   253 Max: 12202 Err:     0 (0.00%) Active: 10 Started: 10 Finished: 0
2021-05-19 13:26:30,123 INFO o.a.j.r.Summariser: summary =    460 in 00:01:47 =    4.3/s Avg:   946 Min:    13 Max: 12365 Err:     0 (0.00%)
2021-05-19 13:26:32,785 INFO o.a.j.s.FileServer: Stored: D:\apache-jmeter-5.1\apache-jmeter-5.1\bin\excel\isource\buyer_5_items.xlsx
2021-05-19 13:27:00,146 INFO o.a.j.r.Summariser: summary +     85 in 00:00:30 =    2.8/s Avg:  2022 Min:   256 Max: 17135 Err:     0 (0.00%) Active: 10 Started: 10 Finished: 0
2021-05-19 13:27:00,147 INFO o.a.j.r.Summariser: summary =    545 in 00:02:17 =    4.0/s Avg:  1114 Min:    13 Max: 17135 Err:     0 (0.00%)
2021-05-19 13:27:14,479 INFO o.a.j.t.JMeterThread: Stop Thread detected by thread: L1-iSource-AuctionAddSuppliers-Job 1-3
2021-05-19 13:27:14,479 INFO o.a.j.t.JMeterThread: Thread finished: L1-iSource-AuctionAddSuppliers-Job 1-3
2021-05-19 13:27:23,983 INFO o.a.j.t.JMeterThread: Stop Thread detected by thread: L1-iSource-AuctionAddSuppliers-Job 1-2
2021-05-19 13:27:23,983 INFO o.a.j.t.JMeterThread: Thread finished: L1-iSource-AuctionAddSuppliers-Job 1-2
2021-05-19 13:27:30,068 INFO o.a.j.r.Summariser: summary +     78 in 00:00:30 =    2.6/s Avg:  2553 Min:   253 Max: 22051 Err:     2 (2.56%) Active: 8 Started: 10 Finished: 2
2021-05-19 13:27:30,070 INFO o.a.j.r.Summariser: summary =    623 in 00:02:47 =    3.7/s Avg:  1294 Min:    13 Max: 22051 Err:     2 (0.32%)
2021-05-19 13:27:37,388 INFO o.a.j.t.JMeterThread: Stop Thread detected by thread: L1-iSource-AuctionAddSuppliers-Job 1-8
2021-05-19 13:27:37,388 INFO o.a.j.t.JMeterThread: Thread finished: L1-iSource-AuctionAddSuppliers-Job 1-8
2021-05-19 13:27:43,587 INFO o.a.j.t.JMeterThread: Stop Thread detected by thread: L1-iSource-AuctionAddSuppliers-Job 1-7
2021-05-19 13:27:43,587 INFO o.a.j.t.JMeterThread: Thread finished: L1-iSource-AuctionAddSuppliers-Job 1-7
2021-05-19 13:28:00,023 INFO o.a.j.r.Summariser: summary +    101 in 00:00:30 =    3.4/s Avg:  1311 Min:   295 Max: 18882 Err:     2 (1.98%) Active: 6 Started: 10 Finished: 4
2021-05-19 13:28:00,024 INFO o.a.j.r.Summariser: summary =    724 in 00:03:17 =    3.7/s Avg:  1296 Min:    13 Max: 22051 Err:     4 (0.55%)
2021-05-19 13:28:00,503 INFO o.a.j.t.JMeterThread: Stop Thread detected by thread: L1-iSource-AuctionAddSuppliers-Job 1-4
2021-05-19 13:28:00,503 INFO o.a.j.t.JMeterThread: Thread finished: L1-iSource-AuctionAddSuppliers-Job 1-4
2021-05-19 13:28:06,918 INFO o.a.j.t.JMeterThread: Stop Thread detected by thread: L1-iSource-AuctionAddSuppliers-Job 1-5
2021-05-19 13:28:06,918 INFO o.a.j.t.JMeterThread: Thread finished: L1-iSource-AuctionAddSuppliers-Job 1-5
2021-05-19 13:28:20,204 ERROR o.a.j.u.BeanShellInterpreter: Error invoking bsh method: eval	Sourced file: inline evaluation of: ``String totalRecords = vars.get("totalRecords"); String perpage = vars.get("perpa . . . '' : Typed variable declaration : Method Invocation Integer.parseInt
2021-05-19 13:28:20,204 WARN o.a.j.e.BeanShellPostProcessor: Problem in BeanShell script: org.apache.jorphan.util.JMeterException: Error invoking bsh method: eval	Sourced file: inline evaluation of: ``String totalRecords = vars.get("totalRecords"); String perpage = vars.get("perpa . . . '' : Typed variable declaration : Method Invocation Integer.parseInt
2021-05-19 13:28:27,843 INFO o.a.j.t.JMeterThread: Stop Thread detected by thread: L1-iSource-AuctionAddSuppliers-Job 1-6
2021-05-19 13:28:27,843 INFO o.a.j.t.JMeterThread: Thread finished: L1-iSource-AuctionAddSuppliers-Job 1-6
2021-05-19 13:28:29,120 INFO o.a.j.t.JMeterThread: Stop Thread detected by thread: L1-iSource-AuctionAddSuppliers-Job 1-10
2021-05-19 13:28:29,121 INFO o.a.j.t.JMeterThread: Thread finished: L1-iSource-AuctionAddSuppliers-Job 1-10
2021-05-19 13:28:31,145 INFO o.a.j.r.Summariser: summary +     80 in 00:00:31 =    2.6/s Avg:   995 Min:   309 Max:  3446 Err:     4 (5.00%) Active: 2 Started: 10 Finished: 8
2021-05-19 13:28:31,145 INFO o.a.j.r.Summariser: summary =    804 in 00:03:48 =    3.5/s Avg:  1266 Min:    13 Max: 22051 Err:     8 (1.00%)
2021-05-19 13:28:46,263 ERROR o.a.j.u.BeanShellInterpreter: Error invoking bsh method: eval	Sourced file: inline evaluation of: ``String totalRecords = vars.get("totalRecords"); String perpage = vars.get("perpa . . . '' : Typed variable declaration : Method Invocation Integer.parseInt
2021-05-19 13:28:46,263 WARN o.a.j.e.BeanShellPostProcessor: Problem in BeanShell script: org.apache.jorphan.util.JMeterException: Error invoking bsh method: eval	Sourced file: inline evaluation of: ``String totalRecords = vars.get("totalRecords"); String perpage = vars.get("perpa . . . '' : Typed variable declaration : Method Invocation Integer.parseInt
2021-05-19 13:28:50,132 INFO o.a.j.t.JMeterThread: Thread is done: L1-iSource-AuctionAddSuppliers-Job 1-1
2021-05-19 13:28:50,133 INFO o.a.j.t.JMeterThread: Thread finished: L1-iSource-AuctionAddSuppliers-Job 1-1
2021-05-19 13:29:01,549 INFO o.a.j.r.Summariser: summary +     18 in 00:00:30 =    0.6/s Avg:  1954 Min:   310 Max:  8988 Err:     0 (0.00%) Active: 1 Started: 10 Finished: 9
2021-05-19 13:29:01,549 INFO o.a.j.r.Summariser: summary =    822 in 00:04:19 =    3.2/s Avg:  1281 Min:    13 Max: 22051 Err:     8 (0.97%)
2021-05-19 13:29:17,891 INFO o.a.j.t.JMeterThread: Thread is done: L1-iSource-AuctionAddSuppliers-Job 1-9
2021-05-19 13:29:17,891 INFO o.a.j.t.JMeterThread: Thread finished: L1-iSource-AuctionAddSuppliers-Job 1-9
2021-05-19 13:29:17,892 INFO o.a.j.e.StandardJMeterEngine: Notifying test listeners of end of test
2021-05-19 13:29:17,893 INFO o.a.j.s.FileServer: Close: D:\apache-jmeter-5.1\apache-jmeter-5.1\bin\excel\isource\Partner_ZCS_Users.csv
2021-05-19 13:29:17,896 INFO o.a.j.r.Summariser: summary +      3 in 00:00:16 =    0.2/s Avg:  3423 Min:   300 Max:  9600 Err:     0 (0.00%) Active: 0 Started: 10 Finished: 10
2021-05-19 13:29:17,897 INFO o.a.j.r.Summariser: summary =    825 in 00:04:35 =    3.0/s Avg:  1289 Min:    13 Max: 22051 Err:     8 (0.97%)
2021-05-19 13:29:17,897 INFO o.a.j.JMeter: Generating Dashboard
2021-05-19 13:29:17,897 INFO o.a.j.r.d.ReportGenerator: Flushing result collector before report Generation
2021-05-19 13:29:17,922 INFO o.a.j.r.p.NormalizerSampleConsumer: Using format, 'ms', to parse timeStamp field
2021-05-19 13:29:18,059 INFO o.a.j.r.p.AbstractSampleConsumer: class org.apache.jmeter.report.processor.AggregateConsumer#stopProducing(): beginDate produced 0 samples
2021-05-19 13:29:18,059 INFO o.a.j.r.p.AbstractSampleConsumer: class org.apache.jmeter.report.processor.AggregateConsumer#stopProducing(): endDate produced 0 samples
2021-05-19 13:29:18,061 INFO o.a.j.r.p.AbstractSampleConsumer: class org.apache.jmeter.report.processor.ApdexSummaryConsumer#stopProducing(): apdexSummary produced 0 samples
2021-05-19 13:29:18,062 INFO o.a.j.r.p.AbstractSampleConsumer: class org.apache.jmeter.report.processor.RequestsSummaryConsumer#stopProducing(): requestsSummary produced 0 samples
2021-05-19 13:29:18,068 INFO o.a.j.r.p.AbstractSampleConsumer: class org.apache.jmeter.report.processor.StatisticsSummaryConsumer#stopProducing(): statisticsSummary produced 0 samples
2021-05-19 13:29:18,072 INFO o.a.j.r.p.AbstractSampleConsumer: class org.apache.jmeter.report.processor.Top5ErrorsBySamplerConsumer#stopProducing(): top5ErrorsBySampler produced 0 samples
2021-05-19 13:29:18,072 INFO o.a.j.r.p.AbstractSampleConsumer: class org.apache.jmeter.report.processor.ErrorsSummaryConsumer#stopProducing(): errorsSummary produced 0 samples
2021-05-19 13:29:18,072 INFO o.a.j.r.p.AbstractSampleConsumer: class org.apache.jmeter.report.processor.graph.impl.HitsPerSecondGraphConsumer#stopProducing(): hitsPerSecond produced 0 samples
2021-05-19 13:29:18,088 INFO o.a.j.r.p.AbstractSampleConsumer: class org.apache.jmeter.report.processor.graph.impl.LatencyVSRequestGraphConsumer#stopProducing(): latencyVsRequest produced 0 samples
2021-05-19 13:29:18,089 INFO o.a.j.r.p.AbstractSampleConsumer: class org.apache.jmeter.report.processor.graph.impl.SyntheticResponseTimeDistributionGraphConsumer#stopProducing(): syntheticResponseTimeDistribution produced 0 samples
2021-05-19 13:29:18,089 INFO o.a.j.r.p.AbstractSampleConsumer: class org.apache.jmeter.report.processor.graph.impl.BytesThroughputGraphConsumer#stopProducing(): bytesThroughputOverTime produced 0 samples
2021-05-19 13:29:18,089 INFO o.a.j.r.p.AbstractSampleConsumer: class org.apache.jmeter.report.processor.graph.impl.CodesPerSecondGraphConsumer#stopProducing(): codesPerSecond produced 0 samples
2021-05-19 13:29:18,098 INFO o.a.j.r.p.AbstractSampleConsumer: class org.apache.jmeter.report.processor.graph.impl.ResponseTimeVSRequestGraphConsumer#stopProducing(): responseTimeVsRequest produced 0 samples
2021-05-19 13:29:18,099 INFO o.a.j.r.p.AbstractSampleConsumer: class org.apache.jmeter.report.processor.FilterConsumer#stopProducing(): startIntervalControlerFilter produced 5775 samples
2021-05-19 13:29:18,099 INFO o.a.j.r.p.AbstractSampleConsumer: class org.apache.jmeter.report.processor.graph.impl.TotalTPSGraphConsumer#stopProducing(): totalTPS produced 0 samples
2021-05-19 13:29:18,099 INFO o.a.j.r.p.AbstractSampleConsumer: class org.apache.jmeter.report.processor.graph.impl.ActiveThreadsGraphConsumer#stopProducing(): activeThreadsOverTime produced 0 samples
2021-05-19 13:29:18,099 INFO o.a.j.r.p.AbstractSampleConsumer: class org.apache.jmeter.report.processor.graph.impl.TimeVSThreadGraphConsumer#stopProducing(): timeVsThreads produced 0 samples
2021-05-19 13:29:18,106 INFO o.a.j.r.p.AbstractSampleConsumer: class org.apache.jmeter.report.processor.graph.impl.ResponseTimeDistributionGraphConsumer#stopProducing(): responseTimeDistribution produced 0 samples
2021-05-19 13:29:18,107 INFO o.a.j.r.p.AbstractSampleConsumer: class org.apache.jmeter.report.processor.graph.impl.TransactionsPerSecondGraphConsumer#stopProducing(): transactionsPerSecond produced 0 samples
2021-05-19 13:29:18,107 INFO o.a.j.r.p.AbstractSampleConsumer: class org.apache.jmeter.report.processor.graph.impl.ResponseTimePercentilesGraphConsumer#stopProducing(): responseTimePercentiles produced 0 samples
2021-05-19 13:29:18,123 INFO o.a.j.r.p.AbstractSampleConsumer: class org.apache.jmeter.report.processor.graph.impl.ResponseTimePercentilesOverTimeGraphConsumer#stopProducing(): responseTimePercentilesOverTime produced 0 samples
2021-05-19 13:29:18,124 INFO o.a.j.r.p.AbstractSampleConsumer: class org.apache.jmeter.report.processor.graph.impl.ResponseTimeOverTimeGraphConsumer#stopProducing(): responseTimesOverTime produced 0 samples
2021-05-19 13:29:18,125 INFO o.a.j.r.p.AbstractSampleConsumer: class org.apache.jmeter.report.processor.graph.impl.ConnectTimeOverTimeGraphConsumer#stopProducing(): connectTimeOverTime produced 0 samples
2021-05-19 13:29:18,126 INFO o.a.j.r.p.AbstractSampleConsumer: class org.apache.jmeter.report.processor.graph.impl.LatencyOverTimeGraphConsumer#stopProducing(): latenciesOverTime produced 0 samples
2021-05-19 13:29:18,126 INFO o.a.j.r.p.AbstractSampleConsumer: class org.apache.jmeter.report.processor.FilterConsumer#stopProducing(): nameFilter produced 14445 samples
2021-05-19 13:29:18,126 INFO o.a.j.r.p.AbstractSampleConsumer: class org.apache.jmeter.report.processor.FilterConsumer#stopProducing(): dateRangeFilter produced 2889 samples
2021-05-19 13:29:18,126 INFO o.a.j.r.p.AbstractSampleConsumer: class org.apache.jmeter.report.processor.NormalizerSampleConsumer#stopProducing(): normalizer produced 963 samples
2021-05-19 13:29:18,127 INFO o.a.j.r.p.CsvFileSampleSource: produce(): 963 samples produced in 182ms on channel 0
2021-05-19 13:29:18,127 INFO o.a.j.r.d.ReportGenerator: Exporting data using exporter:'json' of className:'org.apache.jmeter.report.dashboard.JsonExporter'
2021-05-19 13:29:18,128 INFO o.a.j.r.d.JsonExporter: Found data for consumer statisticsSummary in context
2021-05-19 13:29:18,128 INFO o.a.j.r.d.JsonExporter: Creating statistics for overall
2021-05-19 13:29:18,129 INFO o.a.j.r.d.JsonExporter: Creating statistics for other transactions
2021-05-19 13:29:18,129 INFO o.a.j.r.d.JsonExporter: Checking output folder
2021-05-19 13:29:18,131 INFO o.a.j.r.d.JsonExporter: Writing statistics JSON to C:\xampp\htdocs\PerformancePostgres\L0_iSource_10_AuctionAddSuppliers_2021-05-19_3\statistics.json
2021-05-19 13:29:18,259 INFO o.a.j.r.d.ReportGenerator: Exporting data using exporter:'html' of className:'org.apache.jmeter.report.dashboard.HtmlTemplateExporter'
2021-05-19 13:29:18,262 INFO o.a.j.r.d.HtmlTemplateExporter: Will generate dashboard in folder: C:\xampp\htdocs\PerformancePostgres\L0_iSource_10_AuctionAddSuppliers_2021-05-19_3
2021-05-19 13:29:18,464 INFO o.a.j.r.d.HtmlTemplateExporter: Report will be generated in: C:\xampp\htdocs\PerformancePostgres\L0_iSource_10_AuctionAddSuppliers_2021-05-19_3, creating folder structure
2021-05-19 13:29:18,467 INFO o.a.j.r.d.TemplateVisitor: Copying folder from 'D:\apache-jmeter-5.1\apache-jmeter-5.1\bin\report-template' to 'C:\xampp\htdocs\PerformancePostgres\L0_iSource_10_AuctionAddSuppliers_2021-05-19_3', got message:[C:\xampp\htdocs\PerformancePostgres\L0_iSource_10_AuctionAddSuppliers_2021-05-19_3\statistics.json], found non empty folder with following content {}, will be ignored
2021-05-19 13:29:19,246 INFO o.a.j.JMeter: Dashboard generated
