2021-05-31 10:10:22,332 INFO o.a.j.u.JMeterUtils: Setting Locale to en_EN
2021-05-31 10:10:22,343 INFO o.a.j.JMeter: Loading user properties from: user.properties
2021-05-31 10:10:22,344 INFO o.a.j.JMeter: Loading system properties from: system.properties
2021-05-31 10:10:22,344 INFO o.a.j.JMeter: Setting JMeter property: meter.reportgenerator.report_title=AuctionDefineSettings
2021-05-31 10:10:22,344 INFO o.a.j.JMeter: Setting JMeter property: thread=10
2021-05-31 10:10:22,344 INFO o.a.j.JMeter: Setting JMeter property: rampup=30
2021-05-31 10:10:22,348 INFO o.a.j.JMeter: Copyright (c) 1998-2019 The Apache Software Foundation
2021-05-31 10:10:22,348 INFO o.a.j.JMeter: Version 5.1 r1853635
2021-05-31 10:10:22,348 INFO o.a.j.JMeter: java.version=1.8.0_121
2021-05-31 10:10:22,348 INFO o.a.j.JMeter: java.vm.name=Java HotSpot(TM) 64-Bit Server VM
2021-05-31 10:10:22,348 INFO o.a.j.JMeter: os.name=Windows 10
2021-05-31 10:10:22,348 INFO o.a.j.JMeter: os.arch=amd64
2021-05-31 10:10:22,348 INFO o.a.j.JMeter: os.version=10.0
2021-05-31 10:10:22,348 INFO o.a.j.JMeter: file.encoding=Cp1252
2021-05-31 10:10:22,348 INFO o.a.j.JMeter: java.awt.headless=true
2021-05-31 10:10:22,348 INFO o.a.j.JMeter: Max memory     =8589934592
2021-05-31 10:10:22,348 INFO o.a.j.JMeter: Available Processors =6
2021-05-31 10:10:22,351 INFO o.a.j.JMeter: Default Locale=English (EN)
2021-05-31 10:10:22,351 INFO o.a.j.JMeter: JMeter  Locale=English (EN)
2021-05-31 10:10:22,351 INFO o.a.j.JMeter: JMeterHome=D:\apache-jmeter-5.1\apache-jmeter-5.1
2021-05-31 10:10:22,351 INFO o.a.j.JMeter: user.dir  =D:\apache-jmeter-5.1\apache-jmeter-5.1\bin
2021-05-31 10:10:22,351 INFO o.a.j.JMeter: PWD       =D:\apache-jmeter-5.1\apache-jmeter-5.1\bin
2021-05-31 10:10:22,353 INFO o.a.j.JMeter: IP: 172.30.224.67 Name: ZIPLSY2278 FullName: ZIPLSY2278.zycus.net
2021-05-31 10:10:22,354 INFO o.a.j.JMeter: Setting property 'jmeter.reportgenerator.outputdir' to:'C:\xampp\htdocs\PerformancePostgres\L0_iSource_10_AuctionDefineSettings_2021-05-31_3'
2021-05-31 10:10:22,356 INFO o.a.j.s.FileServer: Default base='D:\apache-jmeter-5.1\apache-jmeter-5.1\bin'
2021-05-31 10:10:22,359 INFO o.a.j.s.FileServer: Set new base='D:\PostrgresMigration\iSource'
2021-05-31 10:10:22,451 INFO o.a.j.s.SaveService: Testplan (JMX) version: 2.2. Testlog (JTL) version: 2.2
2021-05-31 10:10:22,461 INFO o.a.j.s.SaveService: Using SaveService properties file encoding UTF-8
2021-05-31 10:10:22,465 INFO o.a.j.s.SaveService: Using SaveService properties version 5.0
2021-05-31 10:10:22,469 INFO o.a.j.s.SaveService: Loading file: D:\PostrgresMigration\iSource\L1_iSource_AuctionDefineSettings.jmx
2021-05-31 10:10:22,506 INFO o.a.j.p.h.c.CookieManager: Settings: Delete null: true Check: true Allow variable: true Save: false Prefix: COOKIE_
2021-05-31 10:10:22,512 INFO o.a.j.p.h.c.CacheManager: Will only cache the following methods: [GET]
2021-05-31 10:10:22,519 INFO o.a.j.p.h.s.HTTPSamplerBase: Parser for text/html is org.apache.jmeter.protocol.http.parser.LagartoBasedHtmlParser
2021-05-31 10:10:22,519 INFO o.a.j.p.h.s.HTTPSamplerBase: Parser for application/xhtml+xml is org.apache.jmeter.protocol.http.parser.LagartoBasedHtmlParser
2021-05-31 10:10:22,519 INFO o.a.j.p.h.s.HTTPSamplerBase: Parser for application/xml is org.apache.jmeter.protocol.http.parser.LagartoBasedHtmlParser
2021-05-31 10:10:22,519 INFO o.a.j.p.h.s.HTTPSamplerBase: Parser for text/xml is org.apache.jmeter.protocol.http.parser.LagartoBasedHtmlParser
2021-05-31 10:10:22,519 INFO o.a.j.p.h.s.HTTPSamplerBase: Parser for text/vnd.wap.wml is org.apache.jmeter.protocol.http.parser.RegexpHTMLParser
2021-05-31 10:10:22,519 INFO o.a.j.p.h.s.HTTPSamplerBase: Parser for text/css is org.apache.jmeter.protocol.http.parser.CssParser
2021-05-31 10:10:22,742 INFO o.a.j.JMeter: Creating summariser <summary>
2021-05-31 10:10:22,746 INFO o.a.j.r.d.ReportGenerator: ReportGenerator will use for Parsing the separator: ','
2021-05-31 10:10:22,747 INFO o.a.j.r.d.ReportGenerator: Will generate report at end of test from  results file: D:\PostrgresMigration\iSource\JTL\L0_iSource_10_AuctionDefineSettings_2021-05-31_3.jtl
2021-05-31 10:10:22,747 INFO o.a.j.r.d.ReportGenerator: Reading report generator properties from: D:\apache-jmeter-5.1\apache-jmeter-5.1\bin\reportgenerator.properties
2021-05-31 10:10:22,748 INFO o.a.j.r.d.ReportGenerator: Merging with JMeter properties
2021-05-31 10:10:22,752 INFO o.a.j.r.c.ReportGeneratorConfiguration: Property 'jmeter.reportgenerator.temp_dir' not found, using default value 'temp' instead.
2021-05-31 10:10:22,754 INFO o.a.j.r.c.ReportGeneratorConfiguration: Property 'jmeter.reportgenerator.apdex_per_transaction' not found, using default value 'null' instead.
2021-05-31 10:10:22,754 INFO o.a.j.r.c.ReportGeneratorConfiguration: apdex_per_transaction : {} is empty, not APDEX per transaction customization
2021-05-31 10:10:22,754 INFO o.a.j.r.c.ReportGeneratorConfiguration: Property 'jmeter.reportgenerator.sample_filter' not found, using default value 'null' instead.
2021-05-31 10:10:22,754 INFO o.a.j.r.c.ReportGeneratorConfiguration: Property 'jmeter.reportgenerator.report_title' not found, using default value 'null' instead.
2021-05-31 10:10:22,754 INFO o.a.j.r.c.ReportGeneratorConfiguration: Property 'jmeter.reportgenerator.start_date' not found, using default value 'null' instead.
2021-05-31 10:10:22,754 INFO o.a.j.r.c.ReportGeneratorConfiguration: Property 'jmeter.reportgenerator.end_date' not found, using default value 'null' instead.
2021-05-31 10:10:22,754 INFO o.a.j.r.c.ReportGeneratorConfiguration: Property 'jmeter.reportgenerator.date_format' not found, using default value 'null' instead.
2021-05-31 10:10:22,754 INFO o.a.j.r.c.ReportGeneratorConfiguration: Will use date range start date: null, end date: null
2021-05-31 10:10:22,758 INFO o.a.j.r.c.ReportGeneratorConfiguration: Property 'jmeter.reportgenerator.graph.totalTPS.exclude_controllers' not found, using default value 'false' instead.
2021-05-31 10:10:22,758 INFO o.a.j.r.c.ReportGeneratorConfiguration: Property 'jmeter.reportgenerator.graph.activeThreadsOverTime.exclude_controllers' not found, using default value 'false' instead.
2021-05-31 10:10:22,758 INFO o.a.j.r.c.ReportGeneratorConfiguration: Property 'jmeter.reportgenerator.graph.timeVsThreads.exclude_controllers' not found, using default value 'false' instead.
2021-05-31 10:10:22,758 INFO o.a.j.r.c.ReportGeneratorConfiguration: Property 'jmeter.reportgenerator.graph.responseTimeDistribution.exclude_controllers' not found, using default value 'false' instead.
2021-05-31 10:10:22,758 INFO o.a.j.r.c.ReportGeneratorConfiguration: Property 'jmeter.reportgenerator.graph.transactionsPerSecond.exclude_controllers' not found, using default value 'false' instead.
2021-05-31 10:10:22,758 INFO o.a.j.r.c.ReportGeneratorConfiguration: Property 'jmeter.reportgenerator.graph.responseTimePercentiles.exclude_controllers' not found, using default value 'false' instead.
2021-05-31 10:10:22,758 INFO o.a.j.r.c.ReportGeneratorConfiguration: Property 'jmeter.reportgenerator.graph.responseTimePercentilesOverTime.exclude_controllers' not found, using default value 'false' instead.
2021-05-31 10:10:22,759 INFO o.a.j.r.c.ReportGeneratorConfiguration: Property 'jmeter.reportgenerator.graph.responseTimesOverTime.exclude_controllers' not found, using default value 'false' instead.
2021-05-31 10:10:22,759 INFO o.a.j.r.c.ReportGeneratorConfiguration: Property 'jmeter.reportgenerator.graph.connectTimeOverTime.exclude_controllers' not found, using default value 'false' instead.
2021-05-31 10:10:22,759 INFO o.a.j.r.c.ReportGeneratorConfiguration: Property 'jmeter.reportgenerator.graph.latenciesOverTime.exclude_controllers' not found, using default value 'false' instead.
2021-05-31 10:10:22,760 INFO o.a.j.r.c.ReportGeneratorConfiguration: Property 'jmeter.reportgenerator.exporter.json.filters_only_sample_series' not found, using default value 'true' instead.
2021-05-31 10:10:22,760 INFO o.a.j.r.c.ReportGeneratorConfiguration: Property 'jmeter.reportgenerator.exporter.json.series_filter' not found, using default value '' instead.
2021-05-31 10:10:22,760 INFO o.a.j.r.c.ReportGeneratorConfiguration: Property 'jmeter.reportgenerator.exporter.json.show_controllers_only' not found, using default value 'false' instead.
2021-05-31 10:10:22,760 INFO o.a.j.r.c.ReportGeneratorConfiguration: Property 'jmeter.reportgenerator.exporter.html.filters_only_sample_series' not found, using default value 'true' instead.
2021-05-31 10:10:22,760 INFO o.a.j.r.c.ReportGeneratorConfiguration: Property 'jmeter.reportgenerator.exporter.html.series_filter' not found, using default value '' instead.
2021-05-31 10:10:22,760 INFO o.a.j.r.c.ReportGeneratorConfiguration: Property 'jmeter.reportgenerator.exporter.html.show_controllers_only' not found, using default value 'false' instead.
2021-05-31 10:10:22,764 INFO o.a.j.e.StandardJMeterEngine: Running the test!
2021-05-31 10:10:22,764 INFO o.a.j.s.SampleEvent: List of sample_variables: []
2021-05-31 10:10:22,765 INFO o.a.j.s.SampleEvent: List of sample_variables: []
2021-05-31 10:10:22,769 INFO o.a.j.e.u.CompoundVariable: Note: Function class names must contain the string: '.functions.'
2021-05-31 10:10:22,769 INFO o.a.j.e.u.CompoundVariable: Note: Function class names must not contain the string: '.gui.'
2021-05-31 10:10:23,186 INFO o.a.j.JMeter: Running test (1622436023186)
2021-05-31 10:10:23,254 INFO o.a.j.e.StandardJMeterEngine: Starting ThreadGroup: 1 : L1-iSource-AuctionDefineSettings-Job
2021-05-31 10:10:23,254 INFO o.a.j.e.StandardJMeterEngine: Starting 10 threads for group L1-iSource-AuctionDefineSettings-Job.
2021-05-31 10:10:23,254 INFO o.a.j.e.StandardJMeterEngine: Thread will stop on error
2021-05-31 10:10:23,255 INFO o.a.j.t.ThreadGroup: Starting thread group... number=1 threads=10 ramp-up=30 perThread=3000.0 delayedStart=false
2021-05-31 10:10:23,314 INFO o.a.j.s.SampleResult: Note: Sample TimeStamps are START times
2021-05-31 10:10:23,314 INFO o.a.j.s.SampleResult: sampleresult.default.encoding is set to ISO-8859-1
2021-05-31 10:10:23,314 INFO o.a.j.s.SampleResult: sampleresult.useNanoTime=true
2021-05-31 10:10:23,314 INFO o.a.j.s.SampleResult: sampleresult.nanoThreadSleep=5000
2021-05-31 10:10:23,324 INFO o.a.j.t.JMeterThread: Thread started: L1-iSource-AuctionDefineSettings-Job 1-1
2021-05-31 10:10:23,330 INFO o.a.j.s.FileServer: Stored: D:\apache-jmeter-5.1\apache-jmeter-5.1\bin\excel\isource\Partner_ZCS_Users.csv
2021-05-31 10:10:23,349 INFO o.a.j.p.h.s.HTTPHCAbstractImpl: Local host = ZIPLSY2278
2021-05-31 10:10:23,356 INFO o.a.j.p.h.s.HTTPHC4Impl: HTTP request retry count = 0
2021-05-31 10:10:23,458 INFO o.a.j.p.h.s.h.LazyLayeredConnectionSocketFactory: Setting up HTTPS TrustAll Socket Factory
2021-05-31 10:10:23,467 INFO o.a.j.u.JsseSSLManager: Using default SSL protocol: TLS
2021-05-31 10:10:23,468 INFO o.a.j.u.JsseSSLManager: SSL session context: per-thread
2021-05-31 10:10:23,475 INFO o.a.j.t.ThreadGroup: Started thread group number 1
2021-05-31 10:10:23,475 INFO o.a.j.e.StandardJMeterEngine: All thread groups have been started
2021-05-31 10:10:23,971 INFO o.a.j.u.SSLManager: JmeterKeyStore Location:  type JKS
2021-05-31 10:10:23,973 INFO o.a.j.u.SSLManager: KeyStore created OK
2021-05-31 10:10:23,973 WARN o.a.j.u.SSLManager: Keystore file not found, loading empty keystore
2021-05-31 10:10:26,322 INFO o.a.j.t.JMeterThread: Thread started: L1-iSource-AuctionDefineSettings-Job 1-2
2021-05-31 10:10:29,331 INFO o.a.j.t.JMeterThread: Thread started: L1-iSource-AuctionDefineSettings-Job 1-3
2021-05-31 10:10:31,302 INFO o.a.j.r.Summariser: summary +      7 in 00:00:08 =    0.9/s Avg:   351 Min:    13 Max:  1316 Err:     0 (0.00%) Active: 3 Started: 3 Finished: 0
2021-05-31 10:10:32,353 INFO o.a.j.t.JMeterThread: Thread started: L1-iSource-AuctionDefineSettings-Job 1-4
2021-05-31 10:10:35,380 INFO o.a.j.t.JMeterThread: Thread started: L1-iSource-AuctionDefineSettings-Job 1-5
2021-05-31 10:10:38,401 INFO o.a.j.t.JMeterThread: Thread started: L1-iSource-AuctionDefineSettings-Job 1-6
2021-05-31 10:10:41,423 INFO o.a.j.t.JMeterThread: Thread started: L1-iSource-AuctionDefineSettings-Job 1-7
2021-05-31 10:10:44,450 INFO o.a.j.t.JMeterThread: Thread started: L1-iSource-AuctionDefineSettings-Job 1-8
2021-05-31 10:10:47,464 INFO o.a.j.t.JMeterThread: Thread started: L1-iSource-AuctionDefineSettings-Job 1-9
2021-05-31 10:10:50,478 INFO o.a.j.t.JMeterThread: Thread started: L1-iSource-AuctionDefineSettings-Job 1-10
2021-05-31 10:11:00,192 INFO o.a.j.r.Summariser: summary +    184 in 00:00:29 =    6.4/s Avg:   334 Min:    12 Max:  1140 Err:     0 (0.00%) Active: 10 Started: 10 Finished: 0
2021-05-31 10:11:00,193 INFO o.a.j.r.Summariser: summary =    191 in 00:00:37 =    5.2/s Avg:   334 Min:    12 Max:  1316 Err:     0 (0.00%)
2021-05-31 10:11:30,635 INFO o.a.j.r.Summariser: summary +     88 in 00:00:30 =    2.9/s Avg:  3170 Min:   247 Max: 22347 Err:     0 (0.00%) Active: 10 Started: 10 Finished: 0
2021-05-31 10:11:30,635 INFO o.a.j.r.Summariser: summary =    279 in 00:01:07 =    4.1/s Avg:  1229 Min:    12 Max: 22347 Err:     0 (0.00%)
2021-05-31 10:12:00,056 INFO o.a.j.r.Summariser: summary +    115 in 00:00:29 =    3.9/s Avg:  1547 Min:   268 Max: 21723 Err:     0 (0.00%) Active: 10 Started: 10 Finished: 0
2021-05-31 10:12:00,056 INFO o.a.j.r.Summariser: summary =    394 in 00:01:37 =    4.1/s Avg:  1322 Min:    12 Max: 22347 Err:     0 (0.00%)
2021-05-31 10:12:25,246 INFO o.a.j.s.FileServer: Stored: D:\apache-jmeter-5.1\apache-jmeter-5.1\bin\excel\isource\buyer_5_items.xlsx
2021-05-31 10:12:30,575 INFO o.a.j.r.Summariser: summary +    127 in 00:00:31 =    4.2/s Avg:  1156 Min:   269 Max: 11833 Err:     0 (0.00%) Active: 10 Started: 10 Finished: 0
2021-05-31 10:12:30,576 INFO o.a.j.r.Summariser: summary =    521 in 00:02:07 =    4.1/s Avg:  1281 Min:    12 Max: 22347 Err:     0 (0.00%)
2021-05-31 10:13:00,127 INFO o.a.j.r.Summariser: summary +     86 in 00:00:30 =    2.9/s Avg:  1990 Min:   259 Max: 18697 Err:     0 (0.00%) Active: 10 Started: 10 Finished: 0
2021-05-31 10:13:00,128 INFO o.a.j.r.Summariser: summary =    607 in 00:02:37 =    3.9/s Avg:  1382 Min:    12 Max: 22347 Err:     0 (0.00%)
2021-05-31 10:13:12,065 INFO o.a.j.s.FileServer: Stored: D:\apache-jmeter-5.1\apache-jmeter-5.1\bin\excel\isource\100mb.docx
2021-05-31 10:13:30,282 INFO o.a.j.r.Summariser: summary +    166 in 00:00:30 =    5.5/s Avg:  1205 Min:   279 Max: 11472 Err:     0 (0.00%) Active: 10 Started: 10 Finished: 0
2021-05-31 10:13:30,283 INFO o.a.j.r.Summariser: summary =    773 in 00:03:07 =    4.1/s Avg:  1344 Min:    12 Max: 22347 Err:     0 (0.00%)
2021-05-31 10:13:34,234 INFO o.a.j.t.JMeterThread: Thread is done: L1-iSource-AuctionDefineSettings-Job 1-2
2021-05-31 10:13:34,234 INFO o.a.j.t.JMeterThread: Thread finished: L1-iSource-AuctionDefineSettings-Job 1-2
2021-05-31 10:13:40,678 INFO o.a.j.t.JMeterThread: Thread is done: L1-iSource-AuctionDefineSettings-Job 1-1
2021-05-31 10:13:40,678 INFO o.a.j.t.JMeterThread: Thread finished: L1-iSource-AuctionDefineSettings-Job 1-1
2021-05-31 10:13:41,082 INFO o.a.j.t.JMeterThread: Thread is done: L1-iSource-AuctionDefineSettings-Job 1-3
2021-05-31 10:13:41,082 INFO o.a.j.t.JMeterThread: Thread finished: L1-iSource-AuctionDefineSettings-Job 1-3
2021-05-31 10:13:41,159 INFO o.a.j.t.JMeterThread: Thread is done: L1-iSource-AuctionDefineSettings-Job 1-5
2021-05-31 10:13:41,159 INFO o.a.j.t.JMeterThread: Thread finished: L1-iSource-AuctionDefineSettings-Job 1-5
2021-05-31 10:13:41,874 INFO o.a.j.t.JMeterThread: Thread is done: L1-iSource-AuctionDefineSettings-Job 1-4
2021-05-31 10:13:41,874 INFO o.a.j.t.JMeterThread: Thread finished: L1-iSource-AuctionDefineSettings-Job 1-4
2021-05-31 10:13:42,605 INFO o.a.j.t.JMeterThread: Thread is done: L1-iSource-AuctionDefineSettings-Job 1-7
2021-05-31 10:13:42,605 INFO o.a.j.t.JMeterThread: Thread finished: L1-iSource-AuctionDefineSettings-Job 1-7
2021-05-31 10:13:47,297 INFO o.a.j.t.JMeterThread: Thread is done: L1-iSource-AuctionDefineSettings-Job 1-9
2021-05-31 10:13:47,297 INFO o.a.j.t.JMeterThread: Thread finished: L1-iSource-AuctionDefineSettings-Job 1-9
2021-05-31 10:13:47,349 INFO o.a.j.t.JMeterThread: Thread is done: L1-iSource-AuctionDefineSettings-Job 1-6
2021-05-31 10:13:47,349 INFO o.a.j.t.JMeterThread: Thread finished: L1-iSource-AuctionDefineSettings-Job 1-6
2021-05-31 10:13:51,915 INFO o.a.j.t.JMeterThread: Thread is done: L1-iSource-AuctionDefineSettings-Job 1-8
2021-05-31 10:13:51,915 INFO o.a.j.t.JMeterThread: Thread finished: L1-iSource-AuctionDefineSettings-Job 1-8
2021-05-31 10:13:52,817 INFO o.a.j.t.JMeterThread: Thread is done: L1-iSource-AuctionDefineSettings-Job 1-10
2021-05-31 10:13:52,817 INFO o.a.j.t.JMeterThread: Thread finished: L1-iSource-AuctionDefineSettings-Job 1-10
2021-05-31 10:13:52,819 INFO o.a.j.e.StandardJMeterEngine: Notifying test listeners of end of test
2021-05-31 10:13:52,819 INFO o.a.j.s.FileServer: Close: D:\apache-jmeter-5.1\apache-jmeter-5.1\bin\excel\isource\Partner_ZCS_Users.csv
2021-05-31 10:13:52,822 INFO o.a.j.r.Summariser: summary +     57 in 00:00:23 =    2.5/s Avg:   788 Min:   264 Max:  2082 Err:     0 (0.00%) Active: 0 Started: 10 Finished: 10
2021-05-31 10:13:52,823 INFO o.a.j.r.Summariser: summary =    830 in 00:03:30 =    4.0/s Avg:  1306 Min:    12 Max: 22347 Err:     0 (0.00%)
2021-05-31 10:13:52,824 INFO o.a.j.JMeter: Generating Dashboard
2021-05-31 10:13:52,824 INFO o.a.j.r.d.ReportGenerator: Flushing result collector before report Generation
2021-05-31 10:13:52,850 INFO o.a.j.r.p.NormalizerSampleConsumer: Using format, 'ms', to parse timeStamp field
2021-05-31 10:13:52,964 INFO o.a.j.r.p.AbstractSampleConsumer: class org.apache.jmeter.report.processor.AggregateConsumer#stopProducing(): beginDate produced 0 samples
2021-05-31 10:13:52,964 INFO o.a.j.r.p.AbstractSampleConsumer: class org.apache.jmeter.report.processor.AggregateConsumer#stopProducing(): endDate produced 0 samples
2021-05-31 10:13:52,966 INFO o.a.j.r.p.AbstractSampleConsumer: class org.apache.jmeter.report.processor.ApdexSummaryConsumer#stopProducing(): apdexSummary produced 0 samples
2021-05-31 10:13:52,966 INFO o.a.j.r.p.AbstractSampleConsumer: class org.apache.jmeter.report.processor.RequestsSummaryConsumer#stopProducing(): requestsSummary produced 0 samples
2021-05-31 10:13:52,973 INFO o.a.j.r.p.AbstractSampleConsumer: class org.apache.jmeter.report.processor.StatisticsSummaryConsumer#stopProducing(): statisticsSummary produced 0 samples
2021-05-31 10:13:52,977 INFO o.a.j.r.p.AbstractSampleConsumer: class org.apache.jmeter.report.processor.Top5ErrorsBySamplerConsumer#stopProducing(): top5ErrorsBySampler produced 0 samples
2021-05-31 10:13:52,977 INFO o.a.j.r.p.AbstractSampleConsumer: class org.apache.jmeter.report.processor.ErrorsSummaryConsumer#stopProducing(): errorsSummary produced 0 samples
2021-05-31 10:13:52,977 INFO o.a.j.r.p.AbstractSampleConsumer: class org.apache.jmeter.report.processor.graph.impl.HitsPerSecondGraphConsumer#stopProducing(): hitsPerSecond produced 0 samples
2021-05-31 10:13:52,994 INFO o.a.j.r.p.AbstractSampleConsumer: class org.apache.jmeter.report.processor.graph.impl.LatencyVSRequestGraphConsumer#stopProducing(): latencyVsRequest produced 0 samples
2021-05-31 10:13:52,995 INFO o.a.j.r.p.AbstractSampleConsumer: class org.apache.jmeter.report.processor.graph.impl.SyntheticResponseTimeDistributionGraphConsumer#stopProducing(): syntheticResponseTimeDistribution produced 0 samples
2021-05-31 10:13:52,995 INFO o.a.j.r.p.AbstractSampleConsumer: class org.apache.jmeter.report.processor.graph.impl.BytesThroughputGraphConsumer#stopProducing(): bytesThroughputOverTime produced 0 samples
2021-05-31 10:13:52,995 INFO o.a.j.r.p.AbstractSampleConsumer: class org.apache.jmeter.report.processor.graph.impl.CodesPerSecondGraphConsumer#stopProducing(): codesPerSecond produced 0 samples
2021-05-31 10:13:53,005 INFO o.a.j.r.p.AbstractSampleConsumer: class org.apache.jmeter.report.processor.graph.impl.ResponseTimeVSRequestGraphConsumer#stopProducing(): responseTimeVsRequest produced 0 samples
2021-05-31 10:13:53,005 INFO o.a.j.r.p.AbstractSampleConsumer: class org.apache.jmeter.report.processor.FilterConsumer#stopProducing(): startIntervalControlerFilter produced 5810 samples
2021-05-31 10:13:53,005 INFO o.a.j.r.p.AbstractSampleConsumer: class org.apache.jmeter.report.processor.graph.impl.TotalTPSGraphConsumer#stopProducing(): totalTPS produced 0 samples
2021-05-31 10:13:53,006 INFO o.a.j.r.p.AbstractSampleConsumer: class org.apache.jmeter.report.processor.graph.impl.ActiveThreadsGraphConsumer#stopProducing(): activeThreadsOverTime produced 0 samples
2021-05-31 10:13:53,006 INFO o.a.j.r.p.AbstractSampleConsumer: class org.apache.jmeter.report.processor.graph.impl.TimeVSThreadGraphConsumer#stopProducing(): timeVsThreads produced 0 samples
2021-05-31 10:13:53,010 INFO o.a.j.r.p.AbstractSampleConsumer: class org.apache.jmeter.report.processor.graph.impl.ResponseTimeDistributionGraphConsumer#stopProducing(): responseTimeDistribution produced 0 samples
2021-05-31 10:13:53,011 INFO o.a.j.r.p.AbstractSampleConsumer: class org.apache.jmeter.report.processor.graph.impl.TransactionsPerSecondGraphConsumer#stopProducing(): transactionsPerSecond produced 0 samples
2021-05-31 10:13:53,012 INFO o.a.j.r.p.AbstractSampleConsumer: class org.apache.jmeter.report.processor.graph.impl.ResponseTimePercentilesGraphConsumer#stopProducing(): responseTimePercentiles produced 0 samples
2021-05-31 10:13:53,023 INFO o.a.j.r.p.AbstractSampleConsumer: class org.apache.jmeter.report.processor.graph.impl.ResponseTimePercentilesOverTimeGraphConsumer#stopProducing(): responseTimePercentilesOverTime produced 0 samples
2021-05-31 10:13:53,024 INFO o.a.j.r.p.AbstractSampleConsumer: class org.apache.jmeter.report.processor.graph.impl.ResponseTimeOverTimeGraphConsumer#stopProducing(): responseTimesOverTime produced 0 samples
2021-05-31 10:13:53,024 INFO o.a.j.r.p.AbstractSampleConsumer: class org.apache.jmeter.report.processor.graph.impl.ConnectTimeOverTimeGraphConsumer#stopProducing(): connectTimeOverTime produced 0 samples
2021-05-31 10:13:53,025 INFO o.a.j.r.p.AbstractSampleConsumer: class org.apache.jmeter.report.processor.graph.impl.LatencyOverTimeGraphConsumer#stopProducing(): latenciesOverTime produced 0 samples
2021-05-31 10:13:53,025 INFO o.a.j.r.p.AbstractSampleConsumer: class org.apache.jmeter.report.processor.FilterConsumer#stopProducing(): nameFilter produced 14700 samples
2021-05-31 10:13:53,025 INFO o.a.j.r.p.AbstractSampleConsumer: class org.apache.jmeter.report.processor.FilterConsumer#stopProducing(): dateRangeFilter produced 2940 samples
2021-05-31 10:13:53,025 INFO o.a.j.r.p.AbstractSampleConsumer: class org.apache.jmeter.report.processor.NormalizerSampleConsumer#stopProducing(): normalizer produced 980 samples
2021-05-31 10:13:53,026 INFO o.a.j.r.p.CsvFileSampleSource: produce(): 980 samples produced in 152ms on channel 0
2021-05-31 10:13:53,026 INFO o.a.j.r.d.ReportGenerator: Exporting data using exporter:'json' of className:'org.apache.jmeter.report.dashboard.JsonExporter'
2021-05-31 10:13:53,027 INFO o.a.j.r.d.JsonExporter: Found data for consumer statisticsSummary in context
2021-05-31 10:13:53,027 INFO o.a.j.r.d.JsonExporter: Creating statistics for overall
2021-05-31 10:13:53,028 INFO o.a.j.r.d.JsonExporter: Creating statistics for other transactions
2021-05-31 10:13:53,028 INFO o.a.j.r.d.JsonExporter: Checking output folder
2021-05-31 10:13:53,030 INFO o.a.j.r.d.JsonExporter: Writing statistics JSON to C:\xampp\htdocs\PerformancePostgres\L0_iSource_10_AuctionDefineSettings_2021-05-31_3\statistics.json
2021-05-31 10:13:53,186 INFO o.a.j.r.d.ReportGenerator: Exporting data using exporter:'html' of className:'org.apache.jmeter.report.dashboard.HtmlTemplateExporter'
2021-05-31 10:13:53,189 INFO o.a.j.r.d.HtmlTemplateExporter: Will generate dashboard in folder: C:\xampp\htdocs\PerformancePostgres\L0_iSource_10_AuctionDefineSettings_2021-05-31_3
2021-05-31 10:13:53,358 INFO o.a.j.r.d.HtmlTemplateExporter: Report will be generated in: C:\xampp\htdocs\PerformancePostgres\L0_iSource_10_AuctionDefineSettings_2021-05-31_3, creating folder structure
2021-05-31 10:13:53,362 INFO o.a.j.r.d.TemplateVisitor: Copying folder from 'D:\apache-jmeter-5.1\apache-jmeter-5.1\bin\report-template' to 'C:\xampp\htdocs\PerformancePostgres\L0_iSource_10_AuctionDefineSettings_2021-05-31_3', got message:[C:\xampp\htdocs\PerformancePostgres\L0_iSource_10_AuctionDefineSettings_2021-05-31_3\statistics.json], found non empty folder with following content {}, will be ignored
2021-05-31 10:13:54,163 INFO o.a.j.JMeter: Dashboard generated
