2021-07-22 18:16:53,626 INFO o.a.j.u.JMeterUtils: Setting Locale to en_EN
2021-07-22 18:16:53,637 INFO o.a.j.JMeter: Loading user properties from: user.properties
2021-07-22 18:16:53,638 INFO o.a.j.JMeter: Loading system properties from: system.properties
2021-07-22 18:16:53,638 INFO o.a.j.JMeter: Setting JMeter property: meter.reportgenerator.report_title=RFQMultipleQuestionsPublish
2021-07-22 18:16:53,638 INFO o.a.j.JMeter: Setting JMeter property: thread=10
2021-07-22 18:16:53,638 INFO o.a.j.JMeter: Setting JMeter property: rampup=30
2021-07-22 18:16:53,643 INFO o.a.j.JMeter: Copyright (c) 1998-2019 The Apache Software Foundation
2021-07-22 18:16:53,643 INFO o.a.j.JMeter: Version 5.1 r1853635
2021-07-22 18:16:53,643 INFO o.a.j.JMeter: java.version=1.8.0_144
2021-07-22 18:16:53,643 INFO o.a.j.JMeter: java.vm.name=Java HotSpot(TM) 64-Bit Server VM
2021-07-22 18:16:53,643 INFO o.a.j.JMeter: os.name=Windows 10
2021-07-22 18:16:53,643 INFO o.a.j.JMeter: os.arch=amd64
2021-07-22 18:16:53,643 INFO o.a.j.JMeter: os.version=10.0
2021-07-22 18:16:53,643 INFO o.a.j.JMeter: file.encoding=Cp1252
2021-07-22 18:16:53,643 INFO o.a.j.JMeter: java.awt.headless=true
2021-07-22 18:16:53,643 INFO o.a.j.JMeter: Max memory     =8589934592
2021-07-22 18:16:53,643 INFO o.a.j.JMeter: Available Processors =4
2021-07-22 18:16:53,646 INFO o.a.j.JMeter: Default Locale=English (EN)
2021-07-22 18:16:53,647 INFO o.a.j.JMeter: JMeter  Locale=English (EN)
2021-07-22 18:16:53,647 INFO o.a.j.JMeter: JMeterHome=D:\apache-jmeter-5.1\apache-jmeter-5.1
2021-07-22 18:16:53,647 INFO o.a.j.JMeter: user.dir  =D:\apache-jmeter-5.1\apache-jmeter-5.1\bin
2021-07-22 18:16:53,647 INFO o.a.j.JMeter: PWD       =D:\apache-jmeter-5.1\apache-jmeter-5.1\bin
2021-07-22 18:16:53,649 INFO o.a.j.JMeter: IP: 192.168.35.159 Name: ZIPLSY1584 FullName: host.docker.internal
2021-07-22 18:16:53,650 INFO o.a.j.JMeter: Setting property 'jmeter.reportgenerator.outputdir' to:'C:\xampp\htdocs\performance\L0_iSource_10_RFQMultipleQuestionsPublish_2021-07-22_12'
2021-07-22 18:16:53,652 INFO o.a.j.s.FileServer: Default base='D:\apache-jmeter-5.1\apache-jmeter-5.1\bin'
2021-07-22 18:16:53,655 INFO o.a.j.s.FileServer: Set new base='D:\PEAutomation\RM\iSource'
2021-07-22 18:16:53,759 INFO o.a.j.s.SaveService: Testplan (JMX) version: 2.2. Testlog (JTL) version: 2.2
2021-07-22 18:16:53,770 INFO o.a.j.s.SaveService: Using SaveService properties file encoding UTF-8
2021-07-22 18:16:53,774 INFO o.a.j.s.SaveService: Using SaveService properties version 5.0
2021-07-22 18:16:53,778 INFO o.a.j.s.SaveService: Loading file: D:\PEAutomation\RM\iSource\L0_iSource_RFQMultipleQuestionsPublish.jmx
2021-07-22 18:16:53,824 INFO o.a.j.p.h.c.CookieManager: Settings: Delete null: true Check: true Allow variable: true Save: false Prefix: COOKIE_
2021-07-22 18:16:53,827 INFO o.a.j.p.h.c.CacheManager: Will only cache the following methods: [GET]
2021-07-22 18:16:53,838 INFO o.a.j.p.h.s.HTTPSamplerBase: Parser for text/html is org.apache.jmeter.protocol.http.parser.LagartoBasedHtmlParser
2021-07-22 18:16:53,839 INFO o.a.j.p.h.s.HTTPSamplerBase: Parser for application/xhtml+xml is org.apache.jmeter.protocol.http.parser.LagartoBasedHtmlParser
2021-07-22 18:16:53,839 INFO o.a.j.p.h.s.HTTPSamplerBase: Parser for application/xml is org.apache.jmeter.protocol.http.parser.LagartoBasedHtmlParser
2021-07-22 18:16:53,839 INFO o.a.j.p.h.s.HTTPSamplerBase: Parser for text/xml is org.apache.jmeter.protocol.http.parser.LagartoBasedHtmlParser
2021-07-22 18:16:53,839 INFO o.a.j.p.h.s.HTTPSamplerBase: Parser for text/vnd.wap.wml is org.apache.jmeter.protocol.http.parser.RegexpHTMLParser
2021-07-22 18:16:53,839 INFO o.a.j.p.h.s.HTTPSamplerBase: Parser for text/css is org.apache.jmeter.protocol.http.parser.CssParser
2021-07-22 18:16:54,080 INFO o.a.j.JMeter: Creating summariser <summary>
2021-07-22 18:16:54,085 INFO o.a.j.r.d.ReportGenerator: ReportGenerator will use for Parsing the separator: ','
2021-07-22 18:16:54,085 INFO o.a.j.r.d.ReportGenerator: Will generate report at end of test from  results file: D:\PEAutomation\RM\iSource\JTL\L0_iSource_10_RFQMultipleQuestionsPublish_2021-07-22_12.jtl
2021-07-22 18:16:54,086 INFO o.a.j.r.d.ReportGenerator: Reading report generator properties from: D:\apache-jmeter-5.1\apache-jmeter-5.1\bin\reportgenerator.properties
2021-07-22 18:16:54,086 INFO o.a.j.r.d.ReportGenerator: Merging with JMeter properties
2021-07-22 18:16:54,091 INFO o.a.j.r.c.ReportGeneratorConfiguration: Property 'jmeter.reportgenerator.temp_dir' not found, using default value 'temp' instead.
2021-07-22 18:16:54,093 INFO o.a.j.r.c.ReportGeneratorConfiguration: Property 'jmeter.reportgenerator.apdex_per_transaction' not found, using default value 'null' instead.
2021-07-22 18:16:54,093 INFO o.a.j.r.c.ReportGeneratorConfiguration: apdex_per_transaction : {} is empty, not APDEX per transaction customization
2021-07-22 18:16:54,094 INFO o.a.j.r.c.ReportGeneratorConfiguration: Property 'jmeter.reportgenerator.sample_filter' not found, using default value 'null' instead.
2021-07-22 18:16:54,094 INFO o.a.j.r.c.ReportGeneratorConfiguration: Property 'jmeter.reportgenerator.report_title' not found, using default value 'null' instead.
2021-07-22 18:16:54,094 INFO o.a.j.r.c.ReportGeneratorConfiguration: Property 'jmeter.reportgenerator.start_date' not found, using default value 'null' instead.
2021-07-22 18:16:54,094 INFO o.a.j.r.c.ReportGeneratorConfiguration: Property 'jmeter.reportgenerator.end_date' not found, using default value 'null' instead.
2021-07-22 18:16:54,095 INFO o.a.j.r.c.ReportGeneratorConfiguration: Property 'jmeter.reportgenerator.date_format' not found, using default value 'null' instead.
2021-07-22 18:16:54,095 INFO o.a.j.r.c.ReportGeneratorConfiguration: Will use date range start date: null, end date: null
2021-07-22 18:16:54,099 INFO o.a.j.r.c.ReportGeneratorConfiguration: Property 'jmeter.reportgenerator.graph.totalTPS.exclude_controllers' not found, using default value 'false' instead.
2021-07-22 18:16:54,099 INFO o.a.j.r.c.ReportGeneratorConfiguration: Property 'jmeter.reportgenerator.graph.activeThreadsOverTime.exclude_controllers' not found, using default value 'false' instead.
2021-07-22 18:16:54,099 INFO o.a.j.r.c.ReportGeneratorConfiguration: Property 'jmeter.reportgenerator.graph.timeVsThreads.exclude_controllers' not found, using default value 'false' instead.
2021-07-22 18:16:54,099 INFO o.a.j.r.c.ReportGeneratorConfiguration: Property 'jmeter.reportgenerator.graph.responseTimeDistribution.exclude_controllers' not found, using default value 'false' instead.
2021-07-22 18:16:54,099 INFO o.a.j.r.c.ReportGeneratorConfiguration: Property 'jmeter.reportgenerator.graph.transactionsPerSecond.exclude_controllers' not found, using default value 'false' instead.
2021-07-22 18:16:54,099 INFO o.a.j.r.c.ReportGeneratorConfiguration: Property 'jmeter.reportgenerator.graph.responseTimePercentiles.exclude_controllers' not found, using default value 'false' instead.
2021-07-22 18:16:54,099 INFO o.a.j.r.c.ReportGeneratorConfiguration: Property 'jmeter.reportgenerator.graph.responseTimePercentilesOverTime.exclude_controllers' not found, using default value 'false' instead.
2021-07-22 18:16:54,099 INFO o.a.j.r.c.ReportGeneratorConfiguration: Property 'jmeter.reportgenerator.graph.responseTimesOverTime.exclude_controllers' not found, using default value 'false' instead.
2021-07-22 18:16:54,100 INFO o.a.j.r.c.ReportGeneratorConfiguration: Property 'jmeter.reportgenerator.graph.connectTimeOverTime.exclude_controllers' not found, using default value 'false' instead.
2021-07-22 18:16:54,100 INFO o.a.j.r.c.ReportGeneratorConfiguration: Property 'jmeter.reportgenerator.graph.latenciesOverTime.exclude_controllers' not found, using default value 'false' instead.
2021-07-22 18:16:54,101 INFO o.a.j.r.c.ReportGeneratorConfiguration: Property 'jmeter.reportgenerator.exporter.json.filters_only_sample_series' not found, using default value 'true' instead.
2021-07-22 18:16:54,101 INFO o.a.j.r.c.ReportGeneratorConfiguration: Property 'jmeter.reportgenerator.exporter.json.series_filter' not found, using default value '' instead.
2021-07-22 18:16:54,101 INFO o.a.j.r.c.ReportGeneratorConfiguration: Property 'jmeter.reportgenerator.exporter.json.show_controllers_only' not found, using default value 'false' instead.
2021-07-22 18:16:54,101 INFO o.a.j.r.c.ReportGeneratorConfiguration: Property 'jmeter.reportgenerator.exporter.html.filters_only_sample_series' not found, using default value 'true' instead.
2021-07-22 18:16:54,101 INFO o.a.j.r.c.ReportGeneratorConfiguration: Property 'jmeter.reportgenerator.exporter.html.series_filter' not found, using default value '' instead.
2021-07-22 18:16:54,101 INFO o.a.j.r.c.ReportGeneratorConfiguration: Property 'jmeter.reportgenerator.exporter.html.show_controllers_only' not found, using default value 'false' instead.
2021-07-22 18:16:54,105 INFO o.a.j.e.StandardJMeterEngine: Running the test!
2021-07-22 18:16:54,106 INFO o.a.j.s.SampleEvent: List of sample_variables: []
2021-07-22 18:16:54,106 INFO o.a.j.s.SampleEvent: List of sample_variables: []
2021-07-22 18:16:54,111 INFO o.a.j.e.u.CompoundVariable: Note: Function class names must contain the string: '.functions.'
2021-07-22 18:16:54,112 INFO o.a.j.e.u.CompoundVariable: Note: Function class names must not contain the string: '.gui.'
2021-07-22 18:16:54,507 INFO o.a.j.JMeter: Running test (1626958014507)
2021-07-22 18:16:54,581 INFO o.a.j.e.StandardJMeterEngine: Starting ThreadGroup: 1 : L0-iSource-JOB
2021-07-22 18:16:54,582 INFO o.a.j.e.StandardJMeterEngine: Starting 10 threads for group L0-iSource-JOB.
2021-07-22 18:16:54,582 INFO o.a.j.e.StandardJMeterEngine: Thread will stop on error
2021-07-22 18:16:54,582 INFO o.a.j.t.ThreadGroup: Starting thread group... number=1 threads=10 ramp-up=30 perThread=3000.0 delayedStart=false
2021-07-22 18:16:54,614 INFO o.a.j.s.SampleResult: Note: Sample TimeStamps are START times
2021-07-22 18:16:54,614 INFO o.a.j.s.SampleResult: sampleresult.default.encoding is set to ISO-8859-1
2021-07-22 18:16:54,615 INFO o.a.j.s.SampleResult: sampleresult.useNanoTime=true
2021-07-22 18:16:54,615 INFO o.a.j.s.SampleResult: sampleresult.nanoThreadSleep=5000
2021-07-22 18:16:54,623 INFO o.a.j.t.JMeterThread: Thread started: L0-iSource-JOB 1-1
2021-07-22 18:16:54,626 INFO o.a.j.c.LoopController: iterationStart called on 5.6# Questions_Text with source org.apache.jmeter.control.LoopController@1fef4dde and iteration 1
2021-07-22 18:16:54,626 INFO o.a.j.c.LoopController: iterationStart called on 5.4# Questions_Multichoice with source org.apache.jmeter.control.LoopController@1fef4dde and iteration 1
2021-07-22 18:16:54,626 INFO o.a.j.s.FileServer: Stored: D:\apache-jmeter-5.1\apache-jmeter-5.1\bin\excel\isource\RM_ZCS_Users.csv
2021-07-22 18:16:54,645 INFO o.a.j.p.h.s.HTTPHCAbstractImpl: Local host = ZIPLSY1584
2021-07-22 18:16:54,652 INFO o.a.j.p.h.s.HTTPHC4Impl: HTTP request retry count = 0
2021-07-22 18:16:54,747 INFO o.a.j.p.h.s.h.LazyLayeredConnectionSocketFactory: Setting up HTTPS TrustAll Socket Factory
2021-07-22 18:16:54,754 INFO o.a.j.u.JsseSSLManager: Using default SSL protocol: TLS
2021-07-22 18:16:54,754 INFO o.a.j.u.JsseSSLManager: SSL session context: per-thread
2021-07-22 18:16:54,798 INFO o.a.j.t.ThreadGroup: Started thread group number 1
2021-07-22 18:16:54,798 INFO o.a.j.e.StandardJMeterEngine: All thread groups have been started
2021-07-22 18:16:55,083 INFO o.a.j.u.SSLManager: JmeterKeyStore Location:  type JKS
2021-07-22 18:16:55,084 INFO o.a.j.u.SSLManager: KeyStore created OK
2021-07-22 18:16:55,084 WARN o.a.j.u.SSLManager: Keystore file not found, loading empty keystore
2021-07-22 18:16:57,639 INFO o.a.j.t.JMeterThread: Thread started: L0-iSource-JOB 1-2
2021-07-22 18:16:57,640 INFO o.a.j.c.LoopController: iterationStart called on 5.6# Questions_Text with source org.apache.jmeter.control.LoopController@729170d6 and iteration 1
2021-07-22 18:16:57,640 INFO o.a.j.c.LoopController: iterationStart called on 5.4# Questions_Multichoice with source org.apache.jmeter.control.LoopController@729170d6 and iteration 1
2021-07-22 18:17:00,679 INFO o.a.j.t.JMeterThread: Thread started: L0-iSource-JOB 1-3
2021-07-22 18:17:00,681 INFO o.a.j.c.LoopController: iterationStart called on 5.6# Questions_Text with source org.apache.jmeter.control.LoopController@584ef3a9 and iteration 1
2021-07-22 18:17:00,681 INFO o.a.j.c.LoopController: iterationStart called on 5.4# Questions_Multichoice with source org.apache.jmeter.control.LoopController@584ef3a9 and iteration 1
2021-07-22 18:17:01,823 INFO o.a.j.r.Summariser: summary +      5 in 00:00:07 =    0.7/s Avg:   888 Min:   495 Max:  1242 Err:     0 (0.00%) Active: 3 Started: 3 Finished: 0
2021-07-22 18:17:03,461 INFO o.a.j.t.JMeterThread: Stop Thread detected by thread: L0-iSource-JOB 1-1
2021-07-22 18:17:03,461 INFO o.a.j.t.JMeterThread: Thread finished: L0-iSource-JOB 1-1
2021-07-22 18:17:03,696 INFO o.a.j.t.JMeterThread: Thread started: L0-iSource-JOB 1-4
2021-07-22 18:17:03,698 INFO o.a.j.c.LoopController: iterationStart called on 5.6# Questions_Text with source org.apache.jmeter.control.LoopController@69dd6304 and iteration 1
2021-07-22 18:17:03,698 INFO o.a.j.c.LoopController: iterationStart called on 5.4# Questions_Multichoice with source org.apache.jmeter.control.LoopController@69dd6304 and iteration 1
2021-07-22 18:17:06,640 INFO o.a.j.t.JMeterThread: Stop Thread detected by thread: L0-iSource-JOB 1-2
2021-07-22 18:17:06,640 INFO o.a.j.t.JMeterThread: Thread finished: L0-iSource-JOB 1-2
2021-07-22 18:17:06,723 INFO o.a.j.t.JMeterThread: Thread started: L0-iSource-JOB 1-5
2021-07-22 18:17:06,725 INFO o.a.j.c.LoopController: iterationStart called on 5.6# Questions_Text with source org.apache.jmeter.control.LoopController@68f99a24 and iteration 1
2021-07-22 18:17:06,725 INFO o.a.j.c.LoopController: iterationStart called on 5.4# Questions_Multichoice with source org.apache.jmeter.control.LoopController@68f99a24 and iteration 1
2021-07-22 18:17:09,756 INFO o.a.j.t.JMeterThread: Thread started: L0-iSource-JOB 1-6
2021-07-22 18:17:09,758 INFO o.a.j.c.LoopController: iterationStart called on 5.6# Questions_Text with source org.apache.jmeter.control.LoopController@2753c31a and iteration 1
2021-07-22 18:17:09,759 INFO o.a.j.c.LoopController: iterationStart called on 5.4# Questions_Multichoice with source org.apache.jmeter.control.LoopController@2753c31a and iteration 1
2021-07-22 18:17:09,797 INFO o.a.j.t.JMeterThread: Stop Thread detected by thread: L0-iSource-JOB 1-3
2021-07-22 18:17:09,797 INFO o.a.j.t.JMeterThread: Thread finished: L0-iSource-JOB 1-3
2021-07-22 18:17:12,140 INFO o.a.j.t.JMeterThread: Stop Thread detected by thread: L0-iSource-JOB 1-4
2021-07-22 18:17:12,140 INFO o.a.j.t.JMeterThread: Thread finished: L0-iSource-JOB 1-4
2021-07-22 18:17:12,770 INFO o.a.j.t.JMeterThread: Thread started: L0-iSource-JOB 1-7
2021-07-22 18:17:12,770 INFO o.a.j.c.LoopController: iterationStart called on 5.6# Questions_Text with source org.apache.jmeter.control.LoopController@276e8ac4 and iteration 1
2021-07-22 18:17:12,771 INFO o.a.j.c.LoopController: iterationStart called on 5.4# Questions_Multichoice with source org.apache.jmeter.control.LoopController@276e8ac4 and iteration 1
2021-07-22 18:17:15,780 INFO o.a.j.t.JMeterThread: Thread started: L0-iSource-JOB 1-8
2021-07-22 18:17:15,781 INFO o.a.j.c.LoopController: iterationStart called on 5.6# Questions_Text with source org.apache.jmeter.control.LoopController@791fc863 and iteration 1
2021-07-22 18:17:15,782 INFO o.a.j.c.LoopController: iterationStart called on 5.4# Questions_Multichoice with source org.apache.jmeter.control.LoopController@791fc863 and iteration 1
2021-07-22 18:17:18,757 INFO o.a.j.t.JMeterThread: Stop Thread detected by thread: L0-iSource-JOB 1-6
2021-07-22 18:17:18,757 INFO o.a.j.t.JMeterThread: Thread finished: L0-iSource-JOB 1-6
2021-07-22 18:17:18,757 INFO o.a.j.t.JMeterThread: Stop Thread detected by thread: L0-iSource-JOB 1-5
2021-07-22 18:17:18,757 INFO o.a.j.t.JMeterThread: Thread finished: L0-iSource-JOB 1-5
2021-07-22 18:17:18,801 INFO o.a.j.t.JMeterThread: Thread started: L0-iSource-JOB 1-9
2021-07-22 18:17:18,802 INFO o.a.j.c.LoopController: iterationStart called on 5.6# Questions_Text with source org.apache.jmeter.control.LoopController@20f342ec and iteration 1
2021-07-22 18:17:18,802 INFO o.a.j.c.LoopController: iterationStart called on 5.4# Questions_Multichoice with source org.apache.jmeter.control.LoopController@20f342ec and iteration 1
2021-07-22 18:17:20,201 INFO o.a.j.t.JMeterThread: Stop Thread detected by thread: L0-iSource-JOB 1-7
2021-07-22 18:17:20,201 INFO o.a.j.t.JMeterThread: Thread finished: L0-iSource-JOB 1-7
2021-07-22 18:17:21,805 INFO o.a.j.t.JMeterThread: Thread started: L0-iSource-JOB 1-10
2021-07-22 18:17:21,806 INFO o.a.j.c.LoopController: iterationStart called on 5.6# Questions_Text with source org.apache.jmeter.control.LoopController@182c95be and iteration 1
2021-07-22 18:17:21,807 INFO o.a.j.c.LoopController: iterationStart called on 5.4# Questions_Multichoice with source org.apache.jmeter.control.LoopController@182c95be and iteration 1
2021-07-22 18:17:23,072 INFO o.a.j.t.JMeterThread: Stop Thread detected by thread: L0-iSource-JOB 1-8
2021-07-22 18:17:23,072 INFO o.a.j.t.JMeterThread: Thread finished: L0-iSource-JOB 1-8
2021-07-22 18:17:28,696 INFO o.a.j.t.JMeterThread: Stop Thread detected by thread: L0-iSource-JOB 1-9
2021-07-22 18:17:28,696 INFO o.a.j.t.JMeterThread: Thread finished: L0-iSource-JOB 1-9
2021-07-22 18:17:28,929 INFO o.a.j.t.JMeterThread: Stop Thread detected by thread: L0-iSource-JOB 1-10
2021-07-22 18:17:28,929 INFO o.a.j.t.JMeterThread: Thread finished: L0-iSource-JOB 1-10
2021-07-22 18:17:28,929 INFO o.a.j.e.StandardJMeterEngine: Notifying test listeners of end of test
2021-07-22 18:17:28,930 INFO o.a.j.s.FileServer: Close: D:\apache-jmeter-5.1\apache-jmeter-5.1\bin\excel\isource\RM_ZCS_Users.csv
2021-07-22 18:17:28,931 INFO o.a.j.r.Summariser: summary +     25 in 00:00:27 =    0.9/s Avg:   925 Min:    71 Max:  5040 Err:    10 (40.00%) Active: 0 Started: 10 Finished: 10
2021-07-22 18:17:28,931 INFO o.a.j.r.Summariser: summary =     30 in 00:00:34 =    0.9/s Avg:   919 Min:    71 Max:  5040 Err:    10 (33.33%)
2021-07-22 18:17:28,931 INFO o.a.j.JMeter: Generating Dashboard
2021-07-22 18:17:28,931 INFO o.a.j.r.d.ReportGenerator: Flushing result collector before report Generation
2021-07-22 18:17:28,943 INFO o.a.j.r.p.NormalizerSampleConsumer: Using format, 'ms', to parse timeStamp field
2021-07-22 18:17:29,014 INFO o.a.j.r.p.AbstractSampleConsumer: class org.apache.jmeter.report.processor.AggregateConsumer#stopProducing(): beginDate produced 0 samples
2021-07-22 18:17:29,014 INFO o.a.j.r.p.AbstractSampleConsumer: class org.apache.jmeter.report.processor.AggregateConsumer#stopProducing(): endDate produced 0 samples
2021-07-22 18:17:29,016 INFO o.a.j.r.p.AbstractSampleConsumer: class org.apache.jmeter.report.processor.ApdexSummaryConsumer#stopProducing(): apdexSummary produced 0 samples
2021-07-22 18:17:29,016 INFO o.a.j.r.p.AbstractSampleConsumer: class org.apache.jmeter.report.processor.RequestsSummaryConsumer#stopProducing(): requestsSummary produced 0 samples
2021-07-22 18:17:29,019 INFO o.a.j.r.p.AbstractSampleConsumer: class org.apache.jmeter.report.processor.StatisticsSummaryConsumer#stopProducing(): statisticsSummary produced 0 samples
2021-07-22 18:17:29,023 INFO o.a.j.r.p.AbstractSampleConsumer: class org.apache.jmeter.report.processor.Top5ErrorsBySamplerConsumer#stopProducing(): top5ErrorsBySampler produced 0 samples
2021-07-22 18:17:29,023 INFO o.a.j.r.p.AbstractSampleConsumer: class org.apache.jmeter.report.processor.ErrorsSummaryConsumer#stopProducing(): errorsSummary produced 0 samples
2021-07-22 18:17:29,023 INFO o.a.j.r.p.AbstractSampleConsumer: class org.apache.jmeter.report.processor.graph.impl.HitsPerSecondGraphConsumer#stopProducing(): hitsPerSecond produced 0 samples
2021-07-22 18:17:29,031 INFO o.a.j.r.p.AbstractSampleConsumer: class org.apache.jmeter.report.processor.graph.impl.LatencyVSRequestGraphConsumer#stopProducing(): latencyVsRequest produced 0 samples
2021-07-22 18:17:29,032 INFO o.a.j.r.p.AbstractSampleConsumer: class org.apache.jmeter.report.processor.graph.impl.SyntheticResponseTimeDistributionGraphConsumer#stopProducing(): syntheticResponseTimeDistribution produced 0 samples
2021-07-22 18:17:29,032 INFO o.a.j.r.p.AbstractSampleConsumer: class org.apache.jmeter.report.processor.graph.impl.BytesThroughputGraphConsumer#stopProducing(): bytesThroughputOverTime produced 0 samples
2021-07-22 18:17:29,033 INFO o.a.j.r.p.AbstractSampleConsumer: class org.apache.jmeter.report.processor.graph.impl.CodesPerSecondGraphConsumer#stopProducing(): codesPerSecond produced 0 samples
2021-07-22 18:17:29,039 INFO o.a.j.r.p.AbstractSampleConsumer: class org.apache.jmeter.report.processor.graph.impl.ResponseTimeVSRequestGraphConsumer#stopProducing(): responseTimeVsRequest produced 0 samples
2021-07-22 18:17:29,039 INFO o.a.j.r.p.AbstractSampleConsumer: class org.apache.jmeter.report.processor.FilterConsumer#stopProducing(): startIntervalControlerFilter produced 210 samples
2021-07-22 18:17:29,039 INFO o.a.j.r.p.AbstractSampleConsumer: class org.apache.jmeter.report.processor.graph.impl.TotalTPSGraphConsumer#stopProducing(): totalTPS produced 0 samples
2021-07-22 18:17:29,039 INFO o.a.j.r.p.AbstractSampleConsumer: class org.apache.jmeter.report.processor.graph.impl.ActiveThreadsGraphConsumer#stopProducing(): activeThreadsOverTime produced 0 samples
2021-07-22 18:17:29,039 INFO o.a.j.r.p.AbstractSampleConsumer: class org.apache.jmeter.report.processor.graph.impl.TimeVSThreadGraphConsumer#stopProducing(): timeVsThreads produced 0 samples
2021-07-22 18:17:29,040 INFO o.a.j.r.p.AbstractSampleConsumer: class org.apache.jmeter.report.processor.graph.impl.ResponseTimeDistributionGraphConsumer#stopProducing(): responseTimeDistribution produced 0 samples
2021-07-22 18:17:29,040 INFO o.a.j.r.p.AbstractSampleConsumer: class org.apache.jmeter.report.processor.graph.impl.TransactionsPerSecondGraphConsumer#stopProducing(): transactionsPerSecond produced 0 samples
2021-07-22 18:17:29,040 INFO o.a.j.r.p.AbstractSampleConsumer: class org.apache.jmeter.report.processor.graph.impl.ResponseTimePercentilesGraphConsumer#stopProducing(): responseTimePercentiles produced 0 samples
2021-07-22 18:17:29,044 INFO o.a.j.r.p.AbstractSampleConsumer: class org.apache.jmeter.report.processor.graph.impl.ResponseTimePercentilesOverTimeGraphConsumer#stopProducing(): responseTimePercentilesOverTime produced 0 samples
2021-07-22 18:17:29,044 INFO o.a.j.r.p.AbstractSampleConsumer: class org.apache.jmeter.report.processor.graph.impl.ResponseTimeOverTimeGraphConsumer#stopProducing(): responseTimesOverTime produced 0 samples
2021-07-22 18:17:29,044 INFO o.a.j.r.p.AbstractSampleConsumer: class org.apache.jmeter.report.processor.graph.impl.ConnectTimeOverTimeGraphConsumer#stopProducing(): connectTimeOverTime produced 0 samples
2021-07-22 18:17:29,044 INFO o.a.j.r.p.AbstractSampleConsumer: class org.apache.jmeter.report.processor.graph.impl.LatencyOverTimeGraphConsumer#stopProducing(): latenciesOverTime produced 0 samples
2021-07-22 18:17:29,046 INFO o.a.j.r.p.AbstractSampleConsumer: class org.apache.jmeter.report.processor.FilterConsumer#stopProducing(): nameFilter produced 600 samples
2021-07-22 18:17:29,046 INFO o.a.j.r.p.AbstractSampleConsumer: class org.apache.jmeter.report.processor.FilterConsumer#stopProducing(): dateRangeFilter produced 120 samples
2021-07-22 18:17:29,046 INFO o.a.j.r.p.AbstractSampleConsumer: class org.apache.jmeter.report.processor.NormalizerSampleConsumer#stopProducing(): normalizer produced 40 samples
2021-07-22 18:17:29,047 INFO o.a.j.r.p.CsvFileSampleSource: produce(): 40 samples produced in 80ms on channel 0
2021-07-22 18:17:29,047 INFO o.a.j.r.d.ReportGenerator: Exporting data using exporter:'json' of className:'org.apache.jmeter.report.dashboard.JsonExporter'
2021-07-22 18:17:29,049 INFO o.a.j.r.d.JsonExporter: Found data for consumer statisticsSummary in context
2021-07-22 18:17:29,050 INFO o.a.j.r.d.JsonExporter: Creating statistics for overall
2021-07-22 18:17:29,050 INFO o.a.j.r.d.JsonExporter: Creating statistics for other transactions
2021-07-22 18:17:29,051 INFO o.a.j.r.d.JsonExporter: Checking output folder
2021-07-22 18:17:29,052 INFO o.a.j.r.d.JsonExporter: Writing statistics JSON to C:\xampp\htdocs\performance\L0_iSource_10_RFQMultipleQuestionsPublish_2021-07-22_12\statistics.json
2021-07-22 18:17:29,246 INFO o.a.j.r.d.ReportGenerator: Exporting data using exporter:'html' of className:'org.apache.jmeter.report.dashboard.HtmlTemplateExporter'
2021-07-22 18:17:29,249 INFO o.a.j.r.d.HtmlTemplateExporter: Will generate dashboard in folder: C:\xampp\htdocs\performance\L0_iSource_10_RFQMultipleQuestionsPublish_2021-07-22_12
2021-07-22 18:17:29,333 INFO o.a.j.r.d.HtmlTemplateExporter: Report will be generated in: C:\xampp\htdocs\performance\L0_iSource_10_RFQMultipleQuestionsPublish_2021-07-22_12, creating folder structure
2021-07-22 18:17:29,338 INFO o.a.j.r.d.TemplateVisitor: Copying folder from 'D:\apache-jmeter-5.1\apache-jmeter-5.1\bin\report-template' to 'C:\xampp\htdocs\performance\L0_iSource_10_RFQMultipleQuestionsPublish_2021-07-22_12', got message:[C:\xampp\htdocs\performance\L0_iSource_10_RFQMultipleQuestionsPublish_2021-07-22_12\statistics.json], found non empty folder with following content {}, will be ignored
2021-07-22 18:17:30,728 INFO o.a.j.JMeter: Dashboard generated
