2021-07-01 15:19:58,907 INFO o.a.j.u.JMeterUtils: Setting Locale to en_EN
2021-07-01 15:19:58,919 INFO o.a.j.JMeter: Loading user properties from: user.properties
2021-07-01 15:19:58,920 INFO o.a.j.JMeter: Loading system properties from: system.properties
2021-07-01 15:19:58,920 INFO o.a.j.JMeter: Setting JMeter property: meter.reportgenerator.report_title=RaceConditionAuction
2021-07-01 15:19:58,920 INFO o.a.j.JMeter: Setting JMeter property: thread=50
2021-07-01 15:19:58,920 INFO o.a.j.JMeter: Setting JMeter property: rampup=500
2021-07-01 15:19:58,924 INFO o.a.j.JMeter: Copyright (c) 1998-2019 The Apache Software Foundation
2021-07-01 15:19:58,924 INFO o.a.j.JMeter: Version 5.1 r1853635
2021-07-01 15:19:58,924 INFO o.a.j.JMeter: java.version=1.8.0_121
2021-07-01 15:19:58,924 INFO o.a.j.JMeter: java.vm.name=Java HotSpot(TM) 64-Bit Server VM
2021-07-01 15:19:58,924 INFO o.a.j.JMeter: os.name=Windows 10
2021-07-01 15:19:58,924 INFO o.a.j.JMeter: os.arch=amd64
2021-07-01 15:19:58,925 INFO o.a.j.JMeter: os.version=10.0
2021-07-01 15:19:58,925 INFO o.a.j.JMeter: file.encoding=Cp1252
2021-07-01 15:19:58,925 INFO o.a.j.JMeter: java.awt.headless=true
2021-07-01 15:19:58,925 INFO o.a.j.JMeter: Max memory     =8589934592
2021-07-01 15:19:58,925 INFO o.a.j.JMeter: Available Processors =6
2021-07-01 15:19:58,927 INFO o.a.j.JMeter: Default Locale=English (EN)
2021-07-01 15:19:58,928 INFO o.a.j.JMeter: JMeter  Locale=English (EN)
2021-07-01 15:19:58,928 INFO o.a.j.JMeter: JMeterHome=D:\apache-jmeter-5.1\apache-jmeter-5.1
2021-07-01 15:19:58,928 INFO o.a.j.JMeter: user.dir  =D:\apache-jmeter-5.1\apache-jmeter-5.1\bin
2021-07-01 15:19:58,928 INFO o.a.j.JMeter: PWD       =D:\apache-jmeter-5.1\apache-jmeter-5.1\bin
2021-07-01 15:19:58,929 INFO o.a.j.JMeter: IP: 172.30.225.123 Name: ZIPLSY2278 FullName: ZIPLSY2278.zycus.net
2021-07-01 15:19:58,931 INFO o.a.j.JMeter: Setting property 'jmeter.reportgenerator.outputdir' to:'C:\xampp\htdocs\PerformancePostgres\L0_iSource_50_RaceConditionAuction_2021-07-01_21'
2021-07-01 15:19:58,934 INFO o.a.j.s.FileServer: Default base='D:\apache-jmeter-5.1\apache-jmeter-5.1\bin'
2021-07-01 15:19:58,937 INFO o.a.j.s.FileServer: Set new base='D:\PostrgresMigration\iSource'
2021-07-01 15:19:59,039 INFO o.a.j.s.SaveService: Testplan (JMX) version: 2.2. Testlog (JTL) version: 2.2
2021-07-01 15:19:59,049 INFO o.a.j.s.SaveService: Using SaveService properties file encoding UTF-8
2021-07-01 15:19:59,053 INFO o.a.j.s.SaveService: Using SaveService properties version 5.0
2021-07-01 15:19:59,058 INFO o.a.j.s.SaveService: Loading file: D:\PostrgresMigration\iSource\iSource_RaceConditionAuction.jmx
2021-07-01 15:19:59,097 INFO o.a.j.p.h.c.CookieManager: Settings: Delete null: true Check: true Allow variable: true Save: false Prefix: COOKIE_
2021-07-01 15:19:59,102 INFO o.a.j.p.h.c.CacheManager: Will only cache the following methods: [GET]
2021-07-01 15:19:59,110 INFO o.a.j.p.h.s.HTTPSamplerBase: Parser for text/html is org.apache.jmeter.protocol.http.parser.LagartoBasedHtmlParser
2021-07-01 15:19:59,110 INFO o.a.j.p.h.s.HTTPSamplerBase: Parser for application/xhtml+xml is org.apache.jmeter.protocol.http.parser.LagartoBasedHtmlParser
2021-07-01 15:19:59,110 INFO o.a.j.p.h.s.HTTPSamplerBase: Parser for application/xml is org.apache.jmeter.protocol.http.parser.LagartoBasedHtmlParser
2021-07-01 15:19:59,110 INFO o.a.j.p.h.s.HTTPSamplerBase: Parser for text/xml is org.apache.jmeter.protocol.http.parser.LagartoBasedHtmlParser
2021-07-01 15:19:59,110 INFO o.a.j.p.h.s.HTTPSamplerBase: Parser for text/vnd.wap.wml is org.apache.jmeter.protocol.http.parser.RegexpHTMLParser
2021-07-01 15:19:59,110 INFO o.a.j.p.h.s.HTTPSamplerBase: Parser for text/css is org.apache.jmeter.protocol.http.parser.CssParser
2021-07-01 15:19:59,352 INFO o.a.j.JMeter: Creating summariser <summary>
2021-07-01 15:19:59,356 INFO o.a.j.r.d.ReportGenerator: ReportGenerator will use for Parsing the separator: ','
2021-07-01 15:19:59,356 INFO o.a.j.r.d.ReportGenerator: Will generate report at end of test from  results file: D:\PostrgresMigration\iSource\JTL\L0_iSource_50_RaceConditionAuction_2021-07-01_21.jtl
2021-07-01 15:19:59,356 INFO o.a.j.r.d.ReportGenerator: Reading report generator properties from: D:\apache-jmeter-5.1\apache-jmeter-5.1\bin\reportgenerator.properties
2021-07-01 15:19:59,356 INFO o.a.j.r.d.ReportGenerator: Merging with JMeter properties
2021-07-01 15:19:59,361 INFO o.a.j.r.c.ReportGeneratorConfiguration: Property 'jmeter.reportgenerator.temp_dir' not found, using default value 'temp' instead.
2021-07-01 15:19:59,363 INFO o.a.j.r.c.ReportGeneratorConfiguration: Property 'jmeter.reportgenerator.apdex_per_transaction' not found, using default value 'null' instead.
2021-07-01 15:19:59,363 INFO o.a.j.r.c.ReportGeneratorConfiguration: apdex_per_transaction : {} is empty, not APDEX per transaction customization
2021-07-01 15:19:59,363 INFO o.a.j.r.c.ReportGeneratorConfiguration: Property 'jmeter.reportgenerator.sample_filter' not found, using default value 'null' instead.
2021-07-01 15:19:59,363 INFO o.a.j.r.c.ReportGeneratorConfiguration: Property 'jmeter.reportgenerator.report_title' not found, using default value 'null' instead.
2021-07-01 15:19:59,363 INFO o.a.j.r.c.ReportGeneratorConfiguration: Property 'jmeter.reportgenerator.start_date' not found, using default value 'null' instead.
2021-07-01 15:19:59,363 INFO o.a.j.r.c.ReportGeneratorConfiguration: Property 'jmeter.reportgenerator.end_date' not found, using default value 'null' instead.
2021-07-01 15:19:59,363 INFO o.a.j.r.c.ReportGeneratorConfiguration: Property 'jmeter.reportgenerator.date_format' not found, using default value 'null' instead.
2021-07-01 15:19:59,363 INFO o.a.j.r.c.ReportGeneratorConfiguration: Will use date range start date: null, end date: null
2021-07-01 15:19:59,367 INFO o.a.j.r.c.ReportGeneratorConfiguration: Property 'jmeter.reportgenerator.graph.totalTPS.exclude_controllers' not found, using default value 'false' instead.
2021-07-01 15:19:59,367 INFO o.a.j.r.c.ReportGeneratorConfiguration: Property 'jmeter.reportgenerator.graph.activeThreadsOverTime.exclude_controllers' not found, using default value 'false' instead.
2021-07-01 15:19:59,367 INFO o.a.j.r.c.ReportGeneratorConfiguration: Property 'jmeter.reportgenerator.graph.timeVsThreads.exclude_controllers' not found, using default value 'false' instead.
2021-07-01 15:19:59,367 INFO o.a.j.r.c.ReportGeneratorConfiguration: Property 'jmeter.reportgenerator.graph.responseTimeDistribution.exclude_controllers' not found, using default value 'false' instead.
2021-07-01 15:19:59,367 INFO o.a.j.r.c.ReportGeneratorConfiguration: Property 'jmeter.reportgenerator.graph.transactionsPerSecond.exclude_controllers' not found, using default value 'false' instead.
2021-07-01 15:19:59,367 INFO o.a.j.r.c.ReportGeneratorConfiguration: Property 'jmeter.reportgenerator.graph.responseTimePercentiles.exclude_controllers' not found, using default value 'false' instead.
2021-07-01 15:19:59,367 INFO o.a.j.r.c.ReportGeneratorConfiguration: Property 'jmeter.reportgenerator.graph.responseTimePercentilesOverTime.exclude_controllers' not found, using default value 'false' instead.
2021-07-01 15:19:59,367 INFO o.a.j.r.c.ReportGeneratorConfiguration: Property 'jmeter.reportgenerator.graph.responseTimesOverTime.exclude_controllers' not found, using default value 'false' instead.
2021-07-01 15:19:59,368 INFO o.a.j.r.c.ReportGeneratorConfiguration: Property 'jmeter.reportgenerator.graph.connectTimeOverTime.exclude_controllers' not found, using default value 'false' instead.
2021-07-01 15:19:59,368 INFO o.a.j.r.c.ReportGeneratorConfiguration: Property 'jmeter.reportgenerator.graph.latenciesOverTime.exclude_controllers' not found, using default value 'false' instead.
2021-07-01 15:19:59,368 INFO o.a.j.r.c.ReportGeneratorConfiguration: Property 'jmeter.reportgenerator.exporter.json.filters_only_sample_series' not found, using default value 'true' instead.
2021-07-01 15:19:59,369 INFO o.a.j.r.c.ReportGeneratorConfiguration: Property 'jmeter.reportgenerator.exporter.json.series_filter' not found, using default value '' instead.
2021-07-01 15:19:59,369 INFO o.a.j.r.c.ReportGeneratorConfiguration: Property 'jmeter.reportgenerator.exporter.json.show_controllers_only' not found, using default value 'false' instead.
2021-07-01 15:19:59,369 INFO o.a.j.r.c.ReportGeneratorConfiguration: Property 'jmeter.reportgenerator.exporter.html.filters_only_sample_series' not found, using default value 'true' instead.
2021-07-01 15:19:59,369 INFO o.a.j.r.c.ReportGeneratorConfiguration: Property 'jmeter.reportgenerator.exporter.html.series_filter' not found, using default value '' instead.
2021-07-01 15:19:59,369 INFO o.a.j.r.c.ReportGeneratorConfiguration: Property 'jmeter.reportgenerator.exporter.html.show_controllers_only' not found, using default value 'false' instead.
2021-07-01 15:19:59,374 INFO o.a.j.e.StandardJMeterEngine: Running the test!
2021-07-01 15:19:59,374 INFO o.a.j.s.SampleEvent: List of sample_variables: []
2021-07-01 15:19:59,375 INFO o.a.j.s.SampleEvent: List of sample_variables: []
2021-07-01 15:19:59,388 INFO o.a.j.e.u.CompoundVariable: Note: Function class names must contain the string: '.functions.'
2021-07-01 15:19:59,388 INFO o.a.j.e.u.CompoundVariable: Note: Function class names must not contain the string: '.gui.'
2021-07-01 15:19:59,824 INFO o.a.j.JMeter: Running test (1625132999824)
2021-07-01 15:19:59,884 INFO o.a.j.e.StandardJMeterEngine: Starting ThreadGroup: 1 : iSource_RaceConditionAuction
2021-07-01 15:19:59,884 INFO o.a.j.e.StandardJMeterEngine: Starting 50 threads for group iSource_RaceConditionAuction.
2021-07-01 15:19:59,884 INFO o.a.j.e.StandardJMeterEngine: Thread will stop on error
2021-07-01 15:19:59,884 INFO o.a.j.t.ThreadGroup: Starting thread group... number=1 threads=50 ramp-up=500 perThread=10000.0 delayedStart=false
2021-07-01 15:19:59,908 INFO o.a.j.s.SampleResult: Note: Sample TimeStamps are START times
2021-07-01 15:19:59,908 INFO o.a.j.s.SampleResult: sampleresult.default.encoding is set to ISO-8859-1
2021-07-01 15:19:59,908 INFO o.a.j.s.SampleResult: sampleresult.useNanoTime=true
2021-07-01 15:19:59,908 INFO o.a.j.s.SampleResult: sampleresult.nanoThreadSleep=5000
2021-07-01 15:19:59,920 INFO o.a.j.t.JMeterThread: Thread started: iSource_RaceConditionAuction 1-1
2021-07-01 15:19:59,943 INFO o.a.j.p.h.s.HTTPHCAbstractImpl: Local host = ZIPLSY2278
2021-07-01 15:19:59,954 INFO o.a.j.p.h.s.HTTPHC4Impl: HTTP request retry count = 0
2021-07-01 15:20:00,073 INFO o.a.j.p.h.s.h.LazyLayeredConnectionSocketFactory: Setting up HTTPS TrustAll Socket Factory
2021-07-01 15:20:00,081 INFO o.a.j.u.JsseSSLManager: Using default SSL protocol: TLS
2021-07-01 15:20:00,081 INFO o.a.j.u.JsseSSLManager: SSL session context: per-thread
2021-07-01 15:20:00,625 INFO o.a.j.u.SSLManager: JmeterKeyStore Location:  type JKS
2021-07-01 15:20:00,628 INFO o.a.j.u.SSLManager: KeyStore created OK
2021-07-01 15:20:00,628 WARN o.a.j.u.SSLManager: Keystore file not found, loading empty keystore
2021-07-01 15:20:00,963 INFO o.a.j.t.ThreadGroup: Started thread group number 1
2021-07-01 15:20:00,963 INFO o.a.j.e.StandardJMeterEngine: All thread groups have been started
2021-07-01 15:20:01,252 INFO o.a.j.r.Summariser: summary +      1 in 00:00:01 =    0.7/s Avg:  1215 Min:  1215 Max:  1215 Err:     0 (0.00%) Active: 1 Started: 1 Finished: 0
2021-07-01 15:20:09,949 INFO o.a.j.t.JMeterThread: Thread started: iSource_RaceConditionAuction 1-2
2021-07-01 15:20:19,995 INFO o.a.j.t.JMeterThread: Thread started: iSource_RaceConditionAuction 1-3
2021-07-01 15:20:30,041 INFO o.a.j.t.JMeterThread: Thread started: iSource_RaceConditionAuction 1-4
2021-07-01 15:20:30,215 INFO o.a.j.r.Summariser: summary +    106 in 00:00:29 =    3.7/s Avg:   229 Min:    31 Max:  1740 Err:     0 (0.00%) Active: 4 Started: 4 Finished: 0
2021-07-01 15:20:30,216 INFO o.a.j.r.Summariser: summary =    107 in 00:00:30 =    3.5/s Avg:   238 Min:    31 Max:  1740 Err:     0 (0.00%)
2021-07-01 15:20:40,099 INFO o.a.j.t.JMeterThread: Thread started: iSource_RaceConditionAuction 1-5
2021-07-01 15:20:50,135 INFO o.a.j.t.JMeterThread: Thread started: iSource_RaceConditionAuction 1-6
2021-07-01 15:21:00,141 INFO o.a.j.r.Summariser: summary +    180 in 00:00:30 =    6.0/s Avg:   405 Min:    38 Max:  3736 Err:     0 (0.00%) Active: 6 Started: 6 Finished: 0
2021-07-01 15:21:00,142 INFO o.a.j.r.Summariser: summary =    287 in 00:01:00 =    4.8/s Avg:   343 Min:    31 Max:  3736 Err:     0 (0.00%)
2021-07-01 15:21:00,157 INFO o.a.j.t.JMeterThread: Thread started: iSource_RaceConditionAuction 1-7
2021-07-01 15:21:10,186 INFO o.a.j.t.JMeterThread: Thread started: iSource_RaceConditionAuction 1-8
2021-07-01 15:21:20,209 INFO o.a.j.t.JMeterThread: Thread started: iSource_RaceConditionAuction 1-9
2021-07-01 15:21:30,228 INFO o.a.j.t.JMeterThread: Thread started: iSource_RaceConditionAuction 1-10
2021-07-01 15:21:30,303 INFO o.a.j.r.Summariser: summary +    229 in 00:00:30 =    7.6/s Avg:   710 Min:    31 Max:  3940 Err:     0 (0.00%) Active: 10 Started: 10 Finished: 0
2021-07-01 15:21:30,303 INFO o.a.j.r.Summariser: summary =    516 in 00:01:30 =    5.7/s Avg:   506 Min:    31 Max:  3940 Err:     0 (0.00%)
2021-07-01 15:21:40,245 INFO o.a.j.t.JMeterThread: Thread started: iSource_RaceConditionAuction 1-11
2021-07-01 15:21:50,263 INFO o.a.j.t.JMeterThread: Thread started: iSource_RaceConditionAuction 1-12
2021-07-01 15:22:00,238 INFO o.a.j.r.Summariser: summary +    270 in 00:00:30 =    9.0/s Avg:   826 Min:    28 Max:  5973 Err:     0 (0.00%) Active: 12 Started: 12 Finished: 0
2021-07-01 15:22:00,239 INFO o.a.j.r.Summariser: summary =    786 in 00:02:00 =    6.5/s Avg:   616 Min:    28 Max:  5973 Err:     0 (0.00%)
2021-07-01 15:22:00,280 INFO o.a.j.t.JMeterThread: Thread started: iSource_RaceConditionAuction 1-13
2021-07-01 15:22:10,297 INFO o.a.j.t.JMeterThread: Thread started: iSource_RaceConditionAuction 1-14
2021-07-01 15:22:20,314 INFO o.a.j.t.JMeterThread: Thread started: iSource_RaceConditionAuction 1-15
2021-07-01 15:22:21,976 INFO o.a.j.t.JMeterThread: Thread is done: iSource_RaceConditionAuction 1-1
2021-07-01 15:22:21,976 INFO o.a.j.t.JMeterThread: Thread finished: iSource_RaceConditionAuction 1-1
2021-07-01 15:22:30,107 INFO o.a.j.r.Summariser: summary +    303 in 00:00:30 =   10.1/s Avg:  1018 Min:    27 Max:  5564 Err:     0 (0.00%) Active: 14 Started: 15 Finished: 1
2021-07-01 15:22:30,107 INFO o.a.j.r.Summariser: summary =   1089 in 00:02:30 =    7.2/s Avg:   728 Min:    27 Max:  5973 Err:     0 (0.00%)
2021-07-01 15:22:30,334 INFO o.a.j.t.JMeterThread: Thread started: iSource_RaceConditionAuction 1-16
2021-07-01 15:22:40,348 INFO o.a.j.t.JMeterThread: Thread started: iSource_RaceConditionAuction 1-17
2021-07-01 15:22:43,532 INFO o.a.j.t.JMeterThread: Thread is done: iSource_RaceConditionAuction 1-2
2021-07-01 15:22:43,532 INFO o.a.j.t.JMeterThread: Thread finished: iSource_RaceConditionAuction 1-2
2021-07-01 15:22:50,364 INFO o.a.j.t.JMeterThread: Thread started: iSource_RaceConditionAuction 1-18
2021-07-01 15:23:00,019 INFO o.a.j.r.Summariser: summary +    324 in 00:00:30 =   10.8/s Avg:  1121 Min:    29 Max:  6503 Err:     0 (0.00%) Active: 16 Started: 18 Finished: 2
2021-07-01 15:23:00,020 INFO o.a.j.r.Summariser: summary =   1413 in 00:03:00 =    7.8/s Avg:   818 Min:    27 Max:  6503 Err:     0 (0.00%)
2021-07-01 15:23:00,386 INFO o.a.j.t.JMeterThread: Thread started: iSource_RaceConditionAuction 1-19
2021-07-01 15:23:03,487 INFO o.a.j.t.JMeterThread: Thread is done: iSource_RaceConditionAuction 1-3
2021-07-01 15:23:03,487 INFO o.a.j.t.JMeterThread: Thread finished: iSource_RaceConditionAuction 1-3
2021-07-01 15:23:10,407 INFO o.a.j.t.JMeterThread: Thread started: iSource_RaceConditionAuction 1-20
2021-07-01 15:23:20,424 INFO o.a.j.t.JMeterThread: Thread started: iSource_RaceConditionAuction 1-21
2021-07-01 15:23:25,626 INFO o.a.j.t.JMeterThread: Thread is done: iSource_RaceConditionAuction 1-4
2021-07-01 15:23:25,626 INFO o.a.j.t.JMeterThread: Thread finished: iSource_RaceConditionAuction 1-4
2021-07-01 15:23:30,141 INFO o.a.j.r.Summariser: summary +    291 in 00:00:30 =    9.7/s Avg:  1358 Min:    26 Max:  9993 Err:     0 (0.00%) Active: 17 Started: 21 Finished: 4
2021-07-01 15:23:30,141 INFO o.a.j.r.Summariser: summary =   1704 in 00:03:30 =    8.1/s Avg:   910 Min:    26 Max:  9993 Err:     0 (0.00%)
2021-07-01 15:23:30,444 INFO o.a.j.t.JMeterThread: Thread started: iSource_RaceConditionAuction 1-22
2021-07-01 15:23:30,737 INFO o.a.j.t.JMeterThread: Stop Thread detected by thread: iSource_RaceConditionAuction 1-13
2021-07-01 15:23:30,737 INFO o.a.j.t.JMeterThread: Thread finished: iSource_RaceConditionAuction 1-13
2021-07-01 15:23:30,738 INFO o.a.j.t.JMeterThread: Stop Thread detected by thread: iSource_RaceConditionAuction 1-11
2021-07-01 15:23:30,738 INFO o.a.j.t.JMeterThread: Thread finished: iSource_RaceConditionAuction 1-11
2021-07-01 15:23:30,750 INFO o.a.j.t.JMeterThread: Stop Thread detected by thread: iSource_RaceConditionAuction 1-6
2021-07-01 15:23:30,750 INFO o.a.j.t.JMeterThread: Stop Thread detected by thread: iSource_RaceConditionAuction 1-7
2021-07-01 15:23:30,750 INFO o.a.j.t.JMeterThread: Thread finished: iSource_RaceConditionAuction 1-6
2021-07-01 15:23:30,750 INFO o.a.j.t.JMeterThread: Thread finished: iSource_RaceConditionAuction 1-7
2021-07-01 15:23:32,633 INFO o.a.j.t.JMeterThread: Stop Thread detected by thread: iSource_RaceConditionAuction 1-19
2021-07-01 15:23:32,633 INFO o.a.j.t.JMeterThread: Thread finished: iSource_RaceConditionAuction 1-19
2021-07-01 15:23:32,830 INFO o.a.j.t.JMeterThread: Stop Thread detected by thread: iSource_RaceConditionAuction 1-8
2021-07-01 15:23:32,831 INFO o.a.j.t.JMeterThread: Thread finished: iSource_RaceConditionAuction 1-8
2021-07-01 15:23:33,462 INFO o.a.j.t.JMeterThread: Stop Thread detected by thread: iSource_RaceConditionAuction 1-18
2021-07-01 15:23:33,462 INFO o.a.j.t.JMeterThread: Thread finished: iSource_RaceConditionAuction 1-18
2021-07-01 15:23:33,574 INFO o.a.j.t.JMeterThread: Stop Thread detected by thread: iSource_RaceConditionAuction 1-12
2021-07-01 15:23:33,575 INFO o.a.j.t.JMeterThread: Thread finished: iSource_RaceConditionAuction 1-12
2021-07-01 15:23:33,684 INFO o.a.j.t.JMeterThread: Stop Thread detected by thread: iSource_RaceConditionAuction 1-10
2021-07-01 15:23:33,684 INFO o.a.j.t.JMeterThread: Thread finished: iSource_RaceConditionAuction 1-10
2021-07-01 15:23:38,896 INFO o.a.j.t.JMeterThread: Thread is done: iSource_RaceConditionAuction 1-5
2021-07-01 15:23:38,896 INFO o.a.j.t.JMeterThread: Thread finished: iSource_RaceConditionAuction 1-5
2021-07-01 15:23:40,463 INFO o.a.j.t.JMeterThread: Thread started: iSource_RaceConditionAuction 1-23
2021-07-01 15:23:50,481 INFO o.a.j.t.JMeterThread: Thread started: iSource_RaceConditionAuction 1-24
2021-07-01 15:24:00,040 INFO o.a.j.r.Summariser: summary +    264 in 00:00:30 =    8.8/s Avg:   830 Min:    26 Max:  9335 Err:     9 (3.41%) Active: 10 Started: 24 Finished: 14
2021-07-01 15:24:00,040 INFO o.a.j.r.Summariser: summary =   1968 in 00:04:00 =    8.2/s Avg:   899 Min:    26 Max:  9993 Err:     9 (0.46%)
2021-07-01 15:24:00,500 INFO o.a.j.t.JMeterThread: Thread started: iSource_RaceConditionAuction 1-25
2021-07-01 15:24:10,520 INFO o.a.j.t.JMeterThread: Thread started: iSource_RaceConditionAuction 1-26
2021-07-01 15:24:20,540 INFO o.a.j.t.JMeterThread: Thread started: iSource_RaceConditionAuction 1-27
2021-07-01 15:24:25,872 INFO o.a.j.t.JMeterThread: Thread is done: iSource_RaceConditionAuction 1-9
2021-07-01 15:24:25,873 INFO o.a.j.t.JMeterThread: Thread finished: iSource_RaceConditionAuction 1-9
2021-07-01 15:24:30,316 INFO o.a.j.r.Summariser: summary +    258 in 00:00:30 =    8.5/s Avg:  1028 Min:    33 Max:  6610 Err:     0 (0.00%) Active: 12 Started: 27 Finished: 15
2021-07-01 15:24:30,317 INFO o.a.j.r.Summariser: summary =   2226 in 00:04:30 =    8.2/s Avg:   914 Min:    26 Max:  9993 Err:     9 (0.40%)
2021-07-01 15:24:30,557 INFO o.a.j.t.JMeterThread: Thread started: iSource_RaceConditionAuction 1-28
2021-07-01 15:24:40,575 INFO o.a.j.t.JMeterThread: Thread started: iSource_RaceConditionAuction 1-29
2021-07-01 15:24:50,596 INFO o.a.j.t.JMeterThread: Thread started: iSource_RaceConditionAuction 1-30
2021-07-01 15:25:00,271 INFO o.a.j.r.Summariser: summary +    285 in 00:00:30 =    9.5/s Avg:  1080 Min:    29 Max:  7249 Err:     0 (0.00%) Active: 15 Started: 30 Finished: 15
2021-07-01 15:25:00,271 INFO o.a.j.r.Summariser: summary =   2511 in 00:05:00 =    8.4/s Avg:   933 Min:    26 Max:  9993 Err:     9 (0.36%)
2021-07-01 15:25:00,617 INFO o.a.j.t.JMeterThread: Thread started: iSource_RaceConditionAuction 1-31
2021-07-01 15:25:10,637 INFO o.a.j.t.JMeterThread: Thread started: iSource_RaceConditionAuction 1-32
2021-07-01 15:25:17,632 INFO o.a.j.t.JMeterThread: Stop Thread detected by thread: iSource_RaceConditionAuction 1-29
2021-07-01 15:25:17,632 INFO o.a.j.t.JMeterThread: Thread finished: iSource_RaceConditionAuction 1-29
2021-07-01 15:25:17,875 INFO o.a.j.t.JMeterThread: Stop Thread detected by thread: iSource_RaceConditionAuction 1-20
2021-07-01 15:25:17,875 INFO o.a.j.t.JMeterThread: Thread finished: iSource_RaceConditionAuction 1-20
2021-07-01 15:25:17,930 INFO o.a.j.t.JMeterThread: Stop Thread detected by thread: iSource_RaceConditionAuction 1-21
2021-07-01 15:25:17,930 INFO o.a.j.t.JMeterThread: Thread finished: iSource_RaceConditionAuction 1-21
2021-07-01 15:25:18,413 INFO o.a.j.t.JMeterThread: Stop Thread detected by thread: iSource_RaceConditionAuction 1-17
2021-07-01 15:25:18,413 INFO o.a.j.t.JMeterThread: Thread finished: iSource_RaceConditionAuction 1-17
2021-07-01 15:25:18,632 INFO o.a.j.t.JMeterThread: Stop Thread detected by thread: iSource_RaceConditionAuction 1-24
2021-07-01 15:25:18,632 INFO o.a.j.t.JMeterThread: Thread finished: iSource_RaceConditionAuction 1-24
2021-07-01 15:25:18,813 INFO o.a.j.t.JMeterThread: Stop Thread detected by thread: iSource_RaceConditionAuction 1-14
2021-07-01 15:25:18,813 INFO o.a.j.t.JMeterThread: Thread finished: iSource_RaceConditionAuction 1-14
2021-07-01 15:25:19,552 INFO o.a.j.t.JMeterThread: Stop Thread detected by thread: iSource_RaceConditionAuction 1-15
2021-07-01 15:25:19,552 INFO o.a.j.t.JMeterThread: Thread finished: iSource_RaceConditionAuction 1-15
2021-07-01 15:25:19,725 INFO o.a.j.t.JMeterThread: Stop Thread detected by thread: iSource_RaceConditionAuction 1-32
2021-07-01 15:25:19,726 INFO o.a.j.t.JMeterThread: Thread finished: iSource_RaceConditionAuction 1-32
2021-07-01 15:25:19,899 INFO o.a.j.t.JMeterThread: Stop Thread detected by thread: iSource_RaceConditionAuction 1-25
2021-07-01 15:25:19,900 INFO o.a.j.t.JMeterThread: Thread finished: iSource_RaceConditionAuction 1-25
2021-07-01 15:25:20,058 INFO o.a.j.t.JMeterThread: Stop Thread detected by thread: iSource_RaceConditionAuction 1-26
2021-07-01 15:25:20,058 INFO o.a.j.t.JMeterThread: Thread finished: iSource_RaceConditionAuction 1-26
2021-07-01 15:25:20,323 INFO o.a.j.t.JMeterThread: Stop Thread detected by thread: iSource_RaceConditionAuction 1-31
2021-07-01 15:25:20,323 INFO o.a.j.t.JMeterThread: Thread finished: iSource_RaceConditionAuction 1-31
2021-07-01 15:25:20,659 INFO o.a.j.t.JMeterThread: Thread started: iSource_RaceConditionAuction 1-33
2021-07-01 15:25:20,678 INFO o.a.j.t.JMeterThread: Stop Thread detected by thread: iSource_RaceConditionAuction 1-30
2021-07-01 15:25:20,679 INFO o.a.j.t.JMeterThread: Thread finished: iSource_RaceConditionAuction 1-30
2021-07-01 15:25:21,596 INFO o.a.j.t.JMeterThread: Stop Thread detected by thread: iSource_RaceConditionAuction 1-16
2021-07-01 15:25:21,597 INFO o.a.j.t.JMeterThread: Thread finished: iSource_RaceConditionAuction 1-16
2021-07-01 15:25:26,667 INFO o.a.j.t.JMeterThread: Stop Thread detected by thread: iSource_RaceConditionAuction 1-27
2021-07-01 15:25:26,667 INFO o.a.j.t.JMeterThread: Thread finished: iSource_RaceConditionAuction 1-27
2021-07-01 15:25:30,170 INFO o.a.j.r.Summariser: summary +    247 in 00:00:30 =    8.3/s Avg:  1230 Min:    26 Max:  9611 Err:    14 (5.67%) Active: 4 Started: 33 Finished: 29
2021-07-01 15:25:30,170 INFO o.a.j.r.Summariser: summary =   2758 in 00:05:30 =    8.3/s Avg:   960 Min:    26 Max:  9993 Err:    23 (0.83%)
2021-07-01 15:25:30,677 INFO o.a.j.t.JMeterThread: Thread started: iSource_RaceConditionAuction 1-34
2021-07-01 15:25:40,696 INFO o.a.j.t.JMeterThread: Thread started: iSource_RaceConditionAuction 1-35
2021-07-01 15:25:50,714 INFO o.a.j.t.JMeterThread: Thread started: iSource_RaceConditionAuction 1-36
2021-07-01 15:26:00,154 INFO o.a.j.r.Summariser: summary +    228 in 00:00:30 =    7.6/s Avg:   471 Min:    33 Max:  3569 Err:     0 (0.00%) Active: 7 Started: 36 Finished: 29
2021-07-01 15:26:00,155 INFO o.a.j.r.Summariser: summary =   2986 in 00:06:00 =    8.3/s Avg:   922 Min:    26 Max:  9993 Err:    23 (0.77%)
2021-07-01 15:26:00,737 INFO o.a.j.t.JMeterThread: Thread started: iSource_RaceConditionAuction 1-37
2021-07-01 15:26:09,288 INFO o.a.j.t.JMeterThread: Thread is done: iSource_RaceConditionAuction 1-22
2021-07-01 15:26:09,288 INFO o.a.j.t.JMeterThread: Thread finished: iSource_RaceConditionAuction 1-22
2021-07-01 15:26:10,780 INFO o.a.j.t.JMeterThread: Thread started: iSource_RaceConditionAuction 1-38
2021-07-01 15:26:15,537 INFO o.a.j.t.JMeterThread: Thread is done: iSource_RaceConditionAuction 1-23
2021-07-01 15:26:15,538 INFO o.a.j.t.JMeterThread: Thread finished: iSource_RaceConditionAuction 1-23
2021-07-01 15:26:20,796 INFO o.a.j.t.JMeterThread: Thread started: iSource_RaceConditionAuction 1-39
2021-07-01 15:26:30,054 INFO o.a.j.r.Summariser: summary +    257 in 00:00:30 =    8.6/s Avg:   537 Min:    40 Max:  4231 Err:     0 (0.00%) Active: 8 Started: 39 Finished: 31
2021-07-01 15:26:30,055 INFO o.a.j.r.Summariser: summary =   3243 in 00:06:30 =    8.3/s Avg:   892 Min:    26 Max:  9993 Err:    23 (0.71%)
2021-07-01 15:26:30,811 INFO o.a.j.t.JMeterThread: Thread started: iSource_RaceConditionAuction 1-40
2021-07-01 15:26:40,834 INFO o.a.j.t.JMeterThread: Thread started: iSource_RaceConditionAuction 1-41
2021-07-01 15:26:50,308 INFO o.a.j.t.JMeterThread: Thread is done: iSource_RaceConditionAuction 1-28
2021-07-01 15:26:50,308 INFO o.a.j.t.JMeterThread: Thread finished: iSource_RaceConditionAuction 1-28
2021-07-01 15:26:50,843 INFO o.a.j.t.JMeterThread: Thread started: iSource_RaceConditionAuction 1-42
2021-07-01 15:27:00,153 INFO o.a.j.r.Summariser: summary +    289 in 00:00:30 =    9.6/s Avg:   656 Min:    46 Max:  4148 Err:     0 (0.00%) Active: 10 Started: 42 Finished: 32
2021-07-01 15:27:00,154 INFO o.a.j.r.Summariser: summary =   3532 in 00:07:00 =    8.4/s Avg:   873 Min:    26 Max:  9993 Err:    23 (0.65%)
2021-07-01 15:27:00,860 INFO o.a.j.t.JMeterThread: Thread started: iSource_RaceConditionAuction 1-43
2021-07-01 15:27:10,876 INFO o.a.j.t.JMeterThread: Thread started: iSource_RaceConditionAuction 1-44
2021-07-01 15:27:20,891 INFO o.a.j.t.JMeterThread: Thread started: iSource_RaceConditionAuction 1-45
2021-07-01 15:27:30,008 INFO o.a.j.r.Summariser: summary +    275 in 00:00:30 =    9.2/s Avg:   918 Min:    30 Max: 11406 Err:     0 (0.00%) Active: 13 Started: 45 Finished: 32
2021-07-01 15:27:30,009 INFO o.a.j.r.Summariser: summary =   3807 in 00:07:30 =    8.5/s Avg:   876 Min:    26 Max: 11406 Err:    23 (0.60%)
2021-07-01 15:27:30,905 INFO o.a.j.t.JMeterThread: Thread started: iSource_RaceConditionAuction 1-46
2021-07-01 15:27:37,347 INFO o.a.j.t.JMeterThread: Thread is done: iSource_RaceConditionAuction 1-33
2021-07-01 15:27:37,347 INFO o.a.j.t.JMeterThread: Thread finished: iSource_RaceConditionAuction 1-33
2021-07-01 15:27:40,921 INFO o.a.j.t.JMeterThread: Thread started: iSource_RaceConditionAuction 1-47
2021-07-01 15:27:50,937 INFO o.a.j.t.JMeterThread: Thread started: iSource_RaceConditionAuction 1-48
2021-07-01 15:28:00,125 INFO o.a.j.r.Summariser: summary +    293 in 00:00:30 =    9.7/s Avg:  1174 Min:    33 Max:  7203 Err:     0 (0.00%) Active: 15 Started: 48 Finished: 33
2021-07-01 15:28:00,125 INFO o.a.j.r.Summariser: summary =   4100 in 00:08:00 =    8.5/s Avg:   897 Min:    26 Max: 11406 Err:    23 (0.56%)
2021-07-01 15:28:00,952 INFO o.a.j.t.JMeterThread: Thread started: iSource_RaceConditionAuction 1-49
2021-07-01 15:28:07,308 INFO o.a.j.t.JMeterThread: Thread is done: iSource_RaceConditionAuction 1-34
2021-07-01 15:28:07,308 INFO o.a.j.t.JMeterThread: Thread finished: iSource_RaceConditionAuction 1-34
2021-07-01 15:28:10,967 INFO o.a.j.t.JMeterThread: Thread started: iSource_RaceConditionAuction 1-50
2021-07-01 15:28:22,258 INFO o.a.j.t.JMeterThread: Thread is done: iSource_RaceConditionAuction 1-35
2021-07-01 15:28:22,258 INFO o.a.j.t.JMeterThread: Thread finished: iSource_RaceConditionAuction 1-35
2021-07-01 15:28:30,012 INFO o.a.j.r.Summariser: summary +    267 in 00:00:30 =    8.9/s Avg:  1324 Min:    28 Max:  8504 Err:     0 (0.00%) Active: 15 Started: 50 Finished: 35
2021-07-01 15:28:30,013 INFO o.a.j.r.Summariser: summary =   4367 in 00:08:30 =    8.6/s Avg:   923 Min:    26 Max: 11406 Err:    23 (0.53%)
2021-07-01 15:28:34,915 INFO o.a.j.t.JMeterThread: Thread is done: iSource_RaceConditionAuction 1-36
2021-07-01 15:28:34,915 INFO o.a.j.t.JMeterThread: Thread finished: iSource_RaceConditionAuction 1-36
2021-07-01 15:28:46,538 INFO o.a.j.t.JMeterThread: Stop Thread detected by thread: iSource_RaceConditionAuction 1-40
2021-07-01 15:28:46,538 INFO o.a.j.t.JMeterThread: Thread finished: iSource_RaceConditionAuction 1-40
2021-07-01 15:28:47,065 INFO o.a.j.t.JMeterThread: Stop Thread detected by thread: iSource_RaceConditionAuction 1-48
2021-07-01 15:28:47,065 INFO o.a.j.t.JMeterThread: Thread finished: iSource_RaceConditionAuction 1-48
2021-07-01 15:28:47,577 INFO o.a.j.t.JMeterThread: Stop Thread detected by thread: iSource_RaceConditionAuction 1-41
2021-07-01 15:28:47,577 INFO o.a.j.t.JMeterThread: Thread finished: iSource_RaceConditionAuction 1-41
2021-07-01 15:28:47,679 INFO o.a.j.t.JMeterThread: Stop Thread detected by thread: iSource_RaceConditionAuction 1-50
2021-07-01 15:28:47,680 INFO o.a.j.t.JMeterThread: Thread finished: iSource_RaceConditionAuction 1-50
2021-07-01 15:28:49,408 INFO o.a.j.t.JMeterThread: Stop Thread detected by thread: iSource_RaceConditionAuction 1-43
2021-07-01 15:28:49,409 INFO o.a.j.t.JMeterThread: Thread finished: iSource_RaceConditionAuction 1-43
2021-07-01 15:28:49,710 INFO o.a.j.t.JMeterThread: Stop Thread detected by thread: iSource_RaceConditionAuction 1-47
2021-07-01 15:28:49,711 INFO o.a.j.t.JMeterThread: Thread finished: iSource_RaceConditionAuction 1-47
2021-07-01 15:28:50,735 INFO o.a.j.t.JMeterThread: Stop Thread detected by thread: iSource_RaceConditionAuction 1-42
2021-07-01 15:28:50,735 INFO o.a.j.t.JMeterThread: Thread finished: iSource_RaceConditionAuction 1-42
2021-07-01 15:28:51,031 INFO o.a.j.t.JMeterThread: Stop Thread detected by thread: iSource_RaceConditionAuction 1-45
2021-07-01 15:28:51,031 INFO o.a.j.t.JMeterThread: Thread finished: iSource_RaceConditionAuction 1-45
2021-07-01 15:29:00,076 INFO o.a.j.r.Summariser: summary +    177 in 00:00:30 =    5.9/s Avg:  1692 Min:    49 Max:  9091 Err:     8 (4.52%) Active: 6 Started: 50 Finished: 44
2021-07-01 15:29:00,076 INFO o.a.j.r.Summariser: summary =   4544 in 00:09:00 =    8.4/s Avg:   953 Min:    26 Max: 11406 Err:    31 (0.68%)
2021-07-01 15:29:02,307 INFO o.a.j.t.JMeterThread: Thread is done: iSource_RaceConditionAuction 1-37
2021-07-01 15:29:02,308 INFO o.a.j.t.JMeterThread: Thread finished: iSource_RaceConditionAuction 1-37
2021-07-01 15:29:10,168 INFO o.a.j.t.JMeterThread: Thread is done: iSource_RaceConditionAuction 1-38
2021-07-01 15:29:10,168 INFO o.a.j.t.JMeterThread: Thread finished: iSource_RaceConditionAuction 1-38
2021-07-01 15:29:22,185 INFO o.a.j.t.JMeterThread: Thread is done: iSource_RaceConditionAuction 1-39
2021-07-01 15:29:22,185 INFO o.a.j.t.JMeterThread: Thread finished: iSource_RaceConditionAuction 1-39
2021-07-01 15:29:30,566 INFO o.a.j.r.Summariser: summary +    125 in 00:00:30 =    4.1/s Avg:   755 Min:   109 Max:  3705 Err:     0 (0.00%) Active: 3 Started: 50 Finished: 47
2021-07-01 15:29:30,566 INFO o.a.j.r.Summariser: summary =   4669 in 00:09:31 =    8.2/s Avg:   948 Min:    26 Max: 11406 Err:    31 (0.66%)
2021-07-01 15:29:56,562 INFO o.a.j.t.JMeterThread: Thread is done: iSource_RaceConditionAuction 1-44
2021-07-01 15:29:56,562 INFO o.a.j.t.JMeterThread: Thread finished: iSource_RaceConditionAuction 1-44
2021-07-01 15:30:01,327 INFO o.a.j.r.Summariser: summary +     79 in 00:00:31 =    2.6/s Avg:   832 Min:    64 Max:  4551 Err:     0 (0.00%) Active: 2 Started: 50 Finished: 48
2021-07-01 15:30:01,328 INFO o.a.j.r.Summariser: summary =   4748 in 00:10:02 =    7.9/s Avg:   946 Min:    26 Max: 11406 Err:    31 (0.65%)
2021-07-01 15:30:08,928 INFO o.a.j.t.JMeterThread: Thread is done: iSource_RaceConditionAuction 1-46
2021-07-01 15:30:08,928 INFO o.a.j.t.JMeterThread: Thread finished: iSource_RaceConditionAuction 1-46
2021-07-01 15:30:23,417 INFO o.a.j.t.JMeterThread: Thread is done: iSource_RaceConditionAuction 1-49
2021-07-01 15:30:23,417 INFO o.a.j.t.JMeterThread: Thread finished: iSource_RaceConditionAuction 1-49
2021-07-01 15:30:23,418 INFO o.a.j.e.StandardJMeterEngine: Notifying test listeners of end of test
2021-07-01 15:30:23,420 INFO o.a.j.r.Summariser: summary +     36 in 00:00:22 =    1.6/s Avg:   713 Min:    48 Max:  5296 Err:     0 (0.00%) Active: 0 Started: 50 Finished: 50
2021-07-01 15:30:23,420 INFO o.a.j.r.Summariser: summary =   4784 in 00:10:24 =    7.7/s Avg:   944 Min:    26 Max: 11406 Err:    31 (0.65%)
2021-07-01 15:30:23,420 INFO o.a.j.JMeter: Generating Dashboard
2021-07-01 15:30:23,420 INFO o.a.j.r.d.ReportGenerator: Flushing result collector before report Generation
2021-07-01 15:30:23,438 INFO o.a.j.r.p.NormalizerSampleConsumer: Using format, 'ms', to parse timeStamp field
2021-07-01 15:30:23,666 INFO o.a.j.r.p.AbstractSampleConsumer: class org.apache.jmeter.report.processor.AggregateConsumer#stopProducing(): beginDate produced 0 samples
2021-07-01 15:30:23,666 INFO o.a.j.r.p.AbstractSampleConsumer: class org.apache.jmeter.report.processor.AggregateConsumer#stopProducing(): endDate produced 0 samples
2021-07-01 15:30:23,668 INFO o.a.j.r.p.AbstractSampleConsumer: class org.apache.jmeter.report.processor.ApdexSummaryConsumer#stopProducing(): apdexSummary produced 0 samples
2021-07-01 15:30:23,668 INFO o.a.j.r.p.AbstractSampleConsumer: class org.apache.jmeter.report.processor.RequestsSummaryConsumer#stopProducing(): requestsSummary produced 0 samples
2021-07-01 15:30:23,677 INFO o.a.j.r.p.AbstractSampleConsumer: class org.apache.jmeter.report.processor.StatisticsSummaryConsumer#stopProducing(): statisticsSummary produced 0 samples
2021-07-01 15:30:23,681 INFO o.a.j.r.p.AbstractSampleConsumer: class org.apache.jmeter.report.processor.Top5ErrorsBySamplerConsumer#stopProducing(): top5ErrorsBySampler produced 0 samples
2021-07-01 15:30:23,681 INFO o.a.j.r.p.AbstractSampleConsumer: class org.apache.jmeter.report.processor.ErrorsSummaryConsumer#stopProducing(): errorsSummary produced 0 samples
2021-07-01 15:30:23,681 INFO o.a.j.r.p.AbstractSampleConsumer: class org.apache.jmeter.report.processor.graph.impl.HitsPerSecondGraphConsumer#stopProducing(): hitsPerSecond produced 0 samples
2021-07-01 15:30:23,712 INFO o.a.j.r.p.AbstractSampleConsumer: class org.apache.jmeter.report.processor.graph.impl.LatencyVSRequestGraphConsumer#stopProducing(): latencyVsRequest produced 0 samples
2021-07-01 15:30:23,712 INFO o.a.j.r.p.AbstractSampleConsumer: class org.apache.jmeter.report.processor.graph.impl.SyntheticResponseTimeDistributionGraphConsumer#stopProducing(): syntheticResponseTimeDistribution produced 0 samples
2021-07-01 15:30:23,712 INFO o.a.j.r.p.AbstractSampleConsumer: class org.apache.jmeter.report.processor.graph.impl.BytesThroughputGraphConsumer#stopProducing(): bytesThroughputOverTime produced 0 samples
2021-07-01 15:30:23,712 INFO o.a.j.r.p.AbstractSampleConsumer: class org.apache.jmeter.report.processor.graph.impl.CodesPerSecondGraphConsumer#stopProducing(): codesPerSecond produced 0 samples
2021-07-01 15:30:23,750 INFO o.a.j.r.p.AbstractSampleConsumer: class org.apache.jmeter.report.processor.graph.impl.ResponseTimeVSRequestGraphConsumer#stopProducing(): responseTimeVsRequest produced 0 samples
2021-07-01 15:30:23,750 INFO o.a.j.r.p.AbstractSampleConsumer: class org.apache.jmeter.report.processor.FilterConsumer#stopProducing(): startIntervalControlerFilter produced 33488 samples
2021-07-01 15:30:23,750 INFO o.a.j.r.p.AbstractSampleConsumer: class org.apache.jmeter.report.processor.graph.impl.TotalTPSGraphConsumer#stopProducing(): totalTPS produced 0 samples
2021-07-01 15:30:23,750 INFO o.a.j.r.p.AbstractSampleConsumer: class org.apache.jmeter.report.processor.graph.impl.ActiveThreadsGraphConsumer#stopProducing(): activeThreadsOverTime produced 0 samples
2021-07-01 15:30:23,750 INFO o.a.j.r.p.AbstractSampleConsumer: class org.apache.jmeter.report.processor.graph.impl.TimeVSThreadGraphConsumer#stopProducing(): timeVsThreads produced 0 samples
2021-07-01 15:30:23,758 INFO o.a.j.r.p.AbstractSampleConsumer: class org.apache.jmeter.report.processor.graph.impl.ResponseTimeDistributionGraphConsumer#stopProducing(): responseTimeDistribution produced 0 samples
2021-07-01 15:30:23,759 INFO o.a.j.r.p.AbstractSampleConsumer: class org.apache.jmeter.report.processor.graph.impl.TransactionsPerSecondGraphConsumer#stopProducing(): transactionsPerSecond produced 0 samples
2021-07-01 15:30:23,761 INFO o.a.j.r.p.AbstractSampleConsumer: class org.apache.jmeter.report.processor.graph.impl.ResponseTimePercentilesGraphConsumer#stopProducing(): responseTimePercentiles produced 0 samples
2021-07-01 15:30:23,774 INFO o.a.j.r.p.AbstractSampleConsumer: class org.apache.jmeter.report.processor.graph.impl.ResponseTimePercentilesOverTimeGraphConsumer#stopProducing(): responseTimePercentilesOverTime produced 0 samples
2021-07-01 15:30:23,775 INFO o.a.j.r.p.AbstractSampleConsumer: class org.apache.jmeter.report.processor.graph.impl.ResponseTimeOverTimeGraphConsumer#stopProducing(): responseTimesOverTime produced 0 samples
2021-07-01 15:30:23,777 INFO o.a.j.r.p.AbstractSampleConsumer: class org.apache.jmeter.report.processor.graph.impl.ConnectTimeOverTimeGraphConsumer#stopProducing(): connectTimeOverTime produced 0 samples
2021-07-01 15:30:23,778 INFO o.a.j.r.p.AbstractSampleConsumer: class org.apache.jmeter.report.processor.graph.impl.LatencyOverTimeGraphConsumer#stopProducing(): latenciesOverTime produced 0 samples
2021-07-01 15:30:23,779 INFO o.a.j.r.p.AbstractSampleConsumer: class org.apache.jmeter.report.processor.FilterConsumer#stopProducing(): nameFilter produced 81675 samples
2021-07-01 15:30:23,779 INFO o.a.j.r.p.AbstractSampleConsumer: class org.apache.jmeter.report.processor.FilterConsumer#stopProducing(): dateRangeFilter produced 16335 samples
2021-07-01 15:30:23,779 INFO o.a.j.r.p.AbstractSampleConsumer: class org.apache.jmeter.report.processor.NormalizerSampleConsumer#stopProducing(): normalizer produced 5445 samples
2021-07-01 15:30:23,779 INFO o.a.j.r.p.CsvFileSampleSource: produce(): 5445 samples produced in 325ms on channel 0
2021-07-01 15:30:23,779 INFO o.a.j.r.d.ReportGenerator: Exporting data using exporter:'json' of className:'org.apache.jmeter.report.dashboard.JsonExporter'
2021-07-01 15:30:23,781 INFO o.a.j.r.d.JsonExporter: Found data for consumer statisticsSummary in context
2021-07-01 15:30:23,781 INFO o.a.j.r.d.JsonExporter: Creating statistics for overall
2021-07-01 15:30:23,782 INFO o.a.j.r.d.JsonExporter: Creating statistics for other transactions
2021-07-01 15:30:23,782 INFO o.a.j.r.d.JsonExporter: Checking output folder
2021-07-01 15:30:23,784 INFO o.a.j.r.d.JsonExporter: Writing statistics JSON to C:\xampp\htdocs\PerformancePostgres\L0_iSource_50_RaceConditionAuction_2021-07-01_21\statistics.json
2021-07-01 15:30:23,912 INFO o.a.j.r.d.ReportGenerator: Exporting data using exporter:'html' of className:'org.apache.jmeter.report.dashboard.HtmlTemplateExporter'
2021-07-01 15:30:23,914 INFO o.a.j.r.d.HtmlTemplateExporter: Will generate dashboard in folder: C:\xampp\htdocs\PerformancePostgres\L0_iSource_50_RaceConditionAuction_2021-07-01_21
2021-07-01 15:30:24,146 INFO o.a.j.r.d.HtmlTemplateExporter: Report will be generated in: C:\xampp\htdocs\PerformancePostgres\L0_iSource_50_RaceConditionAuction_2021-07-01_21, creating folder structure
2021-07-01 15:30:24,150 INFO o.a.j.r.d.TemplateVisitor: Copying folder from 'D:\apache-jmeter-5.1\apache-jmeter-5.1\bin\report-template' to 'C:\xampp\htdocs\PerformancePostgres\L0_iSource_50_RaceConditionAuction_2021-07-01_21', got message:[C:\xampp\htdocs\PerformancePostgres\L0_iSource_50_RaceConditionAuction_2021-07-01_21\statistics.json], found non empty folder with following content {}, will be ignored
2021-07-01 15:30:24,862 INFO o.a.j.JMeter: Dashboard generated
