2021-07-01 11:48:47,445 INFO o.a.j.u.JMeterUtils: Setting Locale to en_EN
2021-07-01 11:48:47,456 INFO o.a.j.JMeter: Loading user properties from: user.properties
2021-07-01 11:48:47,457 INFO o.a.j.JMeter: Loading system properties from: system.properties
2021-07-01 11:48:47,457 INFO o.a.j.JMeter: Setting JMeter property: meter.reportgenerator.report_title=RaceConditionAuction
2021-07-01 11:48:47,457 INFO o.a.j.JMeter: Setting JMeter property: thread=2
2021-07-01 11:48:47,457 INFO o.a.j.JMeter: Setting JMeter property: rampup=2
2021-07-01 11:48:47,461 INFO o.a.j.JMeter: Copyright (c) 1998-2019 The Apache Software Foundation
2021-07-01 11:48:47,462 INFO o.a.j.JMeter: Version 5.1 r1853635
2021-07-01 11:48:47,462 INFO o.a.j.JMeter: java.version=1.8.0_121
2021-07-01 11:48:47,462 INFO o.a.j.JMeter: java.vm.name=Java HotSpot(TM) 64-Bit Server VM
2021-07-01 11:48:47,462 INFO o.a.j.JMeter: os.name=Windows 10
2021-07-01 11:48:47,462 INFO o.a.j.JMeter: os.arch=amd64
2021-07-01 11:48:47,462 INFO o.a.j.JMeter: os.version=10.0
2021-07-01 11:48:47,462 INFO o.a.j.JMeter: file.encoding=Cp1252
2021-07-01 11:48:47,462 INFO o.a.j.JMeter: java.awt.headless=true
2021-07-01 11:48:47,462 INFO o.a.j.JMeter: Max memory     =8589934592
2021-07-01 11:48:47,462 INFO o.a.j.JMeter: Available Processors =6
2021-07-01 11:48:47,465 INFO o.a.j.JMeter: Default Locale=English (EN)
2021-07-01 11:48:47,465 INFO o.a.j.JMeter: JMeter  Locale=English (EN)
2021-07-01 11:48:47,465 INFO o.a.j.JMeter: JMeterHome=D:\apache-jmeter-5.1\apache-jmeter-5.1
2021-07-01 11:48:47,465 INFO o.a.j.JMeter: user.dir  =D:\apache-jmeter-5.1\apache-jmeter-5.1\bin
2021-07-01 11:48:47,465 INFO o.a.j.JMeter: PWD       =D:\apache-jmeter-5.1\apache-jmeter-5.1\bin
2021-07-01 11:48:47,466 INFO o.a.j.JMeter: IP: 172.30.224.67 Name: ZIPLSY2278 FullName: ZIPLSY2278.zycus.net
2021-07-01 11:48:47,468 INFO o.a.j.JMeter: Setting property 'jmeter.reportgenerator.outputdir' to:'C:\xampp\htdocs\PerformancePostgres\L0_iSource_2_RaceConditionAuction_2021-07-01_17'
2021-07-01 11:48:47,470 INFO o.a.j.s.FileServer: Default base='D:\apache-jmeter-5.1\apache-jmeter-5.1\bin'
2021-07-01 11:48:47,473 INFO o.a.j.s.FileServer: Set new base='D:\PostrgresMigration\iSource'
2021-07-01 11:48:47,566 INFO o.a.j.s.SaveService: Testplan (JMX) version: 2.2. Testlog (JTL) version: 2.2
2021-07-01 11:48:47,576 INFO o.a.j.s.SaveService: Using SaveService properties file encoding UTF-8
2021-07-01 11:48:47,581 INFO o.a.j.s.SaveService: Using SaveService properties version 5.0
2021-07-01 11:48:47,585 INFO o.a.j.s.SaveService: Loading file: D:\PostrgresMigration\iSource\iSource_RaceConditionAuction.jmx
2021-07-01 11:48:47,628 INFO o.a.j.p.h.c.CookieManager: Settings: Delete null: true Check: true Allow variable: true Save: false Prefix: COOKIE_
2021-07-01 11:48:47,633 INFO o.a.j.p.h.c.CacheManager: Will only cache the following methods: [GET]
2021-07-01 11:48:47,640 INFO o.a.j.p.h.s.HTTPSamplerBase: Parser for text/html is org.apache.jmeter.protocol.http.parser.LagartoBasedHtmlParser
2021-07-01 11:48:47,640 INFO o.a.j.p.h.s.HTTPSamplerBase: Parser for application/xhtml+xml is org.apache.jmeter.protocol.http.parser.LagartoBasedHtmlParser
2021-07-01 11:48:47,640 INFO o.a.j.p.h.s.HTTPSamplerBase: Parser for application/xml is org.apache.jmeter.protocol.http.parser.LagartoBasedHtmlParser
2021-07-01 11:48:47,640 INFO o.a.j.p.h.s.HTTPSamplerBase: Parser for text/xml is org.apache.jmeter.protocol.http.parser.LagartoBasedHtmlParser
2021-07-01 11:48:47,641 INFO o.a.j.p.h.s.HTTPSamplerBase: Parser for text/vnd.wap.wml is org.apache.jmeter.protocol.http.parser.RegexpHTMLParser
2021-07-01 11:48:47,641 INFO o.a.j.p.h.s.HTTPSamplerBase: Parser for text/css is org.apache.jmeter.protocol.http.parser.CssParser
2021-07-01 11:48:47,889 INFO o.a.j.JMeter: Creating summariser <summary>
2021-07-01 11:48:47,893 INFO o.a.j.r.d.ReportGenerator: ReportGenerator will use for Parsing the separator: ','
2021-07-01 11:48:47,893 INFO o.a.j.r.d.ReportGenerator: Will generate report at end of test from  results file: D:\PostrgresMigration\iSource\JTL\L0_iSource_2_RaceConditionAuction_2021-07-01_17.jtl
2021-07-01 11:48:47,894 INFO o.a.j.r.d.ReportGenerator: Reading report generator properties from: D:\apache-jmeter-5.1\apache-jmeter-5.1\bin\reportgenerator.properties
2021-07-01 11:48:47,894 INFO o.a.j.r.d.ReportGenerator: Merging with JMeter properties
2021-07-01 11:48:47,898 INFO o.a.j.r.c.ReportGeneratorConfiguration: Property 'jmeter.reportgenerator.temp_dir' not found, using default value 'temp' instead.
2021-07-01 11:48:47,900 INFO o.a.j.r.c.ReportGeneratorConfiguration: Property 'jmeter.reportgenerator.apdex_per_transaction' not found, using default value 'null' instead.
2021-07-01 11:48:47,900 INFO o.a.j.r.c.ReportGeneratorConfiguration: apdex_per_transaction : {} is empty, not APDEX per transaction customization
2021-07-01 11:48:47,900 INFO o.a.j.r.c.ReportGeneratorConfiguration: Property 'jmeter.reportgenerator.sample_filter' not found, using default value 'null' instead.
2021-07-01 11:48:47,900 INFO o.a.j.r.c.ReportGeneratorConfiguration: Property 'jmeter.reportgenerator.report_title' not found, using default value 'null' instead.
2021-07-01 11:48:47,900 INFO o.a.j.r.c.ReportGeneratorConfiguration: Property 'jmeter.reportgenerator.start_date' not found, using default value 'null' instead.
2021-07-01 11:48:47,901 INFO o.a.j.r.c.ReportGeneratorConfiguration: Property 'jmeter.reportgenerator.end_date' not found, using default value 'null' instead.
2021-07-01 11:48:47,901 INFO o.a.j.r.c.ReportGeneratorConfiguration: Property 'jmeter.reportgenerator.date_format' not found, using default value 'null' instead.
2021-07-01 11:48:47,901 INFO o.a.j.r.c.ReportGeneratorConfiguration: Will use date range start date: null, end date: null
2021-07-01 11:48:47,904 INFO o.a.j.r.c.ReportGeneratorConfiguration: Property 'jmeter.reportgenerator.graph.totalTPS.exclude_controllers' not found, using default value 'false' instead.
2021-07-01 11:48:47,904 INFO o.a.j.r.c.ReportGeneratorConfiguration: Property 'jmeter.reportgenerator.graph.activeThreadsOverTime.exclude_controllers' not found, using default value 'false' instead.
2021-07-01 11:48:47,904 INFO o.a.j.r.c.ReportGeneratorConfiguration: Property 'jmeter.reportgenerator.graph.timeVsThreads.exclude_controllers' not found, using default value 'false' instead.
2021-07-01 11:48:47,904 INFO o.a.j.r.c.ReportGeneratorConfiguration: Property 'jmeter.reportgenerator.graph.responseTimeDistribution.exclude_controllers' not found, using default value 'false' instead.
2021-07-01 11:48:47,904 INFO o.a.j.r.c.ReportGeneratorConfiguration: Property 'jmeter.reportgenerator.graph.transactionsPerSecond.exclude_controllers' not found, using default value 'false' instead.
2021-07-01 11:48:47,904 INFO o.a.j.r.c.ReportGeneratorConfiguration: Property 'jmeter.reportgenerator.graph.responseTimePercentiles.exclude_controllers' not found, using default value 'false' instead.
2021-07-01 11:48:47,905 INFO o.a.j.r.c.ReportGeneratorConfiguration: Property 'jmeter.reportgenerator.graph.responseTimePercentilesOverTime.exclude_controllers' not found, using default value 'false' instead.
2021-07-01 11:48:47,905 INFO o.a.j.r.c.ReportGeneratorConfiguration: Property 'jmeter.reportgenerator.graph.responseTimesOverTime.exclude_controllers' not found, using default value 'false' instead.
2021-07-01 11:48:47,905 INFO o.a.j.r.c.ReportGeneratorConfiguration: Property 'jmeter.reportgenerator.graph.connectTimeOverTime.exclude_controllers' not found, using default value 'false' instead.
2021-07-01 11:48:47,905 INFO o.a.j.r.c.ReportGeneratorConfiguration: Property 'jmeter.reportgenerator.graph.latenciesOverTime.exclude_controllers' not found, using default value 'false' instead.
2021-07-01 11:48:47,906 INFO o.a.j.r.c.ReportGeneratorConfiguration: Property 'jmeter.reportgenerator.exporter.json.filters_only_sample_series' not found, using default value 'true' instead.
2021-07-01 11:48:47,906 INFO o.a.j.r.c.ReportGeneratorConfiguration: Property 'jmeter.reportgenerator.exporter.json.series_filter' not found, using default value '' instead.
2021-07-01 11:48:47,906 INFO o.a.j.r.c.ReportGeneratorConfiguration: Property 'jmeter.reportgenerator.exporter.json.show_controllers_only' not found, using default value 'false' instead.
2021-07-01 11:48:47,906 INFO o.a.j.r.c.ReportGeneratorConfiguration: Property 'jmeter.reportgenerator.exporter.html.filters_only_sample_series' not found, using default value 'true' instead.
2021-07-01 11:48:47,906 INFO o.a.j.r.c.ReportGeneratorConfiguration: Property 'jmeter.reportgenerator.exporter.html.series_filter' not found, using default value '' instead.
2021-07-01 11:48:47,906 INFO o.a.j.r.c.ReportGeneratorConfiguration: Property 'jmeter.reportgenerator.exporter.html.show_controllers_only' not found, using default value 'false' instead.
2021-07-01 11:48:47,910 INFO o.a.j.e.StandardJMeterEngine: Running the test!
2021-07-01 11:48:47,910 INFO o.a.j.s.SampleEvent: List of sample_variables: []
2021-07-01 11:48:47,910 INFO o.a.j.s.SampleEvent: List of sample_variables: []
2021-07-01 11:48:47,915 INFO o.a.j.e.u.CompoundVariable: Note: Function class names must contain the string: '.functions.'
2021-07-01 11:48:47,915 INFO o.a.j.e.u.CompoundVariable: Note: Function class names must not contain the string: '.gui.'
2021-07-01 11:48:48,268 INFO o.a.j.JMeter: Running test (1625120328268)
2021-07-01 11:48:48,326 INFO o.a.j.e.StandardJMeterEngine: Starting ThreadGroup: 1 : iSource_RaceConditionAuction
2021-07-01 11:48:48,326 INFO o.a.j.e.StandardJMeterEngine: Starting 2 threads for group iSource_RaceConditionAuction.
2021-07-01 11:48:48,326 INFO o.a.j.e.StandardJMeterEngine: Thread will stop on error
2021-07-01 11:48:48,326 INFO o.a.j.t.ThreadGroup: Starting thread group... number=1 threads=2 ramp-up=2 perThread=1000.0 delayedStart=false
2021-07-01 11:48:48,357 INFO o.a.j.s.SampleResult: Note: Sample TimeStamps are START times
2021-07-01 11:48:48,358 INFO o.a.j.s.SampleResult: sampleresult.default.encoding is set to ISO-8859-1
2021-07-01 11:48:48,358 INFO o.a.j.s.SampleResult: sampleresult.useNanoTime=true
2021-07-01 11:48:48,358 INFO o.a.j.s.SampleResult: sampleresult.nanoThreadSleep=5000
2021-07-01 11:48:48,366 INFO o.a.j.t.JMeterThread: Thread started: iSource_RaceConditionAuction 1-1
2021-07-01 11:48:48,383 INFO o.a.j.t.ThreadGroup: Started thread group number 1
2021-07-01 11:48:48,383 INFO o.a.j.e.StandardJMeterEngine: All thread groups have been started
2021-07-01 11:48:48,384 INFO o.a.j.p.h.s.HTTPHCAbstractImpl: Local host = ZIPLSY2278
2021-07-01 11:48:48,389 INFO o.a.j.p.h.s.HTTPHC4Impl: HTTP request retry count = 0
2021-07-01 11:48:48,446 INFO o.a.j.p.h.s.h.LazyLayeredConnectionSocketFactory: Setting up HTTPS TrustAll Socket Factory
2021-07-01 11:48:48,450 INFO o.a.j.u.JsseSSLManager: Using default SSL protocol: TLS
2021-07-01 11:48:48,450 INFO o.a.j.u.JsseSSLManager: SSL session context: per-thread
2021-07-01 11:48:48,894 INFO o.a.j.u.SSLManager: JmeterKeyStore Location:  type JKS
2021-07-01 11:48:48,896 INFO o.a.j.u.SSLManager: KeyStore created OK
2021-07-01 11:48:48,896 WARN o.a.j.u.SSLManager: Keystore file not found, loading empty keystore
2021-07-01 11:48:49,394 INFO o.a.j.t.JMeterThread: Thread started: iSource_RaceConditionAuction 1-2
2021-07-01 11:49:01,360 INFO o.a.j.r.Summariser: summary +     59 in 00:00:13 =    4.5/s Avg:   209 Min:    36 Max:  1186 Err:     0 (0.00%) Active: 2 Started: 2 Finished: 0
2021-07-01 11:49:30,241 INFO o.a.j.r.Summariser: summary +     52 in 00:00:29 =    1.8/s Avg:   392 Min:    99 Max:  2034 Err:     0 (0.00%) Active: 2 Started: 2 Finished: 0
2021-07-01 11:49:30,241 INFO o.a.j.r.Summariser: summary =    111 in 00:00:42 =    2.6/s Avg:   295 Min:    36 Max:  2034 Err:     0 (0.00%)
2021-07-01 11:50:00,331 INFO o.a.j.r.Summariser: summary +    107 in 00:00:30 =    3.6/s Avg:   331 Min:    85 Max:  1599 Err:     0 (0.00%) Active: 2 Started: 2 Finished: 0
2021-07-01 11:50:00,332 INFO o.a.j.r.Summariser: summary =    218 in 00:01:12 =    3.0/s Avg:   313 Min:    36 Max:  2034 Err:     0 (0.00%)
2021-07-01 11:50:12,499 INFO o.a.j.t.JMeterThread: Thread is done: iSource_RaceConditionAuction 1-2
2021-07-01 11:50:12,499 INFO o.a.j.t.JMeterThread: Thread finished: iSource_RaceConditionAuction 1-2
2021-07-01 11:50:12,567 INFO o.a.j.t.JMeterThread: Thread is done: iSource_RaceConditionAuction 1-1
2021-07-01 11:50:12,567 INFO o.a.j.t.JMeterThread: Thread finished: iSource_RaceConditionAuction 1-1
2021-07-01 11:50:12,569 INFO o.a.j.e.StandardJMeterEngine: Notifying test listeners of end of test
2021-07-01 11:50:12,571 INFO o.a.j.r.Summariser: summary +     46 in 00:00:12 =    3.8/s Avg:   317 Min:    39 Max:  1253 Err:     0 (0.00%) Active: 0 Started: 2 Finished: 2
2021-07-01 11:50:12,572 INFO o.a.j.r.Summariser: summary =    264 in 00:01:24 =    3.1/s Avg:   314 Min:    36 Max:  2034 Err:     0 (0.00%)
2021-07-01 11:50:12,572 INFO o.a.j.JMeter: Generating Dashboard
2021-07-01 11:50:12,572 INFO o.a.j.r.d.ReportGenerator: Flushing result collector before report Generation
2021-07-01 11:50:12,581 INFO o.a.j.r.p.NormalizerSampleConsumer: Using format, 'ms', to parse timeStamp field
2021-07-01 11:50:12,675 INFO o.a.j.r.p.AbstractSampleConsumer: class org.apache.jmeter.report.processor.AggregateConsumer#stopProducing(): beginDate produced 0 samples
2021-07-01 11:50:12,675 INFO o.a.j.r.p.AbstractSampleConsumer: class org.apache.jmeter.report.processor.AggregateConsumer#stopProducing(): endDate produced 0 samples
2021-07-01 11:50:12,677 INFO o.a.j.r.p.AbstractSampleConsumer: class org.apache.jmeter.report.processor.ApdexSummaryConsumer#stopProducing(): apdexSummary produced 0 samples
2021-07-01 11:50:12,677 INFO o.a.j.r.p.AbstractSampleConsumer: class org.apache.jmeter.report.processor.RequestsSummaryConsumer#stopProducing(): requestsSummary produced 0 samples
2021-07-01 11:50:12,683 INFO o.a.j.r.p.AbstractSampleConsumer: class org.apache.jmeter.report.processor.StatisticsSummaryConsumer#stopProducing(): statisticsSummary produced 0 samples
2021-07-01 11:50:12,686 INFO o.a.j.r.p.AbstractSampleConsumer: class org.apache.jmeter.report.processor.Top5ErrorsBySamplerConsumer#stopProducing(): top5ErrorsBySampler produced 0 samples
2021-07-01 11:50:12,687 INFO o.a.j.r.p.AbstractSampleConsumer: class org.apache.jmeter.report.processor.ErrorsSummaryConsumer#stopProducing(): errorsSummary produced 0 samples
2021-07-01 11:50:12,687 INFO o.a.j.r.p.AbstractSampleConsumer: class org.apache.jmeter.report.processor.graph.impl.HitsPerSecondGraphConsumer#stopProducing(): hitsPerSecond produced 0 samples
2021-07-01 11:50:12,698 INFO o.a.j.r.p.AbstractSampleConsumer: class org.apache.jmeter.report.processor.graph.impl.LatencyVSRequestGraphConsumer#stopProducing(): latencyVsRequest produced 0 samples
2021-07-01 11:50:12,698 INFO o.a.j.r.p.AbstractSampleConsumer: class org.apache.jmeter.report.processor.graph.impl.SyntheticResponseTimeDistributionGraphConsumer#stopProducing(): syntheticResponseTimeDistribution produced 0 samples
2021-07-01 11:50:12,698 INFO o.a.j.r.p.AbstractSampleConsumer: class org.apache.jmeter.report.processor.graph.impl.BytesThroughputGraphConsumer#stopProducing(): bytesThroughputOverTime produced 0 samples
2021-07-01 11:50:12,698 INFO o.a.j.r.p.AbstractSampleConsumer: class org.apache.jmeter.report.processor.graph.impl.CodesPerSecondGraphConsumer#stopProducing(): codesPerSecond produced 0 samples
2021-07-01 11:50:12,704 INFO o.a.j.r.p.AbstractSampleConsumer: class org.apache.jmeter.report.processor.graph.impl.ResponseTimeVSRequestGraphConsumer#stopProducing(): responseTimeVsRequest produced 0 samples
2021-07-01 11:50:12,704 INFO o.a.j.r.p.AbstractSampleConsumer: class org.apache.jmeter.report.processor.FilterConsumer#stopProducing(): startIntervalControlerFilter produced 1848 samples
2021-07-01 11:50:12,704 INFO o.a.j.r.p.AbstractSampleConsumer: class org.apache.jmeter.report.processor.graph.impl.TotalTPSGraphConsumer#stopProducing(): totalTPS produced 0 samples
2021-07-01 11:50:12,704 INFO o.a.j.r.p.AbstractSampleConsumer: class org.apache.jmeter.report.processor.graph.impl.ActiveThreadsGraphConsumer#stopProducing(): activeThreadsOverTime produced 0 samples
2021-07-01 11:50:12,704 INFO o.a.j.r.p.AbstractSampleConsumer: class org.apache.jmeter.report.processor.graph.impl.TimeVSThreadGraphConsumer#stopProducing(): timeVsThreads produced 0 samples
2021-07-01 11:50:12,714 INFO o.a.j.r.p.AbstractSampleConsumer: class org.apache.jmeter.report.processor.graph.impl.ResponseTimeDistributionGraphConsumer#stopProducing(): responseTimeDistribution produced 0 samples
2021-07-01 11:50:12,715 INFO o.a.j.r.p.AbstractSampleConsumer: class org.apache.jmeter.report.processor.graph.impl.TransactionsPerSecondGraphConsumer#stopProducing(): transactionsPerSecond produced 0 samples
2021-07-01 11:50:12,716 INFO o.a.j.r.p.AbstractSampleConsumer: class org.apache.jmeter.report.processor.graph.impl.ResponseTimePercentilesGraphConsumer#stopProducing(): responseTimePercentiles produced 0 samples
2021-07-01 11:50:12,729 INFO o.a.j.r.p.AbstractSampleConsumer: class org.apache.jmeter.report.processor.graph.impl.ResponseTimePercentilesOverTimeGraphConsumer#stopProducing(): responseTimePercentilesOverTime produced 0 samples
2021-07-01 11:50:12,729 INFO o.a.j.r.p.AbstractSampleConsumer: class org.apache.jmeter.report.processor.graph.impl.ResponseTimeOverTimeGraphConsumer#stopProducing(): responseTimesOverTime produced 0 samples
2021-07-01 11:50:12,730 INFO o.a.j.r.p.AbstractSampleConsumer: class org.apache.jmeter.report.processor.graph.impl.ConnectTimeOverTimeGraphConsumer#stopProducing(): connectTimeOverTime produced 0 samples
2021-07-01 11:50:12,731 INFO o.a.j.r.p.AbstractSampleConsumer: class org.apache.jmeter.report.processor.graph.impl.LatencyOverTimeGraphConsumer#stopProducing(): latenciesOverTime produced 0 samples
2021-07-01 11:50:12,731 INFO o.a.j.r.p.AbstractSampleConsumer: class org.apache.jmeter.report.processor.FilterConsumer#stopProducing(): nameFilter produced 4500 samples
2021-07-01 11:50:12,731 INFO o.a.j.r.p.AbstractSampleConsumer: class org.apache.jmeter.report.processor.FilterConsumer#stopProducing(): dateRangeFilter produced 900 samples
2021-07-01 11:50:12,731 INFO o.a.j.r.p.AbstractSampleConsumer: class org.apache.jmeter.report.processor.NormalizerSampleConsumer#stopProducing(): normalizer produced 300 samples
2021-07-01 11:50:12,732 INFO o.a.j.r.p.CsvFileSampleSource: produce(): 300 samples produced in 133ms on channel 0
2021-07-01 11:50:12,732 INFO o.a.j.r.d.ReportGenerator: Exporting data using exporter:'json' of className:'org.apache.jmeter.report.dashboard.JsonExporter'
2021-07-01 11:50:12,733 INFO o.a.j.r.d.JsonExporter: Found data for consumer statisticsSummary in context
2021-07-01 11:50:12,733 INFO o.a.j.r.d.JsonExporter: Creating statistics for overall
2021-07-01 11:50:12,734 INFO o.a.j.r.d.JsonExporter: Creating statistics for other transactions
2021-07-01 11:50:12,735 INFO o.a.j.r.d.JsonExporter: Checking output folder
2021-07-01 11:50:12,737 INFO o.a.j.r.d.JsonExporter: Writing statistics JSON to C:\xampp\htdocs\PerformancePostgres\L0_iSource_2_RaceConditionAuction_2021-07-01_17\statistics.json
2021-07-01 11:50:12,882 INFO o.a.j.r.d.ReportGenerator: Exporting data using exporter:'html' of className:'org.apache.jmeter.report.dashboard.HtmlTemplateExporter'
2021-07-01 11:50:12,885 INFO o.a.j.r.d.HtmlTemplateExporter: Will generate dashboard in folder: C:\xampp\htdocs\PerformancePostgres\L0_iSource_2_RaceConditionAuction_2021-07-01_17
2021-07-01 11:50:13,105 INFO o.a.j.r.d.HtmlTemplateExporter: Report will be generated in: C:\xampp\htdocs\PerformancePostgres\L0_iSource_2_RaceConditionAuction_2021-07-01_17, creating folder structure
2021-07-01 11:50:13,108 INFO o.a.j.r.d.TemplateVisitor: Copying folder from 'D:\apache-jmeter-5.1\apache-jmeter-5.1\bin\report-template' to 'C:\xampp\htdocs\PerformancePostgres\L0_iSource_2_RaceConditionAuction_2021-07-01_17', got message:[C:\xampp\htdocs\PerformancePostgres\L0_iSource_2_RaceConditionAuction_2021-07-01_17\statistics.json], found non empty folder with following content {}, will be ignored
2021-07-01 11:50:13,837 INFO o.a.j.JMeter: Dashboard generated
