2021-07-01 15:56:19,922 INFO o.a.j.u.JMeterUtils: Setting Locale to en_EN
2021-07-01 15:56:19,935 INFO o.a.j.JMeter: Loading user properties from: user.properties
2021-07-01 15:56:19,935 INFO o.a.j.JMeter: Loading system properties from: system.properties
2021-07-01 15:56:19,935 INFO o.a.j.JMeter: Setting JMeter property: meter.reportgenerator.report_title=RaceConditionAuction
2021-07-01 15:56:19,935 INFO o.a.j.JMeter: Setting JMeter property: thread=50
2021-07-01 15:56:19,935 INFO o.a.j.JMeter: Setting JMeter property: rampup=750
2021-07-01 15:56:19,939 INFO o.a.j.JMeter: Copyright (c) 1998-2019 The Apache Software Foundation
2021-07-01 15:56:19,939 INFO o.a.j.JMeter: Version 5.1 r1853635
2021-07-01 15:56:19,939 INFO o.a.j.JMeter: java.version=1.8.0_121
2021-07-01 15:56:19,939 INFO o.a.j.JMeter: java.vm.name=Java HotSpot(TM) 64-Bit Server VM
2021-07-01 15:56:19,939 INFO o.a.j.JMeter: os.name=Windows 10
2021-07-01 15:56:19,939 INFO o.a.j.JMeter: os.arch=amd64
2021-07-01 15:56:19,939 INFO o.a.j.JMeter: os.version=10.0
2021-07-01 15:56:19,939 INFO o.a.j.JMeter: file.encoding=Cp1252
2021-07-01 15:56:19,939 INFO o.a.j.JMeter: java.awt.headless=true
2021-07-01 15:56:19,939 INFO o.a.j.JMeter: Max memory     =8589934592
2021-07-01 15:56:19,939 INFO o.a.j.JMeter: Available Processors =6
2021-07-01 15:56:19,942 INFO o.a.j.JMeter: Default Locale=English (EN)
2021-07-01 15:56:19,942 INFO o.a.j.JMeter: JMeter  Locale=English (EN)
2021-07-01 15:56:19,943 INFO o.a.j.JMeter: JMeterHome=D:\apache-jmeter-5.1\apache-jmeter-5.1
2021-07-01 15:56:19,943 INFO o.a.j.JMeter: user.dir  =D:\apache-jmeter-5.1\apache-jmeter-5.1\bin
2021-07-01 15:56:19,943 INFO o.a.j.JMeter: PWD       =D:\apache-jmeter-5.1\apache-jmeter-5.1\bin
2021-07-01 15:56:19,944 INFO o.a.j.JMeter: IP: 172.30.225.123 Name: ZIPLSY2278 FullName: ZIPLSY2278.zycus.net
2021-07-01 15:56:19,947 INFO o.a.j.JMeter: Setting property 'jmeter.reportgenerator.outputdir' to:'C:\xampp\htdocs\PerformancePostgres\L0_iSource_50_RaceConditionAuction_2021-07-01_28'
2021-07-01 15:56:19,950 INFO o.a.j.s.FileServer: Default base='D:\apache-jmeter-5.1\apache-jmeter-5.1\bin'
2021-07-01 15:56:19,953 INFO o.a.j.s.FileServer: Set new base='D:\PostrgresMigration\iSource'
2021-07-01 15:56:20,049 INFO o.a.j.s.SaveService: Testplan (JMX) version: 2.2. Testlog (JTL) version: 2.2
2021-07-01 15:56:20,059 INFO o.a.j.s.SaveService: Using SaveService properties file encoding UTF-8
2021-07-01 15:56:20,063 INFO o.a.j.s.SaveService: Using SaveService properties version 5.0
2021-07-01 15:56:20,067 INFO o.a.j.s.SaveService: Loading file: D:\PostrgresMigration\iSource\iSource_RaceConditionAuction.jmx
2021-07-01 15:56:20,108 INFO o.a.j.p.h.c.CookieManager: Settings: Delete null: true Check: true Allow variable: true Save: false Prefix: COOKIE_
2021-07-01 15:56:20,114 INFO o.a.j.p.h.c.CacheManager: Will only cache the following methods: [GET]
2021-07-01 15:56:20,122 INFO o.a.j.p.h.s.HTTPSamplerBase: Parser for text/html is org.apache.jmeter.protocol.http.parser.LagartoBasedHtmlParser
2021-07-01 15:56:20,122 INFO o.a.j.p.h.s.HTTPSamplerBase: Parser for application/xhtml+xml is org.apache.jmeter.protocol.http.parser.LagartoBasedHtmlParser
2021-07-01 15:56:20,122 INFO o.a.j.p.h.s.HTTPSamplerBase: Parser for application/xml is org.apache.jmeter.protocol.http.parser.LagartoBasedHtmlParser
2021-07-01 15:56:20,122 INFO o.a.j.p.h.s.HTTPSamplerBase: Parser for text/xml is org.apache.jmeter.protocol.http.parser.LagartoBasedHtmlParser
2021-07-01 15:56:20,122 INFO o.a.j.p.h.s.HTTPSamplerBase: Parser for text/vnd.wap.wml is org.apache.jmeter.protocol.http.parser.RegexpHTMLParser
2021-07-01 15:56:20,122 INFO o.a.j.p.h.s.HTTPSamplerBase: Parser for text/css is org.apache.jmeter.protocol.http.parser.CssParser
2021-07-01 15:56:20,296 INFO o.a.j.JMeter: Creating summariser <summary>
2021-07-01 15:56:20,300 INFO o.a.j.r.d.ReportGenerator: ReportGenerator will use for Parsing the separator: ','
2021-07-01 15:56:20,300 INFO o.a.j.r.d.ReportGenerator: Will generate report at end of test from  results file: D:\PostrgresMigration\iSource\JTL\L0_iSource_50_RaceConditionAuction_2021-07-01_28.jtl
2021-07-01 15:56:20,300 INFO o.a.j.r.d.ReportGenerator: Reading report generator properties from: D:\apache-jmeter-5.1\apache-jmeter-5.1\bin\reportgenerator.properties
2021-07-01 15:56:20,301 INFO o.a.j.r.d.ReportGenerator: Merging with JMeter properties
2021-07-01 15:56:20,306 INFO o.a.j.r.c.ReportGeneratorConfiguration: Property 'jmeter.reportgenerator.temp_dir' not found, using default value 'temp' instead.
2021-07-01 15:56:20,308 INFO o.a.j.r.c.ReportGeneratorConfiguration: Property 'jmeter.reportgenerator.apdex_per_transaction' not found, using default value 'null' instead.
2021-07-01 15:56:20,308 INFO o.a.j.r.c.ReportGeneratorConfiguration: apdex_per_transaction : {} is empty, not APDEX per transaction customization
2021-07-01 15:56:20,308 INFO o.a.j.r.c.ReportGeneratorConfiguration: Property 'jmeter.reportgenerator.sample_filter' not found, using default value 'null' instead.
2021-07-01 15:56:20,308 INFO o.a.j.r.c.ReportGeneratorConfiguration: Property 'jmeter.reportgenerator.report_title' not found, using default value 'null' instead.
2021-07-01 15:56:20,308 INFO o.a.j.r.c.ReportGeneratorConfiguration: Property 'jmeter.reportgenerator.start_date' not found, using default value 'null' instead.
2021-07-01 15:56:20,308 INFO o.a.j.r.c.ReportGeneratorConfiguration: Property 'jmeter.reportgenerator.end_date' not found, using default value 'null' instead.
2021-07-01 15:56:20,308 INFO o.a.j.r.c.ReportGeneratorConfiguration: Property 'jmeter.reportgenerator.date_format' not found, using default value 'null' instead.
2021-07-01 15:56:20,308 INFO o.a.j.r.c.ReportGeneratorConfiguration: Will use date range start date: null, end date: null
2021-07-01 15:56:20,312 INFO o.a.j.r.c.ReportGeneratorConfiguration: Property 'jmeter.reportgenerator.graph.totalTPS.exclude_controllers' not found, using default value 'false' instead.
2021-07-01 15:56:20,313 INFO o.a.j.r.c.ReportGeneratorConfiguration: Property 'jmeter.reportgenerator.graph.activeThreadsOverTime.exclude_controllers' not found, using default value 'false' instead.
2021-07-01 15:56:20,313 INFO o.a.j.r.c.ReportGeneratorConfiguration: Property 'jmeter.reportgenerator.graph.timeVsThreads.exclude_controllers' not found, using default value 'false' instead.
2021-07-01 15:56:20,313 INFO o.a.j.r.c.ReportGeneratorConfiguration: Property 'jmeter.reportgenerator.graph.responseTimeDistribution.exclude_controllers' not found, using default value 'false' instead.
2021-07-01 15:56:20,313 INFO o.a.j.r.c.ReportGeneratorConfiguration: Property 'jmeter.reportgenerator.graph.transactionsPerSecond.exclude_controllers' not found, using default value 'false' instead.
2021-07-01 15:56:20,313 INFO o.a.j.r.c.ReportGeneratorConfiguration: Property 'jmeter.reportgenerator.graph.responseTimePercentiles.exclude_controllers' not found, using default value 'false' instead.
2021-07-01 15:56:20,313 INFO o.a.j.r.c.ReportGeneratorConfiguration: Property 'jmeter.reportgenerator.graph.responseTimePercentilesOverTime.exclude_controllers' not found, using default value 'false' instead.
2021-07-01 15:56:20,313 INFO o.a.j.r.c.ReportGeneratorConfiguration: Property 'jmeter.reportgenerator.graph.responseTimesOverTime.exclude_controllers' not found, using default value 'false' instead.
2021-07-01 15:56:20,313 INFO o.a.j.r.c.ReportGeneratorConfiguration: Property 'jmeter.reportgenerator.graph.connectTimeOverTime.exclude_controllers' not found, using default value 'false' instead.
2021-07-01 15:56:20,313 INFO o.a.j.r.c.ReportGeneratorConfiguration: Property 'jmeter.reportgenerator.graph.latenciesOverTime.exclude_controllers' not found, using default value 'false' instead.
2021-07-01 15:56:20,314 INFO o.a.j.r.c.ReportGeneratorConfiguration: Property 'jmeter.reportgenerator.exporter.json.filters_only_sample_series' not found, using default value 'true' instead.
2021-07-01 15:56:20,314 INFO o.a.j.r.c.ReportGeneratorConfiguration: Property 'jmeter.reportgenerator.exporter.json.series_filter' not found, using default value '' instead.
2021-07-01 15:56:20,315 INFO o.a.j.r.c.ReportGeneratorConfiguration: Property 'jmeter.reportgenerator.exporter.json.show_controllers_only' not found, using default value 'false' instead.
2021-07-01 15:56:20,315 INFO o.a.j.r.c.ReportGeneratorConfiguration: Property 'jmeter.reportgenerator.exporter.html.filters_only_sample_series' not found, using default value 'true' instead.
2021-07-01 15:56:20,315 INFO o.a.j.r.c.ReportGeneratorConfiguration: Property 'jmeter.reportgenerator.exporter.html.series_filter' not found, using default value '' instead.
2021-07-01 15:56:20,315 INFO o.a.j.r.c.ReportGeneratorConfiguration: Property 'jmeter.reportgenerator.exporter.html.show_controllers_only' not found, using default value 'false' instead.
2021-07-01 15:56:20,319 INFO o.a.j.e.StandardJMeterEngine: Running the test!
2021-07-01 15:56:20,320 INFO o.a.j.s.SampleEvent: List of sample_variables: []
2021-07-01 15:56:20,320 INFO o.a.j.s.SampleEvent: List of sample_variables: []
2021-07-01 15:56:20,327 INFO o.a.j.e.u.CompoundVariable: Note: Function class names must contain the string: '.functions.'
2021-07-01 15:56:20,327 INFO o.a.j.e.u.CompoundVariable: Note: Function class names must not contain the string: '.gui.'
2021-07-01 15:56:20,680 INFO o.a.j.JMeter: Running test (1625135180680)
2021-07-01 15:56:20,751 INFO o.a.j.e.StandardJMeterEngine: Starting ThreadGroup: 1 : iSource_RaceConditionAuction
2021-07-01 15:56:20,751 INFO o.a.j.e.StandardJMeterEngine: Starting 50 threads for group iSource_RaceConditionAuction.
2021-07-01 15:56:20,751 INFO o.a.j.e.StandardJMeterEngine: Thread will stop on error
2021-07-01 15:56:20,752 INFO o.a.j.t.ThreadGroup: Starting thread group... number=1 threads=50 ramp-up=750 perThread=15000.0 delayedStart=false
2021-07-01 15:56:20,790 INFO o.a.j.s.SampleResult: Note: Sample TimeStamps are START times
2021-07-01 15:56:20,791 INFO o.a.j.s.SampleResult: sampleresult.default.encoding is set to ISO-8859-1
2021-07-01 15:56:20,791 INFO o.a.j.s.SampleResult: sampleresult.useNanoTime=true
2021-07-01 15:56:20,791 INFO o.a.j.s.SampleResult: sampleresult.nanoThreadSleep=5000
2021-07-01 15:56:20,801 INFO o.a.j.t.JMeterThread: Thread started: iSource_RaceConditionAuction 1-1
2021-07-01 15:56:20,833 INFO o.a.j.p.h.s.HTTPHCAbstractImpl: Local host = ZIPLSY2278
2021-07-01 15:56:20,841 INFO o.a.j.p.h.s.HTTPHC4Impl: HTTP request retry count = 0
2021-07-01 15:56:20,923 INFO o.a.j.p.h.s.h.LazyLayeredConnectionSocketFactory: Setting up HTTPS TrustAll Socket Factory
2021-07-01 15:56:20,930 INFO o.a.j.u.JsseSSLManager: Using default SSL protocol: TLS
2021-07-01 15:56:20,930 INFO o.a.j.u.JsseSSLManager: SSL session context: per-thread
2021-07-01 15:56:21,499 INFO o.a.j.u.SSLManager: JmeterKeyStore Location:  type JKS
2021-07-01 15:56:21,501 INFO o.a.j.u.SSLManager: KeyStore created OK
2021-07-01 15:56:21,501 WARN o.a.j.u.SSLManager: Keystore file not found, loading empty keystore
2021-07-01 15:56:21,874 INFO o.a.j.t.ThreadGroup: Started thread group number 1
2021-07-01 15:56:21,874 INFO o.a.j.e.StandardJMeterEngine: All thread groups have been started
2021-07-01 15:56:31,648 INFO o.a.j.r.Summariser: summary +     30 in 00:00:11 =    2.7/s Avg:   220 Min:    32 Max:  1183 Err:     0 (0.00%) Active: 1 Started: 1 Finished: 0
2021-07-01 15:56:35,840 INFO o.a.j.t.JMeterThread: Thread started: iSource_RaceConditionAuction 1-2
2021-07-01 15:56:50,882 INFO o.a.j.t.JMeterThread: Thread started: iSource_RaceConditionAuction 1-3
2021-07-01 15:57:00,523 INFO o.a.j.r.Summariser: summary +     98 in 00:00:29 =    3.4/s Avg:   296 Min:    35 Max:  2234 Err:     0 (0.00%) Active: 3 Started: 3 Finished: 0
2021-07-01 15:57:00,523 INFO o.a.j.r.Summariser: summary =    128 in 00:00:40 =    3.2/s Avg:   278 Min:    32 Max:  2234 Err:     0 (0.00%)
2021-07-01 15:57:05,911 INFO o.a.j.t.JMeterThread: Thread started: iSource_RaceConditionAuction 1-4
2021-07-01 15:57:20,939 INFO o.a.j.t.JMeterThread: Thread started: iSource_RaceConditionAuction 1-5
2021-07-01 15:57:30,229 INFO o.a.j.r.Summariser: summary +    164 in 00:00:30 =    5.5/s Avg:   439 Min:    32 Max:  3116 Err:     0 (0.00%) Active: 5 Started: 5 Finished: 0
2021-07-01 15:57:30,230 INFO o.a.j.r.Summariser: summary =    292 in 00:01:10 =    4.2/s Avg:   369 Min:    32 Max:  3116 Err:     0 (0.00%)
2021-07-01 15:57:35,959 INFO o.a.j.t.JMeterThread: Thread started: iSource_RaceConditionAuction 1-6
2021-07-01 15:57:50,980 INFO o.a.j.t.JMeterThread: Thread started: iSource_RaceConditionAuction 1-7
2021-07-01 15:58:00,059 INFO o.a.j.r.Summariser: summary +    185 in 00:00:30 =    6.2/s Avg:   624 Min:    23 Max:  4210 Err:     0 (0.00%) Active: 7 Started: 7 Finished: 0
2021-07-01 15:58:00,059 INFO o.a.j.r.Summariser: summary =    477 in 00:01:39 =    4.8/s Avg:   468 Min:    23 Max:  4210 Err:     0 (0.00%)
2021-07-01 15:58:06,000 INFO o.a.j.t.JMeterThread: Thread started: iSource_RaceConditionAuction 1-8
2021-07-01 15:58:17,903 INFO o.a.j.t.JMeterThread: Thread is done: iSource_RaceConditionAuction 1-1
2021-07-01 15:58:17,903 INFO o.a.j.t.JMeterThread: Thread finished: iSource_RaceConditionAuction 1-1
2021-07-01 15:58:21,022 INFO o.a.j.t.JMeterThread: Thread started: iSource_RaceConditionAuction 1-9
2021-07-01 15:58:30,094 INFO o.a.j.r.Summariser: summary +    235 in 00:00:30 =    7.8/s Avg:   701 Min:    25 Max:  5165 Err:     0 (0.00%) Active: 8 Started: 9 Finished: 1
2021-07-01 15:58:30,094 INFO o.a.j.r.Summariser: summary =    712 in 00:02:09 =    5.5/s Avg:   545 Min:    23 Max:  5165 Err:     0 (0.00%)
2021-07-01 15:58:35,644 INFO o.a.j.t.JMeterThread: Thread is done: iSource_RaceConditionAuction 1-2
2021-07-01 15:58:35,644 INFO o.a.j.t.JMeterThread: Thread finished: iSource_RaceConditionAuction 1-2
2021-07-01 15:58:36,041 INFO o.a.j.t.JMeterThread: Thread started: iSource_RaceConditionAuction 1-10
2021-07-01 15:58:51,063 INFO o.a.j.t.JMeterThread: Thread started: iSource_RaceConditionAuction 1-11
2021-07-01 15:59:00,551 INFO o.a.j.r.Summariser: summary +    197 in 00:00:30 =    6.5/s Avg:   826 Min:    29 Max:  5605 Err:     0 (0.00%) Active: 9 Started: 11 Finished: 2
2021-07-01 15:59:00,551 INFO o.a.j.r.Summariser: summary =    909 in 00:02:40 =    5.7/s Avg:   606 Min:    23 Max:  5605 Err:     0 (0.00%)
2021-07-01 15:59:06,092 INFO o.a.j.t.JMeterThread: Thread started: iSource_RaceConditionAuction 1-12
2021-07-01 15:59:10,495 INFO o.a.j.t.JMeterThread: Thread is done: iSource_RaceConditionAuction 1-3
2021-07-01 15:59:10,495 INFO o.a.j.t.JMeterThread: Thread finished: iSource_RaceConditionAuction 1-3
2021-07-01 15:59:21,109 INFO o.a.j.t.JMeterThread: Thread started: iSource_RaceConditionAuction 1-13
2021-07-01 15:59:30,024 INFO o.a.j.r.Summariser: summary +    190 in 00:00:29 =    6.4/s Avg:  1253 Min:    30 Max:  7409 Err:     0 (0.00%) Active: 10 Started: 13 Finished: 3
2021-07-01 15:59:30,024 INFO o.a.j.r.Summariser: summary =   1099 in 00:03:09 =    5.8/s Avg:   718 Min:    23 Max:  7409 Err:     0 (0.00%)
2021-07-01 15:59:36,131 INFO o.a.j.t.JMeterThread: Thread started: iSource_RaceConditionAuction 1-14
2021-07-01 15:59:37,860 INFO o.a.j.t.JMeterThread: Thread is done: iSource_RaceConditionAuction 1-4
2021-07-01 15:59:37,860 INFO o.a.j.t.JMeterThread: Thread finished: iSource_RaceConditionAuction 1-4
2021-07-01 15:59:51,149 INFO o.a.j.t.JMeterThread: Thread started: iSource_RaceConditionAuction 1-15
2021-07-01 16:00:00,172 INFO o.a.j.t.JMeterThread: Thread is done: iSource_RaceConditionAuction 1-5
2021-07-01 16:00:00,172 INFO o.a.j.t.JMeterThread: Thread finished: iSource_RaceConditionAuction 1-5
2021-07-01 16:00:00,588 INFO o.a.j.r.Summariser: summary +    215 in 00:00:31 =    7.0/s Avg:  1077 Min:    32 Max:  8526 Err:     0 (0.00%) Active: 10 Started: 15 Finished: 5
2021-07-01 16:00:00,589 INFO o.a.j.r.Summariser: summary =   1314 in 00:03:40 =    6.0/s Avg:   777 Min:    23 Max:  8526 Err:     0 (0.00%)
2021-07-01 16:00:06,169 INFO o.a.j.t.JMeterThread: Thread started: iSource_RaceConditionAuction 1-16
2021-07-01 16:00:21,190 INFO o.a.j.t.JMeterThread: Thread started: iSource_RaceConditionAuction 1-17
2021-07-01 16:00:30,327 INFO o.a.j.r.Summariser: summary +    203 in 00:00:30 =    6.8/s Avg:  1260 Min:    29 Max:  8863 Err:     0 (0.00%) Active: 12 Started: 17 Finished: 5
2021-07-01 16:00:30,328 INFO o.a.j.r.Summariser: summary =   1517 in 00:04:10 =    6.1/s Avg:   841 Min:    23 Max:  8863 Err:     0 (0.00%)
2021-07-01 16:00:36,214 INFO o.a.j.t.JMeterThread: Thread started: iSource_RaceConditionAuction 1-18
2021-07-01 16:00:43,876 INFO o.a.j.t.JMeterThread: Thread is done: iSource_RaceConditionAuction 1-6
2021-07-01 16:00:43,876 INFO o.a.j.t.JMeterThread: Thread finished: iSource_RaceConditionAuction 1-6
2021-07-01 16:00:51,239 INFO o.a.j.t.JMeterThread: Thread started: iSource_RaceConditionAuction 1-19
2021-07-01 16:00:59,874 INFO o.a.j.t.JMeterThread: Thread is done: iSource_RaceConditionAuction 1-7
2021-07-01 16:00:59,874 INFO o.a.j.t.JMeterThread: Thread finished: iSource_RaceConditionAuction 1-7
2021-07-01 16:01:00,035 INFO o.a.j.r.Summariser: summary +    244 in 00:00:30 =    8.2/s Avg:  1224 Min:    33 Max:  7392 Err:     0 (0.00%) Active: 12 Started: 19 Finished: 7
2021-07-01 16:01:00,035 INFO o.a.j.r.Summariser: summary =   1761 in 00:04:39 =    6.3/s Avg:   894 Min:    23 Max:  8863 Err:     0 (0.00%)
2021-07-01 16:01:06,270 INFO o.a.j.t.JMeterThread: Thread started: iSource_RaceConditionAuction 1-20
2021-07-01 16:01:21,304 INFO o.a.j.t.JMeterThread: Thread started: iSource_RaceConditionAuction 1-21
2021-07-01 16:01:24,868 INFO o.a.j.t.JMeterThread: Thread is done: iSource_RaceConditionAuction 1-8
2021-07-01 16:01:24,868 INFO o.a.j.t.JMeterThread: Thread finished: iSource_RaceConditionAuction 1-8
2021-07-01 16:01:30,054 INFO o.a.j.r.Summariser: summary +    236 in 00:00:30 =    7.9/s Avg:  1282 Min:    33 Max:  7745 Err:     0 (0.00%) Active: 13 Started: 21 Finished: 8
2021-07-01 16:01:30,054 INFO o.a.j.r.Summariser: summary =   1997 in 00:05:09 =    6.5/s Avg:   940 Min:    23 Max:  8863 Err:     0 (0.00%)
2021-07-01 16:01:36,337 INFO o.a.j.t.JMeterThread: Thread started: iSource_RaceConditionAuction 1-22
2021-07-01 16:01:51,380 INFO o.a.j.t.JMeterThread: Thread started: iSource_RaceConditionAuction 1-23
2021-07-01 16:01:53,214 INFO o.a.j.t.JMeterThread: Thread is done: iSource_RaceConditionAuction 1-9
2021-07-01 16:01:53,214 INFO o.a.j.t.JMeterThread: Thread finished: iSource_RaceConditionAuction 1-9
2021-07-01 16:02:00,002 INFO o.a.j.r.Summariser: summary +    235 in 00:00:30 =    7.8/s Avg:  1471 Min:    34 Max:  9161 Err:     0 (0.00%) Active: 14 Started: 23 Finished: 9
2021-07-01 16:02:00,002 INFO o.a.j.r.Summariser: summary =   2232 in 00:05:39 =    6.6/s Avg:   996 Min:    23 Max:  9161 Err:     0 (0.00%)
2021-07-01 16:02:06,414 INFO o.a.j.t.JMeterThread: Thread started: iSource_RaceConditionAuction 1-24
2021-07-01 16:02:10,970 INFO o.a.j.t.JMeterThread: Stop Thread detected by thread: iSource_RaceConditionAuction 1-11
2021-07-01 16:02:10,970 INFO o.a.j.t.JMeterThread: Thread finished: iSource_RaceConditionAuction 1-11
2021-07-01 16:02:11,757 INFO o.a.j.t.JMeterThread: Stop Thread detected by thread: iSource_RaceConditionAuction 1-12
2021-07-01 16:02:11,757 INFO o.a.j.t.JMeterThread: Thread finished: iSource_RaceConditionAuction 1-12
2021-07-01 16:02:11,842 INFO o.a.j.t.JMeterThread: Stop Thread detected by thread: iSource_RaceConditionAuction 1-19
2021-07-01 16:02:11,843 INFO o.a.j.t.JMeterThread: Thread finished: iSource_RaceConditionAuction 1-19
2021-07-01 16:02:12,058 INFO o.a.j.t.JMeterThread: Stop Thread detected by thread: iSource_RaceConditionAuction 1-15
2021-07-01 16:02:12,058 INFO o.a.j.t.JMeterThread: Thread finished: iSource_RaceConditionAuction 1-15
2021-07-01 16:02:13,001 INFO o.a.j.t.JMeterThread: Stop Thread detected by thread: iSource_RaceConditionAuction 1-22
2021-07-01 16:02:13,001 INFO o.a.j.t.JMeterThread: Thread finished: iSource_RaceConditionAuction 1-22
2021-07-01 16:02:13,005 INFO o.a.j.t.JMeterThread: Stop Thread detected by thread: iSource_RaceConditionAuction 1-16
2021-07-01 16:02:13,006 INFO o.a.j.t.JMeterThread: Thread finished: iSource_RaceConditionAuction 1-16
2021-07-01 16:02:17,592 INFO o.a.j.t.JMeterThread: Thread is done: iSource_RaceConditionAuction 1-10
2021-07-01 16:02:17,592 INFO o.a.j.t.JMeterThread: Thread finished: iSource_RaceConditionAuction 1-10
2021-07-01 16:02:21,436 INFO o.a.j.t.JMeterThread: Thread started: iSource_RaceConditionAuction 1-25
2021-07-01 16:02:30,425 INFO o.a.j.r.Summariser: summary +    226 in 00:00:30 =    7.4/s Avg:  1174 Min:    49 Max:  8780 Err:     6 (2.65%) Active: 9 Started: 25 Finished: 16
2021-07-01 16:02:30,426 INFO o.a.j.r.Summariser: summary =   2458 in 00:06:10 =    6.6/s Avg:  1012 Min:    23 Max:  9161 Err:     6 (0.24%)
2021-07-01 16:02:36,454 INFO o.a.j.t.JMeterThread: Thread started: iSource_RaceConditionAuction 1-26
2021-07-01 16:02:46,556 INFO o.a.j.t.JMeterThread: Thread is done: iSource_RaceConditionAuction 1-13
2021-07-01 16:02:46,556 INFO o.a.j.t.JMeterThread: Thread finished: iSource_RaceConditionAuction 1-13
2021-07-01 16:02:51,474 INFO o.a.j.t.JMeterThread: Thread started: iSource_RaceConditionAuction 1-27
2021-07-01 16:03:00,491 INFO o.a.j.r.Summariser: summary +    221 in 00:00:30 =    7.4/s Avg:   977 Min:    96 Max:  5797 Err:     0 (0.00%) Active: 10 Started: 27 Finished: 17
2021-07-01 16:03:00,492 INFO o.a.j.r.Summariser: summary =   2679 in 00:06:40 =    6.7/s Avg:  1009 Min:    23 Max:  9161 Err:     6 (0.22%)
2021-07-01 16:03:00,726 INFO o.a.j.t.JMeterThread: Thread is done: iSource_RaceConditionAuction 1-14
2021-07-01 16:03:00,726 INFO o.a.j.t.JMeterThread: Thread finished: iSource_RaceConditionAuction 1-14
2021-07-01 16:03:06,492 INFO o.a.j.t.JMeterThread: Thread started: iSource_RaceConditionAuction 1-28
2021-07-01 16:03:21,515 INFO o.a.j.t.JMeterThread: Thread started: iSource_RaceConditionAuction 1-29
2021-07-01 16:03:30,086 INFO o.a.j.r.Summariser: summary +    200 in 00:00:30 =    6.8/s Avg:  1175 Min:    66 Max:  6288 Err:     0 (0.00%) Active: 11 Started: 29 Finished: 18
2021-07-01 16:03:30,087 INFO o.a.j.r.Summariser: summary =   2879 in 00:07:09 =    6.7/s Avg:  1021 Min:    23 Max:  9161 Err:     6 (0.21%)
2021-07-01 16:03:36,535 INFO o.a.j.t.JMeterThread: Thread started: iSource_RaceConditionAuction 1-30
2021-07-01 16:03:37,049 INFO o.a.j.t.JMeterThread: Stop Thread detected by thread: iSource_RaceConditionAuction 1-29
2021-07-01 16:03:37,049 INFO o.a.j.t.JMeterThread: Thread finished: iSource_RaceConditionAuction 1-29
2021-07-01 16:03:38,923 INFO o.a.j.t.JMeterThread: Stop Thread detected by thread: iSource_RaceConditionAuction 1-27
2021-07-01 16:03:38,923 INFO o.a.j.t.JMeterThread: Thread finished: iSource_RaceConditionAuction 1-27
2021-07-01 16:03:41,103 INFO o.a.j.t.JMeterThread: Stop Thread detected by thread: iSource_RaceConditionAuction 1-18
2021-07-01 16:03:41,103 INFO o.a.j.t.JMeterThread: Thread finished: iSource_RaceConditionAuction 1-18
2021-07-01 16:03:41,531 INFO o.a.j.t.JMeterThread: Stop Thread detected by thread: iSource_RaceConditionAuction 1-20
2021-07-01 16:03:41,531 INFO o.a.j.t.JMeterThread: Thread finished: iSource_RaceConditionAuction 1-20
2021-07-01 16:03:42,307 INFO o.a.j.t.JMeterThread: Thread is done: iSource_RaceConditionAuction 1-17
2021-07-01 16:03:42,307 INFO o.a.j.t.JMeterThread: Thread finished: iSource_RaceConditionAuction 1-17
2021-07-01 16:03:43,264 INFO o.a.j.t.JMeterThread: Stop Thread detected by thread: iSource_RaceConditionAuction 1-28
2021-07-01 16:03:43,264 INFO o.a.j.t.JMeterThread: Thread finished: iSource_RaceConditionAuction 1-28
2021-07-01 16:03:44,092 INFO o.a.j.t.JMeterThread: Stop Thread detected by thread: iSource_RaceConditionAuction 1-24
2021-07-01 16:03:44,093 INFO o.a.j.t.JMeterThread: Thread finished: iSource_RaceConditionAuction 1-24
2021-07-01 16:03:51,553 INFO o.a.j.t.JMeterThread: Thread started: iSource_RaceConditionAuction 1-31
2021-07-01 16:04:00,450 INFO o.a.j.r.Summariser: summary +    173 in 00:00:30 =    5.7/s Avg:  1084 Min:    35 Max:  8386 Err:     6 (3.47%) Active: 6 Started: 31 Finished: 25
2021-07-01 16:04:00,450 INFO o.a.j.r.Summariser: summary =   3052 in 00:07:40 =    6.6/s Avg:  1024 Min:    23 Max:  9161 Err:    12 (0.39%)
2021-07-01 16:04:06,571 INFO o.a.j.t.JMeterThread: Thread started: iSource_RaceConditionAuction 1-32
2021-07-01 16:04:07,466 INFO o.a.j.t.JMeterThread: Stop Thread detected by thread: iSource_RaceConditionAuction 1-25
2021-07-01 16:04:07,467 INFO o.a.j.t.JMeterThread: Thread finished: iSource_RaceConditionAuction 1-25
2021-07-01 16:04:07,720 INFO o.a.j.t.JMeterThread: Stop Thread detected by thread: iSource_RaceConditionAuction 1-26
2021-07-01 16:04:07,720 INFO o.a.j.t.JMeterThread: Thread finished: iSource_RaceConditionAuction 1-26
2021-07-01 16:04:07,792 INFO o.a.j.t.JMeterThread: Stop Thread detected by thread: iSource_RaceConditionAuction 1-23
2021-07-01 16:04:07,792 INFO o.a.j.t.JMeterThread: Thread finished: iSource_RaceConditionAuction 1-23
2021-07-01 16:04:08,284 INFO o.a.j.t.JMeterThread: Stop Thread detected by thread: iSource_RaceConditionAuction 1-31
2021-07-01 16:04:08,284 INFO o.a.j.t.JMeterThread: Thread finished: iSource_RaceConditionAuction 1-31
2021-07-01 16:04:08,330 INFO o.a.j.t.JMeterThread: Stop Thread detected by thread: iSource_RaceConditionAuction 1-21
2021-07-01 16:04:08,330 INFO o.a.j.t.JMeterThread: Thread finished: iSource_RaceConditionAuction 1-21
2021-07-01 16:04:08,524 INFO o.a.j.t.JMeterThread: Stop Thread detected by thread: iSource_RaceConditionAuction 1-30
2021-07-01 16:04:08,524 INFO o.a.j.t.JMeterThread: Thread finished: iSource_RaceConditionAuction 1-30
2021-07-01 16:04:10,958 INFO o.a.j.t.JMeterThread: Stop Thread detected by thread: iSource_RaceConditionAuction 1-32
2021-07-01 16:04:10,958 INFO o.a.j.t.JMeterThread: Thread finished: iSource_RaceConditionAuction 1-32
2021-07-01 16:04:21,589 INFO o.a.j.t.JMeterThread: Thread started: iSource_RaceConditionAuction 1-33
2021-07-01 16:04:35,290 INFO o.a.j.r.Summariser: summary +     72 in 00:00:35 =    2.1/s Avg:   928 Min:    42 Max:  8819 Err:     7 (9.72%) Active: 1 Started: 33 Finished: 32
2021-07-01 16:04:35,291 INFO o.a.j.r.Summariser: summary =   3124 in 00:08:15 =    6.3/s Avg:  1022 Min:    23 Max:  9161 Err:    19 (0.61%)
2021-07-01 16:04:36,608 INFO o.a.j.t.JMeterThread: Thread started: iSource_RaceConditionAuction 1-34
2021-07-01 16:04:51,626 INFO o.a.j.t.JMeterThread: Thread started: iSource_RaceConditionAuction 1-35
2021-07-01 16:05:00,283 INFO o.a.j.r.Summariser: summary +    103 in 00:00:25 =    4.1/s Avg:   319 Min:    32 Max:  3627 Err:     0 (0.00%) Active: 3 Started: 35 Finished: 32
2021-07-01 16:05:00,284 INFO o.a.j.r.Summariser: summary =   3227 in 00:08:40 =    6.2/s Avg:  1000 Min:    23 Max:  9161 Err:    19 (0.59%)
2021-07-01 16:05:06,644 INFO o.a.j.t.JMeterThread: Thread started: iSource_RaceConditionAuction 1-36
2021-07-01 16:05:21,660 INFO o.a.j.t.JMeterThread: Thread started: iSource_RaceConditionAuction 1-37
2021-07-01 16:05:30,059 INFO o.a.j.r.Summariser: summary +    134 in 00:00:30 =    4.5/s Avg:   479 Min:    27 Max:  2847 Err:     0 (0.00%) Active: 5 Started: 37 Finished: 32
2021-07-01 16:05:30,060 INFO o.a.j.r.Summariser: summary =   3361 in 00:09:09 =    6.1/s Avg:   979 Min:    23 Max:  9161 Err:    19 (0.57%)
2021-07-01 16:05:36,705 INFO o.a.j.t.JMeterThread: Thread started: iSource_RaceConditionAuction 1-38
2021-07-01 16:05:51,722 INFO o.a.j.t.JMeterThread: Thread started: iSource_RaceConditionAuction 1-39
2021-07-01 16:06:00,241 INFO o.a.j.r.Summariser: summary +    205 in 00:00:30 =    6.8/s Avg:   587 Min:    31 Max:  3745 Err:     0 (0.00%) Active: 7 Started: 39 Finished: 32
2021-07-01 16:06:00,241 INFO o.a.j.r.Summariser: summary =   3566 in 00:09:40 =    6.2/s Avg:   956 Min:    23 Max:  9161 Err:    19 (0.53%)
2021-07-01 16:06:06,735 INFO o.a.j.t.JMeterThread: Thread started: iSource_RaceConditionAuction 1-40
2021-07-01 16:06:21,747 INFO o.a.j.t.JMeterThread: Thread started: iSource_RaceConditionAuction 1-41
2021-07-01 16:06:30,018 INFO o.a.j.r.Summariser: summary +    197 in 00:00:30 =    6.6/s Avg:   852 Min:    34 Max:  5327 Err:     0 (0.00%) Active: 9 Started: 41 Finished: 32
2021-07-01 16:06:30,018 INFO o.a.j.r.Summariser: summary =   3763 in 00:10:09 =    6.2/s Avg:   951 Min:    23 Max:  9161 Err:    19 (0.50%)
2021-07-01 16:06:36,761 INFO o.a.j.t.JMeterThread: Thread started: iSource_RaceConditionAuction 1-42
2021-07-01 16:06:39,149 INFO o.a.j.r.ResultCollector: Shutdown hook started
2021-07-01 16:06:39,149 INFO o.a.j.r.ResultCollector: Shutdown hook ended
