2021-06-30 15:45:26,958 INFO o.a.j.u.JMeterUtils: Setting Locale to en_EN
2021-06-30 15:45:26,971 INFO o.a.j.JMeter: Loading user properties from: user.properties
2021-06-30 15:45:26,971 INFO o.a.j.JMeter: Loading system properties from: system.properties
2021-06-30 15:45:26,971 INFO o.a.j.JMeter: Setting JMeter property: meter.reportgenerator.report_title=RaceConditionAuction
2021-06-30 15:45:26,971 INFO o.a.j.JMeter: Setting JMeter property: thread=10
2021-06-30 15:45:26,971 INFO o.a.j.JMeter: Setting JMeter property: rampup=30
2021-06-30 15:45:26,977 INFO o.a.j.JMeter: Copyright (c) 1998-2019 The Apache Software Foundation
2021-06-30 15:45:26,977 INFO o.a.j.JMeter: Version 5.1 r1853635
2021-06-30 15:45:26,977 INFO o.a.j.JMeter: java.version=1.8.0_121
2021-06-30 15:45:26,977 INFO o.a.j.JMeter: java.vm.name=Java HotSpot(TM) 64-Bit Server VM
2021-06-30 15:45:26,977 INFO o.a.j.JMeter: os.name=Windows 10
2021-06-30 15:45:26,977 INFO o.a.j.JMeter: os.arch=amd64
2021-06-30 15:45:26,977 INFO o.a.j.JMeter: os.version=10.0
2021-06-30 15:45:26,978 INFO o.a.j.JMeter: file.encoding=Cp1252
2021-06-30 15:45:26,978 INFO o.a.j.JMeter: java.awt.headless=true
2021-06-30 15:45:26,978 INFO o.a.j.JMeter: Max memory     =8589934592
2021-06-30 15:45:26,978 INFO o.a.j.JMeter: Available Processors =6
2021-06-30 15:45:26,980 INFO o.a.j.JMeter: Default Locale=English (EN)
2021-06-30 15:45:26,980 INFO o.a.j.JMeter: JMeter  Locale=English (EN)
2021-06-30 15:45:26,981 INFO o.a.j.JMeter: JMeterHome=D:\apache-jmeter-5.1\apache-jmeter-5.1
2021-06-30 15:45:26,981 INFO o.a.j.JMeter: user.dir  =D:\apache-jmeter-5.1\apache-jmeter-5.1\bin
2021-06-30 15:45:26,981 INFO o.a.j.JMeter: PWD       =D:\apache-jmeter-5.1\apache-jmeter-5.1\bin
2021-06-30 15:45:26,982 INFO o.a.j.JMeter: IP: 172.30.225.123 Name: ZIPLSY2278 FullName: ZIPLSY2278.zycus.net
2021-06-30 15:45:26,984 INFO o.a.j.JMeter: Setting property 'jmeter.reportgenerator.outputdir' to:'C:\xampp\htdocs\PerformancePostgres\L0_iSource_10_RaceConditionAuction_2021-06-30_10'
2021-06-30 15:45:26,986 INFO o.a.j.s.FileServer: Default base='D:\apache-jmeter-5.1\apache-jmeter-5.1\bin'
2021-06-30 15:45:26,989 INFO o.a.j.s.FileServer: Set new base='D:\PostrgresMigration\iSource'
2021-06-30 15:45:27,099 INFO o.a.j.s.SaveService: Testplan (JMX) version: 2.2. Testlog (JTL) version: 2.2
2021-06-30 15:45:27,109 INFO o.a.j.s.SaveService: Using SaveService properties file encoding UTF-8
2021-06-30 15:45:27,113 INFO o.a.j.s.SaveService: Using SaveService properties version 5.0
2021-06-30 15:45:27,118 INFO o.a.j.s.SaveService: Loading file: D:\PostrgresMigration\iSource\iSource_RaceConditionAuction.jmx
2021-06-30 15:45:27,177 INFO o.a.j.p.h.c.CookieManager: Settings: Delete null: true Check: true Allow variable: true Save: false Prefix: COOKIE_
2021-06-30 15:45:27,182 INFO o.a.j.p.h.c.CacheManager: Will only cache the following methods: [GET]
2021-06-30 15:45:27,192 INFO o.a.j.p.h.s.HTTPSamplerBase: Parser for text/html is org.apache.jmeter.protocol.http.parser.LagartoBasedHtmlParser
2021-06-30 15:45:27,192 INFO o.a.j.p.h.s.HTTPSamplerBase: Parser for application/xhtml+xml is org.apache.jmeter.protocol.http.parser.LagartoBasedHtmlParser
2021-06-30 15:45:27,193 INFO o.a.j.p.h.s.HTTPSamplerBase: Parser for application/xml is org.apache.jmeter.protocol.http.parser.LagartoBasedHtmlParser
2021-06-30 15:45:27,193 INFO o.a.j.p.h.s.HTTPSamplerBase: Parser for text/xml is org.apache.jmeter.protocol.http.parser.LagartoBasedHtmlParser
2021-06-30 15:45:27,193 INFO o.a.j.p.h.s.HTTPSamplerBase: Parser for text/vnd.wap.wml is org.apache.jmeter.protocol.http.parser.RegexpHTMLParser
2021-06-30 15:45:27,193 INFO o.a.j.p.h.s.HTTPSamplerBase: Parser for text/css is org.apache.jmeter.protocol.http.parser.CssParser
2021-06-30 15:45:27,517 INFO o.a.j.JMeter: Creating summariser <summary>
2021-06-30 15:45:27,523 INFO o.a.j.r.d.ReportGenerator: ReportGenerator will use for Parsing the separator: ','
2021-06-30 15:45:27,523 INFO o.a.j.r.d.ReportGenerator: Will generate report at end of test from  results file: D:\PostrgresMigration\iSource\JTL\L0_iSource_10_RaceConditionAuction_2021-06-30_10.jtl
2021-06-30 15:45:27,523 INFO o.a.j.r.d.ReportGenerator: Reading report generator properties from: D:\apache-jmeter-5.1\apache-jmeter-5.1\bin\reportgenerator.properties
2021-06-30 15:45:27,524 INFO o.a.j.r.d.ReportGenerator: Merging with JMeter properties
2021-06-30 15:45:27,534 INFO o.a.j.r.c.ReportGeneratorConfiguration: Property 'jmeter.reportgenerator.temp_dir' not found, using default value 'temp' instead.
2021-06-30 15:45:27,537 INFO o.a.j.r.c.ReportGeneratorConfiguration: Property 'jmeter.reportgenerator.apdex_per_transaction' not found, using default value 'null' instead.
2021-06-30 15:45:27,537 INFO o.a.j.r.c.ReportGeneratorConfiguration: apdex_per_transaction : {} is empty, not APDEX per transaction customization
2021-06-30 15:45:27,537 INFO o.a.j.r.c.ReportGeneratorConfiguration: Property 'jmeter.reportgenerator.sample_filter' not found, using default value 'null' instead.
2021-06-30 15:45:27,538 INFO o.a.j.r.c.ReportGeneratorConfiguration: Property 'jmeter.reportgenerator.report_title' not found, using default value 'null' instead.
2021-06-30 15:45:27,538 INFO o.a.j.r.c.ReportGeneratorConfiguration: Property 'jmeter.reportgenerator.start_date' not found, using default value 'null' instead.
2021-06-30 15:45:27,538 INFO o.a.j.r.c.ReportGeneratorConfiguration: Property 'jmeter.reportgenerator.end_date' not found, using default value 'null' instead.
2021-06-30 15:45:27,538 INFO o.a.j.r.c.ReportGeneratorConfiguration: Property 'jmeter.reportgenerator.date_format' not found, using default value 'null' instead.
2021-06-30 15:45:27,538 INFO o.a.j.r.c.ReportGeneratorConfiguration: Will use date range start date: null, end date: null
2021-06-30 15:45:27,542 INFO o.a.j.r.c.ReportGeneratorConfiguration: Property 'jmeter.reportgenerator.graph.totalTPS.exclude_controllers' not found, using default value 'false' instead.
2021-06-30 15:45:27,542 INFO o.a.j.r.c.ReportGeneratorConfiguration: Property 'jmeter.reportgenerator.graph.activeThreadsOverTime.exclude_controllers' not found, using default value 'false' instead.
2021-06-30 15:45:27,542 INFO o.a.j.r.c.ReportGeneratorConfiguration: Property 'jmeter.reportgenerator.graph.timeVsThreads.exclude_controllers' not found, using default value 'false' instead.
2021-06-30 15:45:27,542 INFO o.a.j.r.c.ReportGeneratorConfiguration: Property 'jmeter.reportgenerator.graph.responseTimeDistribution.exclude_controllers' not found, using default value 'false' instead.
2021-06-30 15:45:27,542 INFO o.a.j.r.c.ReportGeneratorConfiguration: Property 'jmeter.reportgenerator.graph.transactionsPerSecond.exclude_controllers' not found, using default value 'false' instead.
2021-06-30 15:45:27,542 INFO o.a.j.r.c.ReportGeneratorConfiguration: Property 'jmeter.reportgenerator.graph.responseTimePercentiles.exclude_controllers' not found, using default value 'false' instead.
2021-06-30 15:45:27,543 INFO o.a.j.r.c.ReportGeneratorConfiguration: Property 'jmeter.reportgenerator.graph.responseTimePercentilesOverTime.exclude_controllers' not found, using default value 'false' instead.
2021-06-30 15:45:27,543 INFO o.a.j.r.c.ReportGeneratorConfiguration: Property 'jmeter.reportgenerator.graph.responseTimesOverTime.exclude_controllers' not found, using default value 'false' instead.
2021-06-30 15:45:27,543 INFO o.a.j.r.c.ReportGeneratorConfiguration: Property 'jmeter.reportgenerator.graph.connectTimeOverTime.exclude_controllers' not found, using default value 'false' instead.
2021-06-30 15:45:27,544 INFO o.a.j.r.c.ReportGeneratorConfiguration: Property 'jmeter.reportgenerator.graph.latenciesOverTime.exclude_controllers' not found, using default value 'false' instead.
2021-06-30 15:45:27,544 INFO o.a.j.r.c.ReportGeneratorConfiguration: Property 'jmeter.reportgenerator.exporter.json.filters_only_sample_series' not found, using default value 'true' instead.
2021-06-30 15:45:27,544 INFO o.a.j.r.c.ReportGeneratorConfiguration: Property 'jmeter.reportgenerator.exporter.json.series_filter' not found, using default value '' instead.
2021-06-30 15:45:27,545 INFO o.a.j.r.c.ReportGeneratorConfiguration: Property 'jmeter.reportgenerator.exporter.json.show_controllers_only' not found, using default value 'false' instead.
2021-06-30 15:45:27,545 INFO o.a.j.r.c.ReportGeneratorConfiguration: Property 'jmeter.reportgenerator.exporter.html.filters_only_sample_series' not found, using default value 'true' instead.
2021-06-30 15:45:27,545 INFO o.a.j.r.c.ReportGeneratorConfiguration: Property 'jmeter.reportgenerator.exporter.html.series_filter' not found, using default value '' instead.
2021-06-30 15:45:27,545 INFO o.a.j.r.c.ReportGeneratorConfiguration: Property 'jmeter.reportgenerator.exporter.html.show_controllers_only' not found, using default value 'false' instead.
2021-06-30 15:45:27,551 INFO o.a.j.e.StandardJMeterEngine: Running the test!
2021-06-30 15:45:27,555 INFO o.a.j.s.SampleEvent: List of sample_variables: []
2021-06-30 15:45:27,559 INFO o.a.j.s.SampleEvent: List of sample_variables: []
2021-06-30 15:45:27,566 INFO o.a.j.e.u.CompoundVariable: Note: Function class names must contain the string: '.functions.'
2021-06-30 15:45:27,567 INFO o.a.j.e.u.CompoundVariable: Note: Function class names must not contain the string: '.gui.'
2021-06-30 15:45:28,059 INFO o.a.j.JMeter: Running test (1625048128059)
2021-06-30 15:45:28,124 INFO o.a.j.e.StandardJMeterEngine: Starting ThreadGroup: 1 : iSource_RaceConditionAuction
2021-06-30 15:45:28,124 INFO o.a.j.e.StandardJMeterEngine: Starting 10 threads for group iSource_RaceConditionAuction.
2021-06-30 15:45:28,124 INFO o.a.j.e.StandardJMeterEngine: Thread will stop on error
2021-06-30 15:45:28,125 INFO o.a.j.t.ThreadGroup: Starting thread group... number=1 threads=10 ramp-up=50 perThread=5000.0 delayedStart=false
2021-06-30 15:45:28,157 INFO o.a.j.s.SampleResult: Note: Sample TimeStamps are START times
2021-06-30 15:45:28,157 INFO o.a.j.s.SampleResult: sampleresult.default.encoding is set to ISO-8859-1
2021-06-30 15:45:28,157 INFO o.a.j.s.SampleResult: sampleresult.useNanoTime=true
2021-06-30 15:45:28,157 INFO o.a.j.s.SampleResult: sampleresult.nanoThreadSleep=5000
2021-06-30 15:45:28,166 INFO o.a.j.t.JMeterThread: Thread started: iSource_RaceConditionAuction 1-1
2021-06-30 15:45:28,184 INFO o.a.j.p.h.s.HTTPHCAbstractImpl: Local host = ZIPLSY2278
2021-06-30 15:45:28,192 INFO o.a.j.p.h.s.HTTPHC4Impl: HTTP request retry count = 0
2021-06-30 15:45:28,290 INFO o.a.j.p.h.s.h.LazyLayeredConnectionSocketFactory: Setting up HTTPS TrustAll Socket Factory
2021-06-30 15:45:28,300 INFO o.a.j.u.JsseSSLManager: Using default SSL protocol: TLS
2021-06-30 15:45:28,300 INFO o.a.j.u.JsseSSLManager: SSL session context: per-thread
2021-06-30 15:45:28,441 INFO o.a.j.t.ThreadGroup: Started thread group number 1
2021-06-30 15:45:28,442 INFO o.a.j.e.StandardJMeterEngine: All thread groups have been started
2021-06-30 15:45:28,924 INFO o.a.j.u.SSLManager: JmeterKeyStore Location:  type JKS
2021-06-30 15:45:28,927 INFO o.a.j.u.SSLManager: KeyStore created OK
2021-06-30 15:45:28,927 WARN o.a.j.u.SSLManager: Keystore file not found, loading empty keystore
2021-06-30 15:45:32,240 INFO o.a.j.r.Summariser: summary +      3 in 00:00:04 =    0.7/s Avg:   625 Min:    37 Max:  1679 Err:     0 (0.00%) Active: 1 Started: 1 Finished: 0
2021-06-30 15:45:33,203 INFO o.a.j.t.JMeterThread: Thread started: iSource_RaceConditionAuction 1-2
2021-06-30 15:45:38,267 INFO o.a.j.t.JMeterThread: Thread started: iSource_RaceConditionAuction 1-3
2021-06-30 15:45:43,306 INFO o.a.j.t.JMeterThread: Thread started: iSource_RaceConditionAuction 1-4
2021-06-30 15:45:48,340 INFO o.a.j.t.JMeterThread: Thread started: iSource_RaceConditionAuction 1-5
2021-06-30 15:45:53,367 INFO o.a.j.t.JMeterThread: Thread started: iSource_RaceConditionAuction 1-6
2021-06-30 15:45:58,399 INFO o.a.j.t.JMeterThread: Thread started: iSource_RaceConditionAuction 1-7
2021-06-30 15:46:00,229 INFO o.a.j.r.Summariser: summary +    214 in 00:00:28 =    7.6/s Avg:   227 Min:    27 Max:  2090 Err:     0 (0.00%) Active: 7 Started: 7 Finished: 0
2021-06-30 15:46:00,229 INFO o.a.j.r.Summariser: summary =    217 in 00:00:32 =    6.7/s Avg:   232 Min:    27 Max:  2090 Err:     0 (0.00%)
2021-06-30 15:46:03,411 INFO o.a.j.t.JMeterThread: Thread started: iSource_RaceConditionAuction 1-8
2021-06-30 15:46:08,424 INFO o.a.j.t.JMeterThread: Thread started: iSource_RaceConditionAuction 1-9
2021-06-30 15:46:13,456 INFO o.a.j.t.JMeterThread: Thread started: iSource_RaceConditionAuction 1-10
2021-06-30 15:46:30,218 INFO o.a.j.r.Summariser: summary +    344 in 00:00:30 =   11.5/s Avg:   355 Min:    33 Max:  2641 Err:     0 (0.00%) Active: 10 Started: 10 Finished: 0
2021-06-30 15:46:30,219 INFO o.a.j.r.Summariser: summary =    561 in 00:01:02 =    9.0/s Avg:   308 Min:    27 Max:  2641 Err:     0 (0.00%)
2021-06-30 15:47:00,001 INFO o.a.j.r.Summariser: summary +    285 in 00:00:30 =    9.6/s Avg:   760 Min:    48 Max:  4790 Err:     0 (0.00%) Active: 10 Started: 10 Finished: 0
2021-06-30 15:47:00,001 INFO o.a.j.r.Summariser: summary =    846 in 00:01:32 =    9.2/s Avg:   460 Min:    27 Max:  4790 Err:     0 (0.00%)
2021-06-30 15:47:12,317 INFO o.a.j.t.JMeterThread: Thread is done: iSource_RaceConditionAuction 1-1
2021-06-30 15:47:12,317 INFO o.a.j.t.JMeterThread: Thread finished: iSource_RaceConditionAuction 1-1
2021-06-30 15:47:23,545 INFO o.a.j.t.JMeterThread: Thread is done: iSource_RaceConditionAuction 1-2
2021-06-30 15:47:23,545 INFO o.a.j.t.JMeterThread: Thread finished: iSource_RaceConditionAuction 1-2
2021-06-30 15:47:30,391 INFO o.a.j.r.Summariser: summary +    242 in 00:00:30 =    8.0/s Avg:   885 Min:    41 Max:  6104 Err:     0 (0.00%) Active: 8 Started: 10 Finished: 2
2021-06-30 15:47:30,391 INFO o.a.j.r.Summariser: summary =   1088 in 00:02:02 =    8.9/s Avg:   555 Min:    27 Max:  6104 Err:     0 (0.00%)
2021-06-30 15:47:40,642 INFO o.a.j.t.JMeterThread: Thread is done: iSource_RaceConditionAuction 1-3
2021-06-30 15:47:40,642 INFO o.a.j.t.JMeterThread: Thread finished: iSource_RaceConditionAuction 1-3
2021-06-30 15:47:45,653 INFO o.a.j.t.JMeterThread: Thread is done: iSource_RaceConditionAuction 1-5
2021-06-30 15:47:45,653 INFO o.a.j.t.JMeterThread: Thread finished: iSource_RaceConditionAuction 1-5
2021-06-30 15:47:50,060 INFO o.a.j.t.JMeterThread: Thread is done: iSource_RaceConditionAuction 1-4
2021-06-30 15:47:50,061 INFO o.a.j.t.JMeterThread: Thread finished: iSource_RaceConditionAuction 1-4
2021-06-30 15:47:50,696 INFO o.a.j.t.JMeterThread: Thread is done: iSource_RaceConditionAuction 1-7
2021-06-30 15:47:50,696 INFO o.a.j.t.JMeterThread: Thread finished: iSource_RaceConditionAuction 1-7
2021-06-30 15:47:52,950 INFO o.a.j.t.JMeterThread: Thread is done: iSource_RaceConditionAuction 1-6
2021-06-30 15:47:52,951 INFO o.a.j.t.JMeterThread: Thread finished: iSource_RaceConditionAuction 1-6
2021-06-30 15:47:54,592 INFO o.a.j.t.JMeterThread: Thread is done: iSource_RaceConditionAuction 1-8
2021-06-30 15:47:54,593 INFO o.a.j.t.JMeterThread: Thread finished: iSource_RaceConditionAuction 1-8
2021-06-30 15:48:00,361 INFO o.a.j.r.Summariser: summary +    205 in 00:00:30 =    6.8/s Avg:   824 Min:    50 Max:  4591 Err:     0 (0.00%) Active: 2 Started: 10 Finished: 8
2021-06-30 15:48:00,361 INFO o.a.j.r.Summariser: summary =   1293 in 00:02:32 =    8.5/s Avg:   597 Min:    27 Max:  6104 Err:     0 (0.00%)
2021-06-30 15:48:07,247 INFO o.a.j.t.JMeterThread: Thread is done: iSource_RaceConditionAuction 1-10
2021-06-30 15:48:07,247 INFO o.a.j.t.JMeterThread: Thread finished: iSource_RaceConditionAuction 1-10
2021-06-30 15:48:08,353 INFO o.a.j.t.JMeterThread: Thread is done: iSource_RaceConditionAuction 1-9
2021-06-30 15:48:08,354 INFO o.a.j.t.JMeterThread: Thread finished: iSource_RaceConditionAuction 1-9
2021-06-30 15:48:08,355 INFO o.a.j.e.StandardJMeterEngine: Notifying test listeners of end of test
2021-06-30 15:48:08,358 INFO o.a.j.r.Summariser: summary +     27 in 00:00:08 =    3.4/s Avg:   568 Min:    60 Max:  2472 Err:     0 (0.00%) Active: 0 Started: 10 Finished: 10
2021-06-30 15:48:08,359 INFO o.a.j.r.Summariser: summary =   1320 in 00:02:40 =    8.2/s Avg:   597 Min:    27 Max:  6104 Err:     0 (0.00%)
2021-06-30 15:48:08,359 INFO o.a.j.JMeter: Generating Dashboard
2021-06-30 15:48:08,359 INFO o.a.j.r.d.ReportGenerator: Flushing result collector before report Generation
2021-06-30 15:48:08,388 INFO o.a.j.r.p.NormalizerSampleConsumer: Using format, 'ms', to parse timeStamp field
2021-06-30 15:48:08,509 INFO o.a.j.r.p.AbstractSampleConsumer: class org.apache.jmeter.report.processor.AggregateConsumer#stopProducing(): beginDate produced 0 samples
2021-06-30 15:48:08,509 INFO o.a.j.r.p.AbstractSampleConsumer: class org.apache.jmeter.report.processor.AggregateConsumer#stopProducing(): endDate produced 0 samples
2021-06-30 15:48:08,511 INFO o.a.j.r.p.AbstractSampleConsumer: class org.apache.jmeter.report.processor.ApdexSummaryConsumer#stopProducing(): apdexSummary produced 0 samples
2021-06-30 15:48:08,511 INFO o.a.j.r.p.AbstractSampleConsumer: class org.apache.jmeter.report.processor.RequestsSummaryConsumer#stopProducing(): requestsSummary produced 0 samples
2021-06-30 15:48:08,516 INFO o.a.j.r.p.AbstractSampleConsumer: class org.apache.jmeter.report.processor.StatisticsSummaryConsumer#stopProducing(): statisticsSummary produced 0 samples
2021-06-30 15:48:08,521 INFO o.a.j.r.p.AbstractSampleConsumer: class org.apache.jmeter.report.processor.Top5ErrorsBySamplerConsumer#stopProducing(): top5ErrorsBySampler produced 0 samples
2021-06-30 15:48:08,521 INFO o.a.j.r.p.AbstractSampleConsumer: class org.apache.jmeter.report.processor.ErrorsSummaryConsumer#stopProducing(): errorsSummary produced 0 samples
2021-06-30 15:48:08,521 INFO o.a.j.r.p.AbstractSampleConsumer: class org.apache.jmeter.report.processor.graph.impl.HitsPerSecondGraphConsumer#stopProducing(): hitsPerSecond produced 0 samples
2021-06-30 15:48:08,539 INFO o.a.j.r.p.AbstractSampleConsumer: class org.apache.jmeter.report.processor.graph.impl.LatencyVSRequestGraphConsumer#stopProducing(): latencyVsRequest produced 0 samples
2021-06-30 15:48:08,539 INFO o.a.j.r.p.AbstractSampleConsumer: class org.apache.jmeter.report.processor.graph.impl.SyntheticResponseTimeDistributionGraphConsumer#stopProducing(): syntheticResponseTimeDistribution produced 0 samples
2021-06-30 15:48:08,540 INFO o.a.j.r.p.AbstractSampleConsumer: class org.apache.jmeter.report.processor.graph.impl.BytesThroughputGraphConsumer#stopProducing(): bytesThroughputOverTime produced 0 samples
2021-06-30 15:48:08,540 INFO o.a.j.r.p.AbstractSampleConsumer: class org.apache.jmeter.report.processor.graph.impl.CodesPerSecondGraphConsumer#stopProducing(): codesPerSecond produced 0 samples
2021-06-30 15:48:08,546 INFO o.a.j.r.p.AbstractSampleConsumer: class org.apache.jmeter.report.processor.graph.impl.ResponseTimeVSRequestGraphConsumer#stopProducing(): responseTimeVsRequest produced 0 samples
2021-06-30 15:48:08,547 INFO o.a.j.r.p.AbstractSampleConsumer: class org.apache.jmeter.report.processor.FilterConsumer#stopProducing(): startIntervalControlerFilter produced 9240 samples
2021-06-30 15:48:08,547 INFO o.a.j.r.p.AbstractSampleConsumer: class org.apache.jmeter.report.processor.graph.impl.TotalTPSGraphConsumer#stopProducing(): totalTPS produced 0 samples
2021-06-30 15:48:08,547 INFO o.a.j.r.p.AbstractSampleConsumer: class org.apache.jmeter.report.processor.graph.impl.ActiveThreadsGraphConsumer#stopProducing(): activeThreadsOverTime produced 0 samples
2021-06-30 15:48:08,547 INFO o.a.j.r.p.AbstractSampleConsumer: class org.apache.jmeter.report.processor.graph.impl.TimeVSThreadGraphConsumer#stopProducing(): timeVsThreads produced 0 samples
2021-06-30 15:48:08,553 INFO o.a.j.r.p.AbstractSampleConsumer: class org.apache.jmeter.report.processor.graph.impl.ResponseTimeDistributionGraphConsumer#stopProducing(): responseTimeDistribution produced 0 samples
2021-06-30 15:48:08,554 INFO o.a.j.r.p.AbstractSampleConsumer: class org.apache.jmeter.report.processor.graph.impl.TransactionsPerSecondGraphConsumer#stopProducing(): transactionsPerSecond produced 0 samples
2021-06-30 15:48:08,554 INFO o.a.j.r.p.AbstractSampleConsumer: class org.apache.jmeter.report.processor.graph.impl.ResponseTimePercentilesGraphConsumer#stopProducing(): responseTimePercentiles produced 0 samples
2021-06-30 15:48:08,568 INFO o.a.j.r.p.AbstractSampleConsumer: class org.apache.jmeter.report.processor.graph.impl.ResponseTimePercentilesOverTimeGraphConsumer#stopProducing(): responseTimePercentilesOverTime produced 0 samples
2021-06-30 15:48:08,569 INFO o.a.j.r.p.AbstractSampleConsumer: class org.apache.jmeter.report.processor.graph.impl.ResponseTimeOverTimeGraphConsumer#stopProducing(): responseTimesOverTime produced 0 samples
2021-06-30 15:48:08,570 INFO o.a.j.r.p.AbstractSampleConsumer: class org.apache.jmeter.report.processor.graph.impl.ConnectTimeOverTimeGraphConsumer#stopProducing(): connectTimeOverTime produced 0 samples
2021-06-30 15:48:08,570 INFO o.a.j.r.p.AbstractSampleConsumer: class org.apache.jmeter.report.processor.graph.impl.LatencyOverTimeGraphConsumer#stopProducing(): latenciesOverTime produced 0 samples
2021-06-30 15:48:08,571 INFO o.a.j.r.p.AbstractSampleConsumer: class org.apache.jmeter.report.processor.FilterConsumer#stopProducing(): nameFilter produced 22500 samples
2021-06-30 15:48:08,571 INFO o.a.j.r.p.AbstractSampleConsumer: class org.apache.jmeter.report.processor.FilterConsumer#stopProducing(): dateRangeFilter produced 4500 samples
2021-06-30 15:48:08,571 INFO o.a.j.r.p.AbstractSampleConsumer: class org.apache.jmeter.report.processor.NormalizerSampleConsumer#stopProducing(): normalizer produced 1500 samples
2021-06-30 15:48:08,571 INFO o.a.j.r.p.CsvFileSampleSource: produce(): 1500 samples produced in 167ms on channel 0
2021-06-30 15:48:08,571 INFO o.a.j.r.d.ReportGenerator: Exporting data using exporter:'json' of className:'org.apache.jmeter.report.dashboard.JsonExporter'
2021-06-30 15:48:08,573 INFO o.a.j.r.d.JsonExporter: Found data for consumer statisticsSummary in context
2021-06-30 15:48:08,573 INFO o.a.j.r.d.JsonExporter: Creating statistics for overall
2021-06-30 15:48:08,573 INFO o.a.j.r.d.JsonExporter: Creating statistics for other transactions
2021-06-30 15:48:08,573 INFO o.a.j.r.d.JsonExporter: Checking output folder
2021-06-30 15:48:08,575 INFO o.a.j.r.d.JsonExporter: Writing statistics JSON to C:\xampp\htdocs\PerformancePostgres\L0_iSource_10_RaceConditionAuction_2021-06-30_10\statistics.json
2021-06-30 15:48:08,714 INFO o.a.j.r.d.ReportGenerator: Exporting data using exporter:'html' of className:'org.apache.jmeter.report.dashboard.HtmlTemplateExporter'
2021-06-30 15:48:08,716 INFO o.a.j.r.d.HtmlTemplateExporter: Will generate dashboard in folder: C:\xampp\htdocs\PerformancePostgres\L0_iSource_10_RaceConditionAuction_2021-06-30_10
2021-06-30 15:48:08,915 INFO o.a.j.r.d.HtmlTemplateExporter: Report will be generated in: C:\xampp\htdocs\PerformancePostgres\L0_iSource_10_RaceConditionAuction_2021-06-30_10, creating folder structure
2021-06-30 15:48:08,918 INFO o.a.j.r.d.TemplateVisitor: Copying folder from 'D:\apache-jmeter-5.1\apache-jmeter-5.1\bin\report-template' to 'C:\xampp\htdocs\PerformancePostgres\L0_iSource_10_RaceConditionAuction_2021-06-30_10', got message:[C:\xampp\htdocs\PerformancePostgres\L0_iSource_10_RaceConditionAuction_2021-06-30_10\statistics.json], found non empty folder with following content {}, will be ignored
2021-06-30 15:48:09,597 INFO o.a.j.JMeter: Dashboard generated
