2021-06-04 14:31:14,949 INFO o.a.j.u.JMeterUtils: Setting Locale to en_EN
2021-06-04 14:31:14,959 INFO o.a.j.JMeter: Loading user properties from: user.properties
2021-06-04 14:31:14,959 INFO o.a.j.JMeter: Loading system properties from: system.properties
2021-06-04 14:31:14,960 INFO o.a.j.JMeter: Setting JMeter property: meter.reportgenerator.report_title=AuctionPublishEvent
2021-06-04 14:31:14,960 INFO o.a.j.JMeter: Setting JMeter property: thread=10
2021-06-04 14:31:14,960 INFO o.a.j.JMeter: Setting JMeter property: rampup=30
2021-06-04 14:31:14,963 INFO o.a.j.JMeter: Copyright (c) 1998-2019 The Apache Software Foundation
2021-06-04 14:31:14,963 INFO o.a.j.JMeter: Version 5.1 r1853635
2021-06-04 14:31:14,964 INFO o.a.j.JMeter: java.version=1.8.0_121
2021-06-04 14:31:14,964 INFO o.a.j.JMeter: java.vm.name=Java HotSpot(TM) 64-Bit Server VM
2021-06-04 14:31:14,964 INFO o.a.j.JMeter: os.name=Windows 10
2021-06-04 14:31:14,964 INFO o.a.j.JMeter: os.arch=amd64
2021-06-04 14:31:14,964 INFO o.a.j.JMeter: os.version=10.0
2021-06-04 14:31:14,964 INFO o.a.j.JMeter: file.encoding=Cp1252
2021-06-04 14:31:14,964 INFO o.a.j.JMeter: java.awt.headless=true
2021-06-04 14:31:14,964 INFO o.a.j.JMeter: Max memory     =8589934592
2021-06-04 14:31:14,964 INFO o.a.j.JMeter: Available Processors =6
2021-06-04 14:31:14,967 INFO o.a.j.JMeter: Default Locale=English (EN)
2021-06-04 14:31:14,967 INFO o.a.j.JMeter: JMeter  Locale=English (EN)
2021-06-04 14:31:14,967 INFO o.a.j.JMeter: JMeterHome=D:\apache-jmeter-5.1\apache-jmeter-5.1
2021-06-04 14:31:14,967 INFO o.a.j.JMeter: user.dir  =D:\apache-jmeter-5.1\apache-jmeter-5.1\bin
2021-06-04 14:31:14,967 INFO o.a.j.JMeter: PWD       =D:\apache-jmeter-5.1\apache-jmeter-5.1\bin
2021-06-04 14:31:14,968 INFO o.a.j.JMeter: IP: 172.30.224.67 Name: ZIPLSY2278 FullName: ZIPLSY2278.zycus.net
2021-06-04 14:31:14,970 INFO o.a.j.JMeter: Setting property 'jmeter.reportgenerator.outputdir' to:'C:\xampp\htdocs\PerformancePostgres\L0_iSource_10_AuctionPublishEvent_2021-06-04_4'
2021-06-04 14:31:14,972 INFO o.a.j.s.FileServer: Default base='D:\apache-jmeter-5.1\apache-jmeter-5.1\bin'
2021-06-04 14:31:14,975 INFO o.a.j.s.FileServer: Set new base='D:\PostrgresMigration\iSource'
2021-06-04 14:31:15,067 INFO o.a.j.s.SaveService: Testplan (JMX) version: 2.2. Testlog (JTL) version: 2.2
2021-06-04 14:31:15,078 INFO o.a.j.s.SaveService: Using SaveService properties file encoding UTF-8
2021-06-04 14:31:15,081 INFO o.a.j.s.SaveService: Using SaveService properties version 5.0
2021-06-04 14:31:15,086 INFO o.a.j.s.SaveService: Loading file: D:\PostrgresMigration\iSource\L1_iSource_AuctionPublishEvent.jmx
2021-06-04 14:31:15,126 INFO o.a.j.p.h.c.CookieManager: Settings: Delete null: true Check: true Allow variable: true Save: false Prefix: COOKIE_
2021-06-04 14:31:15,130 INFO o.a.j.p.h.c.CacheManager: Will only cache the following methods: [GET]
2021-06-04 14:31:15,138 INFO o.a.j.p.h.s.HTTPSamplerBase: Parser for text/html is org.apache.jmeter.protocol.http.parser.LagartoBasedHtmlParser
2021-06-04 14:31:15,138 INFO o.a.j.p.h.s.HTTPSamplerBase: Parser for application/xhtml+xml is org.apache.jmeter.protocol.http.parser.LagartoBasedHtmlParser
2021-06-04 14:31:15,138 INFO o.a.j.p.h.s.HTTPSamplerBase: Parser for application/xml is org.apache.jmeter.protocol.http.parser.LagartoBasedHtmlParser
2021-06-04 14:31:15,138 INFO o.a.j.p.h.s.HTTPSamplerBase: Parser for text/xml is org.apache.jmeter.protocol.http.parser.LagartoBasedHtmlParser
2021-06-04 14:31:15,138 INFO o.a.j.p.h.s.HTTPSamplerBase: Parser for text/vnd.wap.wml is org.apache.jmeter.protocol.http.parser.RegexpHTMLParser
2021-06-04 14:31:15,138 INFO o.a.j.p.h.s.HTTPSamplerBase: Parser for text/css is org.apache.jmeter.protocol.http.parser.CssParser
2021-06-04 14:31:15,436 INFO o.a.j.JMeter: Creating summariser <summary>
2021-06-04 14:31:15,442 INFO o.a.j.r.d.ReportGenerator: ReportGenerator will use for Parsing the separator: ','
2021-06-04 14:31:15,442 INFO o.a.j.r.d.ReportGenerator: Will generate report at end of test from  results file: D:\PostrgresMigration\iSource\JTL\L0_iSource_10_AuctionPublishEvent_2021-06-04_4.jtl
2021-06-04 14:31:15,442 INFO o.a.j.r.d.ReportGenerator: Reading report generator properties from: D:\apache-jmeter-5.1\apache-jmeter-5.1\bin\reportgenerator.properties
2021-06-04 14:31:15,443 INFO o.a.j.r.d.ReportGenerator: Merging with JMeter properties
2021-06-04 14:31:15,447 INFO o.a.j.r.c.ReportGeneratorConfiguration: Property 'jmeter.reportgenerator.temp_dir' not found, using default value 'temp' instead.
2021-06-04 14:31:15,449 INFO o.a.j.r.c.ReportGeneratorConfiguration: Property 'jmeter.reportgenerator.apdex_per_transaction' not found, using default value 'null' instead.
2021-06-04 14:31:15,450 INFO o.a.j.r.c.ReportGeneratorConfiguration: apdex_per_transaction : {} is empty, not APDEX per transaction customization
2021-06-04 14:31:15,450 INFO o.a.j.r.c.ReportGeneratorConfiguration: Property 'jmeter.reportgenerator.sample_filter' not found, using default value 'null' instead.
2021-06-04 14:31:15,450 INFO o.a.j.r.c.ReportGeneratorConfiguration: Property 'jmeter.reportgenerator.report_title' not found, using default value 'null' instead.
2021-06-04 14:31:15,450 INFO o.a.j.r.c.ReportGeneratorConfiguration: Property 'jmeter.reportgenerator.start_date' not found, using default value 'null' instead.
2021-06-04 14:31:15,450 INFO o.a.j.r.c.ReportGeneratorConfiguration: Property 'jmeter.reportgenerator.end_date' not found, using default value 'null' instead.
2021-06-04 14:31:15,450 INFO o.a.j.r.c.ReportGeneratorConfiguration: Property 'jmeter.reportgenerator.date_format' not found, using default value 'null' instead.
2021-06-04 14:31:15,450 INFO o.a.j.r.c.ReportGeneratorConfiguration: Will use date range start date: null, end date: null
2021-06-04 14:31:15,454 INFO o.a.j.r.c.ReportGeneratorConfiguration: Property 'jmeter.reportgenerator.graph.totalTPS.exclude_controllers' not found, using default value 'false' instead.
2021-06-04 14:31:15,454 INFO o.a.j.r.c.ReportGeneratorConfiguration: Property 'jmeter.reportgenerator.graph.activeThreadsOverTime.exclude_controllers' not found, using default value 'false' instead.
2021-06-04 14:31:15,454 INFO o.a.j.r.c.ReportGeneratorConfiguration: Property 'jmeter.reportgenerator.graph.timeVsThreads.exclude_controllers' not found, using default value 'false' instead.
2021-06-04 14:31:15,454 INFO o.a.j.r.c.ReportGeneratorConfiguration: Property 'jmeter.reportgenerator.graph.responseTimeDistribution.exclude_controllers' not found, using default value 'false' instead.
2021-06-04 14:31:15,454 INFO o.a.j.r.c.ReportGeneratorConfiguration: Property 'jmeter.reportgenerator.graph.transactionsPerSecond.exclude_controllers' not found, using default value 'false' instead.
2021-06-04 14:31:15,454 INFO o.a.j.r.c.ReportGeneratorConfiguration: Property 'jmeter.reportgenerator.graph.responseTimePercentiles.exclude_controllers' not found, using default value 'false' instead.
2021-06-04 14:31:15,454 INFO o.a.j.r.c.ReportGeneratorConfiguration: Property 'jmeter.reportgenerator.graph.responseTimePercentilesOverTime.exclude_controllers' not found, using default value 'false' instead.
2021-06-04 14:31:15,454 INFO o.a.j.r.c.ReportGeneratorConfiguration: Property 'jmeter.reportgenerator.graph.responseTimesOverTime.exclude_controllers' not found, using default value 'false' instead.
2021-06-04 14:31:15,455 INFO o.a.j.r.c.ReportGeneratorConfiguration: Property 'jmeter.reportgenerator.graph.connectTimeOverTime.exclude_controllers' not found, using default value 'false' instead.
2021-06-04 14:31:15,455 INFO o.a.j.r.c.ReportGeneratorConfiguration: Property 'jmeter.reportgenerator.graph.latenciesOverTime.exclude_controllers' not found, using default value 'false' instead.
2021-06-04 14:31:15,455 INFO o.a.j.r.c.ReportGeneratorConfiguration: Property 'jmeter.reportgenerator.exporter.json.filters_only_sample_series' not found, using default value 'true' instead.
2021-06-04 14:31:15,456 INFO o.a.j.r.c.ReportGeneratorConfiguration: Property 'jmeter.reportgenerator.exporter.json.series_filter' not found, using default value '' instead.
2021-06-04 14:31:15,456 INFO o.a.j.r.c.ReportGeneratorConfiguration: Property 'jmeter.reportgenerator.exporter.json.show_controllers_only' not found, using default value 'false' instead.
2021-06-04 14:31:15,456 INFO o.a.j.r.c.ReportGeneratorConfiguration: Property 'jmeter.reportgenerator.exporter.html.filters_only_sample_series' not found, using default value 'true' instead.
2021-06-04 14:31:15,456 INFO o.a.j.r.c.ReportGeneratorConfiguration: Property 'jmeter.reportgenerator.exporter.html.series_filter' not found, using default value '' instead.
2021-06-04 14:31:15,456 INFO o.a.j.r.c.ReportGeneratorConfiguration: Property 'jmeter.reportgenerator.exporter.html.show_controllers_only' not found, using default value 'false' instead.
2021-06-04 14:31:15,460 INFO o.a.j.e.StandardJMeterEngine: Running the test!
2021-06-04 14:31:15,460 INFO o.a.j.s.SampleEvent: List of sample_variables: []
2021-06-04 14:31:15,460 INFO o.a.j.s.SampleEvent: List of sample_variables: []
2021-06-04 14:31:15,465 INFO o.a.j.e.u.CompoundVariable: Note: Function class names must contain the string: '.functions.'
2021-06-04 14:31:15,465 INFO o.a.j.e.u.CompoundVariable: Note: Function class names must not contain the string: '.gui.'
2021-06-04 14:31:15,791 INFO o.a.j.JMeter: Running test (1622797275791)
2021-06-04 14:31:15,850 INFO o.a.j.e.StandardJMeterEngine: Starting ThreadGroup: 1 : L1-iSource-AuctionPublishEvent-Job
2021-06-04 14:31:15,850 INFO o.a.j.e.StandardJMeterEngine: Starting 10 threads for group L1-iSource-AuctionPublishEvent-Job.
2021-06-04 14:31:15,850 INFO o.a.j.e.StandardJMeterEngine: Thread will stop on error
2021-06-04 14:31:15,850 INFO o.a.j.t.ThreadGroup: Starting thread group... number=1 threads=10 ramp-up=30 perThread=3000.0 delayedStart=false
2021-06-04 14:31:15,882 INFO o.a.j.s.SampleResult: Note: Sample TimeStamps are START times
2021-06-04 14:31:15,883 INFO o.a.j.s.SampleResult: sampleresult.default.encoding is set to ISO-8859-1
2021-06-04 14:31:15,883 INFO o.a.j.s.SampleResult: sampleresult.useNanoTime=true
2021-06-04 14:31:15,883 INFO o.a.j.s.SampleResult: sampleresult.nanoThreadSleep=5000
2021-06-04 14:31:15,890 INFO o.a.j.t.JMeterThread: Thread started: L1-iSource-AuctionPublishEvent-Job 1-1
2021-06-04 14:31:15,892 INFO o.a.j.c.LoopController: iterationStart called on 5.6# Questions_Text with source org.apache.jmeter.control.LoopController@2d4f4094 and iteration 1
2021-06-04 14:31:15,892 INFO o.a.j.s.FileServer: Stored: D:\apache-jmeter-5.1\apache-jmeter-5.1\bin\excel\isource\RM_ZCS_Users.csv
2021-06-04 14:31:15,912 INFO o.a.j.p.h.s.HTTPHCAbstractImpl: Local host = ZIPLSY2278
2021-06-04 14:31:15,918 INFO o.a.j.p.h.s.HTTPHC4Impl: HTTP request retry count = 0
2021-06-04 14:31:16,005 INFO o.a.j.p.h.s.h.LazyLayeredConnectionSocketFactory: Setting up HTTPS TrustAll Socket Factory
2021-06-04 14:31:16,010 INFO o.a.j.u.JsseSSLManager: Using default SSL protocol: TLS
2021-06-04 14:31:16,011 INFO o.a.j.u.JsseSSLManager: SSL session context: per-thread
2021-06-04 14:31:16,104 INFO o.a.j.t.ThreadGroup: Started thread group number 1
2021-06-04 14:31:16,104 INFO o.a.j.e.StandardJMeterEngine: All thread groups have been started
2021-06-04 14:31:16,485 INFO o.a.j.u.SSLManager: JmeterKeyStore Location:  type JKS
2021-06-04 14:31:16,488 INFO o.a.j.u.SSLManager: KeyStore created OK
2021-06-04 14:31:16,488 WARN o.a.j.u.SSLManager: Keystore file not found, loading empty keystore
2021-06-04 14:31:18,910 INFO o.a.j.t.JMeterThread: Thread started: L1-iSource-AuctionPublishEvent-Job 1-2
2021-06-04 14:31:18,910 INFO o.a.j.c.LoopController: iterationStart called on 5.6# Questions_Text with source org.apache.jmeter.control.LoopController@263d33c9 and iteration 1
2021-06-04 14:31:21,948 INFO o.a.j.t.JMeterThread: Thread started: L1-iSource-AuctionPublishEvent-Job 1-3
2021-06-04 14:31:21,949 INFO o.a.j.c.LoopController: iterationStart called on 5.6# Questions_Text with source org.apache.jmeter.control.LoopController@3328fae7 and iteration 1
2021-06-04 14:31:24,985 INFO o.a.j.t.JMeterThread: Thread started: L1-iSource-AuctionPublishEvent-Job 1-4
2021-06-04 14:31:24,987 INFO o.a.j.c.LoopController: iterationStart called on 5.6# Questions_Text with source org.apache.jmeter.control.LoopController@37caa03e and iteration 1
2021-06-04 14:31:28,008 INFO o.a.j.t.JMeterThread: Thread started: L1-iSource-AuctionPublishEvent-Job 1-5
2021-06-04 14:31:28,010 INFO o.a.j.c.LoopController: iterationStart called on 5.6# Questions_Text with source org.apache.jmeter.control.LoopController@526f1657 and iteration 1
2021-06-04 14:31:30,897 INFO o.a.j.r.Summariser: summary +     43 in 00:00:15 =    2.8/s Avg:   328 Min:    42 Max:  1222 Err:     0 (0.00%) Active: 5 Started: 5 Finished: 0
2021-06-04 14:31:31,030 INFO o.a.j.t.JMeterThread: Thread started: L1-iSource-AuctionPublishEvent-Job 1-6
2021-06-04 14:31:31,031 INFO o.a.j.c.LoopController: iterationStart called on 5.6# Questions_Text with source org.apache.jmeter.control.LoopController@6edf43c and iteration 1
2021-06-04 14:31:34,050 INFO o.a.j.t.JMeterThread: Thread started: L1-iSource-AuctionPublishEvent-Job 1-7
2021-06-04 14:31:34,051 INFO o.a.j.c.LoopController: iterationStart called on 5.6# Questions_Text with source org.apache.jmeter.control.LoopController@2c4bb714 and iteration 1
2021-06-04 14:31:37,069 INFO o.a.j.t.JMeterThread: Thread started: L1-iSource-AuctionPublishEvent-Job 1-8
2021-06-04 14:31:37,069 INFO o.a.j.c.LoopController: iterationStart called on 5.6# Questions_Text with source org.apache.jmeter.control.LoopController@303ccce1 and iteration 1
2021-06-04 14:31:40,089 INFO o.a.j.t.JMeterThread: Thread started: L1-iSource-AuctionPublishEvent-Job 1-9
2021-06-04 14:31:40,090 INFO o.a.j.c.LoopController: iterationStart called on 5.6# Questions_Text with source org.apache.jmeter.control.LoopController@5a27abe9 and iteration 1
2021-06-04 14:31:43,108 INFO o.a.j.t.JMeterThread: Thread started: L1-iSource-AuctionPublishEvent-Job 1-10
2021-06-04 14:31:43,110 INFO o.a.j.c.LoopController: iterationStart called on 5.6# Questions_Text with source org.apache.jmeter.control.LoopController@77827217 and iteration 1
2021-06-04 14:32:01,151 INFO o.a.j.r.Summariser: summary +    214 in 00:00:30 =    7.1/s Avg:   584 Min:    41 Max:  5466 Err:     0 (0.00%) Active: 10 Started: 10 Finished: 0
2021-06-04 14:32:01,152 INFO o.a.j.r.Summariser: summary =    257 in 00:00:45 =    5.7/s Avg:   541 Min:    41 Max:  5466 Err:     0 (0.00%)
2021-06-04 14:32:30,001 INFO o.a.j.r.Summariser: summary +     86 in 00:00:29 =    3.0/s Avg:  1727 Min:    64 Max: 12448 Err:     0 (0.00%) Active: 10 Started: 10 Finished: 0
2021-06-04 14:32:30,001 INFO o.a.j.r.Summariser: summary =    343 in 00:01:14 =    4.6/s Avg:   838 Min:    41 Max: 12448 Err:     0 (0.00%)
2021-06-04 14:33:00,754 INFO o.a.j.r.Summariser: summary +    131 in 00:00:31 =    4.3/s Avg:  1640 Min:   235 Max:  6899 Err:     0 (0.00%) Active: 10 Started: 10 Finished: 0
2021-06-04 14:33:00,755 INFO o.a.j.r.Summariser: summary =    474 in 00:01:45 =    4.5/s Avg:  1060 Min:    41 Max: 12448 Err:     0 (0.00%)
2021-06-04 14:33:25,072 INFO o.a.j.s.FileServer: Stored: D:\apache-jmeter-5.1\apache-jmeter-5.1\bin\excel\isource\buyer_5_items.xlsx
2021-06-04 14:33:30,513 INFO o.a.j.r.Summariser: summary +     80 in 00:00:30 =    2.7/s Avg:  1844 Min:    54 Max:  5067 Err:     0 (0.00%) Active: 10 Started: 10 Finished: 0
2021-06-04 14:33:30,513 INFO o.a.j.r.Summariser: summary =    554 in 00:02:15 =    4.1/s Avg:  1173 Min:    41 Max: 12448 Err:     0 (0.00%)
2021-06-04 14:34:00,356 INFO o.a.j.r.Summariser: summary +     67 in 00:00:30 =    2.2/s Avg:  3925 Min:   306 Max: 28102 Err:     0 (0.00%) Active: 10 Started: 10 Finished: 0
2021-06-04 14:34:00,356 INFO o.a.j.r.Summariser: summary =    621 in 00:02:45 =    3.8/s Avg:  1470 Min:    41 Max: 28102 Err:     0 (0.00%)
2021-06-04 14:34:30,185 INFO o.a.j.r.Summariser: summary +    157 in 00:00:30 =    5.3/s Avg:  1506 Min:   236 Max:  4252 Err:     0 (0.00%) Active: 10 Started: 10 Finished: 0
2021-06-04 14:34:30,185 INFO o.a.j.r.Summariser: summary =    778 in 00:03:14 =    4.0/s Avg:  1477 Min:    41 Max: 28102 Err:     0 (0.00%)
2021-06-04 14:35:00,336 INFO o.a.j.r.Summariser: summary +    147 in 00:00:30 =    4.9/s Avg:  1619 Min:   183 Max:  5637 Err:     0 (0.00%) Active: 10 Started: 10 Finished: 0
2021-06-04 14:35:00,338 INFO o.a.j.r.Summariser: summary =    925 in 00:03:45 =    4.1/s Avg:  1500 Min:    41 Max: 28102 Err:     0 (0.00%)
2021-06-04 14:35:30,525 INFO o.a.j.r.Summariser: summary +    147 in 00:00:30 =    4.9/s Avg:  1646 Min:   260 Max:  6478 Err:     0 (0.00%) Active: 10 Started: 10 Finished: 0
2021-06-04 14:35:30,525 INFO o.a.j.r.Summariser: summary =   1072 in 00:04:15 =    4.2/s Avg:  1520 Min:    41 Max: 28102 Err:     0 (0.00%)
2021-06-04 14:35:35,489 ERROR o.a.j.u.BeanShellInterpreter: Error invoking bsh method: eval	Sourced file: inline evaluation of: ``String totalRecords = vars.get("totalRecords"); String perpage = vars.get("perpa . . . '' : Typed variable declaration : Method Invocation Integer.parseInt
2021-06-04 14:35:35,490 WARN o.a.j.e.BeanShellPostProcessor: Problem in BeanShell script: org.apache.jorphan.util.JMeterException: Error invoking bsh method: eval	Sourced file: inline evaluation of: ``String totalRecords = vars.get("totalRecords"); String perpage = vars.get("perpa . . . '' : Typed variable declaration : Method Invocation Integer.parseInt
2021-06-04 14:35:41,583 ERROR o.a.j.u.BeanShellInterpreter: Error invoking bsh method: eval	Sourced file: inline evaluation of: ``String totalRecords = vars.get("totalRecords"); String perpage = vars.get("perpa . . . '' : Typed variable declaration : Method Invocation Integer.parseInt
2021-06-04 14:35:41,583 WARN o.a.j.e.BeanShellPostProcessor: Problem in BeanShell script: org.apache.jorphan.util.JMeterException: Error invoking bsh method: eval	Sourced file: inline evaluation of: ``String totalRecords = vars.get("totalRecords"); String perpage = vars.get("perpa . . . '' : Typed variable declaration : Method Invocation Integer.parseInt
2021-06-04 14:35:47,306 ERROR o.a.j.u.BeanShellInterpreter: Error invoking bsh method: eval	Sourced file: inline evaluation of: ``String totalRecords = vars.get("totalRecords"); String perpage = vars.get("perpa . . . '' : Typed variable declaration : Method Invocation Integer.parseInt
2021-06-04 14:35:47,307 WARN o.a.j.e.BeanShellPostProcessor: Problem in BeanShell script: org.apache.jorphan.util.JMeterException: Error invoking bsh method: eval	Sourced file: inline evaluation of: ``String totalRecords = vars.get("totalRecords"); String perpage = vars.get("perpa . . . '' : Typed variable declaration : Method Invocation Integer.parseInt
2021-06-04 14:35:53,616 ERROR o.a.j.u.BeanShellInterpreter: Error invoking bsh method: eval	Sourced file: inline evaluation of: ``String totalRecords = vars.get("totalRecords"); String perpage = vars.get("perpa . . . '' : Typed variable declaration : Method Invocation Integer.parseInt
2021-06-04 14:35:53,617 WARN o.a.j.e.BeanShellPostProcessor: Problem in BeanShell script: org.apache.jorphan.util.JMeterException: Error invoking bsh method: eval	Sourced file: inline evaluation of: ``String totalRecords = vars.get("totalRecords"); String perpage = vars.get("perpa . . . '' : Typed variable declaration : Method Invocation Integer.parseInt
2021-06-04 14:35:58,579 ERROR o.a.j.u.BeanShellInterpreter: Error invoking bsh method: eval	Sourced file: inline evaluation of: ``String totalRecords = vars.get("totalRecords"); String perpage = vars.get("perpa . . . '' : Typed variable declaration : Method Invocation Integer.parseInt
2021-06-04 14:35:58,579 WARN o.a.j.e.BeanShellPostProcessor: Problem in BeanShell script: org.apache.jorphan.util.JMeterException: Error invoking bsh method: eval	Sourced file: inline evaluation of: ``String totalRecords = vars.get("totalRecords"); String perpage = vars.get("perpa . . . '' : Typed variable declaration : Method Invocation Integer.parseInt
2021-06-04 14:36:01,808 INFO o.a.j.r.Summariser: summary +     57 in 00:00:31 =    1.8/s Avg:  3272 Min:   269 Max: 24105 Err:     0 (0.00%) Active: 10 Started: 10 Finished: 0
2021-06-04 14:36:01,808 INFO o.a.j.r.Summariser: summary =   1129 in 00:04:46 =    3.9/s Avg:  1608 Min:    41 Max: 28102 Err:     0 (0.00%)
2021-06-04 14:36:03,561 ERROR o.a.j.u.BeanShellInterpreter: Error invoking bsh method: eval	Sourced file: inline evaluation of: ``String totalRecords = vars.get("totalRecords"); String perpage = vars.get("perpa . . . '' : Typed variable declaration : Method Invocation Integer.parseInt
2021-06-04 14:36:03,561 WARN o.a.j.e.BeanShellPostProcessor: Problem in BeanShell script: org.apache.jorphan.util.JMeterException: Error invoking bsh method: eval	Sourced file: inline evaluation of: ``String totalRecords = vars.get("totalRecords"); String perpage = vars.get("perpa . . . '' : Typed variable declaration : Method Invocation Integer.parseInt
2021-06-04 14:36:09,527 ERROR o.a.j.u.BeanShellInterpreter: Error invoking bsh method: eval	Sourced file: inline evaluation of: ``String totalRecords = vars.get("totalRecords"); String perpage = vars.get("perpa . . . '' : Typed variable declaration : Method Invocation Integer.parseInt
2021-06-04 14:36:09,527 WARN o.a.j.e.BeanShellPostProcessor: Problem in BeanShell script: org.apache.jorphan.util.JMeterException: Error invoking bsh method: eval	Sourced file: inline evaluation of: ``String totalRecords = vars.get("totalRecords"); String perpage = vars.get("perpa . . . '' : Typed variable declaration : Method Invocation Integer.parseInt
2021-06-04 14:36:16,402 ERROR o.a.j.u.BeanShellInterpreter: Error invoking bsh method: eval	Sourced file: inline evaluation of: ``String totalRecords = vars.get("totalRecords"); String perpage = vars.get("perpa . . . '' : Typed variable declaration : Method Invocation Integer.parseInt
2021-06-04 14:36:16,402 WARN o.a.j.e.BeanShellPostProcessor: Problem in BeanShell script: org.apache.jorphan.util.JMeterException: Error invoking bsh method: eval	Sourced file: inline evaluation of: ``String totalRecords = vars.get("totalRecords"); String perpage = vars.get("perpa . . . '' : Typed variable declaration : Method Invocation Integer.parseInt
2021-06-04 14:36:21,377 ERROR o.a.j.u.BeanShellInterpreter: Error invoking bsh method: eval	Sourced file: inline evaluation of: ``String totalRecords = vars.get("totalRecords"); String perpage = vars.get("perpa . . . '' : Typed variable declaration : Method Invocation Integer.parseInt
2021-06-04 14:36:21,378 WARN o.a.j.e.BeanShellPostProcessor: Problem in BeanShell script: org.apache.jorphan.util.JMeterException: Error invoking bsh method: eval	Sourced file: inline evaluation of: ``String totalRecords = vars.get("totalRecords"); String perpage = vars.get("perpa . . . '' : Typed variable declaration : Method Invocation Integer.parseInt
2021-06-04 14:36:27,307 ERROR o.a.j.u.BeanShellInterpreter: Error invoking bsh method: eval	Sourced file: inline evaluation of: ``String totalRecords = vars.get("totalRecords"); String perpage = vars.get("perpa . . . '' : Typed variable declaration : Method Invocation Integer.parseInt
2021-06-04 14:36:27,307 WARN o.a.j.e.BeanShellPostProcessor: Problem in BeanShell script: org.apache.jorphan.util.JMeterException: Error invoking bsh method: eval	Sourced file: inline evaluation of: ``String totalRecords = vars.get("totalRecords"); String perpage = vars.get("perpa . . . '' : Typed variable declaration : Method Invocation Integer.parseInt
2021-06-04 14:36:31,129 INFO o.a.j.r.Summariser: summary +     50 in 00:00:29 =    1.7/s Avg:  5863 Min:   329 Max: 35745 Err:     0 (0.00%) Active: 10 Started: 10 Finished: 0
2021-06-04 14:36:31,129 INFO o.a.j.r.Summariser: summary =   1179 in 00:05:15 =    3.7/s Avg:  1789 Min:    41 Max: 35745 Err:     0 (0.00%)
2021-06-04 14:37:00,093 INFO o.a.j.r.Summariser: summary +     75 in 00:00:29 =    2.6/s Avg:  3096 Min:   229 Max:  7727 Err:     0 (0.00%) Active: 10 Started: 10 Finished: 0
2021-06-04 14:37:00,094 INFO o.a.j.r.Summariser: summary =   1254 in 00:05:44 =    3.6/s Avg:  1867 Min:    41 Max: 35745 Err:     0 (0.00%)
2021-06-04 14:37:30,476 INFO o.a.j.r.Summariser: summary +     90 in 00:00:30 =    3.0/s Avg:  3068 Min:   384 Max:  8947 Err:     0 (0.00%) Active: 10 Started: 10 Finished: 0
2021-06-04 14:37:30,477 INFO o.a.j.r.Summariser: summary =   1344 in 00:06:15 =    3.6/s Avg:  1947 Min:    41 Max: 35745 Err:     0 (0.00%)
2021-06-04 14:37:32,172 INFO o.a.j.t.JMeterThread: Thread is done: L1-iSource-AuctionPublishEvent-Job 1-1
2021-06-04 14:37:32,173 INFO o.a.j.t.JMeterThread: Thread finished: L1-iSource-AuctionPublishEvent-Job 1-1
2021-06-04 14:37:44,923 INFO o.a.j.t.JMeterThread: Thread is done: L1-iSource-AuctionPublishEvent-Job 1-4
2021-06-04 14:37:44,923 INFO o.a.j.t.JMeterThread: Thread finished: L1-iSource-AuctionPublishEvent-Job 1-4
2021-06-04 14:37:47,507 INFO o.a.j.t.JMeterThread: Thread is done: L1-iSource-AuctionPublishEvent-Job 1-8
2021-06-04 14:37:47,507 INFO o.a.j.t.JMeterThread: Thread finished: L1-iSource-AuctionPublishEvent-Job 1-8
2021-06-04 14:37:50,263 INFO o.a.j.t.JMeterThread: Thread is done: L1-iSource-AuctionPublishEvent-Job 1-7
2021-06-04 14:37:50,263 INFO o.a.j.t.JMeterThread: Thread finished: L1-iSource-AuctionPublishEvent-Job 1-7
2021-06-04 14:37:55,715 INFO o.a.j.t.JMeterThread: Thread is done: L1-iSource-AuctionPublishEvent-Job 1-3
2021-06-04 14:37:55,715 INFO o.a.j.t.JMeterThread: Thread finished: L1-iSource-AuctionPublishEvent-Job 1-3
2021-06-04 14:37:58,148 INFO o.a.j.t.JMeterThread: Thread is done: L1-iSource-AuctionPublishEvent-Job 1-2
2021-06-04 14:37:58,148 INFO o.a.j.t.JMeterThread: Thread finished: L1-iSource-AuctionPublishEvent-Job 1-2
2021-06-04 14:38:00,016 INFO o.a.j.r.Summariser: summary +     92 in 00:00:30 =    3.1/s Avg:  2178 Min:   113 Max:  7507 Err:     0 (0.00%) Active: 4 Started: 10 Finished: 6
2021-06-04 14:38:00,017 INFO o.a.j.r.Summariser: summary =   1436 in 00:06:44 =    3.6/s Avg:  1962 Min:    41 Max: 35745 Err:     0 (0.00%)
2021-06-04 14:38:06,872 INFO o.a.j.t.JMeterThread: Thread is done: L1-iSource-AuctionPublishEvent-Job 1-10
2021-06-04 14:38:06,872 INFO o.a.j.t.JMeterThread: Thread finished: L1-iSource-AuctionPublishEvent-Job 1-10
2021-06-04 14:38:11,288 INFO o.a.j.t.JMeterThread: Thread is done: L1-iSource-AuctionPublishEvent-Job 1-6
2021-06-04 14:38:11,288 INFO o.a.j.t.JMeterThread: Thread finished: L1-iSource-AuctionPublishEvent-Job 1-6
2021-06-04 14:38:13,185 INFO o.a.j.t.JMeterThread: Thread is done: L1-iSource-AuctionPublishEvent-Job 1-9
2021-06-04 14:38:13,185 INFO o.a.j.t.JMeterThread: Thread finished: L1-iSource-AuctionPublishEvent-Job 1-9
2021-06-04 14:38:20,999 INFO o.a.j.t.JMeterThread: Thread is done: L1-iSource-AuctionPublishEvent-Job 1-5
2021-06-04 14:38:21,000 INFO o.a.j.t.JMeterThread: Thread finished: L1-iSource-AuctionPublishEvent-Job 1-5
2021-06-04 14:38:21,001 INFO o.a.j.e.StandardJMeterEngine: Notifying test listeners of end of test
2021-06-04 14:38:21,001 INFO o.a.j.s.FileServer: Close: D:\apache-jmeter-5.1\apache-jmeter-5.1\bin\excel\isource\RM_ZCS_Users.csv
2021-06-04 14:38:21,004 INFO o.a.j.r.Summariser: summary +     24 in 00:00:21 =    1.1/s Avg:  1510 Min:   151 Max:  5707 Err:     0 (0.00%) Active: 0 Started: 10 Finished: 10
2021-06-04 14:38:21,005 INFO o.a.j.r.Summariser: summary =   1460 in 00:07:05 =    3.4/s Avg:  1955 Min:    41 Max: 35745 Err:     0 (0.00%)
2021-06-04 14:38:21,005 INFO o.a.j.JMeter: Generating Dashboard
2021-06-04 14:38:21,005 INFO o.a.j.r.d.ReportGenerator: Flushing result collector before report Generation
2021-06-04 14:38:21,017 INFO o.a.j.r.p.NormalizerSampleConsumer: Using format, 'ms', to parse timeStamp field
2021-06-04 14:38:21,139 INFO o.a.j.r.p.AbstractSampleConsumer: class org.apache.jmeter.report.processor.AggregateConsumer#stopProducing(): beginDate produced 0 samples
2021-06-04 14:38:21,139 INFO o.a.j.r.p.AbstractSampleConsumer: class org.apache.jmeter.report.processor.AggregateConsumer#stopProducing(): endDate produced 0 samples
2021-06-04 14:38:21,141 INFO o.a.j.r.p.AbstractSampleConsumer: class org.apache.jmeter.report.processor.ApdexSummaryConsumer#stopProducing(): apdexSummary produced 0 samples
2021-06-04 14:38:21,141 INFO o.a.j.r.p.AbstractSampleConsumer: class org.apache.jmeter.report.processor.RequestsSummaryConsumer#stopProducing(): requestsSummary produced 0 samples
2021-06-04 14:38:21,147 INFO o.a.j.r.p.AbstractSampleConsumer: class org.apache.jmeter.report.processor.StatisticsSummaryConsumer#stopProducing(): statisticsSummary produced 0 samples
2021-06-04 14:38:21,147 INFO o.a.j.r.p.AbstractSampleConsumer: class org.apache.jmeter.report.processor.Top5ErrorsBySamplerConsumer#stopProducing(): top5ErrorsBySampler produced 0 samples
2021-06-04 14:38:21,147 INFO o.a.j.r.p.AbstractSampleConsumer: class org.apache.jmeter.report.processor.ErrorsSummaryConsumer#stopProducing(): errorsSummary produced 0 samples
2021-06-04 14:38:21,147 INFO o.a.j.r.p.AbstractSampleConsumer: class org.apache.jmeter.report.processor.graph.impl.HitsPerSecondGraphConsumer#stopProducing(): hitsPerSecond produced 0 samples
2021-06-04 14:38:21,173 INFO o.a.j.r.p.AbstractSampleConsumer: class org.apache.jmeter.report.processor.graph.impl.LatencyVSRequestGraphConsumer#stopProducing(): latencyVsRequest produced 0 samples
2021-06-04 14:38:21,173 INFO o.a.j.r.p.AbstractSampleConsumer: class org.apache.jmeter.report.processor.graph.impl.SyntheticResponseTimeDistributionGraphConsumer#stopProducing(): syntheticResponseTimeDistribution produced 0 samples
2021-06-04 14:38:21,174 INFO o.a.j.r.p.AbstractSampleConsumer: class org.apache.jmeter.report.processor.graph.impl.BytesThroughputGraphConsumer#stopProducing(): bytesThroughputOverTime produced 0 samples
2021-06-04 14:38:21,174 INFO o.a.j.r.p.AbstractSampleConsumer: class org.apache.jmeter.report.processor.graph.impl.CodesPerSecondGraphConsumer#stopProducing(): codesPerSecond produced 0 samples
2021-06-04 14:38:21,186 INFO o.a.j.r.p.AbstractSampleConsumer: class org.apache.jmeter.report.processor.graph.impl.ResponseTimeVSRequestGraphConsumer#stopProducing(): responseTimeVsRequest produced 0 samples
2021-06-04 14:38:21,187 INFO o.a.j.r.p.AbstractSampleConsumer: class org.apache.jmeter.report.processor.FilterConsumer#stopProducing(): startIntervalControlerFilter produced 10220 samples
2021-06-04 14:38:21,187 INFO o.a.j.r.p.AbstractSampleConsumer: class org.apache.jmeter.report.processor.graph.impl.TotalTPSGraphConsumer#stopProducing(): totalTPS produced 0 samples
2021-06-04 14:38:21,187 INFO o.a.j.r.p.AbstractSampleConsumer: class org.apache.jmeter.report.processor.graph.impl.ActiveThreadsGraphConsumer#stopProducing(): activeThreadsOverTime produced 0 samples
2021-06-04 14:38:21,187 INFO o.a.j.r.p.AbstractSampleConsumer: class org.apache.jmeter.report.processor.graph.impl.TimeVSThreadGraphConsumer#stopProducing(): timeVsThreads produced 0 samples
2021-06-04 14:38:21,195 INFO o.a.j.r.p.AbstractSampleConsumer: class org.apache.jmeter.report.processor.graph.impl.ResponseTimeDistributionGraphConsumer#stopProducing(): responseTimeDistribution produced 0 samples
2021-06-04 14:38:21,196 INFO o.a.j.r.p.AbstractSampleConsumer: class org.apache.jmeter.report.processor.graph.impl.TransactionsPerSecondGraphConsumer#stopProducing(): transactionsPerSecond produced 0 samples
2021-06-04 14:38:21,197 INFO o.a.j.r.p.AbstractSampleConsumer: class org.apache.jmeter.report.processor.graph.impl.ResponseTimePercentilesGraphConsumer#stopProducing(): responseTimePercentiles produced 0 samples
2021-06-04 14:38:21,212 INFO o.a.j.r.p.AbstractSampleConsumer: class org.apache.jmeter.report.processor.graph.impl.ResponseTimePercentilesOverTimeGraphConsumer#stopProducing(): responseTimePercentilesOverTime produced 0 samples
2021-06-04 14:38:21,212 INFO o.a.j.r.p.AbstractSampleConsumer: class org.apache.jmeter.report.processor.graph.impl.ResponseTimeOverTimeGraphConsumer#stopProducing(): responseTimesOverTime produced 0 samples
2021-06-04 14:38:21,212 INFO o.a.j.r.p.AbstractSampleConsumer: class org.apache.jmeter.report.processor.graph.impl.ConnectTimeOverTimeGraphConsumer#stopProducing(): connectTimeOverTime produced 0 samples
2021-06-04 14:38:21,212 INFO o.a.j.r.p.AbstractSampleConsumer: class org.apache.jmeter.report.processor.graph.impl.LatencyOverTimeGraphConsumer#stopProducing(): latenciesOverTime produced 0 samples
2021-06-04 14:38:21,212 INFO o.a.j.r.p.AbstractSampleConsumer: class org.apache.jmeter.report.processor.FilterConsumer#stopProducing(): nameFilter produced 24900 samples
2021-06-04 14:38:21,212 INFO o.a.j.r.p.AbstractSampleConsumer: class org.apache.jmeter.report.processor.FilterConsumer#stopProducing(): dateRangeFilter produced 4980 samples
2021-06-04 14:38:21,212 INFO o.a.j.r.p.AbstractSampleConsumer: class org.apache.jmeter.report.processor.NormalizerSampleConsumer#stopProducing(): normalizer produced 1660 samples
2021-06-04 14:38:21,212 INFO o.a.j.r.p.CsvFileSampleSource: produce(): 1660 samples produced in 178ms on channel 0
2021-06-04 14:38:21,212 INFO o.a.j.r.d.ReportGenerator: Exporting data using exporter:'json' of className:'org.apache.jmeter.report.dashboard.JsonExporter'
2021-06-04 14:38:21,217 INFO o.a.j.r.d.JsonExporter: Found data for consumer statisticsSummary in context
2021-06-04 14:38:21,217 INFO o.a.j.r.d.JsonExporter: Creating statistics for overall
2021-06-04 14:38:21,217 INFO o.a.j.r.d.JsonExporter: Creating statistics for other transactions
2021-06-04 14:38:21,218 INFO o.a.j.r.d.JsonExporter: Checking output folder
2021-06-04 14:38:21,219 INFO o.a.j.r.d.JsonExporter: Writing statistics JSON to C:\xampp\htdocs\PerformancePostgres\L0_iSource_10_AuctionPublishEvent_2021-06-04_4\statistics.json
2021-06-04 14:38:21,345 INFO o.a.j.r.d.ReportGenerator: Exporting data using exporter:'html' of className:'org.apache.jmeter.report.dashboard.HtmlTemplateExporter'
2021-06-04 14:38:21,348 INFO o.a.j.r.d.HtmlTemplateExporter: Will generate dashboard in folder: C:\xampp\htdocs\PerformancePostgres\L0_iSource_10_AuctionPublishEvent_2021-06-04_4
2021-06-04 14:38:21,691 INFO o.a.j.r.d.HtmlTemplateExporter: Report will be generated in: C:\xampp\htdocs\PerformancePostgres\L0_iSource_10_AuctionPublishEvent_2021-06-04_4, creating folder structure
2021-06-04 14:38:21,695 INFO o.a.j.r.d.TemplateVisitor: Copying folder from 'D:\apache-jmeter-5.1\apache-jmeter-5.1\bin\report-template' to 'C:\xampp\htdocs\PerformancePostgres\L0_iSource_10_AuctionPublishEvent_2021-06-04_4', got message:[C:\xampp\htdocs\PerformancePostgres\L0_iSource_10_AuctionPublishEvent_2021-06-04_4\statistics.json], found non empty folder with following content {}, will be ignored
2021-06-04 14:38:22,478 INFO o.a.j.JMeter: Dashboard generated
