2021-07-16 11:58:55,117 INFO o.a.j.u.JMeterUtils: Setting Locale to en_EN
2021-07-16 11:58:55,128 INFO o.a.j.JMeter: Loading user properties from: user.properties
2021-07-16 11:58:55,128 INFO o.a.j.JMeter: Loading system properties from: system.properties
2021-07-16 11:58:55,129 INFO o.a.j.JMeter: Setting JMeter property: meter.reportgenerator.report_title=RaceConditionAuction
2021-07-16 11:58:55,129 INFO o.a.j.JMeter: Setting JMeter property: thread=50
2021-07-16 11:58:55,129 INFO o.a.j.JMeter: Setting JMeter property: rampup=900
2021-07-16 11:58:55,132 INFO o.a.j.JMeter: Copyright (c) 1998-2019 The Apache Software Foundation
2021-07-16 11:58:55,138 INFO o.a.j.JMeter: Version 5.1 r1853635
2021-07-16 11:58:55,138 INFO o.a.j.JMeter: java.version=1.8.0_121
2021-07-16 11:58:55,138 INFO o.a.j.JMeter: java.vm.name=Java HotSpot(TM) 64-Bit Server VM
2021-07-16 11:58:55,138 INFO o.a.j.JMeter: os.name=Windows 10
2021-07-16 11:58:55,138 INFO o.a.j.JMeter: os.arch=amd64
2021-07-16 11:58:55,138 INFO o.a.j.JMeter: os.version=10.0
2021-07-16 11:58:55,138 INFO o.a.j.JMeter: file.encoding=Cp1252
2021-07-16 11:58:55,138 INFO o.a.j.JMeter: java.awt.headless=true
2021-07-16 11:58:55,138 INFO o.a.j.JMeter: Max memory     =8589934592
2021-07-16 11:58:55,138 INFO o.a.j.JMeter: Available Processors =6
2021-07-16 11:58:55,141 INFO o.a.j.JMeter: Default Locale=English (EN)
2021-07-16 11:58:55,141 INFO o.a.j.JMeter: JMeter  Locale=English (EN)
2021-07-16 11:58:55,141 INFO o.a.j.JMeter: JMeterHome=D:\apache-jmeter-5.1\apache-jmeter-5.1
2021-07-16 11:58:55,141 INFO o.a.j.JMeter: user.dir  =D:\apache-jmeter-5.1\apache-jmeter-5.1\bin
2021-07-16 11:58:55,142 INFO o.a.j.JMeter: PWD       =D:\apache-jmeter-5.1\apache-jmeter-5.1\bin
2021-07-16 11:58:55,143 INFO o.a.j.JMeter: IP: 172.30.225.123 Name: ZIPLSY2278 FullName: ZIPLSY2278.zycus.net
2021-07-16 11:58:55,145 INFO o.a.j.JMeter: Setting property 'jmeter.reportgenerator.outputdir' to:'C:\xampp\htdocs\PerformancePostgres\L0_iSource_50_RaceConditionAuction_2021-07-16_35'
2021-07-16 11:58:55,147 INFO o.a.j.s.FileServer: Default base='D:\apache-jmeter-5.1\apache-jmeter-5.1\bin'
2021-07-16 11:58:55,149 INFO o.a.j.s.FileServer: Set new base='D:\PostrgresMigration\iSource'
2021-07-16 11:58:55,244 INFO o.a.j.s.SaveService: Testplan (JMX) version: 2.2. Testlog (JTL) version: 2.2
2021-07-16 11:58:55,253 INFO o.a.j.s.SaveService: Using SaveService properties file encoding UTF-8
2021-07-16 11:58:55,257 INFO o.a.j.s.SaveService: Using SaveService properties version 5.0
2021-07-16 11:58:55,262 INFO o.a.j.s.SaveService: Loading file: D:\PostrgresMigration\iSource\iSource_RaceConditionAuction.jmx
2021-07-16 11:58:55,323 INFO o.a.j.p.h.c.CookieManager: Settings: Delete null: true Check: true Allow variable: true Save: false Prefix: COOKIE_
2021-07-16 11:58:55,329 INFO o.a.j.p.h.c.CacheManager: Will only cache the following methods: [GET]
2021-07-16 11:58:55,337 INFO o.a.j.p.h.s.HTTPSamplerBase: Parser for text/html is org.apache.jmeter.protocol.http.parser.LagartoBasedHtmlParser
2021-07-16 11:58:55,337 INFO o.a.j.p.h.s.HTTPSamplerBase: Parser for application/xhtml+xml is org.apache.jmeter.protocol.http.parser.LagartoBasedHtmlParser
2021-07-16 11:58:55,337 INFO o.a.j.p.h.s.HTTPSamplerBase: Parser for application/xml is org.apache.jmeter.protocol.http.parser.LagartoBasedHtmlParser
2021-07-16 11:58:55,337 INFO o.a.j.p.h.s.HTTPSamplerBase: Parser for text/xml is org.apache.jmeter.protocol.http.parser.LagartoBasedHtmlParser
2021-07-16 11:58:55,337 INFO o.a.j.p.h.s.HTTPSamplerBase: Parser for text/vnd.wap.wml is org.apache.jmeter.protocol.http.parser.RegexpHTMLParser
2021-07-16 11:58:55,337 INFO o.a.j.p.h.s.HTTPSamplerBase: Parser for text/css is org.apache.jmeter.protocol.http.parser.CssParser
2021-07-16 11:58:55,525 INFO o.a.j.JMeter: Creating summariser <summary>
2021-07-16 11:58:55,530 INFO o.a.j.r.d.ReportGenerator: ReportGenerator will use for Parsing the separator: ','
2021-07-16 11:58:55,530 INFO o.a.j.r.d.ReportGenerator: Will generate report at end of test from  results file: D:\PostrgresMigration\iSource\JTL\L0_iSource_50_RaceConditionAuction_2021-07-16_35.jtl
2021-07-16 11:58:55,530 INFO o.a.j.r.d.ReportGenerator: Reading report generator properties from: D:\apache-jmeter-5.1\apache-jmeter-5.1\bin\reportgenerator.properties
2021-07-16 11:58:55,531 INFO o.a.j.r.d.ReportGenerator: Merging with JMeter properties
2021-07-16 11:58:55,535 INFO o.a.j.r.c.ReportGeneratorConfiguration: Property 'jmeter.reportgenerator.temp_dir' not found, using default value 'temp' instead.
2021-07-16 11:58:55,537 INFO o.a.j.r.c.ReportGeneratorConfiguration: Property 'jmeter.reportgenerator.apdex_per_transaction' not found, using default value 'null' instead.
2021-07-16 11:58:55,537 INFO o.a.j.r.c.ReportGeneratorConfiguration: apdex_per_transaction : {} is empty, not APDEX per transaction customization
2021-07-16 11:58:55,537 INFO o.a.j.r.c.ReportGeneratorConfiguration: Property 'jmeter.reportgenerator.sample_filter' not found, using default value 'null' instead.
2021-07-16 11:58:55,537 INFO o.a.j.r.c.ReportGeneratorConfiguration: Property 'jmeter.reportgenerator.report_title' not found, using default value 'null' instead.
2021-07-16 11:58:55,537 INFO o.a.j.r.c.ReportGeneratorConfiguration: Property 'jmeter.reportgenerator.start_date' not found, using default value 'null' instead.
2021-07-16 11:58:55,537 INFO o.a.j.r.c.ReportGeneratorConfiguration: Property 'jmeter.reportgenerator.end_date' not found, using default value 'null' instead.
2021-07-16 11:58:55,537 INFO o.a.j.r.c.ReportGeneratorConfiguration: Property 'jmeter.reportgenerator.date_format' not found, using default value 'null' instead.
2021-07-16 11:58:55,538 INFO o.a.j.r.c.ReportGeneratorConfiguration: Will use date range start date: null, end date: null
2021-07-16 11:58:55,542 INFO o.a.j.r.c.ReportGeneratorConfiguration: Property 'jmeter.reportgenerator.graph.totalTPS.exclude_controllers' not found, using default value 'false' instead.
2021-07-16 11:58:55,542 INFO o.a.j.r.c.ReportGeneratorConfiguration: Property 'jmeter.reportgenerator.graph.activeThreadsOverTime.exclude_controllers' not found, using default value 'false' instead.
2021-07-16 11:58:55,542 INFO o.a.j.r.c.ReportGeneratorConfiguration: Property 'jmeter.reportgenerator.graph.timeVsThreads.exclude_controllers' not found, using default value 'false' instead.
2021-07-16 11:58:55,542 INFO o.a.j.r.c.ReportGeneratorConfiguration: Property 'jmeter.reportgenerator.graph.responseTimeDistribution.exclude_controllers' not found, using default value 'false' instead.
2021-07-16 11:58:55,542 INFO o.a.j.r.c.ReportGeneratorConfiguration: Property 'jmeter.reportgenerator.graph.transactionsPerSecond.exclude_controllers' not found, using default value 'false' instead.
2021-07-16 11:58:55,542 INFO o.a.j.r.c.ReportGeneratorConfiguration: Property 'jmeter.reportgenerator.graph.responseTimePercentiles.exclude_controllers' not found, using default value 'false' instead.
2021-07-16 11:58:55,542 INFO o.a.j.r.c.ReportGeneratorConfiguration: Property 'jmeter.reportgenerator.graph.responseTimePercentilesOverTime.exclude_controllers' not found, using default value 'false' instead.
2021-07-16 11:58:55,543 INFO o.a.j.r.c.ReportGeneratorConfiguration: Property 'jmeter.reportgenerator.graph.responseTimesOverTime.exclude_controllers' not found, using default value 'false' instead.
2021-07-16 11:58:55,543 INFO o.a.j.r.c.ReportGeneratorConfiguration: Property 'jmeter.reportgenerator.graph.connectTimeOverTime.exclude_controllers' not found, using default value 'false' instead.
2021-07-16 11:58:55,543 INFO o.a.j.r.c.ReportGeneratorConfiguration: Property 'jmeter.reportgenerator.graph.latenciesOverTime.exclude_controllers' not found, using default value 'false' instead.
2021-07-16 11:58:55,544 INFO o.a.j.r.c.ReportGeneratorConfiguration: Property 'jmeter.reportgenerator.exporter.json.filters_only_sample_series' not found, using default value 'true' instead.
2021-07-16 11:58:55,544 INFO o.a.j.r.c.ReportGeneratorConfiguration: Property 'jmeter.reportgenerator.exporter.json.series_filter' not found, using default value '' instead.
2021-07-16 11:58:55,544 INFO o.a.j.r.c.ReportGeneratorConfiguration: Property 'jmeter.reportgenerator.exporter.json.show_controllers_only' not found, using default value 'false' instead.
2021-07-16 11:58:55,544 INFO o.a.j.r.c.ReportGeneratorConfiguration: Property 'jmeter.reportgenerator.exporter.html.filters_only_sample_series' not found, using default value 'true' instead.
2021-07-16 11:58:55,544 INFO o.a.j.r.c.ReportGeneratorConfiguration: Property 'jmeter.reportgenerator.exporter.html.series_filter' not found, using default value '' instead.
2021-07-16 11:58:55,544 INFO o.a.j.r.c.ReportGeneratorConfiguration: Property 'jmeter.reportgenerator.exporter.html.show_controllers_only' not found, using default value 'false' instead.
2021-07-16 11:58:55,548 INFO o.a.j.e.StandardJMeterEngine: Running the test!
2021-07-16 11:58:55,548 INFO o.a.j.s.SampleEvent: List of sample_variables: []
2021-07-16 11:58:55,548 INFO o.a.j.s.SampleEvent: List of sample_variables: []
2021-07-16 11:58:55,553 INFO o.a.j.e.u.CompoundVariable: Note: Function class names must contain the string: '.functions.'
2021-07-16 11:58:55,553 INFO o.a.j.e.u.CompoundVariable: Note: Function class names must not contain the string: '.gui.'
2021-07-16 11:58:55,995 INFO o.a.j.JMeter: Running test (1626416935995)
2021-07-16 11:58:56,067 INFO o.a.j.e.StandardJMeterEngine: Starting ThreadGroup: 1 : iSource_RaceConditionAuction
2021-07-16 11:58:56,068 INFO o.a.j.e.StandardJMeterEngine: Starting 50 threads for group iSource_RaceConditionAuction.
2021-07-16 11:58:56,068 INFO o.a.j.e.StandardJMeterEngine: Thread will stop on error
2021-07-16 11:58:56,068 INFO o.a.j.t.ThreadGroup: Starting thread group... number=1 threads=50 ramp-up=900 perThread=18000.0 delayedStart=false
2021-07-16 11:58:56,101 INFO o.a.j.s.SampleResult: Note: Sample TimeStamps are START times
2021-07-16 11:58:56,101 INFO o.a.j.s.SampleResult: sampleresult.default.encoding is set to ISO-8859-1
2021-07-16 11:58:56,101 INFO o.a.j.s.SampleResult: sampleresult.useNanoTime=true
2021-07-16 11:58:56,101 INFO o.a.j.s.SampleResult: sampleresult.nanoThreadSleep=5000
2021-07-16 11:58:56,109 INFO o.a.j.t.JMeterThread: Thread started: iSource_RaceConditionAuction 1-1
2021-07-16 11:58:56,129 INFO o.a.j.p.h.s.HTTPHCAbstractImpl: Local host = ZIPLSY2278
2021-07-16 11:58:56,135 INFO o.a.j.p.h.s.HTTPHC4Impl: HTTP request retry count = 0
2021-07-16 11:58:56,240 INFO o.a.j.p.h.s.h.LazyLayeredConnectionSocketFactory: Setting up HTTPS TrustAll Socket Factory
2021-07-16 11:58:56,255 INFO o.a.j.u.JsseSSLManager: Using default SSL protocol: TLS
2021-07-16 11:58:56,255 INFO o.a.j.u.JsseSSLManager: SSL session context: per-thread
2021-07-16 11:58:56,885 INFO o.a.j.u.SSLManager: JmeterKeyStore Location:  type JKS
2021-07-16 11:58:56,888 INFO o.a.j.u.SSLManager: KeyStore created OK
2021-07-16 11:58:56,888 WARN o.a.j.u.SSLManager: Keystore file not found, loading empty keystore
2021-07-16 11:58:57,477 INFO o.a.j.t.ThreadGroup: Started thread group number 1
2021-07-16 11:58:57,477 INFO o.a.j.e.StandardJMeterEngine: All thread groups have been started
2021-07-16 11:59:00,210 INFO o.a.j.r.Summariser: summary +      9 in 00:00:04 =    2.1/s Avg:   444 Min:    19 Max:  1508 Err:     0 (0.00%) Active: 1 Started: 1 Finished: 0
2021-07-16 11:59:14,156 INFO o.a.j.t.JMeterThread: Thread started: iSource_RaceConditionAuction 1-2
2021-07-16 11:59:32,195 INFO o.a.j.t.JMeterThread: Thread started: iSource_RaceConditionAuction 1-3
2021-07-16 11:59:32,473 INFO o.a.j.r.Summariser: summary +     41 in 00:00:32 =    1.3/s Avg:   848 Min:    13 Max: 19327 Err:     0 (0.00%) Active: 3 Started: 3 Finished: 0
2021-07-16 11:59:32,473 INFO o.a.j.r.Summariser: summary =     50 in 00:00:36 =    1.4/s Avg:   775 Min:    13 Max: 19327 Err:     0 (0.00%)
2021-07-16 11:59:50,254 INFO o.a.j.t.JMeterThread: Thread started: iSource_RaceConditionAuction 1-4
2021-07-16 12:00:00,756 INFO o.a.j.r.Summariser: summary +     71 in 00:00:28 =    2.5/s Avg:  1172 Min:    18 Max: 19209 Err:     0 (0.00%) Active: 4 Started: 4 Finished: 0
2021-07-16 12:00:00,756 INFO o.a.j.r.Summariser: summary =    121 in 00:01:05 =    1.9/s Avg:  1008 Min:    13 Max: 19327 Err:     0 (0.00%)
2021-07-16 12:00:08,280 INFO o.a.j.t.JMeterThread: Thread started: iSource_RaceConditionAuction 1-5
2021-07-16 12:00:26,320 INFO o.a.j.t.JMeterThread: Thread started: iSource_RaceConditionAuction 1-6
2021-07-16 12:00:30,072 INFO o.a.j.r.Summariser: summary +     94 in 00:00:29 =    3.2/s Avg:   978 Min:    16 Max: 21721 Err:     0 (0.00%) Active: 6 Started: 6 Finished: 0
2021-07-16 12:00:30,073 INFO o.a.j.r.Summariser: summary =    215 in 00:01:34 =    2.3/s Avg:   995 Min:    13 Max: 21721 Err:     0 (0.00%)
2021-07-16 12:00:44,345 INFO o.a.j.t.JMeterThread: Thread started: iSource_RaceConditionAuction 1-7
2021-07-16 12:01:00,017 INFO o.a.j.r.Summariser: summary +    144 in 00:00:30 =    4.8/s Avg:  1073 Min:    13 Max: 18975 Err:     0 (0.00%) Active: 7 Started: 7 Finished: 0
2021-07-16 12:01:00,018 INFO o.a.j.r.Summariser: summary =    359 in 00:02:04 =    2.9/s Avg:  1026 Min:    13 Max: 21721 Err:     0 (0.00%)
2021-07-16 12:01:02,427 INFO o.a.j.t.JMeterThread: Thread started: iSource_RaceConditionAuction 1-8
2021-07-16 12:01:20,468 INFO o.a.j.t.JMeterThread: Thread started: iSource_RaceConditionAuction 1-9
2021-07-16 12:01:30,131 INFO o.a.j.r.Summariser: summary +    186 in 00:00:30 =    6.2/s Avg:  1039 Min:    16 Max: 18740 Err:     0 (0.00%) Active: 9 Started: 9 Finished: 0
2021-07-16 12:01:30,131 INFO o.a.j.r.Summariser: summary =    545 in 00:02:34 =    3.5/s Avg:  1031 Min:    13 Max: 21721 Err:     0 (0.00%)
2021-07-16 12:01:38,504 INFO o.a.j.t.JMeterThread: Thread started: iSource_RaceConditionAuction 1-10
2021-07-16 12:01:51,355 INFO o.a.j.u.BeanShellTestElement: Loadtest102@zycus.com,PostFix RaceCondition_3180,1310639353,1626418135924,1626418735923
2021-07-16 12:01:54,387 INFO o.a.j.t.JMeterThread: Thread is done: iSource_RaceConditionAuction 1-1
2021-07-16 12:01:54,387 INFO o.a.j.t.JMeterThread: Thread finished: iSource_RaceConditionAuction 1-1
2021-07-16 12:01:56,532 INFO o.a.j.t.JMeterThread: Thread started: iSource_RaceConditionAuction 1-11
2021-07-16 12:02:00,076 INFO o.a.j.r.Summariser: summary +    220 in 00:00:30 =    7.3/s Avg:   959 Min:    14 Max: 19558 Err:     0 (0.00%) Active: 10 Started: 11 Finished: 1
2021-07-16 12:02:00,076 INFO o.a.j.r.Summariser: summary =    765 in 00:03:04 =    4.2/s Avg:  1010 Min:    13 Max: 21721 Err:     0 (0.00%)
2021-07-16 12:02:14,269 INFO o.a.j.u.BeanShellTestElement: Loadtest102@zycus.com,PostFix RaceCondition_66,1310639553,1626418135924,1626418735923
2021-07-16 12:02:14,556 INFO o.a.j.t.JMeterThread: Thread started: iSource_RaceConditionAuction 1-12
2021-07-16 12:02:17,295 INFO o.a.j.t.JMeterThread: Thread is done: iSource_RaceConditionAuction 1-2
2021-07-16 12:02:17,295 INFO o.a.j.t.JMeterThread: Thread finished: iSource_RaceConditionAuction 1-2
2021-07-16 12:02:29,661 INFO o.a.j.u.BeanShellTestElement: Loadtest102@zycus.com,PostFix RaceCondition_655,1310639753,1626418135924,1626418735923
2021-07-16 12:02:30,435 INFO o.a.j.r.Summariser: summary +    205 in 00:00:30 =    6.8/s Avg:  1151 Min:    17 Max: 19896 Err:     0 (0.00%) Active: 10 Started: 12 Finished: 2
2021-07-16 12:02:30,436 INFO o.a.j.r.Summariser: summary =    970 in 00:03:34 =    4.5/s Avg:  1040 Min:    13 Max: 21721 Err:     0 (0.00%)
2021-07-16 12:02:32,581 INFO o.a.j.t.JMeterThread: Thread started: iSource_RaceConditionAuction 1-13
2021-07-16 12:02:32,667 INFO o.a.j.t.JMeterThread: Thread is done: iSource_RaceConditionAuction 1-3
2021-07-16 12:02:32,667 INFO o.a.j.t.JMeterThread: Thread finished: iSource_RaceConditionAuction 1-3
2021-07-16 12:02:48,206 INFO o.a.j.u.BeanShellTestElement: Loadtest102@zycus.com,PostFix RaceCondition_1508,1310639354,1626418135924,1626418735923
2021-07-16 12:02:50,617 INFO o.a.j.t.JMeterThread: Thread started: iSource_RaceConditionAuction 1-14
2021-07-16 12:02:51,230 INFO o.a.j.t.JMeterThread: Thread is done: iSource_RaceConditionAuction 1-4
2021-07-16 12:02:51,230 INFO o.a.j.t.JMeterThread: Thread finished: iSource_RaceConditionAuction 1-4
2021-07-16 12:03:00,040 INFO o.a.j.r.Summariser: summary +    229 in 00:00:30 =    7.7/s Avg:   942 Min:    13 Max: 20185 Err:     0 (0.00%) Active: 10 Started: 14 Finished: 4
2021-07-16 12:03:00,040 INFO o.a.j.r.Summariser: summary =   1199 in 00:04:04 =    4.9/s Avg:  1021 Min:    13 Max: 21721 Err:     0 (0.00%)
2021-07-16 12:03:05,157 INFO o.a.j.u.BeanShellTestElement: Loadtest102@zycus.com,PostFix RaceCondition_4830,1310635556,1626418135924,1626418735923
2021-07-16 12:03:08,254 INFO o.a.j.t.JMeterThread: Thread is done: iSource_RaceConditionAuction 1-5
2021-07-16 12:03:08,254 INFO o.a.j.t.JMeterThread: Thread finished: iSource_RaceConditionAuction 1-5
2021-07-16 12:03:08,656 INFO o.a.j.t.JMeterThread: Thread started: iSource_RaceConditionAuction 1-15
2021-07-16 12:03:23,703 INFO o.a.j.u.BeanShellTestElement: Loadtest102@zycus.com,PostFix RaceCondition_1574,1310639754,1626418135924,1626418735923
2021-07-16 12:03:26,682 INFO o.a.j.t.JMeterThread: Thread started: iSource_RaceConditionAuction 1-16
2021-07-16 12:03:26,773 INFO o.a.j.t.JMeterThread: Thread is done: iSource_RaceConditionAuction 1-6
2021-07-16 12:03:26,773 INFO o.a.j.t.JMeterThread: Thread finished: iSource_RaceConditionAuction 1-6
2021-07-16 12:03:30,020 INFO o.a.j.r.Summariser: summary +    222 in 00:00:30 =    7.4/s Avg:  1061 Min:    16 Max: 20306 Err:     0 (0.00%) Active: 10 Started: 16 Finished: 6
2021-07-16 12:03:30,021 INFO o.a.j.r.Summariser: summary =   1421 in 00:04:34 =    5.2/s Avg:  1027 Min:    13 Max: 21721 Err:     0 (0.00%)
2021-07-16 12:03:40,675 INFO o.a.j.u.BeanShellTestElement: Loadtest102@zycus.com,PostFix RaceCondition_4086,1310639953,1626418135924,1626418735923
2021-07-16 12:03:43,776 INFO o.a.j.t.JMeterThread: Thread is done: iSource_RaceConditionAuction 1-7
2021-07-16 12:03:43,776 INFO o.a.j.t.JMeterThread: Thread finished: iSource_RaceConditionAuction 1-7
2021-07-16 12:03:44,711 INFO o.a.j.t.JMeterThread: Thread started: iSource_RaceConditionAuction 1-17
2021-07-16 12:03:55,681 INFO o.a.j.u.BeanShellTestElement: Loadtest102@zycus.com,PostFix RaceCondition_432,1310638556,1626418135924,1626418735923
2021-07-16 12:03:58,692 INFO o.a.j.t.JMeterThread: Thread is done: iSource_RaceConditionAuction 1-8
2021-07-16 12:03:58,692 INFO o.a.j.t.JMeterThread: Thread finished: iSource_RaceConditionAuction 1-8
2021-07-16 12:04:00,117 INFO o.a.j.r.Summariser: summary +    219 in 00:00:30 =    7.3/s Avg:  1014 Min:    14 Max: 18643 Err:     0 (0.00%) Active: 9 Started: 17 Finished: 8
2021-07-16 12:04:00,117 INFO o.a.j.r.Summariser: summary =   1640 in 00:05:04 =    5.4/s Avg:  1026 Min:    13 Max: 21721 Err:     0 (0.00%)
2021-07-16 12:04:02,735 INFO o.a.j.t.JMeterThread: Thread started: iSource_RaceConditionAuction 1-18
2021-07-16 12:04:14,611 INFO o.a.j.u.BeanShellTestElement: Loadtest102@zycus.com,PostFix RaceCondition_4664,1310640153,1626418135924,1626418735923
2021-07-16 12:04:17,705 INFO o.a.j.t.JMeterThread: Thread is done: iSource_RaceConditionAuction 1-9
2021-07-16 12:04:17,705 INFO o.a.j.t.JMeterThread: Thread finished: iSource_RaceConditionAuction 1-9
2021-07-16 12:04:20,761 INFO o.a.j.t.JMeterThread: Thread started: iSource_RaceConditionAuction 1-19
2021-07-16 12:04:30,291 INFO o.a.j.r.Summariser: summary +    236 in 00:00:30 =    7.8/s Avg:   924 Min:    16 Max: 18857 Err:     0 (0.00%) Active: 10 Started: 19 Finished: 9
2021-07-16 12:04:30,292 INFO o.a.j.r.Summariser: summary =   1876 in 00:05:34 =    5.6/s Avg:  1013 Min:    13 Max: 21721 Err:     0 (0.00%)
2021-07-16 12:04:31,039 INFO o.a.j.u.BeanShellTestElement: Loadtest102@zycus.com,PostFix RaceCondition_3559,1310635557,1626418135924,1626418735923
2021-07-16 12:04:34,063 INFO o.a.j.t.JMeterThread: Thread is done: iSource_RaceConditionAuction 1-10
2021-07-16 12:04:34,063 INFO o.a.j.t.JMeterThread: Thread finished: iSource_RaceConditionAuction 1-10
2021-07-16 12:04:38,787 INFO o.a.j.t.JMeterThread: Thread started: iSource_RaceConditionAuction 1-20
2021-07-16 12:04:52,684 INFO o.a.j.u.BeanShellTestElement: Loadtest102@zycus.com,PostFix RaceCondition_1409,1310640353,1626418135924,1626418735923
2021-07-16 12:04:55,737 INFO o.a.j.t.JMeterThread: Thread is done: iSource_RaceConditionAuction 1-11
2021-07-16 12:04:55,737 INFO o.a.j.t.JMeterThread: Thread finished: iSource_RaceConditionAuction 1-11
2021-07-16 12:04:56,811 INFO o.a.j.t.JMeterThread: Thread started: iSource_RaceConditionAuction 1-21
2021-07-16 12:05:00,085 INFO o.a.j.r.Summariser: summary +    209 in 00:00:30 =    7.0/s Avg:  1102 Min:    19 Max: 19272 Err:     0 (0.00%) Active: 10 Started: 21 Finished: 11
2021-07-16 12:05:00,085 INFO o.a.j.r.Summariser: summary =   2085 in 00:06:04 =    5.7/s Avg:  1022 Min:    13 Max: 21721 Err:     0 (0.00%)
2021-07-16 12:05:10,478 INFO o.a.j.u.BeanShellTestElement: Loadtest102@zycus.com,PostFix RaceCondition_2640,1310639954,1626418135924,1626418735923
2021-07-16 12:05:13,557 INFO o.a.j.t.JMeterThread: Thread is done: iSource_RaceConditionAuction 1-12
2021-07-16 12:05:13,557 INFO o.a.j.t.JMeterThread: Thread finished: iSource_RaceConditionAuction 1-12
2021-07-16 12:05:14,836 INFO o.a.j.t.JMeterThread: Thread started: iSource_RaceConditionAuction 1-22
2021-07-16 12:05:28,550 INFO o.a.j.u.BeanShellTestElement: Loadtest102@zycus.com,PostFix RaceCondition_1729,1310639155,1626418135924,1626418735923
2021-07-16 12:05:30,540 INFO o.a.j.r.Summariser: summary +    216 in 00:00:30 =    7.1/s Avg:  1067 Min:    13 Max: 18804 Err:     0 (0.00%) Active: 10 Started: 22 Finished: 12
2021-07-16 12:05:30,540 INFO o.a.j.r.Summariser: summary =   2301 in 00:06:35 =    5.8/s Avg:  1026 Min:    13 Max: 21721 Err:     0 (0.00%)
2021-07-16 12:05:31,565 INFO o.a.j.t.JMeterThread: Thread is done: iSource_RaceConditionAuction 1-13
2021-07-16 12:05:31,565 INFO o.a.j.t.JMeterThread: Thread finished: iSource_RaceConditionAuction 1-13
2021-07-16 12:05:32,861 INFO o.a.j.t.JMeterThread: Thread started: iSource_RaceConditionAuction 1-23
2021-07-16 12:05:48,814 INFO o.a.j.u.BeanShellTestElement: Loadtest102@zycus.com,PostFix RaceCondition_2807,1310640553,1626418135924,1626418735923
2021-07-16 12:05:50,889 INFO o.a.j.t.JMeterThread: Thread started: iSource_RaceConditionAuction 1-24
2021-07-16 12:05:51,922 INFO o.a.j.t.JMeterThread: Thread is done: iSource_RaceConditionAuction 1-14
2021-07-16 12:05:51,926 INFO o.a.j.t.JMeterThread: Thread finished: iSource_RaceConditionAuction 1-14
2021-07-16 12:06:00,162 INFO o.a.j.r.Summariser: summary +    218 in 00:00:30 =    7.4/s Avg:  1095 Min:    15 Max: 20238 Err:     0 (0.00%) Active: 10 Started: 24 Finished: 14
2021-07-16 12:06:00,162 INFO o.a.j.r.Summariser: summary =   2519 in 00:07:04 =    5.9/s Avg:  1032 Min:    13 Max: 21721 Err:     0 (0.00%)
2021-07-16 12:06:04,308 INFO o.a.j.u.BeanShellTestElement: Loadtest102@zycus.com,PostFix RaceCondition_3594,1310640753,1626418135924,1626418735923
2021-07-16 12:06:07,379 INFO o.a.j.t.JMeterThread: Thread is done: iSource_RaceConditionAuction 1-15
2021-07-16 12:06:07,379 INFO o.a.j.t.JMeterThread: Thread finished: iSource_RaceConditionAuction 1-15
2021-07-16 12:06:08,922 INFO o.a.j.t.JMeterThread: Thread started: iSource_RaceConditionAuction 1-25
2021-07-16 12:06:24,692 INFO o.a.j.u.BeanShellTestElement: Loadtest102@zycus.com,PostFix RaceCondition_391,1310640953,1626418135924,1626418735923
2021-07-16 12:06:26,948 INFO o.a.j.t.JMeterThread: Thread started: iSource_RaceConditionAuction 1-26
2021-07-16 12:06:27,747 INFO o.a.j.t.JMeterThread: Thread is done: iSource_RaceConditionAuction 1-16
2021-07-16 12:06:27,747 INFO o.a.j.t.JMeterThread: Thread finished: iSource_RaceConditionAuction 1-16
2021-07-16 12:06:30,088 INFO o.a.j.r.Summariser: summary +    226 in 00:00:30 =    7.6/s Avg:   969 Min:    18 Max: 18767 Err:     0 (0.00%) Active: 10 Started: 26 Finished: 16
2021-07-16 12:06:30,088 INFO o.a.j.r.Summariser: summary =   2745 in 00:07:34 =    6.0/s Avg:  1027 Min:    13 Max: 21721 Err:     0 (0.00%)
2021-07-16 12:06:40,958 INFO o.a.j.u.BeanShellTestElement: Loadtest102@zycus.com,PostFix RaceCondition_71,1310641153,1626418135924,1626418735923
2021-07-16 12:06:43,983 INFO o.a.j.t.JMeterThread: Thread is done: iSource_RaceConditionAuction 1-17
2021-07-16 12:06:43,983 INFO o.a.j.t.JMeterThread: Thread finished: iSource_RaceConditionAuction 1-17
2021-07-16 12:06:44,971 INFO o.a.j.t.JMeterThread: Thread started: iSource_RaceConditionAuction 1-27
2021-07-16 12:07:00,088 INFO o.a.j.r.Summariser: summary +    209 in 00:00:30 =    7.0/s Avg:  1089 Min:    19 Max: 20036 Err:     0 (0.00%) Active: 10 Started: 27 Finished: 17
2021-07-16 12:07:00,089 INFO o.a.j.r.Summariser: summary =   2954 in 00:08:04 =    6.1/s Avg:  1031 Min:    13 Max: 21721 Err:     0 (0.00%)
2021-07-16 12:07:02,998 INFO o.a.j.t.JMeterThread: Thread started: iSource_RaceConditionAuction 1-28
2021-07-16 12:07:05,045 INFO o.a.j.u.BeanShellTestElement: Loadtest102@zycus.com,PostFix RaceCondition_4565,1310639355,1626418135924,1626418735923
2021-07-16 12:07:08,110 INFO o.a.j.t.JMeterThread: Thread is done: iSource_RaceConditionAuction 1-18
2021-07-16 12:07:08,110 INFO o.a.j.t.JMeterThread: Thread finished: iSource_RaceConditionAuction 1-18
2021-07-16 12:07:16,118 INFO o.a.j.u.BeanShellTestElement: Loadtest102@zycus.com,PostFix RaceCondition_1664,1310641353,1626418135924,1626418735923
2021-07-16 12:07:19,139 INFO o.a.j.t.JMeterThread: Thread is done: iSource_RaceConditionAuction 1-19
2021-07-16 12:07:19,139 INFO o.a.j.t.JMeterThread: Thread finished: iSource_RaceConditionAuction 1-19
2021-07-16 12:07:21,021 INFO o.a.j.t.JMeterThread: Thread started: iSource_RaceConditionAuction 1-29
2021-07-16 12:07:30,015 INFO o.a.j.r.Summariser: summary +    227 in 00:00:30 =    7.6/s Avg:   956 Min:    16 Max: 19520 Err:     0 (0.00%) Active: 10 Started: 29 Finished: 19
2021-07-16 12:07:30,015 INFO o.a.j.r.Summariser: summary =   3181 in 00:08:34 =    6.2/s Avg:  1026 Min:    13 Max: 21721 Err:     0 (0.00%)
2021-07-16 12:07:34,243 INFO o.a.j.u.BeanShellTestElement: Loadtest102@zycus.com,PostFix RaceCondition_4470,1310637555,1626418135924,1626418735923
2021-07-16 12:07:37,336 INFO o.a.j.t.JMeterThread: Thread is done: iSource_RaceConditionAuction 1-20
2021-07-16 12:07:37,336 INFO o.a.j.t.JMeterThread: Thread finished: iSource_RaceConditionAuction 1-20
2021-07-16 12:07:39,046 INFO o.a.j.t.JMeterThread: Thread started: iSource_RaceConditionAuction 1-30
2021-07-16 12:07:50,323 INFO o.a.j.u.BeanShellTestElement: Loadtest102@zycus.com,PostFix RaceCondition_4677,1310638557,1626418135924,1626418735923
2021-07-16 12:07:53,406 INFO o.a.j.t.JMeterThread: Thread is done: iSource_RaceConditionAuction 1-21
2021-07-16 12:07:53,406 INFO o.a.j.t.JMeterThread: Thread finished: iSource_RaceConditionAuction 1-21
2021-07-16 12:07:57,092 INFO o.a.j.t.JMeterThread: Thread started: iSource_RaceConditionAuction 1-31
2021-07-16 12:08:00,333 INFO o.a.j.r.Summariser: summary +    218 in 00:00:30 =    7.2/s Avg:  1063 Min:    24 Max: 19108 Err:     0 (0.00%) Active: 10 Started: 31 Finished: 21
2021-07-16 12:08:00,334 INFO o.a.j.r.Summariser: summary =   3399 in 00:09:04 =    6.2/s Avg:  1028 Min:    13 Max: 21721 Err:     0 (0.00%)
2021-07-16 12:08:10,767 INFO o.a.j.u.BeanShellTestElement: Loadtest102@zycus.com,PostFix RaceCondition_1805,1310639156,1626418135924,1626418735923
2021-07-16 12:08:13,836 INFO o.a.j.t.JMeterThread: Thread is done: iSource_RaceConditionAuction 1-22
2021-07-16 12:08:13,836 INFO o.a.j.t.JMeterThread: Thread finished: iSource_RaceConditionAuction 1-22
2021-07-16 12:08:15,112 INFO o.a.j.t.JMeterThread: Thread started: iSource_RaceConditionAuction 1-32
2021-07-16 12:08:27,971 INFO o.a.j.u.BeanShellTestElement: Loadtest102@zycus.com,PostFix RaceCondition_292,1310636957,1626418135924,1626418735923
2021-07-16 12:08:30,213 INFO o.a.j.r.Summariser: summary +    217 in 00:00:30 =    7.3/s Avg:  1038 Min:    16 Max: 19422 Err:     0 (0.00%) Active: 10 Started: 32 Finished: 22
2021-07-16 12:08:30,213 INFO o.a.j.r.Summariser: summary =   3616 in 00:09:34 =    6.3/s Avg:  1029 Min:    13 Max: 21721 Err:     0 (0.00%)
2021-07-16 12:08:31,067 INFO o.a.j.t.JMeterThread: Thread is done: iSource_RaceConditionAuction 1-23
2021-07-16 12:08:31,067 INFO o.a.j.t.JMeterThread: Thread finished: iSource_RaceConditionAuction 1-23
2021-07-16 12:08:33,131 INFO o.a.j.t.JMeterThread: Thread started: iSource_RaceConditionAuction 1-33
2021-07-16 12:08:44,028 INFO o.a.j.u.BeanShellTestElement: Loadtest102@zycus.com,PostFix RaceCondition_4624,1310639755,1626418135924,1626418735923
2021-07-16 12:08:47,048 INFO o.a.j.t.JMeterThread: Thread is done: iSource_RaceConditionAuction 1-24
2021-07-16 12:08:47,048 INFO o.a.j.t.JMeterThread: Thread finished: iSource_RaceConditionAuction 1-24
2021-07-16 12:08:51,155 INFO o.a.j.t.JMeterThread: Thread started: iSource_RaceConditionAuction 1-34
2021-07-16 12:09:00,006 INFO o.a.j.r.Summariser: summary +    220 in 00:00:30 =    7.4/s Avg:  1002 Min:    19 Max: 19132 Err:     0 (0.00%) Active: 10 Started: 34 Finished: 24
2021-07-16 12:09:00,006 INFO o.a.j.r.Summariser: summary =   3836 in 00:10:04 =    6.4/s Avg:  1027 Min:    13 Max: 21721 Err:     0 (0.00%)
2021-07-16 12:09:04,992 INFO o.a.j.u.BeanShellTestElement: Loadtest102@zycus.com,PostFix RaceCondition_3562,1310640954,1626418135924,1626418735923
2021-07-16 12:09:08,015 INFO o.a.j.t.JMeterThread: Thread is done: iSource_RaceConditionAuction 1-25
2021-07-16 12:09:08,015 INFO o.a.j.t.JMeterThread: Thread finished: iSource_RaceConditionAuction 1-25
2021-07-16 12:09:09,170 INFO o.a.j.t.JMeterThread: Thread started: iSource_RaceConditionAuction 1-35
2021-07-16 12:09:19,729 INFO o.a.j.u.BeanShellTestElement: Loadtest102@zycus.com,PostFix RaceCondition_4848,1310640955,1626418135924,1626418735923
2021-07-16 12:09:22,741 INFO o.a.j.t.JMeterThread: Thread is done: iSource_RaceConditionAuction 1-26
2021-07-16 12:09:22,741 INFO o.a.j.t.JMeterThread: Thread finished: iSource_RaceConditionAuction 1-26
2021-07-16 12:09:27,198 INFO o.a.j.t.JMeterThread: Thread started: iSource_RaceConditionAuction 1-36
2021-07-16 12:09:30,089 INFO o.a.j.r.Summariser: summary +    215 in 00:00:30 =    7.1/s Avg:  1065 Min:    30 Max: 19172 Err:     0 (0.00%) Active: 10 Started: 36 Finished: 26
2021-07-16 12:09:30,089 INFO o.a.j.r.Summariser: summary =   4051 in 00:10:34 =    6.4/s Avg:  1029 Min:    13 Max: 21721 Err:     0 (0.00%)
2021-07-16 12:09:39,106 INFO o.a.j.u.BeanShellTestElement: Loadtest102@zycus.com,PostFix RaceCondition_2048,1310641553,1626418135924,1626418735923
2021-07-16 12:09:42,178 INFO o.a.j.t.JMeterThread: Thread is done: iSource_RaceConditionAuction 1-27
2021-07-16 12:09:42,178 INFO o.a.j.t.JMeterThread: Thread finished: iSource_RaceConditionAuction 1-27
2021-07-16 12:09:45,214 INFO o.a.j.t.JMeterThread: Thread started: iSource_RaceConditionAuction 1-37
2021-07-16 12:10:00,189 INFO o.a.j.r.Summariser: summary +    207 in 00:00:30 =    6.9/s Avg:  1117 Min:    19 Max: 19010 Err:     0 (0.00%) Active: 10 Started: 37 Finished: 27
2021-07-16 12:10:00,189 INFO o.a.j.r.Summariser: summary =   4258 in 00:11:04 =    6.4/s Avg:  1034 Min:    13 Max: 21721 Err:     0 (0.00%)
2021-07-16 12:10:03,234 INFO o.a.j.t.JMeterThread: Thread started: iSource_RaceConditionAuction 1-38
2021-07-16 12:10:04,649 INFO o.a.j.u.BeanShellTestElement: Loadtest102@zycus.com,PostFix RaceCondition_594,1310635558,1626418135924,1626418735923
2021-07-16 12:10:07,724 INFO o.a.j.t.JMeterThread: Thread is done: iSource_RaceConditionAuction 1-28
2021-07-16 12:10:07,724 INFO o.a.j.t.JMeterThread: Thread finished: iSource_RaceConditionAuction 1-28
2021-07-16 12:10:21,252 INFO o.a.j.t.JMeterThread: Thread started: iSource_RaceConditionAuction 1-39
2021-07-16 12:10:23,016 INFO o.a.j.u.BeanShellTestElement: Loadtest102@zycus.com,PostFix RaceCondition_3807,1310640554,1626418135924,1626418735923
2021-07-16 12:10:26,088 INFO o.a.j.t.JMeterThread: Thread is done: iSource_RaceConditionAuction 1-29
2021-07-16 12:10:26,088 INFO o.a.j.t.JMeterThread: Thread finished: iSource_RaceConditionAuction 1-29
2021-07-16 12:10:30,096 INFO o.a.j.r.Summariser: summary +    229 in 00:00:30 =    7.7/s Avg:  1010 Min:    32 Max: 20068 Err:     0 (0.00%) Active: 10 Started: 39 Finished: 29
2021-07-16 12:10:30,097 INFO o.a.j.r.Summariser: summary =   4487 in 00:11:34 =    6.5/s Avg:  1032 Min:    13 Max: 21721 Err:     0 (0.00%)
2021-07-16 12:10:36,412 INFO o.a.j.u.BeanShellTestElement: Loadtest102@zycus.com,PostFix RaceCondition_229,1310641753,1626418135924,1626418735923
2021-07-16 12:10:39,273 INFO o.a.j.t.JMeterThread: Thread started: iSource_RaceConditionAuction 1-40
2021-07-16 12:10:39,457 INFO o.a.j.t.JMeterThread: Thread is done: iSource_RaceConditionAuction 1-30
2021-07-16 12:10:39,457 INFO o.a.j.t.JMeterThread: Thread finished: iSource_RaceConditionAuction 1-30
2021-07-16 12:10:53,194 INFO o.a.j.u.BeanShellTestElement: Loadtest102@zycus.com,PostFix RaceCondition_1742,1310639756,1626418135924,1626418735923
2021-07-16 12:10:56,269 INFO o.a.j.t.JMeterThread: Thread is done: iSource_RaceConditionAuction 1-31
2021-07-16 12:10:56,269 INFO o.a.j.t.JMeterThread: Thread finished: iSource_RaceConditionAuction 1-31
2021-07-16 12:10:57,295 INFO o.a.j.t.JMeterThread: Thread started: iSource_RaceConditionAuction 1-41
2021-07-16 12:11:00,143 INFO o.a.j.r.Summariser: summary +    218 in 00:00:30 =    7.3/s Avg:  1039 Min:    28 Max: 19483 Err:     0 (0.00%) Active: 10 Started: 41 Finished: 31
2021-07-16 12:11:00,144 INFO o.a.j.r.Summariser: summary =   4705 in 00:12:04 =    6.5/s Avg:  1033 Min:    13 Max: 21721 Err:     0 (0.00%)
2021-07-16 12:11:15,318 INFO o.a.j.t.JMeterThread: Thread started: iSource_RaceConditionAuction 1-42
2021-07-16 12:11:16,835 INFO o.a.j.u.BeanShellTestElement: Loadtest102@zycus.com,PostFix RaceCondition_2966,1310641354,1626418135924,1626418735923
2021-07-16 12:11:19,892 INFO o.a.j.t.JMeterThread: Thread is done: iSource_RaceConditionAuction 1-32
2021-07-16 12:11:19,892 INFO o.a.j.t.JMeterThread: Thread finished: iSource_RaceConditionAuction 1-32
2021-07-16 12:11:30,326 INFO o.a.j.r.Summariser: summary +    222 in 00:00:30 =    7.4/s Avg:  1089 Min:    33 Max: 20194 Err:     0 (0.00%) Active: 10 Started: 42 Finished: 32
2021-07-16 12:11:30,327 INFO o.a.j.r.Summariser: summary =   4927 in 00:12:34 =    6.5/s Avg:  1035 Min:    13 Max: 21721 Err:     0 (0.00%)
2021-07-16 12:11:33,337 INFO o.a.j.t.JMeterThread: Thread started: iSource_RaceConditionAuction 1-43
2021-07-16 12:11:34,800 INFO o.a.j.u.BeanShellTestElement: Loadtest102@zycus.com,PostFix RaceCondition_4267,1310635559,1626418135924,1626418735923
2021-07-16 12:11:37,826 INFO o.a.j.t.JMeterThread: Thread is done: iSource_RaceConditionAuction 1-33
2021-07-16 12:11:37,826 INFO o.a.j.t.JMeterThread: Thread finished: iSource_RaceConditionAuction 1-33
2021-07-16 12:11:50,221 INFO o.a.j.u.BeanShellTestElement: Loadtest102@zycus.com,PostFix RaceCondition_2471,1310638757,1626418135924,1626418735923
2021-07-16 12:11:51,357 INFO o.a.j.t.JMeterThread: Thread started: iSource_RaceConditionAuction 1-44
2021-07-16 12:11:53,308 INFO o.a.j.t.JMeterThread: Thread is done: iSource_RaceConditionAuction 1-34
2021-07-16 12:11:53,308 INFO o.a.j.t.JMeterThread: Thread finished: iSource_RaceConditionAuction 1-34
2021-07-16 12:12:00,128 INFO o.a.j.r.Summariser: summary +    221 in 00:00:30 =    7.4/s Avg:  1005 Min:    18 Max: 18717 Err:     0 (0.00%) Active: 10 Started: 44 Finished: 34
2021-07-16 12:12:00,128 INFO o.a.j.r.Summariser: summary =   5148 in 00:13:04 =    6.6/s Avg:  1034 Min:    13 Max: 21721 Err:     0 (0.00%)
2021-07-16 12:12:09,378 INFO o.a.j.t.JMeterThread: Thread started: iSource_RaceConditionAuction 1-45
2021-07-16 12:12:11,194 INFO o.a.j.u.BeanShellTestElement: Loadtest102@zycus.com,PostFix RaceCondition_4622,1310641953,1626418135924,1626418735923
2021-07-16 12:12:14,252 INFO o.a.j.t.JMeterThread: Thread is done: iSource_RaceConditionAuction 1-35
2021-07-16 12:12:14,252 INFO o.a.j.t.JMeterThread: Thread finished: iSource_RaceConditionAuction 1-35
2021-07-16 12:12:24,115 INFO o.a.j.u.BeanShellTestElement: Loadtest102@zycus.com,PostFix RaceCondition_1577,1310638558,1626418135924,1626418735923
2021-07-16 12:12:27,174 INFO o.a.j.t.JMeterThread: Thread is done: iSource_RaceConditionAuction 1-36
2021-07-16 12:12:27,174 INFO o.a.j.t.JMeterThread: Thread finished: iSource_RaceConditionAuction 1-36
2021-07-16 12:12:27,400 INFO o.a.j.t.JMeterThread: Thread started: iSource_RaceConditionAuction 1-46
2021-07-16 12:12:30,063 INFO o.a.j.r.Summariser: summary +    212 in 00:00:30 =    7.1/s Avg:  1093 Min:    15 Max: 19301 Err:     0 (0.00%) Active: 10 Started: 46 Finished: 36
2021-07-16 12:12:30,064 INFO o.a.j.r.Summariser: summary =   5360 in 00:13:34 =    6.6/s Avg:  1036 Min:    13 Max: 21721 Err:     0 (0.00%)
2021-07-16 12:12:42,115 INFO o.a.j.u.BeanShellTestElement: Loadtest102@zycus.com,PostFix RaceCondition_2224,1310642153,1626418135924,1626418735923
2021-07-16 12:12:45,150 INFO o.a.j.t.JMeterThread: Thread is done: iSource_RaceConditionAuction 1-37
2021-07-16 12:12:45,150 INFO o.a.j.t.JMeterThread: Thread finished: iSource_RaceConditionAuction 1-37
2021-07-16 12:12:45,422 INFO o.a.j.t.JMeterThread: Thread started: iSource_RaceConditionAuction 1-47
2021-07-16 12:13:00,130 INFO o.a.j.r.Summariser: summary +    213 in 00:00:30 =    7.1/s Avg:  1055 Min:    19 Max: 18791 Err:     0 (0.00%) Active: 10 Started: 47 Finished: 37
2021-07-16 12:13:00,130 INFO o.a.j.r.Summariser: summary =   5573 in 00:14:04 =    6.6/s Avg:  1037 Min:    13 Max: 21721 Err:     0 (0.00%)
2021-07-16 12:13:03,440 INFO o.a.j.t.JMeterThread: Thread started: iSource_RaceConditionAuction 1-48
2021-07-16 12:13:03,877 INFO o.a.j.u.BeanShellTestElement: Loadtest102@zycus.com,PostFix RaceCondition_4918,1310642353,1626418135924,1626418735923
2021-07-16 12:13:06,962 INFO o.a.j.t.JMeterThread: Thread is done: iSource_RaceConditionAuction 1-38
2021-07-16 12:13:06,962 INFO o.a.j.t.JMeterThread: Thread finished: iSource_RaceConditionAuction 1-38
2021-07-16 12:13:21,460 INFO o.a.j.t.JMeterThread: Thread started: iSource_RaceConditionAuction 1-49
2021-07-16 12:13:25,965 INFO o.a.j.u.BeanShellTestElement: Loadtest102@zycus.com,PostFix RaceCondition_1531,1310635560,1626418135924,1626418735923
2021-07-16 12:13:29,039 INFO o.a.j.t.JMeterThread: Thread is done: iSource_RaceConditionAuction 1-39
2021-07-16 12:13:29,039 INFO o.a.j.t.JMeterThread: Thread finished: iSource_RaceConditionAuction 1-39
2021-07-16 12:13:30,092 INFO o.a.j.r.Summariser: summary +    218 in 00:00:30 =    7.3/s Avg:  1168 Min:    18 Max: 19128 Err:     0 (0.00%) Active: 10 Started: 49 Finished: 39
2021-07-16 12:13:30,093 INFO o.a.j.r.Summariser: summary =   5791 in 00:14:34 =    6.6/s Avg:  1042 Min:    13 Max: 21721 Err:     0 (0.00%)
2021-07-16 12:13:39,181 INFO o.a.j.u.BeanShellTestElement: Loadtest102@zycus.com,PostFix RaceCondition_981,1310638559,1626418135924,1626418735923
2021-07-16 12:13:39,479 INFO o.a.j.t.JMeterThread: Thread started: iSource_RaceConditionAuction 1-50
2021-07-16 12:13:42,186 INFO o.a.j.t.JMeterThread: Thread is done: iSource_RaceConditionAuction 1-40
2021-07-16 12:13:42,186 INFO o.a.j.t.JMeterThread: Thread finished: iSource_RaceConditionAuction 1-40
2021-07-16 12:14:00,023 INFO o.a.j.r.Summariser: summary +    194 in 00:00:30 =    6.5/s Avg:  1228 Min:   149 Max: 19396 Err:     0 (0.00%) Active: 10 Started: 50 Finished: 40
2021-07-16 12:14:00,023 INFO o.a.j.r.Summariser: summary =   5985 in 00:15:04 =    6.6/s Avg:  1048 Min:    13 Max: 21721 Err:     0 (0.00%)
2021-07-16 12:14:05,618 INFO o.a.j.u.BeanShellTestElement: Loadtest102@zycus.com,PostFix RaceCondition_4103,1310641154,1626418135924,1626418735923
2021-07-16 12:14:08,681 INFO o.a.j.t.JMeterThread: Thread is done: iSource_RaceConditionAuction 1-41
2021-07-16 12:14:08,681 INFO o.a.j.t.JMeterThread: Thread finished: iSource_RaceConditionAuction 1-41
2021-07-16 12:14:18,499 INFO o.a.j.u.BeanShellTestElement: Loadtest102@zycus.com,PostFix RaceCondition_4261,1310639157,1626418135924,1626418735923
2021-07-16 12:14:21,513 INFO o.a.j.t.JMeterThread: Thread is done: iSource_RaceConditionAuction 1-42
2021-07-16 12:14:21,514 INFO o.a.j.t.JMeterThread: Thread finished: iSource_RaceConditionAuction 1-42
2021-07-16 12:14:30,068 INFO o.a.j.r.Summariser: summary +    177 in 00:00:30 =    5.9/s Avg:  1208 Min:   290 Max: 20232 Err:     0 (0.00%) Active: 8 Started: 50 Finished: 42
2021-07-16 12:14:30,069 INFO o.a.j.r.Summariser: summary =   6162 in 00:15:34 =    6.6/s Avg:  1053 Min:    13 Max: 21721 Err:     0 (0.00%)
2021-07-16 12:14:39,504 INFO o.a.j.u.BeanShellTestElement: Loadtest102@zycus.com,PostFix RaceCondition_2655,1310642354,1626418135924,1626418735923
2021-07-16 12:14:42,603 INFO o.a.j.t.JMeterThread: Thread is done: iSource_RaceConditionAuction 1-43
2021-07-16 12:14:42,603 INFO o.a.j.t.JMeterThread: Thread finished: iSource_RaceConditionAuction 1-43
2021-07-16 12:14:58,193 INFO o.a.j.u.BeanShellTestElement: Loadtest102@zycus.com,PostFix RaceCondition_3423,1310642553,1626418135924,1626418735923
2021-07-16 12:15:00,282 INFO o.a.j.r.Summariser: summary +    162 in 00:00:30 =    5.4/s Avg:  1033 Min:   269 Max:  4680 Err:     0 (0.00%) Active: 7 Started: 50 Finished: 43
2021-07-16 12:15:00,282 INFO o.a.j.r.Summariser: summary =   6324 in 00:16:04 =    6.6/s Avg:  1052 Min:    13 Max: 21721 Err:     0 (0.00%)
2021-07-16 12:15:01,265 INFO o.a.j.t.JMeterThread: Thread is done: iSource_RaceConditionAuction 1-44
2021-07-16 12:15:01,265 INFO o.a.j.t.JMeterThread: Thread finished: iSource_RaceConditionAuction 1-44
2021-07-16 12:15:12,102 INFO o.a.j.u.BeanShellTestElement: Loadtest102@zycus.com,PostFix RaceCondition_2822,1310638560,1626418135924,1626418735923
2021-07-16 12:15:15,169 INFO o.a.j.t.JMeterThread: Thread is done: iSource_RaceConditionAuction 1-45
2021-07-16 12:15:15,169 INFO o.a.j.t.JMeterThread: Thread finished: iSource_RaceConditionAuction 1-45
2021-07-16 12:15:30,031 INFO o.a.j.r.Summariser: summary +    121 in 00:00:30 =    4.1/s Avg:  1083 Min:   274 Max:  4438 Err:     0 (0.00%) Active: 5 Started: 50 Finished: 45
2021-07-16 12:15:30,032 INFO o.a.j.r.Summariser: summary =   6445 in 00:16:34 =    6.5/s Avg:  1053 Min:    13 Max: 21721 Err:     0 (0.00%)
2021-07-16 12:15:39,226 INFO o.a.j.u.BeanShellTestElement: Loadtest102@zycus.com,PostFix RaceCondition_3547,1310640354,1626418135924,1626418735923
2021-07-16 12:15:42,237 INFO o.a.j.t.JMeterThread: Thread is done: iSource_RaceConditionAuction 1-46
2021-07-16 12:15:42,237 INFO o.a.j.t.JMeterThread: Thread finished: iSource_RaceConditionAuction 1-46
2021-07-16 12:15:50,234 INFO o.a.j.u.BeanShellTestElement: Loadtest102@zycus.com,PostFix RaceCondition_3566,1310640355,1626418135924,1626418735923
2021-07-16 12:15:53,262 INFO o.a.j.t.JMeterThread: Thread is done: iSource_RaceConditionAuction 1-47
2021-07-16 12:15:53,262 INFO o.a.j.t.JMeterThread: Thread finished: iSource_RaceConditionAuction 1-47
2021-07-16 12:16:00,045 INFO o.a.j.r.Summariser: summary +     94 in 00:00:30 =    3.1/s Avg:  1066 Min:   275 Max:  4362 Err:     0 (0.00%) Active: 3 Started: 50 Finished: 47
2021-07-16 12:16:00,045 INFO o.a.j.r.Summariser: summary =   6539 in 00:17:04 =    6.4/s Avg:  1053 Min:    13 Max: 21721 Err:     0 (0.00%)
2021-07-16 12:16:11,795 INFO o.a.j.u.BeanShellTestElement: Loadtest102@zycus.com,PostFix RaceCondition_2014,1310642753,1626418135924,1626418735923
2021-07-16 12:16:14,819 INFO o.a.j.t.JMeterThread: Thread is done: iSource_RaceConditionAuction 1-48
2021-07-16 12:16:14,819 INFO o.a.j.t.JMeterThread: Thread finished: iSource_RaceConditionAuction 1-48
2021-07-16 12:16:28,442 INFO o.a.j.u.BeanShellTestElement: Loadtest102@zycus.com,PostFix RaceCondition_1098,1310640154,1626418135924,1626418735923
2021-07-16 12:16:30,212 INFO o.a.j.r.Summariser: summary +     51 in 00:00:30 =    1.7/s Avg:  1153 Min:   298 Max:  4211 Err:     0 (0.00%) Active: 2 Started: 50 Finished: 48
2021-07-16 12:16:30,213 INFO o.a.j.r.Summariser: summary =   6590 in 00:17:34 =    6.3/s Avg:  1054 Min:    13 Max: 21721 Err:     0 (0.00%)
2021-07-16 12:16:31,500 INFO o.a.j.t.JMeterThread: Thread is done: iSource_RaceConditionAuction 1-49
2021-07-16 12:16:31,500 INFO o.a.j.t.JMeterThread: Thread finished: iSource_RaceConditionAuction 1-49
2021-07-16 12:16:43,543 INFO o.a.j.u.BeanShellTestElement: Loadtest102@zycus.com,PostFix RaceCondition_2862,1310641355,1626418135924,1626418735923
2021-07-16 12:16:46,625 INFO o.a.j.t.JMeterThread: Thread is done: iSource_RaceConditionAuction 1-50
2021-07-16 12:16:46,625 INFO o.a.j.t.JMeterThread: Thread finished: iSource_RaceConditionAuction 1-50
2021-07-16 12:16:46,626 INFO o.a.j.e.StandardJMeterEngine: Notifying test listeners of end of test
2021-07-16 12:16:46,627 INFO o.a.j.r.Summariser: summary +     10 in 00:00:16 =    0.6/s Avg:  1028 Min:   287 Max:  3174 Err:     0 (0.00%) Active: 0 Started: 50 Finished: 50
2021-07-16 12:16:46,627 INFO o.a.j.r.Summariser: summary =   6600 in 00:17:51 =    6.2/s Avg:  1054 Min:    13 Max: 21721 Err:     0 (0.00%)
2021-07-16 12:16:46,627 INFO o.a.j.JMeter: Generating Dashboard
2021-07-16 12:16:46,627 INFO o.a.j.r.d.ReportGenerator: Flushing result collector before report Generation
2021-07-16 12:16:46,642 INFO o.a.j.r.p.NormalizerSampleConsumer: Using format, 'ms', to parse timeStamp field
2021-07-16 12:16:46,908 INFO o.a.j.r.p.AbstractSampleConsumer: class org.apache.jmeter.report.processor.AggregateConsumer#stopProducing(): beginDate produced 0 samples
2021-07-16 12:16:46,908 INFO o.a.j.r.p.AbstractSampleConsumer: class org.apache.jmeter.report.processor.AggregateConsumer#stopProducing(): endDate produced 0 samples
2021-07-16 12:16:46,910 INFO o.a.j.r.p.AbstractSampleConsumer: class org.apache.jmeter.report.processor.ApdexSummaryConsumer#stopProducing(): apdexSummary produced 0 samples
2021-07-16 12:16:46,910 INFO o.a.j.r.p.AbstractSampleConsumer: class org.apache.jmeter.report.processor.RequestsSummaryConsumer#stopProducing(): requestsSummary produced 0 samples
2021-07-16 12:16:46,919 INFO o.a.j.r.p.AbstractSampleConsumer: class org.apache.jmeter.report.processor.StatisticsSummaryConsumer#stopProducing(): statisticsSummary produced 0 samples
2021-07-16 12:16:46,923 INFO o.a.j.r.p.AbstractSampleConsumer: class org.apache.jmeter.report.processor.Top5ErrorsBySamplerConsumer#stopProducing(): top5ErrorsBySampler produced 0 samples
2021-07-16 12:16:46,923 INFO o.a.j.r.p.AbstractSampleConsumer: class org.apache.jmeter.report.processor.ErrorsSummaryConsumer#stopProducing(): errorsSummary produced 0 samples
2021-07-16 12:16:46,923 INFO o.a.j.r.p.AbstractSampleConsumer: class org.apache.jmeter.report.processor.graph.impl.HitsPerSecondGraphConsumer#stopProducing(): hitsPerSecond produced 0 samples
2021-07-16 12:16:46,969 INFO o.a.j.r.p.AbstractSampleConsumer: class org.apache.jmeter.report.processor.graph.impl.LatencyVSRequestGraphConsumer#stopProducing(): latencyVsRequest produced 0 samples
2021-07-16 12:16:46,970 INFO o.a.j.r.p.AbstractSampleConsumer: class org.apache.jmeter.report.processor.graph.impl.SyntheticResponseTimeDistributionGraphConsumer#stopProducing(): syntheticResponseTimeDistribution produced 0 samples
2021-07-16 12:16:46,970 INFO o.a.j.r.p.AbstractSampleConsumer: class org.apache.jmeter.report.processor.graph.impl.BytesThroughputGraphConsumer#stopProducing(): bytesThroughputOverTime produced 0 samples
2021-07-16 12:16:46,970 INFO o.a.j.r.p.AbstractSampleConsumer: class org.apache.jmeter.report.processor.graph.impl.CodesPerSecondGraphConsumer#stopProducing(): codesPerSecond produced 0 samples
2021-07-16 12:16:46,992 INFO o.a.j.r.p.AbstractSampleConsumer: class org.apache.jmeter.report.processor.graph.impl.ResponseTimeVSRequestGraphConsumer#stopProducing(): responseTimeVsRequest produced 0 samples
2021-07-16 12:16:46,992 INFO o.a.j.r.p.AbstractSampleConsumer: class org.apache.jmeter.report.processor.FilterConsumer#stopProducing(): startIntervalControlerFilter produced 46200 samples
2021-07-16 12:16:46,992 INFO o.a.j.r.p.AbstractSampleConsumer: class org.apache.jmeter.report.processor.graph.impl.TotalTPSGraphConsumer#stopProducing(): totalTPS produced 0 samples
2021-07-16 12:16:46,993 INFO o.a.j.r.p.AbstractSampleConsumer: class org.apache.jmeter.report.processor.graph.impl.ActiveThreadsGraphConsumer#stopProducing(): activeThreadsOverTime produced 0 samples
2021-07-16 12:16:46,993 INFO o.a.j.r.p.AbstractSampleConsumer: class org.apache.jmeter.report.processor.graph.impl.TimeVSThreadGraphConsumer#stopProducing(): timeVsThreads produced 0 samples
2021-07-16 12:16:47,000 INFO o.a.j.r.p.AbstractSampleConsumer: class org.apache.jmeter.report.processor.graph.impl.ResponseTimeDistributionGraphConsumer#stopProducing(): responseTimeDistribution produced 0 samples
2021-07-16 12:16:47,001 INFO o.a.j.r.p.AbstractSampleConsumer: class org.apache.jmeter.report.processor.graph.impl.TransactionsPerSecondGraphConsumer#stopProducing(): transactionsPerSecond produced 0 samples
2021-07-16 12:16:47,003 INFO o.a.j.r.p.AbstractSampleConsumer: class org.apache.jmeter.report.processor.graph.impl.ResponseTimePercentilesGraphConsumer#stopProducing(): responseTimePercentiles produced 0 samples
2021-07-16 12:16:47,018 INFO o.a.j.r.p.AbstractSampleConsumer: class org.apache.jmeter.report.processor.graph.impl.ResponseTimePercentilesOverTimeGraphConsumer#stopProducing(): responseTimePercentilesOverTime produced 0 samples
2021-07-16 12:16:47,019 INFO o.a.j.r.p.AbstractSampleConsumer: class org.apache.jmeter.report.processor.graph.impl.ResponseTimeOverTimeGraphConsumer#stopProducing(): responseTimesOverTime produced 0 samples
2021-07-16 12:16:47,020 INFO o.a.j.r.p.AbstractSampleConsumer: class org.apache.jmeter.report.processor.graph.impl.ConnectTimeOverTimeGraphConsumer#stopProducing(): connectTimeOverTime produced 0 samples
2021-07-16 12:16:47,022 INFO o.a.j.r.p.AbstractSampleConsumer: class org.apache.jmeter.report.processor.graph.impl.LatencyOverTimeGraphConsumer#stopProducing(): latenciesOverTime produced 0 samples
2021-07-16 12:16:47,023 INFO o.a.j.r.p.AbstractSampleConsumer: class org.apache.jmeter.report.processor.FilterConsumer#stopProducing(): nameFilter produced 112500 samples
2021-07-16 12:16:47,023 INFO o.a.j.r.p.AbstractSampleConsumer: class org.apache.jmeter.report.processor.FilterConsumer#stopProducing(): dateRangeFilter produced 22500 samples
2021-07-16 12:16:47,023 INFO o.a.j.r.p.AbstractSampleConsumer: class org.apache.jmeter.report.processor.NormalizerSampleConsumer#stopProducing(): normalizer produced 7500 samples
2021-07-16 12:16:47,024 INFO o.a.j.r.p.CsvFileSampleSource: produce(): 7500 samples produced in 365ms on channel 0
2021-07-16 12:16:47,024 INFO o.a.j.r.d.ReportGenerator: Exporting data using exporter:'json' of className:'org.apache.jmeter.report.dashboard.JsonExporter'
2021-07-16 12:16:47,025 INFO o.a.j.r.d.JsonExporter: Found data for consumer statisticsSummaryin context
2021-07-16 12:16:47,025 INFO o.a.j.r.d.JsonExporter: Creating statistics for overall
2021-07-16 12:16:47,026 INFO o.a.j.r.d.JsonExporter: Creating statistics for other transactions
2021-07-16 12:16:47,026 INFO o.a.j.r.d.JsonExporter: Checking output folder
2021-07-16 12:16:47,028 INFO o.a.j.r.d.JsonExporter: Writing statistics JSON to C:\xampp\htdocs\PerformancePostgres\L0_iSource_50_RaceConditionAuction_2021-07-16_35\statistics.json
2021-07-16 12:16:47,157 INFO o.a.j.r.d.ReportGenerator: Exporting data using exporter:'html' of className:'org.apache.jmeter.report.dashboard.HtmlTemplateExporter'
2021-07-16 12:16:47,160 INFO o.a.j.r.d.HtmlTemplateExporter: Will generate dashboard in folder: C:\xampp\htdocs\PerformancePostgres\L0_iSource_50_RaceConditionAuction_2021-07-16_35
2021-07-16 12:16:47,390 INFO o.a.j.r.d.HtmlTemplateExporter: Report will be generated in: C:\xampp\htdocs\PerformancePostgres\L0_iSource_50_RaceConditionAuction_2021-07-16_35, creating folder structure
2021-07-16 12:16:47,393 INFO o.a.j.r.d.TemplateVisitor: Copying folder from 'D:\apache-jmeter-5.1\apache-jmeter-5.1\bin\report-template' to 'C:\xampp\htdocs\PerformancePostgres\L0_iSource_50_RaceConditionAuction_2021-07-16_35', got message:[C:\xampp\htdocs\PerformancePostgres\L0_iSource_50_RaceConditionAuction_2021-07-16_35\statistics.json], found non empty folder with following content {}, will be ignored
2021-07-16 12:16:48,059 INFO o.a.j.JMeter: Dashboard generated
