2021-06-30 12:20:46,466 INFO o.a.j.u.JMeterUtils: Setting Locale to en_EN
2021-06-30 12:20:46,476 INFO o.a.j.JMeter: Loading user properties from: user.properties
2021-06-30 12:20:46,477 INFO o.a.j.JMeter: Loading system properties from: system.properties
2021-06-30 12:20:46,477 INFO o.a.j.JMeter: Setting JMeter property: meter.reportgenerator.report_title=RaceConditionAuction
2021-06-30 12:20:46,477 INFO o.a.j.JMeter: Setting JMeter property: thread=10
2021-06-30 12:20:46,477 INFO o.a.j.JMeter: Setting JMeter property: rampup=50
2021-06-30 12:20:46,481 INFO o.a.j.JMeter: Copyright (c) 1998-2019 The Apache Software Foundation
2021-06-30 12:20:46,481 INFO o.a.j.JMeter: Version 5.1 r1853635
2021-06-30 12:20:46,482 INFO o.a.j.JMeter: java.version=1.8.0_121
2021-06-30 12:20:46,482 INFO o.a.j.JMeter: java.vm.name=Java HotSpot(TM) 64-Bit Server VM
2021-06-30 12:20:46,482 INFO o.a.j.JMeter: os.name=Windows 10
2021-06-30 12:20:46,482 INFO o.a.j.JMeter: os.arch=amd64
2021-06-30 12:20:46,482 INFO o.a.j.JMeter: os.version=10.0
2021-06-30 12:20:46,482 INFO o.a.j.JMeter: file.encoding=Cp1252
2021-06-30 12:20:46,482 INFO o.a.j.JMeter: java.awt.headless=true
2021-06-30 12:20:46,482 INFO o.a.j.JMeter: Max memory     =8589934592
2021-06-30 12:20:46,482 INFO o.a.j.JMeter: Available Processors =6
2021-06-30 12:20:46,484 INFO o.a.j.JMeter: Default Locale=English (EN)
2021-06-30 12:20:46,485 INFO o.a.j.JMeter: JMeter  Locale=English (EN)
2021-06-30 12:20:46,485 INFO o.a.j.JMeter: JMeterHome=D:\apache-jmeter-5.1\apache-jmeter-5.1
2021-06-30 12:20:46,485 INFO o.a.j.JMeter: user.dir  =D:\apache-jmeter-5.1\apache-jmeter-5.1\bin
2021-06-30 12:20:46,485 INFO o.a.j.JMeter: PWD       =D:\apache-jmeter-5.1\apache-jmeter-5.1\bin
2021-06-30 12:20:46,486 INFO o.a.j.JMeter: IP: 172.30.225.123 Name: ZIPLSY2278 FullName: ZIPLSY2278.zycus.net
2021-06-30 12:20:46,488 INFO o.a.j.JMeter: Setting property 'jmeter.reportgenerator.outputdir' to:'C:\xampp\htdocs\PerformancePostgres\L0_iSource_10_RaceConditionAuction_2021-06-30_1'
2021-06-30 12:20:46,490 INFO o.a.j.s.FileServer: Default base='D:\apache-jmeter-5.1\apache-jmeter-5.1\bin'
2021-06-30 12:20:46,493 INFO o.a.j.s.FileServer: Set new base='D:\PostrgresMigration\iSource'
2021-06-30 12:20:46,591 INFO o.a.j.s.SaveService: Testplan (JMX) version: 2.2. Testlog (JTL) version: 2.2
2021-06-30 12:20:46,601 INFO o.a.j.s.SaveService: Using SaveService properties file encoding UTF-8
2021-06-30 12:20:46,605 INFO o.a.j.s.SaveService: Using SaveService properties version 5.0
2021-06-30 12:20:46,610 INFO o.a.j.s.SaveService: Loading file: D:\PostrgresMigration\iSource\iSource_RaceConditionAuction.jmx
2021-06-30 12:20:46,660 INFO o.a.j.p.h.c.CookieManager: Settings: Delete null: true Check: true Allow variable: true Save: false Prefix: COOKIE_
2021-06-30 12:20:46,666 INFO o.a.j.p.h.c.CacheManager: Will only cache the following methods: [GET]
2021-06-30 12:20:46,674 INFO o.a.j.p.h.s.HTTPSamplerBase: Parser for text/html is org.apache.jmeter.protocol.http.parser.LagartoBasedHtmlParser
2021-06-30 12:20:46,674 INFO o.a.j.p.h.s.HTTPSamplerBase: Parser for application/xhtml+xml is org.apache.jmeter.protocol.http.parser.LagartoBasedHtmlParser
2021-06-30 12:20:46,674 INFO o.a.j.p.h.s.HTTPSamplerBase: Parser for application/xml is org.apache.jmeter.protocol.http.parser.LagartoBasedHtmlParser
2021-06-30 12:20:46,674 INFO o.a.j.p.h.s.HTTPSamplerBase: Parser for text/xml is org.apache.jmeter.protocol.http.parser.LagartoBasedHtmlParser
2021-06-30 12:20:46,674 INFO o.a.j.p.h.s.HTTPSamplerBase: Parser for text/vnd.wap.wml is org.apache.jmeter.protocol.http.parser.RegexpHTMLParser
2021-06-30 12:20:46,674 INFO o.a.j.p.h.s.HTTPSamplerBase: Parser for text/css is org.apache.jmeter.protocol.http.parser.CssParser
2021-06-30 12:20:47,000 INFO o.a.j.JMeter: Creating summariser <summary>
2021-06-30 12:20:47,005 INFO o.a.j.r.d.ReportGenerator: ReportGenerator will use for Parsing the separator: ','
2021-06-30 12:20:47,006 INFO o.a.j.r.d.ReportGenerator: Will generate report at end of test from  results file: D:\PostrgresMigration\iSource\JTL\L0_iSource_10_RaceConditionAuction_2021-06-30_1.jtl
2021-06-30 12:20:47,006 INFO o.a.j.r.d.ReportGenerator: Reading report generator properties from: D:\apache-jmeter-5.1\apache-jmeter-5.1\bin\reportgenerator.properties
2021-06-30 12:20:47,007 INFO o.a.j.r.d.ReportGenerator: Merging with JMeter properties
2021-06-30 12:20:47,014 INFO o.a.j.r.c.ReportGeneratorConfiguration: Property 'jmeter.reportgenerator.temp_dir' not found, using default value 'temp' instead.
2021-06-30 12:20:47,016 INFO o.a.j.r.c.ReportGeneratorConfiguration: Property 'jmeter.reportgenerator.apdex_per_transaction' not found, using default value 'null' instead.
2021-06-30 12:20:47,016 INFO o.a.j.r.c.ReportGeneratorConfiguration: apdex_per_transaction : {} is empty, not APDEX per transaction customization
2021-06-30 12:20:47,016 INFO o.a.j.r.c.ReportGeneratorConfiguration: Property 'jmeter.reportgenerator.sample_filter' not found, using default value 'null' instead.
2021-06-30 12:20:47,016 INFO o.a.j.r.c.ReportGeneratorConfiguration: Property 'jmeter.reportgenerator.report_title' not found, using default value 'null' instead.
2021-06-30 12:20:47,016 INFO o.a.j.r.c.ReportGeneratorConfiguration: Property 'jmeter.reportgenerator.start_date' not found, using default value 'null' instead.
2021-06-30 12:20:47,016 INFO o.a.j.r.c.ReportGeneratorConfiguration: Property 'jmeter.reportgenerator.end_date' not found, using default value 'null' instead.
2021-06-30 12:20:47,016 INFO o.a.j.r.c.ReportGeneratorConfiguration: Property 'jmeter.reportgenerator.date_format' not found, using default value 'null' instead.
2021-06-30 12:20:47,016 INFO o.a.j.r.c.ReportGeneratorConfiguration: Will use date range start date: null, end date: null
2021-06-30 12:20:47,021 INFO o.a.j.r.c.ReportGeneratorConfiguration: Property 'jmeter.reportgenerator.graph.totalTPS.exclude_controllers' not found, using default value 'false' instead.
2021-06-30 12:20:47,021 INFO o.a.j.r.c.ReportGeneratorConfiguration: Property 'jmeter.reportgenerator.graph.activeThreadsOverTime.exclude_controllers' not found, using default value 'false' instead.
2021-06-30 12:20:47,021 INFO o.a.j.r.c.ReportGeneratorConfiguration: Property 'jmeter.reportgenerator.graph.timeVsThreads.exclude_controllers' not found, using default value 'false' instead.
2021-06-30 12:20:47,021 INFO o.a.j.r.c.ReportGeneratorConfiguration: Property 'jmeter.reportgenerator.graph.responseTimeDistribution.exclude_controllers' not found, using default value 'false' instead.
2021-06-30 12:20:47,021 INFO o.a.j.r.c.ReportGeneratorConfiguration: Property 'jmeter.reportgenerator.graph.transactionsPerSecond.exclude_controllers' not found, using default value 'false' instead.
2021-06-30 12:20:47,021 INFO o.a.j.r.c.ReportGeneratorConfiguration: Property 'jmeter.reportgenerator.graph.responseTimePercentiles.exclude_controllers' not found, using default value 'false' instead.
2021-06-30 12:20:47,021 INFO o.a.j.r.c.ReportGeneratorConfiguration: Property 'jmeter.reportgenerator.graph.responseTimePercentilesOverTime.exclude_controllers' not found, using default value 'false' instead.
2021-06-30 12:20:47,021 INFO o.a.j.r.c.ReportGeneratorConfiguration: Property 'jmeter.reportgenerator.graph.responseTimesOverTime.exclude_controllers' not found, using default value 'false' instead.
2021-06-30 12:20:47,021 INFO o.a.j.r.c.ReportGeneratorConfiguration: Property 'jmeter.reportgenerator.graph.connectTimeOverTime.exclude_controllers' not found, using default value 'false' instead.
2021-06-30 12:20:47,022 INFO o.a.j.r.c.ReportGeneratorConfiguration: Property 'jmeter.reportgenerator.graph.latenciesOverTime.exclude_controllers' not found, using default value 'false' instead.
2021-06-30 12:20:47,022 INFO o.a.j.r.c.ReportGeneratorConfiguration: Property 'jmeter.reportgenerator.exporter.json.filters_only_sample_series' not found, using default value 'true' instead.
2021-06-30 12:20:47,022 INFO o.a.j.r.c.ReportGeneratorConfiguration: Property 'jmeter.reportgenerator.exporter.json.series_filter' not found, using default value '' instead.
2021-06-30 12:20:47,023 INFO o.a.j.r.c.ReportGeneratorConfiguration: Property 'jmeter.reportgenerator.exporter.json.show_controllers_only' not found, using default value 'false' instead.
2021-06-30 12:20:47,023 INFO o.a.j.r.c.ReportGeneratorConfiguration: Property 'jmeter.reportgenerator.exporter.html.filters_only_sample_series' not found, using default value 'true' instead.
2021-06-30 12:20:47,023 INFO o.a.j.r.c.ReportGeneratorConfiguration: Property 'jmeter.reportgenerator.exporter.html.series_filter' not found, using default value '' instead.
2021-06-30 12:20:47,023 INFO o.a.j.r.c.ReportGeneratorConfiguration: Property 'jmeter.reportgenerator.exporter.html.show_controllers_only' not found, using default value 'false' instead.
2021-06-30 12:20:47,028 INFO o.a.j.e.StandardJMeterEngine: Running the test!
2021-06-30 12:20:47,029 INFO o.a.j.s.SampleEvent: List of sample_variables: []
2021-06-30 12:20:47,029 INFO o.a.j.s.SampleEvent: List of sample_variables: []
2021-06-30 12:20:47,033 INFO o.a.j.e.u.CompoundVariable: Note: Function class names must contain the string: '.functions.'
2021-06-30 12:20:47,033 INFO o.a.j.e.u.CompoundVariable: Note: Function class names must not contain the string: '.gui.'
2021-06-30 12:20:47,382 INFO o.a.j.JMeter: Running test (1625035847382)
2021-06-30 12:20:47,449 INFO o.a.j.e.StandardJMeterEngine: Starting ThreadGroup: 1 : iSource_RaceConditionAuction
2021-06-30 12:20:47,450 INFO o.a.j.e.StandardJMeterEngine: Starting 10 threads for group iSource_RaceConditionAuction.
2021-06-30 12:20:47,450 INFO o.a.j.e.StandardJMeterEngine: Thread will stop on error
2021-06-30 12:20:47,450 INFO o.a.j.t.ThreadGroup: Starting thread group... number=1 threads=10 ramp-up=50 perThread=5000.0 delayedStart=false
2021-06-30 12:20:47,483 INFO o.a.j.s.SampleResult: Note: Sample TimeStamps are START times
2021-06-30 12:20:47,485 INFO o.a.j.s.SampleResult: sampleresult.default.encoding is set to ISO-8859-1
2021-06-30 12:20:47,485 INFO o.a.j.s.SampleResult: sampleresult.useNanoTime=true
2021-06-30 12:20:47,486 INFO o.a.j.s.SampleResult: sampleresult.nanoThreadSleep=5000
2021-06-30 12:20:47,512 INFO o.a.j.t.JMeterThread: Thread started: iSource_RaceConditionAuction 1-1
2021-06-30 12:20:47,541 INFO o.a.j.p.h.s.HTTPHCAbstractImpl: Local host = ZIPLSY2278
2021-06-30 12:20:47,553 INFO o.a.j.p.h.s.HTTPHC4Impl: HTTP request retry count = 0
2021-06-30 12:20:47,706 INFO o.a.j.p.h.s.h.LazyLayeredConnectionSocketFactory: Setting up HTTPS TrustAll Socket Factory
2021-06-30 12:20:47,714 INFO o.a.j.u.JsseSSLManager: Using default SSL protocol: TLS
2021-06-30 12:20:47,714 INFO o.a.j.u.JsseSSLManager: SSL session context: per-thread
2021-06-30 12:20:47,814 INFO o.a.j.t.ThreadGroup: Started thread group number 1
2021-06-30 12:20:47,814 INFO o.a.j.e.StandardJMeterEngine: All thread groups have been started
2021-06-30 12:20:48,204 INFO o.a.j.u.SSLManager: JmeterKeyStore Location:  type JKS
2021-06-30 12:20:48,205 INFO o.a.j.u.SSLManager: KeyStore created OK
2021-06-30 12:20:48,205 WARN o.a.j.u.SSLManager: Keystore file not found, loading empty keystore
2021-06-30 12:20:52,552 INFO o.a.j.t.JMeterThread: Thread started: iSource_RaceConditionAuction 1-2
2021-06-30 12:20:57,626 INFO o.a.j.t.JMeterThread: Thread started: iSource_RaceConditionAuction 1-3
2021-06-30 12:21:00,048 INFO o.a.j.r.Summariser: summary +     33 in 00:00:13 =    2.6/s Avg:   423 Min:    42 Max:  1549 Err:     0 (0.00%) Active: 3 Started: 3 Finished: 0
2021-06-30 12:21:02,672 INFO o.a.j.t.JMeterThread: Thread started: iSource_RaceConditionAuction 1-4
2021-06-30 12:21:07,699 INFO o.a.j.t.JMeterThread: Thread started: iSource_RaceConditionAuction 1-5
2021-06-30 12:21:12,733 INFO o.a.j.t.JMeterThread: Thread started: iSource_RaceConditionAuction 1-6
2021-06-30 12:21:17,754 INFO o.a.j.t.JMeterThread: Thread started: iSource_RaceConditionAuction 1-7
2021-06-30 12:21:22,783 INFO o.a.j.t.JMeterThread: Thread started: iSource_RaceConditionAuction 1-8
2021-06-30 12:21:27,804 INFO o.a.j.t.JMeterThread: Thread started: iSource_RaceConditionAuction 1-9
2021-06-30 12:21:30,347 INFO o.a.j.r.Summariser: summary +    142 in 00:00:30 =    4.7/s Avg:   760 Min:    60 Max: 19831 Err:     0 (0.00%) Active: 9 Started: 9 Finished: 0
2021-06-30 12:21:30,348 INFO o.a.j.r.Summariser: summary =    175 in 00:00:43 =    4.1/s Avg:   696 Min:    42 Max: 19831 Err:     0 (0.00%)
2021-06-30 12:21:32,817 INFO o.a.j.t.JMeterThread: Thread started: iSource_RaceConditionAuction 1-10
2021-06-30 12:22:00,255 INFO o.a.j.r.Summariser: summary +    135 in 00:00:30 =    4.5/s Avg:  1932 Min:     1 Max: 19978 Err:     0 (0.00%) Active: 10 Started: 10 Finished: 0
2021-06-30 12:22:00,256 INFO o.a.j.r.Summariser: summary =    310 in 00:01:13 =    4.3/s Avg:  1234 Min:     1 Max: 19978 Err:     0 (0.00%)
2021-06-30 12:22:30,332 INFO o.a.j.r.Summariser: summary +    150 in 00:00:30 =    5.0/s Avg:  1630 Min:     0 Max: 19971 Err:     0 (0.00%) Active: 10 Started: 10 Finished: 0
2021-06-30 12:22:30,332 INFO o.a.j.r.Summariser: summary =    460 in 00:01:43 =    4.5/s Avg:  1363 Min:     0 Max: 19978 Err:     0 (0.00%)
2021-06-30 12:23:00,023 INFO o.a.j.r.Summariser: summary +    130 in 00:00:30 =    4.4/s Avg:  1670 Min:     0 Max:  4193 Err:     0 (0.00%) Active: 10 Started: 10 Finished: 0
2021-06-30 12:23:00,023 INFO o.a.j.r.Summariser: summary =    590 in 00:02:13 =    4.4/s Avg:  1431 Min:     0 Max: 19978 Err:     0 (0.00%)
2021-06-30 12:23:30,208 INFO o.a.j.r.Summariser: summary +    130 in 00:00:30 =    4.3/s Avg:  2080 Min:   383 Max:  4385 Err:     0 (0.00%) Active: 10 Started: 10 Finished: 0
2021-06-30 12:23:30,209 INFO o.a.j.r.Summariser: summary =    720 in 00:02:43 =    4.4/s Avg:  1548 Min:     0 Max: 19978 Err:     0 (0.00%)
2021-06-30 12:24:00,082 INFO o.a.j.r.Summariser: summary +    163 in 00:00:30 =    5.5/s Avg:  1672 Min:   348 Max:  3882 Err:     0 (0.00%) Active: 10 Started: 10 Finished: 0
2021-06-30 12:24:00,082 INFO o.a.j.r.Summariser: summary =    883 in 00:03:13 =    4.6/s Avg:  1571 Min:     0 Max: 19978 Err:     0 (0.00%)
2021-06-30 12:24:09,554 INFO o.a.j.t.JMeterThread: Stop Thread detected by thread: iSource_RaceConditionAuction 1-2
2021-06-30 12:24:09,554 INFO o.a.j.t.JMeterThread: Thread finished: iSource_RaceConditionAuction 1-2
2021-06-30 12:24:12,881 INFO o.a.j.t.JMeterThread: Stop Thread detected by thread: iSource_RaceConditionAuction 1-3
2021-06-30 12:24:12,882 INFO o.a.j.t.JMeterThread: Thread finished: iSource_RaceConditionAuction 1-3
2021-06-30 12:24:30,579 INFO o.a.j.r.Summariser: summary +    147 in 00:00:30 =    4.8/s Avg:  1533 Min:   375 Max:  6652 Err:     2 (1.36%) Active: 8 Started: 10 Finished: 2
2021-06-30 12:24:30,579 INFO o.a.j.r.Summariser: summary =   1030 in 00:03:43 =    4.6/s Avg:  1566 Min:     0 Max: 19978 Err:     2 (0.19%)
2021-06-30 12:24:44,012 INFO o.a.j.t.JMeterThread: Stop Thread detected by thread: iSource_RaceConditionAuction 1-1
2021-06-30 12:24:44,012 INFO o.a.j.t.JMeterThread: Thread finished: iSource_RaceConditionAuction 1-1
2021-06-30 12:24:58,421 INFO o.a.j.t.JMeterThread: Stop Thread detected by thread: iSource_RaceConditionAuction 1-4
2021-06-30 12:24:58,421 INFO o.a.j.t.JMeterThread: Thread finished: iSource_RaceConditionAuction 1-4
2021-06-30 12:25:00,525 INFO o.a.j.r.Summariser: summary +     93 in 00:00:30 =    3.1/s Avg:  2126 Min:   606 Max:  6620 Err:     2 (2.15%) Active: 6 Started: 10 Finished: 4
2021-06-30 12:25:00,525 INFO o.a.j.r.Summariser: summary =   1123 in 00:04:13 =    4.4/s Avg:  1612 Min:     0 Max: 19978 Err:     4 (0.36%)
2021-06-30 12:25:07,818 INFO o.a.j.t.JMeterThread: Stop Thread detected by thread: iSource_RaceConditionAuction 1-5
2021-06-30 12:25:07,818 INFO o.a.j.t.JMeterThread: Thread finished: iSource_RaceConditionAuction 1-5
2021-06-30 12:25:10,259 INFO o.a.j.t.JMeterThread: Stop Thread detected by thread: iSource_RaceConditionAuction 1-6
2021-06-30 12:25:10,259 INFO o.a.j.t.JMeterThread: Thread finished: iSource_RaceConditionAuction 1-6
2021-06-30 12:25:12,843 INFO o.a.j.t.JMeterThread: Stop Thread detected by thread: iSource_RaceConditionAuction 1-7
2021-06-30 12:25:12,843 INFO o.a.j.t.JMeterThread: Thread finished: iSource_RaceConditionAuction 1-7
2021-06-30 12:25:19,684 INFO o.a.j.t.JMeterThread: Stop Thread detected by thread: iSource_RaceConditionAuction 1-8
2021-06-30 12:25:19,684 INFO o.a.j.t.JMeterThread: Thread finished: iSource_RaceConditionAuction 1-8
2021-06-30 12:25:33,003 INFO o.a.j.r.Summariser: summary +     42 in 00:00:32 =    1.3/s Avg:  2151 Min:   389 Max:  6264 Err:     4 (9.52%) Active: 2 Started: 10 Finished: 8
2021-06-30 12:25:33,004 INFO o.a.j.r.Summariser: summary =   1165 in 00:04:46 =    4.1/s Avg:  1632 Min:     0 Max: 19978 Err:     8 (0.69%)
2021-06-30 12:25:45,235 INFO o.a.j.t.JMeterThread: Thread is done: iSource_RaceConditionAuction 1-10
2021-06-30 12:25:45,235 INFO o.a.j.t.JMeterThread: Thread finished: iSource_RaceConditionAuction 1-10
2021-06-30 12:26:01,188 INFO o.a.j.r.Summariser: summary +     10 in 00:00:28 =    0.4/s Avg:  7279 Min:   279 Max: 60564 Err:     1 (10.00%) Active: 1 Started: 10 Finished: 9
2021-06-30 12:26:01,188 INFO o.a.j.r.Summariser: summary =   1175 in 00:05:14 =    3.7/s Avg:  1680 Min:     0 Max: 60564 Err:     9 (0.77%)
2021-06-30 12:26:01,189 INFO o.a.j.t.JMeterThread: Stop Thread detected by thread: iSource_RaceConditionAuction 1-9
2021-06-30 12:26:01,189 INFO o.a.j.t.JMeterThread: Thread finished: iSource_RaceConditionAuction 1-9
2021-06-30 12:26:01,189 INFO o.a.j.e.StandardJMeterEngine: Notifying test listeners of end of test
2021-06-30 12:26:01,190 INFO o.a.j.r.Summariser: summary =   1175 in 00:05:14 =    3.7/s Avg:  1680 Min:     0 Max: 60564 Err:     9 (0.77%)
2021-06-30 12:26:01,190 INFO o.a.j.JMeter: Generating Dashboard
2021-06-30 12:26:01,191 INFO o.a.j.r.d.ReportGenerator: Flushing result collector before report Generation
2021-06-30 12:26:01,256 INFO o.a.j.r.p.NormalizerSampleConsumer: Using format, 'ms', to parse timeStamp field
2021-06-30 12:26:01,395 INFO o.a.j.r.p.AbstractSampleConsumer: class org.apache.jmeter.report.processor.AggregateConsumer#stopProducing(): beginDate produced 0 samples
2021-06-30 12:26:01,395 INFO o.a.j.r.p.AbstractSampleConsumer: class org.apache.jmeter.report.processor.AggregateConsumer#stopProducing(): endDate produced 0 samples
2021-06-30 12:26:01,397 INFO o.a.j.r.p.AbstractSampleConsumer: class org.apache.jmeter.report.processor.ApdexSummaryConsumer#stopProducing(): apdexSummary produced 0 samples
2021-06-30 12:26:01,397 INFO o.a.j.r.p.AbstractSampleConsumer: class org.apache.jmeter.report.processor.RequestsSummaryConsumer#stopProducing(): requestsSummary produced 0 samples
2021-06-30 12:26:01,405 INFO o.a.j.r.p.AbstractSampleConsumer: class org.apache.jmeter.report.processor.StatisticsSummaryConsumer#stopProducing(): statisticsSummary produced 0 samples
2021-06-30 12:26:01,409 INFO o.a.j.r.p.AbstractSampleConsumer: class org.apache.jmeter.report.processor.Top5ErrorsBySamplerConsumer#stopProducing(): top5ErrorsBySampler produced 0 samples
2021-06-30 12:26:01,410 INFO o.a.j.r.p.AbstractSampleConsumer: class org.apache.jmeter.report.processor.ErrorsSummaryConsumer#stopProducing(): errorsSummary produced 0 samples
2021-06-30 12:26:01,410 INFO o.a.j.r.p.AbstractSampleConsumer: class org.apache.jmeter.report.processor.graph.impl.HitsPerSecondGraphConsumer#stopProducing(): hitsPerSecond produced 0 samples
2021-06-30 12:26:01,429 INFO o.a.j.r.p.AbstractSampleConsumer: class org.apache.jmeter.report.processor.graph.impl.LatencyVSRequestGraphConsumer#stopProducing(): latencyVsRequest produced 0 samples
2021-06-30 12:26:01,429 INFO o.a.j.r.p.AbstractSampleConsumer: class org.apache.jmeter.report.processor.graph.impl.SyntheticResponseTimeDistributionGraphConsumer#stopProducing(): syntheticResponseTimeDistribution produced 0 samples
2021-06-30 12:26:01,429 INFO o.a.j.r.p.AbstractSampleConsumer: class org.apache.jmeter.report.processor.graph.impl.BytesThroughputGraphConsumer#stopProducing(): bytesThroughputOverTime produced 0 samples
2021-06-30 12:26:01,429 INFO o.a.j.r.p.AbstractSampleConsumer: class org.apache.jmeter.report.processor.graph.impl.CodesPerSecondGraphConsumer#stopProducing(): codesPerSecond produced 0 samples
2021-06-30 12:26:01,441 INFO o.a.j.r.p.AbstractSampleConsumer: class org.apache.jmeter.report.processor.graph.impl.ResponseTimeVSRequestGraphConsumer#stopProducing(): responseTimeVsRequest produced 0 samples
2021-06-30 12:26:01,441 INFO o.a.j.r.p.AbstractSampleConsumer: class org.apache.jmeter.report.processor.FilterConsumer#stopProducing(): startIntervalControlerFilter produced 8225 samples
2021-06-30 12:26:01,441 INFO o.a.j.r.p.AbstractSampleConsumer: class org.apache.jmeter.report.processor.graph.impl.TotalTPSGraphConsumer#stopProducing(): totalTPS produced 0 samples
2021-06-30 12:26:01,442 INFO o.a.j.r.p.AbstractSampleConsumer: class org.apache.jmeter.report.processor.graph.impl.ActiveThreadsGraphConsumer#stopProducing(): activeThreadsOverTime produced 0 samples
2021-06-30 12:26:01,442 INFO o.a.j.r.p.AbstractSampleConsumer: class org.apache.jmeter.report.processor.graph.impl.TimeVSThreadGraphConsumer#stopProducing(): timeVsThreads produced 0 samples
2021-06-30 12:26:01,448 INFO o.a.j.r.p.AbstractSampleConsumer: class org.apache.jmeter.report.processor.graph.impl.ResponseTimeDistributionGraphConsumer#stopProducing(): responseTimeDistribution produced 0 samples
2021-06-30 12:26:01,449 INFO o.a.j.r.p.AbstractSampleConsumer: class org.apache.jmeter.report.processor.graph.impl.TransactionsPerSecondGraphConsumer#stopProducing(): transactionsPerSecond produced 0 samples
2021-06-30 12:26:01,450 INFO o.a.j.r.p.AbstractSampleConsumer: class org.apache.jmeter.report.processor.graph.impl.ResponseTimePercentilesGraphConsumer#stopProducing(): responseTimePercentiles produced 0 samples
2021-06-30 12:26:01,463 INFO o.a.j.r.p.AbstractSampleConsumer: class org.apache.jmeter.report.processor.graph.impl.ResponseTimePercentilesOverTimeGraphConsumer#stopProducing(): responseTimePercentilesOverTime produced 0 samples
2021-06-30 12:26:01,464 INFO o.a.j.r.p.AbstractSampleConsumer: class org.apache.jmeter.report.processor.graph.impl.ResponseTimeOverTimeGraphConsumer#stopProducing(): responseTimesOverTime produced 0 samples
2021-06-30 12:26:01,464 INFO o.a.j.r.p.AbstractSampleConsumer: class org.apache.jmeter.report.processor.graph.impl.ConnectTimeOverTimeGraphConsumer#stopProducing(): connectTimeOverTime produced 0 samples
2021-06-30 12:26:01,465 INFO o.a.j.r.p.AbstractSampleConsumer: class org.apache.jmeter.report.processor.graph.impl.LatencyOverTimeGraphConsumer#stopProducing(): latenciesOverTime produced 0 samples
2021-06-30 12:26:01,465 INFO o.a.j.r.p.AbstractSampleConsumer: class org.apache.jmeter.report.processor.FilterConsumer#stopProducing(): nameFilter produced 19995 samples
2021-06-30 12:26:01,466 INFO o.a.j.r.p.AbstractSampleConsumer: class org.apache.jmeter.report.processor.FilterConsumer#stopProducing(): dateRangeFilter produced 3999 samples
2021-06-30 12:26:01,466 INFO o.a.j.r.p.AbstractSampleConsumer: class org.apache.jmeter.report.processor.NormalizerSampleConsumer#stopProducing(): normalizer produced 1333 samples
2021-06-30 12:26:01,466 INFO o.a.j.r.p.CsvFileSampleSource: produce(): 1333 samples produced in 191ms on channel 0
2021-06-30 12:26:01,466 INFO o.a.j.r.d.ReportGenerator: Exporting data using exporter:'json' of className:'org.apache.jmeter.report.dashboard.JsonExporter'
2021-06-30 12:26:01,467 INFO o.a.j.r.d.JsonExporter: Found data for consumer statisticsSummary in context
2021-06-30 12:26:01,467 INFO o.a.j.r.d.JsonExporter: Creating statistics for overall
2021-06-30 12:26:01,468 INFO o.a.j.r.d.JsonExporter: Creating statistics for other transactions
2021-06-30 12:26:01,468 INFO o.a.j.r.d.JsonExporter: Checking output folder
2021-06-30 12:26:01,470 INFO o.a.j.r.d.JsonExporter: Writing statistics JSON to C:\xampp\htdocs\PerformancePostgres\L0_iSource_10_RaceConditionAuction_2021-06-30_1\statistics.json
2021-06-30 12:26:01,597 INFO o.a.j.r.d.ReportGenerator: Exporting data using exporter:'html' of className:'org.apache.jmeter.report.dashboard.HtmlTemplateExporter'
2021-06-30 12:26:01,599 INFO o.a.j.r.d.HtmlTemplateExporter: Will generate dashboard in folder: C:\xampp\htdocs\PerformancePostgres\L0_iSource_10_RaceConditionAuction_2021-06-30_1
2021-06-30 12:26:01,841 INFO o.a.j.r.d.HtmlTemplateExporter: Report will be generated in: C:\xampp\htdocs\PerformancePostgres\L0_iSource_10_RaceConditionAuction_2021-06-30_1, creating folder structure
2021-06-30 12:26:01,841 INFO o.a.j.r.d.TemplateVisitor: Copying folder from 'D:\apache-jmeter-5.1\apache-jmeter-5.1\bin\report-template' to 'C:\xampp\htdocs\PerformancePostgres\L0_iSource_10_RaceConditionAuction_2021-06-30_1', got message:[C:\xampp\htdocs\PerformancePostgres\L0_iSource_10_RaceConditionAuction_2021-06-30_1\statistics.json], found non empty folder with following content {}, will be ignored
2021-06-30 12:26:02,666 INFO o.a.j.JMeter: Dashboard generated
