2021-05-31 09:19:59,605 INFO o.a.j.u.JMeterUtils: Setting Locale to en_EN
2021-05-31 09:19:59,615 INFO o.a.j.JMeter: Loading user properties from: user.properties
2021-05-31 09:19:59,615 INFO o.a.j.JMeter: Loading system properties from: system.properties
2021-05-31 09:19:59,615 INFO o.a.j.JMeter: Setting JMeter property: meter.reportgenerator.report_title=RFQMultipleQuestionsPublish
2021-05-31 09:19:59,616 INFO o.a.j.JMeter: Setting JMeter property: thread=10
2021-05-31 09:19:59,616 INFO o.a.j.JMeter: Setting JMeter property: rampup=30
2021-05-31 09:19:59,619 INFO o.a.j.JMeter: Copyright (c) 1998-2019 The Apache Software Foundation
2021-05-31 09:19:59,619 INFO o.a.j.JMeter: Version 5.1 r1853635
2021-05-31 09:19:59,619 INFO o.a.j.JMeter: java.version=1.8.0_121
2021-05-31 09:19:59,620 INFO o.a.j.JMeter: java.vm.name=Java HotSpot(TM) 64-Bit Server VM
2021-05-31 09:19:59,620 INFO o.a.j.JMeter: os.name=Windows 10
2021-05-31 09:19:59,620 INFO o.a.j.JMeter: os.arch=amd64
2021-05-31 09:19:59,620 INFO o.a.j.JMeter: os.version=10.0
2021-05-31 09:19:59,620 INFO o.a.j.JMeter: file.encoding=Cp1252
2021-05-31 09:19:59,620 INFO o.a.j.JMeter: java.awt.headless=true
2021-05-31 09:19:59,620 INFO o.a.j.JMeter: Max memory     =8589934592
2021-05-31 09:19:59,620 INFO o.a.j.JMeter: Available Processors =6
2021-05-31 09:19:59,624 INFO o.a.j.JMeter: Default Locale=English (EN)
2021-05-31 09:19:59,624 INFO o.a.j.JMeter: JMeter  Locale=English (EN)
2021-05-31 09:19:59,624 INFO o.a.j.JMeter: JMeterHome=D:\apache-jmeter-5.1\apache-jmeter-5.1
2021-05-31 09:19:59,624 INFO o.a.j.JMeter: user.dir  =D:\apache-jmeter-5.1\apache-jmeter-5.1\bin
2021-05-31 09:19:59,625 INFO o.a.j.JMeter: PWD       =D:\apache-jmeter-5.1\apache-jmeter-5.1\bin
2021-05-31 09:19:59,626 INFO o.a.j.JMeter: IP: 172.30.224.67 Name: ZIPLSY2278 FullName: ZIPLSY2278.zycus.net
2021-05-31 09:19:59,628 INFO o.a.j.JMeter: Setting property 'jmeter.reportgenerator.outputdir' to:'C:\xampp\htdocs\PerformancePostgres\L0_iSource_10_RFQMultipleQuestionsPublish_2021-05-31_8'
2021-05-31 09:19:59,630 INFO o.a.j.s.FileServer: Default base='D:\apache-jmeter-5.1\apache-jmeter-5.1\bin'
2021-05-31 09:19:59,633 INFO o.a.j.s.FileServer: Set new base='D:\PostrgresMigration\iSource'
2021-05-31 09:19:59,760 INFO o.a.j.s.SaveService: Testplan (JMX) version: 2.2. Testlog (JTL) version: 2.2
2021-05-31 09:19:59,770 INFO o.a.j.s.SaveService: Using SaveService properties file encoding UTF-8
2021-05-31 09:19:59,775 INFO o.a.j.s.SaveService: Using SaveService properties version 5.0
2021-05-31 09:19:59,779 INFO o.a.j.s.SaveService: Loading file: D:\PostrgresMigration\iSource\L0_iSource_RFQMultipleQuestionsPublish.jmx
2021-05-31 09:19:59,816 INFO o.a.j.p.h.c.CookieManager: Settings: Delete null: true Check: true Allow variable: true Save: false Prefix: COOKIE_
2021-05-31 09:19:59,819 INFO o.a.j.p.h.c.CacheManager: Will only cache the following methods: [GET]
2021-05-31 09:19:59,828 INFO o.a.j.p.h.s.HTTPSamplerBase: Parser for text/html is org.apache.jmeter.protocol.http.parser.LagartoBasedHtmlParser
2021-05-31 09:19:59,828 INFO o.a.j.p.h.s.HTTPSamplerBase: Parser for application/xhtml+xml is org.apache.jmeter.protocol.http.parser.LagartoBasedHtmlParser
2021-05-31 09:19:59,828 INFO o.a.j.p.h.s.HTTPSamplerBase: Parser for application/xml is org.apache.jmeter.protocol.http.parser.LagartoBasedHtmlParser
2021-05-31 09:19:59,828 INFO o.a.j.p.h.s.HTTPSamplerBase: Parser for text/xml is org.apache.jmeter.protocol.http.parser.LagartoBasedHtmlParser
2021-05-31 09:19:59,828 INFO o.a.j.p.h.s.HTTPSamplerBase: Parser for text/vnd.wap.wml is org.apache.jmeter.protocol.http.parser.RegexpHTMLParser
2021-05-31 09:19:59,828 INFO o.a.j.p.h.s.HTTPSamplerBase: Parser for text/css is org.apache.jmeter.protocol.http.parser.CssParser
2021-05-31 09:20:00,054 INFO o.a.j.JMeter: Creating summariser <summary>
2021-05-31 09:20:00,058 INFO o.a.j.r.d.ReportGenerator: ReportGenerator will use for Parsing the separator: ','
2021-05-31 09:20:00,058 INFO o.a.j.r.d.ReportGenerator: Will generate report at end of test from  results file: D:\PostrgresMigration\iSource\JTL\L0_iSource_10_RFQMultipleQuestionsPublish_2021-05-31_8.jtl
2021-05-31 09:20:00,058 INFO o.a.j.r.d.ReportGenerator: Reading report generator properties from: D:\apache-jmeter-5.1\apache-jmeter-5.1\bin\reportgenerator.properties
2021-05-31 09:20:00,059 INFO o.a.j.r.d.ReportGenerator: Merging with JMeter properties
2021-05-31 09:20:00,064 INFO o.a.j.r.c.ReportGeneratorConfiguration: Property 'jmeter.reportgenerator.temp_dir' not found, using default value 'temp' instead.
2021-05-31 09:20:00,066 INFO o.a.j.r.c.ReportGeneratorConfiguration: Property 'jmeter.reportgenerator.apdex_per_transaction' not found, using default value 'null' instead.
2021-05-31 09:20:00,066 INFO o.a.j.r.c.ReportGeneratorConfiguration: apdex_per_transaction : {} is empty, not APDEX per transaction customization
2021-05-31 09:20:00,066 INFO o.a.j.r.c.ReportGeneratorConfiguration: Property 'jmeter.reportgenerator.sample_filter' not found, using default value 'null' instead.
2021-05-31 09:20:00,066 INFO o.a.j.r.c.ReportGeneratorConfiguration: Property 'jmeter.reportgenerator.report_title' not found, using default value 'null' instead.
2021-05-31 09:20:00,066 INFO o.a.j.r.c.ReportGeneratorConfiguration: Property 'jmeter.reportgenerator.start_date' not found, using default value 'null' instead.
2021-05-31 09:20:00,067 INFO o.a.j.r.c.ReportGeneratorConfiguration: Property 'jmeter.reportgenerator.end_date' not found, using default value 'null' instead.
2021-05-31 09:20:00,067 INFO o.a.j.r.c.ReportGeneratorConfiguration: Property 'jmeter.reportgenerator.date_format' not found, using default value 'null' instead.
2021-05-31 09:20:00,067 INFO o.a.j.r.c.ReportGeneratorConfiguration: Will use date range start date: null, end date: null
2021-05-31 09:20:00,071 INFO o.a.j.r.c.ReportGeneratorConfiguration: Property 'jmeter.reportgenerator.graph.totalTPS.exclude_controllers' not found, using default value 'false' instead.
2021-05-31 09:20:00,071 INFO o.a.j.r.c.ReportGeneratorConfiguration: Property 'jmeter.reportgenerator.graph.activeThreadsOverTime.exclude_controllers' not found, using default value 'false' instead.
2021-05-31 09:20:00,071 INFO o.a.j.r.c.ReportGeneratorConfiguration: Property 'jmeter.reportgenerator.graph.timeVsThreads.exclude_controllers' not found, using default value 'false' instead.
2021-05-31 09:20:00,071 INFO o.a.j.r.c.ReportGeneratorConfiguration: Property 'jmeter.reportgenerator.graph.responseTimeDistribution.exclude_controllers' not found, using default value 'false' instead.
2021-05-31 09:20:00,071 INFO o.a.j.r.c.ReportGeneratorConfiguration: Property 'jmeter.reportgenerator.graph.transactionsPerSecond.exclude_controllers' not found, using default value 'false' instead.
2021-05-31 09:20:00,071 INFO o.a.j.r.c.ReportGeneratorConfiguration: Property 'jmeter.reportgenerator.graph.responseTimePercentiles.exclude_controllers' not found, using default value 'false' instead.
2021-05-31 09:20:00,071 INFO o.a.j.r.c.ReportGeneratorConfiguration: Property 'jmeter.reportgenerator.graph.responseTimePercentilesOverTime.exclude_controllers' not found, using default value 'false' instead.
2021-05-31 09:20:00,071 INFO o.a.j.r.c.ReportGeneratorConfiguration: Property 'jmeter.reportgenerator.graph.responseTimesOverTime.exclude_controllers' not found, using default value 'false' instead.
2021-05-31 09:20:00,072 INFO o.a.j.r.c.ReportGeneratorConfiguration: Property 'jmeter.reportgenerator.graph.connectTimeOverTime.exclude_controllers' not found, using default value 'false' instead.
2021-05-31 09:20:00,072 INFO o.a.j.r.c.ReportGeneratorConfiguration: Property 'jmeter.reportgenerator.graph.latenciesOverTime.exclude_controllers' not found, using default value 'false' instead.
2021-05-31 09:20:00,072 INFO o.a.j.r.c.ReportGeneratorConfiguration: Property 'jmeter.reportgenerator.exporter.json.filters_only_sample_series' not found, using default value 'true' instead.
2021-05-31 09:20:00,073 INFO o.a.j.r.c.ReportGeneratorConfiguration: Property 'jmeter.reportgenerator.exporter.json.series_filter' not found, using default value '' instead.
2021-05-31 09:20:00,073 INFO o.a.j.r.c.ReportGeneratorConfiguration: Property 'jmeter.reportgenerator.exporter.json.show_controllers_only' not found, using default value 'false' instead.
2021-05-31 09:20:00,073 INFO o.a.j.r.c.ReportGeneratorConfiguration: Property 'jmeter.reportgenerator.exporter.html.filters_only_sample_series' not found, using default value 'true' instead.
2021-05-31 09:20:00,073 INFO o.a.j.r.c.ReportGeneratorConfiguration: Property 'jmeter.reportgenerator.exporter.html.series_filter' not found, using default value '' instead.
2021-05-31 09:20:00,073 INFO o.a.j.r.c.ReportGeneratorConfiguration: Property 'jmeter.reportgenerator.exporter.html.show_controllers_only' not found, using default value 'false' instead.
2021-05-31 09:20:00,077 INFO o.a.j.e.StandardJMeterEngine: Running the test!
2021-05-31 09:20:00,077 INFO o.a.j.s.SampleEvent: List of sample_variables: []
2021-05-31 09:20:00,077 INFO o.a.j.s.SampleEvent: List of sample_variables: []
2021-05-31 09:20:00,082 INFO o.a.j.e.u.CompoundVariable: Note: Function class names must contain the string: '.functions.'
2021-05-31 09:20:00,082 INFO o.a.j.e.u.CompoundVariable: Note: Function class names must not contain the string: '.gui.'
2021-05-31 09:20:00,527 INFO o.a.j.JMeter: Running test (1622433000527)
2021-05-31 09:20:00,597 INFO o.a.j.e.StandardJMeterEngine: Starting ThreadGroup: 1 : L0-iSource-JOB
2021-05-31 09:20:00,598 INFO o.a.j.e.StandardJMeterEngine: Starting 10 threads for group L0-iSource-JOB.
2021-05-31 09:20:00,598 INFO o.a.j.e.StandardJMeterEngine: Thread will stop on error
2021-05-31 09:20:00,598 INFO o.a.j.t.ThreadGroup: Starting thread group... number=1 threads=10 ramp-up=30 perThread=3000.0 delayedStart=false
2021-05-31 09:20:00,626 INFO o.a.j.s.SampleResult: Note: Sample TimeStamps are START times
2021-05-31 09:20:00,626 INFO o.a.j.s.SampleResult: sampleresult.default.encoding is set to ISO-8859-1
2021-05-31 09:20:00,626 INFO o.a.j.s.SampleResult: sampleresult.useNanoTime=true
2021-05-31 09:20:00,626 INFO o.a.j.s.SampleResult: sampleresult.nanoThreadSleep=5000
2021-05-31 09:20:00,637 INFO o.a.j.t.JMeterThread: Thread started: L0-iSource-JOB 1-1
2021-05-31 09:20:00,640 INFO o.a.j.c.LoopController: iterationStart called on 5.6# Questions_Text with source org.apache.jmeter.control.LoopController@75a90f79 and iteration 1
2021-05-31 09:20:00,640 INFO o.a.j.c.LoopController: iterationStart called on 5.4# Questions_Multichoice with source org.apache.jmeter.control.LoopController@75a90f79 and iteration 1
2021-05-31 09:20:00,640 INFO o.a.j.s.FileServer: Stored: D:\apache-jmeter-5.1\apache-jmeter-5.1\bin\excel\isource\Partner_ZCS_Users.csv
2021-05-31 09:20:00,656 INFO o.a.j.p.h.s.HTTPHCAbstractImpl: Local host = ZIPLSY2278
2021-05-31 09:20:00,662 INFO o.a.j.p.h.s.HTTPHC4Impl: HTTP request retry count = 0
2021-05-31 09:20:00,749 INFO o.a.j.p.h.s.h.LazyLayeredConnectionSocketFactory: Setting up HTTPS TrustAll Socket Factory
2021-05-31 09:20:00,756 INFO o.a.j.u.JsseSSLManager: Using default SSL protocol: TLS
2021-05-31 09:20:00,756 INFO o.a.j.u.JsseSSLManager: SSL session context: per-thread
2021-05-31 09:20:00,782 INFO o.a.j.t.ThreadGroup: Started thread group number 1
2021-05-31 09:20:00,782 INFO o.a.j.e.StandardJMeterEngine: All thread groups have been started
2021-05-31 09:20:01,295 INFO o.a.j.u.SSLManager: JmeterKeyStore Location:  type JKS
2021-05-31 09:20:01,297 INFO o.a.j.u.SSLManager: KeyStore created OK
2021-05-31 09:20:01,297 WARN o.a.j.u.SSLManager: Keystore file not found, loading empty keystore
2021-05-31 09:20:02,033 INFO o.a.j.r.Summariser: summary +      1 in 00:00:02 =    0.7/s Avg:  1317 Min:  1317 Max:  1317 Err:     0 (0.00%) Active: 1 Started: 1 Finished: 0
2021-05-31 09:20:03,645 INFO o.a.j.t.JMeterThread: Thread started: L0-iSource-JOB 1-2
2021-05-31 09:20:03,645 INFO o.a.j.c.LoopController: iterationStart called on 5.6# Questions_Text with source org.apache.jmeter.control.LoopController@21cc4e4b and iteration 1
2021-05-31 09:20:03,646 INFO o.a.j.c.LoopController: iterationStart called on 5.4# Questions_Multichoice with source org.apache.jmeter.control.LoopController@21cc4e4b and iteration 1
2021-05-31 09:20:06,676 INFO o.a.j.t.JMeterThread: Thread started: L0-iSource-JOB 1-3
2021-05-31 09:20:06,677 INFO o.a.j.c.LoopController: iterationStart called on 5.6# Questions_Text with source org.apache.jmeter.control.LoopController@6e1f5d03 and iteration 1
2021-05-31 09:20:06,677 INFO o.a.j.c.LoopController: iterationStart called on 5.4# Questions_Multichoice with source org.apache.jmeter.control.LoopController@6e1f5d03 and iteration 1
2021-05-31 09:20:09,697 INFO o.a.j.t.JMeterThread: Thread started: L0-iSource-JOB 1-4
2021-05-31 09:20:09,698 INFO o.a.j.c.LoopController: iterationStart called on 5.6# Questions_Text with source org.apache.jmeter.control.LoopController@2021c289 and iteration 1
2021-05-31 09:20:09,698 INFO o.a.j.c.LoopController: iterationStart called on 5.4# Questions_Multichoice with source org.apache.jmeter.control.LoopController@2021c289 and iteration 1
2021-05-31 09:20:12,716 INFO o.a.j.t.JMeterThread: Thread started: L0-iSource-JOB 1-5
2021-05-31 09:20:12,717 INFO o.a.j.c.LoopController: iterationStart called on 5.6# Questions_Text with source org.apache.jmeter.control.LoopController@1045c61a and iteration 1
2021-05-31 09:20:12,718 INFO o.a.j.c.LoopController: iterationStart called on 5.4# Questions_Multichoice with source org.apache.jmeter.control.LoopController@1045c61a and iteration 1
2021-05-31 09:20:15,735 INFO o.a.j.t.JMeterThread: Thread started: L0-iSource-JOB 1-6
2021-05-31 09:20:15,735 INFO o.a.j.c.LoopController: iterationStart called on 5.6# Questions_Text with source org.apache.jmeter.control.LoopController@518d9078 and iteration 1
2021-05-31 09:20:15,735 INFO o.a.j.c.LoopController: iterationStart called on 5.4# Questions_Multichoice with source org.apache.jmeter.control.LoopController@518d9078 and iteration 1
2021-05-31 09:20:18,750 INFO o.a.j.t.JMeterThread: Thread started: L0-iSource-JOB 1-7
2021-05-31 09:20:18,750 INFO o.a.j.c.LoopController: iterationStart called on 5.6# Questions_Text with source org.apache.jmeter.control.LoopController@2a578250 and iteration 1
2021-05-31 09:20:18,750 INFO o.a.j.c.LoopController: iterationStart called on 5.4# Questions_Multichoice with source org.apache.jmeter.control.LoopController@2a578250 and iteration 1
2021-05-31 09:20:21,765 INFO o.a.j.t.JMeterThread: Thread started: L0-iSource-JOB 1-8
2021-05-31 09:20:21,765 INFO o.a.j.c.LoopController: iterationStart called on 5.6# Questions_Text with source org.apache.jmeter.control.LoopController@23a53244 and iteration 1
2021-05-31 09:20:21,765 INFO o.a.j.c.LoopController: iterationStart called on 5.4# Questions_Multichoice with source org.apache.jmeter.control.LoopController@23a53244 and iteration 1
2021-05-31 09:20:24,776 INFO o.a.j.t.JMeterThread: Thread started: L0-iSource-JOB 1-9
2021-05-31 09:20:24,777 INFO o.a.j.c.LoopController: iterationStart called on 5.6# Questions_Text with source org.apache.jmeter.control.LoopController@544607b2 and iteration 1
2021-05-31 09:20:24,777 INFO o.a.j.c.LoopController: iterationStart called on 5.4# Questions_Multichoice with source org.apache.jmeter.control.LoopController@544607b2 and iteration 1
2021-05-31 09:20:27,787 INFO o.a.j.t.JMeterThread: Thread started: L0-iSource-JOB 1-10
2021-05-31 09:20:27,787 INFO o.a.j.c.LoopController: iterationStart called on 5.6# Questions_Text with source org.apache.jmeter.control.LoopController@240f5e62 and iteration 1
2021-05-31 09:20:27,787 INFO o.a.j.c.LoopController: iterationStart called on 5.4# Questions_Multichoice with source org.apache.jmeter.control.LoopController@240f5e62 and iteration 1
2021-05-31 09:20:30,159 INFO o.a.j.r.Summariser: summary +    142 in 00:00:28 =    5.0/s Avg:   338 Min:    12 Max:  1705 Err:     0 (0.00%) Active: 10 Started: 10 Finished: 0
2021-05-31 09:20:30,159 INFO o.a.j.r.Summariser: summary =    143 in 00:00:30 =    4.8/s Avg:   345 Min:    12 Max:  1705 Err:     0 (0.00%)
2021-05-31 09:21:00,287 INFO o.a.j.r.Summariser: summary +    105 in 00:00:30 =    3.5/s Avg:  1598 Min:    70 Max: 21758 Err:     0 (0.00%) Active: 10 Started: 10 Finished: 0
2021-05-31 09:21:00,289 INFO o.a.j.r.Summariser: summary =    248 in 00:01:00 =    4.1/s Avg:   875 Min:    12 Max: 21758 Err:     0 (0.00%)
2021-05-31 09:21:20,200 INFO o.a.j.t.JMeterThread: Stop Thread detected by thread: L0-iSource-JOB 1-1
2021-05-31 09:21:20,200 INFO o.a.j.t.JMeterThread: Thread finished: L0-iSource-JOB 1-1
2021-05-31 09:21:30,139 INFO o.a.j.r.Summariser: summary +    114 in 00:00:30 =    3.8/s Avg:  2687 Min:   253 Max: 60235 Err:     1 (0.88%) Active: 9 Started: 10 Finished: 1
2021-05-31 09:21:30,139 INFO o.a.j.r.Summariser: summary =    362 in 00:01:30 =    4.0/s Avg:  1446 Min:    12 Max: 60235 Err:     1 (0.28%)
2021-05-31 09:21:43,360 INFO o.a.j.s.FileServer: Stored: D:\apache-jmeter-5.1\apache-jmeter-5.1\bin\excel\isource\PricingLot_2000.xlsx
2021-05-31 09:22:00,169 INFO o.a.j.r.Summariser: summary +    136 in 00:00:30 =    4.5/s Avg:   973 Min:   296 Max: 10702 Err:     0 (0.00%) Active: 9 Started: 10 Finished: 1
2021-05-31 09:22:00,169 INFO o.a.j.r.Summariser: summary =    498 in 00:02:00 =    4.2/s Avg:  1317 Min:    12 Max: 60235 Err:     1 (0.20%)
2021-05-31 09:22:31,027 INFO o.a.j.r.Summariser: summary +    118 in 00:00:31 =    3.8/s Avg:  1965 Min:   334 Max: 13517 Err:     0 (0.00%) Active: 9 Started: 10 Finished: 1
2021-05-31 09:22:31,028 INFO o.a.j.r.Summariser: summary =    616 in 00:02:31 =    4.1/s Avg:  1441 Min:    12 Max: 60235 Err:     1 (0.16%)
2021-05-31 09:23:00,071 INFO o.a.j.r.Summariser: summary +     95 in 00:00:29 =    3.3/s Avg:  1968 Min:   298 Max:  3123 Err:     0 (0.00%) Active: 9 Started: 10 Finished: 1
2021-05-31 09:23:00,071 INFO o.a.j.r.Summariser: summary =    711 in 00:03:00 =    4.0/s Avg:  1511 Min:    12 Max: 60235 Err:     1 (0.14%)
2021-05-31 09:23:07,860 INFO o.a.j.s.FileServer: Stored: D:\apache-jmeter-5.1\apache-jmeter-5.1\bin\excel\isource\MCQquest.xlsx
2021-05-31 09:23:15,111 INFO o.a.j.s.FileServer: Stored: D:\apache-jmeter-5.1\apache-jmeter-5.1\bin\excel\isource\100mb.docx
2021-05-31 09:23:30,122 INFO o.a.j.r.Summariser: summary +    146 in 00:00:30 =    4.9/s Avg:   721 Min:   285 Max:  2463 Err:     0 (0.00%) Active: 9 Started: 10 Finished: 1
2021-05-31 09:23:30,122 INFO o.a.j.r.Summariser: summary =    857 in 00:03:30 =    4.1/s Avg:  1377 Min:    12 Max: 60235 Err:     1 (0.12%)
2021-05-31 09:24:00,041 INFO o.a.j.r.Summariser: summary +    159 in 00:00:30 =    5.3/s Avg:   864 Min:   281 Max:  9294 Err:     0 (0.00%) Active: 9 Started: 10 Finished: 1
2021-05-31 09:24:00,041 INFO o.a.j.r.Summariser: summary =   1016 in 00:04:00 =    4.2/s Avg:  1296 Min:    12 Max: 60235 Err:     1 (0.10%)
2021-05-31 09:24:17,673 ERROR o.a.j.u.BeanShellInterpreter: Error invoking bsh method: eval	Sourced file: inline evaluation of: ``String totalRecords = vars.get("totalRecords"); String perpage = vars.get("perpa . . . '' : Typed variable declaration : Method Invocation Integer.parseInt
2021-05-31 09:24:17,673 WARN o.a.j.e.BeanShellPostProcessor: Problem in BeanShell script: org.apache.jorphan.util.JMeterException: Error invoking bsh method: eval	Sourced file: inline evaluation of: ``String totalRecords = vars.get("totalRecords"); String perpage = vars.get("perpa . . . '' : Typed variable declaration : Method Invocation Integer.parseInt
2021-05-31 09:24:20,017 ERROR o.a.j.u.BeanShellInterpreter: Error invoking bsh method: eval	Sourced file: inline evaluation of: ``String totalRecords = vars.get("totalRecords"); String perpage = vars.get("perpa . . . '' : Typed variable declaration : Method Invocation Integer.parseInt
2021-05-31 09:24:20,017 WARN o.a.j.e.BeanShellPostProcessor: Problem in BeanShell script: org.apache.jorphan.util.JMeterException: Error invoking bsh method: eval	Sourced file: inline evaluation of: ``String totalRecords = vars.get("totalRecords"); String perpage = vars.get("perpa . . . '' : Typed variable declaration : Method Invocation Integer.parseInt
2021-05-31 09:24:22,667 ERROR o.a.j.u.BeanShellInterpreter: Error invoking bsh method: eval	Sourced file: inline evaluation of: ``String totalRecords = vars.get("totalRecords"); String perpage = vars.get("perpa . . . '' : Typed variable declaration : Method Invocation Integer.parseInt
2021-05-31 09:24:22,667 WARN o.a.j.e.BeanShellPostProcessor: Problem in BeanShell script: org.apache.jorphan.util.JMeterException: Error invoking bsh method: eval	Sourced file: inline evaluation of: ``String totalRecords = vars.get("totalRecords"); String perpage = vars.get("perpa . . . '' : Typed variable declaration : Method Invocation Integer.parseInt
2021-05-31 09:24:25,025 ERROR o.a.j.u.BeanShellInterpreter: Error invoking bsh method: eval	Sourced file: inline evaluation of: ``String totalRecords = vars.get("totalRecords"); String perpage = vars.get("perpa . . . '' : Typed variable declaration : Method Invocation Integer.parseInt
2021-05-31 09:24:25,025 WARN o.a.j.e.BeanShellPostProcessor: Problem in BeanShell script: org.apache.jorphan.util.JMeterException: Error invoking bsh method: eval	Sourced file: inline evaluation of: ``String totalRecords = vars.get("totalRecords"); String perpage = vars.get("perpa . . . '' : Typed variable declaration : Method Invocation Integer.parseInt
2021-05-31 09:24:27,983 ERROR o.a.j.u.BeanShellInterpreter: Error invoking bsh method: eval	Sourced file: inline evaluation of: ``String totalRecords = vars.get("totalRecords"); String perpage = vars.get("perpa . . . '' : Typed variable declaration : Method Invocation Integer.parseInt
2021-05-31 09:24:27,983 WARN o.a.j.e.BeanShellPostProcessor: Problem in BeanShell script: org.apache.jorphan.util.JMeterException: Error invoking bsh method: eval	Sourced file: inline evaluation of: ``String totalRecords = vars.get("totalRecords"); String perpage = vars.get("perpa . . . '' : Typed variable declaration : Method Invocation Integer.parseInt
2021-05-31 09:24:30,954 INFO o.a.j.r.Summariser: summary +    195 in 00:00:31 =    6.3/s Avg:   802 Min:   291 Max:  9671 Err:     0 (0.00%) Active: 9 Started: 10 Finished: 1
2021-05-31 09:24:30,954 INFO o.a.j.r.Summariser: summary =   1211 in 00:04:30 =    4.5/s Avg:  1217 Min:    12 Max: 60235 Err:     1 (0.08%)
2021-05-31 09:24:31,271 ERROR o.a.j.u.BeanShellInterpreter: Error invoking bsh method: eval	Sourced file: inline evaluation of: ``String totalRecords = vars.get("totalRecords"); String perpage = vars.get("perpa . . . '' : Typed variable declaration : Method Invocation Integer.parseInt
2021-05-31 09:24:31,271 WARN o.a.j.e.BeanShellPostProcessor: Problem in BeanShell script: org.apache.jorphan.util.JMeterException: Error invoking bsh method: eval	Sourced file: inline evaluation of: ``String totalRecords = vars.get("totalRecords"); String perpage = vars.get("perpa . . . '' : Typed variable declaration : Method Invocation Integer.parseInt
2021-05-31 09:24:33,259 ERROR o.a.j.u.BeanShellInterpreter: Error invoking bsh method: eval	Sourced file: inline evaluation of: ``String totalRecords = vars.get("totalRecords"); String perpage = vars.get("perpa . . . '' : Typed variable declaration : Method Invocation Integer.parseInt
2021-05-31 09:24:33,259 WARN o.a.j.e.BeanShellPostProcessor: Problem in BeanShell script: org.apache.jorphan.util.JMeterException: Error invoking bsh method: eval	Sourced file: inline evaluation of: ``String totalRecords = vars.get("totalRecords"); String perpage = vars.get("perpa . . . '' : Typed variable declaration : Method Invocation Integer.parseInt
2021-05-31 09:24:37,735 ERROR o.a.j.u.BeanShellInterpreter: Error invoking bsh method: eval	Sourced file: inline evaluation of: ``String totalRecords = vars.get("totalRecords"); String perpage = vars.get("perpa . . . '' : Typed variable declaration : Method Invocation Integer.parseInt
2021-05-31 09:24:37,735 WARN o.a.j.e.BeanShellPostProcessor: Problem in BeanShell script: org.apache.jorphan.util.JMeterException: Error invoking bsh method: eval	Sourced file: inline evaluation of: ``String totalRecords = vars.get("totalRecords"); String perpage = vars.get("perpa . . . '' : Typed variable declaration : Method Invocation Integer.parseInt
2021-05-31 09:24:39,634 ERROR o.a.j.u.BeanShellInterpreter: Error invoking bsh method: eval	Sourced file: inline evaluation of: ``String totalRecords = vars.get("totalRecords"); String perpage = vars.get("perpa . . . '' : Typed variable declaration : Method Invocation Integer.parseInt
2021-05-31 09:24:39,634 WARN o.a.j.e.BeanShellPostProcessor: Problem in BeanShell script: org.apache.jorphan.util.JMeterException: Error invoking bsh method: eval	Sourced file: inline evaluation of: ``String totalRecords = vars.get("totalRecords"); String perpage = vars.get("perpa . . . '' : Typed variable declaration : Method Invocation Integer.parseInt
2021-05-31 09:25:02,087 INFO o.a.j.r.Summariser: summary +     37 in 00:00:31 =    1.2/s Avg:  6607 Min:   315 Max: 20500 Err:     0 (0.00%) Active: 9 Started: 10 Finished: 1
2021-05-31 09:25:02,087 INFO o.a.j.r.Summariser: summary =   1248 in 00:05:02 =    4.1/s Avg:  1377 Min:    12 Max: 60235 Err:     1 (0.08%)
2021-05-31 09:25:30,388 INFO o.a.j.r.Summariser: summary +     56 in 00:00:28 =    2.0/s Avg:  3088 Min:   351 Max: 11254 Err:     0 (0.00%) Active: 9 Started: 10 Finished: 1
2021-05-31 09:25:30,388 INFO o.a.j.r.Summariser: summary =   1304 in 00:05:30 =    4.0/s Avg:  1450 Min:    12 Max: 60235 Err:     1 (0.08%)
2021-05-31 09:26:00,130 INFO o.a.j.r.Summariser: summary +    137 in 00:00:30 =    4.6/s Avg:  1830 Min:   254 Max: 14144 Err:     0 (0.00%) Active: 9 Started: 10 Finished: 1
2021-05-31 09:26:00,131 INFO o.a.j.r.Summariser: summary =   1441 in 00:06:00 =    4.0/s Avg:  1486 Min:    12 Max: 60235 Err:     1 (0.07%)
2021-05-31 09:26:21,979 INFO o.a.j.t.JMeterThread: Thread is done: L0-iSource-JOB 1-7
2021-05-31 09:26:21,979 INFO o.a.j.t.JMeterThread: Thread finished: L0-iSource-JOB 1-7
2021-05-31 09:26:22,121 INFO o.a.j.t.JMeterThread: Thread is done: L0-iSource-JOB 1-5
2021-05-31 09:26:22,121 INFO o.a.j.t.JMeterThread: Thread finished: L0-iSource-JOB 1-5
2021-05-31 09:26:22,289 INFO o.a.j.t.JMeterThread: Thread is done: L0-iSource-JOB 1-3
2021-05-31 09:26:22,289 INFO o.a.j.t.JMeterThread: Thread finished: L0-iSource-JOB 1-3
2021-05-31 09:26:22,780 INFO o.a.j.t.JMeterThread: Thread is done: L0-iSource-JOB 1-6
2021-05-31 09:26:22,780 INFO o.a.j.t.JMeterThread: Thread finished: L0-iSource-JOB 1-6
2021-05-31 09:26:22,943 INFO o.a.j.t.JMeterThread: Thread is done: L0-iSource-JOB 1-2
2021-05-31 09:26:22,943 INFO o.a.j.t.JMeterThread: Thread finished: L0-iSource-JOB 1-2
2021-05-31 09:26:25,213 INFO o.a.j.t.JMeterThread: Thread is done: L0-iSource-JOB 1-8
2021-05-31 09:26:25,213 INFO o.a.j.t.JMeterThread: Thread finished: L0-iSource-JOB 1-8
2021-05-31 09:26:25,673 INFO o.a.j.t.JMeterThread: Thread is done: L0-iSource-JOB 1-9
2021-05-31 09:26:25,673 INFO o.a.j.t.JMeterThread: Thread finished: L0-iSource-JOB 1-9
2021-05-31 09:26:31,409 INFO o.a.j.r.Summariser: summary +     70 in 00:00:31 =    2.2/s Avg:  3036 Min:   283 Max: 15540 Err:     0 (0.00%) Active: 2 Started: 10 Finished: 8
2021-05-31 09:26:31,410 INFO o.a.j.r.Summariser: summary =   1511 in 00:06:31 =    3.9/s Avg:  1558 Min:    12 Max: 60235 Err:     1 (0.07%)
2021-05-31 09:26:31,410 INFO o.a.j.t.JMeterThread: Thread is done: L0-iSource-JOB 1-10
2021-05-31 09:26:31,410 INFO o.a.j.t.JMeterThread: Thread finished: L0-iSource-JOB 1-10
2021-05-31 09:26:31,970 INFO o.a.j.t.JMeterThread: Thread is done: L0-iSource-JOB 1-4
2021-05-31 09:26:31,970 INFO o.a.j.t.JMeterThread: Thread finished: L0-iSource-JOB 1-4
2021-05-31 09:26:31,971 INFO o.a.j.e.StandardJMeterEngine: Notifying test listeners of end of test
2021-05-31 09:26:31,972 INFO o.a.j.s.FileServer: Close: D:\apache-jmeter-5.1\apache-jmeter-5.1\bin\excel\isource\Partner_ZCS_Users.csv
2021-05-31 09:26:31,974 INFO o.a.j.r.Summariser: summary +      1 in 00:00:01 =    1.8/s Avg:   280 Min:   280 Max:   280 Err:     0 (0.00%) Active: 0 Started: 10 Finished: 10
2021-05-31 09:26:31,975 INFO o.a.j.r.Summariser: summary =   1512 in 00:06:31 =    3.9/s Avg:  1557 Min:    12 Max: 60235 Err:     1 (0.07%)
2021-05-31 09:26:31,975 INFO o.a.j.JMeter: Generating Dashboard
2021-05-31 09:26:31,975 INFO o.a.j.r.d.ReportGenerator: Flushing result collector before report Generation
2021-05-31 09:26:32,003 INFO o.a.j.r.p.NormalizerSampleConsumer: Using format, 'ms', to parse timeStamp field
2021-05-31 09:26:32,153 INFO o.a.j.r.p.AbstractSampleConsumer: class org.apache.jmeter.report.processor.AggregateConsumer#stopProducing(): beginDate produced 0 samples
2021-05-31 09:26:32,153 INFO o.a.j.r.p.AbstractSampleConsumer: class org.apache.jmeter.report.processor.AggregateConsumer#stopProducing(): endDate produced 0 samples
2021-05-31 09:26:32,155 INFO o.a.j.r.p.AbstractSampleConsumer: class org.apache.jmeter.report.processor.ApdexSummaryConsumer#stopProducing(): apdexSummary produced 0 samples
2021-05-31 09:26:32,155 INFO o.a.j.r.p.AbstractSampleConsumer: class org.apache.jmeter.report.processor.RequestsSummaryConsumer#stopProducing(): requestsSummary produced 0 samples
2021-05-31 09:26:32,163 INFO o.a.j.r.p.AbstractSampleConsumer: class org.apache.jmeter.report.processor.StatisticsSummaryConsumer#stopProducing(): statisticsSummary produced 0 samples
2021-05-31 09:26:32,168 INFO o.a.j.r.p.AbstractSampleConsumer: class org.apache.jmeter.report.processor.Top5ErrorsBySamplerConsumer#stopProducing(): top5ErrorsBySampler produced 0 samples
2021-05-31 09:26:32,168 INFO o.a.j.r.p.AbstractSampleConsumer: class org.apache.jmeter.report.processor.ErrorsSummaryConsumer#stopProducing(): errorsSummary produced 0 samples
2021-05-31 09:26:32,168 INFO o.a.j.r.p.AbstractSampleConsumer: class org.apache.jmeter.report.processor.graph.impl.HitsPerSecondGraphConsumer#stopProducing(): hitsPerSecond produced 0 samples
2021-05-31 09:26:32,188 INFO o.a.j.r.p.AbstractSampleConsumer: class org.apache.jmeter.report.processor.graph.impl.LatencyVSRequestGraphConsumer#stopProducing(): latencyVsRequest produced 0 samples
2021-05-31 09:26:32,189 INFO o.a.j.r.p.AbstractSampleConsumer: class org.apache.jmeter.report.processor.graph.impl.SyntheticResponseTimeDistributionGraphConsumer#stopProducing(): syntheticResponseTimeDistribution produced 0 samples
2021-05-31 09:26:32,189 INFO o.a.j.r.p.AbstractSampleConsumer: class org.apache.jmeter.report.processor.graph.impl.BytesThroughputGraphConsumer#stopProducing(): bytesThroughputOverTime produced 0 samples
2021-05-31 09:26:32,189 INFO o.a.j.r.p.AbstractSampleConsumer: class org.apache.jmeter.report.processor.graph.impl.CodesPerSecondGraphConsumer#stopProducing(): codesPerSecond produced 0 samples
2021-05-31 09:26:32,202 INFO o.a.j.r.p.AbstractSampleConsumer: class org.apache.jmeter.report.processor.graph.impl.ResponseTimeVSRequestGraphConsumer#stopProducing(): responseTimeVsRequest produced 0 samples
2021-05-31 09:26:32,202 INFO o.a.j.r.p.AbstractSampleConsumer: class org.apache.jmeter.report.processor.FilterConsumer#stopProducing(): startIntervalControlerFilter produced 10584 samples
2021-05-31 09:26:32,202 INFO o.a.j.r.p.AbstractSampleConsumer: class org.apache.jmeter.report.processor.graph.impl.TotalTPSGraphConsumer#stopProducing(): totalTPS produced 0 samples
2021-05-31 09:26:32,203 INFO o.a.j.r.p.AbstractSampleConsumer: class org.apache.jmeter.report.processor.graph.impl.ActiveThreadsGraphConsumer#stopProducing(): activeThreadsOverTime produced 0 samples
2021-05-31 09:26:32,203 INFO o.a.j.r.p.AbstractSampleConsumer: class org.apache.jmeter.report.processor.graph.impl.TimeVSThreadGraphConsumer#stopProducing(): timeVsThreads produced 0 samples
2021-05-31 09:26:32,210 INFO o.a.j.r.p.AbstractSampleConsumer: class org.apache.jmeter.report.processor.graph.impl.ResponseTimeDistributionGraphConsumer#stopProducing(): responseTimeDistribution produced 0 samples
2021-05-31 09:26:32,211 INFO o.a.j.r.p.AbstractSampleConsumer: class org.apache.jmeter.report.processor.graph.impl.TransactionsPerSecondGraphConsumer#stopProducing(): transactionsPerSecond produced 0 samples
2021-05-31 09:26:32,212 INFO o.a.j.r.p.AbstractSampleConsumer: class org.apache.jmeter.report.processor.graph.impl.ResponseTimePercentilesGraphConsumer#stopProducing(): responseTimePercentiles produced 0 samples
2021-05-31 09:26:32,231 INFO o.a.j.r.p.AbstractSampleConsumer: class org.apache.jmeter.report.processor.graph.impl.ResponseTimePercentilesOverTimeGraphConsumer#stopProducing(): responseTimePercentilesOverTime produced 0 samples
2021-05-31 09:26:32,232 INFO o.a.j.r.p.AbstractSampleConsumer: class org.apache.jmeter.report.processor.graph.impl.ResponseTimeOverTimeGraphConsumer#stopProducing(): responseTimesOverTime produced 0 samples
2021-05-31 09:26:32,233 INFO o.a.j.r.p.AbstractSampleConsumer: class org.apache.jmeter.report.processor.graph.impl.ConnectTimeOverTimeGraphConsumer#stopProducing(): connectTimeOverTime produced 0 samples
2021-05-31 09:26:32,234 INFO o.a.j.r.p.AbstractSampleConsumer: class org.apache.jmeter.report.processor.graph.impl.LatencyOverTimeGraphConsumer#stopProducing(): latenciesOverTime produced 0 samples
2021-05-31 09:26:32,235 INFO o.a.j.r.p.AbstractSampleConsumer: class org.apache.jmeter.report.processor.FilterConsumer#stopProducing(): nameFilter produced 25815 samples
2021-05-31 09:26:32,235 INFO o.a.j.r.p.AbstractSampleConsumer: class org.apache.jmeter.report.processor.FilterConsumer#stopProducing(): dateRangeFilter produced 5163 samples
2021-05-31 09:26:32,235 INFO o.a.j.r.p.AbstractSampleConsumer: class org.apache.jmeter.report.processor.NormalizerSampleConsumer#stopProducing(): normalizer produced 1721 samples
2021-05-31 09:26:32,235 INFO o.a.j.r.p.CsvFileSampleSource: produce(): 1721 samples produced in 212ms on channel 0
2021-05-31 09:26:32,235 INFO o.a.j.r.d.ReportGenerator: Exporting data using exporter:'json' of className:'org.apache.jmeter.report.dashboard.JsonExporter'
2021-05-31 09:26:32,237 INFO o.a.j.r.d.JsonExporter: Found data for consumer statisticsSummary in context
2021-05-31 09:26:32,237 INFO o.a.j.r.d.JsonExporter: Creating statistics for overall
2021-05-31 09:26:32,237 INFO o.a.j.r.d.JsonExporter: Creating statistics for other transactions
2021-05-31 09:26:32,238 INFO o.a.j.r.d.JsonExporter: Checking output folder
2021-05-31 09:26:32,239 INFO o.a.j.r.d.JsonExporter: Writing statistics JSON to C:\xampp\htdocs\PerformancePostgres\L0_iSource_10_RFQMultipleQuestionsPublish_2021-05-31_8\statistics.json
2021-05-31 09:26:32,375 INFO o.a.j.r.d.ReportGenerator: Exporting data using exporter:'html' of className:'org.apache.jmeter.report.dashboard.HtmlTemplateExporter'
2021-05-31 09:26:32,378 INFO o.a.j.r.d.HtmlTemplateExporter: Will generate dashboard in folder: C:\xampp\htdocs\PerformancePostgres\L0_iSource_10_RFQMultipleQuestionsPublish_2021-05-31_8
2021-05-31 09:26:32,661 INFO o.a.j.r.d.HtmlTemplateExporter: Report will be generated in: C:\xampp\htdocs\PerformancePostgres\L0_iSource_10_RFQMultipleQuestionsPublish_2021-05-31_8, creating folder structure
2021-05-31 09:26:32,665 INFO o.a.j.r.d.TemplateVisitor: Copying folder from 'D:\apache-jmeter-5.1\apache-jmeter-5.1\bin\report-template' to 'C:\xampp\htdocs\PerformancePostgres\L0_iSource_10_RFQMultipleQuestionsPublish_2021-05-31_8', got message:[C:\xampp\htdocs\PerformancePostgres\L0_iSource_10_RFQMultipleQuestionsPublish_2021-05-31_8\statistics.json], found non empty folder with following content {}, will be ignored
2021-05-31 09:26:33,717 INFO o.a.j.JMeter: Dashboard generated
