2021-07-01 15:32:45,362 INFO o.a.j.u.JMeterUtils: Setting Locale to en_EN
2021-07-01 15:32:45,373 INFO o.a.j.JMeter: Loading user properties from: user.properties
2021-07-01 15:32:45,373 INFO o.a.j.JMeter: Loading system properties from: system.properties
2021-07-01 15:32:45,373 INFO o.a.j.JMeter: Setting JMeter property: meter.reportgenerator.report_title=RaceConditionAuction
2021-07-01 15:32:45,373 INFO o.a.j.JMeter: Setting JMeter property: thread=50
2021-07-01 15:32:45,373 INFO o.a.j.JMeter: Setting JMeter property: rampup=100
2021-07-01 15:32:45,377 INFO o.a.j.JMeter: Copyright (c) 1998-2019 The Apache Software Foundation
2021-07-01 15:32:45,377 INFO o.a.j.JMeter: Version 5.1 r1853635
2021-07-01 15:32:45,377 INFO o.a.j.JMeter: java.version=1.8.0_121
2021-07-01 15:32:45,377 INFO o.a.j.JMeter: java.vm.name=Java HotSpot(TM) 64-Bit Server VM
2021-07-01 15:32:45,377 INFO o.a.j.JMeter: os.name=Windows 10
2021-07-01 15:32:45,377 INFO o.a.j.JMeter: os.arch=amd64
2021-07-01 15:32:45,378 INFO o.a.j.JMeter: os.version=10.0
2021-07-01 15:32:45,378 INFO o.a.j.JMeter: file.encoding=Cp1252
2021-07-01 15:32:45,378 INFO o.a.j.JMeter: java.awt.headless=true
2021-07-01 15:32:45,378 INFO o.a.j.JMeter: Max memory     =8589934592
2021-07-01 15:32:45,378 INFO o.a.j.JMeter: Available Processors =6
2021-07-01 15:32:45,380 INFO o.a.j.JMeter: Default Locale=English (EN)
2021-07-01 15:32:45,381 INFO o.a.j.JMeter: JMeter  Locale=English (EN)
2021-07-01 15:32:45,381 INFO o.a.j.JMeter: JMeterHome=D:\apache-jmeter-5.1\apache-jmeter-5.1
2021-07-01 15:32:45,381 INFO o.a.j.JMeter: user.dir  =D:\apache-jmeter-5.1\apache-jmeter-5.1\bin
2021-07-01 15:32:45,381 INFO o.a.j.JMeter: PWD       =D:\apache-jmeter-5.1\apache-jmeter-5.1\bin
2021-07-01 15:32:45,382 INFO o.a.j.JMeter: IP: 172.30.225.123 Name: ZIPLSY2278 FullName: ZIPLSY2278.zycus.net
2021-07-01 15:32:45,384 INFO o.a.j.JMeter: Setting property 'jmeter.reportgenerator.outputdir' to:'C:\xampp\htdocs\PerformancePostgres\L0_iSource_50_RaceConditionAuction_2021-07-01_22'
2021-07-01 15:32:45,385 INFO o.a.j.s.FileServer: Default base='D:\apache-jmeter-5.1\apache-jmeter-5.1\bin'
2021-07-01 15:32:45,388 INFO o.a.j.s.FileServer: Set new base='D:\PostrgresMigration\iSource'
2021-07-01 15:32:45,488 INFO o.a.j.s.SaveService: Testplan (JMX) version: 2.2. Testlog (JTL) version: 2.2
2021-07-01 15:32:45,502 INFO o.a.j.s.SaveService: Using SaveService properties file encoding UTF-8
2021-07-01 15:32:45,506 INFO o.a.j.s.SaveService: Using SaveService properties version 5.0
2021-07-01 15:32:45,511 INFO o.a.j.s.SaveService: Loading file: D:\PostrgresMigration\iSource\iSource_RaceConditionAuction.jmx
2021-07-01 15:32:45,586 INFO o.a.j.p.h.c.CookieManager: Settings: Delete null: true Check: true Allow variable: true Save: false Prefix: COOKIE_
2021-07-01 15:32:45,591 INFO o.a.j.p.h.c.CacheManager: Will only cache the following methods: [GET]
2021-07-01 15:32:45,601 INFO o.a.j.p.h.s.HTTPSamplerBase: Parser for text/html is org.apache.jmeter.protocol.http.parser.LagartoBasedHtmlParser
2021-07-01 15:32:45,601 INFO o.a.j.p.h.s.HTTPSamplerBase: Parser for application/xhtml+xml is org.apache.jmeter.protocol.http.parser.LagartoBasedHtmlParser
2021-07-01 15:32:45,601 INFO o.a.j.p.h.s.HTTPSamplerBase: Parser for application/xml is org.apache.jmeter.protocol.http.parser.LagartoBasedHtmlParser
2021-07-01 15:32:45,601 INFO o.a.j.p.h.s.HTTPSamplerBase: Parser for text/xml is org.apache.jmeter.protocol.http.parser.LagartoBasedHtmlParser
2021-07-01 15:32:45,601 INFO o.a.j.p.h.s.HTTPSamplerBase: Parser for text/vnd.wap.wml is org.apache.jmeter.protocol.http.parser.RegexpHTMLParser
2021-07-01 15:32:45,601 INFO o.a.j.p.h.s.HTTPSamplerBase: Parser for text/css is org.apache.jmeter.protocol.http.parser.CssParser
2021-07-01 15:32:45,796 INFO o.a.j.JMeter: Creating summariser <summary>
2021-07-01 15:32:45,800 INFO o.a.j.r.d.ReportGenerator: ReportGenerator will use for Parsing the separator: ','
2021-07-01 15:32:45,800 INFO o.a.j.r.d.ReportGenerator: Will generate report at end of test from  results file: D:\PostrgresMigration\iSource\JTL\L0_iSource_50_RaceConditionAuction_2021-07-01_22.jtl
2021-07-01 15:32:45,800 INFO o.a.j.r.d.ReportGenerator: Reading report generator properties from: D:\apache-jmeter-5.1\apache-jmeter-5.1\bin\reportgenerator.properties
2021-07-01 15:32:45,801 INFO o.a.j.r.d.ReportGenerator: Merging with JMeter properties
2021-07-01 15:32:45,805 INFO o.a.j.r.c.ReportGeneratorConfiguration: Property 'jmeter.reportgenerator.temp_dir' not found, using default value 'temp' instead.
2021-07-01 15:32:45,807 INFO o.a.j.r.c.ReportGeneratorConfiguration: Property 'jmeter.reportgenerator.apdex_per_transaction' not found, using default value 'null' instead.
2021-07-01 15:32:45,807 INFO o.a.j.r.c.ReportGeneratorConfiguration: apdex_per_transaction : {} is empty, not APDEX per transaction customization
2021-07-01 15:32:45,807 INFO o.a.j.r.c.ReportGeneratorConfiguration: Property 'jmeter.reportgenerator.sample_filter' not found, using default value 'null' instead.
2021-07-01 15:32:45,807 INFO o.a.j.r.c.ReportGeneratorConfiguration: Property 'jmeter.reportgenerator.report_title' not found, using default value 'null' instead.
2021-07-01 15:32:45,807 INFO o.a.j.r.c.ReportGeneratorConfiguration: Property 'jmeter.reportgenerator.start_date' not found, using default value 'null' instead.
2021-07-01 15:32:45,808 INFO o.a.j.r.c.ReportGeneratorConfiguration: Property 'jmeter.reportgenerator.end_date' not found, using default value 'null' instead.
2021-07-01 15:32:45,808 INFO o.a.j.r.c.ReportGeneratorConfiguration: Property 'jmeter.reportgenerator.date_format' not found, using default value 'null' instead.
2021-07-01 15:32:45,808 INFO o.a.j.r.c.ReportGeneratorConfiguration: Will use date range start date: null, end date: null
2021-07-01 15:32:45,811 INFO o.a.j.r.c.ReportGeneratorConfiguration: Property 'jmeter.reportgenerator.graph.totalTPS.exclude_controllers' not found, using default value 'false' instead.
2021-07-01 15:32:45,811 INFO o.a.j.r.c.ReportGeneratorConfiguration: Property 'jmeter.reportgenerator.graph.activeThreadsOverTime.exclude_controllers' not found, using default value 'false' instead.
2021-07-01 15:32:45,811 INFO o.a.j.r.c.ReportGeneratorConfiguration: Property 'jmeter.reportgenerator.graph.timeVsThreads.exclude_controllers' not found, using default value 'false' instead.
2021-07-01 15:32:45,812 INFO o.a.j.r.c.ReportGeneratorConfiguration: Property 'jmeter.reportgenerator.graph.responseTimeDistribution.exclude_controllers' not found, using default value 'false' instead.
2021-07-01 15:32:45,812 INFO o.a.j.r.c.ReportGeneratorConfiguration: Property 'jmeter.reportgenerator.graph.transactionsPerSecond.exclude_controllers' not found, using default value 'false' instead.
2021-07-01 15:32:45,812 INFO o.a.j.r.c.ReportGeneratorConfiguration: Property 'jmeter.reportgenerator.graph.responseTimePercentiles.exclude_controllers' not found, using default value 'false' instead.
2021-07-01 15:32:45,812 INFO o.a.j.r.c.ReportGeneratorConfiguration: Property 'jmeter.reportgenerator.graph.responseTimePercentilesOverTime.exclude_controllers' not found, using default value 'false' instead.
2021-07-01 15:32:45,812 INFO o.a.j.r.c.ReportGeneratorConfiguration: Property 'jmeter.reportgenerator.graph.responseTimesOverTime.exclude_controllers' not found, using default value 'false' instead.
2021-07-01 15:32:45,812 INFO o.a.j.r.c.ReportGeneratorConfiguration: Property 'jmeter.reportgenerator.graph.connectTimeOverTime.exclude_controllers' not found, using default value 'false' instead.
2021-07-01 15:32:45,812 INFO o.a.j.r.c.ReportGeneratorConfiguration: Property 'jmeter.reportgenerator.graph.latenciesOverTime.exclude_controllers' not found, using default value 'false' instead.
2021-07-01 15:32:45,813 INFO o.a.j.r.c.ReportGeneratorConfiguration: Property 'jmeter.reportgenerator.exporter.json.filters_only_sample_series' not found, using default value 'true' instead.
2021-07-01 15:32:45,813 INFO o.a.j.r.c.ReportGeneratorConfiguration: Property 'jmeter.reportgenerator.exporter.json.series_filter' not found, using default value '' instead.
2021-07-01 15:32:45,813 INFO o.a.j.r.c.ReportGeneratorConfiguration: Property 'jmeter.reportgenerator.exporter.json.show_controllers_only' not found, using default value 'false' instead.
2021-07-01 15:32:45,813 INFO o.a.j.r.c.ReportGeneratorConfiguration: Property 'jmeter.reportgenerator.exporter.html.filters_only_sample_series' not found, using default value 'true' instead.
2021-07-01 15:32:45,814 INFO o.a.j.r.c.ReportGeneratorConfiguration: Property 'jmeter.reportgenerator.exporter.html.series_filter' not found, using default value '' instead.
2021-07-01 15:32:45,814 INFO o.a.j.r.c.ReportGeneratorConfiguration: Property 'jmeter.reportgenerator.exporter.html.show_controllers_only' not found, using default value 'false' instead.
2021-07-01 15:32:45,817 INFO o.a.j.e.StandardJMeterEngine: Running the test!
2021-07-01 15:32:45,818 INFO o.a.j.s.SampleEvent: List of sample_variables: []
2021-07-01 15:32:45,818 INFO o.a.j.s.SampleEvent: List of sample_variables: []
2021-07-01 15:32:45,822 INFO o.a.j.e.u.CompoundVariable: Note: Function class names must contain the string: '.functions.'
2021-07-01 15:32:45,822 INFO o.a.j.e.u.CompoundVariable: Note: Function class names must not contain the string: '.gui.'
2021-07-01 15:32:46,172 INFO o.a.j.JMeter: Running test (1625133766172)
2021-07-01 15:32:46,248 INFO o.a.j.e.StandardJMeterEngine: Starting ThreadGroup: 1 : iSource_RaceConditionAuction
2021-07-01 15:32:46,248 INFO o.a.j.e.StandardJMeterEngine: Starting 50 threads for group iSource_RaceConditionAuction.
2021-07-01 15:32:46,248 INFO o.a.j.e.StandardJMeterEngine: Thread will stop on error
2021-07-01 15:32:46,249 INFO o.a.j.t.ThreadGroup: Starting thread group... number=1 threads=50 ramp-up=100 perThread=2000.0 delayedStart=false
2021-07-01 15:32:46,288 INFO o.a.j.s.SampleResult: Note: Sample TimeStamps are START times
2021-07-01 15:32:46,289 INFO o.a.j.s.SampleResult: sampleresult.default.encoding is set to ISO-8859-1
2021-07-01 15:32:46,289 INFO o.a.j.s.SampleResult: sampleresult.useNanoTime=true
2021-07-01 15:32:46,289 INFO o.a.j.s.SampleResult: sampleresult.nanoThreadSleep=5000
2021-07-01 15:32:46,298 INFO o.a.j.t.JMeterThread: Thread started: iSource_RaceConditionAuction 1-1
2021-07-01 15:32:46,324 INFO o.a.j.p.h.s.HTTPHCAbstractImpl: Local host = ZIPLSY2278
2021-07-01 15:32:46,338 INFO o.a.j.p.h.s.HTTPHC4Impl: HTTP request retry count = 0
2021-07-01 15:32:46,422 INFO o.a.j.p.h.s.h.LazyLayeredConnectionSocketFactory: Setting up HTTPS TrustAll Socket Factory
2021-07-01 15:32:46,431 INFO o.a.j.u.JsseSSLManager: Using default SSL protocol: TLS
2021-07-01 15:32:46,431 INFO o.a.j.u.JsseSSLManager: SSL session context: per-thread
2021-07-01 15:32:46,919 INFO o.a.j.u.SSLManager: JmeterKeyStore Location:  type JKS
2021-07-01 15:32:46,921 INFO o.a.j.u.SSLManager: KeyStore created OK
2021-07-01 15:32:46,921 WARN o.a.j.u.SSLManager: Keystore file not found, loading empty keystore
2021-07-01 15:32:47,260 INFO o.a.j.t.ThreadGroup: Started thread group number 1
2021-07-01 15:32:47,260 INFO o.a.j.e.StandardJMeterEngine: All thread groups have been started
2021-07-01 15:32:48,336 INFO o.a.j.t.JMeterThread: Thread started: iSource_RaceConditionAuction 1-2
2021-07-01 15:32:50,368 INFO o.a.j.t.JMeterThread: Thread started: iSource_RaceConditionAuction 1-3
2021-07-01 15:32:52,396 INFO o.a.j.t.JMeterThread: Thread started: iSource_RaceConditionAuction 1-4
2021-07-01 15:32:54,425 INFO o.a.j.t.JMeterThread: Thread started: iSource_RaceConditionAuction 1-5
2021-07-01 15:32:56,450 INFO o.a.j.t.JMeterThread: Thread started: iSource_RaceConditionAuction 1-6
2021-07-01 15:32:58,468 INFO o.a.j.t.JMeterThread: Thread started: iSource_RaceConditionAuction 1-7
2021-07-01 15:33:00,038 INFO o.a.j.r.Summariser: summary +    130 in 00:00:14 =    9.4/s Avg:   205 Min:    30 Max:  1896 Err:     0 (0.00%) Active: 7 Started: 7 Finished: 0
2021-07-01 15:33:00,486 INFO o.a.j.t.JMeterThread: Thread started: iSource_RaceConditionAuction 1-8
2021-07-01 15:33:02,502 INFO o.a.j.t.JMeterThread: Thread started: iSource_RaceConditionAuction 1-9
2021-07-01 15:33:04,520 INFO o.a.j.t.JMeterThread: Thread started: iSource_RaceConditionAuction 1-10
2021-07-01 15:33:06,538 INFO o.a.j.t.JMeterThread: Thread started: iSource_RaceConditionAuction 1-11
2021-07-01 15:33:08,556 INFO o.a.j.t.JMeterThread: Thread started: iSource_RaceConditionAuction 1-12
2021-07-01 15:33:10,572 INFO o.a.j.t.JMeterThread: Thread started: iSource_RaceConditionAuction 1-13
2021-07-01 15:33:12,592 INFO o.a.j.t.JMeterThread: Thread started: iSource_RaceConditionAuction 1-14
2021-07-01 15:33:14,613 INFO o.a.j.t.JMeterThread: Thread started: iSource_RaceConditionAuction 1-15
2021-07-01 15:33:16,631 INFO o.a.j.t.JMeterThread: Thread started: iSource_RaceConditionAuction 1-16
2021-07-01 15:33:18,651 INFO o.a.j.t.JMeterThread: Thread started: iSource_RaceConditionAuction 1-17
2021-07-01 15:33:20,669 INFO o.a.j.t.JMeterThread: Thread started: iSource_RaceConditionAuction 1-18
2021-07-01 15:33:22,689 INFO o.a.j.t.JMeterThread: Thread started: iSource_RaceConditionAuction 1-19
2021-07-01 15:33:24,708 INFO o.a.j.t.JMeterThread: Thread started: iSource_RaceConditionAuction 1-20
2021-07-01 15:33:26,728 INFO o.a.j.t.JMeterThread: Thread started: iSource_RaceConditionAuction 1-21
2021-07-01 15:33:28,747 INFO o.a.j.t.JMeterThread: Thread started: iSource_RaceConditionAuction 1-22
2021-07-01 15:33:30,002 INFO o.a.j.r.Summariser: summary +    540 in 00:00:30 =   18.0/s Avg:   406 Min:    28 Max:  4540 Err:     0 (0.00%) Active: 22 Started: 22 Finished: 0
2021-07-01 15:33:30,004 INFO o.a.j.r.Summariser: summary =    670 in 00:00:44 =   15.3/s Avg:   367 Min:    28 Max:  4540 Err:     0 (0.00%)
2021-07-01 15:33:30,767 INFO o.a.j.t.JMeterThread: Thread started: iSource_RaceConditionAuction 1-23
2021-07-01 15:33:32,786 INFO o.a.j.t.JMeterThread: Thread started: iSource_RaceConditionAuction 1-24
2021-07-01 15:33:34,804 INFO o.a.j.t.JMeterThread: Thread started: iSource_RaceConditionAuction 1-25
2021-07-01 15:33:34,875 INFO o.a.j.t.JMeterThread: Stop Thread detected by thread: iSource_RaceConditionAuction 1-16
2021-07-01 15:33:34,875 INFO o.a.j.t.JMeterThread: Thread finished: iSource_RaceConditionAuction 1-16
2021-07-01 15:33:34,941 INFO o.a.j.t.JMeterThread: Stop Thread detected by thread: iSource_RaceConditionAuction 1-10
2021-07-01 15:33:34,942 INFO o.a.j.t.JMeterThread: Thread finished: iSource_RaceConditionAuction 1-10
2021-07-01 15:33:35,088 INFO o.a.j.t.JMeterThread: Stop Thread detected by thread: iSource_RaceConditionAuction 1-11
2021-07-01 15:33:35,088 INFO o.a.j.t.JMeterThread: Thread finished: iSource_RaceConditionAuction 1-11
2021-07-01 15:33:35,374 INFO o.a.j.t.JMeterThread: Stop Thread detected by thread: iSource_RaceConditionAuction 1-19
2021-07-01 15:33:35,374 INFO o.a.j.t.JMeterThread: Thread finished: iSource_RaceConditionAuction 1-19
2021-07-01 15:33:35,402 INFO o.a.j.t.JMeterThread: Stop Thread detected by thread: iSource_RaceConditionAuction 1-14
2021-07-01 15:33:35,402 INFO o.a.j.t.JMeterThread: Thread finished: iSource_RaceConditionAuction 1-14
2021-07-01 15:33:35,939 INFO o.a.j.t.JMeterThread: Stop Thread detected by thread: iSource_RaceConditionAuction 1-3
2021-07-01 15:33:35,939 INFO o.a.j.t.JMeterThread: Thread finished: iSource_RaceConditionAuction 1-3
2021-07-01 15:33:36,089 INFO o.a.j.t.JMeterThread: Stop Thread detected by thread: iSource_RaceConditionAuction 1-18
2021-07-01 15:33:36,090 INFO o.a.j.t.JMeterThread: Thread finished: iSource_RaceConditionAuction 1-18
2021-07-01 15:33:36,481 INFO o.a.j.t.JMeterThread: Stop Thread detected by thread: iSource_RaceConditionAuction 1-1
2021-07-01 15:33:36,481 INFO o.a.j.t.JMeterThread: Thread finished: iSource_RaceConditionAuction 1-1
2021-07-01 15:33:36,698 INFO o.a.j.t.JMeterThread: Stop Thread detected by thread: iSource_RaceConditionAuction 1-15
2021-07-01 15:33:36,698 INFO o.a.j.t.JMeterThread: Thread finished: iSource_RaceConditionAuction 1-15
2021-07-01 15:33:36,777 INFO o.a.j.t.JMeterThread: Stop Thread detected by thread: iSource_RaceConditionAuction 1-23
2021-07-01 15:33:36,778 INFO o.a.j.t.JMeterThread: Thread finished: iSource_RaceConditionAuction 1-23
2021-07-01 15:33:36,825 INFO o.a.j.t.JMeterThread: Thread started: iSource_RaceConditionAuction 1-26
2021-07-01 15:33:36,868 INFO o.a.j.t.JMeterThread: Stop Thread detected by thread: iSource_RaceConditionAuction 1-17
2021-07-01 15:33:36,868 INFO o.a.j.t.JMeterThread: Thread finished: iSource_RaceConditionAuction 1-17
2021-07-01 15:33:37,038 INFO o.a.j.t.JMeterThread: Stop Thread detected by thread: iSource_RaceConditionAuction 1-20
2021-07-01 15:33:37,039 INFO o.a.j.t.JMeterThread: Thread finished: iSource_RaceConditionAuction 1-20
2021-07-01 15:33:37,238 INFO o.a.j.t.JMeterThread: Stop Thread detected by thread: iSource_RaceConditionAuction 1-9
2021-07-01 15:33:37,238 INFO o.a.j.t.JMeterThread: Thread finished: iSource_RaceConditionAuction 1-9
2021-07-01 15:33:37,498 INFO o.a.j.t.JMeterThread: Stop Thread detected by thread: iSource_RaceConditionAuction 1-8
2021-07-01 15:33:37,498 INFO o.a.j.t.JMeterThread: Thread finished: iSource_RaceConditionAuction 1-8
2021-07-01 15:33:37,955 INFO o.a.j.t.JMeterThread: Stop Thread detected by thread: iSource_RaceConditionAuction 1-21
2021-07-01 15:33:37,955 INFO o.a.j.t.JMeterThread: Thread finished: iSource_RaceConditionAuction 1-21
2021-07-01 15:33:38,006 INFO o.a.j.t.JMeterThread: Stop Thread detected by thread: iSource_RaceConditionAuction 1-12
2021-07-01 15:33:38,007 INFO o.a.j.t.JMeterThread: Thread finished: iSource_RaceConditionAuction 1-12
2021-07-01 15:33:38,089 INFO o.a.j.t.JMeterThread: Stop Thread detected by thread: iSource_RaceConditionAuction 1-22
2021-07-01 15:33:38,089 INFO o.a.j.t.JMeterThread: Thread finished: iSource_RaceConditionAuction 1-22
2021-07-01 15:33:38,271 INFO o.a.j.t.JMeterThread: Stop Thread detected by thread: iSource_RaceConditionAuction 1-6
2021-07-01 15:33:38,271 INFO o.a.j.t.JMeterThread: Thread finished: iSource_RaceConditionAuction 1-6
2021-07-01 15:33:38,490 INFO o.a.j.t.JMeterThread: Stop Thread detected by thread: iSource_RaceConditionAuction 1-13
2021-07-01 15:33:38,490 INFO o.a.j.t.JMeterThread: Thread finished: iSource_RaceConditionAuction 1-13
2021-07-01 15:33:38,848 INFO o.a.j.t.JMeterThread: Thread started: iSource_RaceConditionAuction 1-27
2021-07-01 15:33:38,901 INFO o.a.j.t.JMeterThread: Stop Thread detected by thread: iSource_RaceConditionAuction 1-4
2021-07-01 15:33:38,901 INFO o.a.j.t.JMeterThread: Thread finished: iSource_RaceConditionAuction 1-4
2021-07-01 15:33:39,645 INFO o.a.j.t.JMeterThread: Stop Thread detected by thread: iSource_RaceConditionAuction 1-24
2021-07-01 15:33:39,645 INFO o.a.j.t.JMeterThread: Thread finished: iSource_RaceConditionAuction 1-24
2021-07-01 15:33:39,991 INFO o.a.j.t.JMeterThread: Stop Thread detected by thread: iSource_RaceConditionAuction 1-7
2021-07-01 15:33:39,991 INFO o.a.j.t.JMeterThread: Thread finished: iSource_RaceConditionAuction 1-7
2021-07-01 15:33:40,837 INFO o.a.j.t.JMeterThread: Stop Thread detected by thread: iSource_RaceConditionAuction 1-25
2021-07-01 15:33:40,837 INFO o.a.j.t.JMeterThread: Thread finished: iSource_RaceConditionAuction 1-25
2021-07-01 15:33:40,877 INFO o.a.j.t.JMeterThread: Thread started: iSource_RaceConditionAuction 1-28
2021-07-01 15:33:42,885 INFO o.a.j.t.JMeterThread: Thread started: iSource_RaceConditionAuction 1-29
2021-07-01 15:33:44,904 INFO o.a.j.t.JMeterThread: Thread started: iSource_RaceConditionAuction 1-30
2021-07-01 15:33:46,924 INFO o.a.j.t.JMeterThread: Thread started: iSource_RaceConditionAuction 1-31
2021-07-01 15:33:48,941 INFO o.a.j.t.JMeterThread: Thread started: iSource_RaceConditionAuction 1-32
2021-07-01 15:33:50,963 INFO o.a.j.t.JMeterThread: Thread started: iSource_RaceConditionAuction 1-33
2021-07-01 15:33:52,980 INFO o.a.j.t.JMeterThread: Thread started: iSource_RaceConditionAuction 1-34
2021-07-01 15:33:55,001 INFO o.a.j.t.JMeterThread: Thread started: iSource_RaceConditionAuction 1-35
2021-07-01 15:33:57,018 INFO o.a.j.t.JMeterThread: Thread started: iSource_RaceConditionAuction 1-36
2021-07-01 15:33:59,034 INFO o.a.j.t.JMeterThread: Thread started: iSource_RaceConditionAuction 1-37
2021-07-01 15:34:00,025 INFO o.a.j.r.Summariser: summary +    440 in 00:00:30 =   14.7/s Avg:   541 Min:    25 Max:  9809 Err:    23 (5.23%) Active: 14 Started: 37 Finished: 23
2021-07-01 15:34:00,026 INFO o.a.j.r.Summariser: summary =   1110 in 00:01:14 =   15.0/s Avg:   436 Min:    25 Max:  9809 Err:    23 (2.07%)
2021-07-01 15:34:01,080 INFO o.a.j.t.JMeterThread: Thread started: iSource_RaceConditionAuction 1-38
2021-07-01 15:34:03,097 INFO o.a.j.t.JMeterThread: Thread started: iSource_RaceConditionAuction 1-39
2021-07-01 15:34:05,112 INFO o.a.j.t.JMeterThread: Thread started: iSource_RaceConditionAuction 1-40
2021-07-01 15:34:07,126 INFO o.a.j.t.JMeterThread: Thread started: iSource_RaceConditionAuction 1-41
2021-07-01 15:34:07,834 INFO o.a.j.r.ResultCollector: Shutdown hook started
2021-07-01 15:34:07,834 INFO o.a.j.r.ResultCollector: Shutdown hook ended
