2021-07-22 15:17:05,758 INFO o.a.j.u.JMeterUtils: Setting Locale to en_EN
2021-07-22 15:17:05,792 INFO o.a.j.JMeter: Loading user properties from: user.properties
2021-07-22 15:17:05,793 INFO o.a.j.JMeter: Loading system properties from: system.properties
2021-07-22 15:17:05,793 INFO o.a.j.JMeter: Setting JMeter property: meter.reportgenerator.report_title=Attachments
2021-07-22 15:17:05,793 INFO o.a.j.JMeter: Setting JMeter property: thread=1
2021-07-22 15:17:05,793 INFO o.a.j.JMeter: Setting JMeter property: rampup=1
2021-07-22 15:17:05,798 INFO o.a.j.JMeter: Copyright (c) 1998-2019 The Apache Software Foundation
2021-07-22 15:17:05,798 INFO o.a.j.JMeter: Version 5.1 r1853635
2021-07-22 15:17:05,798 INFO o.a.j.JMeter: java.version=1.8.0_144
2021-07-22 15:17:05,798 INFO o.a.j.JMeter: java.vm.name=Java HotSpot(TM) 64-Bit Server VM
2021-07-22 15:17:05,798 INFO o.a.j.JMeter: os.name=Windows 10
2021-07-22 15:17:05,799 INFO o.a.j.JMeter: os.arch=amd64
2021-07-22 15:17:05,799 INFO o.a.j.JMeter: os.version=10.0
2021-07-22 15:17:05,799 INFO o.a.j.JMeter: file.encoding=Cp1252
2021-07-22 15:17:05,799 INFO o.a.j.JMeter: java.awt.headless=true
2021-07-22 15:17:05,799 INFO o.a.j.JMeter: Max memory     =8589934592
2021-07-22 15:17:05,799 INFO o.a.j.JMeter: Available Processors =4
2021-07-22 15:17:05,802 INFO o.a.j.JMeter: Default Locale=English (EN)
2021-07-22 15:17:05,802 INFO o.a.j.JMeter: JMeter  Locale=English (EN)
2021-07-22 15:17:05,802 INFO o.a.j.JMeter: JMeterHome=D:\apache-jmeter-5.1\apache-jmeter-5.1
2021-07-22 15:17:05,802 INFO o.a.j.JMeter: user.dir  =D:\apache-jmeter-5.1\apache-jmeter-5.1\bin
2021-07-22 15:17:05,803 INFO o.a.j.JMeter: PWD       =D:\apache-jmeter-5.1\apache-jmeter-5.1\bin
2021-07-22 15:17:05,804 INFO o.a.j.JMeter: IP: 192.168.35.159 Name: ZIPLSY1584 FullName: host.docker.internal
2021-07-22 15:17:05,806 INFO o.a.j.JMeter: Setting property 'jmeter.reportgenerator.outputdir' to:'C:\xampp\htdocs\performance\L0_iSource_1_Attachments_2021-07-22_4'
2021-07-22 15:17:05,809 INFO o.a.j.s.FileServer: Default base='D:\apache-jmeter-5.1\apache-jmeter-5.1\bin'
2021-07-22 15:17:05,812 INFO o.a.j.s.FileServer: Set new base='D:\PEAutomation\Partner\iSource'
2021-07-22 15:17:05,933 INFO o.a.j.s.SaveService: Testplan (JMX) version: 2.2. Testlog (JTL) version: 2.2
2021-07-22 15:17:05,945 INFO o.a.j.s.SaveService: Using SaveService properties file encoding UTF-8
2021-07-22 15:17:05,954 INFO o.a.j.s.SaveService: Using SaveService properties version 5.0
2021-07-22 15:17:05,964 INFO o.a.j.s.SaveService: Loading file: D:\PEAutomation\Partner\iSource\L0_iSource_Attachments.jmx
2021-07-22 15:17:06,038 INFO o.a.j.p.h.c.CookieManager: Settings: Delete null: true Check: true Allow variable: true Save: false Prefix: COOKIE_
2021-07-22 15:17:06,046 INFO o.a.j.p.h.c.CacheManager: Will only cache the following methods: [GET]
2021-07-22 15:17:06,055 INFO o.a.j.p.h.s.HTTPSamplerBase: Parser for text/html is org.apache.jmeter.protocol.http.parser.LagartoBasedHtmlParser
2021-07-22 15:17:06,055 INFO o.a.j.p.h.s.HTTPSamplerBase: Parser for application/xhtml+xml is org.apache.jmeter.protocol.http.parser.LagartoBasedHtmlParser
2021-07-22 15:17:06,055 INFO o.a.j.p.h.s.HTTPSamplerBase: Parser for application/xml is org.apache.jmeter.protocol.http.parser.LagartoBasedHtmlParser
2021-07-22 15:17:06,056 INFO o.a.j.p.h.s.HTTPSamplerBase: Parser for text/xml is org.apache.jmeter.protocol.http.parser.LagartoBasedHtmlParser
2021-07-22 15:17:06,056 INFO o.a.j.p.h.s.HTTPSamplerBase: Parser for text/vnd.wap.wml is org.apache.jmeter.protocol.http.parser.RegexpHTMLParser
2021-07-22 15:17:06,056 INFO o.a.j.p.h.s.HTTPSamplerBase: Parser for text/css is org.apache.jmeter.protocol.http.parser.CssParser
2021-07-22 15:17:06,150 INFO o.a.j.JMeter: Creating summariser <summary>
2021-07-22 15:17:06,154 INFO o.a.j.r.d.ReportGenerator: ReportGenerator will use for Parsing the separator: ','
2021-07-22 15:17:06,155 INFO o.a.j.r.d.ReportGenerator: Will generate report at end of test from  results file: D:\PEAutomation\Partner\iSource\JTL\L0_iSource_1_Attachments_2021-07-22_4.jtl
2021-07-22 15:17:06,155 INFO o.a.j.r.d.ReportGenerator: Reading report generator properties from: D:\apache-jmeter-5.1\apache-jmeter-5.1\bin\reportgenerator.properties
2021-07-22 15:17:06,155 INFO o.a.j.r.d.ReportGenerator: Merging with JMeter properties
2021-07-22 15:17:06,161 INFO o.a.j.r.c.ReportGeneratorConfiguration: Property 'jmeter.reportgenerator.temp_dir' not found, using default value 'temp' instead.
2021-07-22 15:17:06,163 INFO o.a.j.r.c.ReportGeneratorConfiguration: Property 'jmeter.reportgenerator.apdex_per_transaction' not found, using default value 'null' instead.
2021-07-22 15:17:06,164 INFO o.a.j.r.c.ReportGeneratorConfiguration: apdex_per_transaction : {} is empty, not APDEX per transaction customization
2021-07-22 15:17:06,164 INFO o.a.j.r.c.ReportGeneratorConfiguration: Property 'jmeter.reportgenerator.sample_filter' not found, using default value 'null' instead.
2021-07-22 15:17:06,164 INFO o.a.j.r.c.ReportGeneratorConfiguration: Property 'jmeter.reportgenerator.report_title' not found, using default value 'null' instead.
2021-07-22 15:17:06,164 INFO o.a.j.r.c.ReportGeneratorConfiguration: Property 'jmeter.reportgenerator.start_date' not found, using default value 'null' instead.
2021-07-22 15:17:06,164 INFO o.a.j.r.c.ReportGeneratorConfiguration: Property 'jmeter.reportgenerator.end_date' not found, using default value 'null' instead.
2021-07-22 15:17:06,164 INFO o.a.j.r.c.ReportGeneratorConfiguration: Property 'jmeter.reportgenerator.date_format' not found, using default value 'null' instead.
2021-07-22 15:17:06,165 INFO o.a.j.r.c.ReportGeneratorConfiguration: Will use date range start date: null, end date: null
2021-07-22 15:17:06,168 INFO o.a.j.r.c.ReportGeneratorConfiguration: Property 'jmeter.reportgenerator.graph.totalTPS.exclude_controllers' not found, using default value 'false' instead.
2021-07-22 15:17:06,169 INFO o.a.j.r.c.ReportGeneratorConfiguration: Property 'jmeter.reportgenerator.graph.activeThreadsOverTime.exclude_controllers' not found, using default value 'false' instead.
2021-07-22 15:17:06,169 INFO o.a.j.r.c.ReportGeneratorConfiguration: Property 'jmeter.reportgenerator.graph.timeVsThreads.exclude_controllers' not found, using default value 'false' instead.
2021-07-22 15:17:06,169 INFO o.a.j.r.c.ReportGeneratorConfiguration: Property 'jmeter.reportgenerator.graph.responseTimeDistribution.exclude_controllers' not found, using default value 'false' instead.
2021-07-22 15:17:06,169 INFO o.a.j.r.c.ReportGeneratorConfiguration: Property 'jmeter.reportgenerator.graph.transactionsPerSecond.exclude_controllers' not found, using default value 'false' instead.
2021-07-22 15:17:06,169 INFO o.a.j.r.c.ReportGeneratorConfiguration: Property 'jmeter.reportgenerator.graph.responseTimePercentiles.exclude_controllers' not found, using default value 'false' instead.
2021-07-22 15:17:06,169 INFO o.a.j.r.c.ReportGeneratorConfiguration: Property 'jmeter.reportgenerator.graph.responseTimePercentilesOverTime.exclude_controllers' not found, using default value 'false' instead.
2021-07-22 15:17:06,169 INFO o.a.j.r.c.ReportGeneratorConfiguration: Property 'jmeter.reportgenerator.graph.responseTimesOverTime.exclude_controllers' not found, using default value 'false' instead.
2021-07-22 15:17:06,169 INFO o.a.j.r.c.ReportGeneratorConfiguration: Property 'jmeter.reportgenerator.graph.connectTimeOverTime.exclude_controllers' not found, using default value 'false' instead.
2021-07-22 15:17:06,170 INFO o.a.j.r.c.ReportGeneratorConfiguration: Property 'jmeter.reportgenerator.graph.latenciesOverTime.exclude_controllers' not found, using default value 'false' instead.
2021-07-22 15:17:06,171 INFO o.a.j.r.c.ReportGeneratorConfiguration: Property 'jmeter.reportgenerator.exporter.json.filters_only_sample_series' not found, using default value 'true' instead.
2021-07-22 15:17:06,171 INFO o.a.j.r.c.ReportGeneratorConfiguration: Property 'jmeter.reportgenerator.exporter.json.series_filter' not found, using default value '' instead.
2021-07-22 15:17:06,171 INFO o.a.j.r.c.ReportGeneratorConfiguration: Property 'jmeter.reportgenerator.exporter.json.show_controllers_only' not found, using default value 'false' instead.
2021-07-22 15:17:06,172 INFO o.a.j.r.c.ReportGeneratorConfiguration: Property 'jmeter.reportgenerator.exporter.html.filters_only_sample_series' not found, using default value 'true' instead.
2021-07-22 15:17:06,172 INFO o.a.j.r.c.ReportGeneratorConfiguration: Property 'jmeter.reportgenerator.exporter.html.series_filter' not found, using default value '' instead.
2021-07-22 15:17:06,172 INFO o.a.j.r.c.ReportGeneratorConfiguration: Property 'jmeter.reportgenerator.exporter.html.show_controllers_only' not found, using default value 'false' instead.
2021-07-22 15:17:06,178 INFO o.a.j.e.StandardJMeterEngine: Running the test!
2021-07-22 15:17:06,179 INFO o.a.j.s.SampleEvent: List of sample_variables: []
2021-07-22 15:17:06,179 INFO o.a.j.s.SampleEvent: List of sample_variables: []
2021-07-22 15:17:06,185 INFO o.a.j.e.u.CompoundVariable: Note: Function class names must contain the string: '.functions.'
2021-07-22 15:17:06,185 INFO o.a.j.e.u.CompoundVariable: Note: Function class names must not contain the string: '.gui.'
2021-07-22 15:17:06,590 INFO o.a.j.JMeter: Running test (1626947226590)
2021-07-22 15:17:06,650 INFO o.a.j.e.StandardJMeterEngine: Starting ThreadGroup: 1 : Attachments
2021-07-22 15:17:06,651 INFO o.a.j.e.StandardJMeterEngine: Starting 1 threads for group Attachments.
2021-07-22 15:17:06,651 INFO o.a.j.e.StandardJMeterEngine: Thread will stop on error
2021-07-22 15:17:06,651 INFO o.a.j.t.ThreadGroup: Starting thread group... number=1 threads=1 ramp-up=1 perThread=1000.0 delayedStart=false
2021-07-22 15:17:06,658 INFO o.a.j.t.ThreadGroup: Started thread group number 1
2021-07-22 15:17:06,658 INFO o.a.j.e.StandardJMeterEngine: All thread groups have been started
2021-07-22 15:17:06,688 INFO o.a.j.s.SampleResult: Note: Sample TimeStamps are START times
2021-07-22 15:17:06,688 INFO o.a.j.s.SampleResult: sampleresult.default.encoding is set to ISO-8859-1
2021-07-22 15:17:06,688 INFO o.a.j.s.SampleResult: sampleresult.useNanoTime=true
2021-07-22 15:17:06,688 INFO o.a.j.s.SampleResult: sampleresult.nanoThreadSleep=5000
2021-07-22 15:17:06,692 INFO o.a.j.t.JMeterThread: Thread started: Attachments 1-1
2021-07-22 15:17:06,693 INFO o.a.j.c.LoopController: iterationStart called on 4#. attachment_section with source org.apache.jmeter.control.LoopController@11bfe9ca and iteration 1
2021-07-22 15:17:06,693 INFO o.a.j.s.FileServer: Stored: D:\apache-jmeter-5.1\apache-jmeter-5.1\bin\excel\isource\RMPartner_ZCS_Users.csv
2021-07-22 15:17:06,694 ERROR o.a.j.t.JMeterThread: Test failed!
java.lang.IllegalArgumentException: File RMPartner_ZCS_Users.csv must exist and be readable
	at org.apache.jmeter.services.FileServer.createBufferedReader(FileServer.java:424) ~[ApacheJMeter_core.jar:5.1 r1853635]
	at org.apache.jmeter.services.FileServer.readLine(FileServer.java:340) ~[ApacheJMeter_core.jar:5.1 r1853635]
	at org.apache.jmeter.config.CSVDataSet.iterationStart(CSVDataSet.java:205) ~[ApacheJMeter_components.jar:5.1 r1853635]
	at org.apache.jmeter.control.GenericController.fireIterationStart(GenericController.java:399) ~[ApacheJMeter_core.jar:5.1 r1853635]
	at org.apache.jmeter.control.GenericController.fireIterEvents(GenericController.java:391) ~[ApacheJMeter_core.jar:5.1 r1853635]
	at org.apache.jmeter.control.GenericController.next(GenericController.java:160) ~[ApacheJMeter_core.jar:5.1 r1853635]
	at org.apache.jmeter.control.LoopController.next(LoopController.java:135) ~[ApacheJMeter_core.jar:5.1 r1853635]
	at org.apache.jmeter.threads.AbstractThreadGroup.next(AbstractThreadGroup.java:87) ~[ApacheJMeter_core.jar:5.1 r1853635]
	at org.apache.jmeter.threads.JMeterThread.run(JMeterThread.java:251) [ApacheJMeter_core.jar:5.1 r1853635]
	at java.lang.Thread.run(Thread.java:748) [?:1.8.0_144]
2021-07-22 15:17:06,701 INFO o.a.j.t.JMeterThread: Thread finished: Attachments 1-1
2021-07-22 15:17:06,702 INFO o.a.j.e.StandardJMeterEngine: Notifying test listeners of end of test
2021-07-22 15:17:06,705 INFO o.a.j.r.Summariser: summary =      0 in 00:00:00 = ******/s Avg:     0 Min: 9223372036854775807 Max: -9223372036854775808 Err:     0 (0.00%)
2021-07-22 15:17:06,705 INFO o.a.j.JMeter: Generating Dashboard
2021-07-22 15:17:06,705 INFO o.a.j.r.d.ReportGenerator: Flushing result collector before report Generation
2021-07-22 15:17:06,714 INFO o.a.j.r.p.NormalizerSampleConsumer: Using format, 'ms', to parse timeStamp field
2021-07-22 15:17:06,900 INFO o.a.j.r.p.AbstractSampleConsumer: class org.apache.jmeter.report.processor.AggregateConsumer#stopProducing(): beginDate produced 0 samples
2021-07-22 15:17:06,901 INFO o.a.j.r.p.AbstractSampleConsumer: class org.apache.jmeter.report.processor.AggregateConsumer#stopProducing(): endDate produced 0 samples
2021-07-22 15:17:06,902 INFO o.a.j.r.p.AbstractSampleConsumer: class org.apache.jmeter.report.processor.ApdexSummaryConsumer#stopProducing(): apdexSummary produced 0 samples
2021-07-22 15:17:06,902 INFO o.a.j.r.p.AbstractSampleConsumer: class org.apache.jmeter.report.processor.RequestsSummaryConsumer#stopProducing(): requestsSummary produced 0 samples
2021-07-22 15:17:06,903 INFO o.a.j.r.p.AbstractSampleConsumer: class org.apache.jmeter.report.processor.StatisticsSummaryConsumer#stopProducing(): statisticsSummary produced 0 samples
2021-07-22 15:17:06,903 INFO o.a.j.r.p.AbstractSampleConsumer: class org.apache.jmeter.report.processor.Top5ErrorsBySamplerConsumer#stopProducing(): top5ErrorsBySampler produced 0 samples
2021-07-22 15:17:06,903 INFO o.a.j.r.p.AbstractSampleConsumer: class org.apache.jmeter.report.processor.ErrorsSummaryConsumer#stopProducing(): errorsSummary produced 0 samples
2021-07-22 15:17:06,903 INFO o.a.j.r.p.AbstractSampleConsumer: class org.apache.jmeter.report.processor.graph.impl.HitsPerSecondGraphConsumer#stopProducing(): hitsPerSecond produced 0 samples
2021-07-22 15:17:06,909 INFO o.a.j.r.p.AbstractSampleConsumer: class org.apache.jmeter.report.processor.graph.impl.LatencyVSRequestGraphConsumer#stopProducing(): latencyVsRequest produced 0 samples
2021-07-22 15:17:06,909 INFO o.a.j.r.p.AbstractSampleConsumer: class org.apache.jmeter.report.processor.graph.impl.SyntheticResponseTimeDistributionGraphConsumer#stopProducing(): syntheticResponseTimeDistribution produced 0 samples
2021-07-22 15:17:06,910 INFO o.a.j.r.p.AbstractSampleConsumer: class org.apache.jmeter.report.processor.graph.impl.BytesThroughputGraphConsumer#stopProducing(): bytesThroughputOverTime produced 0 samples
2021-07-22 15:17:06,910 INFO o.a.j.r.p.AbstractSampleConsumer: class org.apache.jmeter.report.processor.graph.impl.CodesPerSecondGraphConsumer#stopProducing(): codesPerSecond produced 0 samples
2021-07-22 15:17:06,912 INFO o.a.j.r.p.AbstractSampleConsumer: class org.apache.jmeter.report.processor.graph.impl.ResponseTimeVSRequestGraphConsumer#stopProducing(): responseTimeVsRequest produced 0 samples
2021-07-22 15:17:06,912 INFO o.a.j.r.p.AbstractSampleConsumer: class org.apache.jmeter.report.processor.FilterConsumer#stopProducing(): startIntervalControlerFilter produced 0 samples
2021-07-22 15:17:06,912 INFO o.a.j.r.p.AbstractSampleConsumer: class org.apache.jmeter.report.processor.graph.impl.TotalTPSGraphConsumer#stopProducing(): totalTPS produced 0 samples
2021-07-22 15:17:06,912 INFO o.a.j.r.p.AbstractSampleConsumer: class org.apache.jmeter.report.processor.graph.impl.ActiveThreadsGraphConsumer#stopProducing(): activeThreadsOverTime produced 0 samples
2021-07-22 15:17:06,912 INFO o.a.j.r.p.AbstractSampleConsumer: class org.apache.jmeter.report.processor.graph.impl.TimeVSThreadGraphConsumer#stopProducing(): timeVsThreads produced 0 samples
2021-07-22 15:17:06,912 INFO o.a.j.r.p.AbstractSampleConsumer: class org.apache.jmeter.report.processor.graph.impl.ResponseTimeDistributionGraphConsumer#stopProducing(): responseTimeDistribution produced 0 samples
2021-07-22 15:17:06,912 INFO o.a.j.r.p.AbstractSampleConsumer: class org.apache.jmeter.report.processor.graph.impl.TransactionsPerSecondGraphConsumer#stopProducing(): transactionsPerSecond produced 0 samples
2021-07-22 15:17:06,912 INFO o.a.j.r.p.AbstractSampleConsumer: class org.apache.jmeter.report.processor.graph.impl.ResponseTimePercentilesGraphConsumer#stopProducing(): responseTimePercentiles produced 0 samples
2021-07-22 15:17:06,912 INFO o.a.j.r.p.AbstractSampleConsumer: class org.apache.jmeter.report.processor.graph.impl.ResponseTimePercentilesOverTimeGraphConsumer#stopProducing(): responseTimePercentilesOverTime produced 0 samples
2021-07-22 15:17:06,913 INFO o.a.j.r.p.AbstractSampleConsumer: class org.apache.jmeter.report.processor.graph.impl.ResponseTimeOverTimeGraphConsumer#stopProducing(): responseTimesOverTime produced 0 samples
2021-07-22 15:17:06,913 INFO o.a.j.r.p.AbstractSampleConsumer: class org.apache.jmeter.report.processor.graph.impl.ConnectTimeOverTimeGraphConsumer#stopProducing(): connectTimeOverTime produced 0 samples
2021-07-22 15:17:06,913 INFO o.a.j.r.p.AbstractSampleConsumer: class org.apache.jmeter.report.processor.graph.impl.LatencyOverTimeGraphConsumer#stopProducing(): latenciesOverTime produced 0 samples
2021-07-22 15:17:06,913 INFO o.a.j.r.p.AbstractSampleConsumer: class org.apache.jmeter.report.processor.FilterConsumer#stopProducing(): nameFilter produced 0 samples
2021-07-22 15:17:06,913 INFO o.a.j.r.p.AbstractSampleConsumer: class org.apache.jmeter.report.processor.FilterConsumer#stopProducing(): dateRangeFilter produced 0 samples
2021-07-22 15:17:06,913 INFO o.a.j.r.p.AbstractSampleConsumer: class org.apache.jmeter.report.processor.NormalizerSampleConsumer#stopProducing(): normalizer produced 0 samples
2021-07-22 15:17:06,913 INFO o.a.j.r.p.CsvFileSampleSource: produce(): 0 samples produced in 179ms on channel 0
2021-07-22 15:17:06,913 INFO o.a.j.r.d.ReportGenerator: Exporting data using exporter:'json' of className:'org.apache.jmeter.report.dashboard.JsonExporter'
2021-07-22 15:17:06,915 INFO o.a.j.r.d.JsonExporter: Found data for consumer statisticsSummary in context
2021-07-22 15:17:06,915 INFO o.a.j.r.d.JsonExporter: Creating statistics for overall
2021-07-22 15:17:06,916 ERROR o.a.j.JMeter: Error generating the report
java.lang.NullPointerException: null
	at org.apache.jmeter.report.dashboard.JsonExporter.createStatistic(JsonExporter.java:121) ~[ApacheJMeter_core.jar:5.1 r1853635]
	at org.apache.jmeter.report.dashboard.JsonExporter.export(JsonExporter.java:71) ~[ApacheJMeter_core.jar:5.1 r1853635]
	at org.apache.jmeter.report.dashboard.ReportGenerator.exportData(ReportGenerator.java:381) ~[ApacheJMeter_core.jar:5.1 r1853635]
	at org.apache.jmeter.report.dashboard.ReportGenerator.generate(ReportGenerator.java:262) ~[ApacheJMeter_core.jar:5.1 r1853635]
	at org.apache.jmeter.JMeter$ListenToTest.generateReport(JMeter.java:1319) ~[ApacheJMeter_core.jar:5.1 r1853635]
	at org.apache.jmeter.JMeter$ListenToTest.testEnded(JMeter.java:1256) [ApacheJMeter_core.jar:5.1 r1853635]
	at org.apache.jmeter.engine.StandardJMeterEngine.notifyTestListenersOfEnd(StandardJMeterEngine.java:218) [ApacheJMeter_core.jar:5.1 r1853635]
	at org.apache.jmeter.engine.StandardJMeterEngine.run(StandardJMeterEngine.java:492) [ApacheJMeter_core.jar:5.1 r1853635]
	at java.lang.Thread.run(Thread.java:748) [?:1.8.0_144]
