2021-05-19 12:41:58,039 INFO o.a.j.u.JMeterUtils: Setting Locale to en_EN
2021-05-19 12:41:58,049 INFO o.a.j.JMeter: Loading user properties from: user.properties
2021-05-19 12:41:58,050 INFO o.a.j.JMeter: Loading system properties from: system.properties
2021-05-19 12:41:58,050 INFO o.a.j.JMeter: Setting JMeter property: meter.reportgenerator.report_title=RFQMultipleQuestionsPublish
2021-05-19 12:41:58,050 INFO o.a.j.JMeter: Setting JMeter property: thread=10
2021-05-19 12:41:58,050 INFO o.a.j.JMeter: Setting JMeter property: rampup=30
2021-05-19 12:41:58,054 INFO o.a.j.JMeter: Copyright (c) 1998-2019 The Apache Software Foundation
2021-05-19 12:41:58,056 INFO o.a.j.JMeter: Version 5.1 r1853635
2021-05-19 12:41:58,056 INFO o.a.j.JMeter: java.version=1.8.0_121
2021-05-19 12:41:58,056 INFO o.a.j.JMeter: java.vm.name=Java HotSpot(TM) 64-Bit Server VM
2021-05-19 12:41:58,056 INFO o.a.j.JMeter: os.name=Windows 10
2021-05-19 12:41:58,056 INFO o.a.j.JMeter: os.arch=amd64
2021-05-19 12:41:58,056 INFO o.a.j.JMeter: os.version=10.0
2021-05-19 12:41:58,056 INFO o.a.j.JMeter: file.encoding=Cp1252
2021-05-19 12:41:58,056 INFO o.a.j.JMeter: java.awt.headless=true
2021-05-19 12:41:58,056 INFO o.a.j.JMeter: Max memory     =8589934592
2021-05-19 12:41:58,056 INFO o.a.j.JMeter: Available Processors =6
2021-05-19 12:41:58,059 INFO o.a.j.JMeter: Default Locale=English (EN)
2021-05-19 12:41:58,059 INFO o.a.j.JMeter: JMeter  Locale=English (EN)
2021-05-19 12:41:58,060 INFO o.a.j.JMeter: JMeterHome=D:\apache-jmeter-5.1\apache-jmeter-5.1
2021-05-19 12:41:58,060 INFO o.a.j.JMeter: user.dir  =D:\apache-jmeter-5.1\apache-jmeter-5.1\bin
2021-05-19 12:41:58,060 INFO o.a.j.JMeter: PWD       =D:\apache-jmeter-5.1\apache-jmeter-5.1\bin
2021-05-19 12:41:58,061 INFO o.a.j.JMeter: IP: 172.30.225.123 Name: ZIPLSY2278 FullName: ZIPLSY2278.zycus.net
2021-05-19 12:41:58,063 INFO o.a.j.JMeter: Setting property 'jmeter.reportgenerator.outputdir' to:'C:\xampp\htdocs\PerformancePostgres\L0_iSource_10_RFQMultipleQuestionsPublish_2021-05-19_6'
2021-05-19 12:41:58,064 INFO o.a.j.s.FileServer: Default base='D:\apache-jmeter-5.1\apache-jmeter-5.1\bin'
2021-05-19 12:41:58,067 INFO o.a.j.s.FileServer: Set new base='D:\PostrgresMigration\iSource'
2021-05-19 12:41:58,162 INFO o.a.j.s.SaveService: Testplan (JMX) version: 2.2. Testlog (JTL) version: 2.2
2021-05-19 12:41:58,172 INFO o.a.j.s.SaveService: Using SaveService properties file encoding UTF-8
2021-05-19 12:41:58,176 INFO o.a.j.s.SaveService: Using SaveService properties version 5.0
2021-05-19 12:41:58,180 INFO o.a.j.s.SaveService: Loading file: D:\PostrgresMigration\iSource\L0_iSource_RFQMultipleQuestionsPublish.jmx
2021-05-19 12:41:58,219 INFO o.a.j.p.h.c.CookieManager: Settings: Delete null: true Check: true Allow variable: true Save: false Prefix: COOKIE_
2021-05-19 12:41:58,222 INFO o.a.j.p.h.c.CacheManager: Will only cache the following methods: [GET]
2021-05-19 12:41:58,232 INFO o.a.j.p.h.s.HTTPSamplerBase: Parser for text/html is org.apache.jmeter.protocol.http.parser.LagartoBasedHtmlParser
2021-05-19 12:41:58,232 INFO o.a.j.p.h.s.HTTPSamplerBase: Parser for application/xhtml+xml is org.apache.jmeter.protocol.http.parser.LagartoBasedHtmlParser
2021-05-19 12:41:58,232 INFO o.a.j.p.h.s.HTTPSamplerBase: Parser for application/xml is org.apache.jmeter.protocol.http.parser.LagartoBasedHtmlParser
2021-05-19 12:41:58,232 INFO o.a.j.p.h.s.HTTPSamplerBase: Parser for text/xml is org.apache.jmeter.protocol.http.parser.LagartoBasedHtmlParser
2021-05-19 12:41:58,232 INFO o.a.j.p.h.s.HTTPSamplerBase: Parser for text/vnd.wap.wml is org.apache.jmeter.protocol.http.parser.RegexpHTMLParser
2021-05-19 12:41:58,232 INFO o.a.j.p.h.s.HTTPSamplerBase: Parser for text/css is org.apache.jmeter.protocol.http.parser.CssParser
2021-05-19 12:41:58,456 INFO o.a.j.JMeter: Creating summariser <summary>
2021-05-19 12:41:58,461 INFO o.a.j.r.d.ReportGenerator: ReportGenerator will use for Parsing the separator: ','
2021-05-19 12:41:58,461 INFO o.a.j.r.d.ReportGenerator: Will generate report at end of test from  results file: D:\PostrgresMigration\iSource\JTL\L0_iSource_10_RFQMultipleQuestionsPublish_2021-05-19_6.jtl
2021-05-19 12:41:58,461 INFO o.a.j.r.d.ReportGenerator: Reading report generator properties from: D:\apache-jmeter-5.1\apache-jmeter-5.1\bin\reportgenerator.properties
2021-05-19 12:41:58,462 INFO o.a.j.r.d.ReportGenerator: Merging with JMeter properties
2021-05-19 12:41:58,466 INFO o.a.j.r.c.ReportGeneratorConfiguration: Property 'jmeter.reportgenerator.temp_dir' not found, using default value 'temp' instead.
2021-05-19 12:41:58,468 INFO o.a.j.r.c.ReportGeneratorConfiguration: Property 'jmeter.reportgenerator.apdex_per_transaction' not found, using default value 'null' instead.
2021-05-19 12:41:58,468 INFO o.a.j.r.c.ReportGeneratorConfiguration: apdex_per_transaction : {} is empty, not APDEX per transaction customization
2021-05-19 12:41:58,468 INFO o.a.j.r.c.ReportGeneratorConfiguration: Property 'jmeter.reportgenerator.sample_filter' not found, using default value 'null' instead.
2021-05-19 12:41:58,469 INFO o.a.j.r.c.ReportGeneratorConfiguration: Property 'jmeter.reportgenerator.report_title' not found, using default value 'null' instead.
2021-05-19 12:41:58,469 INFO o.a.j.r.c.ReportGeneratorConfiguration: Property 'jmeter.reportgenerator.start_date' not found, using default value 'null' instead.
2021-05-19 12:41:58,469 INFO o.a.j.r.c.ReportGeneratorConfiguration: Property 'jmeter.reportgenerator.end_date' not found, using default value 'null' instead.
2021-05-19 12:41:58,469 INFO o.a.j.r.c.ReportGeneratorConfiguration: Property 'jmeter.reportgenerator.date_format' not found, using default value 'null' instead.
2021-05-19 12:41:58,469 INFO o.a.j.r.c.ReportGeneratorConfiguration: Will use date range start date: null, end date: null
2021-05-19 12:41:58,472 INFO o.a.j.r.c.ReportGeneratorConfiguration: Property 'jmeter.reportgenerator.graph.totalTPS.exclude_controllers' not found, using default value 'false' instead.
2021-05-19 12:41:58,473 INFO o.a.j.r.c.ReportGeneratorConfiguration: Property 'jmeter.reportgenerator.graph.activeThreadsOverTime.exclude_controllers' not found, using default value 'false' instead.
2021-05-19 12:41:58,473 INFO o.a.j.r.c.ReportGeneratorConfiguration: Property 'jmeter.reportgenerator.graph.timeVsThreads.exclude_controllers' not found, using default value 'false' instead.
2021-05-19 12:41:58,473 INFO o.a.j.r.c.ReportGeneratorConfiguration: Property 'jmeter.reportgenerator.graph.responseTimeDistribution.exclude_controllers' not found, using default value 'false' instead.
2021-05-19 12:41:58,473 INFO o.a.j.r.c.ReportGeneratorConfiguration: Property 'jmeter.reportgenerator.graph.transactionsPerSecond.exclude_controllers' not found, using default value 'false' instead.
2021-05-19 12:41:58,473 INFO o.a.j.r.c.ReportGeneratorConfiguration: Property 'jmeter.reportgenerator.graph.responseTimePercentiles.exclude_controllers' not found, using default value 'false' instead.
2021-05-19 12:41:58,473 INFO o.a.j.r.c.ReportGeneratorConfiguration: Property 'jmeter.reportgenerator.graph.responseTimePercentilesOverTime.exclude_controllers' not found, using default value 'false' instead.
2021-05-19 12:41:58,473 INFO o.a.j.r.c.ReportGeneratorConfiguration: Property 'jmeter.reportgenerator.graph.responseTimesOverTime.exclude_controllers' not found, using default value 'false' instead.
2021-05-19 12:41:58,473 INFO o.a.j.r.c.ReportGeneratorConfiguration: Property 'jmeter.reportgenerator.graph.connectTimeOverTime.exclude_controllers' not found, using default value 'false' instead.
2021-05-19 12:41:58,473 INFO o.a.j.r.c.ReportGeneratorConfiguration: Property 'jmeter.reportgenerator.graph.latenciesOverTime.exclude_controllers' not found, using default value 'false' instead.
2021-05-19 12:41:58,474 INFO o.a.j.r.c.ReportGeneratorConfiguration: Property 'jmeter.reportgenerator.exporter.json.filters_only_sample_series' not found, using default value 'true' instead.
2021-05-19 12:41:58,474 INFO o.a.j.r.c.ReportGeneratorConfiguration: Property 'jmeter.reportgenerator.exporter.json.series_filter' not found, using default value '' instead.
2021-05-19 12:41:58,474 INFO o.a.j.r.c.ReportGeneratorConfiguration: Property 'jmeter.reportgenerator.exporter.json.show_controllers_only' not found, using default value 'false' instead.
2021-05-19 12:41:58,475 INFO o.a.j.r.c.ReportGeneratorConfiguration: Property 'jmeter.reportgenerator.exporter.html.filters_only_sample_series' not found, using default value 'true' instead.
2021-05-19 12:41:58,475 INFO o.a.j.r.c.ReportGeneratorConfiguration: Property 'jmeter.reportgenerator.exporter.html.series_filter' not found, using default value '' instead.
2021-05-19 12:41:58,475 INFO o.a.j.r.c.ReportGeneratorConfiguration: Property 'jmeter.reportgenerator.exporter.html.show_controllers_only' not found, using default value 'false' instead.
2021-05-19 12:41:58,478 INFO o.a.j.e.StandardJMeterEngine: Running the test!
2021-05-19 12:41:58,479 INFO o.a.j.s.SampleEvent: List of sample_variables: []
2021-05-19 12:41:58,479 INFO o.a.j.s.SampleEvent: List of sample_variables: []
2021-05-19 12:41:58,484 INFO o.a.j.e.u.CompoundVariable: Note: Function class names must contain the string: '.functions.'
2021-05-19 12:41:58,484 INFO o.a.j.e.u.CompoundVariable: Note: Function class names must not contain the string: '.gui.'
2021-05-19 12:41:58,827 INFO o.a.j.JMeter: Running test (1621408318827)
2021-05-19 12:41:58,893 INFO o.a.j.e.StandardJMeterEngine: Starting ThreadGroup: 1 : L0-iSource-JOB
2021-05-19 12:41:58,894 INFO o.a.j.e.StandardJMeterEngine: Starting 10 threads for group L0-iSource-JOB.
2021-05-19 12:41:58,894 INFO o.a.j.e.StandardJMeterEngine: Thread will stop on error
2021-05-19 12:41:58,894 INFO o.a.j.t.ThreadGroup: Starting thread group... number=1 threads=10 ramp-up=30 perThread=3000.0 delayedStart=false
2021-05-19 12:41:58,915 INFO o.a.j.s.SampleResult: Note: Sample TimeStamps are START times
2021-05-19 12:41:58,915 INFO o.a.j.s.SampleResult: sampleresult.default.encoding is set to ISO-8859-1
2021-05-19 12:41:58,915 INFO o.a.j.s.SampleResult: sampleresult.useNanoTime=true
2021-05-19 12:41:58,915 INFO o.a.j.s.SampleResult: sampleresult.nanoThreadSleep=5000
2021-05-19 12:41:58,927 INFO o.a.j.t.JMeterThread: Thread started: L0-iSource-JOB 1-1
2021-05-19 12:41:58,929 INFO o.a.j.c.LoopController: iterationStart called on 5.6# Questions_Text with source org.apache.jmeter.control.LoopController@6c4c555d and iteration 1
2021-05-19 12:41:58,929 INFO o.a.j.c.LoopController: iterationStart called on 5.4# Questions_Multichoice with source org.apache.jmeter.control.LoopController@6c4c555d and iteration 1
2021-05-19 12:41:58,929 INFO o.a.j.s.FileServer: Stored: D:\apache-jmeter-5.1\apache-jmeter-5.1\bin\excel\isource\Partner_ZCS_Users.csv
2021-05-19 12:41:58,945 INFO o.a.j.p.h.s.HTTPHCAbstractImpl: Local host = ZIPLSY2278
2021-05-19 12:41:58,951 INFO o.a.j.p.h.s.HTTPHC4Impl: HTTP request retry count = 0
2021-05-19 12:41:59,031 INFO o.a.j.p.h.s.h.LazyLayeredConnectionSocketFactory: Setting up HTTPS TrustAll Socket Factory
2021-05-19 12:41:59,036 INFO o.a.j.u.JsseSSLManager: Using default SSL protocol: TLS
2021-05-19 12:41:59,036 INFO o.a.j.u.JsseSSLManager: SSL session context: per-thread
2021-05-19 12:41:59,055 INFO o.a.j.t.ThreadGroup: Started thread group number 1
2021-05-19 12:41:59,055 INFO o.a.j.e.StandardJMeterEngine: All thread groups have been started
2021-05-19 12:41:59,486 INFO o.a.j.u.SSLManager: JmeterKeyStore Location:  type JKS
2021-05-19 12:41:59,488 INFO o.a.j.u.SSLManager: KeyStore created OK
2021-05-19 12:41:59,489 WARN o.a.j.u.SSLManager: Keystore file not found, loading empty keystore
2021-05-19 12:42:00,350 INFO o.a.j.r.Summariser: summary +      1 in 00:00:02 =    0.7/s Avg:  1349 Min:  1349 Max:  1349 Err:     0 (0.00%) Active: 1 Started: 1 Finished: 0
2021-05-19 12:42:01,932 INFO o.a.j.t.JMeterThread: Thread started: L0-iSource-JOB 1-2
2021-05-19 12:42:01,934 INFO o.a.j.c.LoopController: iterationStart called on 5.6# Questions_Text with source org.apache.jmeter.control.LoopController@40d03f70 and iteration 1
2021-05-19 12:42:01,934 INFO o.a.j.c.LoopController: iterationStart called on 5.4# Questions_Multichoice with source org.apache.jmeter.control.LoopController@40d03f70 and iteration 1
2021-05-19 12:42:04,957 INFO o.a.j.t.JMeterThread: Thread started: L0-iSource-JOB 1-3
2021-05-19 12:42:04,957 INFO o.a.j.c.LoopController: iterationStart called on 5.6# Questions_Text with source org.apache.jmeter.control.LoopController@30352821 and iteration 1
2021-05-19 12:42:04,957 INFO o.a.j.c.LoopController: iterationStart called on 5.4# Questions_Multichoice with source org.apache.jmeter.control.LoopController@30352821 and iteration 1
2021-05-19 12:42:07,979 INFO o.a.j.t.JMeterThread: Thread started: L0-iSource-JOB 1-4
2021-05-19 12:42:07,981 INFO o.a.j.c.LoopController: iterationStart called on 5.6# Questions_Text with source org.apache.jmeter.control.LoopController@5600cb12 and iteration 1
2021-05-19 12:42:07,982 INFO o.a.j.c.LoopController: iterationStart called on 5.4# Questions_Multichoice with source org.apache.jmeter.control.LoopController@5600cb12 and iteration 1
2021-05-19 12:42:10,996 INFO o.a.j.t.JMeterThread: Thread started: L0-iSource-JOB 1-5
2021-05-19 12:42:10,999 INFO o.a.j.c.LoopController: iterationStart called on 5.6# Questions_Text with source org.apache.jmeter.control.LoopController@766d0fc and iteration 1
2021-05-19 12:42:10,999 INFO o.a.j.c.LoopController: iterationStart called on 5.4# Questions_Multichoice with source org.apache.jmeter.control.LoopController@766d0fc and iteration 1
2021-05-19 12:42:14,012 INFO o.a.j.t.JMeterThread: Thread started: L0-iSource-JOB 1-6
2021-05-19 12:42:14,013 INFO o.a.j.c.LoopController: iterationStart called on 5.6# Questions_Text with source org.apache.jmeter.control.LoopController@3df3a52 and iteration 1
2021-05-19 12:42:14,014 INFO o.a.j.c.LoopController: iterationStart called on 5.4# Questions_Multichoice with source org.apache.jmeter.control.LoopController@3df3a52 and iteration 1
2021-05-19 12:42:17,028 INFO o.a.j.t.JMeterThread: Thread started: L0-iSource-JOB 1-7
2021-05-19 12:42:17,028 INFO o.a.j.c.LoopController: iterationStart called on 5.6# Questions_Text with source org.apache.jmeter.control.LoopController@80c82aa and iteration 1
2021-05-19 12:42:17,028 INFO o.a.j.c.LoopController: iterationStart called on 5.4# Questions_Multichoice with source org.apache.jmeter.control.LoopController@80c82aa and iteration 1
2021-05-19 12:42:20,040 INFO o.a.j.t.JMeterThread: Thread started: L0-iSource-JOB 1-8
2021-05-19 12:42:20,042 INFO o.a.j.c.LoopController: iterationStart called on 5.6# Questions_Text with source org.apache.jmeter.control.LoopController@56d4a594 and iteration 1
2021-05-19 12:42:20,042 INFO o.a.j.c.LoopController: iterationStart called on 5.4# Questions_Multichoice with source org.apache.jmeter.control.LoopController@56d4a594 and iteration 1
2021-05-19 12:42:23,050 INFO o.a.j.t.JMeterThread: Thread started: L0-iSource-JOB 1-9
2021-05-19 12:42:23,051 INFO o.a.j.c.LoopController: iterationStart called on 5.6# Questions_Text with source org.apache.jmeter.control.LoopController@26ef1bc0 and iteration 1
2021-05-19 12:42:23,052 INFO o.a.j.c.LoopController: iterationStart called on 5.4# Questions_Multichoice with source org.apache.jmeter.control.LoopController@26ef1bc0 and iteration 1
2021-05-19 12:42:26,061 INFO o.a.j.t.JMeterThread: Thread started: L0-iSource-JOB 1-10
2021-05-19 12:42:26,062 INFO o.a.j.c.LoopController: iterationStart called on 5.6# Questions_Text with source org.apache.jmeter.control.LoopController@3de2391c and iteration 1
2021-05-19 12:42:26,062 INFO o.a.j.c.LoopController: iterationStart called on 5.4# Questions_Multichoice with source org.apache.jmeter.control.LoopController@3de2391c and iteration 1
2021-05-19 12:42:30,036 INFO o.a.j.r.Summariser: summary +    147 in 00:00:30 =    5.0/s Avg:   379 Min:    17 Max:  3634 Err:     0 (0.00%) Active: 10 Started: 10 Finished: 0
2021-05-19 12:42:30,037 INFO o.a.j.r.Summariser: summary =    148 in 00:00:31 =    4.7/s Avg:   386 Min:    17 Max:  3634 Err:     0 (0.00%)
2021-05-19 12:43:00,009 INFO o.a.j.r.Summariser: summary +    139 in 00:00:30 =    4.6/s Avg:  1394 Min:    73 Max: 12171 Err:     0 (0.00%) Active: 10 Started: 10 Finished: 0
2021-05-19 12:43:00,010 INFO o.a.j.r.Summariser: summary =    287 in 00:01:01 =    4.7/s Avg:   874 Min:    17 Max: 12171 Err:     0 (0.00%)
2021-05-19 12:43:22,883 INFO o.a.j.s.FileServer: Stored: D:\apache-jmeter-5.1\apache-jmeter-5.1\bin\excel\isource\PricingLot_2000.xlsx
2021-05-19 12:43:26,562 INFO o.a.j.t.JMeterThread: Stop Thread detected by thread: L0-iSource-JOB 1-4
2021-05-19 12:43:26,562 INFO o.a.j.t.JMeterThread: Thread finished: L0-iSource-JOB 1-4
2021-05-19 12:43:30,171 INFO o.a.j.r.Summariser: summary +    128 in 00:00:30 =    4.2/s Avg:  1434 Min:   305 Max: 60308 Err:     1 (0.78%) Active: 9 Started: 10 Finished: 1
2021-05-19 12:43:30,172 INFO o.a.j.r.Summariser: summary =    415 in 00:01:31 =    4.5/s Avg:  1047 Min:    17 Max: 60308 Err:     1 (0.24%)
2021-05-19 12:43:50,893 INFO o.a.j.t.JMeterThread: Stop Thread detected by thread: L0-iSource-JOB 1-2
2021-05-19 12:43:50,893 INFO o.a.j.t.JMeterThread: Thread finished: L0-iSource-JOB 1-2
2021-05-19 12:44:04,403 INFO o.a.j.r.Summariser: summary +     46 in 00:00:34 =    1.3/s Avg:  4526 Min:   381 Max: 60379 Err:     2 (4.35%) Active: 8 Started: 10 Finished: 2
2021-05-19 12:44:04,403 INFO o.a.j.r.Summariser: summary =    461 in 00:02:06 =    3.7/s Avg:  1394 Min:    17 Max: 60379 Err:     3 (0.65%)
2021-05-19 12:44:04,403 INFO o.a.j.t.JMeterThread: Stop Thread detected by thread: L0-iSource-JOB 1-3
2021-05-19 12:44:04,403 INFO o.a.j.t.JMeterThread: Thread finished: L0-iSource-JOB 1-3
2021-05-19 12:44:31,865 INFO o.a.j.r.Summariser: summary +     17 in 00:00:27 =    0.6/s Avg:  5751 Min:   395 Max: 32987 Err:     0 (0.00%) Active: 7 Started: 10 Finished: 3
2021-05-19 12:44:31,866 INFO o.a.j.r.Summariser: summary =    478 in 00:02:33 =    3.1/s Avg:  1549 Min:    17 Max: 60379 Err:     3 (0.63%)
2021-05-19 12:44:41,685 INFO o.a.j.t.JMeterThread: Stop Thread detected by thread: L0-iSource-JOB 1-10
2021-05-19 12:44:41,686 INFO o.a.j.t.JMeterThread: Thread finished: L0-iSource-JOB 1-10
2021-05-19 12:44:41,695 INFO o.a.j.t.JMeterThread: Stop Thread detected by thread: L0-iSource-JOB 1-6
2021-05-19 12:44:41,695 INFO o.a.j.t.JMeterThread: Thread finished: L0-iSource-JOB 1-6
2021-05-19 12:44:44,708 INFO o.a.j.t.JMeterThread: Stop Thread detected by thread: L0-iSource-JOB 1-5
2021-05-19 12:44:44,708 INFO o.a.j.t.JMeterThread: Thread finished: L0-iSource-JOB 1-5
2021-05-19 12:44:47,031 INFO o.a.j.t.JMeterThread: Stop Thread detected by thread: L0-iSource-JOB 1-9
2021-05-19 12:44:47,031 INFO o.a.j.t.JMeterThread: Thread finished: L0-iSource-JOB 1-9
2021-05-19 12:45:00,303 INFO o.a.j.r.Summariser: summary +     21 in 00:00:28 =    0.7/s Avg: 13842 Min:   776 Max: 61312 Err:     4 (19.05%) Active: 3 Started: 10 Finished: 7
2021-05-19 12:45:00,304 INFO o.a.j.r.Summariser: summary =    499 in 00:03:01 =    2.7/s Avg:  2066 Min:    17 Max: 61312 Err:     7 (1.40%)
2021-05-19 12:45:17,678 INFO o.a.j.t.JMeterThread: Stop Thread detected by thread: L0-iSource-JOB 1-1
2021-05-19 12:45:17,679 INFO o.a.j.t.JMeterThread: Thread finished: L0-iSource-JOB 1-1
2021-05-19 12:45:32,970 INFO o.a.j.s.FileServer: Stored: D:\apache-jmeter-5.1\apache-jmeter-5.1\bin\excel\isource\MCQquest.xlsx
2021-05-19 12:45:33,316 INFO o.a.j.r.Summariser: summary +     28 in 00:00:33 =    0.8/s Avg:  3530 Min:   301 Max: 60250 Err:     1 (3.57%) Active: 2 Started: 10 Finished: 8
2021-05-19 12:45:33,317 INFO o.a.j.r.Summariser: summary =    527 in 00:03:34 =    2.5/s Avg:  2144 Min:    17 Max: 61312 Err:     8 (1.52%)
2021-05-19 12:45:40,141 INFO o.a.j.s.FileServer: Stored: D:\apache-jmeter-5.1\apache-jmeter-5.1\bin\excel\isource\100mb.docx
2021-05-19 12:46:00,022 INFO o.a.j.r.Summariser: summary +     28 in 00:00:27 =    1.0/s Avg:   650 Min:   294 Max:  1648 Err:     0 (0.00%) Active: 2 Started: 10 Finished: 8
2021-05-19 12:46:00,022 INFO o.a.j.r.Summariser: summary =    555 in 00:04:01 =    2.3/s Avg:  2069 Min:    17 Max: 61312 Err:     8 (1.44%)
2021-05-19 12:46:29,918 ERROR o.a.j.u.BeanShellInterpreter: Error invoking bsh method: eval	Sourced file: inline evaluation of: ``String totalRecords = vars.get("totalRecords"); String perpage = vars.get("perpa . . . '' : Typed variable declaration : Method Invocation Integer.parseInt
2021-05-19 12:46:29,919 WARN o.a.j.e.BeanShellPostProcessor: Problem in BeanShell script: org.apache.jorphan.util.JMeterException: Error invoking bsh method: eval	Sourced file: inline evaluation of: ``String totalRecords = vars.get("totalRecords"); String perpage = vars.get("perpa . . . '' : Typed variable declaration : Method Invocation Integer.parseInt
2021-05-19 12:46:30,048 INFO o.a.j.r.Summariser: summary +     58 in 00:00:30 =    1.9/s Avg:   599 Min:   299 Max:  2315 Err:     0 (0.00%) Active: 2 Started: 10 Finished: 8
2021-05-19 12:46:30,049 INFO o.a.j.r.Summariser: summary =    613 in 00:04:31 =    2.3/s Avg:  1930 Min:    17 Max: 61312 Err:     8 (1.31%)
2021-05-19 12:46:43,876 ERROR o.a.j.u.BeanShellInterpreter: Error invoking bsh method: eval	Sourced file: inline evaluation of: ``String totalRecords = vars.get("totalRecords"); String perpage = vars.get("perpa . . . '' : Typed variable declaration : Method Invocation Integer.parseInt
2021-05-19 12:46:43,877 WARN o.a.j.e.BeanShellPostProcessor: Problem in BeanShell script: org.apache.jorphan.util.JMeterException: Error invoking bsh method: eval	Sourced file: inline evaluation of: ``String totalRecords = vars.get("totalRecords"); String perpage = vars.get("perpa . . . '' : Typed variable declaration : Method Invocation Integer.parseInt
2021-05-19 12:47:01,084 INFO o.a.j.r.Summariser: summary +     21 in 00:00:31 =    0.7/s Avg:  1645 Min:   340 Max:  8613 Err:     0 (0.00%) Active: 2 Started: 10 Finished: 8
2021-05-19 12:47:01,084 INFO o.a.j.r.Summariser: summary =    634 in 00:05:02 =    2.1/s Avg:  1920 Min:    17 Max: 61312 Err:     8 (1.26%)
2021-05-19 12:47:30,196 INFO o.a.j.r.Summariser: summary +     21 in 00:00:29 =    0.7/s Avg:  2132 Min:   364 Max:  9119 Err:     0 (0.00%) Active: 2 Started: 10 Finished: 8
2021-05-19 12:47:30,196 INFO o.a.j.r.Summariser: summary =    655 in 00:05:31 =    2.0/s Avg:  1927 Min:    17 Max: 61312 Err:     8 (1.22%)
2021-05-19 12:48:00,233 INFO o.a.j.r.Summariser: summary +     30 in 00:00:30 =    1.0/s Avg:  1904 Min:   281 Max: 12256 Err:     0 (0.00%) Active: 2 Started: 10 Finished: 8
2021-05-19 12:48:00,233 INFO o.a.j.r.Summariser: summary =    685 in 00:06:01 =    1.9/s Avg:  1926 Min:    17 Max: 61312 Err:     8 (1.17%)
2021-05-19 12:48:06,950 INFO o.a.j.t.JMeterThread: Thread is done: L0-iSource-JOB 1-8
2021-05-19 12:48:06,950 INFO o.a.j.t.JMeterThread: Thread finished: L0-iSource-JOB 1-8
2021-05-19 12:48:19,682 INFO o.a.j.t.JMeterThread: Thread is done: L0-iSource-JOB 1-7
2021-05-19 12:48:19,682 INFO o.a.j.t.JMeterThread: Thread finished: L0-iSource-JOB 1-7
2021-05-19 12:48:19,683 INFO o.a.j.e.StandardJMeterEngine: Notifying test listeners of end of test
2021-05-19 12:48:19,684 INFO o.a.j.s.FileServer: Close: D:\apache-jmeter-5.1\apache-jmeter-5.1\bin\excel\isource\Partner_ZCS_Users.csv
2021-05-19 12:48:19,686 INFO o.a.j.r.Summariser: summary +      8 in 00:00:19 =    0.4/s Avg:  1933 Min:   366 Max: 12120 Err:     0 (0.00%) Active: 0 Started: 10 Finished: 10
2021-05-19 12:48:19,687 INFO o.a.j.r.Summariser: summary =    693 in 00:06:21 =    1.8/s Avg:  1926 Min:    17 Max: 61312 Err:     8 (1.15%)
2021-05-19 12:48:19,688 INFO o.a.j.JMeter: Generating Dashboard
2021-05-19 12:48:19,688 INFO o.a.j.r.d.ReportGenerator: Flushing result collector before report Generation
2021-05-19 12:48:19,709 INFO o.a.j.r.p.NormalizerSampleConsumer: Using format, 'ms', to parse timeStamp field
2021-05-19 12:48:19,813 INFO o.a.j.r.p.AbstractSampleConsumer: class org.apache.jmeter.report.processor.AggregateConsumer#stopProducing(): beginDate produced 0 samples
2021-05-19 12:48:19,813 INFO o.a.j.r.p.AbstractSampleConsumer: class org.apache.jmeter.report.processor.AggregateConsumer#stopProducing(): endDate produced 0 samples
2021-05-19 12:48:19,815 INFO o.a.j.r.p.AbstractSampleConsumer: class org.apache.jmeter.report.processor.ApdexSummaryConsumer#stopProducing(): apdexSummary produced 0 samples
2021-05-19 12:48:19,815 INFO o.a.j.r.p.AbstractSampleConsumer: class org.apache.jmeter.report.processor.RequestsSummaryConsumer#stopProducing(): requestsSummary produced 0 samples
2021-05-19 12:48:19,823 INFO o.a.j.r.p.AbstractSampleConsumer: class org.apache.jmeter.report.processor.StatisticsSummaryConsumer#stopProducing(): statisticsSummary produced 0 samples
2021-05-19 12:48:19,827 INFO o.a.j.r.p.AbstractSampleConsumer: class org.apache.jmeter.report.processor.Top5ErrorsBySamplerConsumer#stopProducing(): top5ErrorsBySampler produced 0 samples
2021-05-19 12:48:19,827 INFO o.a.j.r.p.AbstractSampleConsumer: class org.apache.jmeter.report.processor.ErrorsSummaryConsumer#stopProducing(): errorsSummary produced 0 samples
2021-05-19 12:48:19,827 INFO o.a.j.r.p.AbstractSampleConsumer: class org.apache.jmeter.report.processor.graph.impl.HitsPerSecondGraphConsumer#stopProducing(): hitsPerSecond produced 0 samples
2021-05-19 12:48:19,842 INFO o.a.j.r.p.AbstractSampleConsumer: class org.apache.jmeter.report.processor.graph.impl.LatencyVSRequestGraphConsumer#stopProducing(): latencyVsRequest produced 0 samples
2021-05-19 12:48:19,842 INFO o.a.j.r.p.AbstractSampleConsumer: class org.apache.jmeter.report.processor.graph.impl.SyntheticResponseTimeDistributionGraphConsumer#stopProducing(): syntheticResponseTimeDistribution produced 0 samples
2021-05-19 12:48:19,842 INFO o.a.j.r.p.AbstractSampleConsumer: class org.apache.jmeter.report.processor.graph.impl.BytesThroughputGraphConsumer#stopProducing(): bytesThroughputOverTime produced 0 samples
2021-05-19 12:48:19,843 INFO o.a.j.r.p.AbstractSampleConsumer: class org.apache.jmeter.report.processor.graph.impl.CodesPerSecondGraphConsumer#stopProducing(): codesPerSecond produced 0 samples
2021-05-19 12:48:19,850 INFO o.a.j.r.p.AbstractSampleConsumer: class org.apache.jmeter.report.processor.graph.impl.ResponseTimeVSRequestGraphConsumer#stopProducing(): responseTimeVsRequest produced 0 samples
2021-05-19 12:48:19,851 INFO o.a.j.r.p.AbstractSampleConsumer: class org.apache.jmeter.report.processor.FilterConsumer#stopProducing(): startIntervalControlerFilter produced 4851 samples
2021-05-19 12:48:19,851 INFO o.a.j.r.p.AbstractSampleConsumer: class org.apache.jmeter.report.processor.graph.impl.TotalTPSGraphConsumer#stopProducing(): totalTPS produced 0 samples
2021-05-19 12:48:19,851 INFO o.a.j.r.p.AbstractSampleConsumer: class org.apache.jmeter.report.processor.graph.impl.ActiveThreadsGraphConsumer#stopProducing(): activeThreadsOverTime produced 0 samples
2021-05-19 12:48:19,851 INFO o.a.j.r.p.AbstractSampleConsumer: class org.apache.jmeter.report.processor.graph.impl.TimeVSThreadGraphConsumer#stopProducing(): timeVsThreads produced 0 samples
2021-05-19 12:48:19,860 INFO o.a.j.r.p.AbstractSampleConsumer: class org.apache.jmeter.report.processor.graph.impl.ResponseTimeDistributionGraphConsumer#stopProducing(): responseTimeDistribution produced 0 samples
2021-05-19 12:48:19,861 INFO o.a.j.r.p.AbstractSampleConsumer: class org.apache.jmeter.report.processor.graph.impl.TransactionsPerSecondGraphConsumer#stopProducing(): transactionsPerSecond produced 0 samples
2021-05-19 12:48:19,862 INFO o.a.j.r.p.AbstractSampleConsumer: class org.apache.jmeter.report.processor.graph.impl.ResponseTimePercentilesGraphConsumer#stopProducing(): responseTimePercentiles produced 0 samples
2021-05-19 12:48:19,884 INFO o.a.j.r.p.AbstractSampleConsumer: class org.apache.jmeter.report.processor.graph.impl.ResponseTimePercentilesOverTimeGraphConsumer#stopProducing(): responseTimePercentilesOverTime produced 0 samples
2021-05-19 12:48:19,885 INFO o.a.j.r.p.AbstractSampleConsumer: class org.apache.jmeter.report.processor.graph.impl.ResponseTimeOverTimeGraphConsumer#stopProducing(): responseTimesOverTime produced 0 samples
2021-05-19 12:48:19,886 INFO o.a.j.r.p.AbstractSampleConsumer: class org.apache.jmeter.report.processor.graph.impl.ConnectTimeOverTimeGraphConsumer#stopProducing(): connectTimeOverTime produced 0 samples
2021-05-19 12:48:19,887 INFO o.a.j.r.p.AbstractSampleConsumer: class org.apache.jmeter.report.processor.graph.impl.LatencyOverTimeGraphConsumer#stopProducing(): latenciesOverTime produced 0 samples
2021-05-19 12:48:19,888 INFO o.a.j.r.p.AbstractSampleConsumer: class org.apache.jmeter.report.processor.FilterConsumer#stopProducing(): nameFilter produced 11880 samples
2021-05-19 12:48:19,888 INFO o.a.j.r.p.AbstractSampleConsumer: class org.apache.jmeter.report.processor.FilterConsumer#stopProducing(): dateRangeFilter produced 2376 samples
2021-05-19 12:48:19,888 INFO o.a.j.r.p.AbstractSampleConsumer: class org.apache.jmeter.report.processor.NormalizerSampleConsumer#stopProducing(): normalizer produced 792 samples
2021-05-19 12:48:19,888 INFO o.a.j.r.p.CsvFileSampleSource: produce(): 792 samples produced in 157ms on channel 0
2021-05-19 12:48:19,888 INFO o.a.j.r.d.ReportGenerator: Exporting data using exporter:'json' of className:'org.apache.jmeter.report.dashboard.JsonExporter'
2021-05-19 12:48:19,890 INFO o.a.j.r.d.JsonExporter: Found data for consumer statisticsSummary in context
2021-05-19 12:48:19,890 INFO o.a.j.r.d.JsonExporter: Creating statistics for overall
2021-05-19 12:48:19,890 INFO o.a.j.r.d.JsonExporter: Creating statistics for other transactions
2021-05-19 12:48:19,891 INFO o.a.j.r.d.JsonExporter: Checking output folder
2021-05-19 12:48:19,892 INFO o.a.j.r.d.JsonExporter: Writing statistics JSON to C:\xampp\htdocs\PerformancePostgres\L0_iSource_10_RFQMultipleQuestionsPublish_2021-05-19_6\statistics.json
2021-05-19 12:48:20,060 INFO o.a.j.r.d.ReportGenerator: Exporting data using exporter:'html' of className:'org.apache.jmeter.report.dashboard.HtmlTemplateExporter'
2021-05-19 12:48:20,063 INFO o.a.j.r.d.HtmlTemplateExporter: Will generate dashboard in folder: C:\xampp\htdocs\PerformancePostgres\L0_iSource_10_RFQMultipleQuestionsPublish_2021-05-19_6
2021-05-19 12:48:20,427 INFO o.a.j.r.d.HtmlTemplateExporter: Report will be generated in: C:\xampp\htdocs\PerformancePostgres\L0_iSource_10_RFQMultipleQuestionsPublish_2021-05-19_6, creating folder structure
2021-05-19 12:48:20,430 INFO o.a.j.r.d.TemplateVisitor: Copying folder from 'D:\apache-jmeter-5.1\apache-jmeter-5.1\bin\report-template' to 'C:\xampp\htdocs\PerformancePostgres\L0_iSource_10_RFQMultipleQuestionsPublish_2021-05-19_6', got message:[C:\xampp\htdocs\PerformancePostgres\L0_iSource_10_RFQMultipleQuestionsPublish_2021-05-19_6\statistics.json], found non empty folder with following content {}, will be ignored
2021-05-19 12:48:21,171 INFO o.a.j.JMeter: Dashboard generated
