2021-06-04 13:48:43,145 INFO o.a.j.u.JMeterUtils: Setting Locale to en_EN
2021-06-04 13:48:43,155 INFO o.a.j.JMeter: Loading user properties from: user.properties
2021-06-04 13:48:43,155 INFO o.a.j.JMeter: Loading system properties from: system.properties
2021-06-04 13:48:43,155 INFO o.a.j.JMeter: Setting JMeter property: meter.reportgenerator.report_title=AuctionDefineSettings
2021-06-04 13:48:43,155 INFO o.a.j.JMeter: Setting JMeter property: thread=10
2021-06-04 13:48:43,155 INFO o.a.j.JMeter: Setting JMeter property: rampup=30
2021-06-04 13:48:43,159 INFO o.a.j.JMeter: Copyright (c) 1998-2019 The Apache Software Foundation
2021-06-04 13:48:43,159 INFO o.a.j.JMeter: Version 5.1 r1853635
2021-06-04 13:48:43,159 INFO o.a.j.JMeter: java.version=1.8.0_121
2021-06-04 13:48:43,159 INFO o.a.j.JMeter: java.vm.name=Java HotSpot(TM) 64-Bit Server VM
2021-06-04 13:48:43,159 INFO o.a.j.JMeter: os.name=Windows 10
2021-06-04 13:48:43,159 INFO o.a.j.JMeter: os.arch=amd64
2021-06-04 13:48:43,159 INFO o.a.j.JMeter: os.version=10.0
2021-06-04 13:48:43,159 INFO o.a.j.JMeter: file.encoding=Cp1252
2021-06-04 13:48:43,159 INFO o.a.j.JMeter: java.awt.headless=true
2021-06-04 13:48:43,159 INFO o.a.j.JMeter: Max memory     =8589934592
2021-06-04 13:48:43,160 INFO o.a.j.JMeter: Available Processors =6
2021-06-04 13:48:43,162 INFO o.a.j.JMeter: Default Locale=English (EN)
2021-06-04 13:48:43,162 INFO o.a.j.JMeter: JMeter  Locale=English (EN)
2021-06-04 13:48:43,162 INFO o.a.j.JMeter: JMeterHome=D:\apache-jmeter-5.1\apache-jmeter-5.1
2021-06-04 13:48:43,162 INFO o.a.j.JMeter: user.dir  =D:\apache-jmeter-5.1\apache-jmeter-5.1\bin
2021-06-04 13:48:43,163 INFO o.a.j.JMeter: PWD       =D:\apache-jmeter-5.1\apache-jmeter-5.1\bin
2021-06-04 13:48:43,164 INFO o.a.j.JMeter: IP: 172.30.224.67 Name: ZIPLSY2278 FullName: ZIPLSY2278.zycus.net
2021-06-04 13:48:43,166 INFO o.a.j.JMeter: Setting property 'jmeter.reportgenerator.outputdir' to:'C:\xampp\htdocs\PerformancePostgres\L0_iSource_10_AuctionDefineSettings_2021-06-04_4'
2021-06-04 13:48:43,168 INFO o.a.j.s.FileServer: Default base='D:\apache-jmeter-5.1\apache-jmeter-5.1\bin'
2021-06-04 13:48:43,171 INFO o.a.j.s.FileServer: Set new base='D:\PostrgresMigration\iSource'
2021-06-04 13:48:43,265 INFO o.a.j.s.SaveService: Testplan (JMX) version: 2.2. Testlog (JTL) version: 2.2
2021-06-04 13:48:43,275 INFO o.a.j.s.SaveService: Using SaveService properties file encoding UTF-8
2021-06-04 13:48:43,278 INFO o.a.j.s.SaveService: Using SaveService properties version 5.0
2021-06-04 13:48:43,283 INFO o.a.j.s.SaveService: Loading file: D:\PostrgresMigration\iSource\L1_iSource_AuctionDefineSettings.jmx
2021-06-04 13:48:43,345 INFO o.a.j.p.h.c.CookieManager: Settings: Delete null: true Check: true Allow variable: true Save: false Prefix: COOKIE_
2021-06-04 13:48:43,350 INFO o.a.j.p.h.c.CacheManager: Will only cache the following methods: [GET]
2021-06-04 13:48:43,358 INFO o.a.j.p.h.s.HTTPSamplerBase: Parser for text/html is org.apache.jmeter.protocol.http.parser.LagartoBasedHtmlParser
2021-06-04 13:48:43,358 INFO o.a.j.p.h.s.HTTPSamplerBase: Parser for application/xhtml+xml is org.apache.jmeter.protocol.http.parser.LagartoBasedHtmlParser
2021-06-04 13:48:43,358 INFO o.a.j.p.h.s.HTTPSamplerBase: Parser for application/xml is org.apache.jmeter.protocol.http.parser.LagartoBasedHtmlParser
2021-06-04 13:48:43,358 INFO o.a.j.p.h.s.HTTPSamplerBase: Parser for text/xml is org.apache.jmeter.protocol.http.parser.LagartoBasedHtmlParser
2021-06-04 13:48:43,358 INFO o.a.j.p.h.s.HTTPSamplerBase: Parser for text/vnd.wap.wml is org.apache.jmeter.protocol.http.parser.RegexpHTMLParser
2021-06-04 13:48:43,358 INFO o.a.j.p.h.s.HTTPSamplerBase: Parser for text/css is org.apache.jmeter.protocol.http.parser.CssParser
2021-06-04 13:48:43,612 INFO o.a.j.JMeter: Creating summariser <summary>
2021-06-04 13:48:43,622 INFO o.a.j.r.d.ReportGenerator: ReportGenerator will use for Parsing the separator: ','
2021-06-04 13:48:43,623 INFO o.a.j.r.d.ReportGenerator: Will generate report at end of test from  results file: D:\PostrgresMigration\iSource\JTL\L0_iSource_10_AuctionDefineSettings_2021-06-04_4.jtl
2021-06-04 13:48:43,623 INFO o.a.j.r.d.ReportGenerator: Reading report generator properties from: D:\apache-jmeter-5.1\apache-jmeter-5.1\bin\reportgenerator.properties
2021-06-04 13:48:43,623 INFO o.a.j.r.d.ReportGenerator: Merging with JMeter properties
2021-06-04 13:48:43,629 INFO o.a.j.r.c.ReportGeneratorConfiguration: Property 'jmeter.reportgenerator.temp_dir' not found, using default value 'temp' instead.
2021-06-04 13:48:43,631 INFO o.a.j.r.c.ReportGeneratorConfiguration: Property 'jmeter.reportgenerator.apdex_per_transaction' not found, using default value 'null' instead.
2021-06-04 13:48:43,631 INFO o.a.j.r.c.ReportGeneratorConfiguration: apdex_per_transaction : {} is empty, not APDEX per transaction customization
2021-06-04 13:48:43,632 INFO o.a.j.r.c.ReportGeneratorConfiguration: Property 'jmeter.reportgenerator.sample_filter' not found, using default value 'null' instead.
2021-06-04 13:48:43,632 INFO o.a.j.r.c.ReportGeneratorConfiguration: Property 'jmeter.reportgenerator.report_title' not found, using default value 'null' instead.
2021-06-04 13:48:43,632 INFO o.a.j.r.c.ReportGeneratorConfiguration: Property 'jmeter.reportgenerator.start_date' not found, using default value 'null' instead.
2021-06-04 13:48:43,632 INFO o.a.j.r.c.ReportGeneratorConfiguration: Property 'jmeter.reportgenerator.end_date' not found, using default value 'null' instead.
2021-06-04 13:48:43,632 INFO o.a.j.r.c.ReportGeneratorConfiguration: Property 'jmeter.reportgenerator.date_format' not found, using default value 'null' instead.
2021-06-04 13:48:43,632 INFO o.a.j.r.c.ReportGeneratorConfiguration: Will use date range start date: null, end date: null
2021-06-04 13:48:43,636 INFO o.a.j.r.c.ReportGeneratorConfiguration: Property 'jmeter.reportgenerator.graph.totalTPS.exclude_controllers' not found, using default value 'false' instead.
2021-06-04 13:48:43,636 INFO o.a.j.r.c.ReportGeneratorConfiguration: Property 'jmeter.reportgenerator.graph.activeThreadsOverTime.exclude_controllers' not found, using default value 'false' instead.
2021-06-04 13:48:43,636 INFO o.a.j.r.c.ReportGeneratorConfiguration: Property 'jmeter.reportgenerator.graph.timeVsThreads.exclude_controllers' not found, using default value 'false' instead.
2021-06-04 13:48:43,636 INFO o.a.j.r.c.ReportGeneratorConfiguration: Property 'jmeter.reportgenerator.graph.responseTimeDistribution.exclude_controllers' not found, using default value 'false' instead.
2021-06-04 13:48:43,636 INFO o.a.j.r.c.ReportGeneratorConfiguration: Property 'jmeter.reportgenerator.graph.transactionsPerSecond.exclude_controllers' not found, using default value 'false' instead.
2021-06-04 13:48:43,636 INFO o.a.j.r.c.ReportGeneratorConfiguration: Property 'jmeter.reportgenerator.graph.responseTimePercentiles.exclude_controllers' not found, using default value 'false' instead.
2021-06-04 13:48:43,637 INFO o.a.j.r.c.ReportGeneratorConfiguration: Property 'jmeter.reportgenerator.graph.responseTimePercentilesOverTime.exclude_controllers' not found, using default value 'false' instead.
2021-06-04 13:48:43,637 INFO o.a.j.r.c.ReportGeneratorConfiguration: Property 'jmeter.reportgenerator.graph.responseTimesOverTime.exclude_controllers' not found, using default value 'false' instead.
2021-06-04 13:48:43,637 INFO o.a.j.r.c.ReportGeneratorConfiguration: Property 'jmeter.reportgenerator.graph.connectTimeOverTime.exclude_controllers' not found, using default value 'false' instead.
2021-06-04 13:48:43,637 INFO o.a.j.r.c.ReportGeneratorConfiguration: Property 'jmeter.reportgenerator.graph.latenciesOverTime.exclude_controllers' not found, using default value 'false' instead.
2021-06-04 13:48:43,638 INFO o.a.j.r.c.ReportGeneratorConfiguration: Property 'jmeter.reportgenerator.exporter.json.filters_only_sample_series' not found, using default value 'true' instead.
2021-06-04 13:48:43,639 INFO o.a.j.r.c.ReportGeneratorConfiguration: Property 'jmeter.reportgenerator.exporter.json.series_filter' not found, using default value '' instead.
2021-06-04 13:48:43,639 INFO o.a.j.r.c.ReportGeneratorConfiguration: Property 'jmeter.reportgenerator.exporter.json.show_controllers_only' not found, using default value 'false' instead.
2021-06-04 13:48:43,640 INFO o.a.j.r.c.ReportGeneratorConfiguration: Property 'jmeter.reportgenerator.exporter.html.filters_only_sample_series' not found, using default value 'true' instead.
2021-06-04 13:48:43,640 INFO o.a.j.r.c.ReportGeneratorConfiguration: Property 'jmeter.reportgenerator.exporter.html.series_filter' not found, using default value '' instead.
2021-06-04 13:48:43,640 INFO o.a.j.r.c.ReportGeneratorConfiguration: Property 'jmeter.reportgenerator.exporter.html.show_controllers_only' not found, using default value 'false' instead.
2021-06-04 13:48:43,645 INFO o.a.j.e.StandardJMeterEngine: Running the test!
2021-06-04 13:48:43,646 INFO o.a.j.s.SampleEvent: List of sample_variables: []
2021-06-04 13:48:43,646 INFO o.a.j.s.SampleEvent: List of sample_variables: []
2021-06-04 13:48:43,655 INFO o.a.j.e.u.CompoundVariable: Note: Function class names must contain the string: '.functions.'
2021-06-04 13:48:43,655 INFO o.a.j.e.u.CompoundVariable: Note: Function class names must not contain the string: '.gui.'
2021-06-04 13:48:43,991 INFO o.a.j.JMeter: Running test (1622794723991)
2021-06-04 13:48:44,054 INFO o.a.j.e.StandardJMeterEngine: Starting ThreadGroup: 1 : L1-iSource-AuctionDefineSettings-Job
2021-06-04 13:48:44,054 INFO o.a.j.e.StandardJMeterEngine: Starting 10 threads for group L1-iSource-AuctionDefineSettings-Job.
2021-06-04 13:48:44,054 INFO o.a.j.e.StandardJMeterEngine: Thread will stop on error
2021-06-04 13:48:44,054 INFO o.a.j.t.ThreadGroup: Starting thread group... number=1 threads=10 ramp-up=30 perThread=3000.0 delayedStart=false
2021-06-04 13:48:44,107 INFO o.a.j.s.SampleResult: Note: Sample TimeStamps are START times
2021-06-04 13:48:44,107 INFO o.a.j.s.SampleResult: sampleresult.default.encoding is set to ISO-8859-1
2021-06-04 13:48:44,107 INFO o.a.j.s.SampleResult: sampleresult.useNanoTime=true
2021-06-04 13:48:44,107 INFO o.a.j.s.SampleResult: sampleresult.nanoThreadSleep=5000
2021-06-04 13:48:44,115 INFO o.a.j.t.JMeterThread: Thread started: L1-iSource-AuctionDefineSettings-Job 1-1
2021-06-04 13:48:44,118 INFO o.a.j.s.FileServer: Stored: D:\apache-jmeter-5.1\apache-jmeter-5.1\bin\excel\isource\Partner_ZCS_Users.csv
2021-06-04 13:48:44,136 INFO o.a.j.p.h.s.HTTPHCAbstractImpl: Local host = ZIPLSY2278
2021-06-04 13:48:44,141 INFO o.a.j.p.h.s.HTTPHC4Impl: HTTP request retry count = 0
2021-06-04 13:48:44,233 INFO o.a.j.p.h.s.h.LazyLayeredConnectionSocketFactory: Setting up HTTPS TrustAll Socket Factory
2021-06-04 13:48:44,239 INFO o.a.j.u.JsseSSLManager: Using default SSL protocol: TLS
2021-06-04 13:48:44,239 INFO o.a.j.u.JsseSSLManager: SSL session context: per-thread
2021-06-04 13:48:44,248 INFO o.a.j.t.ThreadGroup: Started thread group number 1
2021-06-04 13:48:44,248 INFO o.a.j.e.StandardJMeterEngine: All thread groups have been started
2021-06-04 13:48:44,710 INFO o.a.j.u.SSLManager: JmeterKeyStore Location:  type JKS
2021-06-04 13:48:44,712 INFO o.a.j.u.SSLManager: KeyStore created OK
2021-06-04 13:48:44,712 WARN o.a.j.u.SSLManager: Keystore file not found, loading empty keystore
2021-06-04 13:48:47,116 INFO o.a.j.t.JMeterThread: Thread started: L1-iSource-AuctionDefineSettings-Job 1-2
2021-06-04 13:48:50,120 INFO o.a.j.t.JMeterThread: Thread started: L1-iSource-AuctionDefineSettings-Job 1-3
2021-06-04 13:48:53,141 INFO o.a.j.t.JMeterThread: Thread started: L1-iSource-AuctionDefineSettings-Job 1-4
2021-06-04 13:48:56,166 INFO o.a.j.t.JMeterThread: Thread started: L1-iSource-AuctionDefineSettings-Job 1-5
2021-06-04 13:48:59,188 INFO o.a.j.t.JMeterThread: Thread started: L1-iSource-AuctionDefineSettings-Job 1-6
2021-06-04 13:49:00,217 INFO o.a.j.r.Summariser: summary +     54 in 00:00:16 =    3.3/s Avg:   311 Min:    14 Max:  1227 Err:     0 (0.00%) Active: 6 Started: 6 Finished: 0
2021-06-04 13:49:02,204 INFO o.a.j.t.JMeterThread: Thread started: L1-iSource-AuctionDefineSettings-Job 1-7
2021-06-04 13:49:05,226 INFO o.a.j.t.JMeterThread: Thread started: L1-iSource-AuctionDefineSettings-Job 1-8
2021-06-04 13:49:08,239 INFO o.a.j.t.JMeterThread: Thread started: L1-iSource-AuctionDefineSettings-Job 1-9
2021-06-04 13:49:11,252 INFO o.a.j.t.JMeterThread: Thread started: L1-iSource-AuctionDefineSettings-Job 1-10
2021-06-04 13:49:30,061 INFO o.a.j.r.Summariser: summary +    168 in 00:00:30 =    5.6/s Avg:   632 Min:    13 Max: 21441 Err:     0 (0.00%) Active: 10 Started: 10 Finished: 0
2021-06-04 13:49:30,061 INFO o.a.j.r.Summariser: summary =    222 in 00:00:46 =    4.8/s Avg:   554 Min:    13 Max: 21441 Err:     0 (0.00%)
2021-06-04 13:50:00,190 INFO o.a.j.r.Summariser: summary +     72 in 00:00:30 =    2.4/s Avg:  4067 Min:   252 Max: 21900 Err:     0 (0.00%) Active: 10 Started: 10 Finished: 0
2021-06-04 13:50:00,191 INFO o.a.j.r.Summariser: summary =    294 in 00:01:16 =    3.9/s Avg:  1415 Min:    13 Max: 21900 Err:     0 (0.00%)
2021-06-04 13:50:30,193 INFO o.a.j.r.Summariser: summary +    164 in 00:00:30 =    5.5/s Avg:   844 Min:   290 Max: 14708 Err:     0 (0.00%) Active: 10 Started: 10 Finished: 0
2021-06-04 13:50:30,193 INFO o.a.j.r.Summariser: summary =    458 in 00:01:46 =    4.3/s Avg:  1210 Min:    13 Max: 21900 Err:     0 (0.00%)
2021-06-04 13:50:47,788 INFO o.a.j.s.FileServer: Stored: D:\apache-jmeter-5.1\apache-jmeter-5.1\bin\excel\isource\buyer_5_items.xlsx
2021-06-04 13:51:00,022 INFO o.a.j.r.Summariser: summary +     92 in 00:00:30 =    3.1/s Avg:  1203 Min:   243 Max:  8079 Err:     0 (0.00%) Active: 10 Started: 10 Finished: 0
2021-06-04 13:51:00,022 INFO o.a.j.r.Summariser: summary =    550 in 00:02:16 =    4.0/s Avg:  1209 Min:    13 Max: 21900 Err:     0 (0.00%)
2021-06-04 13:51:30,094 INFO o.a.j.r.Summariser: summary +     95 in 00:00:30 =    3.2/s Avg:  2668 Min:   237 Max: 20763 Err:     0 (0.00%) Active: 10 Started: 10 Finished: 0
2021-06-04 13:51:30,095 INFO o.a.j.r.Summariser: summary =    645 in 00:02:46 =    3.9/s Avg:  1424 Min:    13 Max: 21900 Err:     0 (0.00%)
2021-06-04 13:51:32,742 INFO o.a.j.s.FileServer: Stored: D:\apache-jmeter-5.1\apache-jmeter-5.1\bin\excel\isource\100mb.docx
2021-06-04 13:51:50,454 INFO o.a.j.t.JMeterThread: Thread is done: L1-iSource-AuctionDefineSettings-Job 1-4
2021-06-04 13:51:50,454 INFO o.a.j.t.JMeterThread: Thread finished: L1-iSource-AuctionDefineSettings-Job 1-4
2021-06-04 13:51:58,114 INFO o.a.j.t.JMeterThread: Thread is done: L1-iSource-AuctionDefineSettings-Job 1-3
2021-06-04 13:51:58,114 INFO o.a.j.t.JMeterThread: Thread finished: L1-iSource-AuctionDefineSettings-Job 1-3
2021-06-04 13:51:59,033 INFO o.a.j.t.JMeterThread: Thread is done: L1-iSource-AuctionDefineSettings-Job 1-5
2021-06-04 13:51:59,033 INFO o.a.j.t.JMeterThread: Thread finished: L1-iSource-AuctionDefineSettings-Job 1-5
2021-06-04 13:51:59,626 INFO o.a.j.t.JMeterThread: Thread is done: L1-iSource-AuctionDefineSettings-Job 1-2
2021-06-04 13:51:59,626 INFO o.a.j.t.JMeterThread: Thread finished: L1-iSource-AuctionDefineSettings-Job 1-2
2021-06-04 13:51:59,934 INFO o.a.j.t.JMeterThread: Thread is done: L1-iSource-AuctionDefineSettings-Job 1-6
2021-06-04 13:51:59,934 INFO o.a.j.t.JMeterThread: Thread finished: L1-iSource-AuctionDefineSettings-Job 1-6
2021-06-04 13:52:00,289 INFO o.a.j.r.Summariser: summary +    158 in 00:00:30 =    5.2/s Avg:   983 Min:   252 Max: 17712 Err:     0 (0.00%) Active: 5 Started: 10 Finished: 5
2021-06-04 13:52:00,290 INFO o.a.j.r.Summariser: summary =    803 in 00:03:16 =    4.1/s Avg:  1337 Min:    13 Max: 21900 Err:     0 (0.00%)
2021-06-04 13:52:03,981 INFO o.a.j.t.JMeterThread: Thread is done: L1-iSource-AuctionDefineSettings-Job 1-1
2021-06-04 13:52:03,981 INFO o.a.j.t.JMeterThread: Thread finished: L1-iSource-AuctionDefineSettings-Job 1-1
2021-06-04 13:52:12,017 INFO o.a.j.t.JMeterThread: Thread is done: L1-iSource-AuctionDefineSettings-Job 1-7
2021-06-04 13:52:12,017 INFO o.a.j.t.JMeterThread: Thread finished: L1-iSource-AuctionDefineSettings-Job 1-7
2021-06-04 13:52:14,708 INFO o.a.j.t.JMeterThread: Thread is done: L1-iSource-AuctionDefineSettings-Job 1-9
2021-06-04 13:52:14,708 INFO o.a.j.t.JMeterThread: Thread finished: L1-iSource-AuctionDefineSettings-Job 1-9
2021-06-04 13:52:15,001 INFO o.a.j.t.JMeterThread: Thread is done: L1-iSource-AuctionDefineSettings-Job 1-8
2021-06-04 13:52:15,001 INFO o.a.j.t.JMeterThread: Thread finished: L1-iSource-AuctionDefineSettings-Job 1-8
2021-06-04 13:52:26,024 INFO o.a.j.t.JMeterThread: Thread is done: L1-iSource-AuctionDefineSettings-Job 1-10
2021-06-04 13:52:26,024 INFO o.a.j.t.JMeterThread: Thread finished: L1-iSource-AuctionDefineSettings-Job 1-10
2021-06-04 13:52:26,024 INFO o.a.j.e.StandardJMeterEngine: Notifying test listeners of end of test
2021-06-04 13:52:26,024 INFO o.a.j.s.FileServer: Close: D:\apache-jmeter-5.1\apache-jmeter-5.1\bin\excel\isource\Partner_ZCS_Users.csv
2021-06-04 13:52:26,026 INFO o.a.j.r.Summariser: summary +     27 in 00:00:26 =    1.0/s Avg:   736 Min:   271 Max:  1432 Err:     0 (0.00%) Active: 0 Started: 10 Finished: 10
2021-06-04 13:52:26,026 INFO o.a.j.r.Summariser: summary =    830 in 00:03:42 =    3.7/s Avg:  1318 Min:    13 Max: 21900 Err:     0 (0.00%)
2021-06-04 13:52:26,026 INFO o.a.j.JMeter: Generating Dashboard
2021-06-04 13:52:26,026 INFO o.a.j.r.d.ReportGenerator: Flushing result collector before report Generation
2021-06-04 13:52:26,041 INFO o.a.j.r.p.NormalizerSampleConsumer: Using format, 'ms', to parse timeStamp field
2021-06-04 13:52:26,151 INFO o.a.j.r.p.AbstractSampleConsumer: class org.apache.jmeter.report.processor.AggregateConsumer#stopProducing(): beginDate produced 0 samples
2021-06-04 13:52:26,152 INFO o.a.j.r.p.AbstractSampleConsumer: class org.apache.jmeter.report.processor.AggregateConsumer#stopProducing(): endDate produced 0 samples
2021-06-04 13:52:26,153 INFO o.a.j.r.p.AbstractSampleConsumer: class org.apache.jmeter.report.processor.ApdexSummaryConsumer#stopProducing(): apdexSummary produced 0 samples
2021-06-04 13:52:26,153 INFO o.a.j.r.p.AbstractSampleConsumer: class org.apache.jmeter.report.processor.RequestsSummaryConsumer#stopProducing(): requestsSummary produced 0 samples
2021-06-04 13:52:26,160 INFO o.a.j.r.p.AbstractSampleConsumer: class org.apache.jmeter.report.processor.StatisticsSummaryConsumer#stopProducing(): statisticsSummary produced 0 samples
2021-06-04 13:52:26,164 INFO o.a.j.r.p.AbstractSampleConsumer: class org.apache.jmeter.report.processor.Top5ErrorsBySamplerConsumer#stopProducing(): top5ErrorsBySampler produced 0 samples
2021-06-04 13:52:26,165 INFO o.a.j.r.p.AbstractSampleConsumer: class org.apache.jmeter.report.processor.ErrorsSummaryConsumer#stopProducing(): errorsSummary produced 0 samples
2021-06-04 13:52:26,165 INFO o.a.j.r.p.AbstractSampleConsumer: class org.apache.jmeter.report.processor.graph.impl.HitsPerSecondGraphConsumer#stopProducing(): hitsPerSecond produced 0 samples
2021-06-04 13:52:26,181 INFO o.a.j.r.p.AbstractSampleConsumer: class org.apache.jmeter.report.processor.graph.impl.LatencyVSRequestGraphConsumer#stopProducing(): latencyVsRequest produced 0 samples
2021-06-04 13:52:26,181 INFO o.a.j.r.p.AbstractSampleConsumer: class org.apache.jmeter.report.processor.graph.impl.SyntheticResponseTimeDistributionGraphConsumer#stopProducing(): syntheticResponseTimeDistribution produced 0 samples
2021-06-04 13:52:26,182 INFO o.a.j.r.p.AbstractSampleConsumer: class org.apache.jmeter.report.processor.graph.impl.BytesThroughputGraphConsumer#stopProducing(): bytesThroughputOverTime produced 0 samples
2021-06-04 13:52:26,182 INFO o.a.j.r.p.AbstractSampleConsumer: class org.apache.jmeter.report.processor.graph.impl.CodesPerSecondGraphConsumer#stopProducing(): codesPerSecond produced 0 samples
2021-06-04 13:52:26,191 INFO o.a.j.r.p.AbstractSampleConsumer: class org.apache.jmeter.report.processor.graph.impl.ResponseTimeVSRequestGraphConsumer#stopProducing(): responseTimeVsRequest produced 0 samples
2021-06-04 13:52:26,191 INFO o.a.j.r.p.AbstractSampleConsumer: class org.apache.jmeter.report.processor.FilterConsumer#stopProducing(): startIntervalControlerFilter produced 5810 samples
2021-06-04 13:52:26,191 INFO o.a.j.r.p.AbstractSampleConsumer: class org.apache.jmeter.report.processor.graph.impl.TotalTPSGraphConsumer#stopProducing(): totalTPS produced 0 samples
2021-06-04 13:52:26,191 INFO o.a.j.r.p.AbstractSampleConsumer: class org.apache.jmeter.report.processor.graph.impl.ActiveThreadsGraphConsumer#stopProducing(): activeThreadsOverTime produced 0 samples
2021-06-04 13:52:26,191 INFO o.a.j.r.p.AbstractSampleConsumer: class org.apache.jmeter.report.processor.graph.impl.TimeVSThreadGraphConsumer#stopProducing(): timeVsThreads produced 0 samples
2021-06-04 13:52:26,196 INFO o.a.j.r.p.AbstractSampleConsumer: class org.apache.jmeter.report.processor.graph.impl.ResponseTimeDistributionGraphConsumer#stopProducing(): responseTimeDistribution produced 0 samples
2021-06-04 13:52:26,197 INFO o.a.j.r.p.AbstractSampleConsumer: class org.apache.jmeter.report.processor.graph.impl.TransactionsPerSecondGraphConsumer#stopProducing(): transactionsPerSecond produced 0 samples
2021-06-04 13:52:26,198 INFO o.a.j.r.p.AbstractSampleConsumer: class org.apache.jmeter.report.processor.graph.impl.ResponseTimePercentilesGraphConsumer#stopProducing(): responseTimePercentiles produced 0 samples
2021-06-04 13:52:26,209 INFO o.a.j.r.p.AbstractSampleConsumer: class org.apache.jmeter.report.processor.graph.impl.ResponseTimePercentilesOverTimeGraphConsumer#stopProducing(): responseTimePercentilesOverTime produced 0 samples
2021-06-04 13:52:26,210 INFO o.a.j.r.p.AbstractSampleConsumer: class org.apache.jmeter.report.processor.graph.impl.ResponseTimeOverTimeGraphConsumer#stopProducing(): responseTimesOverTime produced 0 samples
2021-06-04 13:52:26,210 INFO o.a.j.r.p.AbstractSampleConsumer: class org.apache.jmeter.report.processor.graph.impl.ConnectTimeOverTimeGraphConsumer#stopProducing(): connectTimeOverTime produced 0 samples
2021-06-04 13:52:26,211 INFO o.a.j.r.p.AbstractSampleConsumer: class org.apache.jmeter.report.processor.graph.impl.LatencyOverTimeGraphConsumer#stopProducing(): latenciesOverTime produced 0 samples
2021-06-04 13:52:26,211 INFO o.a.j.r.p.AbstractSampleConsumer: class org.apache.jmeter.report.processor.FilterConsumer#stopProducing(): nameFilter produced 14700 samples
2021-06-04 13:52:26,211 INFO o.a.j.r.p.AbstractSampleConsumer: class org.apache.jmeter.report.processor.FilterConsumer#stopProducing(): dateRangeFilter produced 2940 samples
2021-06-04 13:52:26,211 INFO o.a.j.r.p.AbstractSampleConsumer: class org.apache.jmeter.report.processor.NormalizerSampleConsumer#stopProducing(): normalizer produced 980 samples
2021-06-04 13:52:26,212 INFO o.a.j.r.p.CsvFileSampleSource: produce(): 980 samples produced in 145ms on channel 0
2021-06-04 13:52:26,212 INFO o.a.j.r.d.ReportGenerator: Exporting data using exporter:'json' of className:'org.apache.jmeter.report.dashboard.JsonExporter'
2021-06-04 13:52:26,214 INFO o.a.j.r.d.JsonExporter: Found data for consumer statisticsSummary in context
2021-06-04 13:52:26,214 INFO o.a.j.r.d.JsonExporter: Creating statistics for overall
2021-06-04 13:52:26,214 INFO o.a.j.r.d.JsonExporter: Creating statistics for other transactions
2021-06-04 13:52:26,215 INFO o.a.j.r.d.JsonExporter: Checking output folder
2021-06-04 13:52:26,216 INFO o.a.j.r.d.JsonExporter: Writing statistics JSON to C:\xampp\htdocs\PerformancePostgres\L0_iSource_10_AuctionDefineSettings_2021-06-04_4\statistics.json
2021-06-04 13:52:26,365 INFO o.a.j.r.d.ReportGenerator: Exporting data using exporter:'html' of className:'org.apache.jmeter.report.dashboard.HtmlTemplateExporter'
2021-06-04 13:52:26,368 INFO o.a.j.r.d.HtmlTemplateExporter: Will generate dashboard in folder: C:\xampp\htdocs\PerformancePostgres\L0_iSource_10_AuctionDefineSettings_2021-06-04_4
2021-06-04 13:52:26,519 INFO o.a.j.r.d.HtmlTemplateExporter: Report will be generated in: C:\xampp\htdocs\PerformancePostgres\L0_iSource_10_AuctionDefineSettings_2021-06-04_4, creating folder structure
2021-06-04 13:52:26,522 INFO o.a.j.r.d.TemplateVisitor: Copying folder from 'D:\apache-jmeter-5.1\apache-jmeter-5.1\bin\report-template' to 'C:\xampp\htdocs\PerformancePostgres\L0_iSource_10_AuctionDefineSettings_2021-06-04_4', got message:[C:\xampp\htdocs\PerformancePostgres\L0_iSource_10_AuctionDefineSettings_2021-06-04_4\statistics.json], found non empty folder with following content {}, will be ignored
2021-06-04 13:52:27,232 INFO o.a.j.JMeter: Dashboard generated
