2021-07-01 15:40:22,500 INFO o.a.j.u.JMeterUtils: Setting Locale to en_EN
2021-07-01 15:40:22,511 INFO o.a.j.JMeter: Loading user properties from: user.properties
2021-07-01 15:40:22,512 INFO o.a.j.JMeter: Loading system properties from: system.properties
2021-07-01 15:40:22,512 INFO o.a.j.JMeter: Setting JMeter property: meter.reportgenerator.report_title=RaceConditionAuction
2021-07-01 15:40:22,512 INFO o.a.j.JMeter: Setting JMeter property: thread=50
2021-07-01 15:40:22,512 INFO o.a.j.JMeter: Setting JMeter property: rampup=600
2021-07-01 15:40:22,516 INFO o.a.j.JMeter: Copyright (c) 1998-2019 The Apache Software Foundation
2021-07-01 15:40:22,516 INFO o.a.j.JMeter: Version 5.1 r1853635
2021-07-01 15:40:22,516 INFO o.a.j.JMeter: java.version=1.8.0_121
2021-07-01 15:40:22,517 INFO o.a.j.JMeter: java.vm.name=Java HotSpot(TM) 64-Bit Server VM
2021-07-01 15:40:22,517 INFO o.a.j.JMeter: os.name=Windows 10
2021-07-01 15:40:22,517 INFO o.a.j.JMeter: os.arch=amd64
2021-07-01 15:40:22,517 INFO o.a.j.JMeter: os.version=10.0
2021-07-01 15:40:22,517 INFO o.a.j.JMeter: file.encoding=Cp1252
2021-07-01 15:40:22,517 INFO o.a.j.JMeter: java.awt.headless=true
2021-07-01 15:40:22,517 INFO o.a.j.JMeter: Max memory     =8589934592
2021-07-01 15:40:22,517 INFO o.a.j.JMeter: Available Processors =6
2021-07-01 15:40:22,519 INFO o.a.j.JMeter: Default Locale=English (EN)
2021-07-01 15:40:22,520 INFO o.a.j.JMeter: JMeter  Locale=English (EN)
2021-07-01 15:40:22,520 INFO o.a.j.JMeter: JMeterHome=D:\apache-jmeter-5.1\apache-jmeter-5.1
2021-07-01 15:40:22,520 INFO o.a.j.JMeter: user.dir  =D:\apache-jmeter-5.1\apache-jmeter-5.1\bin
2021-07-01 15:40:22,520 INFO o.a.j.JMeter: PWD       =D:\apache-jmeter-5.1\apache-jmeter-5.1\bin
2021-07-01 15:40:22,521 INFO o.a.j.JMeter: IP: 172.30.225.123 Name: ZIPLSY2278 FullName: ZIPLSY2278.zycus.net
2021-07-01 15:40:22,523 INFO o.a.j.JMeter: Setting property 'jmeter.reportgenerator.outputdir' to:'C:\xampp\htdocs\PerformancePostgres\L0_iSource_50_RaceConditionAuction_2021-07-01_24'
2021-07-01 15:40:22,524 INFO o.a.j.s.FileServer: Default base='D:\apache-jmeter-5.1\apache-jmeter-5.1\bin'
2021-07-01 15:40:22,527 INFO o.a.j.s.FileServer: Set new base='D:\PostrgresMigration\iSource'
2021-07-01 15:40:22,620 INFO o.a.j.s.SaveService: Testplan (JMX) version: 2.2. Testlog (JTL) version: 2.2
2021-07-01 15:40:22,631 INFO o.a.j.s.SaveService: Using SaveService properties file encoding UTF-8
2021-07-01 15:40:22,635 INFO o.a.j.s.SaveService: Using SaveService properties version 5.0
2021-07-01 15:40:22,639 INFO o.a.j.s.SaveService: Loading file: D:\PostrgresMigration\iSource\iSource_RaceConditionAuction.jmx
2021-07-01 15:40:22,681 INFO o.a.j.p.h.c.CookieManager: Settings: Delete null: true Check: true Allow variable: true Save: false Prefix: COOKIE_
2021-07-01 15:40:22,686 INFO o.a.j.p.h.c.CacheManager: Will only cache the following methods: [GET]
2021-07-01 15:40:22,693 INFO o.a.j.p.h.s.HTTPSamplerBase: Parser for text/html is org.apache.jmeter.protocol.http.parser.LagartoBasedHtmlParser
2021-07-01 15:40:22,693 INFO o.a.j.p.h.s.HTTPSamplerBase: Parser for application/xhtml+xml is org.apache.jmeter.protocol.http.parser.LagartoBasedHtmlParser
2021-07-01 15:40:22,693 INFO o.a.j.p.h.s.HTTPSamplerBase: Parser for application/xml is org.apache.jmeter.protocol.http.parser.LagartoBasedHtmlParser
2021-07-01 15:40:22,693 INFO o.a.j.p.h.s.HTTPSamplerBase: Parser for text/xml is org.apache.jmeter.protocol.http.parser.LagartoBasedHtmlParser
2021-07-01 15:40:22,693 INFO o.a.j.p.h.s.HTTPSamplerBase: Parser for text/vnd.wap.wml is org.apache.jmeter.protocol.http.parser.RegexpHTMLParser
2021-07-01 15:40:22,693 INFO o.a.j.p.h.s.HTTPSamplerBase: Parser for text/css is org.apache.jmeter.protocol.http.parser.CssParser
2021-07-01 15:40:22,959 INFO o.a.j.JMeter: Creating summariser <summary>
2021-07-01 15:40:22,969 INFO o.a.j.r.d.ReportGenerator: ReportGenerator will use for Parsing the separator: ','
2021-07-01 15:40:22,969 INFO o.a.j.r.d.ReportGenerator: Will generate report at end of test from  results file: D:\PostrgresMigration\iSource\JTL\L0_iSource_50_RaceConditionAuction_2021-07-01_24.jtl
2021-07-01 15:40:22,969 INFO o.a.j.r.d.ReportGenerator: Reading report generator properties from: D:\apache-jmeter-5.1\apache-jmeter-5.1\bin\reportgenerator.properties
2021-07-01 15:40:22,971 INFO o.a.j.r.d.ReportGenerator: Merging with JMeter properties
2021-07-01 15:40:22,976 INFO o.a.j.r.c.ReportGeneratorConfiguration: Property 'jmeter.reportgenerator.temp_dir' not found, using default value 'temp' instead.
2021-07-01 15:40:22,980 INFO o.a.j.r.c.ReportGeneratorConfiguration: Property 'jmeter.reportgenerator.apdex_per_transaction' not found, using default value 'null' instead.
2021-07-01 15:40:22,980 INFO o.a.j.r.c.ReportGeneratorConfiguration: apdex_per_transaction : {} is empty, not APDEX per transaction customization
2021-07-01 15:40:22,980 INFO o.a.j.r.c.ReportGeneratorConfiguration: Property 'jmeter.reportgenerator.sample_filter' not found, using default value 'null' instead.
2021-07-01 15:40:22,981 INFO o.a.j.r.c.ReportGeneratorConfiguration: Property 'jmeter.reportgenerator.report_title' not found, using default value 'null' instead.
2021-07-01 15:40:22,981 INFO o.a.j.r.c.ReportGeneratorConfiguration: Property 'jmeter.reportgenerator.start_date' not found, using default value 'null' instead.
2021-07-01 15:40:22,981 INFO o.a.j.r.c.ReportGeneratorConfiguration: Property 'jmeter.reportgenerator.end_date' not found, using default value 'null' instead.
2021-07-01 15:40:22,981 INFO o.a.j.r.c.ReportGeneratorConfiguration: Property 'jmeter.reportgenerator.date_format' not found, using default value 'null' instead.
2021-07-01 15:40:22,981 INFO o.a.j.r.c.ReportGeneratorConfiguration: Will use date range start date: null, end date: null
2021-07-01 15:40:22,985 INFO o.a.j.r.c.ReportGeneratorConfiguration: Property 'jmeter.reportgenerator.graph.totalTPS.exclude_controllers' not found, using default value 'false' instead.
2021-07-01 15:40:22,985 INFO o.a.j.r.c.ReportGeneratorConfiguration: Property 'jmeter.reportgenerator.graph.activeThreadsOverTime.exclude_controllers' not found, using default value 'false' instead.
2021-07-01 15:40:22,985 INFO o.a.j.r.c.ReportGeneratorConfiguration: Property 'jmeter.reportgenerator.graph.timeVsThreads.exclude_controllers' not found, using default value 'false' instead.
2021-07-01 15:40:22,985 INFO o.a.j.r.c.ReportGeneratorConfiguration: Property 'jmeter.reportgenerator.graph.responseTimeDistribution.exclude_controllers' not found, using default value 'false' instead.
2021-07-01 15:40:22,985 INFO o.a.j.r.c.ReportGeneratorConfiguration: Property 'jmeter.reportgenerator.graph.transactionsPerSecond.exclude_controllers' not found, using default value 'false' instead.
2021-07-01 15:40:22,985 INFO o.a.j.r.c.ReportGeneratorConfiguration: Property 'jmeter.reportgenerator.graph.responseTimePercentiles.exclude_controllers' not found, using default value 'false' instead.
2021-07-01 15:40:22,985 INFO o.a.j.r.c.ReportGeneratorConfiguration: Property 'jmeter.reportgenerator.graph.responseTimePercentilesOverTime.exclude_controllers' not found, using default value 'false' instead.
2021-07-01 15:40:22,985 INFO o.a.j.r.c.ReportGeneratorConfiguration: Property 'jmeter.reportgenerator.graph.responseTimesOverTime.exclude_controllers' not found, using default value 'false' instead.
2021-07-01 15:40:22,986 INFO o.a.j.r.c.ReportGeneratorConfiguration: Property 'jmeter.reportgenerator.graph.connectTimeOverTime.exclude_controllers' not found, using default value 'false' instead.
2021-07-01 15:40:22,986 INFO o.a.j.r.c.ReportGeneratorConfiguration: Property 'jmeter.reportgenerator.graph.latenciesOverTime.exclude_controllers' not found, using default value 'false' instead.
2021-07-01 15:40:22,986 INFO o.a.j.r.c.ReportGeneratorConfiguration: Property 'jmeter.reportgenerator.exporter.json.filters_only_sample_series' not found, using default value 'true' instead.
2021-07-01 15:40:22,987 INFO o.a.j.r.c.ReportGeneratorConfiguration: Property 'jmeter.reportgenerator.exporter.json.series_filter' not found, using default value '' instead.
2021-07-01 15:40:22,987 INFO o.a.j.r.c.ReportGeneratorConfiguration: Property 'jmeter.reportgenerator.exporter.json.show_controllers_only' not found, using default value 'false' instead.
2021-07-01 15:40:22,987 INFO o.a.j.r.c.ReportGeneratorConfiguration: Property 'jmeter.reportgenerator.exporter.html.filters_only_sample_series' not found, using default value 'true' instead.
2021-07-01 15:40:22,987 INFO o.a.j.r.c.ReportGeneratorConfiguration: Property 'jmeter.reportgenerator.exporter.html.series_filter' not found, using default value '' instead.
2021-07-01 15:40:22,987 INFO o.a.j.r.c.ReportGeneratorConfiguration: Property 'jmeter.reportgenerator.exporter.html.show_controllers_only' not found, using default value 'false' instead.
2021-07-01 15:40:22,991 INFO o.a.j.e.StandardJMeterEngine: Running the test!
2021-07-01 15:40:22,991 INFO o.a.j.s.SampleEvent: List of sample_variables: []
2021-07-01 15:40:22,991 INFO o.a.j.s.SampleEvent: List of sample_variables: []
2021-07-01 15:40:23,000 INFO o.a.j.e.u.CompoundVariable: Note: Function class names must contain the string: '.functions.'
2021-07-01 15:40:23,000 INFO o.a.j.e.u.CompoundVariable: Note: Function class names must not contain the string: '.gui.'
2021-07-01 15:40:23,328 INFO o.a.j.JMeter: Running test (1625134223328)
2021-07-01 15:40:23,396 INFO o.a.j.e.StandardJMeterEngine: Starting ThreadGroup: 1 : iSource_RaceConditionAuction
2021-07-01 15:40:23,396 INFO o.a.j.e.StandardJMeterEngine: Starting 50 threads for group iSource_RaceConditionAuction.
2021-07-01 15:40:23,396 INFO o.a.j.e.StandardJMeterEngine: Thread will stop on error
2021-07-01 15:40:23,396 INFO o.a.j.t.ThreadGroup: Starting thread group... number=1 threads=50 ramp-up=600 perThread=12000.0 delayedStart=false
2021-07-01 15:40:23,429 INFO o.a.j.s.SampleResult: Note: Sample TimeStamps are START times
2021-07-01 15:40:23,429 INFO o.a.j.s.SampleResult: sampleresult.default.encoding is set to ISO-8859-1
2021-07-01 15:40:23,429 INFO o.a.j.s.SampleResult: sampleresult.useNanoTime=true
2021-07-01 15:40:23,429 INFO o.a.j.s.SampleResult: sampleresult.nanoThreadSleep=5000
2021-07-01 15:40:23,438 INFO o.a.j.t.JMeterThread: Thread started: iSource_RaceConditionAuction 1-1
2021-07-01 15:40:23,467 INFO o.a.j.p.h.s.HTTPHCAbstractImpl: Local host = ZIPLSY2278
2021-07-01 15:40:23,480 INFO o.a.j.p.h.s.HTTPHC4Impl: HTTP request retry count = 0
2021-07-01 15:40:23,609 INFO o.a.j.p.h.s.h.LazyLayeredConnectionSocketFactory: Setting up HTTPS TrustAll Socket Factory
2021-07-01 15:40:23,619 INFO o.a.j.u.JsseSSLManager: Using default SSL protocol: TLS
2021-07-01 15:40:23,619 INFO o.a.j.u.JsseSSLManager: SSL session context: per-thread
2021-07-01 15:40:24,102 INFO o.a.j.u.SSLManager: JmeterKeyStore Location:  type JKS
2021-07-01 15:40:24,104 INFO o.a.j.u.SSLManager: KeyStore created OK
2021-07-01 15:40:24,104 WARN o.a.j.u.SSLManager: Keystore file not found, loading empty keystore
2021-07-01 15:40:24,463 INFO o.a.j.t.ThreadGroup: Started thread group number 1
2021-07-01 15:40:24,463 INFO o.a.j.e.StandardJMeterEngine: All thread groups have been started
2021-07-01 15:40:32,080 INFO o.a.j.r.Summariser: summary +     18 in 00:00:09 =    2.1/s Avg:   239 Min:    43 Max:  1147 Err:     0 (0.00%) Active: 1 Started: 1 Finished: 0
2021-07-01 15:40:35,493 INFO o.a.j.t.JMeterThread: Thread started: iSource_RaceConditionAuction 1-2
2021-07-01 15:40:47,590 INFO o.a.j.t.JMeterThread: Thread started: iSource_RaceConditionAuction 1-3
2021-07-01 15:40:59,627 INFO o.a.j.t.JMeterThread: Thread started: iSource_RaceConditionAuction 1-4
2021-07-01 15:41:00,013 INFO o.a.j.r.Summariser: summary +    107 in 00:00:28 =    3.8/s Avg:   287 Min:    38 Max:  2405 Err:     0 (0.00%) Active: 4 Started: 4 Finished: 0
2021-07-01 15:41:00,013 INFO o.a.j.r.Summariser: summary =    125 in 00:00:37 =    3.4/s Avg:   280 Min:    38 Max:  2405 Err:     0 (0.00%)
2021-07-01 15:41:11,652 INFO o.a.j.t.JMeterThread: Thread started: iSource_RaceConditionAuction 1-5
2021-07-01 15:41:23,670 INFO o.a.j.t.JMeterThread: Thread started: iSource_RaceConditionAuction 1-6
2021-07-01 15:41:30,175 INFO o.a.j.r.Summariser: summary +    161 in 00:00:30 =    5.3/s Avg:   458 Min:    34 Max:  3206 Err:     0 (0.00%) Active: 6 Started: 6 Finished: 0
2021-07-01 15:41:30,175 INFO o.a.j.r.Summariser: summary =    286 in 00:01:07 =    4.3/s Avg:   380 Min:    34 Max:  3206 Err:     0 (0.00%)
2021-07-01 15:41:35,689 INFO o.a.j.t.JMeterThread: Thread started: iSource_RaceConditionAuction 1-7
2021-07-01 15:41:47,705 INFO o.a.j.t.JMeterThread: Thread started: iSource_RaceConditionAuction 1-8
2021-07-01 15:41:59,723 INFO o.a.j.t.JMeterThread: Thread started: iSource_RaceConditionAuction 1-9
2021-07-01 15:42:00,009 INFO o.a.j.r.Summariser: summary +    237 in 00:00:30 =    7.9/s Avg:   615 Min:    38 Max:  4429 Err:     0 (0.00%) Active: 9 Started: 9 Finished: 0
2021-07-01 15:42:00,010 INFO o.a.j.r.Summariser: summary =    523 in 00:01:37 =    5.4/s Avg:   487 Min:    34 Max:  4429 Err:     0 (0.00%)
2021-07-01 15:42:11,739 INFO o.a.j.t.JMeterThread: Thread started: iSource_RaceConditionAuction 1-10
2021-07-01 15:42:23,756 INFO o.a.j.t.JMeterThread: Thread started: iSource_RaceConditionAuction 1-11
2021-07-01 15:42:30,132 INFO o.a.j.r.Summariser: summary +    245 in 00:00:30 =    8.1/s Avg:   814 Min:    49 Max:  5735 Err:     0 (0.00%) Active: 11 Started: 11 Finished: 0
2021-07-01 15:42:30,133 INFO o.a.j.r.Summariser: summary =    768 in 00:02:07 =    6.1/s Avg:   591 Min:    34 Max:  5735 Err:     0 (0.00%)
2021-07-01 15:42:35,775 INFO o.a.j.t.JMeterThread: Thread started: iSource_RaceConditionAuction 1-12
2021-07-01 15:42:37,334 INFO o.a.j.t.JMeterThread: Thread is done: iSource_RaceConditionAuction 1-1
2021-07-01 15:42:37,334 INFO o.a.j.t.JMeterThread: Thread finished: iSource_RaceConditionAuction 1-1
2021-07-01 15:42:47,794 INFO o.a.j.t.JMeterThread: Thread started: iSource_RaceConditionAuction 1-13
2021-07-01 15:42:58,452 INFO o.a.j.t.JMeterThread: Thread is done: iSource_RaceConditionAuction 1-2
2021-07-01 15:42:58,452 INFO o.a.j.t.JMeterThread: Thread finished: iSource_RaceConditionAuction 1-2
2021-07-01 15:42:59,812 INFO o.a.j.t.JMeterThread: Thread started: iSource_RaceConditionAuction 1-14
2021-07-01 15:43:00,130 INFO o.a.j.r.Summariser: summary +    257 in 00:00:30 =    8.6/s Avg:   950 Min:    28 Max:  5379 Err:     0 (0.00%) Active: 12 Started: 14 Finished: 2
2021-07-01 15:43:00,130 INFO o.a.j.r.Summariser: summary =   1025 in 00:02:37 =    6.5/s Avg:   681 Min:    28 Max:  5735 Err:     0 (0.00%)
2021-07-01 15:43:11,832 INFO o.a.j.t.JMeterThread: Thread started: iSource_RaceConditionAuction 1-15
2021-07-01 15:43:15,570 INFO o.a.j.t.JMeterThread: Thread is done: iSource_RaceConditionAuction 1-3
2021-07-01 15:43:15,570 INFO o.a.j.t.JMeterThread: Thread finished: iSource_RaceConditionAuction 1-3
2021-07-01 15:43:23,848 INFO o.a.j.t.JMeterThread: Thread started: iSource_RaceConditionAuction 1-16
2021-07-01 15:43:30,003 INFO o.a.j.r.Summariser: summary +    272 in 00:00:30 =    9.1/s Avg:  1018 Min:    37 Max:  5745 Err:     0 (0.00%) Active: 13 Started: 16 Finished: 3
2021-07-01 15:43:30,004 INFO o.a.j.r.Summariser: summary =   1297 in 00:03:07 =    6.9/s Avg:   752 Min:    28 Max:  5745 Err:     0 (0.00%)
2021-07-01 15:43:33,653 INFO o.a.j.t.JMeterThread: Thread is done: iSource_RaceConditionAuction 1-4
2021-07-01 15:43:33,653 INFO o.a.j.t.JMeterThread: Thread finished: iSource_RaceConditionAuction 1-4
2021-07-01 15:43:35,866 INFO o.a.j.t.JMeterThread: Thread started: iSource_RaceConditionAuction 1-17
2021-07-01 15:43:47,884 INFO o.a.j.t.JMeterThread: Thread started: iSource_RaceConditionAuction 1-18
2021-07-01 15:43:54,750 INFO o.a.j.t.JMeterThread: Stop Thread detected by thread: iSource_RaceConditionAuction 1-15
2021-07-01 15:43:54,751 INFO o.a.j.t.JMeterThread: Thread finished: iSource_RaceConditionAuction 1-15
2021-07-01 15:43:55,283 INFO o.a.j.t.JMeterThread: Stop Thread detected by thread: iSource_RaceConditionAuction 1-16
2021-07-01 15:43:55,283 INFO o.a.j.t.JMeterThread: Thread finished: iSource_RaceConditionAuction 1-16
2021-07-01 15:43:55,649 INFO o.a.j.t.JMeterThread: Stop Thread detected by thread: iSource_RaceConditionAuction 1-11
2021-07-01 15:43:55,650 INFO o.a.j.t.JMeterThread: Thread finished: iSource_RaceConditionAuction 1-11
2021-07-01 15:43:55,667 INFO o.a.j.t.JMeterThread: Stop Thread detected by thread: iSource_RaceConditionAuction 1-17
2021-07-01 15:43:55,668 INFO o.a.j.t.JMeterThread: Thread finished: iSource_RaceConditionAuction 1-17
2021-07-01 15:43:55,931 INFO o.a.j.t.JMeterThread: Stop Thread detected by thread: iSource_RaceConditionAuction 1-5
2021-07-01 15:43:55,931 INFO o.a.j.t.JMeterThread: Thread finished: iSource_RaceConditionAuction 1-5
2021-07-01 15:43:56,118 INFO o.a.j.t.JMeterThread: Stop Thread detected by thread: iSource_RaceConditionAuction 1-6
2021-07-01 15:43:56,118 INFO o.a.j.t.JMeterThread: Stop Thread detected by thread: iSource_RaceConditionAuction 1-7
2021-07-01 15:43:56,118 INFO o.a.j.t.JMeterThread: Thread finished: iSource_RaceConditionAuction 1-6
2021-07-01 15:43:56,118 INFO o.a.j.t.JMeterThread: Thread finished: iSource_RaceConditionAuction 1-7
2021-07-01 15:43:56,367 INFO o.a.j.t.JMeterThread: Stop Thread detected by thread: iSource_RaceConditionAuction 1-10
2021-07-01 15:43:56,367 INFO o.a.j.t.JMeterThread: Thread finished: iSource_RaceConditionAuction 1-10
2021-07-01 15:43:56,605 INFO o.a.j.t.JMeterThread: Stop Thread detected by thread: iSource_RaceConditionAuction 1-13
2021-07-01 15:43:56,605 INFO o.a.j.t.JMeterThread: Thread finished: iSource_RaceConditionAuction 1-13
2021-07-01 15:43:56,649 INFO o.a.j.t.JMeterThread: Stop Thread detected by thread: iSource_RaceConditionAuction 1-9
2021-07-01 15:43:56,649 INFO o.a.j.t.JMeterThread: Thread finished: iSource_RaceConditionAuction 1-9
2021-07-01 15:43:56,857 INFO o.a.j.t.JMeterThread: Stop Thread detected by thread: iSource_RaceConditionAuction 1-18
2021-07-01 15:43:56,858 INFO o.a.j.t.JMeterThread: Thread finished: iSource_RaceConditionAuction 1-18
2021-07-01 15:43:57,500 INFO o.a.j.t.JMeterThread: Stop Thread detected by thread: iSource_RaceConditionAuction 1-12
2021-07-01 15:43:57,501 INFO o.a.j.t.JMeterThread: Thread finished: iSource_RaceConditionAuction 1-12
2021-07-01 15:43:58,789 INFO o.a.j.t.JMeterThread: Stop Thread detected by thread: iSource_RaceConditionAuction 1-8
2021-07-01 15:43:58,789 INFO o.a.j.t.JMeterThread: Thread finished: iSource_RaceConditionAuction 1-8
2021-07-01 15:43:59,905 INFO o.a.j.t.JMeterThread: Thread started: iSource_RaceConditionAuction 1-19
2021-07-01 15:44:00,013 INFO o.a.j.r.Summariser: summary +    220 in 00:00:30 =    7.3/s Avg:  1340 Min:    30 Max:  9227 Err:    13 (5.91%) Active: 2 Started: 19 Finished: 17
2021-07-01 15:44:00,013 INFO o.a.j.r.Summariser: summary =   1517 in 00:03:37 =    7.0/s Avg:   837 Min:    28 Max:  9227 Err:    13 (0.86%)
2021-07-01 15:44:11,921 INFO o.a.j.t.JMeterThread: Thread started: iSource_RaceConditionAuction 1-20
2021-07-01 15:44:23,948 INFO o.a.j.t.JMeterThread: Thread started: iSource_RaceConditionAuction 1-21
2021-07-01 15:44:31,290 INFO o.a.j.r.Summariser: summary +    124 in 00:00:31 =    4.0/s Avg:   362 Min:    37 Max:  2867 Err:     0 (0.00%) Active: 4 Started: 21 Finished: 17
2021-07-01 15:44:31,290 INFO o.a.j.r.Summariser: summary =   1641 in 00:04:08 =    6.6/s Avg:   801 Min:    28 Max:  9227 Err:    13 (0.79%)
2021-07-01 15:44:35,960 INFO o.a.j.t.JMeterThread: Thread started: iSource_RaceConditionAuction 1-22
2021-07-01 15:44:47,987 INFO o.a.j.t.JMeterThread: Thread started: iSource_RaceConditionAuction 1-23
2021-07-01 15:44:59,996 INFO o.a.j.t.JMeterThread: Thread started: iSource_RaceConditionAuction 1-24
2021-07-01 15:45:00,170 INFO o.a.j.r.Summariser: summary +    162 in 00:00:29 =    5.6/s Avg:   562 Min:    45 Max:  3668 Err:     0 (0.00%) Active: 7 Started: 24 Finished: 17
2021-07-01 15:45:00,170 INFO o.a.j.r.Summariser: summary =   1803 in 00:04:37 =    6.5/s Avg:   780 Min:    28 Max:  9227 Err:    13 (0.72%)
2021-07-01 15:45:12,016 INFO o.a.j.t.JMeterThread: Thread started: iSource_RaceConditionAuction 1-25
2021-07-01 15:45:24,034 INFO o.a.j.t.JMeterThread: Thread started: iSource_RaceConditionAuction 1-26
2021-07-01 15:45:30,101 INFO o.a.j.t.JMeterThread: Thread is done: iSource_RaceConditionAuction 1-14
2021-07-01 15:45:30,101 INFO o.a.j.t.JMeterThread: Thread finished: iSource_RaceConditionAuction 1-14
2021-07-01 15:45:30,198 INFO o.a.j.r.Summariser: summary +    220 in 00:00:30 =    7.3/s Avg:   742 Min:    33 Max:  4741 Err:     0 (0.00%) Active: 8 Started: 26 Finished: 18
2021-07-01 15:45:30,198 INFO o.a.j.r.Summariser: summary =   2023 in 00:05:07 =    6.6/s Avg:   776 Min:    28 Max:  9227 Err:    13 (0.64%)
2021-07-01 15:45:36,052 INFO o.a.j.t.JMeterThread: Thread started: iSource_RaceConditionAuction 1-27
2021-07-01 15:45:48,070 INFO o.a.j.t.JMeterThread: Thread started: iSource_RaceConditionAuction 1-28
2021-07-01 15:45:55,556 INFO o.a.j.r.ResultCollector: Shutdown hook started
2021-07-01 15:45:55,557 INFO o.a.j.r.ResultCollector: Shutdown hook ended
