2021-05-19 13:30:13,785 INFO o.a.j.u.JMeterUtils: Setting Locale to en_EN
2021-05-19 13:30:13,796 INFO o.a.j.JMeter: Loading user properties from: user.properties
2021-05-19 13:30:13,796 INFO o.a.j.JMeter: Loading system properties from: system.properties
2021-05-19 13:30:13,796 INFO o.a.j.JMeter: Setting JMeter property: meter.reportgenerator.report_title=AuctionAddSuppliers
2021-05-19 13:30:13,796 INFO o.a.j.JMeter: Setting JMeter property: thread=10
2021-05-19 13:30:13,797 INFO o.a.j.JMeter: Setting JMeter property: rampup=50
2021-05-19 13:30:13,800 INFO o.a.j.JMeter: Copyright (c) 1998-2019 The Apache Software Foundation
2021-05-19 13:30:13,800 INFO o.a.j.JMeter: Version 5.1 r1853635
2021-05-19 13:30:13,800 INFO o.a.j.JMeter: java.version=1.8.0_121
2021-05-19 13:30:13,800 INFO o.a.j.JMeter: java.vm.name=Java HotSpot(TM) 64-Bit Server VM
2021-05-19 13:30:13,801 INFO o.a.j.JMeter: os.name=Windows 10
2021-05-19 13:30:13,801 INFO o.a.j.JMeter: os.arch=amd64
2021-05-19 13:30:13,801 INFO o.a.j.JMeter: os.version=10.0
2021-05-19 13:30:13,801 INFO o.a.j.JMeter: file.encoding=Cp1252
2021-05-19 13:30:13,801 INFO o.a.j.JMeter: java.awt.headless=true
2021-05-19 13:30:13,801 INFO o.a.j.JMeter: Max memory     =8589934592
2021-05-19 13:30:13,801 INFO o.a.j.JMeter: Available Processors =6
2021-05-19 13:30:13,803 INFO o.a.j.JMeter: Default Locale=English (EN)
2021-05-19 13:30:13,804 INFO o.a.j.JMeter: JMeter  Locale=English (EN)
2021-05-19 13:30:13,804 INFO o.a.j.JMeter: JMeterHome=D:\apache-jmeter-5.1\apache-jmeter-5.1
2021-05-19 13:30:13,804 INFO o.a.j.JMeter: user.dir  =D:\apache-jmeter-5.1\apache-jmeter-5.1\bin
2021-05-19 13:30:13,804 INFO o.a.j.JMeter: PWD       =D:\apache-jmeter-5.1\apache-jmeter-5.1\bin
2021-05-19 13:30:13,805 INFO o.a.j.JMeter: IP: 172.30.225.123 Name: ZIPLSY2278 FullName: ZIPLSY2278.zycus.net
2021-05-19 13:30:13,807 INFO o.a.j.JMeter: Setting property 'jmeter.reportgenerator.outputdir' to:'C:\xampp\htdocs\PerformancePostgres\L0_iSource_10_AuctionAddSuppliers_2021-05-19_4'
2021-05-19 13:30:13,808 INFO o.a.j.s.FileServer: Default base='D:\apache-jmeter-5.1\apache-jmeter-5.1\bin'
2021-05-19 13:30:13,811 INFO o.a.j.s.FileServer: Set new base='D:\PostrgresMigration\iSource'
2021-05-19 13:30:13,903 INFO o.a.j.s.SaveService: Testplan (JMX) version: 2.2. Testlog (JTL) version: 2.2
2021-05-19 13:30:13,913 INFO o.a.j.s.SaveService: Using SaveService properties file encoding UTF-8
2021-05-19 13:30:13,917 INFO o.a.j.s.SaveService: Using SaveService properties version 5.0
2021-05-19 13:30:13,921 INFO o.a.j.s.SaveService: Loading file: D:\PostrgresMigration\iSource\L1_iSource_AuctionAddSuppliers.jmx
2021-05-19 13:30:13,959 INFO o.a.j.p.h.c.CookieManager: Settings: Delete null: true Check: true Allow variable: true Save: false Prefix: COOKIE_
2021-05-19 13:30:13,963 INFO o.a.j.p.h.c.CacheManager: Will only cache the following methods: [GET]
2021-05-19 13:30:13,971 INFO o.a.j.p.h.s.HTTPSamplerBase: Parser for text/html is org.apache.jmeter.protocol.http.parser.LagartoBasedHtmlParser
2021-05-19 13:30:13,971 INFO o.a.j.p.h.s.HTTPSamplerBase: Parser for application/xhtml+xml is org.apache.jmeter.protocol.http.parser.LagartoBasedHtmlParser
2021-05-19 13:30:13,971 INFO o.a.j.p.h.s.HTTPSamplerBase: Parser for application/xml is org.apache.jmeter.protocol.http.parser.LagartoBasedHtmlParser
2021-05-19 13:30:13,971 INFO o.a.j.p.h.s.HTTPSamplerBase: Parser for text/xml is org.apache.jmeter.protocol.http.parser.LagartoBasedHtmlParser
2021-05-19 13:30:13,971 INFO o.a.j.p.h.s.HTTPSamplerBase: Parser for text/vnd.wap.wml is org.apache.jmeter.protocol.http.parser.RegexpHTMLParser
2021-05-19 13:30:13,971 INFO o.a.j.p.h.s.HTTPSamplerBase: Parser for text/css is org.apache.jmeter.protocol.http.parser.CssParser
2021-05-19 13:30:14,205 INFO o.a.j.JMeter: Creating summariser <summary>
2021-05-19 13:30:14,209 INFO o.a.j.r.d.ReportGenerator: ReportGenerator will use for Parsing the separator: ','
2021-05-19 13:30:14,209 INFO o.a.j.r.d.ReportGenerator: Will generate report at end of test from  results file: D:\PostrgresMigration\iSource\JTL\L0_iSource_10_AuctionAddSuppliers_2021-05-19_4.jtl
2021-05-19 13:30:14,209 INFO o.a.j.r.d.ReportGenerator: Reading report generator properties from: D:\apache-jmeter-5.1\apache-jmeter-5.1\bin\reportgenerator.properties
2021-05-19 13:30:14,210 INFO o.a.j.r.d.ReportGenerator: Merging with JMeter properties
2021-05-19 13:30:14,214 INFO o.a.j.r.c.ReportGeneratorConfiguration: Property 'jmeter.reportgenerator.temp_dir' not found, using default value 'temp' instead.
2021-05-19 13:30:14,216 INFO o.a.j.r.c.ReportGeneratorConfiguration: Property 'jmeter.reportgenerator.apdex_per_transaction' not found, using default value 'null' instead.
2021-05-19 13:30:14,216 INFO o.a.j.r.c.ReportGeneratorConfiguration: apdex_per_transaction : {} is empty, not APDEX per transaction customization
2021-05-19 13:30:14,216 INFO o.a.j.r.c.ReportGeneratorConfiguration: Property 'jmeter.reportgenerator.sample_filter' not found, using default value 'null' instead.
2021-05-19 13:30:14,216 INFO o.a.j.r.c.ReportGeneratorConfiguration: Property 'jmeter.reportgenerator.report_title' not found, using default value 'null' instead.
2021-05-19 13:30:14,216 INFO o.a.j.r.c.ReportGeneratorConfiguration: Property 'jmeter.reportgenerator.start_date' not found, using default value 'null' instead.
2021-05-19 13:30:14,216 INFO o.a.j.r.c.ReportGeneratorConfiguration: Property 'jmeter.reportgenerator.end_date' not found, using default value 'null' instead.
2021-05-19 13:30:14,216 INFO o.a.j.r.c.ReportGeneratorConfiguration: Property 'jmeter.reportgenerator.date_format' not found, using default value 'null' instead.
2021-05-19 13:30:14,217 INFO o.a.j.r.c.ReportGeneratorConfiguration: Will use date range start date: null, end date: null
2021-05-19 13:30:14,220 INFO o.a.j.r.c.ReportGeneratorConfiguration: Property 'jmeter.reportgenerator.graph.totalTPS.exclude_controllers' not found, using default value 'false' instead.
2021-05-19 13:30:14,220 INFO o.a.j.r.c.ReportGeneratorConfiguration: Property 'jmeter.reportgenerator.graph.activeThreadsOverTime.exclude_controllers' not found, using default value 'false' instead.
2021-05-19 13:30:14,220 INFO o.a.j.r.c.ReportGeneratorConfiguration: Property 'jmeter.reportgenerator.graph.timeVsThreads.exclude_controllers' not found, using default value 'false' instead.
2021-05-19 13:30:14,220 INFO o.a.j.r.c.ReportGeneratorConfiguration: Property 'jmeter.reportgenerator.graph.responseTimeDistribution.exclude_controllers' not found, using default value 'false' instead.
2021-05-19 13:30:14,220 INFO o.a.j.r.c.ReportGeneratorConfiguration: Property 'jmeter.reportgenerator.graph.transactionsPerSecond.exclude_controllers' not found, using default value 'false' instead.
2021-05-19 13:30:14,220 INFO o.a.j.r.c.ReportGeneratorConfiguration: Property 'jmeter.reportgenerator.graph.responseTimePercentiles.exclude_controllers' not found, using default value 'false' instead.
2021-05-19 13:30:14,221 INFO o.a.j.r.c.ReportGeneratorConfiguration: Property 'jmeter.reportgenerator.graph.responseTimePercentilesOverTime.exclude_controllers' not found, using default value 'false' instead.
2021-05-19 13:30:14,221 INFO o.a.j.r.c.ReportGeneratorConfiguration: Property 'jmeter.reportgenerator.graph.responseTimesOverTime.exclude_controllers' not found, using default value 'false' instead.
2021-05-19 13:30:14,221 INFO o.a.j.r.c.ReportGeneratorConfiguration: Property 'jmeter.reportgenerator.graph.connectTimeOverTime.exclude_controllers' not found, using default value 'false' instead.
2021-05-19 13:30:14,221 INFO o.a.j.r.c.ReportGeneratorConfiguration: Property 'jmeter.reportgenerator.graph.latenciesOverTime.exclude_controllers' not found, using default value 'false' instead.
2021-05-19 13:30:14,222 INFO o.a.j.r.c.ReportGeneratorConfiguration: Property 'jmeter.reportgenerator.exporter.json.filters_only_sample_series' not found, using default value 'true' instead.
2021-05-19 13:30:14,222 INFO o.a.j.r.c.ReportGeneratorConfiguration: Property 'jmeter.reportgenerator.exporter.json.series_filter' not found, using default value '' instead.
2021-05-19 13:30:14,222 INFO o.a.j.r.c.ReportGeneratorConfiguration: Property 'jmeter.reportgenerator.exporter.json.show_controllers_only' not found, using default value 'false' instead.
2021-05-19 13:30:14,222 INFO o.a.j.r.c.ReportGeneratorConfiguration: Property 'jmeter.reportgenerator.exporter.html.filters_only_sample_series' not found, using default value 'true' instead.
2021-05-19 13:30:14,222 INFO o.a.j.r.c.ReportGeneratorConfiguration: Property 'jmeter.reportgenerator.exporter.html.series_filter' not found, using default value '' instead.
2021-05-19 13:30:14,222 INFO o.a.j.r.c.ReportGeneratorConfiguration: Property 'jmeter.reportgenerator.exporter.html.show_controllers_only' not found, using default value 'false' instead.
2021-05-19 13:30:14,226 INFO o.a.j.e.StandardJMeterEngine: Running the test!
2021-05-19 13:30:14,227 INFO o.a.j.s.SampleEvent: List of sample_variables: []
2021-05-19 13:30:14,227 INFO o.a.j.s.SampleEvent: List of sample_variables: []
2021-05-19 13:30:14,231 INFO o.a.j.e.u.CompoundVariable: Note: Function class names must contain the string: '.functions.'
2021-05-19 13:30:14,231 INFO o.a.j.e.u.CompoundVariable: Note: Function class names must not contain the string: '.gui.'
2021-05-19 13:30:14,553 INFO o.a.j.JMeter: Running test (1621411214553)
2021-05-19 13:30:14,606 INFO o.a.j.e.StandardJMeterEngine: Starting ThreadGroup: 1 : L1-iSource-AuctionAddSuppliers-Job
2021-05-19 13:30:14,606 INFO o.a.j.e.StandardJMeterEngine: Starting 10 threads for group L1-iSource-AuctionAddSuppliers-Job.
2021-05-19 13:30:14,606 INFO o.a.j.e.StandardJMeterEngine: Thread will stop on error
2021-05-19 13:30:14,606 INFO o.a.j.t.ThreadGroup: Starting thread group... number=1 threads=10 ramp-up=50 perThread=5000.0 delayedStart=false
2021-05-19 13:30:14,639 INFO o.a.j.s.SampleResult: Note: Sample TimeStamps are START times
2021-05-19 13:30:14,639 INFO o.a.j.s.SampleResult: sampleresult.default.encoding is set to ISO-8859-1
2021-05-19 13:30:14,639 INFO o.a.j.s.SampleResult: sampleresult.useNanoTime=true
2021-05-19 13:30:14,639 INFO o.a.j.s.SampleResult: sampleresult.nanoThreadSleep=5000
2021-05-19 13:30:14,646 INFO o.a.j.t.JMeterThread: Thread started: L1-iSource-AuctionAddSuppliers-Job 1-1
2021-05-19 13:30:14,648 INFO o.a.j.c.LoopController: iterationStart called on 5.6# Questions_Text with source org.apache.jmeter.control.LoopController@40146164 and iteration 1
2021-05-19 13:30:14,648 INFO o.a.j.s.FileServer: Stored: D:\apache-jmeter-5.1\apache-jmeter-5.1\bin\excel\isource\Partner_ZCS_Users.csv
2021-05-19 13:30:14,663 INFO o.a.j.p.h.s.HTTPHCAbstractImpl: Local host = ZIPLSY2278
2021-05-19 13:30:14,668 INFO o.a.j.p.h.s.HTTPHC4Impl: HTTP request retry count = 0
2021-05-19 13:30:14,790 INFO o.a.j.p.h.s.h.LazyLayeredConnectionSocketFactory: Setting up HTTPS TrustAll Socket Factory
2021-05-19 13:30:14,797 INFO o.a.j.u.JsseSSLManager: Using default SSL protocol: TLS
2021-05-19 13:30:14,797 INFO o.a.j.u.JsseSSLManager: SSL session context: per-thread
2021-05-19 13:30:14,859 INFO o.a.j.t.ThreadGroup: Started thread group number 1
2021-05-19 13:30:14,859 INFO o.a.j.e.StandardJMeterEngine: All thread groups have been started
2021-05-19 13:30:15,281 INFO o.a.j.u.SSLManager: JmeterKeyStore Location:  type JKS
2021-05-19 13:30:15,283 INFO o.a.j.u.SSLManager: KeyStore created OK
2021-05-19 13:30:15,283 WARN o.a.j.u.SSLManager: Keystore file not found, loading empty keystore
2021-05-19 13:30:19,670 INFO o.a.j.t.JMeterThread: Thread started: L1-iSource-AuctionAddSuppliers-Job 1-2
2021-05-19 13:30:19,672 INFO o.a.j.c.LoopController: iterationStart called on 5.6# Questions_Text with source org.apache.jmeter.control.LoopController@4a528b7e and iteration 1
2021-05-19 13:30:24,711 INFO o.a.j.t.JMeterThread: Thread started: L1-iSource-AuctionAddSuppliers-Job 1-3
2021-05-19 13:30:24,711 INFO o.a.j.c.LoopController: iterationStart called on 5.6# Questions_Text with source org.apache.jmeter.control.LoopController@7b2d49b6 and iteration 1
2021-05-19 13:30:29,747 INFO o.a.j.t.JMeterThread: Thread started: L1-iSource-AuctionAddSuppliers-Job 1-4
2021-05-19 13:30:29,749 INFO o.a.j.c.LoopController: iterationStart called on 5.6# Questions_Text with source org.apache.jmeter.control.LoopController@35c7e1d8 and iteration 1
2021-05-19 13:30:30,141 INFO o.a.j.r.Summariser: summary +     29 in 00:00:16 =    1.9/s Avg:   453 Min:    38 Max:  1463 Err:     0 (0.00%) Active: 4 Started: 4 Finished: 0
2021-05-19 13:30:34,764 INFO o.a.j.t.JMeterThread: Thread started: L1-iSource-AuctionAddSuppliers-Job 1-5
2021-05-19 13:30:34,766 INFO o.a.j.c.LoopController: iterationStart called on 5.6# Questions_Text with source org.apache.jmeter.control.LoopController@49a08f54 and iteration 1
2021-05-19 13:30:39,781 INFO o.a.j.t.JMeterThread: Thread started: L1-iSource-AuctionAddSuppliers-Job 1-6
2021-05-19 13:30:39,782 INFO o.a.j.c.LoopController: iterationStart called on 5.6# Questions_Text with source org.apache.jmeter.control.LoopController@2f27d91e and iteration 1
2021-05-19 13:30:44,803 INFO o.a.j.t.JMeterThread: Thread started: L1-iSource-AuctionAddSuppliers-Job 1-7
2021-05-19 13:30:44,803 INFO o.a.j.c.LoopController: iterationStart called on 5.6# Questions_Text with source org.apache.jmeter.control.LoopController@4f5116bb and iteration 1
2021-05-19 13:30:49,822 INFO o.a.j.t.JMeterThread: Thread started: L1-iSource-AuctionAddSuppliers-Job 1-8
2021-05-19 13:30:49,822 INFO o.a.j.c.LoopController: iterationStart called on 5.6# Questions_Text with source org.apache.jmeter.control.LoopController@6db5163c and iteration 1
2021-05-19 13:30:54,841 INFO o.a.j.t.JMeterThread: Thread started: L1-iSource-AuctionAddSuppliers-Job 1-9
2021-05-19 13:30:54,841 INFO o.a.j.c.LoopController: iterationStart called on 5.6# Questions_Text with source org.apache.jmeter.control.LoopController@7cbf72b0 and iteration 1
2021-05-19 13:30:59,862 INFO o.a.j.t.JMeterThread: Thread started: L1-iSource-AuctionAddSuppliers-Job 1-10
2021-05-19 13:30:59,863 INFO o.a.j.c.LoopController: iterationStart called on 5.6# Questions_Text with source org.apache.jmeter.control.LoopController@55d25db0 and iteration 1
2021-05-19 13:31:00,028 INFO o.a.j.r.Summariser: summary +    142 in 00:00:30 =    4.8/s Avg:   679 Min:    27 Max: 10128 Err:     0 (0.00%) Active: 10 Started: 10 Finished: 0
2021-05-19 13:31:00,028 INFO o.a.j.r.Summariser: summary =    171 in 00:00:45 =    3.8/s Avg:   641 Min:    27 Max: 10128 Err:     0 (0.00%)
2021-05-19 13:31:30,105 INFO o.a.j.r.Summariser: summary +    131 in 00:00:30 =    4.4/s Avg:  1516 Min:    28 Max: 12631 Err:     0 (0.00%) Active: 10 Started: 10 Finished: 0
2021-05-19 13:31:30,106 INFO o.a.j.r.Summariser: summary =    302 in 00:01:16 =    4.0/s Avg:  1020 Min:    27 Max: 12631 Err:     0 (0.00%)
2021-05-19 13:32:00,235 INFO o.a.j.r.Summariser: summary +    137 in 00:00:30 =    4.5/s Avg:   960 Min:   280 Max: 11798 Err:     0 (0.00%) Active: 10 Started: 10 Finished: 0
2021-05-19 13:32:00,236 INFO o.a.j.r.Summariser: summary =    439 in 00:01:46 =    4.2/s Avg:  1002 Min:    27 Max: 12631 Err:     0 (0.00%)
2021-05-19 13:32:08,985 INFO o.a.j.s.FileServer: Stored: D:\apache-jmeter-5.1\apache-jmeter-5.1\bin\excel\isource\buyer_5_items.xlsx
2021-05-19 13:32:30,131 INFO o.a.j.r.Summariser: summary +     97 in 00:00:30 =    3.2/s Avg:  1547 Min:   268 Max: 14097 Err:     0 (0.00%) Active: 10 Started: 10 Finished: 0
2021-05-19 13:32:30,131 INFO o.a.j.r.Summariser: summary =    536 in 00:02:16 =    4.0/s Avg:  1100 Min:    27 Max: 14097 Err:     0 (0.00%)
2021-05-19 13:33:00,077 INFO o.a.j.r.Summariser: summary +     83 in 00:00:30 =    2.8/s Avg:  2662 Min:   296 Max: 17734 Err:     0 (0.00%) Active: 10 Started: 10 Finished: 0
2021-05-19 13:33:00,077 INFO o.a.j.r.Summariser: summary =    619 in 00:02:46 =    3.7/s Avg:  1310 Min:    27 Max: 17734 Err:     0 (0.00%)
2021-05-19 13:33:30,406 INFO o.a.j.r.Summariser: summary +    134 in 00:00:30 =    4.4/s Avg:  1637 Min:   337 Max: 19821 Err:     0 (0.00%) Active: 10 Started: 10 Finished: 0
2021-05-19 13:33:30,407 INFO o.a.j.r.Summariser: summary =    753 in 00:03:16 =    3.8/s Avg:  1368 Min:    27 Max: 19821 Err:     0 (0.00%)
2021-05-19 13:34:00,419 INFO o.a.j.r.Summariser: summary +    139 in 00:00:30 =    4.6/s Avg:  1677 Min:   341 Max: 11902 Err:     0 (0.00%) Active: 10 Started: 10 Finished: 0
2021-05-19 13:34:00,420 INFO o.a.j.r.Summariser: summary =    892 in 00:03:46 =    3.9/s Avg:  1416 Min:    27 Max: 19821 Err:     0 (0.00%)
2021-05-19 13:34:02,569 ERROR o.a.j.u.BeanShellInterpreter: Error invoking bsh method: eval	Sourced file: inline evaluation of: ``String totalRecords = vars.get("totalRecords"); String perpage = vars.get("perpa . . . '' : Typed variable declaration : Method Invocation Integer.parseInt
2021-05-19 13:34:02,569 WARN o.a.j.e.BeanShellPostProcessor: Problem in BeanShell script: org.apache.jorphan.util.JMeterException: Error invoking bsh method: eval	Sourced file: inline evaluation of: ``String totalRecords = vars.get("totalRecords"); String perpage = vars.get("perpa . . . '' : Typed variable declaration : Method Invocation Integer.parseInt
2021-05-19 13:34:16,163 ERROR o.a.j.u.BeanShellInterpreter: Error invoking bsh method: eval	Sourced file: inline evaluation of: ``String totalRecords = vars.get("totalRecords"); String perpage = vars.get("perpa . . . '' : Typed variable declaration : Method Invocation Integer.parseInt
2021-05-19 13:34:16,163 WARN o.a.j.e.BeanShellPostProcessor: Problem in BeanShell script: org.apache.jorphan.util.JMeterException: Error invoking bsh method: eval	Sourced file: inline evaluation of: ``String totalRecords = vars.get("totalRecords"); String perpage = vars.get("perpa . . . '' : Typed variable declaration : Method Invocation Integer.parseInt
2021-05-19 13:34:18,133 ERROR o.a.j.u.BeanShellInterpreter: Error invoking bsh method: eval	Sourced file: inline evaluation of: ``String totalRecords = vars.get("totalRecords"); String perpage = vars.get("perpa . . . '' : Typed variable declaration : Method Invocation Integer.parseInt
2021-05-19 13:34:18,133 WARN o.a.j.e.BeanShellPostProcessor: Problem in BeanShell script: org.apache.jorphan.util.JMeterException: Error invoking bsh method: eval	Sourced file: inline evaluation of: ``String totalRecords = vars.get("totalRecords"); String perpage = vars.get("perpa . . . '' : Typed variable declaration : Method Invocation Integer.parseInt
2021-05-19 13:34:29,610 ERROR o.a.j.u.BeanShellInterpreter: Error invoking bsh method: eval	Sourced file: inline evaluation of: ``String totalRecords = vars.get("totalRecords"); String perpage = vars.get("perpa . . . '' : Typed variable declaration : Method Invocation Integer.parseInt
2021-05-19 13:34:29,610 WARN o.a.j.e.BeanShellPostProcessor: Problem in BeanShell script: org.apache.jorphan.util.JMeterException: Error invoking bsh method: eval	Sourced file: inline evaluation of: ``String totalRecords = vars.get("totalRecords"); String perpage = vars.get("perpa . . . '' : Typed variable declaration : Method Invocation Integer.parseInt
2021-05-19 13:34:30,123 INFO o.a.j.r.Summariser: summary +    174 in 00:00:30 =    5.9/s Avg:  1245 Min:   322 Max: 10614 Err:     0 (0.00%) Active: 10 Started: 10 Finished: 0
2021-05-19 13:34:30,123 INFO o.a.j.r.Summariser: summary =   1066 in 00:04:16 =    4.2/s Avg:  1388 Min:    27 Max: 19821 Err:     0 (0.00%)
2021-05-19 13:34:31,620 ERROR o.a.j.u.BeanShellInterpreter: Error invoking bsh method: eval	Sourced file: inline evaluation of: ``String totalRecords = vars.get("totalRecords"); String perpage = vars.get("perpa . . . '' : Typed variable declaration : Method Invocation Integer.parseInt
2021-05-19 13:34:31,620 WARN o.a.j.e.BeanShellPostProcessor: Problem in BeanShell script: org.apache.jorphan.util.JMeterException: Error invoking bsh method: eval	Sourced file: inline evaluation of: ``String totalRecords = vars.get("totalRecords"); String perpage = vars.get("perpa . . . '' : Typed variable declaration : Method Invocation Integer.parseInt
2021-05-19 13:34:34,592 INFO o.a.j.t.JMeterThread: Thread is done: L1-iSource-AuctionAddSuppliers-Job 1-2
2021-05-19 13:34:34,592 INFO o.a.j.t.JMeterThread: Thread finished: L1-iSource-AuctionAddSuppliers-Job 1-2
2021-05-19 13:34:41,861 ERROR o.a.j.u.BeanShellInterpreter: Error invoking bsh method: eval	Sourced file: inline evaluation of: ``String totalRecords = vars.get("totalRecords"); String perpage = vars.get("perpa . . . '' : Typed variable declaration : Method Invocation Integer.parseInt
2021-05-19 13:34:41,861 WARN o.a.j.e.BeanShellPostProcessor: Problem in BeanShell script: org.apache.jorphan.util.JMeterException: Error invoking bsh method: eval	Sourced file: inline evaluation of: ``String totalRecords = vars.get("totalRecords"); String perpage = vars.get("perpa . . . '' : Typed variable declaration : Method Invocation Integer.parseInt
2021-05-19 13:34:43,912 ERROR o.a.j.u.BeanShellInterpreter: Error invoking bsh method: eval	Sourced file: inline evaluation of: ``String totalRecords = vars.get("totalRecords"); String perpage = vars.get("perpa . . . '' : Typed variable declaration : Method Invocation Integer.parseInt
2021-05-19 13:34:43,912 WARN o.a.j.e.BeanShellPostProcessor: Problem in BeanShell script: org.apache.jorphan.util.JMeterException: Error invoking bsh method: eval	Sourced file: inline evaluation of: ``String totalRecords = vars.get("totalRecords"); String perpage = vars.get("perpa . . . '' : Typed variable declaration : Method Invocation Integer.parseInt
2021-05-19 13:34:45,889 ERROR o.a.j.u.BeanShellInterpreter: Error invoking bsh method: eval	Sourced file: inline evaluation of: ``String totalRecords = vars.get("totalRecords"); String perpage = vars.get("perpa . . . '' : Typed variable declaration : Method Invocation Integer.parseInt
2021-05-19 13:34:45,889 WARN o.a.j.e.BeanShellPostProcessor: Problem in BeanShell script: org.apache.jorphan.util.JMeterException: Error invoking bsh method: eval	Sourced file: inline evaluation of: ``String totalRecords = vars.get("totalRecords"); String perpage = vars.get("perpa . . . '' : Typed variable declaration : Method Invocation Integer.parseInt
2021-05-19 13:34:46,400 INFO o.a.j.t.JMeterThread: Thread is done: L1-iSource-AuctionAddSuppliers-Job 1-1
2021-05-19 13:34:46,400 INFO o.a.j.t.JMeterThread: Thread finished: L1-iSource-AuctionAddSuppliers-Job 1-1
2021-05-19 13:34:49,395 INFO o.a.j.t.JMeterThread: Thread is done: L1-iSource-AuctionAddSuppliers-Job 1-4
2021-05-19 13:34:49,395 INFO o.a.j.t.JMeterThread: Thread finished: L1-iSource-AuctionAddSuppliers-Job 1-4
2021-05-19 13:34:53,635 ERROR o.a.j.u.BeanShellInterpreter: Error invoking bsh method: eval	Sourced file: inline evaluation of: ``String totalRecords = vars.get("totalRecords"); String perpage = vars.get("perpa . . . '' : Typed variable declaration : Method Invocation Integer.parseInt
2021-05-19 13:34:53,635 WARN o.a.j.e.BeanShellPostProcessor: Problem in BeanShell script: org.apache.jorphan.util.JMeterException: Error invoking bsh method: eval	Sourced file: inline evaluation of: ``String totalRecords = vars.get("totalRecords"); String perpage = vars.get("perpa . . . '' : Typed variable declaration : Method Invocation Integer.parseInt
2021-05-19 13:34:57,017 ERROR o.a.j.u.BeanShellInterpreter: Error invoking bsh method: eval	Sourced file: inline evaluation of: ``String totalRecords = vars.get("totalRecords"); String perpage = vars.get("perpa . . . '' : Typed variable declaration : Method Invocation Integer.parseInt
2021-05-19 13:34:57,017 WARN o.a.j.e.BeanShellPostProcessor: Problem in BeanShell script: org.apache.jorphan.util.JMeterException: Error invoking bsh method: eval	Sourced file: inline evaluation of: ``String totalRecords = vars.get("totalRecords"); String perpage = vars.get("perpa . . . '' : Typed variable declaration : Method Invocation Integer.parseInt
2021-05-19 13:35:00,217 INFO o.a.j.r.Summariser: summary +     93 in 00:00:30 =    3.1/s Avg:  1740 Min:   352 Max:  9789 Err:     0 (0.00%) Active: 7 Started: 10 Finished: 3
2021-05-19 13:35:00,218 INFO o.a.j.r.Summariser: summary =   1159 in 00:04:46 =    4.1/s Avg:  1416 Min:    27 Max: 19821 Err:     0 (0.00%)
2021-05-19 13:35:01,155 INFO o.a.j.t.JMeterThread: Thread is done: L1-iSource-AuctionAddSuppliers-Job 1-3
2021-05-19 13:35:01,156 INFO o.a.j.t.JMeterThread: Thread finished: L1-iSource-AuctionAddSuppliers-Job 1-3
2021-05-19 13:35:02,175 INFO o.a.j.t.JMeterThread: Thread is done: L1-iSource-AuctionAddSuppliers-Job 1-7
2021-05-19 13:35:02,175 INFO o.a.j.t.JMeterThread: Thread finished: L1-iSource-AuctionAddSuppliers-Job 1-7
2021-05-19 13:35:14,104 INFO o.a.j.t.JMeterThread: Thread is done: L1-iSource-AuctionAddSuppliers-Job 1-6
2021-05-19 13:35:14,105 INFO o.a.j.t.JMeterThread: Thread finished: L1-iSource-AuctionAddSuppliers-Job 1-6
2021-05-19 13:35:14,822 INFO o.a.j.t.JMeterThread: Thread is done: L1-iSource-AuctionAddSuppliers-Job 1-8
2021-05-19 13:35:14,822 INFO o.a.j.t.JMeterThread: Thread finished: L1-iSource-AuctionAddSuppliers-Job 1-8
2021-05-19 13:35:18,522 INFO o.a.j.t.JMeterThread: Thread is done: L1-iSource-AuctionAddSuppliers-Job 1-5
2021-05-19 13:35:18,522 INFO o.a.j.t.JMeterThread: Thread finished: L1-iSource-AuctionAddSuppliers-Job 1-5
2021-05-19 13:35:23,609 INFO o.a.j.t.JMeterThread: Thread is done: L1-iSource-AuctionAddSuppliers-Job 1-10
2021-05-19 13:35:23,609 INFO o.a.j.t.JMeterThread: Thread finished: L1-iSource-AuctionAddSuppliers-Job 1-10
2021-05-19 13:35:29,748 INFO o.a.j.t.JMeterThread: Thread is done: L1-iSource-AuctionAddSuppliers-Job 1-9
2021-05-19 13:35:29,748 INFO o.a.j.t.JMeterThread: Thread finished: L1-iSource-AuctionAddSuppliers-Job 1-9
2021-05-19 13:35:29,749 INFO o.a.j.e.StandardJMeterEngine: Notifying test listeners of end of test
2021-05-19 13:35:29,749 INFO o.a.j.s.FileServer: Close: D:\apache-jmeter-5.1\apache-jmeter-5.1\bin\excel\isource\Partner_ZCS_Users.csv
2021-05-19 13:35:29,752 INFO o.a.j.r.Summariser: summary +     21 in 00:00:30 =    0.7/s Avg:  3815 Min:   354 Max: 10253 Err:     0 (0.00%) Active: 0 Started: 10 Finished: 10
2021-05-19 13:35:29,752 INFO o.a.j.r.Summariser: summary =   1180 in 00:05:15 =    3.7/s Avg:  1459 Min:    27 Max: 19821 Err:     0 (0.00%)
2021-05-19 13:35:29,753 INFO o.a.j.JMeter: Generating Dashboard
2021-05-19 13:35:29,753 INFO o.a.j.r.d.ReportGenerator: Flushing result collector before report Generation
2021-05-19 13:35:29,765 INFO o.a.j.r.p.NormalizerSampleConsumer: Using format, 'ms', to parse timeStamp field
2021-05-19 13:35:29,878 INFO o.a.j.r.p.AbstractSampleConsumer: class org.apache.jmeter.report.processor.AggregateConsumer#stopProducing(): beginDate produced 0 samples
2021-05-19 13:35:29,878 INFO o.a.j.r.p.AbstractSampleConsumer: class org.apache.jmeter.report.processor.AggregateConsumer#stopProducing(): endDate produced 0 samples
2021-05-19 13:35:29,879 INFO o.a.j.r.p.AbstractSampleConsumer: class org.apache.jmeter.report.processor.ApdexSummaryConsumer#stopProducing(): apdexSummary produced 0 samples
2021-05-19 13:35:29,879 INFO o.a.j.r.p.AbstractSampleConsumer: class org.apache.jmeter.report.processor.RequestsSummaryConsumer#stopProducing(): requestsSummary produced 0 samples
2021-05-19 13:35:29,886 INFO o.a.j.r.p.AbstractSampleConsumer: class org.apache.jmeter.report.processor.StatisticsSummaryConsumer#stopProducing(): statisticsSummary produced 0 samples
2021-05-19 13:35:29,889 INFO o.a.j.r.p.AbstractSampleConsumer: class org.apache.jmeter.report.processor.Top5ErrorsBySamplerConsumer#stopProducing(): top5ErrorsBySampler produced 0 samples
2021-05-19 13:35:29,889 INFO o.a.j.r.p.AbstractSampleConsumer: class org.apache.jmeter.report.processor.ErrorsSummaryConsumer#stopProducing(): errorsSummary produced 0 samples
2021-05-19 13:35:29,889 INFO o.a.j.r.p.AbstractSampleConsumer: class org.apache.jmeter.report.processor.graph.impl.HitsPerSecondGraphConsumer#stopProducing(): hitsPerSecond produced 0 samples
2021-05-19 13:35:29,906 INFO o.a.j.r.p.AbstractSampleConsumer: class org.apache.jmeter.report.processor.graph.impl.LatencyVSRequestGraphConsumer#stopProducing(): latencyVsRequest produced 0 samples
2021-05-19 13:35:29,906 INFO o.a.j.r.p.AbstractSampleConsumer: class org.apache.jmeter.report.processor.graph.impl.SyntheticResponseTimeDistributionGraphConsumer#stopProducing(): syntheticResponseTimeDistribution produced 0 samples
2021-05-19 13:35:29,907 INFO o.a.j.r.p.AbstractSampleConsumer: class org.apache.jmeter.report.processor.graph.impl.BytesThroughputGraphConsumer#stopProducing(): bytesThroughputOverTime produced 0 samples
2021-05-19 13:35:29,907 INFO o.a.j.r.p.AbstractSampleConsumer: class org.apache.jmeter.report.processor.graph.impl.CodesPerSecondGraphConsumer#stopProducing(): codesPerSecond produced 0 samples
2021-05-19 13:35:29,920 INFO o.a.j.r.p.AbstractSampleConsumer: class org.apache.jmeter.report.processor.graph.impl.ResponseTimeVSRequestGraphConsumer#stopProducing(): responseTimeVsRequest produced 0 samples
2021-05-19 13:35:29,920 INFO o.a.j.r.p.AbstractSampleConsumer: class org.apache.jmeter.report.processor.FilterConsumer#stopProducing(): startIntervalControlerFilter produced 8260 samples
2021-05-19 13:35:29,920 INFO o.a.j.r.p.AbstractSampleConsumer: class org.apache.jmeter.report.processor.graph.impl.TotalTPSGraphConsumer#stopProducing(): totalTPS produced 0 samples
2021-05-19 13:35:29,920 INFO o.a.j.r.p.AbstractSampleConsumer: class org.apache.jmeter.report.processor.graph.impl.ActiveThreadsGraphConsumer#stopProducing(): activeThreadsOverTime produced 0 samples
2021-05-19 13:35:29,920 INFO o.a.j.r.p.AbstractSampleConsumer: class org.apache.jmeter.report.processor.graph.impl.TimeVSThreadGraphConsumer#stopProducing(): timeVsThreads produced 0 samples
2021-05-19 13:35:29,925 INFO o.a.j.r.p.AbstractSampleConsumer: class org.apache.jmeter.report.processor.graph.impl.ResponseTimeDistributionGraphConsumer#stopProducing(): responseTimeDistribution produced 0 samples
2021-05-19 13:35:29,926 INFO o.a.j.r.p.AbstractSampleConsumer: class org.apache.jmeter.report.processor.graph.impl.TransactionsPerSecondGraphConsumer#stopProducing(): transactionsPerSecond produced 0 samples
2021-05-19 13:35:29,927 INFO o.a.j.r.p.AbstractSampleConsumer: class org.apache.jmeter.report.processor.graph.impl.ResponseTimePercentilesGraphConsumer#stopProducing(): responseTimePercentiles produced 0 samples
2021-05-19 13:35:29,934 INFO o.a.j.r.p.AbstractSampleConsumer: class org.apache.jmeter.report.processor.graph.impl.ResponseTimePercentilesOverTimeGraphConsumer#stopProducing(): responseTimePercentilesOverTime produced 0 samples
2021-05-19 13:35:29,935 INFO o.a.j.r.p.AbstractSampleConsumer: class org.apache.jmeter.report.processor.graph.impl.ResponseTimeOverTimeGraphConsumer#stopProducing(): responseTimesOverTime produced 0 samples
2021-05-19 13:35:29,935 INFO o.a.j.r.p.AbstractSampleConsumer: class org.apache.jmeter.report.processor.graph.impl.ConnectTimeOverTimeGraphConsumer#stopProducing(): connectTimeOverTime produced 0 samples
2021-05-19 13:35:29,936 INFO o.a.j.r.p.AbstractSampleConsumer: class org.apache.jmeter.report.processor.graph.impl.LatencyOverTimeGraphConsumer#stopProducing(): latenciesOverTime produced 0 samples
2021-05-19 13:35:29,936 INFO o.a.j.r.p.AbstractSampleConsumer: class org.apache.jmeter.report.processor.FilterConsumer#stopProducing(): nameFilter produced 20400 samples
2021-05-19 13:35:29,936 INFO o.a.j.r.p.AbstractSampleConsumer: class org.apache.jmeter.report.processor.FilterConsumer#stopProducing(): dateRangeFilter produced 4080 samples
2021-05-19 13:35:29,936 INFO o.a.j.r.p.AbstractSampleConsumer: class org.apache.jmeter.report.processor.NormalizerSampleConsumer#stopProducing(): normalizer produced 1360 samples
2021-05-19 13:35:29,937 INFO o.a.j.r.p.CsvFileSampleSource: produce(): 1360 samples produced in 156ms on channel 0
2021-05-19 13:35:29,937 INFO o.a.j.r.d.ReportGenerator: Exporting data using exporter:'json' of className:'org.apache.jmeter.report.dashboard.JsonExporter'
2021-05-19 13:35:29,938 INFO o.a.j.r.d.JsonExporter: Found data for consumer statisticsSummary in context
2021-05-19 13:35:29,938 INFO o.a.j.r.d.JsonExporter: Creating statistics for overall
2021-05-19 13:35:29,938 INFO o.a.j.r.d.JsonExporter: Creating statistics for other transactions
2021-05-19 13:35:29,939 INFO o.a.j.r.d.JsonExporter: Checking output folder
2021-05-19 13:35:29,940 INFO o.a.j.r.d.JsonExporter: Writing statistics JSON to C:\xampp\htdocs\PerformancePostgres\L0_iSource_10_AuctionAddSuppliers_2021-05-19_4\statistics.json
2021-05-19 13:35:30,061 INFO o.a.j.r.d.ReportGenerator: Exporting data using exporter:'html' of className:'org.apache.jmeter.report.dashboard.HtmlTemplateExporter'
2021-05-19 13:35:30,063 INFO o.a.j.r.d.HtmlTemplateExporter: Will generate dashboard in folder: C:\xampp\htdocs\PerformancePostgres\L0_iSource_10_AuctionAddSuppliers_2021-05-19_4
2021-05-19 13:35:30,249 INFO o.a.j.r.d.HtmlTemplateExporter: Report will be generated in: C:\xampp\htdocs\PerformancePostgres\L0_iSource_10_AuctionAddSuppliers_2021-05-19_4, creating folder structure
2021-05-19 13:35:30,252 INFO o.a.j.r.d.TemplateVisitor: Copying folder from 'D:\apache-jmeter-5.1\apache-jmeter-5.1\bin\report-template' to 'C:\xampp\htdocs\PerformancePostgres\L0_iSource_10_AuctionAddSuppliers_2021-05-19_4', got message:[C:\xampp\htdocs\PerformancePostgres\L0_iSource_10_AuctionAddSuppliers_2021-05-19_4\statistics.json], found non empty folder with following content {}, will be ignored
2021-05-19 13:35:30,917 INFO o.a.j.JMeter: Dashboard generated
