2021-05-19 10:14:52,303 INFO o.a.j.u.JMeterUtils: Setting Locale to en_EN
2021-05-19 10:14:52,313 INFO o.a.j.JMeter: Loading user properties from: user.properties
2021-05-19 10:14:52,313 INFO o.a.j.JMeter: Loading system properties from: system.properties
2021-05-19 10:14:52,314 INFO o.a.j.JMeter: Setting JMeter property: meter.reportgenerator.report_title=RFQMultipleQuestionsPublish
2021-05-19 10:14:52,314 INFO o.a.j.JMeter: Setting JMeter property: thread=10
2021-05-19 10:14:52,314 INFO o.a.j.JMeter: Setting JMeter property: rampup=30
2021-05-19 10:14:52,318 INFO o.a.j.JMeter: Copyright (c) 1998-2019 The Apache Software Foundation
2021-05-19 10:14:52,318 INFO o.a.j.JMeter: Version 5.1 r1853635
2021-05-19 10:14:52,318 INFO o.a.j.JMeter: java.version=1.8.0_121
2021-05-19 10:14:52,318 INFO o.a.j.JMeter: java.vm.name=Java HotSpot(TM) 64-Bit Server VM
2021-05-19 10:14:52,318 INFO o.a.j.JMeter: os.name=Windows 10
2021-05-19 10:14:52,318 INFO o.a.j.JMeter: os.arch=amd64
2021-05-19 10:14:52,318 INFO o.a.j.JMeter: os.version=10.0
2021-05-19 10:14:52,318 INFO o.a.j.JMeter: file.encoding=Cp1252
2021-05-19 10:14:52,318 INFO o.a.j.JMeter: java.awt.headless=true
2021-05-19 10:14:52,318 INFO o.a.j.JMeter: Max memory     =8589934592
2021-05-19 10:14:52,318 INFO o.a.j.JMeter: Available Processors =6
2021-05-19 10:14:52,321 INFO o.a.j.JMeter: Default Locale=English (EN)
2021-05-19 10:14:52,321 INFO o.a.j.JMeter: JMeter  Locale=English (EN)
2021-05-19 10:14:52,321 INFO o.a.j.JMeter: JMeterHome=D:\apache-jmeter-5.1\apache-jmeter-5.1
2021-05-19 10:14:52,321 INFO o.a.j.JMeter: user.dir  =D:\apache-jmeter-5.1\apache-jmeter-5.1\bin
2021-05-19 10:14:52,322 INFO o.a.j.JMeter: PWD       =D:\apache-jmeter-5.1\apache-jmeter-5.1\bin
2021-05-19 10:14:52,323 INFO o.a.j.JMeter: IP: 172.30.225.123 Name: ZIPLSY2278 FullName: ZIPLSY2278.zycus.net
2021-05-19 10:14:52,325 INFO o.a.j.JMeter: Setting property 'jmeter.reportgenerator.outputdir' to:'C:\xampp\htdocs\PerformancePostgres\L0_iSource_10_RFQMultipleQuestionsPublish_2021-05-19_2'
2021-05-19 10:14:52,326 INFO o.a.j.s.FileServer: Default base='D:\apache-jmeter-5.1\apache-jmeter-5.1\bin'
2021-05-19 10:14:52,329 INFO o.a.j.s.FileServer: Set new base='D:\PostrgresMigration\iSource'
2021-05-19 10:14:52,421 INFO o.a.j.s.SaveService: Testplan (JMX) version: 2.2. Testlog (JTL) version: 2.2
2021-05-19 10:14:52,431 INFO o.a.j.s.SaveService: Using SaveService properties file encoding UTF-8
2021-05-19 10:14:52,435 INFO o.a.j.s.SaveService: Using SaveService properties version 5.0
2021-05-19 10:14:52,439 INFO o.a.j.s.SaveService: Loading file: D:\PostrgresMigration\iSource\L0_iSource_RFQMultipleQuestionsPublish.jmx
2021-05-19 10:14:52,491 INFO o.a.j.p.h.c.CookieManager: Settings: Delete null: true Check: true Allow variable: true Save: false Prefix: COOKIE_
2021-05-19 10:14:52,494 INFO o.a.j.p.h.c.CacheManager: Will only cache the following methods: [GET]
2021-05-19 10:14:52,505 INFO o.a.j.p.h.s.HTTPSamplerBase: Parser for text/html is org.apache.jmeter.protocol.http.parser.LagartoBasedHtmlParser
2021-05-19 10:14:52,505 INFO o.a.j.p.h.s.HTTPSamplerBase: Parser for application/xhtml+xml is org.apache.jmeter.protocol.http.parser.LagartoBasedHtmlParser
2021-05-19 10:14:52,505 INFO o.a.j.p.h.s.HTTPSamplerBase: Parser for application/xml is org.apache.jmeter.protocol.http.parser.LagartoBasedHtmlParser
2021-05-19 10:14:52,505 INFO o.a.j.p.h.s.HTTPSamplerBase: Parser for text/xml is org.apache.jmeter.protocol.http.parser.LagartoBasedHtmlParser
2021-05-19 10:14:52,505 INFO o.a.j.p.h.s.HTTPSamplerBase: Parser for text/vnd.wap.wml is org.apache.jmeter.protocol.http.parser.RegexpHTMLParser
2021-05-19 10:14:52,505 INFO o.a.j.p.h.s.HTTPSamplerBase: Parser for text/css is org.apache.jmeter.protocol.http.parser.CssParser
2021-05-19 10:14:52,662 INFO o.a.j.JMeter: Creating summariser <summary>
2021-05-19 10:14:52,667 INFO o.a.j.r.d.ReportGenerator: ReportGenerator will use for Parsing the separator: ','
2021-05-19 10:14:52,667 INFO o.a.j.r.d.ReportGenerator: Will generate report at end of test from  results file: D:\PostrgresMigration\iSource\JTL\L0_iSource_10_RFQMultipleQuestionsPublish_2021-05-19_2.jtl
2021-05-19 10:14:52,667 INFO o.a.j.r.d.ReportGenerator: Reading report generator properties from: D:\apache-jmeter-5.1\apache-jmeter-5.1\bin\reportgenerator.properties
2021-05-19 10:14:52,668 INFO o.a.j.r.d.ReportGenerator: Merging with JMeter properties
2021-05-19 10:14:52,674 INFO o.a.j.r.c.ReportGeneratorConfiguration: Property 'jmeter.reportgenerator.temp_dir' not found, using default value 'temp' instead.
2021-05-19 10:14:52,677 INFO o.a.j.r.c.ReportGeneratorConfiguration: Property 'jmeter.reportgenerator.apdex_per_transaction' not found, using default value 'null' instead.
2021-05-19 10:14:52,677 INFO o.a.j.r.c.ReportGeneratorConfiguration: apdex_per_transaction : {} is empty, not APDEX per transaction customization
2021-05-19 10:14:52,677 INFO o.a.j.r.c.ReportGeneratorConfiguration: Property 'jmeter.reportgenerator.sample_filter' not found, using default value 'null' instead.
2021-05-19 10:14:52,677 INFO o.a.j.r.c.ReportGeneratorConfiguration: Property 'jmeter.reportgenerator.report_title' not found, using default value 'null' instead.
2021-05-19 10:14:52,677 INFO o.a.j.r.c.ReportGeneratorConfiguration: Property 'jmeter.reportgenerator.start_date' not found, using default value 'null' instead.
2021-05-19 10:14:52,677 INFO o.a.j.r.c.ReportGeneratorConfiguration: Property 'jmeter.reportgenerator.end_date' not found, using default value 'null' instead.
2021-05-19 10:14:52,677 INFO o.a.j.r.c.ReportGeneratorConfiguration: Property 'jmeter.reportgenerator.date_format' not found, using default value 'null' instead.
2021-05-19 10:14:52,678 INFO o.a.j.r.c.ReportGeneratorConfiguration: Will use date range start date: null, end date: null
2021-05-19 10:14:52,682 INFO o.a.j.r.c.ReportGeneratorConfiguration: Property 'jmeter.reportgenerator.graph.totalTPS.exclude_controllers' not found, using default value 'false' instead.
2021-05-19 10:14:52,682 INFO o.a.j.r.c.ReportGeneratorConfiguration: Property 'jmeter.reportgenerator.graph.activeThreadsOverTime.exclude_controllers' not found, using default value 'false' instead.
2021-05-19 10:14:52,682 INFO o.a.j.r.c.ReportGeneratorConfiguration: Property 'jmeter.reportgenerator.graph.timeVsThreads.exclude_controllers' not found, using default value 'false' instead.
2021-05-19 10:14:52,682 INFO o.a.j.r.c.ReportGeneratorConfiguration: Property 'jmeter.reportgenerator.graph.responseTimeDistribution.exclude_controllers' not found, using default value 'false' instead.
2021-05-19 10:14:52,683 INFO o.a.j.r.c.ReportGeneratorConfiguration: Property 'jmeter.reportgenerator.graph.transactionsPerSecond.exclude_controllers' not found, using default value 'false' instead.
2021-05-19 10:14:52,683 INFO o.a.j.r.c.ReportGeneratorConfiguration: Property 'jmeter.reportgenerator.graph.responseTimePercentiles.exclude_controllers' not found, using default value 'false' instead.
2021-05-19 10:14:52,683 INFO o.a.j.r.c.ReportGeneratorConfiguration: Property 'jmeter.reportgenerator.graph.responseTimePercentilesOverTime.exclude_controllers' not found, using default value 'false' instead.
2021-05-19 10:14:52,683 INFO o.a.j.r.c.ReportGeneratorConfiguration: Property 'jmeter.reportgenerator.graph.responseTimesOverTime.exclude_controllers' not found, using default value 'false' instead.
2021-05-19 10:14:52,683 INFO o.a.j.r.c.ReportGeneratorConfiguration: Property 'jmeter.reportgenerator.graph.connectTimeOverTime.exclude_controllers' not found, using default value 'false' instead.
2021-05-19 10:14:52,683 INFO o.a.j.r.c.ReportGeneratorConfiguration: Property 'jmeter.reportgenerator.graph.latenciesOverTime.exclude_controllers' not found, using default value 'false' instead.
2021-05-19 10:14:52,684 INFO o.a.j.r.c.ReportGeneratorConfiguration: Property 'jmeter.reportgenerator.exporter.json.filters_only_sample_series' not found, using default value 'true' instead.
2021-05-19 10:14:52,684 INFO o.a.j.r.c.ReportGeneratorConfiguration: Property 'jmeter.reportgenerator.exporter.json.series_filter' not found, using default value '' instead.
2021-05-19 10:14:52,684 INFO o.a.j.r.c.ReportGeneratorConfiguration: Property 'jmeter.reportgenerator.exporter.json.show_controllers_only' not found, using default value 'false' instead.
2021-05-19 10:14:52,684 INFO o.a.j.r.c.ReportGeneratorConfiguration: Property 'jmeter.reportgenerator.exporter.html.filters_only_sample_series' not found, using default value 'true' instead.
2021-05-19 10:14:52,684 INFO o.a.j.r.c.ReportGeneratorConfiguration: Property 'jmeter.reportgenerator.exporter.html.series_filter' not found, using default value '' instead.
2021-05-19 10:14:52,684 INFO o.a.j.r.c.ReportGeneratorConfiguration: Property 'jmeter.reportgenerator.exporter.html.show_controllers_only' not found, using default value 'false' instead.
2021-05-19 10:14:52,688 INFO o.a.j.e.StandardJMeterEngine: Running the test!
2021-05-19 10:14:52,689 INFO o.a.j.s.SampleEvent: List of sample_variables: []
2021-05-19 10:14:52,689 INFO o.a.j.s.SampleEvent: List of sample_variables: []
2021-05-19 10:14:52,694 INFO o.a.j.e.u.CompoundVariable: Note: Function class names must contain the string: '.functions.'
2021-05-19 10:14:52,694 INFO o.a.j.e.u.CompoundVariable: Note: Function class names must not contain the string: '.gui.'
2021-05-19 10:14:53,124 INFO o.a.j.JMeter: Running test (1621399493124)
2021-05-19 10:14:53,180 INFO o.a.j.e.StandardJMeterEngine: Starting ThreadGroup: 1 : L0-iSource
2021-05-19 10:14:53,180 INFO o.a.j.e.StandardJMeterEngine: Starting 1 threads for group L0-iSource.
2021-05-19 10:14:53,180 INFO o.a.j.e.StandardJMeterEngine: Thread will continue on error
2021-05-19 10:14:53,181 INFO o.a.j.t.ThreadGroup: Starting thread group... number=1 threads=1 ramp-up=1 perThread=1000.0 delayedStart=false
2021-05-19 10:14:53,198 INFO o.a.j.t.ThreadGroup: Started thread group number 1
2021-05-19 10:14:53,198 INFO o.a.j.e.StandardJMeterEngine: All thread groups have been started
2021-05-19 10:14:53,205 INFO o.a.j.s.SampleResult: Note: Sample TimeStamps are START times
2021-05-19 10:14:53,205 INFO o.a.j.s.SampleResult: sampleresult.default.encoding is set to ISO-8859-1
2021-05-19 10:14:53,205 INFO o.a.j.s.SampleResult: sampleresult.useNanoTime=true
2021-05-19 10:14:53,205 INFO o.a.j.s.SampleResult: sampleresult.nanoThreadSleep=5000
2021-05-19 10:14:53,213 INFO o.a.j.t.JMeterThread: Thread started: L0-iSource 1-1
2021-05-19 10:14:53,215 INFO o.a.j.c.LoopController: iterationStart called on 5.6# Questions_Text with source org.apache.jmeter.control.LoopController@7cf56153 and iteration 1
2021-05-19 10:14:53,215 INFO o.a.j.c.LoopController: iterationStart called on 5.4# Questions_Multichoice with source org.apache.jmeter.control.LoopController@7cf56153 and iteration 1
2021-05-19 10:14:53,215 INFO o.a.j.s.FileServer: Stored: D:\apache-jmeter-5.1\apache-jmeter-5.1\bin\excel\isource\Partner_ZCS_Users.csv
2021-05-19 10:14:53,236 INFO o.a.j.p.h.s.HTTPHCAbstractImpl: Local host = ZIPLSY2278
2021-05-19 10:14:53,241 INFO o.a.j.p.h.s.HTTPHC4Impl: HTTP request retry count = 0
2021-05-19 10:14:53,442 INFO o.a.j.p.h.s.h.LazyLayeredConnectionSocketFactory: Setting up HTTPS TrustAll Socket Factory
2021-05-19 10:14:53,447 INFO o.a.j.u.JsseSSLManager: Using default SSL protocol: TLS
2021-05-19 10:14:53,447 INFO o.a.j.u.JsseSSLManager: SSL session context: per-thread
2021-05-19 10:14:54,047 INFO o.a.j.u.SSLManager: JmeterKeyStore Location:  type JKS
2021-05-19 10:14:54,049 INFO o.a.j.u.SSLManager: KeyStore created OK
2021-05-19 10:14:54,049 WARN o.a.j.u.SSLManager: Keystore file not found, loading empty keystore
2021-05-19 10:15:02,091 INFO o.a.j.r.Summariser: summary +      3 in 00:00:09 =    0.3/s Avg:   928 Min:   350 Max:  1747 Err:     0 (0.00%) Active: 1 Started: 1 Finished: 0
2021-05-19 10:15:28,302 INFO o.a.j.r.ResultCollector: Shutdown hook started
2021-05-19 10:15:28,304 INFO o.a.j.r.ResultCollector: Shutdown hook ended
