2021-07-16 14:15:48,653 INFO o.a.j.u.JMeterUtils: Setting Locale to en_EN
2021-07-16 14:15:48,664 INFO o.a.j.JMeter: Loading user properties from: user.properties
2021-07-16 14:15:48,664 INFO o.a.j.JMeter: Loading system properties from: system.properties
2021-07-16 14:15:48,665 INFO o.a.j.JMeter: Setting JMeter property: meter.reportgenerator.report_title=RaceConditionAuction
2021-07-16 14:15:48,665 INFO o.a.j.JMeter: Setting JMeter property: thread=50
2021-07-16 14:15:48,665 INFO o.a.j.JMeter: Setting JMeter property: rampup=900
2021-07-16 14:15:48,668 INFO o.a.j.JMeter: Copyright (c) 1998-2019 The Apache Software Foundation
2021-07-16 14:15:48,673 INFO o.a.j.JMeter: Version 5.1 r1853635
2021-07-16 14:15:48,673 INFO o.a.j.JMeter: java.version=1.8.0_121
2021-07-16 14:15:48,673 INFO o.a.j.JMeter: java.vm.name=Java HotSpot(TM) 64-Bit Server VM
2021-07-16 14:15:48,673 INFO o.a.j.JMeter: os.name=Windows 10
2021-07-16 14:15:48,673 INFO o.a.j.JMeter: os.arch=amd64
2021-07-16 14:15:48,673 INFO o.a.j.JMeter: os.version=10.0
2021-07-16 14:15:48,673 INFO o.a.j.JMeter: file.encoding=Cp1252
2021-07-16 14:15:48,673 INFO o.a.j.JMeter: java.awt.headless=true
2021-07-16 14:15:48,673 INFO o.a.j.JMeter: Max memory     =8589934592
2021-07-16 14:15:48,673 INFO o.a.j.JMeter: Available Processors =6
2021-07-16 14:15:48,676 INFO o.a.j.JMeter: Default Locale=English (EN)
2021-07-16 14:15:48,676 INFO o.a.j.JMeter: JMeter  Locale=English (EN)
2021-07-16 14:15:48,676 INFO o.a.j.JMeter: JMeterHome=D:\apache-jmeter-5.1\apache-jmeter-5.1
2021-07-16 14:15:48,676 INFO o.a.j.JMeter: user.dir  =D:\apache-jmeter-5.1\apache-jmeter-5.1\bin
2021-07-16 14:15:48,677 INFO o.a.j.JMeter: PWD       =D:\apache-jmeter-5.1\apache-jmeter-5.1\bin
2021-07-16 14:15:48,678 INFO o.a.j.JMeter: IP: 172.30.225.123 Name: ZIPLSY2278 FullName: ZIPLSY2278.zycus.net
2021-07-16 14:15:48,680 INFO o.a.j.JMeter: Setting property 'jmeter.reportgenerator.outputdir' to:'C:\xampp\htdocs\PerformancePostgres\L0_iSource_50_RaceConditionAuction_2021-07-16_38'
2021-07-16 14:15:48,682 INFO o.a.j.s.FileServer: Default base='D:\apache-jmeter-5.1\apache-jmeter-5.1\bin'
2021-07-16 14:15:48,685 INFO o.a.j.s.FileServer: Set new base='D:\PostrgresMigration\iSource'
2021-07-16 14:15:48,784 INFO o.a.j.s.SaveService: Testplan (JMX) version: 2.2. Testlog (JTL) version: 2.2
2021-07-16 14:15:48,794 INFO o.a.j.s.SaveService: Using SaveService properties file encoding UTF-8
2021-07-16 14:15:48,798 INFO o.a.j.s.SaveService: Using SaveService properties version 5.0
2021-07-16 14:15:48,803 INFO o.a.j.s.SaveService: Loading file: D:\PostrgresMigration\iSource\iSource_RaceConditionAuction.jmx
2021-07-16 14:15:48,845 INFO o.a.j.p.h.c.CookieManager: Settings: Delete null: true Check: true Allow variable: true Save: false Prefix: COOKIE_
2021-07-16 14:15:48,851 INFO o.a.j.p.h.c.CacheManager: Will only cache the following methods: [GET]
2021-07-16 14:15:48,860 INFO o.a.j.p.h.s.HTTPSamplerBase: Parser for text/html is org.apache.jmeter.protocol.http.parser.LagartoBasedHtmlParser
2021-07-16 14:15:48,860 INFO o.a.j.p.h.s.HTTPSamplerBase: Parser for application/xhtml+xml is org.apache.jmeter.protocol.http.parser.LagartoBasedHtmlParser
2021-07-16 14:15:48,860 INFO o.a.j.p.h.s.HTTPSamplerBase: Parser for application/xml is org.apache.jmeter.protocol.http.parser.LagartoBasedHtmlParser
2021-07-16 14:15:48,860 INFO o.a.j.p.h.s.HTTPSamplerBase: Parser for text/xml is org.apache.jmeter.protocol.http.parser.LagartoBasedHtmlParser
2021-07-16 14:15:48,860 INFO o.a.j.p.h.s.HTTPSamplerBase: Parser for text/vnd.wap.wml is org.apache.jmeter.protocol.http.parser.RegexpHTMLParser
2021-07-16 14:15:48,860 INFO o.a.j.p.h.s.HTTPSamplerBase: Parser for text/css is org.apache.jmeter.protocol.http.parser.CssParser
2021-07-16 14:15:49,079 INFO o.a.j.JMeter: Creating summariser <summary>
2021-07-16 14:15:49,083 INFO o.a.j.r.d.ReportGenerator: ReportGenerator will use for Parsing the separator: ','
2021-07-16 14:15:49,083 INFO o.a.j.r.d.ReportGenerator: Will generate report at end of test from  results file: D:\PostrgresMigration\iSource\JTL\L0_iSource_50_RaceConditionAuction_2021-07-16_38.jtl
2021-07-16 14:15:49,084 INFO o.a.j.r.d.ReportGenerator: Reading report generator properties from: D:\apache-jmeter-5.1\apache-jmeter-5.1\bin\reportgenerator.properties
2021-07-16 14:15:49,085 INFO o.a.j.r.d.ReportGenerator: Merging with JMeter properties
2021-07-16 14:15:49,089 INFO o.a.j.r.c.ReportGeneratorConfiguration: Property 'jmeter.reportgenerator.temp_dir' not found, using default value 'temp' instead.
2021-07-16 14:15:49,091 INFO o.a.j.r.c.ReportGeneratorConfiguration: Property 'jmeter.reportgenerator.apdex_per_transaction' not found, using default value 'null' instead.
2021-07-16 14:15:49,091 INFO o.a.j.r.c.ReportGeneratorConfiguration: apdex_per_transaction : {} is empty, not APDEX per transaction customization
2021-07-16 14:15:49,091 INFO o.a.j.r.c.ReportGeneratorConfiguration: Property 'jmeter.reportgenerator.sample_filter' not found, using default value 'null' instead.
2021-07-16 14:15:49,091 INFO o.a.j.r.c.ReportGeneratorConfiguration: Property 'jmeter.reportgenerator.report_title' not found, using default value 'null' instead.
2021-07-16 14:15:49,091 INFO o.a.j.r.c.ReportGeneratorConfiguration: Property 'jmeter.reportgenerator.start_date' not found, using default value 'null' instead.
2021-07-16 14:15:49,091 INFO o.a.j.r.c.ReportGeneratorConfiguration: Property 'jmeter.reportgenerator.end_date' not found, using default value 'null' instead.
2021-07-16 14:15:49,091 INFO o.a.j.r.c.ReportGeneratorConfiguration: Property 'jmeter.reportgenerator.date_format' not found, using default value 'null' instead.
2021-07-16 14:15:49,092 INFO o.a.j.r.c.ReportGeneratorConfiguration: Will use date range start date: null, end date: null
2021-07-16 14:15:49,096 INFO o.a.j.r.c.ReportGeneratorConfiguration: Property 'jmeter.reportgenerator.graph.totalTPS.exclude_controllers' not found, using default value 'false' instead.
2021-07-16 14:15:49,096 INFO o.a.j.r.c.ReportGeneratorConfiguration: Property 'jmeter.reportgenerator.graph.activeThreadsOverTime.exclude_controllers' not found, using default value 'false' instead.
2021-07-16 14:15:49,096 INFO o.a.j.r.c.ReportGeneratorConfiguration: Property 'jmeter.reportgenerator.graph.timeVsThreads.exclude_controllers' not found, using default value 'false' instead.
2021-07-16 14:15:49,096 INFO o.a.j.r.c.ReportGeneratorConfiguration: Property 'jmeter.reportgenerator.graph.responseTimeDistribution.exclude_controllers' not found, using default value 'false' instead.
2021-07-16 14:15:49,096 INFO o.a.j.r.c.ReportGeneratorConfiguration: Property 'jmeter.reportgenerator.graph.transactionsPerSecond.exclude_controllers' not found, using default value 'false' instead.
2021-07-16 14:15:49,096 INFO o.a.j.r.c.ReportGeneratorConfiguration: Property 'jmeter.reportgenerator.graph.responseTimePercentiles.exclude_controllers' not found, using default value 'false' instead.
2021-07-16 14:15:49,096 INFO o.a.j.r.c.ReportGeneratorConfiguration: Property 'jmeter.reportgenerator.graph.responseTimePercentilesOverTime.exclude_controllers' not found, using default value 'false' instead.
2021-07-16 14:15:49,097 INFO o.a.j.r.c.ReportGeneratorConfiguration: Property 'jmeter.reportgenerator.graph.responseTimesOverTime.exclude_controllers' not found, using default value 'false' instead.
2021-07-16 14:15:49,097 INFO o.a.j.r.c.ReportGeneratorConfiguration: Property 'jmeter.reportgenerator.graph.connectTimeOverTime.exclude_controllers' not found, using default value 'false' instead.
2021-07-16 14:15:49,097 INFO o.a.j.r.c.ReportGeneratorConfiguration: Property 'jmeter.reportgenerator.graph.latenciesOverTime.exclude_controllers' not found, using default value 'false' instead.
2021-07-16 14:15:49,098 INFO o.a.j.r.c.ReportGeneratorConfiguration: Property 'jmeter.reportgenerator.exporter.json.filters_only_sample_series' not found, using default value 'true' instead.
2021-07-16 14:15:49,098 INFO o.a.j.r.c.ReportGeneratorConfiguration: Property 'jmeter.reportgenerator.exporter.json.series_filter' not found, using default value '' instead.
2021-07-16 14:15:49,098 INFO o.a.j.r.c.ReportGeneratorConfiguration: Property 'jmeter.reportgenerator.exporter.json.show_controllers_only' not found, using default value 'false' instead.
2021-07-16 14:15:49,098 INFO o.a.j.r.c.ReportGeneratorConfiguration: Property 'jmeter.reportgenerator.exporter.html.filters_only_sample_series' not found, using default value 'true' instead.
2021-07-16 14:15:49,098 INFO o.a.j.r.c.ReportGeneratorConfiguration: Property 'jmeter.reportgenerator.exporter.html.series_filter' not found, using default value '' instead.
2021-07-16 14:15:49,098 INFO o.a.j.r.c.ReportGeneratorConfiguration: Property 'jmeter.reportgenerator.exporter.html.show_controllers_only' not found, using default value 'false' instead.
2021-07-16 14:15:49,102 INFO o.a.j.e.StandardJMeterEngine: Running the test!
2021-07-16 14:15:49,103 INFO o.a.j.s.SampleEvent: List of sample_variables: []
2021-07-16 14:15:49,103 INFO o.a.j.s.SampleEvent: List of sample_variables: []
2021-07-16 14:15:49,108 INFO o.a.j.e.u.CompoundVariable: Note: Function class names must contain the string: '.functions.'
2021-07-16 14:15:49,108 INFO o.a.j.e.u.CompoundVariable: Note: Function class names must not contain the string: '.gui.'
2021-07-16 14:15:49,551 INFO o.a.j.JMeter: Running test (1626425149551)
2021-07-16 14:15:49,616 INFO o.a.j.e.StandardJMeterEngine: Starting ThreadGroup: 1 : iSource_RaceConditionAuction
2021-07-16 14:15:49,616 INFO o.a.j.e.StandardJMeterEngine: Starting 50 threads for group iSource_RaceConditionAuction.
2021-07-16 14:15:49,616 INFO o.a.j.e.StandardJMeterEngine: Thread will stop on error
2021-07-16 14:15:49,616 INFO o.a.j.t.ThreadGroup: Starting thread group... number=1 threads=50 ramp-up=900 perThread=18000.0 delayedStart=false
2021-07-16 14:15:49,646 INFO o.a.j.s.SampleResult: Note: Sample TimeStamps are START times
2021-07-16 14:15:49,646 INFO o.a.j.s.SampleResult: sampleresult.default.encoding is set to ISO-8859-1
2021-07-16 14:15:49,646 INFO o.a.j.s.SampleResult: sampleresult.useNanoTime=true
2021-07-16 14:15:49,646 INFO o.a.j.s.SampleResult: sampleresult.nanoThreadSleep=5000
2021-07-16 14:15:49,652 INFO o.a.j.t.JMeterThread: Thread started: iSource_RaceConditionAuction 1-1
2021-07-16 14:15:49,669 INFO o.a.j.p.h.s.HTTPHCAbstractImpl: Local host = ZIPLSY2278
2021-07-16 14:15:49,676 INFO o.a.j.p.h.s.HTTPHC4Impl: HTTP request retry count = 0
2021-07-16 14:15:49,769 INFO o.a.j.p.h.s.h.LazyLayeredConnectionSocketFactory: Setting up HTTPS TrustAll Socket Factory
2021-07-16 14:15:49,777 INFO o.a.j.u.JsseSSLManager: Using default SSL protocol: TLS
2021-07-16 14:15:49,777 INFO o.a.j.u.JsseSSLManager: SSL session context: per-thread
2021-07-16 14:15:50,524 INFO o.a.j.u.SSLManager: JmeterKeyStore Location:  type JKS
2021-07-16 14:15:50,528 INFO o.a.j.u.SSLManager: KeyStore created OK
2021-07-16 14:15:50,528 WARN o.a.j.u.SSLManager: Keystore file not found, loading empty keystore
2021-07-16 14:15:51,088 INFO o.a.j.t.ThreadGroup: Started thread group number 1
2021-07-16 14:15:51,088 INFO o.a.j.e.StandardJMeterEngine: All thread groups have been started
2021-07-16 14:16:00,124 INFO o.a.j.r.Summariser: summary +     21 in 00:00:11 =    2.0/s Avg:   395 Min:    23 Max:  1593 Err:     0 (0.00%) Active: 1 Started: 1 Finished: 0
2021-07-16 14:16:07,696 INFO o.a.j.t.JMeterThread: Thread started: iSource_RaceConditionAuction 1-2
2021-07-16 14:16:25,747 INFO o.a.j.t.JMeterThread: Thread started: iSource_RaceConditionAuction 1-3
2021-07-16 14:16:30,274 INFO o.a.j.r.Summariser: summary +     41 in 00:00:30 =    1.4/s Avg:  1005 Min:    16 Max: 18830 Err:     0 (0.00%) Active: 3 Started: 3 Finished: 0
2021-07-16 14:16:30,275 INFO o.a.j.r.Summariser: summary =     62 in 00:00:41 =    1.5/s Avg:   798 Min:    16 Max: 18830 Err:     0 (0.00%)
2021-07-16 14:16:43,783 INFO o.a.j.t.JMeterThread: Thread started: iSource_RaceConditionAuction 1-4
2021-07-16 14:17:01,080 INFO o.a.j.r.Summariser: summary +     72 in 00:00:31 =    2.3/s Avg:  1221 Min:   134 Max: 19179 Err:     0 (0.00%) Active: 4 Started: 4 Finished: 0
2021-07-16 14:17:01,080 INFO o.a.j.r.Summariser: summary =    134 in 00:01:12 =    1.9/s Avg:  1026 Min:    16 Max: 19179 Err:     0 (0.00%)
2021-07-16 14:17:01,809 INFO o.a.j.t.JMeterThread: Thread started: iSource_RaceConditionAuction 1-5
2021-07-16 14:17:19,842 INFO o.a.j.t.JMeterThread: Thread started: iSource_RaceConditionAuction 1-6
2021-07-16 14:17:30,035 INFO o.a.j.r.Summariser: summary +    103 in 00:00:29 =    3.6/s Avg:  1031 Min:   140 Max: 19796 Err:     0 (0.00%) Active: 6 Started: 6 Finished: 0
2021-07-16 14:17:30,036 INFO o.a.j.r.Summariser: summary =    237 in 00:01:40 =    2.4/s Avg:  1028 Min:    16 Max: 19796 Err:     0 (0.00%)
2021-07-16 14:17:37,864 INFO o.a.j.t.JMeterThread: Thread started: iSource_RaceConditionAuction 1-7
2021-07-16 14:17:55,892 INFO o.a.j.t.JMeterThread: Thread started: iSource_RaceConditionAuction 1-8
2021-07-16 14:18:00,053 INFO o.a.j.r.Summariser: summary +    149 in 00:00:30 =    5.0/s Avg:  1089 Min:    13 Max: 18685 Err:     0 (0.00%) Active: 8 Started: 8 Finished: 0
2021-07-16 14:18:00,053 INFO o.a.j.r.Summariser: summary =    386 in 00:02:11 =    3.0/s Avg:  1052 Min:    13 Max: 19796 Err:     0 (0.00%)
2021-07-16 14:18:13,923 INFO o.a.j.t.JMeterThread: Thread started: iSource_RaceConditionAuction 1-9
2021-07-16 14:18:30,138 INFO o.a.j.r.Summariser: summary +    178 in 00:00:30 =    5.9/s Avg:  1089 Min:    15 Max: 19671 Err:     0 (0.00%) Active: 9 Started: 9 Finished: 0
2021-07-16 14:18:30,138 INFO o.a.j.r.Summariser: summary =    564 in 00:02:41 =    3.5/s Avg:  1063 Min:    13 Max: 19796 Err:     0 (0.00%)
2021-07-16 14:18:31,950 INFO o.a.j.t.JMeterThread: Thread started: iSource_RaceConditionAuction 1-10
2021-07-16 14:18:49,976 INFO o.a.j.t.JMeterThread: Thread started: iSource_RaceConditionAuction 1-11
2021-07-16 14:18:56,397 INFO o.a.j.u.BeanShellTestElement: Loadtest101@zycus.com,PostFix2 RaceCondition_3464,1310638763,1626426349485,1626426949485
2021-07-16 14:18:59,500 INFO o.a.j.t.JMeterThread: Thread is done: iSource_RaceConditionAuction 1-1
2021-07-16 14:18:59,500 INFO o.a.j.t.JMeterThread: Thread finished: iSource_RaceConditionAuction 1-1
2021-07-16 14:19:00,298 INFO o.a.j.r.Summariser: summary +    215 in 00:00:30 =    7.1/s Avg:  1101 Min:    43 Max: 19195 Err:     0 (0.00%) Active: 10 Started: 11 Finished: 1
2021-07-16 14:19:00,298 INFO o.a.j.r.Summariser: summary =    779 in 00:03:11 =    4.1/s Avg:  1074 Min:    13 Max: 19796 Err:     0 (0.00%)
2021-07-16 14:19:08,012 INFO o.a.j.t.JMeterThread: Thread started: iSource_RaceConditionAuction 1-12
2021-07-16 14:19:14,296 INFO o.a.j.u.BeanShellTestElement: Loadtest101@zycus.com,PostFix2 RaceCondition_840,1310647354,1626426349485,1626426949485
2021-07-16 14:19:17,397 INFO o.a.j.t.JMeterThread: Thread is done: iSource_RaceConditionAuction 1-2
2021-07-16 14:19:17,397 INFO o.a.j.t.JMeterThread: Thread finished: iSource_RaceConditionAuction 1-2
2021-07-16 14:19:26,048 INFO o.a.j.t.JMeterThread: Thread started: iSource_RaceConditionAuction 1-13
2021-07-16 14:19:30,104 INFO o.a.j.r.Summariser: summary +    223 in 00:00:30 =    7.5/s Avg:  1089 Min:    30 Max: 20285 Err:     0 (0.00%) Active: 11 Started: 13 Finished: 2
2021-07-16 14:19:30,104 INFO o.a.j.r.Summariser: summary =   1002 in 00:03:41 =    4.5/s Avg:  1077 Min:    13 Max: 20285 Err:     0 (0.00%)
2021-07-16 14:19:32,237 INFO o.a.j.u.BeanShellTestElement: Loadtest101@zycus.com,PostFix2 RaceCondition_2822,1310638158,1626426349485,1626426949485
2021-07-16 14:19:35,286 INFO o.a.j.t.JMeterThread: Thread is done: iSource_RaceConditionAuction 1-3
2021-07-16 14:19:35,286 INFO o.a.j.t.JMeterThread: Thread finished: iSource_RaceConditionAuction 1-3
2021-07-16 14:19:44,122 INFO o.a.j.t.JMeterThread: Thread started: iSource_RaceConditionAuction 1-14
2021-07-16 14:19:48,894 INFO o.a.j.u.BeanShellTestElement: Loadtest101@zycus.com,PostFix2 RaceCondition_1995,1310639957,1626426349485,1626426949485
2021-07-16 14:19:51,960 INFO o.a.j.t.JMeterThread: Thread is done: iSource_RaceConditionAuction 1-4
2021-07-16 14:19:51,960 INFO o.a.j.t.JMeterThread: Thread finished: iSource_RaceConditionAuction 1-4
2021-07-16 14:20:00,050 INFO o.a.j.r.Summariser: summary +    212 in 00:00:30 =    7.1/s Avg:  1150 Min:    20 Max: 19056 Err:     0 (0.00%) Active: 10 Started: 14 Finished: 4
2021-07-16 14:20:00,050 INFO o.a.j.r.Summariser: summary =   1214 in 00:04:10 =    4.8/s Avg:  1090 Min:    13 Max: 20285 Err:     0 (0.00%)
2021-07-16 14:20:02,178 INFO o.a.j.t.JMeterThread: Thread started: iSource_RaceConditionAuction 1-15
2021-07-16 14:20:07,723 INFO o.a.j.u.BeanShellTestElement: Loadtest101@zycus.com,PostFix2 RaceCondition_4471,1310638764,1626426349485,1626426949485
2021-07-16 14:20:10,740 INFO o.a.j.t.JMeterThread: Thread is done: iSource_RaceConditionAuction 1-5
2021-07-16 14:20:10,740 INFO o.a.j.t.JMeterThread: Thread finished: iSource_RaceConditionAuction 1-5
2021-07-16 14:20:20,248 INFO o.a.j.t.JMeterThread: Thread started: iSource_RaceConditionAuction 1-16
2021-07-16 14:20:22,134 INFO o.a.j.u.BeanShellTestElement: Loadtest101@zycus.com,PostFix2 RaceCondition_1036,1310636958,1626426349485,1626426949485
2021-07-16 14:20:25,143 INFO o.a.j.t.JMeterThread: Thread is done: iSource_RaceConditionAuction 1-6
2021-07-16 14:20:25,143 INFO o.a.j.t.JMeterThread: Thread finished: iSource_RaceConditionAuction 1-6
2021-07-16 14:20:30,251 INFO o.a.j.r.Summariser: summary +    238 in 00:00:30 =    7.9/s Avg:   981 Min:    17 Max: 19180 Err:     0 (0.00%) Active: 10 Started: 16 Finished: 6
2021-07-16 14:20:30,251 INFO o.a.j.r.Summariser: summary =   1452 in 00:04:41 =    5.2/s Avg:  1072 Min:    13 Max: 20285 Err:     0 (0.00%)
2021-07-16 14:20:38,299 INFO o.a.j.t.JMeterThread: Thread started: iSource_RaceConditionAuction 1-17
2021-07-16 14:20:41,158 INFO o.a.j.u.BeanShellTestElement: Loadtest101@zycus.com,PostFix2 RaceCondition_193,1310638765,1626426349485,1626426949485
2021-07-16 14:20:44,174 INFO o.a.j.t.JMeterThread: Thread is done: iSource_RaceConditionAuction 1-7
2021-07-16 14:20:44,175 INFO o.a.j.t.JMeterThread: Thread finished: iSource_RaceConditionAuction 1-7
2021-07-16 14:20:56,333 INFO o.a.j.t.JMeterThread: Thread started: iSource_RaceConditionAuction 1-18
2021-07-16 14:21:00,047 INFO o.a.j.r.Summariser: summary +    186 in 00:00:30 =    6.2/s Avg:  1182 Min:    15 Max: 19688 Err:     0 (0.00%) Active: 11 Started: 18 Finished: 7
2021-07-16 14:21:00,047 INFO o.a.j.r.Summariser: summary =   1638 in 00:05:10 =    5.3/s Avg:  1084 Min:    13 Max: 20285 Err:     0 (0.00%)
2021-07-16 14:21:02,359 INFO o.a.j.u.BeanShellTestElement: Loadtest101@zycus.com,PostFix2 RaceCondition_1587,1310641756,1626426349485,1626426949485
2021-07-16 14:21:05,402 INFO o.a.j.t.JMeterThread: Thread is done: iSource_RaceConditionAuction 1-8
2021-07-16 14:21:05,402 INFO o.a.j.t.JMeterThread: Thread finished: iSource_RaceConditionAuction 1-8
2021-07-16 14:21:14,356 INFO o.a.j.t.JMeterThread: Thread started: iSource_RaceConditionAuction 1-19
2021-07-16 14:21:18,518 INFO o.a.j.u.BeanShellTestElement: Loadtest101@zycus.com,PostFix2 RaceCondition_1356,1310647954,1626426349485,1626426949485
2021-07-16 14:21:21,583 INFO o.a.j.t.JMeterThread: Thread is done: iSource_RaceConditionAuction 1-9
2021-07-16 14:21:21,583 INFO o.a.j.t.JMeterThread: Thread finished: iSource_RaceConditionAuction 1-9
2021-07-16 14:21:30,117 INFO o.a.j.r.Summariser: summary +    169 in 00:00:30 =    5.6/s Avg:  1129 Min:    20 Max: 19260 Err:     0 (0.00%) Active: 10 Started: 19 Finished: 9
2021-07-16 14:21:30,117 INFO o.a.j.r.Summariser: summary =   1807 in 00:05:41 =    5.3/s Avg:  1089 Min:    13 Max: 20285 Err:     0 (0.00%)
2021-07-16 14:21:32,383 INFO o.a.j.t.JMeterThread: Thread started: iSource_RaceConditionAuction 1-20
2021-07-16 14:21:35,090 INFO o.a.j.u.BeanShellTestElement: Loadtest101@zycus.com,PostFix2 RaceCondition_1762,1310647955,1626426349485,1626426949485
2021-07-16 14:21:36,070 INFO o.a.j.t.JMeterThread: Stop Thread detected by thread: iSource_RaceConditionAuction 1-14
2021-07-16 14:21:36,070 INFO o.a.j.t.JMeterThread: Thread finished: iSource_RaceConditionAuction 1-14
2021-07-16 14:21:37,218 INFO o.a.j.t.JMeterThread: Stop Thread detected by thread: iSource_RaceConditionAuction 1-13
2021-07-16 14:21:37,219 INFO o.a.j.t.JMeterThread: Thread finished: iSource_RaceConditionAuction 1-13
2021-07-16 14:21:38,131 INFO o.a.j.t.JMeterThread: Thread is done: iSource_RaceConditionAuction 1-10
2021-07-16 14:21:38,131 INFO o.a.j.t.JMeterThread: Thread finished: iSource_RaceConditionAuction 1-10
2021-07-16 14:21:50,410 INFO o.a.j.t.JMeterThread: Thread started: iSource_RaceConditionAuction 1-21
2021-07-16 14:21:53,129 INFO o.a.j.u.BeanShellTestElement: Loadtest101@zycus.com,PostFix2 RaceCondition_520,1310639958,1626426349485,1626426949485
2021-07-16 14:21:56,193 INFO o.a.j.t.JMeterThread: Thread is done: iSource_RaceConditionAuction 1-11
2021-07-16 14:21:56,193 INFO o.a.j.t.JMeterThread: Thread finished: iSource_RaceConditionAuction 1-11
2021-07-16 14:22:00,608 INFO o.a.j.r.Summariser: summary +    179 in 00:00:30 =    5.9/s Avg:  1688 Min:    21 Max: 60269 Err:     2 (1.12%) Active: 8 Started: 21 Finished: 13
2021-07-16 14:22:00,609 INFO o.a.j.r.Summariser: summary =   1986 in 00:06:11 =    5.4/s Avg:  1143 Min:    13 Max: 60269 Err:     2 (0.10%)
2021-07-16 14:22:08,437 INFO o.a.j.t.JMeterThread: Thread started: iSource_RaceConditionAuction 1-22
2021-07-16 14:22:13,661 INFO o.a.j.u.BeanShellTestElement: Loadtest101@zycus.com,PostFix2 RaceCondition_636,1310646754,1626426349485,1626426949485
2021-07-16 14:22:16,725 INFO o.a.j.t.JMeterThread: Thread is done: iSource_RaceConditionAuction 1-12
2021-07-16 14:22:16,725 INFO o.a.j.t.JMeterThread: Thread finished: iSource_RaceConditionAuction 1-12
2021-07-16 14:22:26,461 INFO o.a.j.t.JMeterThread: Thread started: iSource_RaceConditionAuction 1-23
2021-07-16 14:22:30,288 INFO o.a.j.r.Summariser: summary +    178 in 00:00:30 =    6.0/s Avg:  1139 Min:    15 Max: 19194 Err:     0 (0.00%) Active: 9 Started: 23 Finished: 14
2021-07-16 14:22:30,289 INFO o.a.j.r.Summariser: summary =   2164 in 00:06:41 =    5.4/s Avg:  1142 Min:    13 Max: 60269 Err:     2 (0.09%)
2021-07-16 14:22:44,488 INFO o.a.j.t.JMeterThread: Thread started: iSource_RaceConditionAuction 1-24
2021-07-16 14:23:00,095 INFO o.a.j.r.Summariser: summary +    166 in 00:00:30 =    5.6/s Avg:  1155 Min:    19 Max: 18782 Err:     0 (0.00%) Active: 10 Started: 24 Finished: 14
2021-07-16 14:23:00,095 INFO o.a.j.r.Summariser: summary =   2330 in 00:07:11 =    5.4/s Avg:  1143 Min:    13 Max: 60269 Err:     2 (0.09%)
2021-07-16 14:23:02,532 INFO o.a.j.t.JMeterThread: Thread started: iSource_RaceConditionAuction 1-25
2021-07-16 14:23:20,574 INFO o.a.j.t.JMeterThread: Thread started: iSource_RaceConditionAuction 1-26
2021-07-16 14:23:30,283 INFO o.a.j.r.Summariser: summary +    127 in 00:00:30 =    4.2/s Avg:  1054 Min:    25 Max: 19310 Err:     0 (0.00%) Active: 12 Started: 26 Finished: 14
2021-07-16 14:23:30,283 INFO o.a.j.r.Summariser: summary =   2457 in 00:07:41 =    5.3/s Avg:  1139 Min:    13 Max: 60269 Err:     2 (0.08%)
2021-07-16 14:23:38,604 INFO o.a.j.t.JMeterThread: Thread started: iSource_RaceConditionAuction 1-27
2021-07-16 14:23:43,600 INFO o.a.j.u.BeanShellTestElement: Loadtest101@zycus.com,PostFix2 RaceCondition_4836,1310645956,1626426349485,1626426949485
2021-07-16 14:23:46,606 INFO o.a.j.t.JMeterThread: Thread is done: iSource_RaceConditionAuction 1-17
2021-07-16 14:23:46,606 INFO o.a.j.t.JMeterThread: Thread finished: iSource_RaceConditionAuction 1-17
2021-07-16 14:23:47,866 INFO o.a.j.t.JMeterThread: Stop Thread detected by thread: iSource_RaceConditionAuction 1-21
2021-07-16 14:23:47,867 INFO o.a.j.t.JMeterThread: Thread finished: iSource_RaceConditionAuction 1-21
2021-07-16 14:23:49,886 INFO o.a.j.t.JMeterThread: Stop Thread detected by thread: iSource_RaceConditionAuction 1-20
2021-07-16 14:23:49,886 INFO o.a.j.t.JMeterThread: Thread finished: iSource_RaceConditionAuction 1-20
2021-07-16 14:23:50,601 INFO o.a.j.t.JMeterThread: Stop Thread detected by thread: iSource_RaceConditionAuction 1-19
2021-07-16 14:23:50,601 INFO o.a.j.t.JMeterThread: Thread finished: iSource_RaceConditionAuction 1-19
2021-07-16 14:23:53,946 INFO o.a.j.t.JMeterThread: Stop Thread detected by thread: iSource_RaceConditionAuction 1-22
2021-07-16 14:23:53,947 INFO o.a.j.t.JMeterThread: Thread finished: iSource_RaceConditionAuction 1-22
2021-07-16 14:23:56,627 INFO o.a.j.t.JMeterThread: Thread started: iSource_RaceConditionAuction 1-28
2021-07-16 14:23:58,168 INFO o.a.j.t.JMeterThread: Stop Thread detected by thread: iSource_RaceConditionAuction 1-15
2021-07-16 14:23:58,168 INFO o.a.j.t.JMeterThread: Thread finished: iSource_RaceConditionAuction 1-15
2021-07-16 14:24:00,228 INFO o.a.j.r.Summariser: summary +    133 in 00:00:30 =    4.4/s Avg:  3430 Min:    31 Max: 60366 Err:     5 (3.76%) Active: 8 Started: 28 Finished: 20
2021-07-16 14:24:00,228 INFO o.a.j.r.Summariser: summary =   2590 in 00:08:11 =    5.3/s Avg:  1256 Min:    13 Max: 60366 Err:     7 (0.27%)
2021-07-16 14:24:02,641 INFO o.a.j.u.BeanShellTestElement: Loadtest101@zycus.com,PostFix2 RaceCondition_558,1310638766,1626426349485,1626426949485
2021-07-16 14:24:05,706 INFO o.a.j.t.JMeterThread: Thread is done: iSource_RaceConditionAuction 1-18
2021-07-16 14:24:05,706 INFO o.a.j.t.JMeterThread: Thread finished: iSource_RaceConditionAuction 1-18
2021-07-16 14:24:13,516 INFO o.a.j.t.JMeterThread: Stop Thread detected by thread: iSource_RaceConditionAuction 1-16
2021-07-16 14:24:13,517 INFO o.a.j.t.JMeterThread: Thread finished: iSource_RaceConditionAuction 1-16
2021-07-16 14:24:14,650 INFO o.a.j.t.JMeterThread: Thread started: iSource_RaceConditionAuction 1-29
2021-07-16 14:24:30,135 INFO o.a.j.r.Summariser: summary +    135 in 00:00:30 =    4.5/s Avg:  1546 Min:    13 Max: 60225 Err:     1 (0.74%) Active: 7 Started: 29 Finished: 22
2021-07-16 14:24:30,136 INFO o.a.j.r.Summariser: summary =   2725 in 00:08:41 =    5.2/s Avg:  1271 Min:    13 Max: 60366 Err:     8 (0.29%)
2021-07-16 14:24:32,674 INFO o.a.j.t.JMeterThread: Thread started: iSource_RaceConditionAuction 1-30
2021-07-16 14:24:50,718 INFO o.a.j.t.JMeterThread: Thread started: iSource_RaceConditionAuction 1-31
2021-07-16 14:25:00,478 INFO o.a.j.r.Summariser: summary +    188 in 00:00:30 =    6.2/s Avg:   942 Min:    15 Max: 18430 Err:     0 (0.00%) Active: 9 Started: 31 Finished: 22
2021-07-16 14:25:00,479 INFO o.a.j.r.Summariser: summary =   2913 in 00:09:11 =    5.3/s Avg:  1249 Min:    13 Max: 60366 Err:     8 (0.27%)
2021-07-16 14:25:08,738 INFO o.a.j.t.JMeterThread: Thread started: iSource_RaceConditionAuction 1-32
2021-07-16 14:25:26,766 INFO o.a.j.t.JMeterThread: Thread started: iSource_RaceConditionAuction 1-33
2021-07-16 14:25:27,830 INFO o.a.j.u.BeanShellTestElement: Loadtest101@zycus.com,PostFix2 RaceCondition_2578,1310637559,1626426349485,1626426949485
2021-07-16 14:25:30,271 INFO o.a.j.r.Summariser: summary +    202 in 00:00:30 =    6.8/s Avg:  1172 Min:    14 Max: 19984 Err:     0 (0.00%) Active: 11 Started: 33 Finished: 22
2021-07-16 14:25:30,271 INFO o.a.j.r.Summariser: summary =   3115 in 00:09:41 =    5.4/s Avg:  1244 Min:    13 Max: 60366 Err:     8 (0.26%)
2021-07-16 14:25:30,843 INFO o.a.j.t.JMeterThread: Thread is done: iSource_RaceConditionAuction 1-23
2021-07-16 14:25:30,843 INFO o.a.j.t.JMeterThread: Thread finished: iSource_RaceConditionAuction 1-23
2021-07-16 14:25:44,778 INFO o.a.j.t.JMeterThread: Thread started: iSource_RaceConditionAuction 1-34
2021-07-16 14:25:46,815 INFO o.a.j.u.BeanShellTestElement: Loadtest101@zycus.com,PostFix2 RaceCondition_2450,1310647956,1626426349485,1626426949485
2021-07-16 14:25:49,834 INFO o.a.j.t.JMeterThread: Thread is done: iSource_RaceConditionAuction 1-24
2021-07-16 14:25:49,834 INFO o.a.j.t.JMeterThread: Thread finished: iSource_RaceConditionAuction 1-24
2021-07-16 14:26:00,018 INFO o.a.j.r.Summariser: summary +    211 in 00:00:30 =    7.1/s Avg:  1133 Min:    21 Max: 19537 Err:     0 (0.00%) Active: 10 Started: 34 Finished: 24
2021-07-16 14:26:00,018 INFO o.a.j.r.Summariser: summary =   3326 in 00:10:10 =    5.4/s Avg:  1237 Min:    13 Max: 60366 Err:     8 (0.24%)
2021-07-16 14:26:02,799 INFO o.a.j.t.JMeterThread: Thread started: iSource_RaceConditionAuction 1-35
2021-07-16 14:26:06,878 INFO o.a.j.u.BeanShellTestElement: Loadtest101@zycus.com,PostFix2 RaceCondition_247,1310648353,1626426349485,1626426949485
2021-07-16 14:26:09,948 INFO o.a.j.t.JMeterThread: Thread is done: iSource_RaceConditionAuction 1-25
2021-07-16 14:26:09,948 INFO o.a.j.t.JMeterThread: Thread finished: iSource_RaceConditionAuction 1-25
2021-07-16 14:26:20,820 INFO o.a.j.t.JMeterThread: Thread started: iSource_RaceConditionAuction 1-36
2021-07-16 14:26:30,269 INFO o.a.j.r.Summariser: summary +    187 in 00:00:30 =    6.2/s Avg:  1011 Min:    14 Max: 19375 Err:     0 (0.00%) Active: 11 Started: 36 Finished: 25
2021-07-16 14:26:30,269 INFO o.a.j.r.Summariser: summary =   3513 in 00:10:41 =    5.5/s Avg:  1225 Min:    13 Max: 60366 Err:     8 (0.23%)
2021-07-16 14:26:38,840 INFO o.a.j.t.JMeterThread: Thread started: iSource_RaceConditionAuction 1-37
2021-07-16 14:26:46,377 INFO o.a.j.u.BeanShellTestElement: Loadtest101@zycus.com,PostFix2 RaceCondition_2727,1310636959,1626426349485,1626426949485
2021-07-16 14:26:49,469 INFO o.a.j.t.JMeterThread: Thread is done: iSource_RaceConditionAuction 1-27
2021-07-16 14:26:49,469 INFO o.a.j.t.JMeterThread: Thread finished: iSource_RaceConditionAuction 1-27
2021-07-16 14:26:56,858 INFO o.a.j.t.JMeterThread: Thread started: iSource_RaceConditionAuction 1-38
2021-07-16 14:27:00,165 INFO o.a.j.r.Summariser: summary +    160 in 00:00:30 =    5.4/s Avg:  1232 Min:    23 Max: 19459 Err:     0 (0.00%) Active: 12 Started: 38 Finished: 26
2021-07-16 14:27:00,166 INFO o.a.j.r.Summariser: summary =   3673 in 00:11:11 =    5.5/s Avg:  1226 Min:    13 Max: 60366 Err:     8 (0.22%)
2021-07-16 14:27:03,629 INFO o.a.j.u.BeanShellTestElement: Loadtest101@zycus.com,PostFix2 RaceCondition_272,1310636960,1626426349485,1626426949485
2021-07-16 14:27:06,126 INFO o.a.j.t.JMeterThread: Stop Thread detected by thread: iSource_RaceConditionAuction 1-26
2021-07-16 14:27:06,126 INFO o.a.j.t.JMeterThread: Thread finished: iSource_RaceConditionAuction 1-26
2021-07-16 14:27:06,639 INFO o.a.j.t.JMeterThread: Thread is done: iSource_RaceConditionAuction 1-28
2021-07-16 14:27:06,639 INFO o.a.j.t.JMeterThread: Thread finished: iSource_RaceConditionAuction 1-28
2021-07-16 14:27:07,185 INFO o.a.j.t.JMeterThread: Stop Thread detected by thread: iSource_RaceConditionAuction 1-31
2021-07-16 14:27:07,186 INFO o.a.j.t.JMeterThread: Thread finished: iSource_RaceConditionAuction 1-31
2021-07-16 14:27:07,479 INFO o.a.j.t.JMeterThread: Stop Thread detected by thread: iSource_RaceConditionAuction 1-32
2021-07-16 14:27:07,479 INFO o.a.j.t.JMeterThread: Thread finished: iSource_RaceConditionAuction 1-32
2021-07-16 14:27:14,878 INFO o.a.j.t.JMeterThread: Thread started: iSource_RaceConditionAuction 1-39
2021-07-16 14:27:20,996 INFO o.a.j.u.BeanShellTestElement: Loadtest101@zycus.com,PostFix2 RaceCondition_2579,1310638160,1626426349485,1626426949485
2021-07-16 14:27:24,069 INFO o.a.j.t.JMeterThread: Thread is done: iSource_RaceConditionAuction 1-29
2021-07-16 14:27:24,069 INFO o.a.j.t.JMeterThread: Thread finished: iSource_RaceConditionAuction 1-29
2021-07-16 14:27:30,737 INFO o.a.j.r.Summariser: summary +    179 in 00:00:31 =    5.9/s Avg:  2158 Min:    16 Max: 60370 Err:     3 (1.68%) Active: 8 Started: 39 Finished: 31
2021-07-16 14:27:30,737 INFO o.a.j.r.Summariser: summary =   3852 in 00:11:41 =    5.5/s Avg:  1269 Min:    13 Max: 60370 Err:    11 (0.29%)
2021-07-16 14:27:32,896 INFO o.a.j.t.JMeterThread: Thread started: iSource_RaceConditionAuction 1-40
2021-07-16 14:27:36,112 INFO o.a.j.u.BeanShellTestElement: Loadtest101@zycus.com,PostFix2 RaceCondition_136,1310648553,1626426349485,1626426949485
2021-07-16 14:27:39,156 INFO o.a.j.t.JMeterThread: Thread is done: iSource_RaceConditionAuction 1-30
2021-07-16 14:27:39,156 INFO o.a.j.t.JMeterThread: Thread finished: iSource_RaceConditionAuction 1-30
2021-07-16 14:27:50,914 INFO o.a.j.t.JMeterThread: Thread started: iSource_RaceConditionAuction 1-41
2021-07-16 14:28:00,131 INFO o.a.j.r.Summariser: summary +    192 in 00:00:29 =    6.5/s Avg:   957 Min:    15 Max: 18994 Err:     0 (0.00%) Active: 9 Started: 41 Finished: 32
2021-07-16 14:28:00,132 INFO o.a.j.r.Summariser: summary =   4044 in 00:12:11 =    5.5/s Avg:  1254 Min:    13 Max: 60370 Err:    11 (0.27%)
2021-07-16 14:28:08,933 INFO o.a.j.t.JMeterThread: Thread started: iSource_RaceConditionAuction 1-42
2021-07-16 14:28:26,950 INFO o.a.j.t.JMeterThread: Thread started: iSource_RaceConditionAuction 1-43
2021-07-16 14:28:30,038 INFO o.a.j.r.Summariser: summary +    172 in 00:00:30 =    5.8/s Avg:  1190 Min:    18 Max: 19233 Err:     0 (0.00%) Active: 11 Started: 43 Finished: 32
2021-07-16 14:28:30,038 INFO o.a.j.r.Summariser: summary =   4216 in 00:12:40 =    5.5/s Avg:  1252 Min:    13 Max: 60370 Err:    11 (0.26%)
2021-07-16 14:28:44,969 INFO o.a.j.t.JMeterThread: Thread started: iSource_RaceConditionAuction 1-44
2021-07-16 14:28:49,748 INFO o.a.j.u.BeanShellTestElement: Loadtest101@zycus.com,PostFix2 RaceCondition_3534,1310638162,1626426349485,1626426949485
2021-07-16 14:28:52,793 INFO o.a.j.t.JMeterThread: Thread is done: iSource_RaceConditionAuction 1-34
2021-07-16 14:28:52,793 INFO o.a.j.t.JMeterThread: Thread finished: iSource_RaceConditionAuction 1-34
2021-07-16 14:29:00,528 INFO o.a.j.r.Summariser: summary +    163 in 00:00:30 =    5.3/s Avg:  1061 Min:    18 Max: 18831 Err:     0 (0.00%) Active: 11 Started: 44 Finished: 33
2021-07-16 14:29:00,528 INFO o.a.j.r.Summariser: summary =   4379 in 00:13:11 =    5.5/s Avg:  1244 Min:    13 Max: 60370 Err:    11 (0.25%)
2021-07-16 14:29:02,987 INFO o.a.j.t.JMeterThread: Thread started: iSource_RaceConditionAuction 1-45
2021-07-16 14:29:08,833 INFO o.a.j.u.BeanShellTestElement: Loadtest101@zycus.com,PostFix2 RaceCondition_586,1310636962,1626426349485,1626426949485
2021-07-16 14:29:11,864 INFO o.a.j.t.JMeterThread: Thread is done: iSource_RaceConditionAuction 1-35
2021-07-16 14:29:11,864 INFO o.a.j.t.JMeterThread: Thread finished: iSource_RaceConditionAuction 1-35
2021-07-16 14:29:16,725 INFO o.a.j.t.JMeterThread: Stop Thread detected by thread: iSource_RaceConditionAuction 1-38
2021-07-16 14:29:16,725 INFO o.a.j.t.JMeterThread: Thread finished: iSource_RaceConditionAuction 1-38
2021-07-16 14:29:19,321 INFO o.a.j.t.JMeterThread: Stop Thread detected by thread: iSource_RaceConditionAuction 1-36
2021-07-16 14:29:19,321 INFO o.a.j.t.JMeterThread: Thread finished: iSource_RaceConditionAuction 1-36
2021-07-16 14:29:21,017 INFO o.a.j.t.JMeterThread: Thread started: iSource_RaceConditionAuction 1-46
2021-07-16 14:29:24,696 INFO o.a.j.t.JMeterThread: Stop Thread detected by thread: iSource_RaceConditionAuction 1-40
2021-07-16 14:29:24,696 INFO o.a.j.t.JMeterThread: Thread finished: iSource_RaceConditionAuction 1-40
2021-07-16 14:29:24,928 INFO o.a.j.t.JMeterThread: Stop Thread detected by thread: iSource_RaceConditionAuction 1-33
2021-07-16 14:29:24,928 INFO o.a.j.t.JMeterThread: Thread finished: iSource_RaceConditionAuction 1-33
2021-07-16 14:29:30,094 INFO o.a.j.r.Summariser: summary +    167 in 00:00:30 =    5.6/s Avg:  2405 Min:    14 Max: 60287 Err:     4 (2.40%) Active: 8 Started: 46 Finished: 38
2021-07-16 14:29:30,095 INFO o.a.j.r.Summariser: summary =   4546 in 00:13:41 =    5.5/s Avg:  1287 Min:    13 Max: 60370 Err:    15 (0.33%)
2021-07-16 14:29:39,033 INFO o.a.j.t.JMeterThread: Thread started: iSource_RaceConditionAuction 1-47
2021-07-16 14:29:39,453 INFO o.a.j.u.BeanShellTestElement: Loadtest101@zycus.com,PostFix2 RaceCondition_4068,1310637561,1626426349485,1626426949485
2021-07-16 14:29:42,535 INFO o.a.j.t.JMeterThread: Thread is done: iSource_RaceConditionAuction 1-37
2021-07-16 14:29:42,535 INFO o.a.j.t.JMeterThread: Thread finished: iSource_RaceConditionAuction 1-37
2021-07-16 14:29:57,053 INFO o.a.j.t.JMeterThread: Thread started: iSource_RaceConditionAuction 1-48
2021-07-16 14:30:00,075 INFO o.a.j.r.Summariser: summary +    174 in 00:00:30 =    5.8/s Avg:  1148 Min:    13 Max: 18854 Err:     0 (0.00%) Active: 9 Started: 48 Finished: 39
2021-07-16 14:30:00,077 INFO o.a.j.r.Summariser: summary =   4720 in 00:14:11 =    5.5/s Avg:  1282 Min:    13 Max: 60370 Err:    15 (0.32%)
2021-07-16 14:30:15,078 INFO o.a.j.t.JMeterThread: Thread started: iSource_RaceConditionAuction 1-49
2021-07-16 14:30:18,086 INFO o.a.j.u.BeanShellTestElement: Loadtest101@zycus.com,PostFix2 RaceCondition_2136,1310647555,1626426349485,1626426949485
2021-07-16 14:30:21,133 INFO o.a.j.t.JMeterThread: Thread is done: iSource_RaceConditionAuction 1-39
2021-07-16 14:30:21,133 INFO o.a.j.t.JMeterThread: Thread finished: iSource_RaceConditionAuction 1-39
2021-07-16 14:30:30,151 INFO o.a.j.r.Summariser: summary +    187 in 00:00:30 =    6.2/s Avg:  1044 Min:    15 Max: 19259 Err:     0 (0.00%) Active: 9 Started: 49 Finished: 40
2021-07-16 14:30:30,152 INFO o.a.j.r.Summariser: summary =   4907 in 00:14:41 =    5.6/s Avg:  1273 Min:    13 Max: 60370 Err:    15 (0.31%)
2021-07-16 14:30:33,091 INFO o.a.j.t.JMeterThread: Thread started: iSource_RaceConditionAuction 1-50
2021-07-16 14:30:51,299 INFO o.a.j.u.BeanShellTestElement: Loadtest101@zycus.com,PostFix2 RaceCondition_4340,1310647156,1626426349485,1626426949485
2021-07-16 14:30:54,394 INFO o.a.j.t.JMeterThread: Thread is done: iSource_RaceConditionAuction 1-41
2021-07-16 14:30:54,394 INFO o.a.j.t.JMeterThread: Thread finished: iSource_RaceConditionAuction 1-41
2021-07-16 14:31:00,261 INFO o.a.j.r.Summariser: summary +    178 in 00:00:30 =    5.9/s Avg:  1097 Min:    45 Max: 18452 Err:     0 (0.00%) Active: 9 Started: 50 Finished: 41
2021-07-16 14:31:00,263 INFO o.a.j.r.Summariser: summary =   5085 in 00:15:11 =    5.6/s Avg:  1267 Min:    13 Max: 60370 Err:    15 (0.29%)
2021-07-16 14:31:07,883 INFO o.a.j.u.BeanShellTestElement: Loadtest101@zycus.com,PostFix2 RaceCondition_4061,1310647355,1626426349485,1626426949485
2021-07-16 14:31:10,902 INFO o.a.j.t.JMeterThread: Thread is done: iSource_RaceConditionAuction 1-42
2021-07-16 14:31:10,902 INFO o.a.j.t.JMeterThread: Thread finished: iSource_RaceConditionAuction 1-42
2021-07-16 14:31:15,306 INFO o.a.j.t.JMeterThread: Stop Thread detected by thread: iSource_RaceConditionAuction 1-45
2021-07-16 14:31:15,306 INFO o.a.j.t.JMeterThread: Thread finished: iSource_RaceConditionAuction 1-45
2021-07-16 14:31:29,803 INFO o.a.j.u.BeanShellTestElement: Loadtest101@zycus.com,PostFix2 RaceCondition_3478,1310639758,1626426349485,1626426949485
2021-07-16 14:31:30,116 INFO o.a.j.r.Summariser: summary +    139 in 00:00:30 =    4.7/s Avg:  1729 Min:   280 Max: 60221 Err:     1 (0.72%) Active: 7 Started: 50 Finished: 43
2021-07-16 14:31:30,116 INFO o.a.j.r.Summariser: summary =   5224 in 00:15:41 =    5.6/s Avg:  1279 Min:    13 Max: 60370 Err:    16 (0.31%)
2021-07-16 14:31:32,820 INFO o.a.j.t.JMeterThread: Thread is done: iSource_RaceConditionAuction 1-43
2021-07-16 14:31:32,820 INFO o.a.j.t.JMeterThread: Thread finished: iSource_RaceConditionAuction 1-43
2021-07-16 14:31:45,287 INFO o.a.j.u.BeanShellTestElement: Loadtest101@zycus.com,PostFix2 RaceCondition_324,1310647356,1626426349485,1626426949485
2021-07-16 14:31:48,309 INFO o.a.j.t.JMeterThread: Thread is done: iSource_RaceConditionAuction 1-44
2021-07-16 14:31:48,309 INFO o.a.j.t.JMeterThread: Thread finished: iSource_RaceConditionAuction 1-44
2021-07-16 14:32:00,472 INFO o.a.j.r.Summariser: summary +    120 in 00:00:30 =    4.0/s Avg:  1066 Min:   320 Max:  3999 Err:     0 (0.00%) Active: 5 Started: 50 Finished: 45
2021-07-16 14:32:00,473 INFO o.a.j.r.Summariser: summary =   5344 in 00:16:11 =    5.5/s Avg:  1274 Min:    13 Max: 60370 Err:    16 (0.30%)
2021-07-16 14:32:23,615 INFO o.a.j.u.BeanShellTestElement: Loadtest101@zycus.com,PostFix2 RaceCondition_2075,1310639360,1626426349485,1626426949485
2021-07-16 14:32:26,632 INFO o.a.j.t.JMeterThread: Thread is done: iSource_RaceConditionAuction 1-46
2021-07-16 14:32:26,632 INFO o.a.j.t.JMeterThread: Thread finished: iSource_RaceConditionAuction 1-46
2021-07-16 14:32:30,560 INFO o.a.j.r.Summariser: summary +    116 in 00:00:30 =    3.9/s Avg:  1043 Min:   273 Max:  3617 Err:     0 (0.00%) Active: 4 Started: 50 Finished: 46
2021-07-16 14:32:30,560 INFO o.a.j.r.Summariser: summary =   5460 in 00:16:41 =    5.5/s Avg:  1269 Min:    13 Max: 60370 Err:    16 (0.29%)
2021-07-16 14:32:45,929 INFO o.a.j.u.BeanShellTestElement: Loadtest101@zycus.com,PostFix2 RaceCondition_1033,1310648354,1626426349485,1626426949485
2021-07-16 14:32:48,936 INFO o.a.j.t.JMeterThread: Thread is done: iSource_RaceConditionAuction 1-47
2021-07-16 14:32:48,936 INFO o.a.j.t.JMeterThread: Thread finished: iSource_RaceConditionAuction 1-47
2021-07-16 14:32:59,160 INFO o.a.j.u.BeanShellTestElement: Loadtest101@zycus.com,PostFix2 RaceCondition_1891,1310648154,1626426349485,1626426949485
2021-07-16 14:33:01,059 INFO o.a.j.r.Summariser: summary +     79 in 00:00:30 =    2.6/s Avg:  1044 Min:   268 Max:  3879 Err:     0 (0.00%) Active: 3 Started: 50 Finished: 47
2021-07-16 14:33:01,059 INFO o.a.j.r.Summariser: summary =   5539 in 00:17:12 =    5.4/s Avg:  1266 Min:    13 Max: 60370 Err:    16 (0.29%)
2021-07-16 14:33:02,248 INFO o.a.j.t.JMeterThread: Thread is done: iSource_RaceConditionAuction 1-48
2021-07-16 14:33:02,248 INFO o.a.j.t.JMeterThread: Thread finished: iSource_RaceConditionAuction 1-48
2021-07-16 14:33:18,882 INFO o.a.j.u.BeanShellTestElement: Loadtest101@zycus.com,PostFix2 RaceCondition_565,1310648953,1626426349485,1626426949485
2021-07-16 14:33:21,896 INFO o.a.j.t.JMeterThread: Thread is done: iSource_RaceConditionAuction 1-49
2021-07-16 14:33:21,896 INFO o.a.j.t.JMeterThread: Thread finished: iSource_RaceConditionAuction 1-49
2021-07-16 14:33:30,399 INFO o.a.j.r.Summariser: summary +     36 in 00:00:29 =    1.2/s Avg:  1248 Min:   255 Max:  3831 Err:     0 (0.00%) Active: 1 Started: 50 Finished: 49
2021-07-16 14:33:30,399 INFO o.a.j.r.Summariser: summary =   5575 in 00:17:41 =    5.3/s Avg:  1266 Min:    13 Max: 60370 Err:    16 (0.29%)
2021-07-16 14:33:37,586 INFO o.a.j.u.BeanShellTestElement: Loadtest101@zycus.com,PostFix2 RaceCondition_175,1310648554,1626426349485,1626426949485
2021-07-16 14:33:40,671 INFO o.a.j.t.JMeterThread: Thread is done: iSource_RaceConditionAuction 1-50
2021-07-16 14:33:40,671 INFO o.a.j.t.JMeterThread: Thread finished: iSource_RaceConditionAuction 1-50
2021-07-16 14:33:40,673 INFO o.a.j.e.StandardJMeterEngine: Notifying test listeners of end of test
2021-07-16 14:33:40,675 INFO o.a.j.r.Summariser: summary +      6 in 00:00:10 =    0.6/s Avg:   682 Min:   351 Max:  1214 Err:     0 (0.00%) Active: 0 Started: 50 Finished: 50
2021-07-16 14:33:40,676 INFO o.a.j.r.Summariser: summary =   5581 in 00:17:51 =    5.2/s Avg:  1265 Min:    13 Max: 60370 Err:    16 (0.29%)
2021-07-16 14:33:40,676 INFO o.a.j.JMeter: Generating Dashboard
2021-07-16 14:33:40,676 INFO o.a.j.r.d.ReportGenerator: Flushing result collector before report Generation
2021-07-16 14:33:40,691 INFO o.a.j.r.p.NormalizerSampleConsumer: Using format, 'ms', to parse timeStamp field
2021-07-16 14:33:40,945 INFO o.a.j.r.p.AbstractSampleConsumer: class org.apache.jmeter.report.processor.AggregateConsumer#stopProducing(): beginDate produced 0 samples
2021-07-16 14:33:40,945 INFO o.a.j.r.p.AbstractSampleConsumer: class org.apache.jmeter.report.processor.AggregateConsumer#stopProducing(): endDate produced 0 samples
2021-07-16 14:33:40,947 INFO o.a.j.r.p.AbstractSampleConsumer: class org.apache.jmeter.report.processor.ApdexSummaryConsumer#stopProducing(): apdexSummary produced 0 samples
2021-07-16 14:33:40,947 INFO o.a.j.r.p.AbstractSampleConsumer: class org.apache.jmeter.report.processor.RequestsSummaryConsumer#stopProducing(): requestsSummary produced 0 samples
2021-07-16 14:33:40,955 INFO o.a.j.r.p.AbstractSampleConsumer: class org.apache.jmeter.report.processor.StatisticsSummaryConsumer#stopProducing(): statisticsSummary produced 0 samples
2021-07-16 14:33:40,959 INFO o.a.j.r.p.AbstractSampleConsumer: class org.apache.jmeter.report.processor.Top5ErrorsBySamplerConsumer#stopProducing(): top5ErrorsBySampler produced 0 samples
2021-07-16 14:33:40,959 INFO o.a.j.r.p.AbstractSampleConsumer: class org.apache.jmeter.report.processor.ErrorsSummaryConsumer#stopProducing(): errorsSummary produced 0 samples
2021-07-16 14:33:40,959 INFO o.a.j.r.p.AbstractSampleConsumer: class org.apache.jmeter.report.processor.graph.impl.HitsPerSecondGraphConsumer#stopProducing(): hitsPerSecond produced 0 samples
2021-07-16 14:33:41,009 INFO o.a.j.r.p.AbstractSampleConsumer: class org.apache.jmeter.report.processor.graph.impl.LatencyVSRequestGraphConsumer#stopProducing(): latencyVsRequest produced 0 samples
2021-07-16 14:33:41,010 INFO o.a.j.r.p.AbstractSampleConsumer: class org.apache.jmeter.report.processor.graph.impl.SyntheticResponseTimeDistributionGraphConsumer#stopProducing(): syntheticResponseTimeDistribution produced 0 samples
2021-07-16 14:33:41,010 INFO o.a.j.r.p.AbstractSampleConsumer: class org.apache.jmeter.report.processor.graph.impl.BytesThroughputGraphConsumer#stopProducing(): bytesThroughputOverTime produced 0 samples
2021-07-16 14:33:41,010 INFO o.a.j.r.p.AbstractSampleConsumer: class org.apache.jmeter.report.processor.graph.impl.CodesPerSecondGraphConsumer#stopProducing(): codesPerSecond produced 0 samples
2021-07-16 14:33:41,036 INFO o.a.j.r.p.AbstractSampleConsumer: class org.apache.jmeter.report.processor.graph.impl.ResponseTimeVSRequestGraphConsumer#stopProducing(): responseTimeVsRequest produced 0 samples
2021-07-16 14:33:41,037 INFO o.a.j.r.p.AbstractSampleConsumer: class org.apache.jmeter.report.processor.FilterConsumer#stopProducing(): startIntervalControlerFilter produced 39067 samples
2021-07-16 14:33:41,037 INFO o.a.j.r.p.AbstractSampleConsumer: class org.apache.jmeter.report.processor.graph.impl.TotalTPSGraphConsumer#stopProducing(): totalTPS produced 0 samples
2021-07-16 14:33:41,037 INFO o.a.j.r.p.AbstractSampleConsumer: class org.apache.jmeter.report.processor.graph.impl.ActiveThreadsGraphConsumer#stopProducing(): activeThreadsOverTime produced 0 samples
2021-07-16 14:33:41,037 INFO o.a.j.r.p.AbstractSampleConsumer: class org.apache.jmeter.report.processor.graph.impl.TimeVSThreadGraphConsumer#stopProducing(): timeVsThreads produced 0 samples
2021-07-16 14:33:41,043 INFO o.a.j.r.p.AbstractSampleConsumer: class org.apache.jmeter.report.processor.graph.impl.ResponseTimeDistributionGraphConsumer#stopProducing(): responseTimeDistribution produced 0 samples
2021-07-16 14:33:41,045 INFO o.a.j.r.p.AbstractSampleConsumer: class org.apache.jmeter.report.processor.graph.impl.TransactionsPerSecondGraphConsumer#stopProducing(): transactionsPerSecond produced 0 samples
2021-07-16 14:33:41,047 INFO o.a.j.r.p.AbstractSampleConsumer: class org.apache.jmeter.report.processor.graph.impl.ResponseTimePercentilesGraphConsumer#stopProducing(): responseTimePercentiles produced 0 samples
2021-07-16 14:33:41,063 INFO o.a.j.r.p.AbstractSampleConsumer: class org.apache.jmeter.report.processor.graph.impl.ResponseTimePercentilesOverTimeGraphConsumer#stopProducing(): responseTimePercentilesOverTime produced 0 samples
2021-07-16 14:33:41,065 INFO o.a.j.r.p.AbstractSampleConsumer: class org.apache.jmeter.report.processor.graph.impl.ResponseTimeOverTimeGraphConsumer#stopProducing(): responseTimesOverTime produced 0 samples
2021-07-16 14:33:41,067 INFO o.a.j.r.p.AbstractSampleConsumer: class org.apache.jmeter.report.processor.graph.impl.ConnectTimeOverTimeGraphConsumer#stopProducing(): connectTimeOverTime produced 0 samples
2021-07-16 14:33:41,068 INFO o.a.j.r.p.AbstractSampleConsumer: class org.apache.jmeter.report.processor.graph.impl.LatencyOverTimeGraphConsumer#stopProducing(): latenciesOverTime produced 0 samples
2021-07-16 14:33:41,072 INFO o.a.j.r.p.AbstractSampleConsumer: class org.apache.jmeter.report.processor.FilterConsumer#stopProducing(): nameFilter produced 95160 samples
2021-07-16 14:33:41,072 INFO o.a.j.r.p.AbstractSampleConsumer: class org.apache.jmeter.report.processor.FilterConsumer#stopProducing(): dateRangeFilter produced 19032 samples
2021-07-16 14:33:41,072 INFO o.a.j.r.p.AbstractSampleConsumer: class org.apache.jmeter.report.processor.NormalizerSampleConsumer#stopProducing(): normalizer produced 6344 samples
2021-07-16 14:33:41,073 INFO o.a.j.r.p.CsvFileSampleSource: produce(): 6344 samples produced in 364ms on channel 0
2021-07-16 14:33:41,073 INFO o.a.j.r.d.ReportGenerator: Exporting data using exporter:'json' of className:'org.apache.jmeter.report.dashboard.JsonExporter'
2021-07-16 14:33:41,077 INFO o.a.j.r.d.JsonExporter: Found data for consumer statisticsSummary in context
2021-07-16 14:33:41,077 INFO o.a.j.r.d.JsonExporter: Creating statistics for overall
2021-07-16 14:33:41,077 INFO o.a.j.r.d.JsonExporter: Creating statistics for other transactions
2021-07-16 14:33:41,078 INFO o.a.j.r.d.JsonExporter: Checking output folder
2021-07-16 14:33:41,080 INFO o.a.j.r.d.JsonExporter: Writing statistics JSON to C:\xampp\htdocs\PerformancePostgres\L0_iSource_50_RaceConditionAuction_2021-07-16_38\statistics.json
2021-07-16 14:33:41,207 INFO o.a.j.r.d.ReportGenerator: Exporting data using exporter:'html' of className:'org.apache.jmeter.report.dashboard.HtmlTemplateExporter'
2021-07-16 14:33:41,209 INFO o.a.j.r.d.HtmlTemplateExporter: Will generate dashboard in folder: C:\xampp\htdocs\PerformancePostgres\L0_iSource_50_RaceConditionAuction_2021-07-16_38
2021-07-16 14:33:41,463 INFO o.a.j.r.d.HtmlTemplateExporter: Report will be generated in: C:\xampp\htdocs\PerformancePostgres\L0_iSource_50_RaceConditionAuction_2021-07-16_38, creating folder structure
2021-07-16 14:33:41,466 INFO o.a.j.r.d.TemplateVisitor: Copying folder from 'D:\apache-jmeter-5.1\apache-jmeter-5.1\bin\report-template' to 'C:\xampp\htdocs\PerformancePostgres\L0_iSource_50_RaceConditionAuction_2021-07-16_38', got message:[C:\xampp\htdocs\PerformancePostgres\L0_iSource_50_RaceConditionAuction_2021-07-16_38\statistics.json], found non empty folder with following content {}, will be ignored
2021-07-16 14:33:42,188 INFO o.a.j.JMeter: Dashboard generated
