2021-07-16 11:10:48,738 INFO o.a.j.u.JMeterUtils: Setting Locale to en_EN
2021-07-16 11:10:48,748 INFO o.a.j.JMeter: Loading user properties from: user.properties
2021-07-16 11:10:48,749 INFO o.a.j.JMeter: Loading system properties from: system.properties
2021-07-16 11:10:48,749 INFO o.a.j.JMeter: Setting JMeter property: meter.reportgenerator.report_title=RaceConditionAuction
2021-07-16 11:10:48,749 INFO o.a.j.JMeter: Setting JMeter property: thread=50
2021-07-16 11:10:48,749 INFO o.a.j.JMeter: Setting JMeter property: rampup=900
2021-07-16 11:10:48,753 INFO o.a.j.JMeter: Copyright (c) 1998-2019 The Apache Software Foundation
2021-07-16 11:10:48,753 INFO o.a.j.JMeter: Version 5.1 r1853635
2021-07-16 11:10:48,754 INFO o.a.j.JMeter: java.version=1.8.0_121
2021-07-16 11:10:48,754 INFO o.a.j.JMeter: java.vm.name=Java HotSpot(TM) 64-Bit Server VM
2021-07-16 11:10:48,754 INFO o.a.j.JMeter: os.name=Windows 10
2021-07-16 11:10:48,754 INFO o.a.j.JMeter: os.arch=amd64
2021-07-16 11:10:48,754 INFO o.a.j.JMeter: os.version=10.0
2021-07-16 11:10:48,754 INFO o.a.j.JMeter: file.encoding=Cp1252
2021-07-16 11:10:48,754 INFO o.a.j.JMeter: java.awt.headless=true
2021-07-16 11:10:48,754 INFO o.a.j.JMeter: Max memory     =8589934592
2021-07-16 11:10:48,754 INFO o.a.j.JMeter: Available Processors =6
2021-07-16 11:10:48,757 INFO o.a.j.JMeter: Default Locale=English (EN)
2021-07-16 11:10:48,757 INFO o.a.j.JMeter: JMeter  Locale=English (EN)
2021-07-16 11:10:48,757 INFO o.a.j.JMeter: JMeterHome=D:\apache-jmeter-5.1\apache-jmeter-5.1
2021-07-16 11:10:48,757 INFO o.a.j.JMeter: user.dir  =D:\apache-jmeter-5.1\apache-jmeter-5.1\bin
2021-07-16 11:10:48,757 INFO o.a.j.JMeter: PWD       =D:\apache-jmeter-5.1\apache-jmeter-5.1\bin
2021-07-16 11:10:48,758 INFO o.a.j.JMeter: IP: 172.30.225.123 Name: ZIPLSY2278 FullName: ZIPLSY2278.zycus.net
2021-07-16 11:10:48,760 INFO o.a.j.JMeter: Setting property 'jmeter.reportgenerator.outputdir' to:'C:\xampp\htdocs\PerformancePostgres\L0_iSource_50_RaceConditionAuction_2021-07-16_34'
2021-07-16 11:10:48,762 INFO o.a.j.s.FileServer: Default base='D:\apache-jmeter-5.1\apache-jmeter-5.1\bin'
2021-07-16 11:10:48,765 INFO o.a.j.s.FileServer: Set new base='D:\PostrgresMigration\iSource'
2021-07-16 11:10:48,860 INFO o.a.j.s.SaveService: Testplan (JMX) version: 2.2. Testlog (JTL) version: 2.2
2021-07-16 11:10:48,870 INFO o.a.j.s.SaveService: Using SaveService properties file encoding UTF-8
2021-07-16 11:10:48,873 INFO o.a.j.s.SaveService: Using SaveService properties version 5.0
2021-07-16 11:10:48,878 INFO o.a.j.s.SaveService: Loading file: D:\PostrgresMigration\iSource\iSource_RaceConditionAuction.jmx
2021-07-16 11:10:48,938 INFO o.a.j.p.h.c.CookieManager: Settings: Delete null: true Check: true Allow variable: true Save: false Prefix: COOKIE_
2021-07-16 11:10:48,943 INFO o.a.j.p.h.c.CacheManager: Will only cache the following methods: [GET]
2021-07-16 11:10:48,952 INFO o.a.j.p.h.s.HTTPSamplerBase: Parser for text/html is org.apache.jmeter.protocol.http.parser.LagartoBasedHtmlParser
2021-07-16 11:10:48,952 INFO o.a.j.p.h.s.HTTPSamplerBase: Parser for application/xhtml+xml is org.apache.jmeter.protocol.http.parser.LagartoBasedHtmlParser
2021-07-16 11:10:48,952 INFO o.a.j.p.h.s.HTTPSamplerBase: Parser for application/xml is org.apache.jmeter.protocol.http.parser.LagartoBasedHtmlParser
2021-07-16 11:10:48,952 INFO o.a.j.p.h.s.HTTPSamplerBase: Parser for text/xml is org.apache.jmeter.protocol.http.parser.LagartoBasedHtmlParser
2021-07-16 11:10:48,952 INFO o.a.j.p.h.s.HTTPSamplerBase: Parser for text/vnd.wap.wml is org.apache.jmeter.protocol.http.parser.RegexpHTMLParser
2021-07-16 11:10:48,952 INFO o.a.j.p.h.s.HTTPSamplerBase: Parser for text/css is org.apache.jmeter.protocol.http.parser.CssParser
2021-07-16 11:10:49,139 INFO o.a.j.JMeter: Creating summariser <summary>
2021-07-16 11:10:49,144 INFO o.a.j.r.d.ReportGenerator: ReportGenerator will use for Parsing the separator: ','
2021-07-16 11:10:49,145 INFO o.a.j.r.d.ReportGenerator: Will generate report at end of test from  results file: D:\PostrgresMigration\iSource\JTL\L0_iSource_50_RaceConditionAuction_2021-07-16_34.jtl
2021-07-16 11:10:49,145 INFO o.a.j.r.d.ReportGenerator: Reading report generator properties from: D:\apache-jmeter-5.1\apache-jmeter-5.1\bin\reportgenerator.properties
2021-07-16 11:10:49,145 INFO o.a.j.r.d.ReportGenerator: Merging with JMeter properties
2021-07-16 11:10:49,151 INFO o.a.j.r.c.ReportGeneratorConfiguration: Property 'jmeter.reportgenerator.temp_dir' not found, using default value 'temp' instead.
2021-07-16 11:10:49,153 INFO o.a.j.r.c.ReportGeneratorConfiguration: Property 'jmeter.reportgenerator.apdex_per_transaction' not found, using default value 'null' instead.
2021-07-16 11:10:49,153 INFO o.a.j.r.c.ReportGeneratorConfiguration: apdex_per_transaction : {} is empty, not APDEX per transaction customization
2021-07-16 11:10:49,153 INFO o.a.j.r.c.ReportGeneratorConfiguration: Property 'jmeter.reportgenerator.sample_filter' not found, using default value 'null' instead.
2021-07-16 11:10:49,153 INFO o.a.j.r.c.ReportGeneratorConfiguration: Property 'jmeter.reportgenerator.report_title' not found, using default value 'null' instead.
2021-07-16 11:10:49,153 INFO o.a.j.r.c.ReportGeneratorConfiguration: Property 'jmeter.reportgenerator.start_date' not found, using default value 'null' instead.
2021-07-16 11:10:49,153 INFO o.a.j.r.c.ReportGeneratorConfiguration: Property 'jmeter.reportgenerator.end_date' not found, using default value 'null' instead.
2021-07-16 11:10:49,153 INFO o.a.j.r.c.ReportGeneratorConfiguration: Property 'jmeter.reportgenerator.date_format' not found, using default value 'null' instead.
2021-07-16 11:10:49,154 INFO o.a.j.r.c.ReportGeneratorConfiguration: Will use date range start date: null, end date: null
2021-07-16 11:10:49,158 INFO o.a.j.r.c.ReportGeneratorConfiguration: Property 'jmeter.reportgenerator.graph.totalTPS.exclude_controllers' not found, using default value 'false' instead.
2021-07-16 11:10:49,158 INFO o.a.j.r.c.ReportGeneratorConfiguration: Property 'jmeter.reportgenerator.graph.activeThreadsOverTime.exclude_controllers' not found, using default value 'false' instead.
2021-07-16 11:10:49,158 INFO o.a.j.r.c.ReportGeneratorConfiguration: Property 'jmeter.reportgenerator.graph.timeVsThreads.exclude_controllers' not found, using default value 'false' instead.
2021-07-16 11:10:49,158 INFO o.a.j.r.c.ReportGeneratorConfiguration: Property 'jmeter.reportgenerator.graph.responseTimeDistribution.exclude_controllers' not found, using default value 'false' instead.
2021-07-16 11:10:49,158 INFO o.a.j.r.c.ReportGeneratorConfiguration: Property 'jmeter.reportgenerator.graph.transactionsPerSecond.exclude_controllers' not found, using default value 'false' instead.
2021-07-16 11:10:49,158 INFO o.a.j.r.c.ReportGeneratorConfiguration: Property 'jmeter.reportgenerator.graph.responseTimePercentiles.exclude_controllers' not found, using default value 'false' instead.
2021-07-16 11:10:49,158 INFO o.a.j.r.c.ReportGeneratorConfiguration: Property 'jmeter.reportgenerator.graph.responseTimePercentilesOverTime.exclude_controllers' not found, using default value 'false' instead.
2021-07-16 11:10:49,158 INFO o.a.j.r.c.ReportGeneratorConfiguration: Property 'jmeter.reportgenerator.graph.responseTimesOverTime.exclude_controllers' not found, using default value 'false' instead.
2021-07-16 11:10:49,159 INFO o.a.j.r.c.ReportGeneratorConfiguration: Property 'jmeter.reportgenerator.graph.connectTimeOverTime.exclude_controllers' not found, using default value 'false' instead.
2021-07-16 11:10:49,159 INFO o.a.j.r.c.ReportGeneratorConfiguration: Property 'jmeter.reportgenerator.graph.latenciesOverTime.exclude_controllers' not found, using default value 'false' instead.
2021-07-16 11:10:49,159 INFO o.a.j.r.c.ReportGeneratorConfiguration: Property 'jmeter.reportgenerator.exporter.json.filters_only_sample_series' not found, using default value 'true' instead.
2021-07-16 11:10:49,160 INFO o.a.j.r.c.ReportGeneratorConfiguration: Property 'jmeter.reportgenerator.exporter.json.series_filter' not found, using default value '' instead.
2021-07-16 11:10:49,160 INFO o.a.j.r.c.ReportGeneratorConfiguration: Property 'jmeter.reportgenerator.exporter.json.show_controllers_only' not found, using default value 'false' instead.
2021-07-16 11:10:49,160 INFO o.a.j.r.c.ReportGeneratorConfiguration: Property 'jmeter.reportgenerator.exporter.html.filters_only_sample_series' not found, using default value 'true' instead.
2021-07-16 11:10:49,160 INFO o.a.j.r.c.ReportGeneratorConfiguration: Property 'jmeter.reportgenerator.exporter.html.series_filter' not found, using default value '' instead.
2021-07-16 11:10:49,160 INFO o.a.j.r.c.ReportGeneratorConfiguration: Property 'jmeter.reportgenerator.exporter.html.show_controllers_only' not found, using default value 'false' instead.
2021-07-16 11:10:49,171 INFO o.a.j.e.StandardJMeterEngine: Running the test!
2021-07-16 11:10:49,172 INFO o.a.j.s.SampleEvent: List of sample_variables: []
2021-07-16 11:10:49,172 INFO o.a.j.s.SampleEvent: List of sample_variables: []
2021-07-16 11:10:49,179 INFO o.a.j.e.u.CompoundVariable: Note: Function class names must contain the string: '.functions.'
2021-07-16 11:10:49,179 INFO o.a.j.e.u.CompoundVariable: Note: Function class names must not contain the string: '.gui.'
2021-07-16 11:10:49,516 INFO o.a.j.JMeter: Running test (1626414049516)
2021-07-16 11:10:49,576 INFO o.a.j.e.StandardJMeterEngine: Starting ThreadGroup: 1 : iSource_RaceConditionAuction
2021-07-16 11:10:49,576 INFO o.a.j.e.StandardJMeterEngine: Starting 50 threads for group iSource_RaceConditionAuction.
2021-07-16 11:10:49,576 INFO o.a.j.e.StandardJMeterEngine: Thread will stop on error
2021-07-16 11:10:49,576 INFO o.a.j.t.ThreadGroup: Starting thread group... number=1 threads=50 ramp-up=900 perThread=18000.0 delayedStart=false
2021-07-16 11:10:49,606 INFO o.a.j.s.SampleResult: Note: Sample TimeStamps are START times
2021-07-16 11:10:49,606 INFO o.a.j.s.SampleResult: sampleresult.default.encoding is set to ISO-8859-1
2021-07-16 11:10:49,606 INFO o.a.j.s.SampleResult: sampleresult.useNanoTime=true
2021-07-16 11:10:49,606 INFO o.a.j.s.SampleResult: sampleresult.nanoThreadSleep=5000
2021-07-16 11:10:49,611 INFO o.a.j.t.JMeterThread: Thread started: iSource_RaceConditionAuction 1-1
2021-07-16 11:10:49,638 INFO o.a.j.p.h.s.HTTPHCAbstractImpl: Local host = ZIPLSY2278
2021-07-16 11:10:49,645 INFO o.a.j.p.h.s.HTTPHC4Impl: HTTP request retry count = 0
2021-07-16 11:10:49,736 INFO o.a.j.p.h.s.h.LazyLayeredConnectionSocketFactory: Setting up HTTPS TrustAll Socket Factory
2021-07-16 11:10:49,741 INFO o.a.j.u.JsseSSLManager: Using default SSL protocol: TLS
2021-07-16 11:10:49,741 INFO o.a.j.u.JsseSSLManager: SSL session context: per-thread
2021-07-16 11:10:50,257 INFO o.a.j.u.SSLManager: JmeterKeyStore Location:  type JKS
2021-07-16 11:10:50,260 INFO o.a.j.u.SSLManager: KeyStore created OK
2021-07-16 11:10:50,260 WARN o.a.j.u.SSLManager: Keystore file not found, loading empty keystore
2021-07-16 11:10:50,876 INFO o.a.j.t.ThreadGroup: Started thread group number 1
2021-07-16 11:10:50,876 INFO o.a.j.e.StandardJMeterEngine: All thread groups have been started
2021-07-16 11:11:00,036 INFO o.a.j.r.Summariser: summary +     21 in 00:00:11 =    2.0/s Avg:   392 Min:    20 Max:  1391 Err:     0 (0.00%) Active: 1 Started: 1 Finished: 0
2021-07-16 11:11:07,646 INFO o.a.j.t.JMeterThread: Thread started: iSource_RaceConditionAuction 1-2
2021-07-16 11:11:25,693 INFO o.a.j.t.JMeterThread: Thread started: iSource_RaceConditionAuction 1-3
2021-07-16 11:11:30,194 INFO o.a.j.r.Summariser: summary +     44 in 00:00:30 =    1.5/s Avg:   910 Min:    16 Max: 18749 Err:     0 (0.00%) Active: 3 Started: 3 Finished: 0
2021-07-16 11:11:30,194 INFO o.a.j.r.Summariser: summary =     65 in 00:00:41 =    1.6/s Avg:   743 Min:    16 Max: 18749 Err:     0 (0.00%)
2021-07-16 11:11:43,734 INFO o.a.j.t.JMeterThread: Thread started: iSource_RaceConditionAuction 1-4
2021-07-16 11:12:00,809 INFO o.a.j.r.Summariser: summary +     80 in 00:00:31 =    2.6/s Avg:  1001 Min:    14 Max: 19967 Err:     0 (0.00%) Active: 4 Started: 4 Finished: 0
2021-07-16 11:12:00,809 INFO o.a.j.r.Summariser: summary =    145 in 00:01:11 =    2.0/s Avg:   885 Min:    14 Max: 19967 Err:     0 (0.00%)
2021-07-16 11:12:01,761 INFO o.a.j.t.JMeterThread: Thread started: iSource_RaceConditionAuction 1-5
2021-07-16 11:12:19,787 INFO o.a.j.t.JMeterThread: Thread started: iSource_RaceConditionAuction 1-6
2021-07-16 11:12:30,234 INFO o.a.j.r.Summariser: summary +    121 in 00:00:29 =    4.1/s Avg:   983 Min:    11 Max: 18636 Err:     0 (0.00%) Active: 6 Started: 6 Finished: 0
2021-07-16 11:12:30,235 INFO o.a.j.r.Summariser: summary =    266 in 00:01:41 =    2.6/s Avg:   930 Min:    11 Max: 19967 Err:     0 (0.00%)
2021-07-16 11:12:37,813 INFO o.a.j.t.JMeterThread: Thread started: iSource_RaceConditionAuction 1-7
2021-07-16 11:12:55,838 INFO o.a.j.t.JMeterThread: Thread started: iSource_RaceConditionAuction 1-8
2021-07-16 11:13:00,089 INFO o.a.j.r.Summariser: summary +    188 in 00:00:30 =    6.3/s Avg:   737 Min:    13 Max: 19263 Err:     0 (0.00%) Active: 8 Started: 8 Finished: 0
2021-07-16 11:13:00,089 INFO o.a.j.r.Summariser: summary =    454 in 00:02:11 =    3.5/s Avg:   850 Min:    11 Max: 19967 Err:     0 (0.00%)
2021-07-16 11:13:13,863 INFO o.a.j.t.JMeterThread: Thread started: iSource_RaceConditionAuction 1-9
2021-07-16 11:13:18,489 INFO o.a.j.u.BeanShellTestElement: Loadtest101@zycus.com,PostFix RaceCondition_1337,1310635953,1626415249456,1626415849456
2021-07-16 11:13:21,509 INFO o.a.j.t.JMeterThread: Thread is done: iSource_RaceConditionAuction 1-1
2021-07-16 11:13:21,509 INFO o.a.j.t.JMeterThread: Thread finished: iSource_RaceConditionAuction 1-1
2021-07-16 11:13:30,008 INFO o.a.j.r.Summariser: summary +    221 in 00:00:30 =    7.4/s Avg:   819 Min:    15 Max: 18484 Err:     0 (0.00%) Active: 8 Started: 9 Finished: 1
2021-07-16 11:13:30,008 INFO o.a.j.r.Summariser: summary =    675 in 00:02:40 =    4.2/s Avg:   840 Min:    11 Max: 19967 Err:     0 (0.00%)
2021-07-16 11:13:31,889 INFO o.a.j.t.JMeterThread: Thread started: iSource_RaceConditionAuction 1-10
2021-07-16 11:13:34,483 INFO o.a.j.u.BeanShellTestElement: Loadtest101@zycus.com,PostFix RaceCondition_2686,1310636153,1626415249456,1626415849456
2021-07-16 11:13:37,509 INFO o.a.j.t.JMeterThread: Thread is done: iSource_RaceConditionAuction 1-2
2021-07-16 11:13:37,509 INFO o.a.j.t.JMeterThread: Thread finished: iSource_RaceConditionAuction 1-2
2021-07-16 11:13:49,917 INFO o.a.j.t.JMeterThread: Thread started: iSource_RaceConditionAuction 1-11
2021-07-16 11:13:54,700 INFO o.a.j.u.BeanShellTestElement: Loadtest101@zycus.com,PostFix RaceCondition_955,1310636353,1626415249456,1626415849456
2021-07-16 11:13:57,792 INFO o.a.j.t.JMeterThread: Thread is done: iSource_RaceConditionAuction 1-3
2021-07-16 11:13:57,792 INFO o.a.j.t.JMeterThread: Thread finished: iSource_RaceConditionAuction 1-3
2021-07-16 11:14:00,058 INFO o.a.j.r.Summariser: summary +    210 in 00:00:30 =    7.0/s Avg:   787 Min:    11 Max: 18376 Err:     0 (0.00%) Active: 8 Started: 11 Finished: 3
2021-07-16 11:14:00,059 INFO o.a.j.r.Summariser: summary =    885 in 00:03:11 =    4.6/s Avg:   827 Min:    11 Max: 19967 Err:     0 (0.00%)
2021-07-16 11:14:07,946 INFO o.a.j.t.JMeterThread: Thread started: iSource_RaceConditionAuction 1-12
2021-07-16 11:14:09,892 INFO o.a.j.u.BeanShellTestElement: Loadtest101@zycus.com,PostFix RaceCondition_4016,1310636154,1626415249456,1626415849456
2021-07-16 11:14:12,926 INFO o.a.j.t.JMeterThread: Thread is done: iSource_RaceConditionAuction 1-4
2021-07-16 11:14:12,927 INFO o.a.j.t.JMeterThread: Thread finished: iSource_RaceConditionAuction 1-4
2021-07-16 11:14:25,974 INFO o.a.j.t.JMeterThread: Thread started: iSource_RaceConditionAuction 1-13
2021-07-16 11:14:29,406 INFO o.a.j.u.BeanShellTestElement: Loadtest101@zycus.com,PostFix RaceCondition_2426,1310635754,1626415249456,1626415849456
2021-07-16 11:14:30,027 INFO o.a.j.r.Summariser: summary +    228 in 00:00:30 =    7.6/s Avg:   846 Min:    15 Max: 19778 Err:     0 (0.00%) Active: 9 Started: 13 Finished: 4
2021-07-16 11:14:30,028 INFO o.a.j.r.Summariser: summary =   1113 in 00:03:41 =    5.0/s Avg:   831 Min:    11 Max: 19967 Err:     0 (0.00%)
2021-07-16 11:14:32,411 INFO o.a.j.t.JMeterThread: Thread is done: iSource_RaceConditionAuction 1-5
2021-07-16 11:14:32,411 INFO o.a.j.t.JMeterThread: Thread finished: iSource_RaceConditionAuction 1-5
2021-07-16 11:14:44,000 INFO o.a.j.t.JMeterThread: Thread started: iSource_RaceConditionAuction 1-14
2021-07-16 11:14:46,893 INFO o.a.j.u.BeanShellTestElement: Loadtest101@zycus.com,PostFix RaceCondition_1913,1310635954,1626415249456,1626415849456
2021-07-16 11:14:49,981 INFO o.a.j.t.JMeterThread: Thread is done: iSource_RaceConditionAuction 1-6
2021-07-16 11:14:49,981 INFO o.a.j.t.JMeterThread: Thread finished: iSource_RaceConditionAuction 1-6
2021-07-16 11:15:00,141 INFO o.a.j.r.Summariser: summary +    221 in 00:00:30 =    7.3/s Avg:   801 Min:    19 Max: 18922 Err:     0 (0.00%) Active: 8 Started: 14 Finished: 6
2021-07-16 11:15:00,142 INFO o.a.j.r.Summariser: summary =   1334 in 00:04:11 =    5.3/s Avg:   826 Min:    11 Max: 19967 Err:     0 (0.00%)
2021-07-16 11:15:02,026 INFO o.a.j.t.JMeterThread: Thread started: iSource_RaceConditionAuction 1-15
2021-07-16 11:15:05,811 INFO o.a.j.u.BeanShellTestElement: Loadtest101@zycus.com,PostFix RaceCondition_316,1310636553,1626415249456,1626415849456
2021-07-16 11:15:08,869 INFO o.a.j.t.JMeterThread: Thread is done: iSource_RaceConditionAuction 1-7
2021-07-16 11:15:08,869 INFO o.a.j.t.JMeterThread: Thread finished: iSource_RaceConditionAuction 1-7
2021-07-16 11:15:20,058 INFO o.a.j.t.JMeterThread: Thread started: iSource_RaceConditionAuction 1-16
2021-07-16 11:15:22,119 INFO o.a.j.u.BeanShellTestElement: Loadtest101@zycus.com,PostFix RaceCondition_623,1310636753,1626415249456,1626415849456
2021-07-16 11:15:25,186 INFO o.a.j.t.JMeterThread: Thread is done: iSource_RaceConditionAuction 1-8
2021-07-16 11:15:25,186 INFO o.a.j.t.JMeterThread: Thread finished: iSource_RaceConditionAuction 1-8
2021-07-16 11:15:30,236 INFO o.a.j.r.Summariser: summary +    218 in 00:00:30 =    7.2/s Avg:   843 Min:    14 Max: 18798 Err:     0 (0.00%) Active: 8 Started: 16 Finished: 8
2021-07-16 11:15:30,237 INFO o.a.j.r.Summariser: summary =   1552 in 00:04:41 =    5.5/s Avg:   829 Min:    11 Max: 19967 Err:     0 (0.00%)
2021-07-16 11:15:38,082 INFO o.a.j.t.JMeterThread: Thread started: iSource_RaceConditionAuction 1-17
2021-07-16 11:15:38,438 INFO o.a.j.u.BeanShellTestElement: Loadtest101@zycus.com,PostFix RaceCondition_4012,1310636953,1626415249456,1626415849456
2021-07-16 11:15:41,497 INFO o.a.j.t.JMeterThread: Thread is done: iSource_RaceConditionAuction 1-9
2021-07-16 11:15:41,497 INFO o.a.j.t.JMeterThread: Thread finished: iSource_RaceConditionAuction 1-9
2021-07-16 11:15:56,115 INFO o.a.j.t.JMeterThread: Thread started: iSource_RaceConditionAuction 1-18
2021-07-16 11:15:58,355 INFO o.a.j.u.BeanShellTestElement: Loadtest101@zycus.com,PostFix RaceCondition_2569,1310635955,1626415249456,1626415849456
2021-07-16 11:16:00,013 INFO o.a.j.r.Summariser: summary +    221 in 00:00:30 =    7.4/s Avg:   756 Min:    15 Max: 19707 Err:     0 (0.00%) Active: 9 Started: 18 Finished: 9
2021-07-16 11:16:00,013 INFO o.a.j.r.Summariser: summary =   1773 in 00:05:10 =    5.7/s Avg:   820 Min:    11 Max: 19967 Err:     0 (0.00%)
2021-07-16 11:16:01,431 INFO o.a.j.t.JMeterThread: Thread is done: iSource_RaceConditionAuction 1-10
2021-07-16 11:16:01,431 INFO o.a.j.t.JMeterThread: Thread finished: iSource_RaceConditionAuction 1-10
2021-07-16 11:16:14,142 INFO o.a.j.t.JMeterThread: Thread started: iSource_RaceConditionAuction 1-19
2021-07-16 11:16:17,371 INFO o.a.j.u.BeanShellTestElement: Loadtest101@zycus.com,PostFix RaceCondition_541,1310637153,1626415249456,1626415849456
2021-07-16 11:16:20,481 INFO o.a.j.t.JMeterThread: Thread is done: iSource_RaceConditionAuction 1-11
2021-07-16 11:16:20,481 INFO o.a.j.t.JMeterThread: Thread finished: iSource_RaceConditionAuction 1-11
2021-07-16 11:16:30,143 INFO o.a.j.r.Summariser: summary +    222 in 00:00:30 =    7.4/s Avg:   810 Min:    16 Max: 19485 Err:     0 (0.00%) Active: 8 Started: 19 Finished: 11
2021-07-16 11:16:30,144 INFO o.a.j.r.Summariser: summary =   1995 in 00:05:41 =    5.9/s Avg:   818 Min:    11 Max: 19967 Err:     0 (0.00%)
2021-07-16 11:16:32,168 INFO o.a.j.t.JMeterThread: Thread started: iSource_RaceConditionAuction 1-20
2021-07-16 11:16:32,962 INFO o.a.j.u.BeanShellTestElement: Loadtest101@zycus.com,PostFix RaceCondition_2677,1310637353,1626415249456,1626415849456
2021-07-16 11:16:36,021 INFO o.a.j.t.JMeterThread: Thread is done: iSource_RaceConditionAuction 1-12
2021-07-16 11:16:36,021 INFO o.a.j.t.JMeterThread: Thread finished: iSource_RaceConditionAuction 1-12
2021-07-16 11:16:49,965 INFO o.a.j.u.BeanShellTestElement: Loadtest101@zycus.com,PostFix RaceCondition_4064,1310637553,1626415249456,1626415849456
2021-07-16 11:16:50,193 INFO o.a.j.t.JMeterThread: Thread started: iSource_RaceConditionAuction 1-21
2021-07-16 11:16:53,040 INFO o.a.j.t.JMeterThread: Thread is done: iSource_RaceConditionAuction 1-13
2021-07-16 11:16:53,040 INFO o.a.j.t.JMeterThread: Thread finished: iSource_RaceConditionAuction 1-13
2021-07-16 11:17:00,266 INFO o.a.j.r.Summariser: summary +    214 in 00:00:30 =    7.1/s Avg:   845 Min:    17 Max: 19097 Err:     0 (0.00%) Active: 8 Started: 21 Finished: 13
2021-07-16 11:17:00,266 INFO o.a.j.r.Summariser: summary =   2209 in 00:06:11 =    6.0/s Avg:   821 Min:    11 Max: 19967 Err:     0 (0.00%)
2021-07-16 11:17:08,216 INFO o.a.j.t.JMeterThread: Thread started: iSource_RaceConditionAuction 1-22
2021-07-16 11:17:10,124 INFO o.a.j.u.BeanShellTestElement: Loadtest101@zycus.com,PostFix RaceCondition_4351,1310636554,1626415249456,1626415849456
2021-07-16 11:17:13,218 INFO o.a.j.t.JMeterThread: Thread is done: iSource_RaceConditionAuction 1-14
2021-07-16 11:17:13,218 INFO o.a.j.t.JMeterThread: Thread finished: iSource_RaceConditionAuction 1-14
2021-07-16 11:17:26,243 INFO o.a.j.t.JMeterThread: Thread started: iSource_RaceConditionAuction 1-23
2021-07-16 11:17:28,840 INFO o.a.j.u.BeanShellTestElement: Loadtest101@zycus.com,PostFix RaceCondition_3206,1310635554,1626415249456,1626415849456
2021-07-16 11:17:30,216 INFO o.a.j.r.Summariser: summary +    225 in 00:00:30 =    7.5/s Avg:   750 Min:    14 Max: 18171 Err:     0 (0.00%) Active: 9 Started: 23 Finished: 14
2021-07-16 11:17:30,216 INFO o.a.j.r.Summariser: summary =   2434 in 00:06:41 =    6.1/s Avg:   814 Min:    11 Max: 19967 Err:     0 (0.00%)
2021-07-16 11:17:31,870 INFO o.a.j.t.JMeterThread: Thread is done: iSource_RaceConditionAuction 1-15
2021-07-16 11:17:31,870 INFO o.a.j.t.JMeterThread: Thread finished: iSource_RaceConditionAuction 1-15
2021-07-16 11:17:44,271 INFO o.a.j.t.JMeterThread: Thread started: iSource_RaceConditionAuction 1-24
2021-07-16 11:17:47,089 INFO o.a.j.u.BeanShellTestElement: Loadtest101@zycus.com,PostFix RaceCondition_3861,1310636754,1626415249456,1626415849456
2021-07-16 11:17:50,107 INFO o.a.j.t.JMeterThread: Thread is done: iSource_RaceConditionAuction 1-16
2021-07-16 11:17:50,107 INFO o.a.j.t.JMeterThread: Thread finished: iSource_RaceConditionAuction 1-16
2021-07-16 11:18:00,322 INFO o.a.j.r.Summariser: summary +    210 in 00:00:30 =    7.0/s Avg:   860 Min:    14 Max: 19464 Err:     0 (0.00%) Active: 8 Started: 24 Finished: 16
2021-07-16 11:18:00,322 INFO o.a.j.r.Summariser: summary =   2644 in 00:07:11 =    6.1/s Avg:   818 Min:    11 Max: 19967 Err:     0 (0.00%)
2021-07-16 11:18:02,295 INFO o.a.j.t.JMeterThread: Thread started: iSource_RaceConditionAuction 1-25
2021-07-16 11:18:07,095 INFO o.a.j.u.BeanShellTestElement: Loadtest101@zycus.com,PostFix RaceCondition_1801,1310636555,1626415249456,1626415849456
2021-07-16 11:18:10,181 INFO o.a.j.t.JMeterThread: Thread is done: iSource_RaceConditionAuction 1-17
2021-07-16 11:18:10,181 INFO o.a.j.t.JMeterThread: Thread finished: iSource_RaceConditionAuction 1-17
2021-07-16 11:18:20,321 INFO o.a.j.t.JMeterThread: Thread started: iSource_RaceConditionAuction 1-26
2021-07-16 11:18:24,959 INFO o.a.j.u.BeanShellTestElement: Loadtest101@zycus.com,PostFix RaceCondition_67,1310635354,1626415249456,1626415849456
2021-07-16 11:18:28,031 INFO o.a.j.t.JMeterThread: Thread is done: iSource_RaceConditionAuction 1-18
2021-07-16 11:18:28,031 INFO o.a.j.t.JMeterThread: Thread finished: iSource_RaceConditionAuction 1-18
2021-07-16 11:18:30,736 INFO o.a.j.r.Summariser: summary +    210 in 00:00:30 =    6.9/s Avg:   915 Min:    12 Max: 19192 Err:     0 (0.00%) Active: 8 Started: 26 Finished: 18
2021-07-16 11:18:30,737 INFO o.a.j.r.Summariser: summary =   2854 in 00:07:41 =    6.2/s Avg:   825 Min:    11 Max: 19967 Err:     0 (0.00%)
2021-07-16 11:18:38,345 INFO o.a.j.t.JMeterThread: Thread started: iSource_RaceConditionAuction 1-27
2021-07-16 11:18:45,855 INFO o.a.j.u.BeanShellTestElement: Loadtest101@zycus.com,PostFix RaceCondition_4684,1310635555,1626415249456,1626415849456
2021-07-16 11:18:48,920 INFO o.a.j.t.JMeterThread: Thread is done: iSource_RaceConditionAuction 1-19
2021-07-16 11:18:48,920 INFO o.a.j.t.JMeterThread: Thread finished: iSource_RaceConditionAuction 1-19
2021-07-16 11:18:56,372 INFO o.a.j.t.JMeterThread: Thread started: iSource_RaceConditionAuction 1-28
2021-07-16 11:19:00,038 INFO o.a.j.r.Summariser: summary +    216 in 00:00:29 =    7.4/s Avg:   833 Min:    16 Max: 19123 Err:     0 (0.00%) Active: 9 Started: 28 Finished: 19
2021-07-16 11:19:00,038 INFO o.a.j.r.Summariser: summary =   3070 in 00:08:11 =    6.3/s Avg:   826 Min:    11 Max: 19967 Err:     0 (0.00%)
2021-07-16 11:19:05,913 INFO o.a.j.u.BeanShellTestElement: Loadtest101@zycus.com,PostFix RaceCondition_1268,1310636954,1626415249456,1626415849456
2021-07-16 11:19:09,014 INFO o.a.j.t.JMeterThread: Thread is done: iSource_RaceConditionAuction 1-20
2021-07-16 11:19:09,014 INFO o.a.j.t.JMeterThread: Thread finished: iSource_RaceConditionAuction 1-20
2021-07-16 11:19:14,399 INFO o.a.j.t.JMeterThread: Thread started: iSource_RaceConditionAuction 1-29
2021-07-16 11:19:26,692 INFO o.a.j.u.BeanShellTestElement: Loadtest101@zycus.com,PostFix RaceCondition_1158,1310636155,1626415249456,1626415849456
2021-07-16 11:19:29,711 INFO o.a.j.t.JMeterThread: Thread is done: iSource_RaceConditionAuction 1-21
2021-07-16 11:19:29,714 INFO o.a.j.t.JMeterThread: Thread finished: iSource_RaceConditionAuction 1-21
2021-07-16 11:19:30,073 INFO o.a.j.r.Summariser: summary +    199 in 00:00:30 =    6.6/s Avg:   975 Min:    17 Max: 20468 Err:     0 (0.00%) Active: 8 Started: 29 Finished: 21
2021-07-16 11:19:30,073 INFO o.a.j.r.Summariser: summary =   3269 in 00:08:41 =    6.3/s Avg:   835 Min:    11 Max: 20468 Err:     0 (0.00%)
2021-07-16 11:19:32,429 INFO o.a.j.t.JMeterThread: Thread started: iSource_RaceConditionAuction 1-30
2021-07-16 11:19:47,289 INFO o.a.j.u.BeanShellTestElement: Loadtest101@zycus.com,PostFix RaceCondition_4447,1310636955,1626415249456,1626415849456
2021-07-16 11:19:50,365 INFO o.a.j.t.JMeterThread: Thread is done: iSource_RaceConditionAuction 1-22
2021-07-16 11:19:50,365 INFO o.a.j.t.JMeterThread: Thread finished: iSource_RaceConditionAuction 1-22
2021-07-16 11:19:50,470 INFO o.a.j.t.JMeterThread: Thread started: iSource_RaceConditionAuction 1-31
2021-07-16 11:20:00,004 INFO o.a.j.r.Summariser: summary +    221 in 00:00:30 =    7.4/s Avg:   938 Min:    17 Max: 18896 Err:     0 (0.00%) Active: 9 Started: 31 Finished: 22
2021-07-16 11:20:00,005 INFO o.a.j.r.Summariser: summary =   3490 in 00:09:10 =    6.3/s Avg:   841 Min:    11 Max: 20468 Err:     0 (0.00%)
2021-07-16 11:20:06,476 INFO o.a.j.u.BeanShellTestElement: Loadtest101@zycus.com,PostFix RaceCondition_1731,1310637753,1626415249456,1626415849456
2021-07-16 11:20:08,488 INFO o.a.j.t.JMeterThread: Thread started: iSource_RaceConditionAuction 1-32
2021-07-16 11:20:09,491 INFO o.a.j.t.JMeterThread: Thread is done: iSource_RaceConditionAuction 1-23
2021-07-16 11:20:09,491 INFO o.a.j.t.JMeterThread: Thread finished: iSource_RaceConditionAuction 1-23
2021-07-16 11:20:26,509 INFO o.a.j.t.JMeterThread: Thread started: iSource_RaceConditionAuction 1-33
2021-07-16 11:20:29,061 INFO o.a.j.u.BeanShellTestElement: Loadtest101@zycus.com,PostFix RaceCondition_2836,1310636755,1626415249456,1626415849456
2021-07-16 11:20:30,040 INFO o.a.j.r.Summariser: summary +    209 in 00:00:30 =    7.0/s Avg:   944 Min:    15 Max: 19306 Err:     0 (0.00%) Active: 10 Started: 33 Finished: 23
2021-07-16 11:20:30,041 INFO o.a.j.r.Summariser: summary =   3699 in 00:09:41 =    6.4/s Avg:   847 Min:    11 Max: 20468 Err:     0 (0.00%)
2021-07-16 11:20:32,081 INFO o.a.j.t.JMeterThread: Thread is done: iSource_RaceConditionAuction 1-24
2021-07-16 11:20:32,081 INFO o.a.j.t.JMeterThread: Thread finished: iSource_RaceConditionAuction 1-24
2021-07-16 11:20:44,530 INFO o.a.j.t.JMeterThread: Thread started: iSource_RaceConditionAuction 1-34
2021-07-16 11:20:45,435 INFO o.a.j.u.BeanShellTestElement: Loadtest101@zycus.com,PostFix RaceCondition_3427,1310636354,1626415249456,1626415849456
2021-07-16 11:20:48,512 INFO o.a.j.t.JMeterThread: Thread is done: iSource_RaceConditionAuction 1-25
2021-07-16 11:20:48,512 INFO o.a.j.t.JMeterThread: Thread finished: iSource_RaceConditionAuction 1-25
2021-07-16 11:21:00,041 INFO o.a.j.r.Summariser: summary +    207 in 00:00:30 =    6.9/s Avg:   977 Min:    13 Max: 18847 Err:     0 (0.00%) Active: 9 Started: 34 Finished: 25
2021-07-16 11:21:00,041 INFO o.a.j.r.Summariser: summary =   3906 in 00:10:11 =    6.4/s Avg:   854 Min:    11 Max: 20468 Err:     0 (0.00%)
2021-07-16 11:21:02,552 INFO o.a.j.t.JMeterThread: Thread started: iSource_RaceConditionAuction 1-35
2021-07-16 11:21:07,522 INFO o.a.j.u.BeanShellTestElement: Loadtest101@zycus.com,PostFix RaceCondition_452,1310637953,1626415249456,1626415849456
2021-07-16 11:21:10,618 INFO o.a.j.t.JMeterThread: Thread is done: iSource_RaceConditionAuction 1-26
2021-07-16 11:21:10,618 INFO o.a.j.t.JMeterThread: Thread finished: iSource_RaceConditionAuction 1-26
2021-07-16 11:21:20,572 INFO o.a.j.t.JMeterThread: Thread started: iSource_RaceConditionAuction 1-36
2021-07-16 11:21:22,138 INFO o.a.j.u.BeanShellTestElement: Loadtest101@zycus.com,PostFix RaceCondition_4247,1310636956,1626415249456,1626415849456
2021-07-16 11:21:25,201 INFO o.a.j.t.JMeterThread: Thread is done: iSource_RaceConditionAuction 1-27
2021-07-16 11:21:25,201 INFO o.a.j.t.JMeterThread: Thread finished: iSource_RaceConditionAuction 1-27
2021-07-16 11:21:30,556 INFO o.a.j.r.Summariser: summary +    226 in 00:00:31 =    7.4/s Avg:   910 Min:    12 Max: 18956 Err:     0 (0.00%) Active: 9 Started: 36 Finished: 27
2021-07-16 11:21:30,556 INFO o.a.j.r.Summariser: summary =   4132 in 00:10:41 =    6.4/s Avg:   857 Min:    11 Max: 20468 Err:     0 (0.00%)
2021-07-16 11:21:38,594 INFO o.a.j.t.JMeterThread: Thread started: iSource_RaceConditionAuction 1-37
2021-07-16 11:21:48,011 INFO o.a.j.u.BeanShellTestElement: Loadtest101@zycus.com,PostFix RaceCondition_1294,1310638153,1626415249456,1626415849456
2021-07-16 11:21:51,117 INFO o.a.j.t.JMeterThread: Thread is done: iSource_RaceConditionAuction 1-28
2021-07-16 11:21:51,117 INFO o.a.j.t.JMeterThread: Thread finished: iSource_RaceConditionAuction 1-28
2021-07-16 11:21:56,615 INFO o.a.j.t.JMeterThread: Thread started: iSource_RaceConditionAuction 1-38
2021-07-16 11:22:00,079 INFO o.a.j.r.Summariser: summary +    223 in 00:00:30 =    7.6/s Avg:  1021 Min:    13 Max: 19633 Err:     0 (0.00%) Active: 10 Started: 38 Finished: 28
2021-07-16 11:22:00,080 INFO o.a.j.r.Summariser: summary =   4355 in 00:11:11 =    6.5/s Avg:   865 Min:    11 Max: 20468 Err:     0 (0.00%)
2021-07-16 11:22:01,294 INFO o.a.j.u.BeanShellTestElement: Loadtest101@zycus.com,PostFix RaceCondition_2072,1310637154,1626415249456,1626415849456
2021-07-16 11:22:04,384 INFO o.a.j.t.JMeterThread: Thread is done: iSource_RaceConditionAuction 1-29
2021-07-16 11:22:04,384 INFO o.a.j.t.JMeterThread: Thread finished: iSource_RaceConditionAuction 1-29
2021-07-16 11:22:14,640 INFO o.a.j.t.JMeterThread: Thread started: iSource_RaceConditionAuction 1-39
2021-07-16 11:22:18,482 INFO o.a.j.u.BeanShellTestElement: Loadtest101@zycus.com,PostFix RaceCondition_4705,1310638353,1626415249456,1626415849456
2021-07-16 11:22:21,528 INFO o.a.j.t.JMeterThread: Thread is done: iSource_RaceConditionAuction 1-30
2021-07-16 11:22:21,528 INFO o.a.j.t.JMeterThread: Thread finished: iSource_RaceConditionAuction 1-30
2021-07-16 11:22:30,021 INFO o.a.j.r.Summariser: summary +    206 in 00:00:30 =    6.9/s Avg:   989 Min:    18 Max: 19383 Err:     0 (0.00%) Active: 9 Started: 39 Finished: 30
2021-07-16 11:22:30,021 INFO o.a.j.r.Summariser: summary =   4561 in 00:11:41 =    6.5/s Avg:   871 Min:    11 Max: 20468 Err:     0 (0.00%)
2021-07-16 11:22:32,654 INFO o.a.j.t.JMeterThread: Thread started: iSource_RaceConditionAuction 1-40
2021-07-16 11:22:42,123 INFO o.a.j.u.BeanShellTestElement: Loadtest101@zycus.com,PostFix RaceCondition_283,1310636556,1626415249456,1626415849456
2021-07-16 11:22:45,191 INFO o.a.j.t.JMeterThread: Thread is done: iSource_RaceConditionAuction 1-31
2021-07-16 11:22:45,191 INFO o.a.j.t.JMeterThread: Thread finished: iSource_RaceConditionAuction 1-31
2021-07-16 11:22:50,682 INFO o.a.j.t.JMeterThread: Thread started: iSource_RaceConditionAuction 1-41
2021-07-16 11:22:56,670 INFO o.a.j.u.BeanShellTestElement: Loadtest101@zycus.com,PostFix RaceCondition_1022,1310637954,1626415249456,1626415849456
2021-07-16 11:22:59,759 INFO o.a.j.t.JMeterThread: Thread is done: iSource_RaceConditionAuction 1-32
2021-07-16 11:22:59,759 INFO o.a.j.t.JMeterThread: Thread finished: iSource_RaceConditionAuction 1-32
2021-07-16 11:23:00,236 INFO o.a.j.r.Summariser: summary +    213 in 00:00:30 =    7.0/s Avg:   976 Min:    16 Max: 18908 Err:     0 (0.00%) Active: 9 Started: 41 Finished: 32
2021-07-16 11:23:00,237 INFO o.a.j.r.Summariser: summary =   4774 in 00:12:11 =    6.5/s Avg:   876 Min:    11 Max: 20468 Err:     0 (0.00%)
2021-07-16 11:23:08,720 INFO o.a.j.t.JMeterThread: Thread started: iSource_RaceConditionAuction 1-42
2021-07-16 11:23:14,248 INFO o.a.j.u.BeanShellTestElement: Loadtest101@zycus.com,PostFix RaceCondition_3749,1310637955,1626415249456,1626415849456
2021-07-16 11:23:17,306 INFO o.a.j.t.JMeterThread: Thread is done: iSource_RaceConditionAuction 1-33
2021-07-16 11:23:17,306 INFO o.a.j.t.JMeterThread: Thread finished: iSource_RaceConditionAuction 1-33
2021-07-16 11:23:26,741 INFO o.a.j.t.JMeterThread: Thread started: iSource_RaceConditionAuction 1-43
2021-07-16 11:23:30,042 INFO o.a.j.r.Summariser: summary +    180 in 00:00:30 =    6.0/s Avg:  1277 Min:    18 Max: 18985 Err:     0 (0.00%) Active: 10 Started: 43 Finished: 33
2021-07-16 11:23:30,043 INFO o.a.j.r.Summariser: summary =   4954 in 00:12:41 =    6.5/s Avg:   890 Min:    11 Max: 20468 Err:     0 (0.00%)
2021-07-16 11:23:43,422 INFO o.a.j.u.BeanShellTestElement: Loadtest101@zycus.com,PostFix RaceCondition_1450,1310638553,1626415249456,1626415849456
2021-07-16 11:23:44,760 INFO o.a.j.t.JMeterThread: Thread started: iSource_RaceConditionAuction 1-44
2021-07-16 11:23:46,459 INFO o.a.j.t.JMeterThread: Thread is done: iSource_RaceConditionAuction 1-34
2021-07-16 11:23:46,459 INFO o.a.j.t.JMeterThread: Thread finished: iSource_RaceConditionAuction 1-34
2021-07-16 11:24:00,283 INFO o.a.j.r.Summariser: summary +    202 in 00:00:30 =    6.7/s Avg:  1161 Min:    20 Max: 19235 Err:     0 (0.00%) Active: 10 Started: 44 Finished: 34
2021-07-16 11:24:00,284 INFO o.a.j.r.Summariser: summary =   5156 in 00:13:11 =    6.5/s Avg:   901 Min:    11 Max: 20468 Err:     0 (0.00%)
2021-07-16 11:24:02,781 INFO o.a.j.t.JMeterThread: Thread started: iSource_RaceConditionAuction 1-45
2021-07-16 11:24:08,883 INFO o.a.j.u.BeanShellTestElement: Loadtest101@zycus.com,PostFix RaceCondition_2340,1310638753,1626415249456,1626415849456
2021-07-16 11:24:11,984 INFO o.a.j.t.JMeterThread: Thread is done: iSource_RaceConditionAuction 1-35
2021-07-16 11:24:11,984 INFO o.a.j.t.JMeterThread: Thread finished: iSource_RaceConditionAuction 1-35
2021-07-16 11:24:20,802 INFO o.a.j.t.JMeterThread: Thread started: iSource_RaceConditionAuction 1-46
2021-07-16 11:24:30,048 INFO o.a.j.r.Summariser: summary +    191 in 00:00:30 =    6.4/s Avg:  1363 Min:    13 Max: 18411 Err:     0 (0.00%) Active: 11 Started: 46 Finished: 35
2021-07-16 11:24:30,049 INFO o.a.j.r.Summariser: summary =   5347 in 00:13:41 =    6.5/s Avg:   917 Min:    11 Max: 20468 Err:     0 (0.00%)
2021-07-16 11:24:35,086 INFO o.a.j.u.BeanShellTestElement: Loadtest101@zycus.com,PostFix RaceCondition_2799,1310636557,1626415249456,1626415849456
2021-07-16 11:24:38,093 INFO o.a.j.t.JMeterThread: Thread is done: iSource_RaceConditionAuction 1-36
2021-07-16 11:24:38,093 INFO o.a.j.t.JMeterThread: Thread finished: iSource_RaceConditionAuction 1-36
2021-07-16 11:24:38,821 INFO o.a.j.t.JMeterThread: Thread started: iSource_RaceConditionAuction 1-47
2021-07-16 11:24:49,806 INFO o.a.j.u.BeanShellTestElement: Loadtest101@zycus.com,PostFix RaceCondition_2394,1310638554,1626415249456,1626415849456
2021-07-16 11:24:52,837 INFO o.a.j.t.JMeterThread: Thread is done: iSource_RaceConditionAuction 1-37
2021-07-16 11:24:52,837 INFO o.a.j.t.JMeterThread: Thread finished: iSource_RaceConditionAuction 1-37
2021-07-16 11:24:56,843 INFO o.a.j.t.JMeterThread: Thread started: iSource_RaceConditionAuction 1-48
2021-07-16 11:25:00,082 INFO o.a.j.r.Summariser: summary +    222 in 00:00:30 =    7.4/s Avg:  1139 Min:    12 Max: 19418 Err:     0 (0.00%) Active: 11 Started: 48 Finished: 37
2021-07-16 11:25:00,083 INFO o.a.j.r.Summariser: summary =   5569 in 00:14:11 =    6.5/s Avg:   926 Min:    11 Max: 20468 Err:     0 (0.00%)
2021-07-16 11:25:14,861 INFO o.a.j.t.JMeterThread: Thread started: iSource_RaceConditionAuction 1-49
2021-07-16 11:25:22,946 INFO o.a.j.u.BeanShellTestElement: Loadtest101@zycus.com,PostFix RaceCondition_3929,1310637155,1626415249456,1626415849456
2021-07-16 11:25:26,006 INFO o.a.j.t.JMeterThread: Thread is done: iSource_RaceConditionAuction 1-38
2021-07-16 11:25:26,006 INFO o.a.j.t.JMeterThread: Thread finished: iSource_RaceConditionAuction 1-38
2021-07-16 11:25:30,233 INFO o.a.j.r.Summariser: summary +    196 in 00:00:30 =    6.5/s Avg:  1395 Min:    13 Max: 19512 Err:     0 (0.00%) Active: 11 Started: 49 Finished: 38
2021-07-16 11:25:30,234 INFO o.a.j.r.Summariser: summary =   5765 in 00:14:41 =    6.5/s Avg:   942 Min:    11 Max: 20468 Err:     0 (0.00%)
2021-07-16 11:25:32,880 INFO o.a.j.t.JMeterThread: Thread started: iSource_RaceConditionAuction 1-50
2021-07-16 11:25:40,997 INFO o.a.j.u.BeanShellTestElement: Loadtest101@zycus.com,PostFix RaceCondition_3609,1310636355,1626415249456,1626415849456
2021-07-16 11:25:44,021 INFO o.a.j.t.JMeterThread: Thread is done: iSource_RaceConditionAuction 1-39
2021-07-16 11:25:44,021 INFO o.a.j.t.JMeterThread: Thread finished: iSource_RaceConditionAuction 1-39
2021-07-16 11:25:52,983 INFO o.a.j.u.BeanShellTestElement: Loadtest101@zycus.com,PostFix RaceCondition_1389,1310638754,1626415249456,1626415849456
2021-07-16 11:25:56,083 INFO o.a.j.t.JMeterThread: Thread is done: iSource_RaceConditionAuction 1-40
2021-07-16 11:25:56,083 INFO o.a.j.t.JMeterThread: Thread finished: iSource_RaceConditionAuction 1-40
2021-07-16 11:26:00,026 INFO o.a.j.r.Summariser: summary +    196 in 00:00:30 =    6.6/s Avg:  1386 Min:    13 Max: 19178 Err:     0 (0.00%) Active: 10 Started: 50 Finished: 40
2021-07-16 11:26:00,026 INFO o.a.j.r.Summariser: summary =   5961 in 00:15:11 =    6.5/s Avg:   957 Min:    11 Max: 20468 Err:     0 (0.00%)
2021-07-16 11:26:07,022 INFO o.a.j.u.BeanShellTestElement: Loadtest101@zycus.com,PostFix RaceCondition_1593,1310637754,1626415249456,1626415849456
2021-07-16 11:26:10,092 INFO o.a.j.t.JMeterThread: Thread is done: iSource_RaceConditionAuction 1-41
2021-07-16 11:26:10,092 INFO o.a.j.t.JMeterThread: Thread finished: iSource_RaceConditionAuction 1-41
2021-07-16 11:26:30,052 INFO o.a.j.r.Summariser: summary +    148 in 00:00:30 =    4.9/s Avg:  1618 Min:   284 Max: 18278 Err:     0 (0.00%) Active: 9 Started: 50 Finished: 41
2021-07-16 11:26:30,052 INFO o.a.j.r.Summariser: summary =   6109 in 00:15:41 =    6.5/s Avg:   973 Min:    11 Max: 20468 Err:     0 (0.00%)
2021-07-16 11:26:48,056 INFO o.a.j.u.BeanShellTestElement: Loadtest101@zycus.com,PostFix RaceCondition_3759,1310638755,1626415249456,1626415849456
2021-07-16 11:26:51,129 INFO o.a.j.t.JMeterThread: Thread is done: iSource_RaceConditionAuction 1-42
2021-07-16 11:26:51,129 INFO o.a.j.t.JMeterThread: Thread finished: iSource_RaceConditionAuction 1-42
2021-07-16 11:27:00,067 INFO o.a.j.r.Summariser: summary +    175 in 00:00:30 =    5.8/s Avg:  1068 Min:   267 Max:  6027 Err:     0 (0.00%) Active: 8 Started: 50 Finished: 42
2021-07-16 11:27:00,067 INFO o.a.j.r.Summariser: summary =   6284 in 00:16:11 =    6.5/s Avg:   975 Min:    11 Max: 20468 Err:     0 (0.00%)
2021-07-16 11:27:02,237 INFO o.a.j.u.BeanShellTestElement: Loadtest101@zycus.com,PostFix RaceCondition_51,1310637156,1626415249456,1626415849456
2021-07-16 11:27:05,335 INFO o.a.j.t.JMeterThread: Thread is done: iSource_RaceConditionAuction 1-43
2021-07-16 11:27:05,337 INFO o.a.j.t.JMeterThread: Thread finished: iSource_RaceConditionAuction 1-43
2021-07-16 11:27:18,867 INFO o.a.j.u.BeanShellTestElement: Loadtest101@zycus.com,PostFix RaceCondition_3238,1310637956,1626415249456,1626415849456
2021-07-16 11:27:21,946 INFO o.a.j.t.JMeterThread: Thread is done: iSource_RaceConditionAuction 1-44
2021-07-16 11:27:21,946 INFO o.a.j.t.JMeterThread: Thread finished: iSource_RaceConditionAuction 1-44
2021-07-16 11:27:30,388 INFO o.a.j.r.Summariser: summary +    131 in 00:00:30 =    4.3/s Avg:  1456 Min:   264 Max: 10860 Err:     0 (0.00%) Active: 6 Started: 50 Finished: 44
2021-07-16 11:27:30,389 INFO o.a.j.r.Summariser: summary =   6415 in 00:16:41 =    6.4/s Avg:   985 Min:    11 Max: 20468 Err:     0 (0.00%)
2021-07-16 11:27:38,495 INFO o.a.j.u.BeanShellTestElement: Loadtest101@zycus.com,PostFix RaceCondition_964,1310638154,1626415249456,1626415849456
2021-07-16 11:27:39,195 INFO o.a.j.u.BeanShellTestElement: Loadtest101@zycus.com,PostFix RaceCondition_4526,1310638756,1626415249456,1626415849456
2021-07-16 11:27:41,512 INFO o.a.j.t.JMeterThread: Thread is done: iSource_RaceConditionAuction 1-46
2021-07-16 11:27:41,512 INFO o.a.j.t.JMeterThread: Thread finished: iSource_RaceConditionAuction 1-46
2021-07-16 11:27:42,236 INFO o.a.j.t.JMeterThread: Thread is done: iSource_RaceConditionAuction 1-45
2021-07-16 11:27:42,236 INFO o.a.j.t.JMeterThread: Thread finished: iSource_RaceConditionAuction 1-45
2021-07-16 11:28:00,665 INFO o.a.j.r.Summariser: summary +    106 in 00:00:30 =    3.5/s Avg:  1076 Min:   268 Max:  6879 Err:     0 (0.00%) Active: 4 Started: 50 Finished: 46
2021-07-16 11:28:00,666 INFO o.a.j.r.Summariser: summary =   6521 in 00:17:11 =    6.3/s Avg:   987 Min:    11 Max: 20468 Err:     0 (0.00%)
2021-07-16 11:28:03,072 INFO o.a.j.u.BeanShellTestElement: Loadtest101@zycus.com,PostFix RaceCondition_1022,1310638953,1626415249456,1626415849456
2021-07-16 11:28:06,112 INFO o.a.j.t.JMeterThread: Thread is done: iSource_RaceConditionAuction 1-47
2021-07-16 11:28:06,112 INFO o.a.j.t.JMeterThread: Thread finished: iSource_RaceConditionAuction 1-47
2021-07-16 11:28:23,609 INFO o.a.j.u.BeanShellTestElement: Loadtest101@zycus.com,PostFix RaceCondition_1311,1310637554,1626415249456,1626415849456
2021-07-16 11:28:26,671 INFO o.a.j.t.JMeterThread: Thread is done: iSource_RaceConditionAuction 1-48
2021-07-16 11:28:26,671 INFO o.a.j.t.JMeterThread: Thread finished: iSource_RaceConditionAuction 1-48
2021-07-16 11:28:30,610 INFO o.a.j.r.Summariser: summary +     61 in 00:00:30 =    2.0/s Avg:  1184 Min:   263 Max:  4173 Err:     0 (0.00%) Active: 2 Started: 50 Finished: 48
2021-07-16 11:28:30,611 INFO o.a.j.r.Summariser: summary =   6582 in 00:17:41 =    6.2/s Avg:   989 Min:    11 Max: 20468 Err:     0 (0.00%)
2021-07-16 11:28:35,636 INFO o.a.j.u.BeanShellTestElement: Loadtest101@zycus.com,PostFix RaceCondition_976,1310636558,1626415249456,1626415849456
2021-07-16 11:28:38,723 INFO o.a.j.t.JMeterThread: Thread is done: iSource_RaceConditionAuction 1-49
2021-07-16 11:28:38,723 INFO o.a.j.t.JMeterThread: Thread finished: iSource_RaceConditionAuction 1-49
2021-07-16 11:28:46,212 INFO o.a.j.u.BeanShellTestElement: Loadtest101@zycus.com,PostFix RaceCondition_249,1310638555,1626415249456,1626415849456
2021-07-16 11:28:49,230 INFO o.a.j.t.JMeterThread: Thread is done: iSource_RaceConditionAuction 1-50
2021-07-16 11:28:49,230 INFO o.a.j.t.JMeterThread: Thread finished: iSource_RaceConditionAuction 1-50
2021-07-16 11:28:49,230 INFO o.a.j.e.StandardJMeterEngine: Notifying test listeners of end of test
2021-07-16 11:28:49,231 INFO o.a.j.r.Summariser: summary +     18 in 00:00:19 =    1.0/s Avg:   840 Min:   284 Max:  2718 Err:     0 (0.00%) Active: 0 Started: 50 Finished: 50
2021-07-16 11:28:49,231 INFO o.a.j.r.Summariser: summary =   6600 in 00:18:00 =    6.1/s Avg:   988 Min:    11 Max: 20468 Err:     0 (0.00%)
2021-07-16 11:28:49,232 INFO o.a.j.JMeter: Generating Dashboard
2021-07-16 11:28:49,232 INFO o.a.j.r.d.ReportGenerator: Flushing result collector before report Generation
2021-07-16 11:28:49,254 INFO o.a.j.r.p.NormalizerSampleConsumer: Using format, 'ms', to parse timeStamp field
2021-07-16 11:28:49,615 INFO o.a.j.r.p.AbstractSampleConsumer: class org.apache.jmeter.report.processor.AggregateConsumer#stopProducing(): beginDate produced 0 samples
2021-07-16 11:28:49,615 INFO o.a.j.r.p.AbstractSampleConsumer: class org.apache.jmeter.report.processor.AggregateConsumer#stopProducing(): endDate produced 0 samples
2021-07-16 11:28:49,617 INFO o.a.j.r.p.AbstractSampleConsumer: class org.apache.jmeter.report.processor.ApdexSummaryConsumer#stopProducing(): apdexSummary produced 0 samples
2021-07-16 11:28:49,618 INFO o.a.j.r.p.AbstractSampleConsumer: class org.apache.jmeter.report.processor.RequestsSummaryConsumer#stopProducing(): requestsSummary produced 0 samples
2021-07-16 11:28:49,627 INFO o.a.j.r.p.AbstractSampleConsumer: class org.apache.jmeter.report.processor.StatisticsSummaryConsumer#stopProducing(): statisticsSummary produced 0 samples
2021-07-16 11:28:49,631 INFO o.a.j.r.p.AbstractSampleConsumer: class org.apache.jmeter.report.processor.Top5ErrorsBySamplerConsumer#stopProducing(): top5ErrorsBySampler produced 0 samples
2021-07-16 11:28:49,631 INFO o.a.j.r.p.AbstractSampleConsumer: class org.apache.jmeter.report.processor.ErrorsSummaryConsumer#stopProducing(): errorsSummary produced 0 samples
2021-07-16 11:28:49,631 INFO o.a.j.r.p.AbstractSampleConsumer: class org.apache.jmeter.report.processor.graph.impl.HitsPerSecondGraphConsumer#stopProducing(): hitsPerSecond produced 0 samples
2021-07-16 11:28:49,683 INFO o.a.j.r.p.AbstractSampleConsumer: class org.apache.jmeter.report.processor.graph.impl.LatencyVSRequestGraphConsumer#stopProducing(): latencyVsRequest produced 0 samples
2021-07-16 11:28:49,683 INFO o.a.j.r.p.AbstractSampleConsumer: class org.apache.jmeter.report.processor.graph.impl.SyntheticResponseTimeDistributionGraphConsumer#stopProducing(): syntheticResponseTimeDistribution produced 0 samples
2021-07-16 11:28:49,683 INFO o.a.j.r.p.AbstractSampleConsumer: class org.apache.jmeter.report.processor.graph.impl.BytesThroughputGraphConsumer#stopProducing(): bytesThroughputOverTime produced 0 samples
2021-07-16 11:28:49,684 INFO o.a.j.r.p.AbstractSampleConsumer: class org.apache.jmeter.report.processor.graph.impl.CodesPerSecondGraphConsumer#stopProducing(): codesPerSecond produced 0 samples
2021-07-16 11:28:49,705 INFO o.a.j.r.p.AbstractSampleConsumer: class org.apache.jmeter.report.processor.graph.impl.ResponseTimeVSRequestGraphConsumer#stopProducing(): responseTimeVsRequest produced 0 samples
2021-07-16 11:28:49,706 INFO o.a.j.r.p.AbstractSampleConsumer: class org.apache.jmeter.report.processor.FilterConsumer#stopProducing(): startIntervalControlerFilter produced 46200 samples
2021-07-16 11:28:49,706 INFO o.a.j.r.p.AbstractSampleConsumer: class org.apache.jmeter.report.processor.graph.impl.TotalTPSGraphConsumer#stopProducing(): totalTPS produced 0 samples
2021-07-16 11:28:49,706 INFO o.a.j.r.p.AbstractSampleConsumer: class org.apache.jmeter.report.processor.graph.impl.ActiveThreadsGraphConsumer#stopProducing(): activeThreadsOverTime produced 0 samples
2021-07-16 11:28:49,706 INFO o.a.j.r.p.AbstractSampleConsumer: class org.apache.jmeter.report.processor.graph.impl.TimeVSThreadGraphConsumer#stopProducing(): timeVsThreads produced 0 samples
2021-07-16 11:28:49,714 INFO o.a.j.r.p.AbstractSampleConsumer: class org.apache.jmeter.report.processor.graph.impl.ResponseTimeDistributionGraphConsumer#stopProducing(): responseTimeDistribution produced 0 samples
2021-07-16 11:28:49,715 INFO o.a.j.r.p.AbstractSampleConsumer: class org.apache.jmeter.report.processor.graph.impl.TransactionsPerSecondGraphConsumer#stopProducing(): transactionsPerSecond produced 0 samples
2021-07-16 11:28:49,717 INFO o.a.j.r.p.AbstractSampleConsumer: class org.apache.jmeter.report.processor.graph.impl.ResponseTimePercentilesGraphConsumer#stopProducing(): responseTimePercentiles produced 0 samples
2021-07-16 11:28:49,732 INFO o.a.j.r.p.AbstractSampleConsumer: class org.apache.jmeter.report.processor.graph.impl.ResponseTimePercentilesOverTimeGraphConsumer#stopProducing(): responseTimePercentilesOverTime produced 0 samples
2021-07-16 11:28:49,733 INFO o.a.j.r.p.AbstractSampleConsumer: class org.apache.jmeter.report.processor.graph.impl.ResponseTimeOverTimeGraphConsumer#stopProducing(): responseTimesOverTime produced 0 samples
2021-07-16 11:28:49,735 INFO o.a.j.r.p.AbstractSampleConsumer: class org.apache.jmeter.report.processor.graph.impl.ConnectTimeOverTimeGraphConsumer#stopProducing(): connectTimeOverTime produced 0 samples
2021-07-16 11:28:49,736 INFO o.a.j.r.p.AbstractSampleConsumer: class org.apache.jmeter.report.processor.graph.impl.LatencyOverTimeGraphConsumer#stopProducing(): latenciesOverTime produced 0 samples
2021-07-16 11:28:49,737 INFO o.a.j.r.p.AbstractSampleConsumer: class org.apache.jmeter.report.processor.FilterConsumer#stopProducing(): nameFilter produced 112500 samples
2021-07-16 11:28:49,737 INFO o.a.j.r.p.AbstractSampleConsumer: class org.apache.jmeter.report.processor.FilterConsumer#stopProducing(): dateRangeFilter produced 22500 samples
2021-07-16 11:28:49,737 INFO o.a.j.r.p.AbstractSampleConsumer: class org.apache.jmeter.report.processor.NormalizerSampleConsumer#stopProducing(): normalizer produced 7500 samples
2021-07-16 11:28:49,738 INFO o.a.j.r.p.CsvFileSampleSource: produce(): 7500 samples produced in 462ms on channel 0
2021-07-16 11:28:49,738 INFO o.a.j.r.d.ReportGenerator: Exporting data using exporter:'json' of className:'org.apache.jmeter.report.dashboard.JsonExporter'
2021-07-16 11:28:49,740 INFO o.a.j.r.d.JsonExporter: Found data for consumer statisticsSummaryin context
2021-07-16 11:28:49,740 INFO o.a.j.r.d.JsonExporter: Creating statistics for overall
2021-07-16 11:28:49,740 INFO o.a.j.r.d.JsonExporter: Creating statistics for other transactions
2021-07-16 11:28:49,741 INFO o.a.j.r.d.JsonExporter: Checking output folder
2021-07-16 11:28:49,742 INFO o.a.j.r.d.JsonExporter: Writing statistics JSON to C:\xampp\htdocs\PerformancePostgres\L0_iSource_50_RaceConditionAuction_2021-07-16_34\statistics.json
2021-07-16 11:28:49,876 INFO o.a.j.r.d.ReportGenerator: Exporting data using exporter:'html' of className:'org.apache.jmeter.report.dashboard.HtmlTemplateExporter'
2021-07-16 11:28:49,878 INFO o.a.j.r.d.HtmlTemplateExporter: Will generate dashboard in folder: C:\xampp\htdocs\PerformancePostgres\L0_iSource_50_RaceConditionAuction_2021-07-16_34
2021-07-16 11:28:50,113 INFO o.a.j.r.d.HtmlTemplateExporter: Report will be generated in: C:\xampp\htdocs\PerformancePostgres\L0_iSource_50_RaceConditionAuction_2021-07-16_34, creating folder structure
2021-07-16 11:28:50,116 INFO o.a.j.r.d.TemplateVisitor: Copying folder from 'D:\apache-jmeter-5.1\apache-jmeter-5.1\bin\report-template' to 'C:\xampp\htdocs\PerformancePostgres\L0_iSource_50_RaceConditionAuction_2021-07-16_34', got message:[C:\xampp\htdocs\PerformancePostgres\L0_iSource_50_RaceConditionAuction_2021-07-16_34\statistics.json], found non empty folder with following content {}, will be ignored
2021-07-16 11:28:50,859 INFO o.a.j.JMeter: Dashboard generated
