2021-07-01 15:34:34,011 INFO o.a.j.u.JMeterUtils: Setting Locale to en_EN
2021-07-01 15:34:34,021 INFO o.a.j.JMeter: Loading user properties from: user.properties
2021-07-01 15:34:34,022 INFO o.a.j.JMeter: Loading system properties from: system.properties
2021-07-01 15:34:34,022 INFO o.a.j.JMeter: Setting JMeter property: meter.reportgenerator.report_title=RaceConditionAuction
2021-07-01 15:34:34,022 INFO o.a.j.JMeter: Setting JMeter property: thread=50
2021-07-01 15:34:34,022 INFO o.a.j.JMeter: Setting JMeter property: rampup=300
2021-07-01 15:34:34,026 INFO o.a.j.JMeter: Copyright (c) 1998-2019 The Apache Software Foundation
2021-07-01 15:34:34,026 INFO o.a.j.JMeter: Version 5.1 r1853635
2021-07-01 15:34:34,026 INFO o.a.j.JMeter: java.version=1.8.0_121
2021-07-01 15:34:34,026 INFO o.a.j.JMeter: java.vm.name=Java HotSpot(TM) 64-Bit Server VM
2021-07-01 15:34:34,026 INFO o.a.j.JMeter: os.name=Windows 10
2021-07-01 15:34:34,026 INFO o.a.j.JMeter: os.arch=amd64
2021-07-01 15:34:34,027 INFO o.a.j.JMeter: os.version=10.0
2021-07-01 15:34:34,027 INFO o.a.j.JMeter: file.encoding=Cp1252
2021-07-01 15:34:34,027 INFO o.a.j.JMeter: java.awt.headless=true
2021-07-01 15:34:34,027 INFO o.a.j.JMeter: Max memory     =8589934592
2021-07-01 15:34:34,027 INFO o.a.j.JMeter: Available Processors =6
2021-07-01 15:34:34,029 INFO o.a.j.JMeter: Default Locale=English (EN)
2021-07-01 15:34:34,029 INFO o.a.j.JMeter: JMeter  Locale=English (EN)
2021-07-01 15:34:34,029 INFO o.a.j.JMeter: JMeterHome=D:\apache-jmeter-5.1\apache-jmeter-5.1
2021-07-01 15:34:34,029 INFO o.a.j.JMeter: user.dir  =D:\apache-jmeter-5.1\apache-jmeter-5.1\bin
2021-07-01 15:34:34,030 INFO o.a.j.JMeter: PWD       =D:\apache-jmeter-5.1\apache-jmeter-5.1\bin
2021-07-01 15:34:34,031 INFO o.a.j.JMeter: IP: 172.30.225.123 Name: ZIPLSY2278 FullName: ZIPLSY2278.zycus.net
2021-07-01 15:34:34,033 INFO o.a.j.JMeter: Setting property 'jmeter.reportgenerator.outputdir' to:'C:\xampp\htdocs\PerformancePostgres\L0_iSource_50_RaceConditionAuction_2021-07-01_23'
2021-07-01 15:34:34,035 INFO o.a.j.s.FileServer: Default base='D:\apache-jmeter-5.1\apache-jmeter-5.1\bin'
2021-07-01 15:34:34,037 INFO o.a.j.s.FileServer: Set new base='D:\PostrgresMigration\iSource'
2021-07-01 15:34:34,131 INFO o.a.j.s.SaveService: Testplan (JMX) version: 2.2. Testlog (JTL) version: 2.2
2021-07-01 15:34:34,142 INFO o.a.j.s.SaveService: Using SaveService properties file encoding UTF-8
2021-07-01 15:34:34,146 INFO o.a.j.s.SaveService: Using SaveService properties version 5.0
2021-07-01 15:34:34,150 INFO o.a.j.s.SaveService: Loading file: D:\PostrgresMigration\iSource\iSource_RaceConditionAuction.jmx
2021-07-01 15:34:34,192 INFO o.a.j.p.h.c.CookieManager: Settings: Delete null: true Check: true Allow variable: true Save: false Prefix: COOKIE_
2021-07-01 15:34:34,197 INFO o.a.j.p.h.c.CacheManager: Will only cache the following methods: [GET]
2021-07-01 15:34:34,205 INFO o.a.j.p.h.s.HTTPSamplerBase: Parser for text/html is org.apache.jmeter.protocol.http.parser.LagartoBasedHtmlParser
2021-07-01 15:34:34,205 INFO o.a.j.p.h.s.HTTPSamplerBase: Parser for application/xhtml+xml is org.apache.jmeter.protocol.http.parser.LagartoBasedHtmlParser
2021-07-01 15:34:34,205 INFO o.a.j.p.h.s.HTTPSamplerBase: Parser for application/xml is org.apache.jmeter.protocol.http.parser.LagartoBasedHtmlParser
2021-07-01 15:34:34,205 INFO o.a.j.p.h.s.HTTPSamplerBase: Parser for text/xml is org.apache.jmeter.protocol.http.parser.LagartoBasedHtmlParser
2021-07-01 15:34:34,205 INFO o.a.j.p.h.s.HTTPSamplerBase: Parser for text/vnd.wap.wml is org.apache.jmeter.protocol.http.parser.RegexpHTMLParser
2021-07-01 15:34:34,205 INFO o.a.j.p.h.s.HTTPSamplerBase: Parser for text/css is org.apache.jmeter.protocol.http.parser.CssParser
2021-07-01 15:34:34,393 INFO o.a.j.JMeter: Creating summariser <summary>
2021-07-01 15:34:34,397 INFO o.a.j.r.d.ReportGenerator: ReportGenerator will use for Parsing the separator: ','
2021-07-01 15:34:34,397 INFO o.a.j.r.d.ReportGenerator: Will generate report at end of test from  results file: D:\PostrgresMigration\iSource\JTL\L0_iSource_50_RaceConditionAuction_2021-07-01_23.jtl
2021-07-01 15:34:34,398 INFO o.a.j.r.d.ReportGenerator: Reading report generator properties from: D:\apache-jmeter-5.1\apache-jmeter-5.1\bin\reportgenerator.properties
2021-07-01 15:34:34,398 INFO o.a.j.r.d.ReportGenerator: Merging with JMeter properties
2021-07-01 15:34:34,411 INFO o.a.j.r.c.ReportGeneratorConfiguration: Property 'jmeter.reportgenerator.temp_dir' not found, using default value 'temp' instead.
2021-07-01 15:34:34,411 INFO o.a.j.r.c.ReportGeneratorConfiguration: Property 'jmeter.reportgenerator.apdex_per_transaction' not found, using default value 'null' instead.
2021-07-01 15:34:34,411 INFO o.a.j.r.c.ReportGeneratorConfiguration: apdex_per_transaction : {} is empty, not APDEX per transaction customization
2021-07-01 15:34:34,411 INFO o.a.j.r.c.ReportGeneratorConfiguration: Property 'jmeter.reportgenerator.sample_filter' not found, using default value 'null' instead.
2021-07-01 15:34:34,411 INFO o.a.j.r.c.ReportGeneratorConfiguration: Property 'jmeter.reportgenerator.report_title' not found, using default value 'null' instead.
2021-07-01 15:34:34,411 INFO o.a.j.r.c.ReportGeneratorConfiguration: Property 'jmeter.reportgenerator.start_date' not found, using default value 'null' instead.
2021-07-01 15:34:34,411 INFO o.a.j.r.c.ReportGeneratorConfiguration: Property 'jmeter.reportgenerator.end_date' not found, using default value 'null' instead.
2021-07-01 15:34:34,411 INFO o.a.j.r.c.ReportGeneratorConfiguration: Property 'jmeter.reportgenerator.date_format' not found, using default value 'null' instead.
2021-07-01 15:34:34,415 INFO o.a.j.r.c.ReportGeneratorConfiguration: Will use date range start date: null, end date: null
2021-07-01 15:34:34,419 INFO o.a.j.r.c.ReportGeneratorConfiguration: Property 'jmeter.reportgenerator.graph.totalTPS.exclude_controllers' not found, using default value 'false' instead.
2021-07-01 15:34:34,419 INFO o.a.j.r.c.ReportGeneratorConfiguration: Property 'jmeter.reportgenerator.graph.activeThreadsOverTime.exclude_controllers' not found, using default value 'false' instead.
2021-07-01 15:34:34,419 INFO o.a.j.r.c.ReportGeneratorConfiguration: Property 'jmeter.reportgenerator.graph.timeVsThreads.exclude_controllers' not found, using default value 'false' instead.
2021-07-01 15:34:34,420 INFO o.a.j.r.c.ReportGeneratorConfiguration: Property 'jmeter.reportgenerator.graph.responseTimeDistribution.exclude_controllers' not found, using default value 'false' instead.
2021-07-01 15:34:34,420 INFO o.a.j.r.c.ReportGeneratorConfiguration: Property 'jmeter.reportgenerator.graph.transactionsPerSecond.exclude_controllers' not found, using default value 'false' instead.
2021-07-01 15:34:34,420 INFO o.a.j.r.c.ReportGeneratorConfiguration: Property 'jmeter.reportgenerator.graph.responseTimePercentiles.exclude_controllers' not found, using default value 'false' instead.
2021-07-01 15:34:34,420 INFO o.a.j.r.c.ReportGeneratorConfiguration: Property 'jmeter.reportgenerator.graph.responseTimePercentilesOverTime.exclude_controllers' not found, using default value 'false' instead.
2021-07-01 15:34:34,420 INFO o.a.j.r.c.ReportGeneratorConfiguration: Property 'jmeter.reportgenerator.graph.responseTimesOverTime.exclude_controllers' not found, using default value 'false' instead.
2021-07-01 15:34:34,420 INFO o.a.j.r.c.ReportGeneratorConfiguration: Property 'jmeter.reportgenerator.graph.connectTimeOverTime.exclude_controllers' not found, using default value 'false' instead.
2021-07-01 15:34:34,420 INFO o.a.j.r.c.ReportGeneratorConfiguration: Property 'jmeter.reportgenerator.graph.latenciesOverTime.exclude_controllers' not found, using default value 'false' instead.
2021-07-01 15:34:34,422 INFO o.a.j.r.c.ReportGeneratorConfiguration: Property 'jmeter.reportgenerator.exporter.json.filters_only_sample_series' not found, using default value 'true' instead.
2021-07-01 15:34:34,422 INFO o.a.j.r.c.ReportGeneratorConfiguration: Property 'jmeter.reportgenerator.exporter.json.series_filter' not found, using default value '' instead.
2021-07-01 15:34:34,422 INFO o.a.j.r.c.ReportGeneratorConfiguration: Property 'jmeter.reportgenerator.exporter.json.show_controllers_only' not found, using default value 'false' instead.
2021-07-01 15:34:34,423 INFO o.a.j.r.c.ReportGeneratorConfiguration: Property 'jmeter.reportgenerator.exporter.html.filters_only_sample_series' not found, using default value 'true' instead.
2021-07-01 15:34:34,423 INFO o.a.j.r.c.ReportGeneratorConfiguration: Property 'jmeter.reportgenerator.exporter.html.series_filter' not found, using default value '' instead.
2021-07-01 15:34:34,423 INFO o.a.j.r.c.ReportGeneratorConfiguration: Property 'jmeter.reportgenerator.exporter.html.show_controllers_only' not found, using default value 'false' instead.
2021-07-01 15:34:34,429 INFO o.a.j.e.StandardJMeterEngine: Running the test!
2021-07-01 15:34:34,430 INFO o.a.j.s.SampleEvent: List of sample_variables: []
2021-07-01 15:34:34,430 INFO o.a.j.s.SampleEvent: List of sample_variables: []
2021-07-01 15:34:34,440 INFO o.a.j.e.u.CompoundVariable: Note: Function class names must contain the string: '.functions.'
2021-07-01 15:34:34,440 INFO o.a.j.e.u.CompoundVariable: Note: Function class names must not contain the string: '.gui.'
2021-07-01 15:34:34,814 INFO o.a.j.JMeter: Running test (1625133874813)
2021-07-01 15:34:34,881 INFO o.a.j.e.StandardJMeterEngine: Starting ThreadGroup: 1 : iSource_RaceConditionAuction
2021-07-01 15:34:34,881 INFO o.a.j.e.StandardJMeterEngine: Starting 50 threads for group iSource_RaceConditionAuction.
2021-07-01 15:34:34,881 INFO o.a.j.e.StandardJMeterEngine: Thread will stop on error
2021-07-01 15:34:34,881 INFO o.a.j.t.ThreadGroup: Starting thread group... number=1 threads=50 ramp-up=300 perThread=6000.0 delayedStart=false
2021-07-01 15:34:34,905 INFO o.a.j.s.SampleResult: Note: Sample TimeStamps are START times
2021-07-01 15:34:34,905 INFO o.a.j.s.SampleResult: sampleresult.default.encoding is set to ISO-8859-1
2021-07-01 15:34:34,905 INFO o.a.j.s.SampleResult: sampleresult.useNanoTime=true
2021-07-01 15:34:34,905 INFO o.a.j.s.SampleResult: sampleresult.nanoThreadSleep=5000
2021-07-01 15:34:34,912 INFO o.a.j.t.JMeterThread: Thread started: iSource_RaceConditionAuction 1-1
2021-07-01 15:34:34,929 INFO o.a.j.p.h.s.HTTPHCAbstractImpl: Local host = ZIPLSY2278
2021-07-01 15:34:34,936 INFO o.a.j.p.h.s.HTTPHC4Impl: HTTP request retry count = 0
2021-07-01 15:34:35,008 INFO o.a.j.p.h.s.h.LazyLayeredConnectionSocketFactory: Setting up HTTPS TrustAll Socket Factory
2021-07-01 15:34:35,015 INFO o.a.j.u.JsseSSLManager: Using default SSL protocol: TLS
2021-07-01 15:34:35,015 INFO o.a.j.u.JsseSSLManager: SSL session context: per-thread
2021-07-01 15:34:35,637 INFO o.a.j.u.SSLManager: JmeterKeyStore Location:  type JKS
2021-07-01 15:34:35,639 INFO o.a.j.u.SSLManager: KeyStore created OK
2021-07-01 15:34:35,639 WARN o.a.j.u.SSLManager: Keystore file not found, loading empty keystore
2021-07-01 15:34:35,991 INFO o.a.j.t.ThreadGroup: Started thread group number 1
2021-07-01 15:34:35,992 INFO o.a.j.e.StandardJMeterEngine: All thread groups have been started
2021-07-01 15:34:40,934 INFO o.a.j.t.JMeterThread: Thread started: iSource_RaceConditionAuction 1-2
2021-07-01 15:34:46,970 INFO o.a.j.t.JMeterThread: Thread started: iSource_RaceConditionAuction 1-3
2021-07-01 15:34:53,000 INFO o.a.j.t.JMeterThread: Thread started: iSource_RaceConditionAuction 1-4
2021-07-01 15:34:59,028 INFO o.a.j.t.JMeterThread: Thread started: iSource_RaceConditionAuction 1-5
2021-07-01 15:35:00,149 INFO o.a.j.r.Summariser: summary +    118 in 00:00:25 =    4.7/s Avg:   261 Min:    35 Max:  2547 Err:     0 (0.00%) Active: 5 Started: 5 Finished: 0
2021-07-01 15:35:05,047 INFO o.a.j.t.JMeterThread: Thread started: iSource_RaceConditionAuction 1-6
2021-07-01 15:35:11,098 INFO o.a.j.t.JMeterThread: Thread started: iSource_RaceConditionAuction 1-7
2021-07-01 15:35:17,129 INFO o.a.j.t.JMeterThread: Thread started: iSource_RaceConditionAuction 1-8
2021-07-01 15:35:23,154 INFO o.a.j.t.JMeterThread: Thread started: iSource_RaceConditionAuction 1-9
2021-07-01 15:35:29,213 INFO o.a.j.t.JMeterThread: Thread started: iSource_RaceConditionAuction 1-10
2021-07-01 15:35:30,039 INFO o.a.j.r.Summariser: summary +    265 in 00:00:30 =    8.9/s Avg:   396 Min:    32 Max:  3620 Err:     0 (0.00%) Active: 10 Started: 10 Finished: 0
2021-07-01 15:35:30,039 INFO o.a.j.r.Summariser: summary =    383 in 00:00:55 =    6.9/s Avg:   354 Min:    32 Max:  3620 Err:     0 (0.00%)
2021-07-01 15:35:35,248 INFO o.a.j.t.JMeterThread: Thread started: iSource_RaceConditionAuction 1-11
2021-07-01 15:35:41,282 INFO o.a.j.t.JMeterThread: Thread started: iSource_RaceConditionAuction 1-12
2021-07-01 15:35:47,315 INFO o.a.j.t.JMeterThread: Thread started: iSource_RaceConditionAuction 1-13
2021-07-01 15:35:53,334 INFO o.a.j.t.JMeterThread: Thread started: iSource_RaceConditionAuction 1-14
2021-07-01 15:35:59,351 INFO o.a.j.t.JMeterThread: Thread started: iSource_RaceConditionAuction 1-15
2021-07-01 15:36:00,440 INFO o.a.j.r.Summariser: summary +    328 in 00:00:30 =   10.8/s Avg:   698 Min:    33 Max:  4950 Err:     0 (0.00%) Active: 15 Started: 15 Finished: 0
2021-07-01 15:36:00,441 INFO o.a.j.r.Summariser: summary =    711 in 00:01:26 =    8.3/s Avg:   513 Min:    32 Max:  4950 Err:     0 (0.00%)
2021-07-01 15:36:05,372 INFO o.a.j.t.JMeterThread: Thread started: iSource_RaceConditionAuction 1-16
2021-07-01 15:36:06,832 INFO o.a.j.t.JMeterThread: Stop Thread detected by thread: iSource_RaceConditionAuction 1-1
2021-07-01 15:36:06,833 INFO o.a.j.t.JMeterThread: Thread finished: iSource_RaceConditionAuction 1-1
2021-07-01 15:36:06,943 INFO o.a.j.t.JMeterThread: Stop Thread detected by thread: iSource_RaceConditionAuction 1-8
2021-07-01 15:36:06,943 INFO o.a.j.t.JMeterThread: Thread finished: iSource_RaceConditionAuction 1-8
2021-07-01 15:36:07,343 INFO o.a.j.t.JMeterThread: Stop Thread detected by thread: iSource_RaceConditionAuction 1-14
2021-07-01 15:36:07,343 INFO o.a.j.t.JMeterThread: Thread finished: iSource_RaceConditionAuction 1-14
2021-07-01 15:36:07,470 INFO o.a.j.t.JMeterThread: Stop Thread detected by thread: iSource_RaceConditionAuction 1-4
2021-07-01 15:36:07,471 INFO o.a.j.t.JMeterThread: Thread finished: iSource_RaceConditionAuction 1-4
2021-07-01 15:36:08,351 INFO o.a.j.t.JMeterThread: Stop Thread detected by thread: iSource_RaceConditionAuction 1-9
2021-07-01 15:36:08,351 INFO o.a.j.t.JMeterThread: Thread finished: iSource_RaceConditionAuction 1-9
2021-07-01 15:36:08,627 INFO o.a.j.t.JMeterThread: Stop Thread detected by thread: iSource_RaceConditionAuction 1-5
2021-07-01 15:36:08,627 INFO o.a.j.t.JMeterThread: Thread finished: iSource_RaceConditionAuction 1-5
2021-07-01 15:36:09,293 INFO o.a.j.t.JMeterThread: Stop Thread detected by thread: iSource_RaceConditionAuction 1-15
2021-07-01 15:36:09,293 INFO o.a.j.t.JMeterThread: Thread finished: iSource_RaceConditionAuction 1-15
2021-07-01 15:36:09,721 INFO o.a.j.t.JMeterThread: Stop Thread detected by thread: iSource_RaceConditionAuction 1-11
2021-07-01 15:36:09,722 INFO o.a.j.t.JMeterThread: Thread finished: iSource_RaceConditionAuction 1-11
2021-07-01 15:36:11,391 INFO o.a.j.t.JMeterThread: Thread started: iSource_RaceConditionAuction 1-17
2021-07-01 15:36:17,410 INFO o.a.j.t.JMeterThread: Thread started: iSource_RaceConditionAuction 1-18
2021-07-01 15:36:23,429 INFO o.a.j.t.JMeterThread: Thread started: iSource_RaceConditionAuction 1-19
2021-07-01 15:36:29,449 INFO o.a.j.t.JMeterThread: Thread started: iSource_RaceConditionAuction 1-20
2021-07-01 15:36:30,169 INFO o.a.j.r.Summariser: summary +    339 in 00:00:30 =   11.4/s Avg:   723 Min:    29 Max:  7486 Err:     8 (2.36%) Active: 12 Started: 20 Finished: 8
2021-07-01 15:36:30,170 INFO o.a.j.r.Summariser: summary =   1050 in 00:01:55 =    9.1/s Avg:   581 Min:    29 Max:  7486 Err:     8 (0.76%)
2021-07-01 15:36:35,471 INFO o.a.j.t.JMeterThread: Thread started: iSource_RaceConditionAuction 1-21
2021-07-01 15:36:41,490 INFO o.a.j.t.JMeterThread: Thread started: iSource_RaceConditionAuction 1-22
2021-07-01 15:36:47,510 INFO o.a.j.t.JMeterThread: Thread started: iSource_RaceConditionAuction 1-23
2021-07-01 15:36:53,529 INFO o.a.j.t.JMeterThread: Thread started: iSource_RaceConditionAuction 1-24
2021-07-01 15:36:59,547 INFO o.a.j.t.JMeterThread: Thread started: iSource_RaceConditionAuction 1-25
2021-07-01 15:37:00,061 INFO o.a.j.r.Summariser: summary +    338 in 00:00:30 =   11.3/s Avg:   891 Min:    25 Max:  7542 Err:     0 (0.00%) Active: 17 Started: 25 Finished: 8
2021-07-01 15:37:00,061 INFO o.a.j.r.Summariser: summary =   1388 in 00:02:25 =    9.6/s Avg:   656 Min:    25 Max:  7542 Err:     8 (0.58%)
2021-07-01 15:37:05,565 INFO o.a.j.t.JMeterThread: Thread started: iSource_RaceConditionAuction 1-26
2021-07-01 15:37:06,471 INFO o.a.j.t.JMeterThread: Stop Thread detected by thread: iSource_RaceConditionAuction 1-6
2021-07-01 15:37:06,471 INFO o.a.j.t.JMeterThread: Thread finished: iSource_RaceConditionAuction 1-6
2021-07-01 15:37:06,663 INFO o.a.j.t.JMeterThread: Stop Thread detected by thread: iSource_RaceConditionAuction 1-20
2021-07-01 15:37:06,664 INFO o.a.j.t.JMeterThread: Thread finished: iSource_RaceConditionAuction 1-20
2021-07-01 15:37:06,722 INFO o.a.j.t.JMeterThread: Stop Thread detected by thread: iSource_RaceConditionAuction 1-24
2021-07-01 15:37:06,722 INFO o.a.j.t.JMeterThread: Thread finished: iSource_RaceConditionAuction 1-24
2021-07-01 15:37:07,086 INFO o.a.j.t.JMeterThread: Stop Thread detected by thread: iSource_RaceConditionAuction 1-12
2021-07-01 15:37:07,087 INFO o.a.j.t.JMeterThread: Thread finished: iSource_RaceConditionAuction 1-12
2021-07-01 15:37:07,090 INFO o.a.j.t.JMeterThread: Stop Thread detected by thread: iSource_RaceConditionAuction 1-13
2021-07-01 15:37:07,090 INFO o.a.j.t.JMeterThread: Thread finished: iSource_RaceConditionAuction 1-13
2021-07-01 15:37:07,181 INFO o.a.j.t.JMeterThread: Stop Thread detected by thread: iSource_RaceConditionAuction 1-23
2021-07-01 15:37:07,181 INFO o.a.j.t.JMeterThread: Thread finished: iSource_RaceConditionAuction 1-23
2021-07-01 15:37:07,245 INFO o.a.j.t.JMeterThread: Stop Thread detected by thread: iSource_RaceConditionAuction 1-16
2021-07-01 15:37:07,245 INFO o.a.j.t.JMeterThread: Thread finished: iSource_RaceConditionAuction 1-16
2021-07-01 15:37:07,357 INFO o.a.j.t.JMeterThread: Stop Thread detected by thread: iSource_RaceConditionAuction 1-18
2021-07-01 15:37:07,357 INFO o.a.j.t.JMeterThread: Thread finished: iSource_RaceConditionAuction 1-18
2021-07-01 15:37:08,150 INFO o.a.j.t.JMeterThread: Stop Thread detected by thread: iSource_RaceConditionAuction 1-10
2021-07-01 15:37:08,150 INFO o.a.j.t.JMeterThread: Thread finished: iSource_RaceConditionAuction 1-10
2021-07-01 15:37:08,181 INFO o.a.j.t.JMeterThread: Stop Thread detected by thread: iSource_RaceConditionAuction 1-7
2021-07-01 15:37:08,181 INFO o.a.j.t.JMeterThread: Thread finished: iSource_RaceConditionAuction 1-7
2021-07-01 15:37:08,212 INFO o.a.j.t.JMeterThread: Stop Thread detected by thread: iSource_RaceConditionAuction 1-2
2021-07-01 15:37:08,212 INFO o.a.j.t.JMeterThread: Thread finished: iSource_RaceConditionAuction 1-2
2021-07-01 15:37:08,518 INFO o.a.j.t.JMeterThread: Stop Thread detected by thread: iSource_RaceConditionAuction 1-21
2021-07-01 15:37:08,519 INFO o.a.j.t.JMeterThread: Thread finished: iSource_RaceConditionAuction 1-21
2021-07-01 15:37:08,810 INFO o.a.j.t.JMeterThread: Stop Thread detected by thread: iSource_RaceConditionAuction 1-22
2021-07-01 15:37:08,810 INFO o.a.j.t.JMeterThread: Thread finished: iSource_RaceConditionAuction 1-22
2021-07-01 15:37:09,038 INFO o.a.j.t.JMeterThread: Stop Thread detected by thread: iSource_RaceConditionAuction 1-25
2021-07-01 15:37:09,038 INFO o.a.j.t.JMeterThread: Thread finished: iSource_RaceConditionAuction 1-25
2021-07-01 15:37:09,325 INFO o.a.j.t.JMeterThread: Stop Thread detected by thread: iSource_RaceConditionAuction 1-3
2021-07-01 15:37:09,326 INFO o.a.j.t.JMeterThread: Thread finished: iSource_RaceConditionAuction 1-3
2021-07-01 15:37:10,105 INFO o.a.j.t.JMeterThread: Stop Thread detected by thread: iSource_RaceConditionAuction 1-19
2021-07-01 15:37:10,106 INFO o.a.j.t.JMeterThread: Thread finished: iSource_RaceConditionAuction 1-19
2021-07-01 15:37:11,583 INFO o.a.j.t.JMeterThread: Thread started: iSource_RaceConditionAuction 1-27
2021-07-01 15:37:17,602 INFO o.a.j.t.JMeterThread: Thread started: iSource_RaceConditionAuction 1-28
2021-07-01 15:37:23,625 INFO o.a.j.t.JMeterThread: Thread started: iSource_RaceConditionAuction 1-29
2021-07-01 15:37:29,639 INFO o.a.j.t.JMeterThread: Thread started: iSource_RaceConditionAuction 1-30
2021-07-01 15:37:30,500 INFO o.a.j.r.Summariser: summary +    251 in 00:00:30 =    8.2/s Avg:   655 Min:    29 Max:  9442 Err:    16 (6.37%) Active: 6 Started: 30 Finished: 24
2021-07-01 15:37:30,500 INFO o.a.j.r.Summariser: summary =   1639 in 00:02:56 =    9.3/s Avg:   656 Min:    25 Max:  9442 Err:    24 (1.46%)
2021-07-01 15:37:35,661 INFO o.a.j.t.JMeterThread: Thread started: iSource_RaceConditionAuction 1-31
2021-07-01 15:37:41,682 INFO o.a.j.t.JMeterThread: Thread started: iSource_RaceConditionAuction 1-32
2021-07-01 15:37:47,696 INFO o.a.j.t.JMeterThread: Thread started: iSource_RaceConditionAuction 1-33
2021-07-01 15:37:53,713 INFO o.a.j.t.JMeterThread: Thread started: iSource_RaceConditionAuction 1-34
2021-07-01 15:37:59,732 INFO o.a.j.t.JMeterThread: Thread started: iSource_RaceConditionAuction 1-35
2021-07-01 15:38:00,253 INFO o.a.j.r.Summariser: summary +    284 in 00:00:30 =    9.5/s Avg:   462 Min:    32 Max:  4468 Err:     0 (0.00%) Active: 11 Started: 35 Finished: 24
2021-07-01 15:38:00,254 INFO o.a.j.r.Summariser: summary =   1923 in 00:03:25 =    9.4/s Avg:   627 Min:    25 Max:  9442 Err:    24 (1.25%)
2021-07-01 15:38:05,747 INFO o.a.j.t.JMeterThread: Thread started: iSource_RaceConditionAuction 1-36
2021-07-01 15:38:11,763 INFO o.a.j.t.JMeterThread: Thread started: iSource_RaceConditionAuction 1-37
2021-07-01 15:38:17,809 INFO o.a.j.t.JMeterThread: Thread started: iSource_RaceConditionAuction 1-38
2021-07-01 15:38:23,824 INFO o.a.j.t.JMeterThread: Thread started: iSource_RaceConditionAuction 1-39
2021-07-01 15:38:29,840 INFO o.a.j.t.JMeterThread: Thread started: iSource_RaceConditionAuction 1-40
2021-07-01 15:38:30,060 INFO o.a.j.r.Summariser: summary +    306 in 00:00:30 =   10.3/s Avg:   882 Min:    28 Max:  7085 Err:     0 (0.00%) Active: 16 Started: 40 Finished: 24
2021-07-01 15:38:30,061 INFO o.a.j.r.Summariser: summary =   2229 in 00:03:55 =    9.5/s Avg:   662 Min:    25 Max:  9442 Err:    24 (1.08%)
2021-07-01 15:38:35,856 INFO o.a.j.t.JMeterThread: Thread started: iSource_RaceConditionAuction 1-41
2021-07-01 15:38:40,743 INFO o.a.j.t.JMeterThread: Stop Thread detected by thread: iSource_RaceConditionAuction 1-38
2021-07-01 15:38:40,743 INFO o.a.j.t.JMeterThread: Thread finished: iSource_RaceConditionAuction 1-38
2021-07-01 15:38:40,773 INFO o.a.j.t.JMeterThread: Stop Thread detected by thread: iSource_RaceConditionAuction 1-35
2021-07-01 15:38:40,773 INFO o.a.j.t.JMeterThread: Thread finished: iSource_RaceConditionAuction 1-35
2021-07-01 15:38:41,016 INFO o.a.j.t.JMeterThread: Stop Thread detected by thread: iSource_RaceConditionAuction 1-36
2021-07-01 15:38:41,016 INFO o.a.j.t.JMeterThread: Thread finished: iSource_RaceConditionAuction 1-36
2021-07-01 15:38:41,871 INFO o.a.j.t.JMeterThread: Thread started: iSource_RaceConditionAuction 1-42
2021-07-01 15:38:41,893 INFO o.a.j.t.JMeterThread: Stop Thread detected by thread: iSource_RaceConditionAuction 1-26
2021-07-01 15:38:41,893 INFO o.a.j.t.JMeterThread: Thread finished: iSource_RaceConditionAuction 1-26
2021-07-01 15:38:42,211 INFO o.a.j.t.JMeterThread: Stop Thread detected by thread: iSource_RaceConditionAuction 1-30
2021-07-01 15:38:42,211 INFO o.a.j.t.JMeterThread: Thread finished: iSource_RaceConditionAuction 1-30
2021-07-01 15:38:42,609 INFO o.a.j.t.JMeterThread: Stop Thread detected by thread: iSource_RaceConditionAuction 1-31
2021-07-01 15:38:42,609 INFO o.a.j.t.JMeterThread: Thread finished: iSource_RaceConditionAuction 1-31
2021-07-01 15:38:43,914 INFO o.a.j.t.JMeterThread: Stop Thread detected by thread: iSource_RaceConditionAuction 1-40
2021-07-01 15:38:43,915 INFO o.a.j.t.JMeterThread: Thread finished: iSource_RaceConditionAuction 1-40
2021-07-01 15:38:43,920 INFO o.a.j.t.JMeterThread: Stop Thread detected by thread: iSource_RaceConditionAuction 1-39
2021-07-01 15:38:43,920 INFO o.a.j.t.JMeterThread: Thread finished: iSource_RaceConditionAuction 1-39
2021-07-01 15:38:43,962 INFO o.a.j.t.JMeterThread: Stop Thread detected by thread: iSource_RaceConditionAuction 1-28
2021-07-01 15:38:43,962 INFO o.a.j.t.JMeterThread: Thread finished: iSource_RaceConditionAuction 1-28
2021-07-01 15:38:44,154 INFO o.a.j.t.JMeterThread: Stop Thread detected by thread: iSource_RaceConditionAuction 1-37
2021-07-01 15:38:44,154 INFO o.a.j.t.JMeterThread: Thread finished: iSource_RaceConditionAuction 1-37
2021-07-01 15:38:44,952 INFO o.a.j.t.JMeterThread: Thread is done: iSource_RaceConditionAuction 1-17
2021-07-01 15:38:44,952 INFO o.a.j.t.JMeterThread: Thread finished: iSource_RaceConditionAuction 1-17
2021-07-01 15:38:45,010 INFO o.a.j.t.JMeterThread: Stop Thread detected by thread: iSource_RaceConditionAuction 1-41
2021-07-01 15:38:45,010 INFO o.a.j.t.JMeterThread: Thread finished: iSource_RaceConditionAuction 1-41
2021-07-01 15:38:45,765 INFO o.a.j.t.JMeterThread: Stop Thread detected by thread: iSource_RaceConditionAuction 1-34
2021-07-01 15:38:45,765 INFO o.a.j.t.JMeterThread: Thread finished: iSource_RaceConditionAuction 1-34
2021-07-01 15:38:46,307 INFO o.a.j.t.JMeterThread: Stop Thread detected by thread: iSource_RaceConditionAuction 1-27
2021-07-01 15:38:46,307 INFO o.a.j.t.JMeterThread: Thread finished: iSource_RaceConditionAuction 1-27
2021-07-01 15:38:47,885 INFO o.a.j.t.JMeterThread: Thread started: iSource_RaceConditionAuction 1-43
2021-07-01 15:38:47,886 INFO o.a.j.t.JMeterThread: Stop Thread detected by thread: iSource_RaceConditionAuction 1-42
2021-07-01 15:38:47,887 INFO o.a.j.t.JMeterThread: Thread finished: iSource_RaceConditionAuction 1-42
2021-07-01 15:38:53,899 INFO o.a.j.t.JMeterThread: Thread started: iSource_RaceConditionAuction 1-44
2021-07-01 15:38:59,914 INFO o.a.j.t.JMeterThread: Thread started: iSource_RaceConditionAuction 1-45
2021-07-01 15:39:00,008 INFO o.a.j.r.Summariser: summary +    267 in 00:00:30 =    8.9/s Avg:   843 Min:    33 Max:  8495 Err:    14 (5.24%) Active: 6 Started: 45 Finished: 39
2021-07-01 15:39:00,008 INFO o.a.j.r.Summariser: summary =   2496 in 00:04:25 =    9.4/s Avg:   682 Min:    25 Max:  9442 Err:    38 (1.52%)
2021-07-01 15:39:05,931 INFO o.a.j.t.JMeterThread: Thread started: iSource_RaceConditionAuction 1-46
2021-07-01 15:39:11,951 INFO o.a.j.t.JMeterThread: Thread started: iSource_RaceConditionAuction 1-47
2021-07-01 15:39:17,967 INFO o.a.j.t.JMeterThread: Thread started: iSource_RaceConditionAuction 1-48
2021-07-01 15:39:23,980 INFO o.a.j.t.JMeterThread: Thread started: iSource_RaceConditionAuction 1-49
2021-07-01 15:39:29,994 INFO o.a.j.t.JMeterThread: Thread started: iSource_RaceConditionAuction 1-50
2021-07-01 15:39:30,099 INFO o.a.j.r.Summariser: summary +    262 in 00:00:30 =    8.7/s Avg:   624 Min:    42 Max:  5517 Err:     0 (0.00%) Active: 11 Started: 50 Finished: 39
2021-07-01 15:39:30,100 INFO o.a.j.r.Summariser: summary =   2758 in 00:04:55 =    9.3/s Avg:   676 Min:    25 Max:  9442 Err:    38 (1.38%)
2021-07-01 15:40:00,044 INFO o.a.j.r.Summariser: summary +    201 in 00:00:30 =    6.7/s Avg:  1134 Min:    42 Max:  7001 Err:     0 (0.00%) Active: 11 Started: 50 Finished: 39
2021-07-01 15:40:00,044 INFO o.a.j.r.Summariser: summary =   2959 in 00:05:25 =    9.1/s Avg:   707 Min:    25 Max:  9442 Err:    38 (1.28%)
2021-07-01 15:40:02,915 INFO o.a.j.r.ResultCollector: Shutdown hook started
2021-07-01 15:40:02,916 INFO o.a.j.r.ResultCollector: Shutdown hook ended
