2021-07-22 15:17:03,838 INFO o.a.j.u.JMeterUtils: Setting Locale to en_EN
2021-07-22 15:17:03,851 INFO o.a.j.JMeter: Loading user properties from: user.properties
2021-07-22 15:17:03,852 INFO o.a.j.JMeter: Loading system properties from: system.properties
2021-07-22 15:17:03,852 INFO o.a.j.JMeter: Setting JMeter property: meter.reportgenerator.report_title=RFQMultipleQuestionsPublish
2021-07-22 15:17:03,853 INFO o.a.j.JMeter: Setting JMeter property: thread=10
2021-07-22 15:17:03,853 INFO o.a.j.JMeter: Setting JMeter property: rampup=30
2021-07-22 15:17:03,860 INFO o.a.j.JMeter: Copyright (c) 1998-2019 The Apache Software Foundation
2021-07-22 15:17:03,861 INFO o.a.j.JMeter: Version 5.1 r1853635
2021-07-22 15:17:03,861 INFO o.a.j.JMeter: java.version=1.8.0_144
2021-07-22 15:17:03,861 INFO o.a.j.JMeter: java.vm.name=Java HotSpot(TM) 64-Bit Server VM
2021-07-22 15:17:03,861 INFO o.a.j.JMeter: os.name=Windows 10
2021-07-22 15:17:03,861 INFO o.a.j.JMeter: os.arch=amd64
2021-07-22 15:17:03,861 INFO o.a.j.JMeter: os.version=10.0
2021-07-22 15:17:03,861 INFO o.a.j.JMeter: file.encoding=Cp1252
2021-07-22 15:17:03,861 INFO o.a.j.JMeter: java.awt.headless=true
2021-07-22 15:17:03,861 INFO o.a.j.JMeter: Max memory     =8589934592
2021-07-22 15:17:03,861 INFO o.a.j.JMeter: Available Processors =4
2021-07-22 15:17:03,865 INFO o.a.j.JMeter: Default Locale=English (EN)
2021-07-22 15:17:03,865 INFO o.a.j.JMeter: JMeter  Locale=English (EN)
2021-07-22 15:17:03,865 INFO o.a.j.JMeter: JMeterHome=D:\apache-jmeter-5.1\apache-jmeter-5.1
2021-07-22 15:17:03,865 INFO o.a.j.JMeter: user.dir  =D:\apache-jmeter-5.1\apache-jmeter-5.1\bin
2021-07-22 15:17:03,865 INFO o.a.j.JMeter: PWD       =D:\apache-jmeter-5.1\apache-jmeter-5.1\bin
2021-07-22 15:17:03,867 INFO o.a.j.JMeter: IP: 192.168.35.159 Name: ZIPLSY1584 FullName: host.docker.internal
2021-07-22 15:17:03,870 INFO o.a.j.JMeter: Setting property 'jmeter.reportgenerator.outputdir' to:'C:\xampp\htdocs\performance\L0_iSource_10_RFQMultipleQuestionsPublish_2021-07-22_11'
2021-07-22 15:17:03,874 INFO o.a.j.s.FileServer: Default base='D:\apache-jmeter-5.1\apache-jmeter-5.1\bin'
2021-07-22 15:17:03,881 INFO o.a.j.s.FileServer: Set new base='D:\PEAutomation\Partner\iSource'
2021-07-22 15:17:04,031 INFO o.a.j.s.SaveService: Testplan (JMX) version: 2.2. Testlog (JTL) version: 2.2
2021-07-22 15:17:04,051 INFO o.a.j.s.SaveService: Using SaveService properties file encoding UTF-8
2021-07-22 15:17:04,057 INFO o.a.j.s.SaveService: Using SaveService properties version 5.0
2021-07-22 15:17:04,063 INFO o.a.j.s.SaveService: Loading file: D:\PEAutomation\Partner\iSource\L0_iSource_RFQMultipleQuestionsPublish.jmx
2021-07-22 15:17:04,114 INFO o.a.j.p.h.c.CookieManager: Settings: Delete null: true Check: true Allow variable: true Save: false Prefix: COOKIE_
2021-07-22 15:17:04,118 INFO o.a.j.p.h.c.CacheManager: Will only cache the following methods: [GET]
2021-07-22 15:17:04,130 INFO o.a.j.p.h.s.HTTPSamplerBase: Parser for text/html is org.apache.jmeter.protocol.http.parser.LagartoBasedHtmlParser
2021-07-22 15:17:04,130 INFO o.a.j.p.h.s.HTTPSamplerBase: Parser for application/xhtml+xml is org.apache.jmeter.protocol.http.parser.LagartoBasedHtmlParser
2021-07-22 15:17:04,130 INFO o.a.j.p.h.s.HTTPSamplerBase: Parser for application/xml is org.apache.jmeter.protocol.http.parser.LagartoBasedHtmlParser
2021-07-22 15:17:04,130 INFO o.a.j.p.h.s.HTTPSamplerBase: Parser for text/xml is org.apache.jmeter.protocol.http.parser.LagartoBasedHtmlParser
2021-07-22 15:17:04,130 INFO o.a.j.p.h.s.HTTPSamplerBase: Parser for text/vnd.wap.wml is org.apache.jmeter.protocol.http.parser.RegexpHTMLParser
2021-07-22 15:17:04,130 INFO o.a.j.p.h.s.HTTPSamplerBase: Parser for text/css is org.apache.jmeter.protocol.http.parser.CssParser
2021-07-22 15:17:04,687 INFO o.a.j.JMeter: Creating summariser <summary>
2021-07-22 15:17:04,692 INFO o.a.j.r.d.ReportGenerator: ReportGenerator will use for Parsing the separator: ','
2021-07-22 15:17:04,692 INFO o.a.j.r.d.ReportGenerator: Will generate report at end of test from  results file: D:\PEAutomation\Partner\iSource\JTL\L0_iSource_10_RFQMultipleQuestionsPublish_2021-07-22_11.jtl
2021-07-22 15:17:04,692 INFO o.a.j.r.d.ReportGenerator: Reading report generator properties from: D:\apache-jmeter-5.1\apache-jmeter-5.1\bin\reportgenerator.properties
2021-07-22 15:17:04,693 INFO o.a.j.r.d.ReportGenerator: Merging with JMeter properties
2021-07-22 15:17:04,699 INFO o.a.j.r.c.ReportGeneratorConfiguration: Property 'jmeter.reportgenerator.temp_dir' not found, using default value 'temp' instead.
2021-07-22 15:17:04,701 INFO o.a.j.r.c.ReportGeneratorConfiguration: Property 'jmeter.reportgenerator.apdex_per_transaction' not found, using default value 'null' instead.
2021-07-22 15:17:04,702 INFO o.a.j.r.c.ReportGeneratorConfiguration: apdex_per_transaction : {} is empty, not APDEX per transaction customization
2021-07-22 15:17:04,702 INFO o.a.j.r.c.ReportGeneratorConfiguration: Property 'jmeter.reportgenerator.sample_filter' not found, using default value 'null' instead.
2021-07-22 15:17:04,702 INFO o.a.j.r.c.ReportGeneratorConfiguration: Property 'jmeter.reportgenerator.report_title' not found, using default value 'null' instead.
2021-07-22 15:17:04,702 INFO o.a.j.r.c.ReportGeneratorConfiguration: Property 'jmeter.reportgenerator.start_date' not found, using default value 'null' instead.
2021-07-22 15:17:04,703 INFO o.a.j.r.c.ReportGeneratorConfiguration: Property 'jmeter.reportgenerator.end_date' not found, using default value 'null' instead.
2021-07-22 15:17:04,703 INFO o.a.j.r.c.ReportGeneratorConfiguration: Property 'jmeter.reportgenerator.date_format' not found, using default value 'null' instead.
2021-07-22 15:17:04,704 INFO o.a.j.r.c.ReportGeneratorConfiguration: Will use date range start date: null, end date: null
2021-07-22 15:17:04,708 INFO o.a.j.r.c.ReportGeneratorConfiguration: Property 'jmeter.reportgenerator.graph.totalTPS.exclude_controllers' not found, using default value 'false' instead.
2021-07-22 15:17:04,708 INFO o.a.j.r.c.ReportGeneratorConfiguration: Property 'jmeter.reportgenerator.graph.activeThreadsOverTime.exclude_controllers' not found, using default value 'false' instead.
2021-07-22 15:17:04,709 INFO o.a.j.r.c.ReportGeneratorConfiguration: Property 'jmeter.reportgenerator.graph.timeVsThreads.exclude_controllers' not found, using default value 'false' instead.
2021-07-22 15:17:04,709 INFO o.a.j.r.c.ReportGeneratorConfiguration: Property 'jmeter.reportgenerator.graph.responseTimeDistribution.exclude_controllers' not found, using default value 'false' instead.
2021-07-22 15:17:04,709 INFO o.a.j.r.c.ReportGeneratorConfiguration: Property 'jmeter.reportgenerator.graph.transactionsPerSecond.exclude_controllers' not found, using default value 'false' instead.
2021-07-22 15:17:04,709 INFO o.a.j.r.c.ReportGeneratorConfiguration: Property 'jmeter.reportgenerator.graph.responseTimePercentiles.exclude_controllers' not found, using default value 'false' instead.
2021-07-22 15:17:04,710 INFO o.a.j.r.c.ReportGeneratorConfiguration: Property 'jmeter.reportgenerator.graph.responseTimePercentilesOverTime.exclude_controllers' not found, using default value 'false' instead.
2021-07-22 15:17:04,711 INFO o.a.j.r.c.ReportGeneratorConfiguration: Property 'jmeter.reportgenerator.graph.responseTimesOverTime.exclude_controllers' not found, using default value 'false' instead.
2021-07-22 15:17:04,712 INFO o.a.j.r.c.ReportGeneratorConfiguration: Property 'jmeter.reportgenerator.graph.connectTimeOverTime.exclude_controllers' not found, using default value 'false' instead.
2021-07-22 15:17:04,712 INFO o.a.j.r.c.ReportGeneratorConfiguration: Property 'jmeter.reportgenerator.graph.latenciesOverTime.exclude_controllers' not found, using default value 'false' instead.
2021-07-22 15:17:04,713 INFO o.a.j.r.c.ReportGeneratorConfiguration: Property 'jmeter.reportgenerator.exporter.json.filters_only_sample_series' not found, using default value 'true' instead.
2021-07-22 15:17:04,714 INFO o.a.j.r.c.ReportGeneratorConfiguration: Property 'jmeter.reportgenerator.exporter.json.series_filter' not found, using default value '' instead.
2021-07-22 15:17:04,714 INFO o.a.j.r.c.ReportGeneratorConfiguration: Property 'jmeter.reportgenerator.exporter.json.show_controllers_only' not found, using default value 'false' instead.
2021-07-22 15:17:04,715 INFO o.a.j.r.c.ReportGeneratorConfiguration: Property 'jmeter.reportgenerator.exporter.html.filters_only_sample_series' not found, using default value 'true' instead.
2021-07-22 15:17:04,715 INFO o.a.j.r.c.ReportGeneratorConfiguration: Property 'jmeter.reportgenerator.exporter.html.series_filter' not found, using default value '' instead.
2021-07-22 15:17:04,715 INFO o.a.j.r.c.ReportGeneratorConfiguration: Property 'jmeter.reportgenerator.exporter.html.show_controllers_only' not found, using default value 'false' instead.
2021-07-22 15:17:04,732 INFO o.a.j.e.StandardJMeterEngine: Running the test!
2021-07-22 15:17:04,733 INFO o.a.j.s.SampleEvent: List of sample_variables: []
2021-07-22 15:17:04,733 INFO o.a.j.s.SampleEvent: List of sample_variables: []
2021-07-22 15:17:04,744 INFO o.a.j.e.u.CompoundVariable: Note: Function class names must contain the string: '.functions.'
2021-07-22 15:17:04,744 INFO o.a.j.e.u.CompoundVariable: Note: Function class names must not contain the string: '.gui.'
2021-07-22 15:17:05,323 INFO o.a.j.JMeter: Running test (1626947225323)
2021-07-22 15:17:05,415 INFO o.a.j.e.StandardJMeterEngine: Starting ThreadGroup: 1 : L0-iSource-JOB
2021-07-22 15:17:05,415 INFO o.a.j.e.StandardJMeterEngine: Starting 10 threads for group L0-iSource-JOB.
2021-07-22 15:17:05,415 INFO o.a.j.e.StandardJMeterEngine: Thread will stop on error
2021-07-22 15:17:05,415 INFO o.a.j.t.ThreadGroup: Starting thread group... number=1 threads=10 ramp-up=30 perThread=3000.0 delayedStart=false
2021-07-22 15:17:05,499 INFO o.a.j.s.SampleResult: Note: Sample TimeStamps are START times
2021-07-22 15:17:05,500 INFO o.a.j.s.SampleResult: sampleresult.default.encoding is set to ISO-8859-1
2021-07-22 15:17:05,500 INFO o.a.j.s.SampleResult: sampleresult.useNanoTime=true
2021-07-22 15:17:05,500 INFO o.a.j.s.SampleResult: sampleresult.nanoThreadSleep=5000
2021-07-22 15:17:05,518 INFO o.a.j.t.JMeterThread: Thread started: L0-iSource-JOB 1-1
2021-07-22 15:17:05,521 INFO o.a.j.c.LoopController: iterationStart called on 5.6# Questions_Text with source org.apache.jmeter.control.LoopController@6c5c831a and iteration 1
2021-07-22 15:17:05,521 INFO o.a.j.c.LoopController: iterationStart called on 5.4# Questions_Multichoice with source org.apache.jmeter.control.LoopController@6c5c831a and iteration 1
2021-07-22 15:17:05,522 INFO o.a.j.s.FileServer: Stored: D:\apache-jmeter-5.1\apache-jmeter-5.1\bin\excel\isource\Partner_ZCS_Users.csv
2021-07-22 15:17:05,583 INFO o.a.j.p.h.s.HTTPHCAbstractImpl: Local host = ZIPLSY1584
2021-07-22 15:17:05,589 INFO o.a.j.p.h.s.HTTPHC4Impl: HTTP request retry count = 0
2021-07-22 15:17:05,654 INFO o.a.j.t.ThreadGroup: Started thread group number 1
2021-07-22 15:17:05,654 INFO o.a.j.e.StandardJMeterEngine: All thread groups have been started
2021-07-22 15:17:05,704 INFO o.a.j.p.h.s.h.LazyLayeredConnectionSocketFactory: Setting up HTTPS TrustAll Socket Factory
2021-07-22 15:17:05,710 INFO o.a.j.u.JsseSSLManager: Using default SSL protocol: TLS
2021-07-22 15:17:05,710 INFO o.a.j.u.JsseSSLManager: SSL session context: per-thread
2021-07-22 15:17:06,005 INFO o.a.j.u.SSLManager: JmeterKeyStore Location:  type JKS
2021-07-22 15:17:06,007 INFO o.a.j.u.SSLManager: KeyStore created OK
2021-07-22 15:17:06,007 WARN o.a.j.u.SSLManager: Keystore file not found, loading empty keystore
2021-07-22 15:17:08,518 INFO o.a.j.t.JMeterThread: Thread started: L0-iSource-JOB 1-2
2021-07-22 15:17:08,520 INFO o.a.j.c.LoopController: iterationStart called on 5.6# Questions_Text with source org.apache.jmeter.control.LoopController@748be45b and iteration 1
2021-07-22 15:17:08,521 INFO o.a.j.c.LoopController: iterationStart called on 5.4# Questions_Multichoice with source org.apache.jmeter.control.LoopController@748be45b and iteration 1
2021-07-22 15:17:11,541 INFO o.a.j.t.JMeterThread: Thread started: L0-iSource-JOB 1-3
2021-07-22 15:17:11,542 INFO o.a.j.c.LoopController: iterationStart called on 5.6# Questions_Text with source org.apache.jmeter.control.LoopController@2c92d23f and iteration 1
2021-07-22 15:17:11,542 INFO o.a.j.c.LoopController: iterationStart called on 5.4# Questions_Multichoice with source org.apache.jmeter.control.LoopController@2c92d23f and iteration 1
2021-07-22 15:17:13,195 INFO o.a.j.t.JMeterThread: Stop Thread detected by thread: L0-iSource-JOB 1-1
2021-07-22 15:17:13,195 INFO o.a.j.t.JMeterThread: Thread finished: L0-iSource-JOB 1-1
2021-07-22 15:17:14,537 INFO o.a.j.t.JMeterThread: Thread started: L0-iSource-JOB 1-4
2021-07-22 15:17:14,537 INFO o.a.j.c.LoopController: iterationStart called on 5.6# Questions_Text with source org.apache.jmeter.control.LoopController@34a270bd and iteration 1
2021-07-22 15:17:14,538 INFO o.a.j.c.LoopController: iterationStart called on 5.4# Questions_Multichoice with source org.apache.jmeter.control.LoopController@34a270bd and iteration 1
2021-07-22 15:17:15,482 INFO o.a.j.t.JMeterThread: Stop Thread detected by thread: L0-iSource-JOB 1-2
2021-07-22 15:17:15,482 INFO o.a.j.t.JMeterThread: Thread finished: L0-iSource-JOB 1-2
2021-07-22 15:17:17,607 INFO o.a.j.t.JMeterThread: Thread started: L0-iSource-JOB 1-5
2021-07-22 15:17:17,607 INFO o.a.j.c.LoopController: iterationStart called on 5.6# Questions_Text with source org.apache.jmeter.control.LoopController@2b5487f9 and iteration 1
2021-07-22 15:17:17,608 INFO o.a.j.c.LoopController: iterationStart called on 5.4# Questions_Multichoice with source org.apache.jmeter.control.LoopController@2b5487f9 and iteration 1
2021-07-22 15:17:18,423 INFO o.a.j.t.JMeterThread: Stop Thread detected by thread: L0-iSource-JOB 1-3
2021-07-22 15:17:18,424 INFO o.a.j.t.JMeterThread: Thread finished: L0-iSource-JOB 1-3
2021-07-22 15:17:20,612 INFO o.a.j.t.JMeterThread: Thread started: L0-iSource-JOB 1-6
2021-07-22 15:17:20,613 INFO o.a.j.c.LoopController: iterationStart called on 5.6# Questions_Text with source org.apache.jmeter.control.LoopController@17b6b130 and iteration 1
2021-07-22 15:17:20,614 INFO o.a.j.c.LoopController: iterationStart called on 5.4# Questions_Multichoice with source org.apache.jmeter.control.LoopController@17b6b130 and iteration 1
2021-07-22 15:17:21,541 INFO o.a.j.t.JMeterThread: Stop Thread detected by thread: L0-iSource-JOB 1-4
2021-07-22 15:17:21,542 INFO o.a.j.t.JMeterThread: Thread finished: L0-iSource-JOB 1-4
2021-07-22 15:17:23,617 INFO o.a.j.t.JMeterThread: Thread started: L0-iSource-JOB 1-7
2021-07-22 15:17:23,619 INFO o.a.j.c.LoopController: iterationStart called on 5.6# Questions_Text with source org.apache.jmeter.control.LoopController@36b7b355 and iteration 1
2021-07-22 15:17:23,619 INFO o.a.j.c.LoopController: iterationStart called on 5.4# Questions_Multichoice with source org.apache.jmeter.control.LoopController@36b7b355 and iteration 1
2021-07-22 15:17:24,808 INFO o.a.j.t.JMeterThread: Stop Thread detected by thread: L0-iSource-JOB 1-5
2021-07-22 15:17:24,808 INFO o.a.j.t.JMeterThread: Thread finished: L0-iSource-JOB 1-5
2021-07-22 15:17:26,683 INFO o.a.j.t.JMeterThread: Thread started: L0-iSource-JOB 1-8
2021-07-22 15:17:26,685 INFO o.a.j.c.LoopController: iterationStart called on 5.6# Questions_Text with source org.apache.jmeter.control.LoopController@26ef77d5 and iteration 1
2021-07-22 15:17:26,685 INFO o.a.j.c.LoopController: iterationStart called on 5.4# Questions_Multichoice with source org.apache.jmeter.control.LoopController@26ef77d5 and iteration 1
2021-07-22 15:17:27,524 INFO o.a.j.t.JMeterThread: Stop Thread detected by thread: L0-iSource-JOB 1-6
2021-07-22 15:17:27,524 INFO o.a.j.t.JMeterThread: Thread finished: L0-iSource-JOB 1-6
2021-07-22 15:17:29,689 INFO o.a.j.t.JMeterThread: Thread started: L0-iSource-JOB 1-9
2021-07-22 15:17:29,690 INFO o.a.j.c.LoopController: iterationStart called on 5.6# Questions_Text with source org.apache.jmeter.control.LoopController@3acca318 and iteration 1
2021-07-22 15:17:29,690 INFO o.a.j.c.LoopController: iterationStart called on 5.4# Questions_Multichoice with source org.apache.jmeter.control.LoopController@3acca318 and iteration 1
2021-07-22 15:17:30,352 INFO o.a.j.r.Summariser: summary +     23 in 00:00:25 =    0.9/s Avg:   330 Min:    13 Max:   998 Err:     6 (26.09%) Active: 3 Started: 9 Finished: 6
2021-07-22 15:17:30,762 INFO o.a.j.t.JMeterThread: Stop Thread detected by thread: L0-iSource-JOB 1-7
2021-07-22 15:17:30,762 INFO o.a.j.t.JMeterThread: Thread finished: L0-iSource-JOB 1-7
2021-07-22 15:17:32,690 INFO o.a.j.t.JMeterThread: Thread started: L0-iSource-JOB 1-10
2021-07-22 15:17:32,692 INFO o.a.j.c.LoopController: iterationStart called on 5.6# Questions_Text with source org.apache.jmeter.control.LoopController@6ae41d0 and iteration 1
2021-07-22 15:17:32,692 INFO o.a.j.c.LoopController: iterationStart called on 5.4# Questions_Multichoice with source org.apache.jmeter.control.LoopController@6ae41d0 and iteration 1
2021-07-22 15:17:33,786 INFO o.a.j.t.JMeterThread: Stop Thread detected by thread: L0-iSource-JOB 1-8
2021-07-22 15:17:33,787 INFO o.a.j.t.JMeterThread: Thread finished: L0-iSource-JOB 1-8
2021-07-22 15:17:36,807 INFO o.a.j.t.JMeterThread: Stop Thread detected by thread: L0-iSource-JOB 1-9
2021-07-22 15:17:36,807 INFO o.a.j.t.JMeterThread: Thread finished: L0-iSource-JOB 1-9
2021-07-22 15:17:39,430 INFO o.a.j.t.JMeterThread: Stop Thread detected by thread: L0-iSource-JOB 1-10
2021-07-22 15:17:39,431 INFO o.a.j.t.JMeterThread: Thread finished: L0-iSource-JOB 1-10
2021-07-22 15:17:39,432 INFO o.a.j.e.StandardJMeterEngine: Notifying test listeners of end of test
2021-07-22 15:17:39,432 INFO o.a.j.s.FileServer: Close: D:\apache-jmeter-5.1\apache-jmeter-5.1\bin\excel\isource\Partner_ZCS_Users.csv
2021-07-22 15:17:39,435 INFO o.a.j.r.Summariser: summary +      7 in 00:00:09 =    0.8/s Avg:   327 Min:    12 Max:   767 Err:     4 (57.14%) Active: 0 Started: 10 Finished: 10
2021-07-22 15:17:39,436 INFO o.a.j.r.Summariser: summary =     30 in 00:00:34 =    0.9/s Avg:   329 Min:    12 Max:   998 Err:    10 (33.33%)
2021-07-22 15:17:39,437 INFO o.a.j.JMeter: Generating Dashboard
2021-07-22 15:17:39,437 INFO o.a.j.r.d.ReportGenerator: Flushing result collector before report Generation
2021-07-22 15:17:39,448 INFO o.a.j.r.p.NormalizerSampleConsumer: Using format, 'ms', to parse timeStamp field
2021-07-22 15:17:39,517 INFO o.a.j.r.p.AbstractSampleConsumer: class org.apache.jmeter.report.processor.AggregateConsumer#stopProducing(): beginDate produced 0 samples
2021-07-22 15:17:39,517 INFO o.a.j.r.p.AbstractSampleConsumer: class org.apache.jmeter.report.processor.AggregateConsumer#stopProducing(): endDate produced 0 samples
2021-07-22 15:17:39,519 INFO o.a.j.r.p.AbstractSampleConsumer: class org.apache.jmeter.report.processor.ApdexSummaryConsumer#stopProducing(): apdexSummary produced 0 samples
2021-07-22 15:17:39,519 INFO o.a.j.r.p.AbstractSampleConsumer: class org.apache.jmeter.report.processor.RequestsSummaryConsumer#stopProducing(): requestsSummary produced 0 samples
2021-07-22 15:17:39,523 INFO o.a.j.r.p.AbstractSampleConsumer: class org.apache.jmeter.report.processor.StatisticsSummaryConsumer#stopProducing(): statisticsSummary produced 0 samples
2021-07-22 15:17:39,527 INFO o.a.j.r.p.AbstractSampleConsumer: class org.apache.jmeter.report.processor.Top5ErrorsBySamplerConsumer#stopProducing(): top5ErrorsBySampler produced 0 samples
2021-07-22 15:17:39,527 INFO o.a.j.r.p.AbstractSampleConsumer: class org.apache.jmeter.report.processor.ErrorsSummaryConsumer#stopProducing(): errorsSummary produced 0 samples
2021-07-22 15:17:39,527 INFO o.a.j.r.p.AbstractSampleConsumer: class org.apache.jmeter.report.processor.graph.impl.HitsPerSecondGraphConsumer#stopProducing(): hitsPerSecond produced 0 samples
2021-07-22 15:17:39,536 INFO o.a.j.r.p.AbstractSampleConsumer: class org.apache.jmeter.report.processor.graph.impl.LatencyVSRequestGraphConsumer#stopProducing(): latencyVsRequest produced 0 samples
2021-07-22 15:17:39,536 INFO o.a.j.r.p.AbstractSampleConsumer: class org.apache.jmeter.report.processor.graph.impl.SyntheticResponseTimeDistributionGraphConsumer#stopProducing(): syntheticResponseTimeDistribution produced 0 samples
2021-07-22 15:17:39,537 INFO o.a.j.r.p.AbstractSampleConsumer: class org.apache.jmeter.report.processor.graph.impl.BytesThroughputGraphConsumer#stopProducing(): bytesThroughputOverTime produced 0 samples
2021-07-22 15:17:39,537 INFO o.a.j.r.p.AbstractSampleConsumer: class org.apache.jmeter.report.processor.graph.impl.CodesPerSecondGraphConsumer#stopProducing(): codesPerSecond produced 0 samples
2021-07-22 15:17:39,540 INFO o.a.j.r.p.AbstractSampleConsumer: class org.apache.jmeter.report.processor.graph.impl.ResponseTimeVSRequestGraphConsumer#stopProducing(): responseTimeVsRequest produced 0 samples
2021-07-22 15:17:39,541 INFO o.a.j.r.p.AbstractSampleConsumer: class org.apache.jmeter.report.processor.FilterConsumer#stopProducing(): startIntervalControlerFilter produced 210 samples
2021-07-22 15:17:39,541 INFO o.a.j.r.p.AbstractSampleConsumer: class org.apache.jmeter.report.processor.graph.impl.TotalTPSGraphConsumer#stopProducing(): totalTPS produced 0 samples
2021-07-22 15:17:39,541 INFO o.a.j.r.p.AbstractSampleConsumer: class org.apache.jmeter.report.processor.graph.impl.ActiveThreadsGraphConsumer#stopProducing(): activeThreadsOverTime produced 0 samples
2021-07-22 15:17:39,541 INFO o.a.j.r.p.AbstractSampleConsumer: class org.apache.jmeter.report.processor.graph.impl.TimeVSThreadGraphConsumer#stopProducing(): timeVsThreads produced 0 samples
2021-07-22 15:17:39,541 INFO o.a.j.r.p.AbstractSampleConsumer: class org.apache.jmeter.report.processor.graph.impl.ResponseTimeDistributionGraphConsumer#stopProducing(): responseTimeDistribution produced 0 samples
2021-07-22 15:17:39,541 INFO o.a.j.r.p.AbstractSampleConsumer: class org.apache.jmeter.report.processor.graph.impl.TransactionsPerSecondGraphConsumer#stopProducing(): transactionsPerSecond produced 0 samples
2021-07-22 15:17:39,541 INFO o.a.j.r.p.AbstractSampleConsumer: class org.apache.jmeter.report.processor.graph.impl.ResponseTimePercentilesGraphConsumer#stopProducing(): responseTimePercentiles produced 0 samples
2021-07-22 15:17:39,542 INFO o.a.j.r.p.AbstractSampleConsumer: class org.apache.jmeter.report.processor.graph.impl.ResponseTimePercentilesOverTimeGraphConsumer#stopProducing(): responseTimePercentilesOverTime produced 0 samples
2021-07-22 15:17:39,542 INFO o.a.j.r.p.AbstractSampleConsumer: class org.apache.jmeter.report.processor.graph.impl.ResponseTimeOverTimeGraphConsumer#stopProducing(): responseTimesOverTime produced 0 samples
2021-07-22 15:17:39,542 INFO o.a.j.r.p.AbstractSampleConsumer: class org.apache.jmeter.report.processor.graph.impl.ConnectTimeOverTimeGraphConsumer#stopProducing(): connectTimeOverTime produced 0 samples
2021-07-22 15:17:39,542 INFO o.a.j.r.p.AbstractSampleConsumer: class org.apache.jmeter.report.processor.graph.impl.LatencyOverTimeGraphConsumer#stopProducing(): latenciesOverTime produced 0 samples
2021-07-22 15:17:39,542 INFO o.a.j.r.p.AbstractSampleConsumer: class org.apache.jmeter.report.processor.FilterConsumer#stopProducing(): nameFilter produced 600 samples
2021-07-22 15:17:39,543 INFO o.a.j.r.p.AbstractSampleConsumer: class org.apache.jmeter.report.processor.FilterConsumer#stopProducing(): dateRangeFilter produced 120 samples
2021-07-22 15:17:39,543 INFO o.a.j.r.p.AbstractSampleConsumer: class org.apache.jmeter.report.processor.NormalizerSampleConsumer#stopProducing(): normalizer produced 40 samples
2021-07-22 15:17:39,543 INFO o.a.j.r.p.CsvFileSampleSource: produce(): 40 samples produced in 76ms on channel 0
2021-07-22 15:17:39,543 INFO o.a.j.r.d.ReportGenerator: Exporting data using exporter:'json' of className:'org.apache.jmeter.report.dashboard.JsonExporter'
2021-07-22 15:17:39,545 INFO o.a.j.r.d.JsonExporter: Found data for consumer statisticsSummary in context
2021-07-22 15:17:39,545 INFO o.a.j.r.d.JsonExporter: Creating statistics for overall
2021-07-22 15:17:39,545 INFO o.a.j.r.d.JsonExporter: Creating statistics for other transactions
2021-07-22 15:17:39,546 INFO o.a.j.r.d.JsonExporter: Checking output folder
2021-07-22 15:17:39,548 INFO o.a.j.r.d.JsonExporter: Writing statistics JSON to C:\xampp\htdocs\performance\L0_iSource_10_RFQMultipleQuestionsPublish_2021-07-22_11\statistics.json
2021-07-22 15:17:39,689 INFO o.a.j.r.d.ReportGenerator: Exporting data using exporter:'html' of className:'org.apache.jmeter.report.dashboard.HtmlTemplateExporter'
2021-07-22 15:17:39,692 INFO o.a.j.r.d.HtmlTemplateExporter: Will generate dashboard in folder: C:\xampp\htdocs\performance\L0_iSource_10_RFQMultipleQuestionsPublish_2021-07-22_11
2021-07-22 15:17:39,755 INFO o.a.j.r.d.HtmlTemplateExporter: Report will be generated in: C:\xampp\htdocs\performance\L0_iSource_10_RFQMultipleQuestionsPublish_2021-07-22_11, creating folder structure
2021-07-22 15:17:39,758 INFO o.a.j.r.d.TemplateVisitor: Copying folder from 'D:\apache-jmeter-5.1\apache-jmeter-5.1\bin\report-template' to 'C:\xampp\htdocs\performance\L0_iSource_10_RFQMultipleQuestionsPublish_2021-07-22_11', got message:[C:\xampp\htdocs\performance\L0_iSource_10_RFQMultipleQuestionsPublish_2021-07-22_11\statistics.json], found non empty folder with following content {}, will be ignored
2021-07-22 15:17:40,956 INFO o.a.j.JMeter: Dashboard generated
