2021-05-19 13:16:28,685 INFO o.a.j.u.JMeterUtils: Setting Locale to en_EN
2021-05-19 13:16:28,696 INFO o.a.j.JMeter: Loading user properties from: user.properties
2021-05-19 13:16:28,696 INFO o.a.j.JMeter: Loading system properties from: system.properties
2021-05-19 13:16:28,696 INFO o.a.j.JMeter: Setting JMeter property: meter.reportgenerator.report_title=AuctionAddSuppliers
2021-05-19 13:16:28,696 INFO o.a.j.JMeter: Setting JMeter property: thread=10
2021-05-19 13:16:28,696 INFO o.a.j.JMeter: Setting JMeter property: rampup=50
2021-05-19 13:16:28,700 INFO o.a.j.JMeter: Copyright (c) 1998-2019 The Apache Software Foundation
2021-05-19 13:16:28,700 INFO o.a.j.JMeter: Version 5.1 r1853635
2021-05-19 13:16:28,700 INFO o.a.j.JMeter: java.version=1.8.0_121
2021-05-19 13:16:28,700 INFO o.a.j.JMeter: java.vm.name=Java HotSpot(TM) 64-Bit Server VM
2021-05-19 13:16:28,700 INFO o.a.j.JMeter: os.name=Windows 10
2021-05-19 13:16:28,701 INFO o.a.j.JMeter: os.arch=amd64
2021-05-19 13:16:28,701 INFO o.a.j.JMeter: os.version=10.0
2021-05-19 13:16:28,701 INFO o.a.j.JMeter: file.encoding=Cp1252
2021-05-19 13:16:28,701 INFO o.a.j.JMeter: java.awt.headless=true
2021-05-19 13:16:28,701 INFO o.a.j.JMeter: Max memory     =8589934592
2021-05-19 13:16:28,701 INFO o.a.j.JMeter: Available Processors =6
2021-05-19 13:16:28,703 INFO o.a.j.JMeter: Default Locale=English (EN)
2021-05-19 13:16:28,703 INFO o.a.j.JMeter: JMeter  Locale=English (EN)
2021-05-19 13:16:28,704 INFO o.a.j.JMeter: JMeterHome=D:\apache-jmeter-5.1\apache-jmeter-5.1
2021-05-19 13:16:28,704 INFO o.a.j.JMeter: user.dir  =D:\apache-jmeter-5.1\apache-jmeter-5.1\bin
2021-05-19 13:16:28,704 INFO o.a.j.JMeter: PWD       =D:\apache-jmeter-5.1\apache-jmeter-5.1\bin
2021-05-19 13:16:28,705 INFO o.a.j.JMeter: IP: 172.30.225.123 Name: ZIPLSY2278 FullName: ZIPLSY2278.zycus.net
2021-05-19 13:16:28,707 INFO o.a.j.JMeter: Setting property 'jmeter.reportgenerator.outputdir' to:'C:\xampp\htdocs\PerformancePostgres\L0_iSource_10_AuctionAddSuppliers_2021-05-19_2'
2021-05-19 13:16:28,708 INFO o.a.j.s.FileServer: Default base='D:\apache-jmeter-5.1\apache-jmeter-5.1\bin'
2021-05-19 13:16:28,711 INFO o.a.j.s.FileServer: Set new base='D:\PostrgresMigration\iSource'
2021-05-19 13:16:28,804 INFO o.a.j.s.SaveService: Testplan (JMX) version: 2.2. Testlog (JTL) version: 2.2
2021-05-19 13:16:28,814 INFO o.a.j.s.SaveService: Using SaveService properties file encoding UTF-8
2021-05-19 13:16:28,818 INFO o.a.j.s.SaveService: Using SaveService properties version 5.0
2021-05-19 13:16:28,824 INFO o.a.j.s.SaveService: Loading file: D:\PostrgresMigration\iSource\L1_iSource_AuctionAddSuppliers.jmx
2021-05-19 13:16:28,864 INFO o.a.j.p.h.c.CookieManager: Settings: Delete null: true Check: true Allow variable: true Save: false Prefix: COOKIE_
2021-05-19 13:16:28,869 INFO o.a.j.p.h.c.CacheManager: Will only cache the following methods: [GET]
2021-05-19 13:16:28,876 INFO o.a.j.p.h.s.HTTPSamplerBase: Parser for text/html is org.apache.jmeter.protocol.http.parser.LagartoBasedHtmlParser
2021-05-19 13:16:28,876 INFO o.a.j.p.h.s.HTTPSamplerBase: Parser for application/xhtml+xml is org.apache.jmeter.protocol.http.parser.LagartoBasedHtmlParser
2021-05-19 13:16:28,876 INFO o.a.j.p.h.s.HTTPSamplerBase: Parser for application/xml is org.apache.jmeter.protocol.http.parser.LagartoBasedHtmlParser
2021-05-19 13:16:28,876 INFO o.a.j.p.h.s.HTTPSamplerBase: Parser for text/xml is org.apache.jmeter.protocol.http.parser.LagartoBasedHtmlParser
2021-05-19 13:16:28,877 INFO o.a.j.p.h.s.HTTPSamplerBase: Parser for text/vnd.wap.wml is org.apache.jmeter.protocol.http.parser.RegexpHTMLParser
2021-05-19 13:16:28,877 INFO o.a.j.p.h.s.HTTPSamplerBase: Parser for text/css is org.apache.jmeter.protocol.http.parser.CssParser
2021-05-19 13:16:29,149 INFO o.a.j.JMeter: Creating summariser <summary>
2021-05-19 13:16:29,154 INFO o.a.j.r.d.ReportGenerator: ReportGenerator will use for Parsing the separator: ','
2021-05-19 13:16:29,154 INFO o.a.j.r.d.ReportGenerator: Will generate report at end of test from  results file: D:\PostrgresMigration\iSource\JTL\L0_iSource_10_AuctionAddSuppliers_2021-05-19_2.jtl
2021-05-19 13:16:29,154 INFO o.a.j.r.d.ReportGenerator: Reading report generator properties from: D:\apache-jmeter-5.1\apache-jmeter-5.1\bin\reportgenerator.properties
2021-05-19 13:16:29,154 INFO o.a.j.r.d.ReportGenerator: Merging with JMeter properties
2021-05-19 13:16:29,160 INFO o.a.j.r.c.ReportGeneratorConfiguration: Property 'jmeter.reportgenerator.temp_dir' not found, using default value 'temp' instead.
2021-05-19 13:16:29,163 INFO o.a.j.r.c.ReportGeneratorConfiguration: Property 'jmeter.reportgenerator.apdex_per_transaction' not found, using default value 'null' instead.
2021-05-19 13:16:29,163 INFO o.a.j.r.c.ReportGeneratorConfiguration: apdex_per_transaction : {} is empty, not APDEX per transaction customization
2021-05-19 13:16:29,163 INFO o.a.j.r.c.ReportGeneratorConfiguration: Property 'jmeter.reportgenerator.sample_filter' not found, using default value 'null' instead.
2021-05-19 13:16:29,163 INFO o.a.j.r.c.ReportGeneratorConfiguration: Property 'jmeter.reportgenerator.report_title' not found, using default value 'null' instead.
2021-05-19 13:16:29,163 INFO o.a.j.r.c.ReportGeneratorConfiguration: Property 'jmeter.reportgenerator.start_date' not found, using default value 'null' instead.
2021-05-19 13:16:29,164 INFO o.a.j.r.c.ReportGeneratorConfiguration: Property 'jmeter.reportgenerator.end_date' not found, using default value 'null' instead.
2021-05-19 13:16:29,164 INFO o.a.j.r.c.ReportGeneratorConfiguration: Property 'jmeter.reportgenerator.date_format' not found, using default value 'null' instead.
2021-05-19 13:16:29,164 INFO o.a.j.r.c.ReportGeneratorConfiguration: Will use date range start date: null, end date: null
2021-05-19 13:16:29,168 INFO o.a.j.r.c.ReportGeneratorConfiguration: Property 'jmeter.reportgenerator.graph.totalTPS.exclude_controllers' not found, using default value 'false' instead.
2021-05-19 13:16:29,169 INFO o.a.j.r.c.ReportGeneratorConfiguration: Property 'jmeter.reportgenerator.graph.activeThreadsOverTime.exclude_controllers' not found, using default value 'false' instead.
2021-05-19 13:16:29,169 INFO o.a.j.r.c.ReportGeneratorConfiguration: Property 'jmeter.reportgenerator.graph.timeVsThreads.exclude_controllers' not found, using default value 'false' instead.
2021-05-19 13:16:29,169 INFO o.a.j.r.c.ReportGeneratorConfiguration: Property 'jmeter.reportgenerator.graph.responseTimeDistribution.exclude_controllers' not found, using default value 'false' instead.
2021-05-19 13:16:29,169 INFO o.a.j.r.c.ReportGeneratorConfiguration: Property 'jmeter.reportgenerator.graph.transactionsPerSecond.exclude_controllers' not found, using default value 'false' instead.
2021-05-19 13:16:29,169 INFO o.a.j.r.c.ReportGeneratorConfiguration: Property 'jmeter.reportgenerator.graph.responseTimePercentiles.exclude_controllers' not found, using default value 'false' instead.
2021-05-19 13:16:29,169 INFO o.a.j.r.c.ReportGeneratorConfiguration: Property 'jmeter.reportgenerator.graph.responseTimePercentilesOverTime.exclude_controllers' not found, using default value 'false' instead.
2021-05-19 13:16:29,169 INFO o.a.j.r.c.ReportGeneratorConfiguration: Property 'jmeter.reportgenerator.graph.responseTimesOverTime.exclude_controllers' not found, using default value 'false' instead.
2021-05-19 13:16:29,169 INFO o.a.j.r.c.ReportGeneratorConfiguration: Property 'jmeter.reportgenerator.graph.connectTimeOverTime.exclude_controllers' not found, using default value 'false' instead.
2021-05-19 13:16:29,169 INFO o.a.j.r.c.ReportGeneratorConfiguration: Property 'jmeter.reportgenerator.graph.latenciesOverTime.exclude_controllers' not found, using default value 'false' instead.
2021-05-19 13:16:29,170 INFO o.a.j.r.c.ReportGeneratorConfiguration: Property 'jmeter.reportgenerator.exporter.json.filters_only_sample_series' not found, using default value 'true' instead.
2021-05-19 13:16:29,170 INFO o.a.j.r.c.ReportGeneratorConfiguration: Property 'jmeter.reportgenerator.exporter.json.series_filter' not found, using default value '' instead.
2021-05-19 13:16:29,171 INFO o.a.j.r.c.ReportGeneratorConfiguration: Property 'jmeter.reportgenerator.exporter.json.show_controllers_only' not found, using default value 'false' instead.
2021-05-19 13:16:29,171 INFO o.a.j.r.c.ReportGeneratorConfiguration: Property 'jmeter.reportgenerator.exporter.html.filters_only_sample_series' not found, using default value 'true' instead.
2021-05-19 13:16:29,171 INFO o.a.j.r.c.ReportGeneratorConfiguration: Property 'jmeter.reportgenerator.exporter.html.series_filter' not found, using default value '' instead.
2021-05-19 13:16:29,171 INFO o.a.j.r.c.ReportGeneratorConfiguration: Property 'jmeter.reportgenerator.exporter.html.show_controllers_only' not found, using default value 'false' instead.
2021-05-19 13:16:29,181 INFO o.a.j.e.StandardJMeterEngine: Running the test!
2021-05-19 13:16:29,183 INFO o.a.j.s.SampleEvent: List of sample_variables: []
2021-05-19 13:16:29,183 INFO o.a.j.s.SampleEvent: List of sample_variables: []
2021-05-19 13:16:29,190 INFO o.a.j.e.u.CompoundVariable: Note: Function class names must contain the string: '.functions.'
2021-05-19 13:16:29,190 INFO o.a.j.e.u.CompoundVariable: Note: Function class names must not contain the string: '.gui.'
2021-05-19 13:16:29,596 INFO o.a.j.JMeter: Running test (1621410389596)
2021-05-19 13:16:29,652 INFO o.a.j.e.StandardJMeterEngine: Starting ThreadGroup: 1 : L1-iSource-AuctionAddSuppliers-Job
2021-05-19 13:16:29,653 INFO o.a.j.e.StandardJMeterEngine: Starting 10 threads for group L1-iSource-AuctionAddSuppliers-Job.
2021-05-19 13:16:29,653 INFO o.a.j.e.StandardJMeterEngine: Thread will stop on error
2021-05-19 13:16:29,653 INFO o.a.j.t.ThreadGroup: Starting thread group... number=1 threads=10 ramp-up=50 perThread=5000.0 delayedStart=false
2021-05-19 13:16:29,688 INFO o.a.j.s.SampleResult: Note: Sample TimeStamps are START times
2021-05-19 13:16:29,688 INFO o.a.j.s.SampleResult: sampleresult.default.encoding is set to ISO-8859-1
2021-05-19 13:16:29,688 INFO o.a.j.s.SampleResult: sampleresult.useNanoTime=true
2021-05-19 13:16:29,688 INFO o.a.j.s.SampleResult: sampleresult.nanoThreadSleep=5000
2021-05-19 13:16:29,695 INFO o.a.j.t.JMeterThread: Thread started: L1-iSource-AuctionAddSuppliers-Job 1-1
2021-05-19 13:16:29,697 INFO o.a.j.c.LoopController: iterationStart called on 5.6# Questions_Text with source org.apache.jmeter.control.LoopController@2671c165 and iteration 1
2021-05-19 13:16:29,698 INFO o.a.j.s.FileServer: Stored: D:\apache-jmeter-5.1\apache-jmeter-5.1\bin\excel\isource\Partner_ZCS_Users.csv
2021-05-19 13:16:29,714 INFO o.a.j.p.h.s.HTTPHCAbstractImpl: Local host = ZIPLSY2278
2021-05-19 13:16:29,720 INFO o.a.j.p.h.s.HTTPHC4Impl: HTTP request retry count = 0
2021-05-19 13:16:29,832 INFO o.a.j.p.h.s.h.LazyLayeredConnectionSocketFactory: Setting up HTTPS TrustAll Socket Factory
2021-05-19 13:16:29,839 INFO o.a.j.u.JsseSSLManager: Using default SSL protocol: TLS
2021-05-19 13:16:29,839 INFO o.a.j.u.JsseSSLManager: SSL session context: per-thread
2021-05-19 13:16:29,918 INFO o.a.j.t.ThreadGroup: Started thread group number 1
2021-05-19 13:16:29,918 INFO o.a.j.e.StandardJMeterEngine: All thread groups have been started
2021-05-19 13:16:30,364 INFO o.a.j.u.SSLManager: JmeterKeyStore Location:  type JKS
2021-05-19 13:16:30,366 INFO o.a.j.u.SSLManager: KeyStore created OK
2021-05-19 13:16:30,366 WARN o.a.j.u.SSLManager: Keystore file not found, loading empty keystore
2021-05-19 13:16:31,116 INFO o.a.j.r.Summariser: summary +      1 in 00:00:02 =    0.7/s Avg:  1345 Min:  1345 Max:  1345 Err:     0 (0.00%) Active: 1 Started: 1 Finished: 0
2021-05-19 13:16:34,729 INFO o.a.j.t.JMeterThread: Thread started: L1-iSource-AuctionAddSuppliers-Job 1-2
2021-05-19 13:16:34,730 INFO o.a.j.c.LoopController: iterationStart called on 5.6# Questions_Text with source org.apache.jmeter.control.LoopController@71bdf729 and iteration 1
2021-05-19 13:16:39,773 INFO o.a.j.t.JMeterThread: Thread started: L1-iSource-AuctionAddSuppliers-Job 1-3
2021-05-19 13:16:39,775 INFO o.a.j.c.LoopController: iterationStart called on 5.6# Questions_Text with source org.apache.jmeter.control.LoopController@5aa082fe and iteration 1
2021-05-19 13:16:44,804 INFO o.a.j.t.JMeterThread: Thread started: L1-iSource-AuctionAddSuppliers-Job 1-4
2021-05-19 13:16:44,806 INFO o.a.j.c.LoopController: iterationStart called on 5.6# Questions_Text with source org.apache.jmeter.control.LoopController@4768933e and iteration 1
2021-05-19 13:16:49,822 INFO o.a.j.t.JMeterThread: Thread started: L1-iSource-AuctionAddSuppliers-Job 1-5
2021-05-19 13:16:49,822 INFO o.a.j.c.LoopController: iterationStart called on 5.6# Questions_Text with source org.apache.jmeter.control.LoopController@9b4b1c3 and iteration 1
2021-05-19 13:16:54,843 INFO o.a.j.t.JMeterThread: Thread started: L1-iSource-AuctionAddSuppliers-Job 1-6
2021-05-19 13:16:54,844 INFO o.a.j.c.LoopController: iterationStart called on 5.6# Questions_Text with source org.apache.jmeter.control.LoopController@434c470e and iteration 1
2021-05-19 13:16:59,861 INFO o.a.j.t.JMeterThread: Thread started: L1-iSource-AuctionAddSuppliers-Job 1-7
2021-05-19 13:16:59,863 INFO o.a.j.c.LoopController: iterationStart called on 5.6# Questions_Text with source org.apache.jmeter.control.LoopController@7cbf72b0 and iteration 1
2021-05-19 13:17:00,026 INFO o.a.j.r.Summariser: summary +     91 in 00:00:29 =    3.1/s Avg:   434 Min:    15 Max:  9764 Err:     0 (0.00%) Active: 7 Started: 7 Finished: 0
2021-05-19 13:17:00,027 INFO o.a.j.r.Summariser: summary =     92 in 00:00:30 =    3.0/s Avg:   444 Min:    15 Max:  9764 Err:     0 (0.00%)
2021-05-19 13:17:04,881 INFO o.a.j.t.JMeterThread: Thread started: L1-iSource-AuctionAddSuppliers-Job 1-8
2021-05-19 13:17:04,882 INFO o.a.j.c.LoopController: iterationStart called on 5.6# Questions_Text with source org.apache.jmeter.control.LoopController@af603da and iteration 1
2021-05-19 13:17:09,911 INFO o.a.j.t.JMeterThread: Thread started: L1-iSource-AuctionAddSuppliers-Job 1-9
2021-05-19 13:17:09,913 INFO o.a.j.c.LoopController: iterationStart called on 5.6# Questions_Text with source org.apache.jmeter.control.LoopController@5fff432e and iteration 1
2021-05-19 13:17:14,925 INFO o.a.j.t.JMeterThread: Thread started: L1-iSource-AuctionAddSuppliers-Job 1-10
2021-05-19 13:17:14,926 INFO o.a.j.c.LoopController: iterationStart called on 5.6# Questions_Text with source org.apache.jmeter.control.LoopController@c7a71dc and iteration 1
2021-05-19 13:17:30,142 INFO o.a.j.r.Summariser: summary +    160 in 00:00:30 =    5.3/s Avg:  1015 Min:    12 Max: 12340 Err:     0 (0.00%) Active: 10 Started: 10 Finished: 0
2021-05-19 13:17:30,142 INFO o.a.j.r.Summariser: summary =    252 in 00:01:01 =    4.2/s Avg:   807 Min:    12 Max: 12340 Err:     0 (0.00%)
2021-05-19 13:18:00,018 INFO o.a.j.r.Summariser: summary +    128 in 00:00:30 =    4.3/s Avg:  1238 Min:   251 Max: 12661 Err:     0 (0.00%) Active: 10 Started: 10 Finished: 0
2021-05-19 13:18:00,019 INFO o.a.j.r.Summariser: summary =    380 in 00:01:30 =    4.2/s Avg:   952 Min:    12 Max: 12661 Err:     0 (0.00%)
2021-05-19 13:18:20,613 INFO o.a.j.s.FileServer: Stored: D:\apache-jmeter-5.1\apache-jmeter-5.1\bin\excel\isource\buyer_5_items.xlsx
2021-05-19 13:18:30,239 INFO o.a.j.r.Summariser: summary +    130 in 00:00:30 =    4.3/s Avg:  1112 Min:   250 Max: 12489 Err:     0 (0.00%) Active: 10 Started: 10 Finished: 0
2021-05-19 13:18:30,240 INFO o.a.j.r.Summariser: summary =    510 in 00:02:01 =    4.2/s Avg:   993 Min:    12 Max: 12661 Err:     0 (0.00%)
2021-05-19 13:19:00,078 INFO o.a.j.r.Summariser: summary +     55 in 00:00:30 =    1.8/s Avg:  3212 Min:   252 Max: 19254 Err:     0 (0.00%) Active: 10 Started: 10 Finished: 0
2021-05-19 13:19:00,078 INFO o.a.j.r.Summariser: summary =    565 in 00:02:30 =    3.8/s Avg:  1209 Min:    12 Max: 19254 Err:     0 (0.00%)
2021-05-19 13:19:10,111 INFO o.a.j.t.JMeterThread: Stop Thread detected by thread: L1-iSource-AuctionAddSuppliers-Job 1-4
2021-05-19 13:19:10,111 INFO o.a.j.t.JMeterThread: Thread finished: L1-iSource-AuctionAddSuppliers-Job 1-4
2021-05-19 13:19:24,490 INFO o.a.j.t.JMeterThread: Stop Thread detected by thread: L1-iSource-AuctionAddSuppliers-Job 1-7
2021-05-19 13:19:24,491 INFO o.a.j.t.JMeterThread: Thread finished: L1-iSource-AuctionAddSuppliers-Job 1-7
2021-05-19 13:19:30,192 INFO o.a.j.r.Summariser: summary +    102 in 00:00:30 =    3.4/s Avg:  1980 Min:   306 Max: 19143 Err:     2 (1.96%) Active: 8 Started: 10 Finished: 2
2021-05-19 13:19:30,192 INFO o.a.j.r.Summariser: summary =    667 in 00:03:01 =    3.7/s Avg:  1327 Min:    12 Max: 19254 Err:     2 (0.30%)
2021-05-19 13:19:34,403 INFO o.a.j.t.JMeterThread: Stop Thread detected by thread: L1-iSource-AuctionAddSuppliers-Job 1-8
2021-05-19 13:19:34,403 INFO o.a.j.t.JMeterThread: Thread finished: L1-iSource-AuctionAddSuppliers-Job 1-8
2021-05-19 13:20:00,035 INFO o.a.j.r.Summariser: summary +    139 in 00:00:30 =    4.7/s Avg:  1186 Min:   297 Max: 18433 Err:     1 (0.72%) Active: 7 Started: 10 Finished: 3
2021-05-19 13:20:00,035 INFO o.a.j.r.Summariser: summary =    806 in 00:03:30 =    3.8/s Avg:  1302 Min:    12 Max: 19254 Err:     3 (0.37%)
2021-05-19 13:20:12,334 ERROR o.a.j.u.BeanShellInterpreter: Error invoking bsh method: eval	Sourced file: inline evaluation of: ``String totalRecords = vars.get("totalRecords"); String perpage = vars.get("perpa . . . '' : Typed variable declaration : Method Invocation Integer.parseInt
2021-05-19 13:20:12,334 WARN o.a.j.e.BeanShellPostProcessor: Problem in BeanShell script: org.apache.jorphan.util.JMeterException: Error invoking bsh method: eval	Sourced file: inline evaluation of: ``String totalRecords = vars.get("totalRecords"); String perpage = vars.get("perpa . . . '' : Typed variable declaration : Method Invocation Integer.parseInt
2021-05-19 13:20:14,338 ERROR o.a.j.u.BeanShellInterpreter: Error invoking bsh method: eval	Sourced file: inline evaluation of: ``String totalRecords = vars.get("totalRecords"); String perpage = vars.get("perpa . . . '' : Typed variable declaration : Method Invocation Integer.parseInt
2021-05-19 13:20:14,338 WARN o.a.j.e.BeanShellPostProcessor: Problem in BeanShell script: org.apache.jorphan.util.JMeterException: Error invoking bsh method: eval	Sourced file: inline evaluation of: ``String totalRecords = vars.get("totalRecords"); String perpage = vars.get("perpa . . . '' : Typed variable declaration : Method Invocation Integer.parseInt
2021-05-19 13:20:24,642 ERROR o.a.j.u.BeanShellInterpreter: Error invoking bsh method: eval	Sourced file: inline evaluation of: ``String totalRecords = vars.get("totalRecords"); String perpage = vars.get("perpa . . . '' : Typed variable declaration : Method Invocation Integer.parseInt
2021-05-19 13:20:24,642 WARN o.a.j.e.BeanShellPostProcessor: Problem in BeanShell script: org.apache.jorphan.util.JMeterException: Error invoking bsh method: eval	Sourced file: inline evaluation of: ``String totalRecords = vars.get("totalRecords"); String perpage = vars.get("perpa . . . '' : Typed variable declaration : Method Invocation Integer.parseInt
2021-05-19 13:20:30,312 INFO o.a.j.r.Summariser: summary +    140 in 00:00:30 =    4.6/s Avg:  1013 Min:   304 Max:  8211 Err:     0 (0.00%) Active: 7 Started: 10 Finished: 3
2021-05-19 13:20:30,313 INFO o.a.j.r.Summariser: summary =    946 in 00:04:01 =    3.9/s Avg:  1260 Min:    12 Max: 19254 Err:     3 (0.32%)
2021-05-19 13:20:36,809 ERROR o.a.j.u.BeanShellInterpreter: Error invoking bsh method: eval	Sourced file: inline evaluation of: ``String totalRecords = vars.get("totalRecords"); String perpage = vars.get("perpa . . . '' : Typed variable declaration : Method Invocation Integer.parseInt
2021-05-19 13:20:36,810 WARN o.a.j.e.BeanShellPostProcessor: Problem in BeanShell script: org.apache.jorphan.util.JMeterException: Error invoking bsh method: eval	Sourced file: inline evaluation of: ``String totalRecords = vars.get("totalRecords"); String perpage = vars.get("perpa . . . '' : Typed variable declaration : Method Invocation Integer.parseInt
2021-05-19 13:20:38,800 ERROR o.a.j.u.BeanShellInterpreter: Error invoking bsh method: eval	Sourced file: inline evaluation of: ``String totalRecords = vars.get("totalRecords"); String perpage = vars.get("perpa . . . '' : Typed variable declaration : Method Invocation Integer.parseInt
2021-05-19 13:20:38,800 WARN o.a.j.e.BeanShellPostProcessor: Problem in BeanShell script: org.apache.jorphan.util.JMeterException: Error invoking bsh method: eval	Sourced file: inline evaluation of: ``String totalRecords = vars.get("totalRecords"); String perpage = vars.get("perpa . . . '' : Typed variable declaration : Method Invocation Integer.parseInt
2021-05-19 13:20:42,414 ERROR o.a.j.u.BeanShellInterpreter: Error invoking bsh method: eval	Sourced file: inline evaluation of: ``String totalRecords = vars.get("totalRecords"); String perpage = vars.get("perpa . . . '' : Typed variable declaration : Method Invocation Integer.parseInt
2021-05-19 13:20:42,414 WARN o.a.j.e.BeanShellPostProcessor: Problem in BeanShell script: org.apache.jorphan.util.JMeterException: Error invoking bsh method: eval	Sourced file: inline evaluation of: ``String totalRecords = vars.get("totalRecords"); String perpage = vars.get("perpa . . . '' : Typed variable declaration : Method Invocation Integer.parseInt
2021-05-19 13:20:44,182 INFO o.a.j.t.JMeterThread: Thread is done: L1-iSource-AuctionAddSuppliers-Job 1-2
2021-05-19 13:20:44,183 INFO o.a.j.t.JMeterThread: Thread finished: L1-iSource-AuctionAddSuppliers-Job 1-2
2021-05-19 13:20:44,234 INFO o.a.j.t.JMeterThread: Thread is done: L1-iSource-AuctionAddSuppliers-Job 1-3
2021-05-19 13:20:44,234 INFO o.a.j.t.JMeterThread: Thread finished: L1-iSource-AuctionAddSuppliers-Job 1-3
2021-05-19 13:20:55,345 INFO o.a.j.t.JMeterThread: Thread is done: L1-iSource-AuctionAddSuppliers-Job 1-1
2021-05-19 13:20:55,345 INFO o.a.j.t.JMeterThread: Thread finished: L1-iSource-AuctionAddSuppliers-Job 1-1
2021-05-19 13:21:00,665 INFO o.a.j.r.Summariser: summary +     58 in 00:00:30 =    1.9/s Avg:  1917 Min:   293 Max:  9978 Err:     0 (0.00%) Active: 4 Started: 10 Finished: 6
2021-05-19 13:21:00,665 INFO o.a.j.r.Summariser: summary =   1004 in 00:04:31 =    3.7/s Avg:  1298 Min:    12 Max: 19254 Err:     3 (0.30%)
2021-05-19 13:21:08,056 INFO o.a.j.t.JMeterThread: Thread is done: L1-iSource-AuctionAddSuppliers-Job 1-5
2021-05-19 13:21:08,056 INFO o.a.j.t.JMeterThread: Thread finished: L1-iSource-AuctionAddSuppliers-Job 1-5
2021-05-19 13:21:08,743 ERROR o.a.j.u.BeanShellInterpreter: Error invoking bsh method: eval	Sourced file: inline evaluation of: ``String totalRecords = vars.get("totalRecords"); String perpage = vars.get("perpa . . . '' : Typed variable declaration : Method Invocation Integer.parseInt
2021-05-19 13:21:08,743 WARN o.a.j.e.BeanShellPostProcessor: Problem in BeanShell script: org.apache.jorphan.util.JMeterException: Error invoking bsh method: eval	Sourced file: inline evaluation of: ``String totalRecords = vars.get("totalRecords"); String perpage = vars.get("perpa . . . '' : Typed variable declaration : Method Invocation Integer.parseInt
2021-05-19 13:21:10,465 INFO o.a.j.t.JMeterThread: Thread is done: L1-iSource-AuctionAddSuppliers-Job 1-9
2021-05-19 13:21:10,465 INFO o.a.j.t.JMeterThread: Thread finished: L1-iSource-AuctionAddSuppliers-Job 1-9
2021-05-19 13:21:12,657 INFO o.a.j.t.JMeterThread: Thread is done: L1-iSource-AuctionAddSuppliers-Job 1-6
2021-05-19 13:21:12,657 INFO o.a.j.t.JMeterThread: Thread finished: L1-iSource-AuctionAddSuppliers-Job 1-6
2021-05-19 13:21:32,230 INFO o.a.j.r.Summariser: summary +     15 in 00:00:32 =    0.5/s Avg:  3095 Min:   295 Max:  9772 Err:     0 (0.00%) Active: 1 Started: 10 Finished: 9
2021-05-19 13:21:32,231 INFO o.a.j.r.Summariser: summary =   1019 in 00:05:03 =    3.4/s Avg:  1324 Min:    12 Max: 19254 Err:     3 (0.29%)
2021-05-19 13:21:39,451 INFO o.a.j.t.JMeterThread: Thread is done: L1-iSource-AuctionAddSuppliers-Job 1-10
2021-05-19 13:21:39,451 INFO o.a.j.t.JMeterThread: Thread finished: L1-iSource-AuctionAddSuppliers-Job 1-10
2021-05-19 13:21:39,452 INFO o.a.j.e.StandardJMeterEngine: Notifying test listeners of end of test
2021-05-19 13:21:39,453 INFO o.a.j.s.FileServer: Close: D:\apache-jmeter-5.1\apache-jmeter-5.1\bin\excel\isource\Partner_ZCS_Users.csv
2021-05-19 13:21:39,455 INFO o.a.j.r.Summariser: summary +      2 in 00:00:07 =    0.3/s Avg:   582 Min:   304 Max:   860 Err:     0 (0.00%) Active: 0 Started: 10 Finished: 10
2021-05-19 13:21:39,456 INFO o.a.j.r.Summariser: summary =   1021 in 00:05:10 =    3.3/s Avg:  1323 Min:    12 Max: 19254 Err:     3 (0.29%)
2021-05-19 13:21:39,457 INFO o.a.j.JMeter: Generating Dashboard
2021-05-19 13:21:39,457 INFO o.a.j.r.d.ReportGenerator: Flushing result collector before report Generation
2021-05-19 13:21:39,479 INFO o.a.j.r.p.NormalizerSampleConsumer: Using format, 'ms', to parse timeStamp field
2021-05-19 13:21:39,590 INFO o.a.j.r.p.AbstractSampleConsumer: class org.apache.jmeter.report.processor.AggregateConsumer#stopProducing(): beginDate produced 0 samples
2021-05-19 13:21:39,590 INFO o.a.j.r.p.AbstractSampleConsumer: class org.apache.jmeter.report.processor.AggregateConsumer#stopProducing(): endDate produced 0 samples
2021-05-19 13:21:39,591 INFO o.a.j.r.p.AbstractSampleConsumer: class org.apache.jmeter.report.processor.ApdexSummaryConsumer#stopProducing(): apdexSummary produced 0 samples
2021-05-19 13:21:39,592 INFO o.a.j.r.p.AbstractSampleConsumer: class org.apache.jmeter.report.processor.RequestsSummaryConsumer#stopProducing(): requestsSummary produced 0 samples
2021-05-19 13:21:39,598 INFO o.a.j.r.p.AbstractSampleConsumer: class org.apache.jmeter.report.processor.StatisticsSummaryConsumer#stopProducing(): statisticsSummary produced 0 samples
2021-05-19 13:21:39,602 INFO o.a.j.r.p.AbstractSampleConsumer: class org.apache.jmeter.report.processor.Top5ErrorsBySamplerConsumer#stopProducing(): top5ErrorsBySampler produced 0 samples
2021-05-19 13:21:39,602 INFO o.a.j.r.p.AbstractSampleConsumer: class org.apache.jmeter.report.processor.ErrorsSummaryConsumer#stopProducing(): errorsSummary produced 0 samples
2021-05-19 13:21:39,602 INFO o.a.j.r.p.AbstractSampleConsumer: class org.apache.jmeter.report.processor.graph.impl.HitsPerSecondGraphConsumer#stopProducing(): hitsPerSecond produced 0 samples
2021-05-19 13:21:39,620 INFO o.a.j.r.p.AbstractSampleConsumer: class org.apache.jmeter.report.processor.graph.impl.LatencyVSRequestGraphConsumer#stopProducing(): latencyVsRequest produced 0 samples
2021-05-19 13:21:39,620 INFO o.a.j.r.p.AbstractSampleConsumer: class org.apache.jmeter.report.processor.graph.impl.SyntheticResponseTimeDistributionGraphConsumer#stopProducing(): syntheticResponseTimeDistribution produced 0 samples
2021-05-19 13:21:39,620 INFO o.a.j.r.p.AbstractSampleConsumer: class org.apache.jmeter.report.processor.graph.impl.BytesThroughputGraphConsumer#stopProducing(): bytesThroughputOverTime produced 0 samples
2021-05-19 13:21:39,620 INFO o.a.j.r.p.AbstractSampleConsumer: class org.apache.jmeter.report.processor.graph.impl.CodesPerSecondGraphConsumer#stopProducing(): codesPerSecond produced 0 samples
2021-05-19 13:21:39,631 INFO o.a.j.r.p.AbstractSampleConsumer: class org.apache.jmeter.report.processor.graph.impl.ResponseTimeVSRequestGraphConsumer#stopProducing(): responseTimeVsRequest produced 0 samples
2021-05-19 13:21:39,631 INFO o.a.j.r.p.AbstractSampleConsumer: class org.apache.jmeter.report.processor.FilterConsumer#stopProducing(): startIntervalControlerFilter produced 7147 samples
2021-05-19 13:21:39,631 INFO o.a.j.r.p.AbstractSampleConsumer: class org.apache.jmeter.report.processor.graph.impl.TotalTPSGraphConsumer#stopProducing(): totalTPS produced 0 samples
2021-05-19 13:21:39,631 INFO o.a.j.r.p.AbstractSampleConsumer: class org.apache.jmeter.report.processor.graph.impl.ActiveThreadsGraphConsumer#stopProducing(): activeThreadsOverTime produced 0 samples
2021-05-19 13:21:39,631 INFO o.a.j.r.p.AbstractSampleConsumer: class org.apache.jmeter.report.processor.graph.impl.TimeVSThreadGraphConsumer#stopProducing(): timeVsThreads produced 0 samples
2021-05-19 13:21:39,639 INFO o.a.j.r.p.AbstractSampleConsumer: class org.apache.jmeter.report.processor.graph.impl.ResponseTimeDistributionGraphConsumer#stopProducing(): responseTimeDistribution produced 0 samples
2021-05-19 13:21:39,640 INFO o.a.j.r.p.AbstractSampleConsumer: class org.apache.jmeter.report.processor.graph.impl.TransactionsPerSecondGraphConsumer#stopProducing(): transactionsPerSecond produced 0 samples
2021-05-19 13:21:39,641 INFO o.a.j.r.p.AbstractSampleConsumer: class org.apache.jmeter.report.processor.graph.impl.ResponseTimePercentilesGraphConsumer#stopProducing(): responseTimePercentiles produced 0 samples
2021-05-19 13:21:39,652 INFO o.a.j.r.p.AbstractSampleConsumer: class org.apache.jmeter.report.processor.graph.impl.ResponseTimePercentilesOverTimeGraphConsumer#stopProducing(): responseTimePercentilesOverTime produced 0 samples
2021-05-19 13:21:39,652 INFO o.a.j.r.p.AbstractSampleConsumer: class org.apache.jmeter.report.processor.graph.impl.ResponseTimeOverTimeGraphConsumer#stopProducing(): responseTimesOverTime produced 0 samples
2021-05-19 13:21:39,653 INFO o.a.j.r.p.AbstractSampleConsumer: class org.apache.jmeter.report.processor.graph.impl.ConnectTimeOverTimeGraphConsumer#stopProducing(): connectTimeOverTime produced 0 samples
2021-05-19 13:21:39,653 INFO o.a.j.r.p.AbstractSampleConsumer: class org.apache.jmeter.report.processor.graph.impl.LatencyOverTimeGraphConsumer#stopProducing(): latenciesOverTime produced 0 samples
2021-05-19 13:21:39,654 INFO o.a.j.r.p.AbstractSampleConsumer: class org.apache.jmeter.report.processor.FilterConsumer#stopProducing(): nameFilter produced 17745 samples
2021-05-19 13:21:39,654 INFO o.a.j.r.p.AbstractSampleConsumer: class org.apache.jmeter.report.processor.FilterConsumer#stopProducing(): dateRangeFilter produced 3549 samples
2021-05-19 13:21:39,654 INFO o.a.j.r.p.AbstractSampleConsumer: class org.apache.jmeter.report.processor.NormalizerSampleConsumer#stopProducing(): normalizer produced 1183 samples
2021-05-19 13:21:39,654 INFO o.a.j.r.p.CsvFileSampleSource: produce(): 1183 samples produced in 156ms on channel 0
2021-05-19 13:21:39,654 INFO o.a.j.r.d.ReportGenerator: Exporting data using exporter:'json' of className:'org.apache.jmeter.report.dashboard.JsonExporter'
2021-05-19 13:21:39,656 INFO o.a.j.r.d.JsonExporter: Found data for consumer statisticsSummary in context
2021-05-19 13:21:39,656 INFO o.a.j.r.d.JsonExporter: Creating statistics for overall
2021-05-19 13:21:39,657 INFO o.a.j.r.d.JsonExporter: Creating statistics for other transactions
2021-05-19 13:21:39,657 INFO o.a.j.r.d.JsonExporter: Checking output folder
2021-05-19 13:21:39,659 INFO o.a.j.r.d.JsonExporter: Writing statistics JSON to C:\xampp\htdocs\PerformancePostgres\L0_iSource_10_AuctionAddSuppliers_2021-05-19_2\statistics.json
2021-05-19 13:21:39,785 INFO o.a.j.r.d.ReportGenerator: Exporting data using exporter:'html' of className:'org.apache.jmeter.report.dashboard.HtmlTemplateExporter'
2021-05-19 13:21:39,787 INFO o.a.j.r.d.HtmlTemplateExporter: Will generate dashboard in folder: C:\xampp\htdocs\PerformancePostgres\L0_iSource_10_AuctionAddSuppliers_2021-05-19_2
2021-05-19 13:21:39,981 INFO o.a.j.r.d.HtmlTemplateExporter: Report will be generated in: C:\xampp\htdocs\PerformancePostgres\L0_iSource_10_AuctionAddSuppliers_2021-05-19_2, creating folder structure
2021-05-19 13:21:39,984 INFO o.a.j.r.d.TemplateVisitor: Copying folder from 'D:\apache-jmeter-5.1\apache-jmeter-5.1\bin\report-template' to 'C:\xampp\htdocs\PerformancePostgres\L0_iSource_10_AuctionAddSuppliers_2021-05-19_2', got message:[C:\xampp\htdocs\PerformancePostgres\L0_iSource_10_AuctionAddSuppliers_2021-05-19_2\statistics.json], found non empty folder with following content {}, will be ignored
2021-05-19 13:21:40,704 INFO o.a.j.JMeter: Dashboard generated
