2021-05-19 12:16:35,759 INFO o.a.j.u.JMeterUtils: Setting Locale to en_EN
2021-05-19 12:16:35,769 INFO o.a.j.JMeter: Loading user properties from: user.properties
2021-05-19 12:16:35,770 INFO o.a.j.JMeter: Loading system properties from: system.properties
2021-05-19 12:16:35,770 INFO o.a.j.JMeter: Setting JMeter property: meter.reportgenerator.report_title=RFQMultipleQuestionsPublish
2021-05-19 12:16:35,770 INFO o.a.j.JMeter: Setting JMeter property: thread=10
2021-05-19 12:16:35,770 INFO o.a.j.JMeter: Setting JMeter property: rampup=30
2021-05-19 12:16:35,774 INFO o.a.j.JMeter: Copyright (c) 1998-2019 The Apache Software Foundation
2021-05-19 12:16:35,777 INFO o.a.j.JMeter: Version 5.1 r1853635
2021-05-19 12:16:35,777 INFO o.a.j.JMeter: java.version=1.8.0_121
2021-05-19 12:16:35,777 INFO o.a.j.JMeter: java.vm.name=Java HotSpot(TM) 64-Bit Server VM
2021-05-19 12:16:35,777 INFO o.a.j.JMeter: os.name=Windows 10
2021-05-19 12:16:35,777 INFO o.a.j.JMeter: os.arch=amd64
2021-05-19 12:16:35,777 INFO o.a.j.JMeter: os.version=10.0
2021-05-19 12:16:35,777 INFO o.a.j.JMeter: file.encoding=Cp1252
2021-05-19 12:16:35,777 INFO o.a.j.JMeter: java.awt.headless=true
2021-05-19 12:16:35,777 INFO o.a.j.JMeter: Max memory     =8589934592
2021-05-19 12:16:35,777 INFO o.a.j.JMeter: Available Processors =6
2021-05-19 12:16:35,780 INFO o.a.j.JMeter: Default Locale=English (EN)
2021-05-19 12:16:35,780 INFO o.a.j.JMeter: JMeter  Locale=English (EN)
2021-05-19 12:16:35,780 INFO o.a.j.JMeter: JMeterHome=D:\apache-jmeter-5.1\apache-jmeter-5.1
2021-05-19 12:16:35,780 INFO o.a.j.JMeter: user.dir  =D:\apache-jmeter-5.1\apache-jmeter-5.1\bin
2021-05-19 12:16:35,780 INFO o.a.j.JMeter: PWD       =D:\apache-jmeter-5.1\apache-jmeter-5.1\bin
2021-05-19 12:16:35,781 INFO o.a.j.JMeter: IP: 172.30.225.123 Name: ZIPLSY2278 FullName: ZIPLSY2278.zycus.net
2021-05-19 12:16:35,783 INFO o.a.j.JMeter: Setting property 'jmeter.reportgenerator.outputdir' to:'C:\xampp\htdocs\PerformancePostgres\L0_iSource_10_RFQMultipleQuestionsPublish_2021-05-19_4'
2021-05-19 12:16:35,784 INFO o.a.j.s.FileServer: Default base='D:\apache-jmeter-5.1\apache-jmeter-5.1\bin'
2021-05-19 12:16:35,787 INFO o.a.j.s.FileServer: Set new base='D:\PostrgresMigration\iSource'
2021-05-19 12:16:35,879 INFO o.a.j.s.SaveService: Testplan (JMX) version: 2.2. Testlog (JTL) version: 2.2
2021-05-19 12:16:35,888 INFO o.a.j.s.SaveService: Using SaveService properties file encoding UTF-8
2021-05-19 12:16:35,892 INFO o.a.j.s.SaveService: Using SaveService properties version 5.0
2021-05-19 12:16:35,897 INFO o.a.j.s.SaveService: Loading file: D:\PostrgresMigration\iSource\L0_iSource_RFQMultipleQuestionsPublish.jmx
2021-05-19 12:16:35,934 INFO o.a.j.p.h.c.CookieManager: Settings: Delete null: true Check: true Allow variable: true Save: false Prefix: COOKIE_
2021-05-19 12:16:35,936 INFO o.a.j.p.h.c.CacheManager: Will only cache the following methods: [GET]
2021-05-19 12:16:35,945 INFO o.a.j.p.h.s.HTTPSamplerBase: Parser for text/html is org.apache.jmeter.protocol.http.parser.LagartoBasedHtmlParser
2021-05-19 12:16:35,945 INFO o.a.j.p.h.s.HTTPSamplerBase: Parser for application/xhtml+xml is org.apache.jmeter.protocol.http.parser.LagartoBasedHtmlParser
2021-05-19 12:16:35,945 INFO o.a.j.p.h.s.HTTPSamplerBase: Parser for application/xml is org.apache.jmeter.protocol.http.parser.LagartoBasedHtmlParser
2021-05-19 12:16:35,946 INFO o.a.j.p.h.s.HTTPSamplerBase: Parser for text/xml is org.apache.jmeter.protocol.http.parser.LagartoBasedHtmlParser
2021-05-19 12:16:35,946 INFO o.a.j.p.h.s.HTTPSamplerBase: Parser for text/vnd.wap.wml is org.apache.jmeter.protocol.http.parser.RegexpHTMLParser
2021-05-19 12:16:35,946 INFO o.a.j.p.h.s.HTTPSamplerBase: Parser for text/css is org.apache.jmeter.protocol.http.parser.CssParser
2021-05-19 12:16:36,150 INFO o.a.j.JMeter: Creating summariser <summary>
2021-05-19 12:16:36,154 INFO o.a.j.r.d.ReportGenerator: ReportGenerator will use for Parsing the separator: ','
2021-05-19 12:16:36,154 INFO o.a.j.r.d.ReportGenerator: Will generate report at end of test from  results file: D:\PostrgresMigration\iSource\JTL\L0_iSource_10_RFQMultipleQuestionsPublish_2021-05-19_4.jtl
2021-05-19 12:16:36,154 INFO o.a.j.r.d.ReportGenerator: Reading report generator properties from: D:\apache-jmeter-5.1\apache-jmeter-5.1\bin\reportgenerator.properties
2021-05-19 12:16:36,155 INFO o.a.j.r.d.ReportGenerator: Merging with JMeter properties
2021-05-19 12:16:36,159 INFO o.a.j.r.c.ReportGeneratorConfiguration: Property 'jmeter.reportgenerator.temp_dir' not found, using default value 'temp' instead.
2021-05-19 12:16:36,161 INFO o.a.j.r.c.ReportGeneratorConfiguration: Property 'jmeter.reportgenerator.apdex_per_transaction' not found, using default value 'null' instead.
2021-05-19 12:16:36,161 INFO o.a.j.r.c.ReportGeneratorConfiguration: apdex_per_transaction : {} is empty, not APDEX per transaction customization
2021-05-19 12:16:36,161 INFO o.a.j.r.c.ReportGeneratorConfiguration: Property 'jmeter.reportgenerator.sample_filter' not found, using default value 'null' instead.
2021-05-19 12:16:36,162 INFO o.a.j.r.c.ReportGeneratorConfiguration: Property 'jmeter.reportgenerator.report_title' not found, using default value 'null' instead.
2021-05-19 12:16:36,162 INFO o.a.j.r.c.ReportGeneratorConfiguration: Property 'jmeter.reportgenerator.start_date' not found, using default value 'null' instead.
2021-05-19 12:16:36,162 INFO o.a.j.r.c.ReportGeneratorConfiguration: Property 'jmeter.reportgenerator.end_date' not found, using default value 'null' instead.
2021-05-19 12:16:36,162 INFO o.a.j.r.c.ReportGeneratorConfiguration: Property 'jmeter.reportgenerator.date_format' not found, using default value 'null' instead.
2021-05-19 12:16:36,162 INFO o.a.j.r.c.ReportGeneratorConfiguration: Will use date range start date: null, end date: null
2021-05-19 12:16:36,166 INFO o.a.j.r.c.ReportGeneratorConfiguration: Property 'jmeter.reportgenerator.graph.totalTPS.exclude_controllers' not found, using default value 'false' instead.
2021-05-19 12:16:36,166 INFO o.a.j.r.c.ReportGeneratorConfiguration: Property 'jmeter.reportgenerator.graph.activeThreadsOverTime.exclude_controllers' not found, using default value 'false' instead.
2021-05-19 12:16:36,166 INFO o.a.j.r.c.ReportGeneratorConfiguration: Property 'jmeter.reportgenerator.graph.timeVsThreads.exclude_controllers' not found, using default value 'false' instead.
2021-05-19 12:16:36,166 INFO o.a.j.r.c.ReportGeneratorConfiguration: Property 'jmeter.reportgenerator.graph.responseTimeDistribution.exclude_controllers' not found, using default value 'false' instead.
2021-05-19 12:16:36,167 INFO o.a.j.r.c.ReportGeneratorConfiguration: Property 'jmeter.reportgenerator.graph.transactionsPerSecond.exclude_controllers' not found, using default value 'false' instead.
2021-05-19 12:16:36,167 INFO o.a.j.r.c.ReportGeneratorConfiguration: Property 'jmeter.reportgenerator.graph.responseTimePercentiles.exclude_controllers' not found, using default value 'false' instead.
2021-05-19 12:16:36,167 INFO o.a.j.r.c.ReportGeneratorConfiguration: Property 'jmeter.reportgenerator.graph.responseTimePercentilesOverTime.exclude_controllers' not found, using default value 'false' instead.
2021-05-19 12:16:36,167 INFO o.a.j.r.c.ReportGeneratorConfiguration: Property 'jmeter.reportgenerator.graph.responseTimesOverTime.exclude_controllers' not found, using default value 'false' instead.
2021-05-19 12:16:36,167 INFO o.a.j.r.c.ReportGeneratorConfiguration: Property 'jmeter.reportgenerator.graph.connectTimeOverTime.exclude_controllers' not found, using default value 'false' instead.
2021-05-19 12:16:36,167 INFO o.a.j.r.c.ReportGeneratorConfiguration: Property 'jmeter.reportgenerator.graph.latenciesOverTime.exclude_controllers' not found, using default value 'false' instead.
2021-05-19 12:16:36,168 INFO o.a.j.r.c.ReportGeneratorConfiguration: Property 'jmeter.reportgenerator.exporter.json.filters_only_sample_series' not found, using default value 'true' instead.
2021-05-19 12:16:36,168 INFO o.a.j.r.c.ReportGeneratorConfiguration: Property 'jmeter.reportgenerator.exporter.json.series_filter' not found, using default value '' instead.
2021-05-19 12:16:36,168 INFO o.a.j.r.c.ReportGeneratorConfiguration: Property 'jmeter.reportgenerator.exporter.json.show_controllers_only' not found, using default value 'false' instead.
2021-05-19 12:16:36,168 INFO o.a.j.r.c.ReportGeneratorConfiguration: Property 'jmeter.reportgenerator.exporter.html.filters_only_sample_series' not found, using default value 'true' instead.
2021-05-19 12:16:36,168 INFO o.a.j.r.c.ReportGeneratorConfiguration: Property 'jmeter.reportgenerator.exporter.html.series_filter' not found, using default value '' instead.
2021-05-19 12:16:36,168 INFO o.a.j.r.c.ReportGeneratorConfiguration: Property 'jmeter.reportgenerator.exporter.html.show_controllers_only' not found, using default value 'false' instead.
2021-05-19 12:16:36,172 INFO o.a.j.e.StandardJMeterEngine: Running the test!
2021-05-19 12:16:36,172 INFO o.a.j.s.SampleEvent: List of sample_variables: []
2021-05-19 12:16:36,172 INFO o.a.j.s.SampleEvent: List of sample_variables: []
2021-05-19 12:16:36,176 INFO o.a.j.e.u.CompoundVariable: Note: Function class names must contain the string: '.functions.'
2021-05-19 12:16:36,176 INFO o.a.j.e.u.CompoundVariable: Note: Function class names must not contain the string: '.gui.'
2021-05-19 12:16:36,503 INFO o.a.j.JMeter: Running test (1621406796502)
2021-05-19 12:16:36,563 INFO o.a.j.e.StandardJMeterEngine: Starting ThreadGroup: 1 : L0-iSource-JOB
2021-05-19 12:16:36,563 INFO o.a.j.e.StandardJMeterEngine: Starting 10 threads for group L0-iSource-JOB.
2021-05-19 12:16:36,563 INFO o.a.j.e.StandardJMeterEngine: Thread will stop on error
2021-05-19 12:16:36,563 INFO o.a.j.t.ThreadGroup: Starting thread group... number=1 threads=10 ramp-up=30 perThread=3000.0 delayedStart=false
2021-05-19 12:16:36,586 INFO o.a.j.s.SampleResult: Note: Sample TimeStamps are START times
2021-05-19 12:16:36,586 INFO o.a.j.s.SampleResult: sampleresult.default.encoding is set to ISO-8859-1
2021-05-19 12:16:36,586 INFO o.a.j.s.SampleResult: sampleresult.useNanoTime=true
2021-05-19 12:16:36,587 INFO o.a.j.s.SampleResult: sampleresult.nanoThreadSleep=5000
2021-05-19 12:16:36,599 INFO o.a.j.t.JMeterThread: Thread started: L0-iSource-JOB 1-1
2021-05-19 12:16:36,601 INFO o.a.j.c.LoopController: iterationStart called on 5.6# Questions_Text with source org.apache.jmeter.control.LoopController@347fc133 and iteration 1
2021-05-19 12:16:36,601 INFO o.a.j.c.LoopController: iterationStart called on 5.4# Questions_Multichoice with source org.apache.jmeter.control.LoopController@347fc133 and iteration 1
2021-05-19 12:16:36,601 INFO o.a.j.s.FileServer: Stored: D:\apache-jmeter-5.1\apache-jmeter-5.1\bin\excel\isource\Partner_ZCS_Users.csv
2021-05-19 12:16:36,620 INFO o.a.j.p.h.s.HTTPHCAbstractImpl: Local host = ZIPLSY2278
2021-05-19 12:16:36,626 INFO o.a.j.p.h.s.HTTPHC4Impl: HTTP request retry count = 0
2021-05-19 12:16:36,738 INFO o.a.j.p.h.s.h.LazyLayeredConnectionSocketFactory: Setting up HTTPS TrustAll Socket Factory
2021-05-19 12:16:36,748 INFO o.a.j.u.JsseSSLManager: Using default SSL protocol: TLS
2021-05-19 12:16:36,748 INFO o.a.j.u.JsseSSLManager: SSL session context: per-thread
2021-05-19 12:16:36,772 INFO o.a.j.t.ThreadGroup: Started thread group number 1
2021-05-19 12:16:36,772 INFO o.a.j.e.StandardJMeterEngine: All thread groups have been started
2021-05-19 12:16:37,261 INFO o.a.j.u.SSLManager: JmeterKeyStore Location:  type JKS
2021-05-19 12:16:37,262 INFO o.a.j.u.SSLManager: KeyStore created OK
2021-05-19 12:16:37,263 WARN o.a.j.u.SSLManager: Keystore file not found, loading empty keystore
2021-05-19 12:16:39,607 INFO o.a.j.t.JMeterThread: Thread started: L0-iSource-JOB 1-2
2021-05-19 12:16:39,607 INFO o.a.j.c.LoopController: iterationStart called on 5.6# Questions_Text with source org.apache.jmeter.control.LoopController@1bda07f4 and iteration 1
2021-05-19 12:16:39,608 INFO o.a.j.c.LoopController: iterationStart called on 5.4# Questions_Multichoice with source org.apache.jmeter.control.LoopController@1bda07f4 and iteration 1
2021-05-19 12:16:42,631 INFO o.a.j.t.JMeterThread: Thread started: L0-iSource-JOB 1-3
2021-05-19 12:16:42,632 INFO o.a.j.c.LoopController: iterationStart called on 5.6# Questions_Text with source org.apache.jmeter.control.LoopController@1ba61d09 and iteration 1
2021-05-19 12:16:42,632 INFO o.a.j.c.LoopController: iterationStart called on 5.4# Questions_Multichoice with source org.apache.jmeter.control.LoopController@1ba61d09 and iteration 1
2021-05-19 12:16:45,656 INFO o.a.j.t.JMeterThread: Thread started: L0-iSource-JOB 1-4
2021-05-19 12:16:45,657 INFO o.a.j.c.LoopController: iterationStart called on 5.6# Questions_Text with source org.apache.jmeter.control.LoopController@300d0a14 and iteration 1
2021-05-19 12:16:45,657 INFO o.a.j.c.LoopController: iterationStart called on 5.4# Questions_Multichoice with source org.apache.jmeter.control.LoopController@300d0a14 and iteration 1
2021-05-19 12:16:48,677 INFO o.a.j.t.JMeterThread: Thread started: L0-iSource-JOB 1-5
2021-05-19 12:16:48,678 INFO o.a.j.c.LoopController: iterationStart called on 5.6# Questions_Text with source org.apache.jmeter.control.LoopController@1a2fb6f3 and iteration 1
2021-05-19 12:16:48,678 INFO o.a.j.c.LoopController: iterationStart called on 5.4# Questions_Multichoice with source org.apache.jmeter.control.LoopController@1a2fb6f3 and iteration 1
2021-05-19 12:16:51,700 INFO o.a.j.t.JMeterThread: Thread started: L0-iSource-JOB 1-6
2021-05-19 12:16:51,701 INFO o.a.j.c.LoopController: iterationStart called on 5.6# Questions_Text with source org.apache.jmeter.control.LoopController@4b965b02 and iteration 1
2021-05-19 12:16:51,701 INFO o.a.j.c.LoopController: iterationStart called on 5.4# Questions_Multichoice with source org.apache.jmeter.control.LoopController@4b965b02 and iteration 1
2021-05-19 12:16:54,722 INFO o.a.j.t.JMeterThread: Thread started: L0-iSource-JOB 1-7
2021-05-19 12:16:54,723 INFO o.a.j.c.LoopController: iterationStart called on 5.6# Questions_Text with source org.apache.jmeter.control.LoopController@3325bca0 and iteration 1
2021-05-19 12:16:54,723 INFO o.a.j.c.LoopController: iterationStart called on 5.4# Questions_Multichoice with source org.apache.jmeter.control.LoopController@3325bca0 and iteration 1
2021-05-19 12:16:57,776 INFO o.a.j.t.JMeterThread: Thread started: L0-iSource-JOB 1-8
2021-05-19 12:16:57,777 INFO o.a.j.c.LoopController: iterationStart called on 5.6# Questions_Text with source org.apache.jmeter.control.LoopController@7c8955d7 and iteration 1
2021-05-19 12:16:57,777 INFO o.a.j.c.LoopController: iterationStart called on 5.4# Questions_Multichoice with source org.apache.jmeter.control.LoopController@7c8955d7 and iteration 1
2021-05-19 12:17:00,325 INFO o.a.j.r.Summariser: summary +    104 in 00:00:24 =    4.4/s Avg:   357 Min:    19 Max:  1812 Err:     0 (0.00%) Active: 8 Started: 8 Finished: 0
2021-05-19 12:17:00,784 INFO o.a.j.t.JMeterThread: Thread started: L0-iSource-JOB 1-9
2021-05-19 12:17:00,784 INFO o.a.j.c.LoopController: iterationStart called on 5.6# Questions_Text with source org.apache.jmeter.control.LoopController@2b588e35 and iteration 1
2021-05-19 12:17:00,784 INFO o.a.j.c.LoopController: iterationStart called on 5.4# Questions_Multichoice with source org.apache.jmeter.control.LoopController@2b588e35 and iteration 1
2021-05-19 12:17:03,792 INFO o.a.j.t.JMeterThread: Thread started: L0-iSource-JOB 1-10
2021-05-19 12:17:03,793 INFO o.a.j.c.LoopController: iterationStart called on 5.6# Questions_Text with source org.apache.jmeter.control.LoopController@796d43fd and iteration 1
2021-05-19 12:17:03,793 INFO o.a.j.c.LoopController: iterationStart called on 5.4# Questions_Multichoice with source org.apache.jmeter.control.LoopController@796d43fd and iteration 1
2021-05-19 12:17:30,387 INFO o.a.j.r.Summariser: summary +    156 in 00:00:30 =    5.2/s Avg:  1065 Min:    30 Max: 11818 Err:     0 (0.00%) Active: 10 Started: 10 Finished: 0
2021-05-19 12:17:30,387 INFO o.a.j.r.Summariser: summary =    260 in 00:00:54 =    4.8/s Avg:   782 Min:    19 Max: 11818 Err:     0 (0.00%)
2021-05-19 12:18:00,024 INFO o.a.j.r.Summariser: summary +    139 in 00:00:30 =    4.7/s Avg:   969 Min:   298 Max: 11624 Err:     0 (0.00%) Active: 10 Started: 10 Finished: 0
2021-05-19 12:18:00,025 INFO o.a.j.r.Summariser: summary =    399 in 00:01:24 =    4.8/s Avg:   847 Min:    19 Max: 11818 Err:     0 (0.00%)
2021-05-19 12:18:00,432 INFO o.a.j.s.FileServer: Stored: D:\apache-jmeter-5.1\apache-jmeter-5.1\bin\excel\isource\PricingLot_2000.xlsx
2021-05-19 12:18:10,469 INFO o.a.j.t.JMeterThread: Stop Thread detected by thread: L0-iSource-JOB 1-6
2021-05-19 12:18:10,469 INFO o.a.j.t.JMeterThread: Thread finished: L0-iSource-JOB 1-6
2021-05-19 12:18:10,661 INFO o.a.j.t.JMeterThread: Stop Thread detected by thread: L0-iSource-JOB 1-1
2021-05-19 12:18:10,661 INFO o.a.j.t.JMeterThread: Thread finished: L0-iSource-JOB 1-1
2021-05-19 12:18:30,004 INFO o.a.j.r.Summariser: summary +     90 in 00:00:30 =    3.0/s Avg:  2902 Min:   298 Max: 60684 Err:     2 (2.22%) Active: 8 Started: 10 Finished: 2
2021-05-19 12:18:30,004 INFO o.a.j.r.Summariser: summary =    489 in 00:01:54 =    4.3/s Avg:  1225 Min:    19 Max: 60684 Err:     2 (0.41%)
2021-05-19 12:19:23,952 INFO o.a.j.t.JMeterThread: Stop Thread detected by thread: L0-iSource-JOB 1-5
2021-05-19 12:19:23,952 INFO o.a.j.t.JMeterThread: Thread finished: L0-iSource-JOB 1-5
2021-05-19 12:19:24,122 INFO o.a.j.t.JMeterThread: Stop Thread detected by thread: L0-iSource-JOB 1-10
2021-05-19 12:19:24,122 INFO o.a.j.t.JMeterThread: Thread finished: L0-iSource-JOB 1-10
2021-05-19 12:19:32,192 INFO o.a.j.r.Summariser: summary +     32 in 00:01:02 =    0.5/s Avg: 10618 Min:   413 Max: 60246 Err:     3 (9.38%) Active: 6 Started: 10 Finished: 4
2021-05-19 12:19:32,194 INFO o.a.j.r.Summariser: summary =    521 in 00:02:56 =    3.0/s Avg:  1802 Min:    19 Max: 60684 Err:     5 (0.96%)
2021-05-19 12:19:32,194 INFO o.a.j.t.JMeterThread: Stop Thread detected by thread: L0-iSource-JOB 1-3
2021-05-19 12:19:32,194 INFO o.a.j.t.JMeterThread: Thread finished: L0-iSource-JOB 1-3
2021-05-19 12:19:40,143 INFO o.a.j.t.JMeterThread: Stop Thread detected by thread: L0-iSource-JOB 1-4
2021-05-19 12:19:40,143 INFO o.a.j.t.JMeterThread: Thread finished: L0-iSource-JOB 1-4
2021-05-19 12:19:44,860 INFO o.a.j.t.JMeterThread: Stop Thread detected by thread: L0-iSource-JOB 1-7
2021-05-19 12:19:44,860 INFO o.a.j.t.JMeterThread: Thread finished: L0-iSource-JOB 1-7
2021-05-19 12:19:48,282 INFO o.a.j.t.JMeterThread: Stop Thread detected by thread: L0-iSource-JOB 1-2
2021-05-19 12:19:48,282 INFO o.a.j.t.JMeterThread: Thread finished: L0-iSource-JOB 1-2
2021-05-19 12:19:54,584 INFO o.a.j.t.JMeterThread: Stop Thread detected by thread: L0-iSource-JOB 1-9
2021-05-19 12:19:54,584 INFO o.a.j.t.JMeterThread: Thread finished: L0-iSource-JOB 1-9
2021-05-19 12:20:00,258 INFO o.a.j.r.Summariser: summary +     23 in 00:00:28 =    0.8/s Avg: 11322 Min:   312 Max: 60304 Err:     4 (17.39%) Active: 1 Started: 10 Finished: 9
2021-05-19 12:20:00,259 INFO o.a.j.r.Summariser: summary =    544 in 00:03:24 =    2.7/s Avg:  2205 Min:    19 Max: 60684 Err:     9 (1.65%)
2021-05-19 12:20:08,527 INFO o.a.j.s.FileServer: Stored: D:\apache-jmeter-5.1\apache-jmeter-5.1\bin\excel\isource\MCQquest.xlsx
2021-05-19 12:20:16,665 INFO o.a.j.s.FileServer: Stored: D:\apache-jmeter-5.1\apache-jmeter-5.1\bin\excel\isource\100mb.docx
2021-05-19 12:21:00,172 INFO o.a.j.r.Summariser: summary +     39 in 00:01:00 =    0.7/s Avg:   758 Min:   300 Max:  2097 Err:     0 (0.00%) Active: 1 Started: 10 Finished: 9
2021-05-19 12:21:00,172 INFO o.a.j.r.Summariser: summary =    583 in 00:04:24 =    2.2/s Avg:  2108 Min:    19 Max: 60684 Err:     9 (1.54%)
2021-05-19 12:21:11,067 ERROR o.a.j.u.BeanShellInterpreter: Error invoking bsh method: eval	Sourced file: inline evaluation of: ``String totalRecords = vars.get("totalRecords"); String perpage = vars.get("perpa . . . '' : Typed variable declaration : Method Invocation Integer.parseInt
2021-05-19 12:21:11,067 WARN o.a.j.e.BeanShellPostProcessor: Problem in BeanShell script: org.apache.jorphan.util.JMeterException: Error invoking bsh method: eval	Sourced file: inline evaluation of: ``String totalRecords = vars.get("totalRecords"); String perpage = vars.get("perpa . . . '' : Typed variable declaration : Method Invocation Integer.parseInt
2021-05-19 12:21:33,900 INFO o.a.j.r.Summariser: summary +     10 in 00:00:34 =    0.3/s Avg:  2155 Min:   351 Max:  8572 Err:     0 (0.00%) Active: 1 Started: 10 Finished: 9
2021-05-19 12:21:33,900 INFO o.a.j.r.Summariser: summary =    593 in 00:04:57 =    2.0/s Avg:  2109 Min:    19 Max: 60684 Err:     9 (1.52%)
2021-05-19 12:22:03,460 INFO o.a.j.r.Summariser: summary +      8 in 00:00:30 =    0.3/s Avg:  2181 Min:   359 Max:  8908 Err:     0 (0.00%) Active: 1 Started: 10 Finished: 9
2021-05-19 12:22:03,461 INFO o.a.j.r.Summariser: summary =    601 in 00:05:27 =    1.8/s Avg:  2110 Min:    19 Max: 60684 Err:     9 (1.50%)
2021-05-19 12:22:46,875 INFO o.a.j.t.JMeterThread: Thread is done: L0-iSource-JOB 1-8
2021-05-19 12:22:46,875 INFO o.a.j.t.JMeterThread: Thread finished: L0-iSource-JOB 1-8
2021-05-19 12:22:46,876 INFO o.a.j.e.StandardJMeterEngine: Notifying test listeners of end of test
2021-05-19 12:22:46,876 INFO o.a.j.s.FileServer: Close: D:\apache-jmeter-5.1\apache-jmeter-5.1\bin\excel\isource\Partner_ZCS_Users.csv
2021-05-19 12:22:46,876 INFO o.a.j.r.Summariser: summary +     22 in 00:00:43 =    0.5/s Avg:  1696 Min:   286 Max: 12241 Err:     0 (0.00%) Active: 0 Started: 10 Finished: 10
2021-05-19 12:22:46,877 INFO o.a.j.r.Summariser: summary =    623 in 00:06:10 =    1.7/s Avg:  2095 Min:    19 Max: 60684 Err:     9 (1.44%)
2021-05-19 12:22:46,877 INFO o.a.j.JMeter: Generating Dashboard
2021-05-19 12:22:46,877 INFO o.a.j.r.d.ReportGenerator: Flushing result collector before report Generation
2021-05-19 12:22:46,887 INFO o.a.j.r.p.NormalizerSampleConsumer: Using format, 'ms', to parse timeStamp field
2021-05-19 12:22:46,987 INFO o.a.j.r.p.AbstractSampleConsumer: class org.apache.jmeter.report.processor.AggregateConsumer#stopProducing(): beginDate produced 0 samples
2021-05-19 12:22:46,987 INFO o.a.j.r.p.AbstractSampleConsumer: class org.apache.jmeter.report.processor.AggregateConsumer#stopProducing(): endDate produced 0 samples
2021-05-19 12:22:46,989 INFO o.a.j.r.p.AbstractSampleConsumer: class org.apache.jmeter.report.processor.ApdexSummaryConsumer#stopProducing(): apdexSummary produced 0 samples
2021-05-19 12:22:46,989 INFO o.a.j.r.p.AbstractSampleConsumer: class org.apache.jmeter.report.processor.RequestsSummaryConsumer#stopProducing(): requestsSummary produced 0 samples
2021-05-19 12:22:46,995 INFO o.a.j.r.p.AbstractSampleConsumer: class org.apache.jmeter.report.processor.StatisticsSummaryConsumer#stopProducing(): statisticsSummary produced 0 samples
2021-05-19 12:22:46,999 INFO o.a.j.r.p.AbstractSampleConsumer: class org.apache.jmeter.report.processor.Top5ErrorsBySamplerConsumer#stopProducing(): top5ErrorsBySampler produced 0 samples
2021-05-19 12:22:46,999 INFO o.a.j.r.p.AbstractSampleConsumer: class org.apache.jmeter.report.processor.ErrorsSummaryConsumer#stopProducing(): errorsSummary produced 0 samples
2021-05-19 12:22:46,999 INFO o.a.j.r.p.AbstractSampleConsumer: class org.apache.jmeter.report.processor.graph.impl.HitsPerSecondGraphConsumer#stopProducing(): hitsPerSecond produced 0 samples
2021-05-19 12:22:47,013 INFO o.a.j.r.p.AbstractSampleConsumer: class org.apache.jmeter.report.processor.graph.impl.LatencyVSRequestGraphConsumer#stopProducing(): latencyVsRequest produced 0 samples
2021-05-19 12:22:47,013 INFO o.a.j.r.p.AbstractSampleConsumer: class org.apache.jmeter.report.processor.graph.impl.SyntheticResponseTimeDistributionGraphConsumer#stopProducing(): syntheticResponseTimeDistribution produced 0 samples
2021-05-19 12:22:47,013 INFO o.a.j.r.p.AbstractSampleConsumer: class org.apache.jmeter.report.processor.graph.impl.BytesThroughputGraphConsumer#stopProducing(): bytesThroughputOverTime produced 0 samples
2021-05-19 12:22:47,013 INFO o.a.j.r.p.AbstractSampleConsumer: class org.apache.jmeter.report.processor.graph.impl.CodesPerSecondGraphConsumer#stopProducing(): codesPerSecond produced 0 samples
2021-05-19 12:22:47,020 INFO o.a.j.r.p.AbstractSampleConsumer: class org.apache.jmeter.report.processor.graph.impl.ResponseTimeVSRequestGraphConsumer#stopProducing(): responseTimeVsRequest produced 0 samples
2021-05-19 12:22:47,021 INFO o.a.j.r.p.AbstractSampleConsumer: class org.apache.jmeter.report.processor.FilterConsumer#stopProducing(): startIntervalControlerFilter produced 4361 samples
2021-05-19 12:22:47,021 INFO o.a.j.r.p.AbstractSampleConsumer: class org.apache.jmeter.report.processor.graph.impl.TotalTPSGraphConsumer#stopProducing(): totalTPS produced 0 samples
2021-05-19 12:22:47,021 INFO o.a.j.r.p.AbstractSampleConsumer: class org.apache.jmeter.report.processor.graph.impl.ActiveThreadsGraphConsumer#stopProducing(): activeThreadsOverTime produced 0 samples
2021-05-19 12:22:47,021 INFO o.a.j.r.p.AbstractSampleConsumer: class org.apache.jmeter.report.processor.graph.impl.TimeVSThreadGraphConsumer#stopProducing(): timeVsThreads produced 0 samples
2021-05-19 12:22:47,031 INFO o.a.j.r.p.AbstractSampleConsumer: class org.apache.jmeter.report.processor.graph.impl.ResponseTimeDistributionGraphConsumer#stopProducing(): responseTimeDistribution produced 0 samples
2021-05-19 12:22:47,032 INFO o.a.j.r.p.AbstractSampleConsumer: class org.apache.jmeter.report.processor.graph.impl.TransactionsPerSecondGraphConsumer#stopProducing(): transactionsPerSecond produced 0 samples
2021-05-19 12:22:47,033 INFO o.a.j.r.p.AbstractSampleConsumer: class org.apache.jmeter.report.processor.graph.impl.ResponseTimePercentilesGraphConsumer#stopProducing(): responseTimePercentiles produced 0 samples
2021-05-19 12:22:47,061 INFO o.a.j.r.p.AbstractSampleConsumer: class org.apache.jmeter.report.processor.graph.impl.ResponseTimePercentilesOverTimeGraphConsumer#stopProducing(): responseTimePercentilesOverTime produced 0 samples
2021-05-19 12:22:47,061 INFO o.a.j.r.p.AbstractSampleConsumer: class org.apache.jmeter.report.processor.graph.impl.ResponseTimeOverTimeGraphConsumer#stopProducing(): responseTimesOverTime produced 0 samples
2021-05-19 12:22:47,062 INFO o.a.j.r.p.AbstractSampleConsumer: class org.apache.jmeter.report.processor.graph.impl.ConnectTimeOverTimeGraphConsumer#stopProducing(): connectTimeOverTime produced 0 samples
2021-05-19 12:22:47,063 INFO o.a.j.r.p.AbstractSampleConsumer: class org.apache.jmeter.report.processor.graph.impl.LatencyOverTimeGraphConsumer#stopProducing(): latenciesOverTime produced 0 samples
2021-05-19 12:22:47,064 INFO o.a.j.r.p.AbstractSampleConsumer: class org.apache.jmeter.report.processor.FilterConsumer#stopProducing(): nameFilter produced 10755 samples
2021-05-19 12:22:47,064 INFO o.a.j.r.p.AbstractSampleConsumer: class org.apache.jmeter.report.processor.FilterConsumer#stopProducing(): dateRangeFilter produced 2151 samples
2021-05-19 12:22:47,064 INFO o.a.j.r.p.AbstractSampleConsumer: class org.apache.jmeter.report.processor.NormalizerSampleConsumer#stopProducing(): normalizer produced 717 samples
2021-05-19 12:22:47,064 INFO o.a.j.r.p.CsvFileSampleSource: produce(): 717 samples produced in 158ms on channel 0
2021-05-19 12:22:47,064 INFO o.a.j.r.d.ReportGenerator: Exporting data using exporter:'json' of className:'org.apache.jmeter.report.dashboard.JsonExporter'
2021-05-19 12:22:47,066 INFO o.a.j.r.d.JsonExporter: Found data for consumer statisticsSummary in context
2021-05-19 12:22:47,066 INFO o.a.j.r.d.JsonExporter: Creating statistics for overall
2021-05-19 12:22:47,066 INFO o.a.j.r.d.JsonExporter: Creating statistics for other transactions
2021-05-19 12:22:47,067 INFO o.a.j.r.d.JsonExporter: Checking output folder
2021-05-19 12:22:47,068 INFO o.a.j.r.d.JsonExporter: Writing statistics JSON to C:\xampp\htdocs\PerformancePostgres\L0_iSource_10_RFQMultipleQuestionsPublish_2021-05-19_4\statistics.json
2021-05-19 12:22:47,196 INFO o.a.j.r.d.ReportGenerator: Exporting data using exporter:'html' of className:'org.apache.jmeter.report.dashboard.HtmlTemplateExporter'
2021-05-19 12:22:47,198 INFO o.a.j.r.d.HtmlTemplateExporter: Will generate dashboard in folder: C:\xampp\htdocs\PerformancePostgres\L0_iSource_10_RFQMultipleQuestionsPublish_2021-05-19_4
2021-05-19 12:22:47,470 INFO o.a.j.r.d.HtmlTemplateExporter: Report will be generated in: C:\xampp\htdocs\PerformancePostgres\L0_iSource_10_RFQMultipleQuestionsPublish_2021-05-19_4, creating folder structure
2021-05-19 12:22:47,474 INFO o.a.j.r.d.TemplateVisitor: Copying folder from 'D:\apache-jmeter-5.1\apache-jmeter-5.1\bin\report-template' to 'C:\xampp\htdocs\PerformancePostgres\L0_iSource_10_RFQMultipleQuestionsPublish_2021-05-19_4', got message:[C:\xampp\htdocs\PerformancePostgres\L0_iSource_10_RFQMultipleQuestionsPublish_2021-05-19_4\statistics.json], found non empty folder with following content {}, will be ignored
2021-05-19 12:22:48,158 INFO o.a.j.JMeter: Dashboard generated
