2021-06-04 13:43:51,968 INFO o.a.j.u.JMeterUtils: Setting Locale to en_EN
2021-06-04 13:43:51,979 INFO o.a.j.JMeter: Loading user properties from: user.properties
2021-06-04 13:43:51,979 INFO o.a.j.JMeter: Loading system properties from: system.properties
2021-06-04 13:43:51,980 INFO o.a.j.JMeter: Setting JMeter property: meter.reportgenerator.report_title=AuctionAddSuppliers
2021-06-04 13:43:51,980 INFO o.a.j.JMeter: Setting JMeter property: thread=10
2021-06-04 13:43:51,980 INFO o.a.j.JMeter: Setting JMeter property: rampup=30
2021-06-04 13:43:51,984 INFO o.a.j.JMeter: Copyright (c) 1998-2019 The Apache Software Foundation
2021-06-04 13:43:51,984 INFO o.a.j.JMeter: Version 5.1 r1853635
2021-06-04 13:43:51,984 INFO o.a.j.JMeter: java.version=1.8.0_121
2021-06-04 13:43:51,984 INFO o.a.j.JMeter: java.vm.name=Java HotSpot(TM) 64-Bit Server VM
2021-06-04 13:43:51,984 INFO o.a.j.JMeter: os.name=Windows 10
2021-06-04 13:43:51,984 INFO o.a.j.JMeter: os.arch=amd64
2021-06-04 13:43:51,984 INFO o.a.j.JMeter: os.version=10.0
2021-06-04 13:43:51,984 INFO o.a.j.JMeter: file.encoding=Cp1252
2021-06-04 13:43:51,984 INFO o.a.j.JMeter: java.awt.headless=true
2021-06-04 13:43:51,984 INFO o.a.j.JMeter: Max memory     =8589934592
2021-06-04 13:43:51,984 INFO o.a.j.JMeter: Available Processors =6
2021-06-04 13:43:51,987 INFO o.a.j.JMeter: Default Locale=English (EN)
2021-06-04 13:43:51,987 INFO o.a.j.JMeter: JMeter  Locale=English (EN)
2021-06-04 13:43:51,987 INFO o.a.j.JMeter: JMeterHome=D:\apache-jmeter-5.1\apache-jmeter-5.1
2021-06-04 13:43:51,987 INFO o.a.j.JMeter: user.dir  =D:\apache-jmeter-5.1\apache-jmeter-5.1\bin
2021-06-04 13:43:51,988 INFO o.a.j.JMeter: PWD       =D:\apache-jmeter-5.1\apache-jmeter-5.1\bin
2021-06-04 13:43:51,989 INFO o.a.j.JMeter: IP: 172.30.224.67 Name: ZIPLSY2278 FullName: ZIPLSY2278.zycus.net
2021-06-04 13:43:51,991 INFO o.a.j.JMeter: Setting property 'jmeter.reportgenerator.outputdir' to:'C:\xampp\htdocs\PerformancePostgres\L0_iSource_10_AuctionAddSuppliers_2021-06-04_6'
2021-06-04 13:43:51,992 INFO o.a.j.s.FileServer: Default base='D:\apache-jmeter-5.1\apache-jmeter-5.1\bin'
2021-06-04 13:43:51,995 INFO o.a.j.s.FileServer: Set new base='D:\PostrgresMigration\iSource'
2021-06-04 13:43:52,086 INFO o.a.j.s.SaveService: Testplan (JMX) version: 2.2. Testlog (JTL) version: 2.2
2021-06-04 13:43:52,097 INFO o.a.j.s.SaveService: Using SaveService properties file encoding UTF-8
2021-06-04 13:43:52,101 INFO o.a.j.s.SaveService: Using SaveService properties version 5.0
2021-06-04 13:43:52,105 INFO o.a.j.s.SaveService: Loading file: D:\PostrgresMigration\iSource\L1_iSource_AuctionAddSuppliers.jmx
2021-06-04 13:43:52,217 INFO o.a.j.p.h.c.CookieManager: Settings: Delete null: true Check: true Allow variable: true Save: false Prefix: COOKIE_
2021-06-04 13:43:52,222 INFO o.a.j.p.h.c.CacheManager: Will only cache the following methods: [GET]
2021-06-04 13:43:52,232 INFO o.a.j.p.h.s.HTTPSamplerBase: Parser for text/html is org.apache.jmeter.protocol.http.parser.LagartoBasedHtmlParser
2021-06-04 13:43:52,232 INFO o.a.j.p.h.s.HTTPSamplerBase: Parser for application/xhtml+xml is org.apache.jmeter.protocol.http.parser.LagartoBasedHtmlParser
2021-06-04 13:43:52,232 INFO o.a.j.p.h.s.HTTPSamplerBase: Parser for application/xml is org.apache.jmeter.protocol.http.parser.LagartoBasedHtmlParser
2021-06-04 13:43:52,232 INFO o.a.j.p.h.s.HTTPSamplerBase: Parser for text/xml is org.apache.jmeter.protocol.http.parser.LagartoBasedHtmlParser
2021-06-04 13:43:52,232 INFO o.a.j.p.h.s.HTTPSamplerBase: Parser for text/vnd.wap.wml is org.apache.jmeter.protocol.http.parser.RegexpHTMLParser
2021-06-04 13:43:52,232 INFO o.a.j.p.h.s.HTTPSamplerBase: Parser for text/css is org.apache.jmeter.protocol.http.parser.CssParser
2021-06-04 13:43:52,564 INFO o.a.j.JMeter: Creating summariser <summary>
2021-06-04 13:43:52,568 INFO o.a.j.r.d.ReportGenerator: ReportGenerator will use for Parsing the separator: ','
2021-06-04 13:43:52,568 INFO o.a.j.r.d.ReportGenerator: Will generate report at end of test from  results file: D:\PostrgresMigration\iSource\JTL\L0_iSource_10_AuctionAddSuppliers_2021-06-04_6.jtl
2021-06-04 13:43:52,568 INFO o.a.j.r.d.ReportGenerator: Reading report generator properties from: D:\apache-jmeter-5.1\apache-jmeter-5.1\bin\reportgenerator.properties
2021-06-04 13:43:52,569 INFO o.a.j.r.d.ReportGenerator: Merging with JMeter properties
2021-06-04 13:43:52,573 INFO o.a.j.r.c.ReportGeneratorConfiguration: Property 'jmeter.reportgenerator.temp_dir' not found, using default value 'temp' instead.
2021-06-04 13:43:52,575 INFO o.a.j.r.c.ReportGeneratorConfiguration: Property 'jmeter.reportgenerator.apdex_per_transaction' not found, using default value 'null' instead.
2021-06-04 13:43:52,576 INFO o.a.j.r.c.ReportGeneratorConfiguration: apdex_per_transaction : {} is empty, not APDEX per transaction customization
2021-06-04 13:43:52,576 INFO o.a.j.r.c.ReportGeneratorConfiguration: Property 'jmeter.reportgenerator.sample_filter' not found, using default value 'null' instead.
2021-06-04 13:43:52,576 INFO o.a.j.r.c.ReportGeneratorConfiguration: Property 'jmeter.reportgenerator.report_title' not found, using default value 'null' instead.
2021-06-04 13:43:52,576 INFO o.a.j.r.c.ReportGeneratorConfiguration: Property 'jmeter.reportgenerator.start_date' not found, using default value 'null' instead.
2021-06-04 13:43:52,576 INFO o.a.j.r.c.ReportGeneratorConfiguration: Property 'jmeter.reportgenerator.end_date' not found, using default value 'null' instead.
2021-06-04 13:43:52,576 INFO o.a.j.r.c.ReportGeneratorConfiguration: Property 'jmeter.reportgenerator.date_format' not found, using default value 'null' instead.
2021-06-04 13:43:52,576 INFO o.a.j.r.c.ReportGeneratorConfiguration: Will use date range start date: null, end date: null
2021-06-04 13:43:52,581 INFO o.a.j.r.c.ReportGeneratorConfiguration: Property 'jmeter.reportgenerator.graph.totalTPS.exclude_controllers' not found, using default value 'false' instead.
2021-06-04 13:43:52,581 INFO o.a.j.r.c.ReportGeneratorConfiguration: Property 'jmeter.reportgenerator.graph.activeThreadsOverTime.exclude_controllers' not found, using default value 'false' instead.
2021-06-04 13:43:52,581 INFO o.a.j.r.c.ReportGeneratorConfiguration: Property 'jmeter.reportgenerator.graph.timeVsThreads.exclude_controllers' not found, using default value 'false' instead.
2021-06-04 13:43:52,581 INFO o.a.j.r.c.ReportGeneratorConfiguration: Property 'jmeter.reportgenerator.graph.responseTimeDistribution.exclude_controllers' not found, using default value 'false' instead.
2021-06-04 13:43:52,581 INFO o.a.j.r.c.ReportGeneratorConfiguration: Property 'jmeter.reportgenerator.graph.transactionsPerSecond.exclude_controllers' not found, using default value 'false' instead.
2021-06-04 13:43:52,581 INFO o.a.j.r.c.ReportGeneratorConfiguration: Property 'jmeter.reportgenerator.graph.responseTimePercentiles.exclude_controllers' not found, using default value 'false' instead.
2021-06-04 13:43:52,581 INFO o.a.j.r.c.ReportGeneratorConfiguration: Property 'jmeter.reportgenerator.graph.responseTimePercentilesOverTime.exclude_controllers' not found, using default value 'false' instead.
2021-06-04 13:43:52,581 INFO o.a.j.r.c.ReportGeneratorConfiguration: Property 'jmeter.reportgenerator.graph.responseTimesOverTime.exclude_controllers' not found, using default value 'false' instead.
2021-06-04 13:43:52,582 INFO o.a.j.r.c.ReportGeneratorConfiguration: Property 'jmeter.reportgenerator.graph.connectTimeOverTime.exclude_controllers' not found, using default value 'false' instead.
2021-06-04 13:43:52,582 INFO o.a.j.r.c.ReportGeneratorConfiguration: Property 'jmeter.reportgenerator.graph.latenciesOverTime.exclude_controllers' not found, using default value 'false' instead.
2021-06-04 13:43:52,583 INFO o.a.j.r.c.ReportGeneratorConfiguration: Property 'jmeter.reportgenerator.exporter.json.filters_only_sample_series' not found, using default value 'true' instead.
2021-06-04 13:43:52,583 INFO o.a.j.r.c.ReportGeneratorConfiguration: Property 'jmeter.reportgenerator.exporter.json.series_filter' not found, using default value '' instead.
2021-06-04 13:43:52,583 INFO o.a.j.r.c.ReportGeneratorConfiguration: Property 'jmeter.reportgenerator.exporter.json.show_controllers_only' not found, using default value 'false' instead.
2021-06-04 13:43:52,583 INFO o.a.j.r.c.ReportGeneratorConfiguration: Property 'jmeter.reportgenerator.exporter.html.filters_only_sample_series' not found, using default value 'true' instead.
2021-06-04 13:43:52,583 INFO o.a.j.r.c.ReportGeneratorConfiguration: Property 'jmeter.reportgenerator.exporter.html.series_filter' not found, using default value '' instead.
2021-06-04 13:43:52,583 INFO o.a.j.r.c.ReportGeneratorConfiguration: Property 'jmeter.reportgenerator.exporter.html.show_controllers_only' not found, using default value 'false' instead.
2021-06-04 13:43:52,588 INFO o.a.j.e.StandardJMeterEngine: Running the test!
2021-06-04 13:43:52,589 INFO o.a.j.s.SampleEvent: List of sample_variables: []
2021-06-04 13:43:52,589 INFO o.a.j.s.SampleEvent: List of sample_variables: []
2021-06-04 13:43:52,598 INFO o.a.j.e.u.CompoundVariable: Note: Function class names must contain the string: '.functions.'
2021-06-04 13:43:52,598 INFO o.a.j.e.u.CompoundVariable: Note: Function class names must not contain the string: '.gui.'
2021-06-04 13:43:52,927 INFO o.a.j.JMeter: Running test (1622794432927)
2021-06-04 13:43:52,981 INFO o.a.j.e.StandardJMeterEngine: Starting ThreadGroup: 1 : L1-iSource-AuctionAddSuppliers-Job
2021-06-04 13:43:52,982 INFO o.a.j.e.StandardJMeterEngine: Starting 10 threads for group L1-iSource-AuctionAddSuppliers-Job.
2021-06-04 13:43:52,982 INFO o.a.j.e.StandardJMeterEngine: Thread will stop on error
2021-06-04 13:43:52,982 INFO o.a.j.t.ThreadGroup: Starting thread group... number=1 threads=10 ramp-up=30 perThread=3000.0 delayedStart=false
2021-06-04 13:43:53,015 INFO o.a.j.s.SampleResult: Note: Sample TimeStamps are START times
2021-06-04 13:43:53,016 INFO o.a.j.s.SampleResult: sampleresult.default.encoding is set to ISO-8859-1
2021-06-04 13:43:53,016 INFO o.a.j.s.SampleResult: sampleresult.useNanoTime=true
2021-06-04 13:43:53,016 INFO o.a.j.s.SampleResult: sampleresult.nanoThreadSleep=5000
2021-06-04 13:43:53,022 INFO o.a.j.t.JMeterThread: Thread started: L1-iSource-AuctionAddSuppliers-Job 1-1
2021-06-04 13:43:53,024 INFO o.a.j.c.LoopController: iterationStart called on 5.6# Questions_Text with source org.apache.jmeter.control.LoopController@29b36671 and iteration 1
2021-06-04 13:43:53,024 INFO o.a.j.s.FileServer: Stored: D:\apache-jmeter-5.1\apache-jmeter-5.1\bin\excel\isource\Partner_ZCS_Users.csv
2021-06-04 13:43:53,040 INFO o.a.j.p.h.s.HTTPHCAbstractImpl: Local host = ZIPLSY2278
2021-06-04 13:43:53,046 INFO o.a.j.p.h.s.HTTPHC4Impl: HTTP request retry count = 0
2021-06-04 13:43:53,130 INFO o.a.j.p.h.s.h.LazyLayeredConnectionSocketFactory: Setting up HTTPS TrustAll Socket Factory
2021-06-04 13:43:53,136 INFO o.a.j.u.JsseSSLManager: Using default SSL protocol: TLS
2021-06-04 13:43:53,136 INFO o.a.j.u.JsseSSLManager: SSL session context: per-thread
2021-06-04 13:43:53,239 INFO o.a.j.t.ThreadGroup: Started thread group number 1
2021-06-04 13:43:53,239 INFO o.a.j.e.StandardJMeterEngine: All thread groups have been started
2021-06-04 13:43:53,664 INFO o.a.j.u.SSLManager: JmeterKeyStore Location:  type JKS
2021-06-04 13:43:53,666 INFO o.a.j.u.SSLManager: KeyStore created OK
2021-06-04 13:43:53,666 WARN o.a.j.u.SSLManager: Keystore file not found, loading empty keystore
2021-06-04 13:43:56,045 INFO o.a.j.t.JMeterThread: Thread started: L1-iSource-AuctionAddSuppliers-Job 1-2
2021-06-04 13:43:56,048 INFO o.a.j.c.LoopController: iterationStart called on 5.6# Questions_Text with source org.apache.jmeter.control.LoopController@1369e09 and iteration 1
2021-06-04 13:43:59,079 INFO o.a.j.t.JMeterThread: Thread started: L1-iSource-AuctionAddSuppliers-Job 1-3
2021-06-04 13:43:59,080 INFO o.a.j.c.LoopController: iterationStart called on 5.6# Questions_Text with source org.apache.jmeter.control.LoopController@2f587d39 and iteration 1
2021-06-04 13:44:01,039 INFO o.a.j.r.Summariser: summary +      7 in 00:00:08 =    0.9/s Avg:   343 Min:    16 Max:  1349 Err:     0 (0.00%) Active: 3 Started: 3 Finished: 0
2021-06-04 13:44:02,108 INFO o.a.j.t.JMeterThread: Thread started: L1-iSource-AuctionAddSuppliers-Job 1-4
2021-06-04 13:44:02,108 INFO o.a.j.c.LoopController: iterationStart called on 5.6# Questions_Text with source org.apache.jmeter.control.LoopController@40f8f282 and iteration 1
2021-06-04 13:44:05,133 INFO o.a.j.t.JMeterThread: Thread started: L1-iSource-AuctionAddSuppliers-Job 1-5
2021-06-04 13:44:05,134 INFO o.a.j.c.LoopController: iterationStart called on 5.6# Questions_Text with source org.apache.jmeter.control.LoopController@780b7778 and iteration 1
2021-06-04 13:44:08,152 INFO o.a.j.t.JMeterThread: Thread started: L1-iSource-AuctionAddSuppliers-Job 1-6
2021-06-04 13:44:08,154 INFO o.a.j.c.LoopController: iterationStart called on 5.6# Questions_Text with source org.apache.jmeter.control.LoopController@7ed7d3b9 and iteration 1
2021-06-04 13:44:11,174 INFO o.a.j.t.JMeterThread: Thread started: L1-iSource-AuctionAddSuppliers-Job 1-7
2021-06-04 13:44:11,174 INFO o.a.j.c.LoopController: iterationStart called on 5.6# Questions_Text with source org.apache.jmeter.control.LoopController@61c222d2 and iteration 1
2021-06-04 13:44:14,196 INFO o.a.j.t.JMeterThread: Thread started: L1-iSource-AuctionAddSuppliers-Job 1-8
2021-06-04 13:44:14,196 INFO o.a.j.c.LoopController: iterationStart called on 5.6# Questions_Text with source org.apache.jmeter.control.LoopController@76837e41 and iteration 1
2021-06-04 13:44:17,222 INFO o.a.j.t.JMeterThread: Thread started: L1-iSource-AuctionAddSuppliers-Job 1-9
2021-06-04 13:44:17,222 INFO o.a.j.c.LoopController: iterationStart called on 5.6# Questions_Text with source org.apache.jmeter.control.LoopController@7d6d4c86 and iteration 1
2021-06-04 13:44:20,244 INFO o.a.j.t.JMeterThread: Thread started: L1-iSource-AuctionAddSuppliers-Job 1-10
2021-06-04 13:44:20,244 INFO o.a.j.c.LoopController: iterationStart called on 5.6# Questions_Text with source org.apache.jmeter.control.LoopController@58f28bf0 and iteration 1
2021-06-04 13:44:30,187 INFO o.a.j.r.Summariser: summary +    177 in 00:00:29 =    6.1/s Avg:   347 Min:    13 Max:  1288 Err:     0 (0.00%) Active: 10 Started: 10 Finished: 0
2021-06-04 13:44:30,188 INFO o.a.j.r.Summariser: summary =    184 in 00:00:37 =    4.9/s Avg:   347 Min:    13 Max:  1349 Err:     0 (0.00%)
2021-06-04 13:45:00,166 INFO o.a.j.r.Summariser: summary +     86 in 00:00:30 =    2.9/s Avg:  3414 Min:   245 Max: 21921 Err:     0 (0.00%) Active: 10 Started: 10 Finished: 0
2021-06-04 13:45:00,167 INFO o.a.j.r.Summariser: summary =    270 in 00:01:07 =    4.0/s Avg:  1324 Min:    13 Max: 21921 Err:     0 (0.00%)
2021-06-04 13:45:30,243 INFO o.a.j.r.Summariser: summary +    129 in 00:00:30 =    4.3/s Avg:  1147 Min:   270 Max: 15373 Err:     0 (0.00%) Active: 10 Started: 10 Finished: 0
2021-06-04 13:45:30,243 INFO o.a.j.r.Summariser: summary =    399 in 00:01:37 =    4.1/s Avg:  1267 Min:    13 Max: 21921 Err:     0 (0.00%)
2021-06-04 13:45:52,737 INFO o.a.j.s.FileServer: Stored: D:\apache-jmeter-5.1\apache-jmeter-5.1\bin\excel\isource\buyer_5_items.xlsx
2021-06-04 13:46:00,017 INFO o.a.j.r.Summariser: summary +    132 in 00:00:30 =    4.4/s Avg:   861 Min:   276 Max:  2470 Err:     0 (0.00%) Active: 10 Started: 10 Finished: 0
2021-06-04 13:46:00,017 INFO o.a.j.r.Summariser: summary =    531 in 00:02:07 =    4.2/s Avg:  1166 Min:    13 Max: 21921 Err:     0 (0.00%)
2021-06-04 13:46:30,137 INFO o.a.j.r.Summariser: summary +     72 in 00:00:30 =    2.4/s Avg:  2661 Min:   265 Max: 16408 Err:     0 (0.00%) Active: 10 Started: 10 Finished: 0
2021-06-04 13:46:30,137 INFO o.a.j.r.Summariser: summary =    603 in 00:02:37 =    3.8/s Avg:  1344 Min:    13 Max: 21921 Err:     0 (0.00%)
2021-06-04 13:47:00,407 INFO o.a.j.r.Summariser: summary +    220 in 00:00:30 =    7.3/s Avg:   946 Min:   284 Max:  4204 Err:     0 (0.00%) Active: 10 Started: 10 Finished: 0
2021-06-04 13:47:00,408 INFO o.a.j.r.Summariser: summary =    823 in 00:03:07 =    4.4/s Avg:  1238 Min:    13 Max: 21921 Err:     0 (0.00%)
2021-06-04 13:47:26,697 ERROR o.a.j.u.BeanShellInterpreter: Error invoking bsh method: eval	Sourced file: inline evaluation of: ``String totalRecords = vars.get("totalRecords"); String perpage = vars.get("perpa . . . '' : Typed variable declaration : Method Invocation Integer.parseInt
2021-06-04 13:47:26,697 WARN o.a.j.e.BeanShellPostProcessor: Problem in BeanShell script: org.apache.jorphan.util.JMeterException: Error invoking bsh method: eval	Sourced file: inline evaluation of: ``String totalRecords = vars.get("totalRecords"); String perpage = vars.get("perpa . . . '' : Typed variable declaration : Method Invocation Integer.parseInt
2021-06-04 13:47:29,372 ERROR o.a.j.u.BeanShellInterpreter: Error invoking bsh method: eval	Sourced file: inline evaluation of: ``String totalRecords = vars.get("totalRecords"); String perpage = vars.get("perpa . . . '' : Typed variable declaration : Method Invocation Integer.parseInt
2021-06-04 13:47:29,372 WARN o.a.j.e.BeanShellPostProcessor: Problem in BeanShell script: org.apache.jorphan.util.JMeterException: Error invoking bsh method: eval	Sourced file: inline evaluation of: ``String totalRecords = vars.get("totalRecords"); String perpage = vars.get("perpa . . . '' : Typed variable declaration : Method Invocation Integer.parseInt
2021-06-04 13:47:30,021 INFO o.a.j.r.Summariser: summary +    243 in 00:00:30 =    8.2/s Avg:   785 Min:   301 Max:  3698 Err:     0 (0.00%) Active: 10 Started: 10 Finished: 0
2021-06-04 13:47:30,021 INFO o.a.j.r.Summariser: summary =   1066 in 00:03:37 =    4.9/s Avg:  1135 Min:    13 Max: 21921 Err:     0 (0.00%)
2021-06-04 13:47:32,244 ERROR o.a.j.u.BeanShellInterpreter: Error invoking bsh method: eval	Sourced file: inline evaluation of: ``String totalRecords = vars.get("totalRecords"); String perpage = vars.get("perpa . . . '' : Typed variable declaration : Method Invocation Integer.parseInt
2021-06-04 13:47:32,244 WARN o.a.j.e.BeanShellPostProcessor: Problem in BeanShell script: org.apache.jorphan.util.JMeterException: Error invoking bsh method: eval	Sourced file: inline evaluation of: ``String totalRecords = vars.get("totalRecords"); String perpage = vars.get("perpa . . . '' : Typed variable declaration : Method Invocation Integer.parseInt
2021-06-04 13:47:34,059 ERROR o.a.j.u.BeanShellInterpreter: Error invoking bsh method: eval	Sourced file: inline evaluation of: ``String totalRecords = vars.get("totalRecords"); String perpage = vars.get("perpa . . . '' : Typed variable declaration : Method Invocation Integer.parseInt
2021-06-04 13:47:34,059 WARN o.a.j.e.BeanShellPostProcessor: Problem in BeanShell script: org.apache.jorphan.util.JMeterException: Error invoking bsh method: eval	Sourced file: inline evaluation of: ``String totalRecords = vars.get("totalRecords"); String perpage = vars.get("perpa . . . '' : Typed variable declaration : Method Invocation Integer.parseInt
2021-06-04 13:47:35,972 ERROR o.a.j.u.BeanShellInterpreter: Error invoking bsh method: eval	Sourced file: inline evaluation of: ``String totalRecords = vars.get("totalRecords"); String perpage = vars.get("perpa . . . '' : Typed variable declaration : Method Invocation Integer.parseInt
2021-06-04 13:47:35,972 WARN o.a.j.e.BeanShellPostProcessor: Problem in BeanShell script: org.apache.jorphan.util.JMeterException: Error invoking bsh method: eval	Sourced file: inline evaluation of: ``String totalRecords = vars.get("totalRecords"); String perpage = vars.get("perpa . . . '' : Typed variable declaration : Method Invocation Integer.parseInt
2021-06-04 13:47:37,640 ERROR o.a.j.u.BeanShellInterpreter: Error invoking bsh method: eval	Sourced file: inline evaluation of: ``String totalRecords = vars.get("totalRecords"); String perpage = vars.get("perpa . . . '' : Typed variable declaration : Method Invocation Integer.parseInt
2021-06-04 13:47:37,640 WARN o.a.j.e.BeanShellPostProcessor: Problem in BeanShell script: org.apache.jorphan.util.JMeterException: Error invoking bsh method: eval	Sourced file: inline evaluation of: ``String totalRecords = vars.get("totalRecords"); String perpage = vars.get("perpa . . . '' : Typed variable declaration : Method Invocation Integer.parseInt
2021-06-04 13:47:39,584 ERROR o.a.j.u.BeanShellInterpreter: Error invoking bsh method: eval	Sourced file: inline evaluation of: ``String totalRecords = vars.get("totalRecords"); String perpage = vars.get("perpa . . . '' : Typed variable declaration : Method Invocation Integer.parseInt
2021-06-04 13:47:39,584 WARN o.a.j.e.BeanShellPostProcessor: Problem in BeanShell script: org.apache.jorphan.util.JMeterException: Error invoking bsh method: eval	Sourced file: inline evaluation of: ``String totalRecords = vars.get("totalRecords"); String perpage = vars.get("perpa . . . '' : Typed variable declaration : Method Invocation Integer.parseInt
2021-06-04 13:47:47,077 ERROR o.a.j.u.BeanShellInterpreter: Error invoking bsh method: eval	Sourced file: inline evaluation of: ``String totalRecords = vars.get("totalRecords"); String perpage = vars.get("perpa . . . '' : Typed variable declaration : Method Invocation Integer.parseInt
2021-06-04 13:47:47,077 WARN o.a.j.e.BeanShellPostProcessor: Problem in BeanShell script: org.apache.jorphan.util.JMeterException: Error invoking bsh method: eval	Sourced file: inline evaluation of: ``String totalRecords = vars.get("totalRecords"); String perpage = vars.get("perpa . . . '' : Typed variable declaration : Method Invocation Integer.parseInt
2021-06-04 13:47:50,035 ERROR o.a.j.u.BeanShellInterpreter: Error invoking bsh method: eval	Sourced file: inline evaluation of: ``String totalRecords = vars.get("totalRecords"); String perpage = vars.get("perpa . . . '' : Typed variable declaration : Method Invocation Integer.parseInt
2021-06-04 13:47:50,035 WARN o.a.j.e.BeanShellPostProcessor: Problem in BeanShell script: org.apache.jorphan.util.JMeterException: Error invoking bsh method: eval	Sourced file: inline evaluation of: ``String totalRecords = vars.get("totalRecords"); String perpage = vars.get("perpa . . . '' : Typed variable declaration : Method Invocation Integer.parseInt
2021-06-04 13:47:52,638 ERROR o.a.j.u.BeanShellInterpreter: Error invoking bsh method: eval	Sourced file: inline evaluation of: ``String totalRecords = vars.get("totalRecords"); String perpage = vars.get("perpa . . . '' : Typed variable declaration : Method Invocation Integer.parseInt
2021-06-04 13:47:52,638 WARN o.a.j.e.BeanShellPostProcessor: Problem in BeanShell script: org.apache.jorphan.util.JMeterException: Error invoking bsh method: eval	Sourced file: inline evaluation of: ``String totalRecords = vars.get("totalRecords"); String perpage = vars.get("perpa . . . '' : Typed variable declaration : Method Invocation Integer.parseInt
2021-06-04 13:47:57,707 INFO o.a.j.t.JMeterThread: Thread is done: L1-iSource-AuctionAddSuppliers-Job 1-5
2021-06-04 13:47:57,708 INFO o.a.j.t.JMeterThread: Thread finished: L1-iSource-AuctionAddSuppliers-Job 1-5
2021-06-04 13:48:00,548 INFO o.a.j.r.Summariser: summary +     91 in 00:00:31 =    3.0/s Avg:  1952 Min:   286 Max:  9951 Err:     0 (0.00%) Active: 9 Started: 10 Finished: 1
2021-06-04 13:48:00,549 INFO o.a.j.r.Summariser: summary =   1157 in 00:04:08 =    4.7/s Avg:  1199 Min:    13 Max: 21921 Err:     0 (0.00%)
2021-06-04 13:48:00,550 INFO o.a.j.t.JMeterThread: Thread is done: L1-iSource-AuctionAddSuppliers-Job 1-1
2021-06-04 13:48:00,550 INFO o.a.j.t.JMeterThread: Thread finished: L1-iSource-AuctionAddSuppliers-Job 1-1
2021-06-04 13:48:03,747 INFO o.a.j.t.JMeterThread: Thread is done: L1-iSource-AuctionAddSuppliers-Job 1-4
2021-06-04 13:48:03,747 INFO o.a.j.t.JMeterThread: Thread finished: L1-iSource-AuctionAddSuppliers-Job 1-4
2021-06-04 13:48:05,330 INFO o.a.j.t.JMeterThread: Thread is done: L1-iSource-AuctionAddSuppliers-Job 1-6
2021-06-04 13:48:05,330 INFO o.a.j.t.JMeterThread: Thread finished: L1-iSource-AuctionAddSuppliers-Job 1-6
2021-06-04 13:48:08,804 INFO o.a.j.t.JMeterThread: Thread is done: L1-iSource-AuctionAddSuppliers-Job 1-2
2021-06-04 13:48:08,804 INFO o.a.j.t.JMeterThread: Thread finished: L1-iSource-AuctionAddSuppliers-Job 1-2
2021-06-04 13:48:09,599 INFO o.a.j.t.JMeterThread: Thread is done: L1-iSource-AuctionAddSuppliers-Job 1-3
2021-06-04 13:48:09,599 INFO o.a.j.t.JMeterThread: Thread finished: L1-iSource-AuctionAddSuppliers-Job 1-3
2021-06-04 13:48:12,516 INFO o.a.j.t.JMeterThread: Thread is done: L1-iSource-AuctionAddSuppliers-Job 1-8
2021-06-04 13:48:12,516 INFO o.a.j.t.JMeterThread: Thread finished: L1-iSource-AuctionAddSuppliers-Job 1-8
2021-06-04 13:48:18,119 INFO o.a.j.t.JMeterThread: Thread is done: L1-iSource-AuctionAddSuppliers-Job 1-10
2021-06-04 13:48:18,119 INFO o.a.j.t.JMeterThread: Thread finished: L1-iSource-AuctionAddSuppliers-Job 1-10
2021-06-04 13:48:21,215 INFO o.a.j.t.JMeterThread: Thread is done: L1-iSource-AuctionAddSuppliers-Job 1-9
2021-06-04 13:48:21,215 INFO o.a.j.t.JMeterThread: Thread finished: L1-iSource-AuctionAddSuppliers-Job 1-9
2021-06-04 13:48:24,572 INFO o.a.j.t.JMeterThread: Thread is done: L1-iSource-AuctionAddSuppliers-Job 1-7
2021-06-04 13:48:24,572 INFO o.a.j.t.JMeterThread: Thread finished: L1-iSource-AuctionAddSuppliers-Job 1-7
2021-06-04 13:48:24,574 INFO o.a.j.e.StandardJMeterEngine: Notifying test listeners of end of test
2021-06-04 13:48:24,575 INFO o.a.j.s.FileServer: Close: D:\apache-jmeter-5.1\apache-jmeter-5.1\bin\excel\isource\Partner_ZCS_Users.csv
2021-06-04 13:48:24,578 INFO o.a.j.r.Summariser: summary +     23 in 00:00:24 =    1.0/s Avg:  3841 Min:   287 Max: 10195 Err:     0 (0.00%) Active: 0 Started: 10 Finished: 10
2021-06-04 13:48:24,578 INFO o.a.j.r.Summariser: summary =   1180 in 00:04:32 =    4.3/s Avg:  1250 Min:    13 Max: 21921 Err:     0 (0.00%)
2021-06-04 13:48:24,579 INFO o.a.j.JMeter: Generating Dashboard
2021-06-04 13:48:24,579 INFO o.a.j.r.d.ReportGenerator: Flushing result collector before report Generation
2021-06-04 13:48:24,590 INFO o.a.j.r.p.NormalizerSampleConsumer: Using format, 'ms', to parse timeStamp field
2021-06-04 13:48:24,697 INFO o.a.j.r.p.AbstractSampleConsumer: class org.apache.jmeter.report.processor.AggregateConsumer#stopProducing(): beginDate produced 0 samples
2021-06-04 13:48:24,697 INFO o.a.j.r.p.AbstractSampleConsumer: class org.apache.jmeter.report.processor.AggregateConsumer#stopProducing(): endDate produced 0 samples
2021-06-04 13:48:24,699 INFO o.a.j.r.p.AbstractSampleConsumer: class org.apache.jmeter.report.processor.ApdexSummaryConsumer#stopProducing(): apdexSummary produced 0 samples
2021-06-04 13:48:24,699 INFO o.a.j.r.p.AbstractSampleConsumer: class org.apache.jmeter.report.processor.RequestsSummaryConsumer#stopProducing(): requestsSummary produced 0 samples
2021-06-04 13:48:24,705 INFO o.a.j.r.p.AbstractSampleConsumer: class org.apache.jmeter.report.processor.StatisticsSummaryConsumer#stopProducing(): statisticsSummary produced 0 samples
2021-06-04 13:48:24,709 INFO o.a.j.r.p.AbstractSampleConsumer: class org.apache.jmeter.report.processor.Top5ErrorsBySamplerConsumer#stopProducing(): top5ErrorsBySampler produced 0 samples
2021-06-04 13:48:24,709 INFO o.a.j.r.p.AbstractSampleConsumer: class org.apache.jmeter.report.processor.ErrorsSummaryConsumer#stopProducing(): errorsSummary produced 0 samples
2021-06-04 13:48:24,709 INFO o.a.j.r.p.AbstractSampleConsumer: class org.apache.jmeter.report.processor.graph.impl.HitsPerSecondGraphConsumer#stopProducing(): hitsPerSecond produced 0 samples
2021-06-04 13:48:24,727 INFO o.a.j.r.p.AbstractSampleConsumer: class org.apache.jmeter.report.processor.graph.impl.LatencyVSRequestGraphConsumer#stopProducing(): latencyVsRequest produced 0 samples
2021-06-04 13:48:24,727 INFO o.a.j.r.p.AbstractSampleConsumer: class org.apache.jmeter.report.processor.graph.impl.SyntheticResponseTimeDistributionGraphConsumer#stopProducing(): syntheticResponseTimeDistribution produced 0 samples
2021-06-04 13:48:24,727 INFO o.a.j.r.p.AbstractSampleConsumer: class org.apache.jmeter.report.processor.graph.impl.BytesThroughputGraphConsumer#stopProducing(): bytesThroughputOverTime produced 0 samples
2021-06-04 13:48:24,728 INFO o.a.j.r.p.AbstractSampleConsumer: class org.apache.jmeter.report.processor.graph.impl.CodesPerSecondGraphConsumer#stopProducing(): codesPerSecond produced 0 samples
2021-06-04 13:48:24,740 INFO o.a.j.r.p.AbstractSampleConsumer: class org.apache.jmeter.report.processor.graph.impl.ResponseTimeVSRequestGraphConsumer#stopProducing(): responseTimeVsRequest produced 0 samples
2021-06-04 13:48:24,740 INFO o.a.j.r.p.AbstractSampleConsumer: class org.apache.jmeter.report.processor.FilterConsumer#stopProducing(): startIntervalControlerFilter produced 8260 samples
2021-06-04 13:48:24,740 INFO o.a.j.r.p.AbstractSampleConsumer: class org.apache.jmeter.report.processor.graph.impl.TotalTPSGraphConsumer#stopProducing(): totalTPS produced 0 samples
2021-06-04 13:48:24,740 INFO o.a.j.r.p.AbstractSampleConsumer: class org.apache.jmeter.report.processor.graph.impl.ActiveThreadsGraphConsumer#stopProducing(): activeThreadsOverTime produced 0 samples
2021-06-04 13:48:24,740 INFO o.a.j.r.p.AbstractSampleConsumer: class org.apache.jmeter.report.processor.graph.impl.TimeVSThreadGraphConsumer#stopProducing(): timeVsThreads produced 0 samples
2021-06-04 13:48:24,747 INFO o.a.j.r.p.AbstractSampleConsumer: class org.apache.jmeter.report.processor.graph.impl.ResponseTimeDistributionGraphConsumer#stopProducing(): responseTimeDistribution produced 0 samples
2021-06-04 13:48:24,748 INFO o.a.j.r.p.AbstractSampleConsumer: class org.apache.jmeter.report.processor.graph.impl.TransactionsPerSecondGraphConsumer#stopProducing(): transactionsPerSecond produced 0 samples
2021-06-04 13:48:24,749 INFO o.a.j.r.p.AbstractSampleConsumer: class org.apache.jmeter.report.processor.graph.impl.ResponseTimePercentilesGraphConsumer#stopProducing(): responseTimePercentiles produced 0 samples
2021-06-04 13:48:24,759 INFO o.a.j.r.p.AbstractSampleConsumer: class org.apache.jmeter.report.processor.graph.impl.ResponseTimePercentilesOverTimeGraphConsumer#stopProducing(): responseTimePercentilesOverTime produced 0 samples
2021-06-04 13:48:24,760 INFO o.a.j.r.p.AbstractSampleConsumer: class org.apache.jmeter.report.processor.graph.impl.ResponseTimeOverTimeGraphConsumer#stopProducing(): responseTimesOverTime produced 0 samples
2021-06-04 13:48:24,761 INFO o.a.j.r.p.AbstractSampleConsumer: class org.apache.jmeter.report.processor.graph.impl.ConnectTimeOverTimeGraphConsumer#stopProducing(): connectTimeOverTime produced 0 samples
2021-06-04 13:48:24,761 INFO o.a.j.r.p.AbstractSampleConsumer: class org.apache.jmeter.report.processor.graph.impl.LatencyOverTimeGraphConsumer#stopProducing(): latenciesOverTime produced 0 samples
2021-06-04 13:48:24,761 INFO o.a.j.r.p.AbstractSampleConsumer: class org.apache.jmeter.report.processor.FilterConsumer#stopProducing(): nameFilter produced 20400 samples
2021-06-04 13:48:24,761 INFO o.a.j.r.p.AbstractSampleConsumer: class org.apache.jmeter.report.processor.FilterConsumer#stopProducing(): dateRangeFilter produced 4080 samples
2021-06-04 13:48:24,762 INFO o.a.j.r.p.AbstractSampleConsumer: class org.apache.jmeter.report.processor.NormalizerSampleConsumer#stopProducing(): normalizer produced 1360 samples
2021-06-04 13:48:24,762 INFO o.a.j.r.p.CsvFileSampleSource: produce(): 1360 samples produced in 155ms on channel 0
2021-06-04 13:48:24,762 INFO o.a.j.r.d.ReportGenerator: Exporting data using exporter:'json' of className:'org.apache.jmeter.report.dashboard.JsonExporter'
2021-06-04 13:48:24,763 INFO o.a.j.r.d.JsonExporter: Found data for consumer statisticsSummary in context
2021-06-04 13:48:24,763 INFO o.a.j.r.d.JsonExporter: Creating statistics for overall
2021-06-04 13:48:24,764 INFO o.a.j.r.d.JsonExporter: Creating statistics for other transactions
2021-06-04 13:48:24,764 INFO o.a.j.r.d.JsonExporter: Checking output folder
2021-06-04 13:48:24,766 INFO o.a.j.r.d.JsonExporter: Writing statistics JSON to C:\xampp\htdocs\PerformancePostgres\L0_iSource_10_AuctionAddSuppliers_2021-06-04_6\statistics.json
2021-06-04 13:48:24,889 INFO o.a.j.r.d.ReportGenerator: Exporting data using exporter:'html' of className:'org.apache.jmeter.report.dashboard.HtmlTemplateExporter'
2021-06-04 13:48:24,892 INFO o.a.j.r.d.HtmlTemplateExporter: Will generate dashboard in folder: C:\xampp\htdocs\PerformancePostgres\L0_iSource_10_AuctionAddSuppliers_2021-06-04_6
2021-06-04 13:48:25,075 INFO o.a.j.r.d.HtmlTemplateExporter: Report will be generated in: C:\xampp\htdocs\PerformancePostgres\L0_iSource_10_AuctionAddSuppliers_2021-06-04_6, creating folder structure
2021-06-04 13:48:25,078 INFO o.a.j.r.d.TemplateVisitor: Copying folder from 'D:\apache-jmeter-5.1\apache-jmeter-5.1\bin\report-template' to 'C:\xampp\htdocs\PerformancePostgres\L0_iSource_10_AuctionAddSuppliers_2021-06-04_6', got message:[C:\xampp\htdocs\PerformancePostgres\L0_iSource_10_AuctionAddSuppliers_2021-06-04_6\statistics.json], found non empty folder with following content {}, will be ignored
2021-06-04 13:48:25,812 INFO o.a.j.JMeter: Dashboard generated
