2021-07-01 11:30:29,227 INFO o.a.j.u.JMeterUtils: Setting Locale to en_EN
2021-07-01 11:30:29,238 INFO o.a.j.JMeter: Loading user properties from: user.properties
2021-07-01 11:30:29,239 INFO o.a.j.JMeter: Loading system properties from: system.properties
2021-07-01 11:30:29,239 INFO o.a.j.JMeter: Setting JMeter property: meter.reportgenerator.report_title=RaceConditionAuction
2021-07-01 11:30:29,239 INFO o.a.j.JMeter: Setting JMeter property: thread=50
2021-07-01 11:30:29,239 INFO o.a.j.JMeter: Setting JMeter property: rampup=0
2021-07-01 11:30:29,243 INFO o.a.j.JMeter: Copyright (c) 1998-2019 The Apache Software Foundation
2021-07-01 11:30:29,243 INFO o.a.j.JMeter: Version 5.1 r1853635
2021-07-01 11:30:29,243 INFO o.a.j.JMeter: java.version=1.8.0_121
2021-07-01 11:30:29,243 INFO o.a.j.JMeter: java.vm.name=Java HotSpot(TM) 64-Bit Server VM
2021-07-01 11:30:29,243 INFO o.a.j.JMeter: os.name=Windows 10
2021-07-01 11:30:29,243 INFO o.a.j.JMeter: os.arch=amd64
2021-07-01 11:30:29,243 INFO o.a.j.JMeter: os.version=10.0
2021-07-01 11:30:29,243 INFO o.a.j.JMeter: file.encoding=Cp1252
2021-07-01 11:30:29,243 INFO o.a.j.JMeter: java.awt.headless=true
2021-07-01 11:30:29,243 INFO o.a.j.JMeter: Max memory     =8589934592
2021-07-01 11:30:29,243 INFO o.a.j.JMeter: Available Processors =6
2021-07-01 11:30:29,246 INFO o.a.j.JMeter: Default Locale=English (EN)
2021-07-01 11:30:29,246 INFO o.a.j.JMeter: JMeter  Locale=English (EN)
2021-07-01 11:30:29,246 INFO o.a.j.JMeter: JMeterHome=D:\apache-jmeter-5.1\apache-jmeter-5.1
2021-07-01 11:30:29,246 INFO o.a.j.JMeter: user.dir  =D:\apache-jmeter-5.1\apache-jmeter-5.1\bin
2021-07-01 11:30:29,247 INFO o.a.j.JMeter: PWD       =D:\apache-jmeter-5.1\apache-jmeter-5.1\bin
2021-07-01 11:30:29,248 INFO o.a.j.JMeter: IP: 172.30.224.67 Name: ZIPLSY2278 FullName: ZIPLSY2278.zycus.net
2021-07-01 11:30:29,250 INFO o.a.j.JMeter: Setting property 'jmeter.reportgenerator.outputdir' to:'C:\xampp\htdocs\PerformancePostgres\L0_iSource_50_RaceConditionAuction_2021-07-01_16'
2021-07-01 11:30:29,251 INFO o.a.j.s.FileServer: Default base='D:\apache-jmeter-5.1\apache-jmeter-5.1\bin'
2021-07-01 11:30:29,254 INFO o.a.j.s.FileServer: Set new base='D:\PostrgresMigration\iSource'
2021-07-01 11:30:29,349 INFO o.a.j.s.SaveService: Testplan (JMX) version: 2.2. Testlog (JTL) version: 2.2
2021-07-01 11:30:29,359 INFO o.a.j.s.SaveService: Using SaveService properties file encoding UTF-8
2021-07-01 11:30:29,363 INFO o.a.j.s.SaveService: Using SaveService properties version 5.0
2021-07-01 11:30:29,368 INFO o.a.j.s.SaveService: Loading file: D:\PostrgresMigration\iSource\iSource_RaceConditionAuction.jmx
2021-07-01 11:30:29,406 INFO o.a.j.p.h.c.CookieManager: Settings: Delete null: true Check: true Allow variable: true Save: false Prefix: COOKIE_
2021-07-01 11:30:29,411 INFO o.a.j.p.h.c.CacheManager: Will only cache the following methods: [GET]
2021-07-01 11:30:29,418 INFO o.a.j.p.h.s.HTTPSamplerBase: Parser for text/html is org.apache.jmeter.protocol.http.parser.LagartoBasedHtmlParser
2021-07-01 11:30:29,418 INFO o.a.j.p.h.s.HTTPSamplerBase: Parser for application/xhtml+xml is org.apache.jmeter.protocol.http.parser.LagartoBasedHtmlParser
2021-07-01 11:30:29,418 INFO o.a.j.p.h.s.HTTPSamplerBase: Parser for application/xml is org.apache.jmeter.protocol.http.parser.LagartoBasedHtmlParser
2021-07-01 11:30:29,418 INFO o.a.j.p.h.s.HTTPSamplerBase: Parser for text/xml is org.apache.jmeter.protocol.http.parser.LagartoBasedHtmlParser
2021-07-01 11:30:29,418 INFO o.a.j.p.h.s.HTTPSamplerBase: Parser for text/vnd.wap.wml is org.apache.jmeter.protocol.http.parser.RegexpHTMLParser
2021-07-01 11:30:29,419 INFO o.a.j.p.h.s.HTTPSamplerBase: Parser for text/css is org.apache.jmeter.protocol.http.parser.CssParser
2021-07-01 11:30:29,663 INFO o.a.j.JMeter: Creating summariser <summary>
2021-07-01 11:30:29,667 INFO o.a.j.r.d.ReportGenerator: ReportGenerator will use for Parsing the separator: ','
2021-07-01 11:30:29,667 INFO o.a.j.r.d.ReportGenerator: Will generate report at end of test from  results file: D:\PostrgresMigration\iSource\JTL\L0_iSource_50_RaceConditionAuction_2021-07-01_16.jtl
2021-07-01 11:30:29,667 INFO o.a.j.r.d.ReportGenerator: Reading report generator properties from: D:\apache-jmeter-5.1\apache-jmeter-5.1\bin\reportgenerator.properties
2021-07-01 11:30:29,668 INFO o.a.j.r.d.ReportGenerator: Merging with JMeter properties
2021-07-01 11:30:29,672 INFO o.a.j.r.c.ReportGeneratorConfiguration: Property 'jmeter.reportgenerator.temp_dir' not found, using default value 'temp' instead.
2021-07-01 11:30:29,674 INFO o.a.j.r.c.ReportGeneratorConfiguration: Property 'jmeter.reportgenerator.apdex_per_transaction' not found, using default value 'null' instead.
2021-07-01 11:30:29,674 INFO o.a.j.r.c.ReportGeneratorConfiguration: apdex_per_transaction : {} is empty, not APDEX per transaction customization
2021-07-01 11:30:29,674 INFO o.a.j.r.c.ReportGeneratorConfiguration: Property 'jmeter.reportgenerator.sample_filter' not found, using default value 'null' instead.
2021-07-01 11:30:29,674 INFO o.a.j.r.c.ReportGeneratorConfiguration: Property 'jmeter.reportgenerator.report_title' not found, using default value 'null' instead.
2021-07-01 11:30:29,674 INFO o.a.j.r.c.ReportGeneratorConfiguration: Property 'jmeter.reportgenerator.start_date' not found, using default value 'null' instead.
2021-07-01 11:30:29,674 INFO o.a.j.r.c.ReportGeneratorConfiguration: Property 'jmeter.reportgenerator.end_date' not found, using default value 'null' instead.
2021-07-01 11:30:29,674 INFO o.a.j.r.c.ReportGeneratorConfiguration: Property 'jmeter.reportgenerator.date_format' not found, using default value 'null' instead.
2021-07-01 11:30:29,675 INFO o.a.j.r.c.ReportGeneratorConfiguration: Will use date range start date: null, end date: null
2021-07-01 11:30:29,678 INFO o.a.j.r.c.ReportGeneratorConfiguration: Property 'jmeter.reportgenerator.graph.totalTPS.exclude_controllers' not found, using default value 'false' instead.
2021-07-01 11:30:29,678 INFO o.a.j.r.c.ReportGeneratorConfiguration: Property 'jmeter.reportgenerator.graph.activeThreadsOverTime.exclude_controllers' not found, using default value 'false' instead.
2021-07-01 11:30:29,678 INFO o.a.j.r.c.ReportGeneratorConfiguration: Property 'jmeter.reportgenerator.graph.timeVsThreads.exclude_controllers' not found, using default value 'false' instead.
2021-07-01 11:30:29,678 INFO o.a.j.r.c.ReportGeneratorConfiguration: Property 'jmeter.reportgenerator.graph.responseTimeDistribution.exclude_controllers' not found, using default value 'false' instead.
2021-07-01 11:30:29,678 INFO o.a.j.r.c.ReportGeneratorConfiguration: Property 'jmeter.reportgenerator.graph.transactionsPerSecond.exclude_controllers' not found, using default value 'false' instead.
2021-07-01 11:30:29,678 INFO o.a.j.r.c.ReportGeneratorConfiguration: Property 'jmeter.reportgenerator.graph.responseTimePercentiles.exclude_controllers' not found, using default value 'false' instead.
2021-07-01 11:30:29,678 INFO o.a.j.r.c.ReportGeneratorConfiguration: Property 'jmeter.reportgenerator.graph.responseTimePercentilesOverTime.exclude_controllers' not found, using default value 'false' instead.
2021-07-01 11:30:29,678 INFO o.a.j.r.c.ReportGeneratorConfiguration: Property 'jmeter.reportgenerator.graph.responseTimesOverTime.exclude_controllers' not found, using default value 'false' instead.
2021-07-01 11:30:29,679 INFO o.a.j.r.c.ReportGeneratorConfiguration: Property 'jmeter.reportgenerator.graph.connectTimeOverTime.exclude_controllers' not found, using default value 'false' instead.
2021-07-01 11:30:29,679 INFO o.a.j.r.c.ReportGeneratorConfiguration: Property 'jmeter.reportgenerator.graph.latenciesOverTime.exclude_controllers' not found, using default value 'false' instead.
2021-07-01 11:30:29,679 INFO o.a.j.r.c.ReportGeneratorConfiguration: Property 'jmeter.reportgenerator.exporter.json.filters_only_sample_series' not found, using default value 'true' instead.
2021-07-01 11:30:29,680 INFO o.a.j.r.c.ReportGeneratorConfiguration: Property 'jmeter.reportgenerator.exporter.json.series_filter' not found, using default value '' instead.
2021-07-01 11:30:29,680 INFO o.a.j.r.c.ReportGeneratorConfiguration: Property 'jmeter.reportgenerator.exporter.json.show_controllers_only' not found, using default value 'false' instead.
2021-07-01 11:30:29,680 INFO o.a.j.r.c.ReportGeneratorConfiguration: Property 'jmeter.reportgenerator.exporter.html.filters_only_sample_series' not found, using default value 'true' instead.
2021-07-01 11:30:29,680 INFO o.a.j.r.c.ReportGeneratorConfiguration: Property 'jmeter.reportgenerator.exporter.html.series_filter' not found, using default value '' instead.
2021-07-01 11:30:29,680 INFO o.a.j.r.c.ReportGeneratorConfiguration: Property 'jmeter.reportgenerator.exporter.html.show_controllers_only' not found, using default value 'false' instead.
2021-07-01 11:30:29,684 INFO o.a.j.e.StandardJMeterEngine: Running the test!
2021-07-01 11:30:29,685 INFO o.a.j.s.SampleEvent: List of sample_variables: []
2021-07-01 11:30:29,685 INFO o.a.j.s.SampleEvent: List of sample_variables: []
2021-07-01 11:30:29,689 INFO o.a.j.e.u.CompoundVariable: Note: Function class names must contain the string: '.functions.'
2021-07-01 11:30:29,689 INFO o.a.j.e.u.CompoundVariable: Note: Function class names must not contain the string: '.gui.'
2021-07-01 11:30:30,145 INFO o.a.j.JMeter: Running test (1625119230145)
2021-07-01 11:30:30,206 INFO o.a.j.e.StandardJMeterEngine: Starting ThreadGroup: 1 : iSource_RaceConditionAuction
2021-07-01 11:30:30,206 INFO o.a.j.e.StandardJMeterEngine: Starting 50 threads for group iSource_RaceConditionAuction.
2021-07-01 11:30:30,206 INFO o.a.j.e.StandardJMeterEngine: Thread will stop on error
2021-07-01 11:30:30,206 INFO o.a.j.t.ThreadGroup: Starting thread group... number=1 threads=50 ramp-up=0 perThread=0.0 delayedStart=false
2021-07-01 11:30:30,231 INFO o.a.j.s.SampleResult: Note: Sample TimeStamps are START times
2021-07-01 11:30:30,233 INFO o.a.j.s.SampleResult: sampleresult.default.encoding is set to ISO-8859-1
2021-07-01 11:30:30,234 INFO o.a.j.s.SampleResult: sampleresult.useNanoTime=true
2021-07-01 11:30:30,234 INFO o.a.j.s.SampleResult: sampleresult.nanoThreadSleep=5000
2021-07-01 11:30:30,242 INFO o.a.j.t.JMeterThread: Thread started: iSource_RaceConditionAuction 1-1
2021-07-01 11:30:30,262 INFO o.a.j.p.h.s.HTTPHCAbstractImpl: Local host = ZIPLSY2278
2021-07-01 11:30:30,262 INFO o.a.j.t.JMeterThread: Thread started: iSource_RaceConditionAuction 1-2
2021-07-01 11:30:30,270 INFO o.a.j.p.h.s.HTTPHC4Impl: HTTP request retry count = 0
2021-07-01 11:30:30,294 INFO o.a.j.t.JMeterThread: Thread started: iSource_RaceConditionAuction 1-3
2021-07-01 11:30:30,330 INFO o.a.j.t.JMeterThread: Thread started: iSource_RaceConditionAuction 1-4
2021-07-01 11:30:30,348 INFO o.a.j.p.h.s.h.LazyLayeredConnectionSocketFactory: Setting up HTTPS TrustAll Socket Factory
2021-07-01 11:30:30,355 INFO o.a.j.u.JsseSSLManager: Using default SSL protocol: TLS
2021-07-01 11:30:30,355 INFO o.a.j.u.JsseSSLManager: SSL session context: per-thread
2021-07-01 11:30:30,358 INFO o.a.j.t.JMeterThread: Thread started: iSource_RaceConditionAuction 1-5
2021-07-01 11:30:30,374 INFO o.a.j.t.JMeterThread: Thread started: iSource_RaceConditionAuction 1-6
2021-07-01 11:30:30,393 INFO o.a.j.t.JMeterThread: Thread started: iSource_RaceConditionAuction 1-7
2021-07-01 11:30:30,409 INFO o.a.j.t.JMeterThread: Thread started: iSource_RaceConditionAuction 1-8
2021-07-01 11:30:30,426 INFO o.a.j.t.JMeterThread: Thread started: iSource_RaceConditionAuction 1-9
2021-07-01 11:30:30,456 INFO o.a.j.t.JMeterThread: Thread started: iSource_RaceConditionAuction 1-10
2021-07-01 11:30:30,472 INFO o.a.j.t.JMeterThread: Thread started: iSource_RaceConditionAuction 1-11
2021-07-01 11:30:30,528 INFO o.a.j.t.JMeterThread: Thread started: iSource_RaceConditionAuction 1-12
2021-07-01 11:30:30,553 INFO o.a.j.t.JMeterThread: Thread started: iSource_RaceConditionAuction 1-13
2021-07-01 11:30:30,608 INFO o.a.j.t.JMeterThread: Thread started: iSource_RaceConditionAuction 1-14
2021-07-01 11:30:30,641 INFO o.a.j.t.JMeterThread: Thread started: iSource_RaceConditionAuction 1-15
2021-07-01 11:30:30,692 INFO o.a.j.t.JMeterThread: Thread started: iSource_RaceConditionAuction 1-16
2021-07-01 11:30:30,723 INFO o.a.j.t.JMeterThread: Thread started: iSource_RaceConditionAuction 1-17
2021-07-01 11:30:30,741 INFO o.a.j.t.JMeterThread: Thread started: iSource_RaceConditionAuction 1-18
2021-07-01 11:30:30,766 INFO o.a.j.t.JMeterThread: Thread started: iSource_RaceConditionAuction 1-19
2021-07-01 11:30:30,786 INFO o.a.j.t.JMeterThread: Thread started: iSource_RaceConditionAuction 1-20
2021-07-01 11:30:30,806 INFO o.a.j.t.JMeterThread: Thread started: iSource_RaceConditionAuction 1-21
2021-07-01 11:30:30,825 INFO o.a.j.t.JMeterThread: Thread started: iSource_RaceConditionAuction 1-22
2021-07-01 11:30:30,845 INFO o.a.j.t.JMeterThread: Thread started: iSource_RaceConditionAuction 1-23
2021-07-01 11:30:30,867 INFO o.a.j.t.JMeterThread: Thread started: iSource_RaceConditionAuction 1-24
2021-07-01 11:30:30,887 INFO o.a.j.t.JMeterThread: Thread started: iSource_RaceConditionAuction 1-25
2021-07-01 11:30:30,907 INFO o.a.j.t.JMeterThread: Thread started: iSource_RaceConditionAuction 1-26
2021-07-01 11:30:30,929 INFO o.a.j.t.JMeterThread: Thread started: iSource_RaceConditionAuction 1-27
2021-07-01 11:30:30,953 INFO o.a.j.t.JMeterThread: Thread started: iSource_RaceConditionAuction 1-28
2021-07-01 11:30:30,971 INFO o.a.j.t.JMeterThread: Thread started: iSource_RaceConditionAuction 1-29
2021-07-01 11:30:30,997 INFO o.a.j.t.JMeterThread: Thread started: iSource_RaceConditionAuction 1-30
2021-07-01 11:30:31,016 INFO o.a.j.t.JMeterThread: Thread started: iSource_RaceConditionAuction 1-31
2021-07-01 11:30:31,033 INFO o.a.j.t.JMeterThread: Thread started: iSource_RaceConditionAuction 1-32
2021-07-01 11:30:31,051 INFO o.a.j.t.JMeterThread: Thread started: iSource_RaceConditionAuction 1-33
2021-07-01 11:30:31,071 INFO o.a.j.t.JMeterThread: Thread started: iSource_RaceConditionAuction 1-34
2021-07-01 11:30:31,076 INFO o.a.j.u.SSLManager: JmeterKeyStore Location:  type JKS
2021-07-01 11:30:31,078 INFO o.a.j.u.SSLManager: KeyStore created OK
2021-07-01 11:30:31,079 WARN o.a.j.u.SSLManager: Keystore file not found, loading empty keystore
2021-07-01 11:30:31,154 INFO o.a.j.t.JMeterThread: Thread started: iSource_RaceConditionAuction 1-35
2021-07-01 11:30:31,165 INFO o.a.j.t.JMeterThread: Thread started: iSource_RaceConditionAuction 1-36
2021-07-01 11:30:31,202 INFO o.a.j.t.JMeterThread: Thread started: iSource_RaceConditionAuction 1-37
2021-07-01 11:30:31,222 INFO o.a.j.t.JMeterThread: Thread started: iSource_RaceConditionAuction 1-38
2021-07-01 11:30:31,240 INFO o.a.j.t.JMeterThread: Thread started: iSource_RaceConditionAuction 1-39
2021-07-01 11:30:31,258 INFO o.a.j.t.JMeterThread: Thread started: iSource_RaceConditionAuction 1-40
2021-07-01 11:30:31,273 INFO o.a.j.t.JMeterThread: Thread started: iSource_RaceConditionAuction 1-41
2021-07-01 11:30:31,290 INFO o.a.j.t.JMeterThread: Thread started: iSource_RaceConditionAuction 1-42
2021-07-01 11:30:31,305 INFO o.a.j.t.JMeterThread: Thread started: iSource_RaceConditionAuction 1-43
2021-07-01 11:30:31,320 INFO o.a.j.t.JMeterThread: Thread started: iSource_RaceConditionAuction 1-44
2021-07-01 11:30:31,335 INFO o.a.j.t.JMeterThread: Thread started: iSource_RaceConditionAuction 1-45
2021-07-01 11:30:31,350 INFO o.a.j.t.JMeterThread: Thread started: iSource_RaceConditionAuction 1-46
2021-07-01 11:30:31,363 INFO o.a.j.t.JMeterThread: Thread started: iSource_RaceConditionAuction 1-47
2021-07-01 11:30:31,378 INFO o.a.j.t.JMeterThread: Thread started: iSource_RaceConditionAuction 1-48
2021-07-01 11:30:31,392 INFO o.a.j.t.JMeterThread: Thread started: iSource_RaceConditionAuction 1-49
2021-07-01 11:30:31,404 INFO o.a.j.t.ThreadGroup: Started thread group number 1
2021-07-01 11:30:31,404 INFO o.a.j.e.StandardJMeterEngine: All thread groups have been started
2021-07-01 11:30:31,407 INFO o.a.j.t.JMeterThread: Thread started: iSource_RaceConditionAuction 1-50
2021-07-01 11:30:31,787 INFO o.a.j.r.Summariser: summary +      1 in 00:00:02 =    0.6/s Avg:  1089 Min:  1089 Max:  1089 Err:     0 (0.00%) Active: 50 Started: 50 Finished: 0
2021-07-01 11:31:04,249 INFO o.a.j.r.Summariser: summary +    106 in 00:00:32 =    3.3/s Avg:   847 Min:    43 Max: 30111 Err:     1 (0.94%) Active: 50 Started: 50 Finished: 0
2021-07-01 11:31:04,250 INFO o.a.j.r.Summariser: summary =    107 in 00:00:34 =    3.1/s Avg:   849 Min:    43 Max: 30111 Err:     1 (0.93%)
2021-07-01 11:31:04,250 INFO o.a.j.t.JMeterThread: Stop Thread detected by thread: iSource_RaceConditionAuction 1-5
2021-07-01 11:31:04,250 INFO o.a.j.t.JMeterThread: Thread finished: iSource_RaceConditionAuction 1-5
2021-07-01 11:31:04,258 INFO o.a.j.t.JMeterThread: Stop Thread detected by thread: iSource_RaceConditionAuction 1-37
2021-07-01 11:31:04,258 INFO o.a.j.t.JMeterThread: Thread finished: iSource_RaceConditionAuction 1-37
2021-07-01 11:31:04,312 INFO o.a.j.t.JMeterThread: Stop Thread detected by thread: iSource_RaceConditionAuction 1-48
2021-07-01 11:31:04,313 INFO o.a.j.t.JMeterThread: Thread finished: iSource_RaceConditionAuction 1-48
2021-07-01 11:31:04,324 INFO o.a.j.t.JMeterThread: Stop Thread detected by thread: iSource_RaceConditionAuction 1-10
2021-07-01 11:31:04,324 INFO o.a.j.t.JMeterThread: Thread finished: iSource_RaceConditionAuction 1-10
2021-07-01 11:31:04,328 INFO o.a.j.t.JMeterThread: Stop Thread detected by thread: iSource_RaceConditionAuction 1-18
2021-07-01 11:31:04,328 INFO o.a.j.t.JMeterThread: Thread finished: iSource_RaceConditionAuction 1-18
2021-07-01 11:31:04,333 INFO o.a.j.t.JMeterThread: Stop Thread detected by thread: iSource_RaceConditionAuction 1-15
2021-07-01 11:31:04,333 INFO o.a.j.t.JMeterThread: Stop Thread detected by thread: iSource_RaceConditionAuction 1-25
2021-07-01 11:31:04,333 INFO o.a.j.t.JMeterThread: Thread finished: iSource_RaceConditionAuction 1-15
2021-07-01 11:31:04,333 INFO o.a.j.t.JMeterThread: Thread finished: iSource_RaceConditionAuction 1-25
2021-07-01 11:31:04,334 INFO o.a.j.t.JMeterThread: Stop Thread detected by thread: iSource_RaceConditionAuction 1-1
2021-07-01 11:31:04,334 INFO o.a.j.t.JMeterThread: Thread finished: iSource_RaceConditionAuction 1-1
2021-07-01 11:31:04,335 INFO o.a.j.t.JMeterThread: Stop Thread detected by thread: iSource_RaceConditionAuction 1-2
2021-07-01 11:31:04,335 INFO o.a.j.t.JMeterThread: Thread finished: iSource_RaceConditionAuction 1-2
2021-07-01 11:31:04,335 INFO o.a.j.t.JMeterThread: Stop Thread detected by thread: iSource_RaceConditionAuction 1-17
2021-07-01 11:31:04,335 INFO o.a.j.t.JMeterThread: Thread finished: iSource_RaceConditionAuction 1-17
2021-07-01 11:31:04,340 INFO o.a.j.t.JMeterThread: Stop Thread detected by thread: iSource_RaceConditionAuction 1-22
2021-07-01 11:31:04,340 INFO o.a.j.t.JMeterThread: Thread finished: iSource_RaceConditionAuction 1-22
2021-07-01 11:31:04,346 INFO o.a.j.t.JMeterThread: Stop Thread detected by thread: iSource_RaceConditionAuction 1-39
2021-07-01 11:31:04,346 INFO o.a.j.t.JMeterThread: Thread finished: iSource_RaceConditionAuction 1-39
2021-07-01 11:31:04,348 INFO o.a.j.t.JMeterThread: Stop Thread detected by thread: iSource_RaceConditionAuction 1-3
2021-07-01 11:31:04,348 INFO o.a.j.t.JMeterThread: Stop Thread detected by thread: iSource_RaceConditionAuction 1-14
2021-07-01 11:31:04,348 INFO o.a.j.t.JMeterThread: Thread finished: iSource_RaceConditionAuction 1-3
2021-07-01 11:31:04,348 INFO o.a.j.t.JMeterThread: Stop Thread detected by thread: iSource_RaceConditionAuction 1-40
2021-07-01 11:31:04,348 INFO o.a.j.t.JMeterThread: Thread finished: iSource_RaceConditionAuction 1-14
2021-07-01 11:31:04,348 INFO o.a.j.t.JMeterThread: Thread finished: iSource_RaceConditionAuction 1-40
2021-07-01 11:31:04,354 INFO o.a.j.t.JMeterThread: Stop Thread detected by thread: iSource_RaceConditionAuction 1-44
2021-07-01 11:31:04,354 INFO o.a.j.t.JMeterThread: Stop Thread detected by thread: iSource_RaceConditionAuction 1-32
2021-07-01 11:31:04,355 INFO o.a.j.t.JMeterThread: Thread finished: iSource_RaceConditionAuction 1-44
2021-07-01 11:31:04,355 INFO o.a.j.t.JMeterThread: Thread finished: iSource_RaceConditionAuction 1-32
2021-07-01 11:31:04,372 INFO o.a.j.t.JMeterThread: Stop Thread detected by thread: iSource_RaceConditionAuction 1-46
2021-07-01 11:31:04,372 INFO o.a.j.t.JMeterThread: Thread finished: iSource_RaceConditionAuction 1-46
2021-07-01 11:31:04,372 INFO o.a.j.t.JMeterThread: Stop Thread detected by thread: iSource_RaceConditionAuction 1-35
2021-07-01 11:31:04,372 INFO o.a.j.t.JMeterThread: Stop Thread detected by thread: iSource_RaceConditionAuction 1-41
2021-07-01 11:31:04,372 INFO o.a.j.t.JMeterThread: Thread finished: iSource_RaceConditionAuction 1-35
2021-07-01 11:31:04,373 INFO o.a.j.t.JMeterThread: Thread finished: iSource_RaceConditionAuction 1-41
2021-07-01 11:31:04,378 INFO o.a.j.t.JMeterThread: Stop Thread detected by thread: iSource_RaceConditionAuction 1-26
2021-07-01 11:31:04,378 INFO o.a.j.t.JMeterThread: Thread finished: iSource_RaceConditionAuction 1-26
2021-07-01 11:31:04,379 INFO o.a.j.t.JMeterThread: Stop Thread detected by thread: iSource_RaceConditionAuction 1-6
2021-07-01 11:31:04,379 INFO o.a.j.t.JMeterThread: Thread finished: iSource_RaceConditionAuction 1-6
2021-07-01 11:31:04,385 INFO o.a.j.t.JMeterThread: Stop Thread detected by thread: iSource_RaceConditionAuction 1-13
2021-07-01 11:31:04,385 INFO o.a.j.t.JMeterThread: Thread finished: iSource_RaceConditionAuction 1-13
2021-07-01 11:31:04,396 INFO o.a.j.t.JMeterThread: Stop Thread detected by thread: iSource_RaceConditionAuction 1-30
2021-07-01 11:31:04,396 INFO o.a.j.t.JMeterThread: Thread finished: iSource_RaceConditionAuction 1-30
2021-07-01 11:31:04,396 INFO o.a.j.t.JMeterThread: Stop Thread detected by thread: iSource_RaceConditionAuction 1-31
2021-07-01 11:31:04,396 INFO o.a.j.t.JMeterThread: Thread finished: iSource_RaceConditionAuction 1-31
2021-07-01 11:31:04,396 INFO o.a.j.t.JMeterThread: Stop Thread detected by thread: iSource_RaceConditionAuction 1-21
2021-07-01 11:31:04,396 INFO o.a.j.t.JMeterThread: Thread finished: iSource_RaceConditionAuction 1-21
2021-07-01 11:31:04,396 INFO o.a.j.t.JMeterThread: Stop Thread detected by thread: iSource_RaceConditionAuction 1-23
2021-07-01 11:31:04,397 INFO o.a.j.t.JMeterThread: Thread finished: iSource_RaceConditionAuction 1-23
2021-07-01 11:31:04,409 INFO o.a.j.t.JMeterThread: Stop Thread detected by thread: iSource_RaceConditionAuction 1-38
2021-07-01 11:31:04,409 INFO o.a.j.t.JMeterThread: Stop Thread detected by thread: iSource_RaceConditionAuction 1-12
2021-07-01 11:31:04,410 INFO o.a.j.t.JMeterThread: Thread finished: iSource_RaceConditionAuction 1-38
2021-07-01 11:31:04,410 INFO o.a.j.t.JMeterThread: Thread finished: iSource_RaceConditionAuction 1-12
2021-07-01 11:31:04,462 INFO o.a.j.t.JMeterThread: Stop Thread detected by thread: iSource_RaceConditionAuction 1-7
2021-07-01 11:31:04,462 INFO o.a.j.t.JMeterThread: Thread finished: iSource_RaceConditionAuction 1-7
2021-07-01 11:31:33,928 INFO o.a.j.r.Summariser: summary +     30 in 00:00:30 =    1.0/s Avg: 31132 Min: 30081 Max: 60044 Err:    30 (100.00%) Active: 20 Started: 50 Finished: 30
2021-07-01 11:31:33,929 INFO o.a.j.r.Summariser: summary =    137 in 00:01:04 =    2.1/s Avg:  7480 Min:    43 Max: 60044 Err:    31 (22.63%)
2021-07-01 11:31:33,929 INFO o.a.j.t.JMeterThread: Stop Thread detected by thread: iSource_RaceConditionAuction 1-42
2021-07-01 11:31:33,929 INFO o.a.j.t.JMeterThread: Thread finished: iSource_RaceConditionAuction 1-42
2021-07-01 11:31:33,958 INFO o.a.j.t.JMeterThread: Stop Thread detected by thread: iSource_RaceConditionAuction 1-24
2021-07-01 11:31:33,958 INFO o.a.j.t.JMeterThread: Thread finished: iSource_RaceConditionAuction 1-24
2021-07-01 11:31:33,965 INFO o.a.j.t.JMeterThread: Stop Thread detected by thread: iSource_RaceConditionAuction 1-20
2021-07-01 11:31:33,965 INFO o.a.j.t.JMeterThread: Thread finished: iSource_RaceConditionAuction 1-20
2021-07-01 11:31:33,967 INFO o.a.j.t.JMeterThread: Stop Thread detected by thread: iSource_RaceConditionAuction 1-29
2021-07-01 11:31:33,967 INFO o.a.j.t.JMeterThread: Thread finished: iSource_RaceConditionAuction 1-29
2021-07-01 11:31:33,987 INFO o.a.j.t.JMeterThread: Stop Thread detected by thread: iSource_RaceConditionAuction 1-16
2021-07-01 11:31:33,987 INFO o.a.j.t.JMeterThread: Thread finished: iSource_RaceConditionAuction 1-16
2021-07-01 11:31:34,006 INFO o.a.j.t.JMeterThread: Stop Thread detected by thread: iSource_RaceConditionAuction 1-11
2021-07-01 11:31:34,006 INFO o.a.j.t.JMeterThread: Thread finished: iSource_RaceConditionAuction 1-11
2021-07-01 11:31:34,093 INFO o.a.j.t.JMeterThread: Stop Thread detected by thread: iSource_RaceConditionAuction 1-36
2021-07-01 11:31:34,093 INFO o.a.j.t.JMeterThread: Thread finished: iSource_RaceConditionAuction 1-36
2021-07-01 11:31:34,093 INFO o.a.j.t.JMeterThread: Stop Thread detected by thread: iSource_RaceConditionAuction 1-8
2021-07-01 11:31:34,093 INFO o.a.j.t.JMeterThread: Stop Thread detected by thread: iSource_RaceConditionAuction 1-33
2021-07-01 11:31:34,093 INFO o.a.j.t.JMeterThread: Stop Thread detected by thread: iSource_RaceConditionAuction 1-50
2021-07-01 11:31:34,093 INFO o.a.j.t.JMeterThread: Thread finished: iSource_RaceConditionAuction 1-8
2021-07-01 11:31:34,093 INFO o.a.j.t.JMeterThread: Thread finished: iSource_RaceConditionAuction 1-33
2021-07-01 11:31:34,093 INFO o.a.j.t.JMeterThread: Thread finished: iSource_RaceConditionAuction 1-50
2021-07-01 11:31:34,113 INFO o.a.j.t.JMeterThread: Stop Thread detected by thread: iSource_RaceConditionAuction 1-45
2021-07-01 11:31:34,113 INFO o.a.j.t.JMeterThread: Thread finished: iSource_RaceConditionAuction 1-45
2021-07-01 11:31:34,118 INFO o.a.j.t.JMeterThread: Stop Thread detected by thread: iSource_RaceConditionAuction 1-4
2021-07-01 11:31:34,118 INFO o.a.j.t.JMeterThread: Thread finished: iSource_RaceConditionAuction 1-4
2021-07-01 11:31:34,124 INFO o.a.j.t.JMeterThread: Stop Thread detected by thread: iSource_RaceConditionAuction 1-9
2021-07-01 11:31:34,124 INFO o.a.j.t.JMeterThread: Thread finished: iSource_RaceConditionAuction 1-9
2021-07-01 11:31:34,147 INFO o.a.j.t.JMeterThread: Stop Thread detected by thread: iSource_RaceConditionAuction 1-27
2021-07-01 11:31:34,147 INFO o.a.j.t.JMeterThread: Thread finished: iSource_RaceConditionAuction 1-27
2021-07-01 11:31:34,172 INFO o.a.j.t.JMeterThread: Stop Thread detected by thread: iSource_RaceConditionAuction 1-47
2021-07-01 11:31:34,172 INFO o.a.j.t.JMeterThread: Thread finished: iSource_RaceConditionAuction 1-47
2021-07-01 11:31:34,175 INFO o.a.j.t.JMeterThread: Stop Thread detected by thread: iSource_RaceConditionAuction 1-28
2021-07-01 11:31:34,175 INFO o.a.j.t.JMeterThread: Thread finished: iSource_RaceConditionAuction 1-28
2021-07-01 11:31:34,205 INFO o.a.j.t.JMeterThread: Stop Thread detected by thread: iSource_RaceConditionAuction 1-34
2021-07-01 11:31:34,206 INFO o.a.j.t.JMeterThread: Thread finished: iSource_RaceConditionAuction 1-34
2021-07-01 11:31:34,206 INFO o.a.j.t.JMeterThread: Stop Thread detected by thread: iSource_RaceConditionAuction 1-43
2021-07-01 11:31:34,206 INFO o.a.j.t.JMeterThread: Stop Thread detected by thread: iSource_RaceConditionAuction 1-49
2021-07-01 11:31:34,206 INFO o.a.j.t.JMeterThread: Thread finished: iSource_RaceConditionAuction 1-49
2021-07-01 11:31:34,207 INFO o.a.j.t.JMeterThread: Stop Thread detected by thread: iSource_RaceConditionAuction 1-19
2021-07-01 11:31:34,206 INFO o.a.j.t.JMeterThread: Thread finished: iSource_RaceConditionAuction 1-43
2021-07-01 11:31:34,207 INFO o.a.j.t.JMeterThread: Thread finished: iSource_RaceConditionAuction 1-19
2021-07-01 11:31:34,209 INFO o.a.j.e.StandardJMeterEngine: Notifying test listeners of end of test
2021-07-01 11:31:34,210 INFO o.a.j.r.Summariser: summary +     19 in 00:00:00 =   67.4/s Avg: 60052 Min: 60040 Max: 60080 Err:    19 (100.00%) Active: 0 Started: 50 Finished: 50
2021-07-01 11:31:34,210 INFO o.a.j.r.Summariser: summary =    156 in 00:01:04 =    2.4/s Avg: 13883 Min:    43 Max: 60080 Err:    50 (32.05%)
2021-07-01 11:31:34,210 INFO o.a.j.JMeter: Generating Dashboard
2021-07-01 11:31:34,211 INFO o.a.j.r.d.ReportGenerator: Flushing result collector before report Generation
2021-07-01 11:31:34,221 INFO o.a.j.r.p.NormalizerSampleConsumer: Using format, 'ms', to parse timeStamp field
2021-07-01 11:31:34,296 INFO o.a.j.r.p.AbstractSampleConsumer: class org.apache.jmeter.report.processor.AggregateConsumer#stopProducing(): beginDate produced 0 samples
2021-07-01 11:31:34,296 INFO o.a.j.r.p.AbstractSampleConsumer: class org.apache.jmeter.report.processor.AggregateConsumer#stopProducing(): endDate produced 0 samples
2021-07-01 11:31:34,297 INFO o.a.j.r.p.AbstractSampleConsumer: class org.apache.jmeter.report.processor.ApdexSummaryConsumer#stopProducing(): apdexSummary produced 0 samples
2021-07-01 11:31:34,297 INFO o.a.j.r.p.AbstractSampleConsumer: class org.apache.jmeter.report.processor.RequestsSummaryConsumer#stopProducing(): requestsSummary produced 0 samples
2021-07-01 11:31:34,301 INFO o.a.j.r.p.AbstractSampleConsumer: class org.apache.jmeter.report.processor.StatisticsSummaryConsumer#stopProducing(): statisticsSummary produced 0 samples
2021-07-01 11:31:34,304 INFO o.a.j.r.p.AbstractSampleConsumer: class org.apache.jmeter.report.processor.Top5ErrorsBySamplerConsumer#stopProducing(): top5ErrorsBySampler produced 0 samples
2021-07-01 11:31:34,304 INFO o.a.j.r.p.AbstractSampleConsumer: class org.apache.jmeter.report.processor.ErrorsSummaryConsumer#stopProducing(): errorsSummary produced 0 samples
2021-07-01 11:31:34,304 INFO o.a.j.r.p.AbstractSampleConsumer: class org.apache.jmeter.report.processor.graph.impl.HitsPerSecondGraphConsumer#stopProducing(): hitsPerSecond produced 0 samples
2021-07-01 11:31:34,313 INFO o.a.j.r.p.AbstractSampleConsumer: class org.apache.jmeter.report.processor.graph.impl.LatencyVSRequestGraphConsumer#stopProducing(): latencyVsRequest produced 0 samples
2021-07-01 11:31:34,313 INFO o.a.j.r.p.AbstractSampleConsumer: class org.apache.jmeter.report.processor.graph.impl.SyntheticResponseTimeDistributionGraphConsumer#stopProducing(): syntheticResponseTimeDistribution produced 0 samples
2021-07-01 11:31:34,313 INFO o.a.j.r.p.AbstractSampleConsumer: class org.apache.jmeter.report.processor.graph.impl.BytesThroughputGraphConsumer#stopProducing(): bytesThroughputOverTime produced 0 samples
2021-07-01 11:31:34,313 INFO o.a.j.r.p.AbstractSampleConsumer: class org.apache.jmeter.report.processor.graph.impl.CodesPerSecondGraphConsumer#stopProducing(): codesPerSecond produced 0 samples
2021-07-01 11:31:34,317 INFO o.a.j.r.p.AbstractSampleConsumer: class org.apache.jmeter.report.processor.graph.impl.ResponseTimeVSRequestGraphConsumer#stopProducing(): responseTimeVsRequest produced 0 samples
2021-07-01 11:31:34,318 INFO o.a.j.r.p.AbstractSampleConsumer: class org.apache.jmeter.report.processor.FilterConsumer#stopProducing(): startIntervalControlerFilter produced 1092 samples
2021-07-01 11:31:34,318 INFO o.a.j.r.p.AbstractSampleConsumer: class org.apache.jmeter.report.processor.graph.impl.TotalTPSGraphConsumer#stopProducing(): totalTPS produced 0 samples
2021-07-01 11:31:34,318 INFO o.a.j.r.p.AbstractSampleConsumer: class org.apache.jmeter.report.processor.graph.impl.ActiveThreadsGraphConsumer#stopProducing(): activeThreadsOverTime produced 0 samples
2021-07-01 11:31:34,318 INFO o.a.j.r.p.AbstractSampleConsumer: class org.apache.jmeter.report.processor.graph.impl.TimeVSThreadGraphConsumer#stopProducing(): timeVsThreads produced 0 samples
2021-07-01 11:31:34,318 INFO o.a.j.r.p.AbstractSampleConsumer: class org.apache.jmeter.report.processor.graph.impl.ResponseTimeDistributionGraphConsumer#stopProducing(): responseTimeDistribution produced 0 samples
2021-07-01 11:31:34,318 INFO o.a.j.r.p.AbstractSampleConsumer: class org.apache.jmeter.report.processor.graph.impl.TransactionsPerSecondGraphConsumer#stopProducing(): transactionsPerSecond produced 0 samples
2021-07-01 11:31:34,318 INFO o.a.j.r.p.AbstractSampleConsumer: class org.apache.jmeter.report.processor.graph.impl.ResponseTimePercentilesGraphConsumer#stopProducing(): responseTimePercentiles produced 0 samples
2021-07-01 11:31:34,320 INFO o.a.j.r.p.AbstractSampleConsumer: class org.apache.jmeter.report.processor.graph.impl.ResponseTimePercentilesOverTimeGraphConsumer#stopProducing(): responseTimePercentilesOverTime produced 0 samples
2021-07-01 11:31:34,320 INFO o.a.j.r.p.AbstractSampleConsumer: class org.apache.jmeter.report.processor.graph.impl.ResponseTimeOverTimeGraphConsumer#stopProducing(): responseTimesOverTime produced 0 samples
2021-07-01 11:31:34,320 INFO o.a.j.r.p.AbstractSampleConsumer: class org.apache.jmeter.report.processor.graph.impl.ConnectTimeOverTimeGraphConsumer#stopProducing(): connectTimeOverTime produced 0 samples
2021-07-01 11:31:34,320 INFO o.a.j.r.p.AbstractSampleConsumer: class org.apache.jmeter.report.processor.graph.impl.LatencyOverTimeGraphConsumer#stopProducing(): latenciesOverTime produced 0 samples
2021-07-01 11:31:34,320 INFO o.a.j.r.p.AbstractSampleConsumer: class org.apache.jmeter.report.processor.FilterConsumer#stopProducing(): nameFilter produced 3090 samples
2021-07-01 11:31:34,320 INFO o.a.j.r.p.AbstractSampleConsumer: class org.apache.jmeter.report.processor.FilterConsumer#stopProducing(): dateRangeFilter produced 618 samples
2021-07-01 11:31:34,320 INFO o.a.j.r.p.AbstractSampleConsumer: class org.apache.jmeter.report.processor.NormalizerSampleConsumer#stopProducing(): normalizer produced 206 samples
2021-07-01 11:31:34,321 INFO o.a.j.r.p.CsvFileSampleSource: produce(): 206 samples produced in 83ms on channel 0
2021-07-01 11:31:34,321 INFO o.a.j.r.d.ReportGenerator: Exporting data using exporter:'json' of className:'org.apache.jmeter.report.dashboard.JsonExporter'
2021-07-01 11:31:34,322 INFO o.a.j.r.d.JsonExporter: Found data for consumer statisticsSummary in context
2021-07-01 11:31:34,322 INFO o.a.j.r.d.JsonExporter: Creating statistics for overall
2021-07-01 11:31:34,323 INFO o.a.j.r.d.JsonExporter: Creating statistics for other transactions
2021-07-01 11:31:34,323 INFO o.a.j.r.d.JsonExporter: Checking output folder
2021-07-01 11:31:34,324 INFO o.a.j.r.d.JsonExporter: Writing statistics JSON to C:\xampp\htdocs\PerformancePostgres\L0_iSource_50_RaceConditionAuction_2021-07-01_16\statistics.json
2021-07-01 11:31:34,441 INFO o.a.j.r.d.ReportGenerator: Exporting data using exporter:'html' of className:'org.apache.jmeter.report.dashboard.HtmlTemplateExporter'
2021-07-01 11:31:34,443 INFO o.a.j.r.d.HtmlTemplateExporter: Will generate dashboard in folder: C:\xampp\htdocs\PerformancePostgres\L0_iSource_50_RaceConditionAuction_2021-07-01_16
2021-07-01 11:31:34,497 INFO o.a.j.r.d.HtmlTemplateExporter: Report will be generated in: C:\xampp\htdocs\PerformancePostgres\L0_iSource_50_RaceConditionAuction_2021-07-01_16, creating folder structure
2021-07-01 11:31:34,500 INFO o.a.j.r.d.TemplateVisitor: Copying folder from 'D:\apache-jmeter-5.1\apache-jmeter-5.1\bin\report-template' to 'C:\xampp\htdocs\PerformancePostgres\L0_iSource_50_RaceConditionAuction_2021-07-01_16', got message:[C:\xampp\htdocs\PerformancePostgres\L0_iSource_50_RaceConditionAuction_2021-07-01_16\statistics.json], found non empty folder with following content {}, will be ignored
2021-07-01 11:31:35,167 INFO o.a.j.JMeter: Dashboard generated
