2021-06-11 12:53:29,521 INFO o.a.j.u.JMeterUtils: Setting Locale to en_EN
2021-06-11 12:53:29,531 INFO o.a.j.JMeter: Loading user properties from: user.properties
2021-06-11 12:53:29,531 INFO o.a.j.JMeter: Loading system properties from: system.properties
2021-06-11 12:53:29,531 INFO o.a.j.JMeter: Setting JMeter property: meter.reportgenerator.report_title=RFQSendRegretMail
2021-06-11 12:53:29,532 INFO o.a.j.JMeter: Setting JMeter property: thread=10
2021-06-11 12:53:29,532 INFO o.a.j.JMeter: Setting JMeter property: rampup=30
2021-06-11 12:53:29,535 INFO o.a.j.JMeter: Copyright (c) 1998-2019 The Apache Software Foundation
2021-06-11 12:53:29,535 INFO o.a.j.JMeter: Version 5.1 r1853635
2021-06-11 12:53:29,535 INFO o.a.j.JMeter: java.version=1.8.0_121
2021-06-11 12:53:29,535 INFO o.a.j.JMeter: java.vm.name=Java HotSpot(TM) 64-Bit Server VM
2021-06-11 12:53:29,535 INFO o.a.j.JMeter: os.name=Windows 10
2021-06-11 12:53:29,535 INFO o.a.j.JMeter: os.arch=amd64
2021-06-11 12:53:29,536 INFO o.a.j.JMeter: os.version=10.0
2021-06-11 12:53:29,536 INFO o.a.j.JMeter: file.encoding=Cp1252
2021-06-11 12:53:29,536 INFO o.a.j.JMeter: java.awt.headless=true
2021-06-11 12:53:29,536 INFO o.a.j.JMeter: Max memory     =8589934592
2021-06-11 12:53:29,536 INFO o.a.j.JMeter: Available Processors =6
2021-06-11 12:53:29,538 INFO o.a.j.JMeter: Default Locale=English (EN)
2021-06-11 12:53:29,538 INFO o.a.j.JMeter: JMeter  Locale=English (EN)
2021-06-11 12:53:29,539 INFO o.a.j.JMeter: JMeterHome=D:\apache-jmeter-5.1\apache-jmeter-5.1
2021-06-11 12:53:29,539 INFO o.a.j.JMeter: user.dir  =D:\apache-jmeter-5.1\apache-jmeter-5.1\bin
2021-06-11 12:53:29,539 INFO o.a.j.JMeter: PWD       =D:\apache-jmeter-5.1\apache-jmeter-5.1\bin
2021-06-11 12:53:29,545 INFO o.a.j.JMeter: IP: 172.30.225.123 Name: ZIPLSY2278 FullName: ZIPLSY2278.zycus.net
2021-06-11 12:53:29,548 INFO o.a.j.JMeter: Setting property 'jmeter.reportgenerator.outputdir' to:'C:\xampp\htdocs\PerformancePostgres\L1_iSource_10_RFQSendRegretMail_2021-06-11_3'
2021-06-11 12:53:29,550 INFO o.a.j.s.FileServer: Default base='D:\apache-jmeter-5.1\apache-jmeter-5.1\bin'
2021-06-11 12:53:29,553 INFO o.a.j.s.FileServer: Set new base='D:\PostrgresMigration\iSource'
2021-06-11 12:53:29,644 INFO o.a.j.s.SaveService: Testplan (JMX) version: 2.2. Testlog (JTL) version: 2.2
2021-06-11 12:53:29,654 INFO o.a.j.s.SaveService: Using SaveService properties file encoding UTF-8
2021-06-11 12:53:29,657 INFO o.a.j.s.SaveService: Using SaveService properties version 5.0
2021-06-11 12:53:29,662 INFO o.a.j.s.SaveService: Loading file: D:\PostrgresMigration\iSource\L1_iSource_RFQSendRegretMail.jmx
2021-06-11 12:53:29,706 INFO o.a.j.p.h.c.CookieManager: Settings: Delete null: true Check: true Allow variable: true Save: false Prefix: COOKIE_
2021-06-11 12:53:29,711 INFO o.a.j.p.h.c.CacheManager: Will only cache the following methods: [GET]
2021-06-11 12:53:29,718 INFO o.a.j.p.h.s.HTTPSamplerBase: Parser for text/html is org.apache.jmeter.protocol.http.parser.LagartoBasedHtmlParser
2021-06-11 12:53:29,718 INFO o.a.j.p.h.s.HTTPSamplerBase: Parser for application/xhtml+xml is org.apache.jmeter.protocol.http.parser.LagartoBasedHtmlParser
2021-06-11 12:53:29,718 INFO o.a.j.p.h.s.HTTPSamplerBase: Parser for application/xml is org.apache.jmeter.protocol.http.parser.LagartoBasedHtmlParser
2021-06-11 12:53:29,718 INFO o.a.j.p.h.s.HTTPSamplerBase: Parser for text/xml is org.apache.jmeter.protocol.http.parser.LagartoBasedHtmlParser
2021-06-11 12:53:29,719 INFO o.a.j.p.h.s.HTTPSamplerBase: Parser for text/vnd.wap.wml is org.apache.jmeter.protocol.http.parser.RegexpHTMLParser
2021-06-11 12:53:29,719 INFO o.a.j.p.h.s.HTTPSamplerBase: Parser for text/css is org.apache.jmeter.protocol.http.parser.CssParser
2021-06-11 12:53:30,311 INFO o.a.j.JMeter: Creating summariser <summary>
2021-06-11 12:53:30,316 INFO o.a.j.r.d.ReportGenerator: ReportGenerator will use for Parsing the separator: ','
2021-06-11 12:53:30,316 INFO o.a.j.r.d.ReportGenerator: Will generate report at end of test from  results file: D:\PostrgresMigration\iSource\JTL\L1_iSource_10_RFQSendRegretMail_2021-06-11_3.jtl
2021-06-11 12:53:30,316 INFO o.a.j.r.d.ReportGenerator: Reading report generator properties from: D:\apache-jmeter-5.1\apache-jmeter-5.1\bin\reportgenerator.properties
2021-06-11 12:53:30,321 INFO o.a.j.r.d.ReportGenerator: Merging with JMeter properties
2021-06-11 12:53:30,328 INFO o.a.j.r.c.ReportGeneratorConfiguration: Property 'jmeter.reportgenerator.temp_dir' not found, using default value 'temp' instead.
2021-06-11 12:53:30,331 INFO o.a.j.r.c.ReportGeneratorConfiguration: Property 'jmeter.reportgenerator.apdex_per_transaction' not found, using default value 'null' instead.
2021-06-11 12:53:30,331 INFO o.a.j.r.c.ReportGeneratorConfiguration: apdex_per_transaction : {} is empty, not APDEX per transaction customization
2021-06-11 12:53:30,331 INFO o.a.j.r.c.ReportGeneratorConfiguration: Property 'jmeter.reportgenerator.sample_filter' not found, using default value 'null' instead.
2021-06-11 12:53:30,331 INFO o.a.j.r.c.ReportGeneratorConfiguration: Property 'jmeter.reportgenerator.report_title' not found, using default value 'null' instead.
2021-06-11 12:53:30,331 INFO o.a.j.r.c.ReportGeneratorConfiguration: Property 'jmeter.reportgenerator.start_date' not found, using default value 'null' instead.
2021-06-11 12:53:30,331 INFO o.a.j.r.c.ReportGeneratorConfiguration: Property 'jmeter.reportgenerator.end_date' not found, using default value 'null' instead.
2021-06-11 12:53:30,331 INFO o.a.j.r.c.ReportGeneratorConfiguration: Property 'jmeter.reportgenerator.date_format' not found, using default value 'null' instead.
2021-06-11 12:53:30,331 INFO o.a.j.r.c.ReportGeneratorConfiguration: Will use date range start date: null, end date: null
2021-06-11 12:53:30,335 INFO o.a.j.r.c.ReportGeneratorConfiguration: Property 'jmeter.reportgenerator.graph.totalTPS.exclude_controllers' not found, using default value 'false' instead.
2021-06-11 12:53:30,336 INFO o.a.j.r.c.ReportGeneratorConfiguration: Property 'jmeter.reportgenerator.graph.activeThreadsOverTime.exclude_controllers' not found, using default value 'false' instead.
2021-06-11 12:53:30,336 INFO o.a.j.r.c.ReportGeneratorConfiguration: Property 'jmeter.reportgenerator.graph.timeVsThreads.exclude_controllers' not found, using default value 'false' instead.
2021-06-11 12:53:30,336 INFO o.a.j.r.c.ReportGeneratorConfiguration: Property 'jmeter.reportgenerator.graph.responseTimeDistribution.exclude_controllers' not found, using default value 'false' instead.
2021-06-11 12:53:30,336 INFO o.a.j.r.c.ReportGeneratorConfiguration: Property 'jmeter.reportgenerator.graph.transactionsPerSecond.exclude_controllers' not found, using default value 'false' instead.
2021-06-11 12:53:30,336 INFO o.a.j.r.c.ReportGeneratorConfiguration: Property 'jmeter.reportgenerator.graph.responseTimePercentiles.exclude_controllers' not found, using default value 'false' instead.
2021-06-11 12:53:30,336 INFO o.a.j.r.c.ReportGeneratorConfiguration: Property 'jmeter.reportgenerator.graph.responseTimePercentilesOverTime.exclude_controllers' not found, using default value 'false' instead.
2021-06-11 12:53:30,336 INFO o.a.j.r.c.ReportGeneratorConfiguration: Property 'jmeter.reportgenerator.graph.responseTimesOverTime.exclude_controllers' not found, using default value 'false' instead.
2021-06-11 12:53:30,336 INFO o.a.j.r.c.ReportGeneratorConfiguration: Property 'jmeter.reportgenerator.graph.connectTimeOverTime.exclude_controllers' not found, using default value 'false' instead.
2021-06-11 12:53:30,336 INFO o.a.j.r.c.ReportGeneratorConfiguration: Property 'jmeter.reportgenerator.graph.latenciesOverTime.exclude_controllers' not found, using default value 'false' instead.
2021-06-11 12:53:30,337 INFO o.a.j.r.c.ReportGeneratorConfiguration: Property 'jmeter.reportgenerator.exporter.json.filters_only_sample_series' not found, using default value 'true' instead.
2021-06-11 12:53:30,337 INFO o.a.j.r.c.ReportGeneratorConfiguration: Property 'jmeter.reportgenerator.exporter.json.series_filter' not found, using default value '' instead.
2021-06-11 12:53:30,337 INFO o.a.j.r.c.ReportGeneratorConfiguration: Property 'jmeter.reportgenerator.exporter.json.show_controllers_only' not found, using default value 'false' instead.
2021-06-11 12:53:30,338 INFO o.a.j.r.c.ReportGeneratorConfiguration: Property 'jmeter.reportgenerator.exporter.html.filters_only_sample_series' not found, using default value 'true' instead.
2021-06-11 12:53:30,338 INFO o.a.j.r.c.ReportGeneratorConfiguration: Property 'jmeter.reportgenerator.exporter.html.series_filter' not found, using default value '' instead.
2021-06-11 12:53:30,338 INFO o.a.j.r.c.ReportGeneratorConfiguration: Property 'jmeter.reportgenerator.exporter.html.show_controllers_only' not found, using default value 'false' instead.
2021-06-11 12:53:30,342 INFO o.a.j.e.StandardJMeterEngine: Running the test!
2021-06-11 12:53:30,344 INFO o.a.j.s.SampleEvent: List of sample_variables: []
2021-06-11 12:53:30,344 INFO o.a.j.s.SampleEvent: List of sample_variables: []
2021-06-11 12:53:30,349 INFO o.a.j.e.u.CompoundVariable: Note: Function class names must contain the string: '.functions.'
2021-06-11 12:53:30,349 INFO o.a.j.e.u.CompoundVariable: Note: Function class names must not contain the string: '.gui.'
2021-06-11 12:53:30,791 INFO o.a.j.JMeter: Running test (1623396210791)
2021-06-11 12:53:30,864 INFO o.a.j.e.StandardJMeterEngine: Starting ThreadGroup: 1 : L1-iSource-RFQSendRegretMail-JOB
2021-06-11 12:53:30,864 INFO o.a.j.e.StandardJMeterEngine: Starting 10 threads for group L1-iSource-RFQSendRegretMail-JOB.
2021-06-11 12:53:30,864 INFO o.a.j.e.StandardJMeterEngine: Thread will stop on error
2021-06-11 12:53:30,865 INFO o.a.j.t.ThreadGroup: Starting thread group... number=1 threads=10 ramp-up=30 perThread=3000.0 delayedStart=false
2021-06-11 12:53:30,899 INFO o.a.j.s.SampleResult: Note: Sample TimeStamps are START times
2021-06-11 12:53:30,900 INFO o.a.j.s.SampleResult: sampleresult.default.encoding is set to ISO-8859-1
2021-06-11 12:53:30,900 INFO o.a.j.s.SampleResult: sampleresult.useNanoTime=true
2021-06-11 12:53:30,900 INFO o.a.j.s.SampleResult: sampleresult.nanoThreadSleep=5000
2021-06-11 12:53:30,914 INFO o.a.j.t.JMeterThread: Thread started: L1-iSource-RFQSendRegretMail-JOB 1-1
2021-06-11 12:53:30,916 INFO o.a.j.c.LoopController: iterationStart called on Loop Controller with source org.apache.jmeter.control.LoopController@72581fa8 and iteration 1
2021-06-11 12:53:30,917 INFO o.a.j.s.FileServer: Stored: D:\apache-jmeter-5.1\apache-jmeter-5.1\bin\excel\isource\Partner_ZCS_Users.csv
2021-06-11 12:53:30,941 INFO o.a.j.p.h.s.HTTPHCAbstractImpl: Local host = ZIPLSY2278
2021-06-11 12:53:30,952 INFO o.a.j.p.h.s.HTTPHC4Impl: HTTP request retry count = 0
2021-06-11 12:53:31,057 INFO o.a.j.p.h.s.h.LazyLayeredConnectionSocketFactory: Setting up HTTPS TrustAll Socket Factory
2021-06-11 12:53:31,065 INFO o.a.j.u.JsseSSLManager: Using default SSL protocol: TLS
2021-06-11 12:53:31,066 INFO o.a.j.u.JsseSSLManager: SSL session context: per-thread
2021-06-11 12:53:31,244 INFO o.a.j.t.ThreadGroup: Started thread group number 1
2021-06-11 12:53:31,244 INFO o.a.j.e.StandardJMeterEngine: All thread groups have been started
2021-06-11 12:53:31,696 INFO o.a.j.u.SSLManager: JmeterKeyStore Location:  type JKS
2021-06-11 12:53:31,698 INFO o.a.j.u.SSLManager: KeyStore created OK
2021-06-11 12:53:31,698 WARN o.a.j.u.SSLManager: Keystore file not found, loading empty keystore
2021-06-11 12:53:32,769 INFO o.a.j.r.Summariser: summary +      1 in 00:00:02 =    0.5/s Avg:  1755 Min:  1755 Max:  1755 Err:     0 (0.00%) Active: 1 Started: 1 Finished: 0
2021-06-11 12:53:33,930 INFO o.a.j.t.JMeterThread: Thread started: L1-iSource-RFQSendRegretMail-JOB 1-2
2021-06-11 12:53:33,931 INFO o.a.j.c.LoopController: iterationStart called on Loop Controller with source org.apache.jmeter.control.LoopController@15fda829 and iteration 1
2021-06-11 12:53:36,980 INFO o.a.j.t.JMeterThread: Thread started: L1-iSource-RFQSendRegretMail-JOB 1-3
2021-06-11 12:53:36,983 INFO o.a.j.c.LoopController: iterationStart called on Loop Controller with source org.apache.jmeter.control.LoopController@6dcc055c and iteration 1
2021-06-11 12:53:40,043 INFO o.a.j.t.JMeterThread: Thread started: L1-iSource-RFQSendRegretMail-JOB 1-4
2021-06-11 12:53:40,045 INFO o.a.j.c.LoopController: iterationStart called on Loop Controller with source org.apache.jmeter.control.LoopController@147026e0 and iteration 1
2021-06-11 12:53:43,080 INFO o.a.j.t.JMeterThread: Thread started: L1-iSource-RFQSendRegretMail-JOB 1-5
2021-06-11 12:53:43,081 INFO o.a.j.c.LoopController: iterationStart called on Loop Controller with source org.apache.jmeter.control.LoopController@32ef98a3 and iteration 1
2021-06-11 12:53:46,104 INFO o.a.j.t.JMeterThread: Thread started: L1-iSource-RFQSendRegretMail-JOB 1-6
2021-06-11 12:53:46,105 INFO o.a.j.c.LoopController: iterationStart called on Loop Controller with source org.apache.jmeter.control.LoopController@26ef1bc0 and iteration 1
2021-06-11 12:53:49,131 INFO o.a.j.t.JMeterThread: Thread started: L1-iSource-RFQSendRegretMail-JOB 1-7
2021-06-11 12:53:49,133 INFO o.a.j.c.LoopController: iterationStart called on Loop Controller with source org.apache.jmeter.control.LoopController@6edf43c and iteration 1
2021-06-11 12:53:52,161 INFO o.a.j.t.JMeterThread: Thread started: L1-iSource-RFQSendRegretMail-JOB 1-8
2021-06-11 12:53:52,163 INFO o.a.j.c.LoopController: iterationStart called on Loop Controller with source org.apache.jmeter.control.LoopController@3d16d6fe and iteration 1
2021-06-11 12:53:55,216 INFO o.a.j.t.JMeterThread: Thread started: L1-iSource-RFQSendRegretMail-JOB 1-9
2021-06-11 12:53:55,216 INFO o.a.j.c.LoopController: iterationStart called on Loop Controller with source org.apache.jmeter.control.LoopController@1f9a5c4d and iteration 1
2021-06-11 12:53:58,259 INFO o.a.j.t.JMeterThread: Thread started: L1-iSource-RFQSendRegretMail-JOB 1-10
2021-06-11 12:53:58,259 INFO o.a.j.c.LoopController: iterationStart called on Loop Controller with source org.apache.jmeter.control.LoopController@38ccf447 and iteration 1
2021-06-11 12:54:00,310 INFO o.a.j.r.Summariser: summary +    128 in 00:00:28 =    4.6/s Avg:   482 Min:   145 Max:  1624 Err:     0 (0.00%) Active: 10 Started: 10 Finished: 0
2021-06-11 12:54:00,311 INFO o.a.j.r.Summariser: summary =    129 in 00:00:30 =    4.4/s Avg:   492 Min:   145 Max:  1755 Err:     0 (0.00%)
2021-06-11 12:54:30,404 INFO o.a.j.r.Summariser: summary +    123 in 00:00:30 =    4.1/s Avg:  1554 Min:   246 Max: 19964 Err:     0 (0.00%) Active: 10 Started: 10 Finished: 0
2021-06-11 12:54:30,405 INFO o.a.j.r.Summariser: summary =    252 in 00:01:00 =    4.2/s Avg:  1010 Min:   145 Max: 19964 Err:     0 (0.00%)
2021-06-11 12:54:50,918 INFO o.a.j.t.JMeterThread: Stop Thread detected by thread: L1-iSource-RFQSendRegretMail-JOB 1-1
2021-06-11 12:54:50,919 INFO o.a.j.t.JMeterThread: Thread finished: L1-iSource-RFQSendRegretMail-JOB 1-1
2021-06-11 12:54:51,863 INFO o.a.j.t.JMeterThread: Stop Thread detected by thread: L1-iSource-RFQSendRegretMail-JOB 1-2
2021-06-11 12:54:51,863 INFO o.a.j.t.JMeterThread: Thread finished: L1-iSource-RFQSendRegretMail-JOB 1-2
2021-06-11 12:54:56,094 INFO o.a.j.t.JMeterThread: Stop Thread detected by thread: L1-iSource-RFQSendRegretMail-JOB 1-3
2021-06-11 12:54:56,094 INFO o.a.j.t.JMeterThread: Thread finished: L1-iSource-RFQSendRegretMail-JOB 1-3
2021-06-11 12:54:57,048 INFO o.a.j.t.JMeterThread: Stop Thread detected by thread: L1-iSource-RFQSendRegretMail-JOB 1-4
2021-06-11 12:54:57,048 INFO o.a.j.t.JMeterThread: Thread finished: L1-iSource-RFQSendRegretMail-JOB 1-4
2021-06-11 12:54:59,891 INFO o.a.j.t.JMeterThread: Stop Thread detected by thread: L1-iSource-RFQSendRegretMail-JOB 1-5
2021-06-11 12:54:59,891 INFO o.a.j.t.JMeterThread: Thread finished: L1-iSource-RFQSendRegretMail-JOB 1-5
2021-06-11 12:55:00,618 INFO o.a.j.r.Summariser: summary +     59 in 00:00:30 =    2.0/s Avg:  3646 Min:   292 Max: 19240 Err:     5 (8.47%) Active: 5 Started: 10 Finished: 5
2021-06-11 12:55:00,619 INFO o.a.j.r.Summariser: summary =    311 in 00:01:30 =    3.5/s Avg:  1510 Min:   145 Max: 19964 Err:     5 (1.61%)
2021-06-11 12:55:03,262 INFO o.a.j.t.JMeterThread: Stop Thread detected by thread: L1-iSource-RFQSendRegretMail-JOB 1-6
2021-06-11 12:55:03,262 INFO o.a.j.t.JMeterThread: Thread finished: L1-iSource-RFQSendRegretMail-JOB 1-6
2021-06-11 12:55:08,546 INFO o.a.j.t.JMeterThread: Stop Thread detected by thread: L1-iSource-RFQSendRegretMail-JOB 1-7
2021-06-11 12:55:08,546 INFO o.a.j.t.JMeterThread: Thread finished: L1-iSource-RFQSendRegretMail-JOB 1-7
2021-06-11 12:55:12,740 INFO o.a.j.t.JMeterThread: Stop Thread detected by thread: L1-iSource-RFQSendRegretMail-JOB 1-8
2021-06-11 12:55:12,740 INFO o.a.j.t.JMeterThread: Thread finished: L1-iSource-RFQSendRegretMail-JOB 1-8
2021-06-11 12:55:13,336 INFO o.a.j.t.JMeterThread: Stop Thread detected by thread: L1-iSource-RFQSendRegretMail-JOB 1-9
2021-06-11 12:55:13,336 INFO o.a.j.t.JMeterThread: Thread finished: L1-iSource-RFQSendRegretMail-JOB 1-9
2021-06-11 12:55:15,060 INFO o.a.j.t.JMeterThread: Stop Thread detected by thread: L1-iSource-RFQSendRegretMail-JOB 1-10
2021-06-11 12:55:15,060 INFO o.a.j.t.JMeterThread: Thread finished: L1-iSource-RFQSendRegretMail-JOB 1-10
2021-06-11 12:55:15,060 INFO o.a.j.e.StandardJMeterEngine: Notifying test listeners of end of test
2021-06-11 12:55:15,061 INFO o.a.j.s.FileServer: Close: D:\apache-jmeter-5.1\apache-jmeter-5.1\bin\excel\isource\Partner_ZCS_Users.csv
2021-06-11 12:55:15,062 INFO o.a.j.r.Summariser: summary +      9 in 00:00:14 =    0.6/s Avg:  1104 Min:   734 Max:  1584 Err:     5 (55.56%) Active: 0 Started: 10 Finished: 10
2021-06-11 12:55:15,063 INFO o.a.j.r.Summariser: summary =    320 in 00:01:44 =    3.1/s Avg:  1499 Min:   145 Max: 19964 Err:    10 (3.12%)
2021-06-11 12:55:15,063 INFO o.a.j.JMeter: Generating Dashboard
2021-06-11 12:55:15,063 INFO o.a.j.r.d.ReportGenerator: Flushing result collector before report Generation
2021-06-11 12:55:15,087 INFO o.a.j.r.p.NormalizerSampleConsumer: Using format, 'ms', to parse timeStamp field
2021-06-11 12:55:15,183 INFO o.a.j.r.p.AbstractSampleConsumer: class org.apache.jmeter.report.processor.AggregateConsumer#stopProducing(): beginDate produced 0 samples
2021-06-11 12:55:15,183 INFO o.a.j.r.p.AbstractSampleConsumer: class org.apache.jmeter.report.processor.AggregateConsumer#stopProducing(): endDate produced 0 samples
2021-06-11 12:55:15,185 INFO o.a.j.r.p.AbstractSampleConsumer: class org.apache.jmeter.report.processor.ApdexSummaryConsumer#stopProducing(): apdexSummary produced 0 samples
2021-06-11 12:55:15,185 INFO o.a.j.r.p.AbstractSampleConsumer: class org.apache.jmeter.report.processor.RequestsSummaryConsumer#stopProducing(): requestsSummary produced 0 samples
2021-06-11 12:55:15,190 INFO o.a.j.r.p.AbstractSampleConsumer: class org.apache.jmeter.report.processor.StatisticsSummaryConsumer#stopProducing(): statisticsSummary produced 0 samples
2021-06-11 12:55:15,194 INFO o.a.j.r.p.AbstractSampleConsumer: class org.apache.jmeter.report.processor.Top5ErrorsBySamplerConsumer#stopProducing(): top5ErrorsBySampler produced 0 samples
2021-06-11 12:55:15,194 INFO o.a.j.r.p.AbstractSampleConsumer: class org.apache.jmeter.report.processor.ErrorsSummaryConsumer#stopProducing(): errorsSummary produced 0 samples
2021-06-11 12:55:15,194 INFO o.a.j.r.p.AbstractSampleConsumer: class org.apache.jmeter.report.processor.graph.impl.HitsPerSecondGraphConsumer#stopProducing(): hitsPerSecond produced 0 samples
2021-06-11 12:55:15,204 INFO o.a.j.r.p.AbstractSampleConsumer: class org.apache.jmeter.report.processor.graph.impl.LatencyVSRequestGraphConsumer#stopProducing(): latencyVsRequest produced 0 samples
2021-06-11 12:55:15,205 INFO o.a.j.r.p.AbstractSampleConsumer: class org.apache.jmeter.report.processor.graph.impl.SyntheticResponseTimeDistributionGraphConsumer#stopProducing(): syntheticResponseTimeDistribution produced 0 samples
2021-06-11 12:55:15,205 INFO o.a.j.r.p.AbstractSampleConsumer: class org.apache.jmeter.report.processor.graph.impl.BytesThroughputGraphConsumer#stopProducing(): bytesThroughputOverTime produced 0 samples
2021-06-11 12:55:15,205 INFO o.a.j.r.p.AbstractSampleConsumer: class org.apache.jmeter.report.processor.graph.impl.CodesPerSecondGraphConsumer#stopProducing(): codesPerSecond produced 0 samples
2021-06-11 12:55:15,210 INFO o.a.j.r.p.AbstractSampleConsumer: class org.apache.jmeter.report.processor.graph.impl.ResponseTimeVSRequestGraphConsumer#stopProducing(): responseTimeVsRequest produced 0 samples
2021-06-11 12:55:15,210 INFO o.a.j.r.p.AbstractSampleConsumer: class org.apache.jmeter.report.processor.FilterConsumer#stopProducing(): startIntervalControlerFilter produced 2240 samples
2021-06-11 12:55:15,210 INFO o.a.j.r.p.AbstractSampleConsumer: class org.apache.jmeter.report.processor.graph.impl.TotalTPSGraphConsumer#stopProducing(): totalTPS produced 0 samples
2021-06-11 12:55:15,210 INFO o.a.j.r.p.AbstractSampleConsumer: class org.apache.jmeter.report.processor.graph.impl.ActiveThreadsGraphConsumer#stopProducing(): activeThreadsOverTime produced 0 samples
2021-06-11 12:55:15,211 INFO o.a.j.r.p.AbstractSampleConsumer: class org.apache.jmeter.report.processor.graph.impl.TimeVSThreadGraphConsumer#stopProducing(): timeVsThreads produced 0 samples
2021-06-11 12:55:15,212 INFO o.a.j.r.p.AbstractSampleConsumer: class org.apache.jmeter.report.processor.graph.impl.ResponseTimeDistributionGraphConsumer#stopProducing(): responseTimeDistribution produced 0 samples
2021-06-11 12:55:15,212 INFO o.a.j.r.p.AbstractSampleConsumer: class org.apache.jmeter.report.processor.graph.impl.TransactionsPerSecondGraphConsumer#stopProducing(): transactionsPerSecond produced 0 samples
2021-06-11 12:55:15,213 INFO o.a.j.r.p.AbstractSampleConsumer: class org.apache.jmeter.report.processor.graph.impl.ResponseTimePercentilesGraphConsumer#stopProducing(): responseTimePercentiles produced 0 samples
2021-06-11 12:55:15,218 INFO o.a.j.r.p.AbstractSampleConsumer: class org.apache.jmeter.report.processor.graph.impl.ResponseTimePercentilesOverTimeGraphConsumer#stopProducing(): responseTimePercentilesOverTime produced 0 samples
2021-06-11 12:55:15,219 INFO o.a.j.r.p.AbstractSampleConsumer: class org.apache.jmeter.report.processor.graph.impl.ResponseTimeOverTimeGraphConsumer#stopProducing(): responseTimesOverTime produced 0 samples
2021-06-11 12:55:15,219 INFO o.a.j.r.p.AbstractSampleConsumer: class org.apache.jmeter.report.processor.graph.impl.ConnectTimeOverTimeGraphConsumer#stopProducing(): connectTimeOverTime produced 0 samples
2021-06-11 12:55:15,219 INFO o.a.j.r.p.AbstractSampleConsumer: class org.apache.jmeter.report.processor.graph.impl.LatencyOverTimeGraphConsumer#stopProducing(): latenciesOverTime produced 0 samples
2021-06-11 12:55:15,219 INFO o.a.j.r.p.AbstractSampleConsumer: class org.apache.jmeter.report.processor.FilterConsumer#stopProducing(): nameFilter produced 5550 samples
2021-06-11 12:55:15,220 INFO o.a.j.r.p.AbstractSampleConsumer: class org.apache.jmeter.report.processor.FilterConsumer#stopProducing(): dateRangeFilter produced 1110 samples
2021-06-11 12:55:15,220 INFO o.a.j.r.p.AbstractSampleConsumer: class org.apache.jmeter.report.processor.NormalizerSampleConsumer#stopProducing(): normalizer produced 370 samples
2021-06-11 12:55:15,220 INFO o.a.j.r.p.CsvFileSampleSource: produce(): 370 samples produced in 117ms on channel 0
2021-06-11 12:55:15,220 INFO o.a.j.r.d.ReportGenerator: Exporting data using exporter:'json' of className:'org.apache.jmeter.report.dashboard.JsonExporter'
2021-06-11 12:55:15,222 INFO o.a.j.r.d.JsonExporter: Found data for consumer statisticsSummary in context
2021-06-11 12:55:15,222 INFO o.a.j.r.d.JsonExporter: Creating statistics for overall
2021-06-11 12:55:15,222 INFO o.a.j.r.d.JsonExporter: Creating statistics for other transactions
2021-06-11 12:55:15,222 INFO o.a.j.r.d.JsonExporter: Checking output folder
2021-06-11 12:55:15,224 INFO o.a.j.r.d.JsonExporter: Writing statistics JSON to C:\xampp\htdocs\PerformancePostgres\L1_iSource_10_RFQSendRegretMail_2021-06-11_3\statistics.json
2021-06-11 12:55:15,344 INFO o.a.j.r.d.ReportGenerator: Exporting data using exporter:'html' of className:'org.apache.jmeter.report.dashboard.HtmlTemplateExporter'
2021-06-11 12:55:15,346 INFO o.a.j.r.d.HtmlTemplateExporter: Will generate dashboard in folder: C:\xampp\htdocs\PerformancePostgres\L1_iSource_10_RFQSendRegretMail_2021-06-11_3
2021-06-11 12:55:15,449 INFO o.a.j.r.d.HtmlTemplateExporter: Report will be generated in: C:\xampp\htdocs\PerformancePostgres\L1_iSource_10_RFQSendRegretMail_2021-06-11_3, creating folder structure
2021-06-11 12:55:15,453 INFO o.a.j.r.d.TemplateVisitor: Copying folder from 'D:\apache-jmeter-5.1\apache-jmeter-5.1\bin\report-template' to 'C:\xampp\htdocs\PerformancePostgres\L1_iSource_10_RFQSendRegretMail_2021-06-11_3', got message:[C:\xampp\htdocs\PerformancePostgres\L1_iSource_10_RFQSendRegretMail_2021-06-11_3\statistics.json], found non empty folder with following content {}, will be ignored
2021-06-11 12:55:16,261 INFO o.a.j.JMeter: Dashboard generated
