2021-05-25 10:30:19,075 INFO o.a.j.u.JMeterUtils: Setting Locale to en_EN
2021-05-25 10:30:19,086 INFO o.a.j.JMeter: Loading user properties from: user.properties
2021-05-25 10:30:19,086 INFO o.a.j.JMeter: Loading system properties from: system.properties
2021-05-25 10:30:19,087 INFO o.a.j.JMeter: Setting JMeter property: meter.reportgenerator.report_title=RFQSendRegretMail
2021-05-25 10:30:19,087 INFO o.a.j.JMeter: Setting JMeter property: thread=10
2021-05-25 10:30:19,087 INFO o.a.j.JMeter: Setting JMeter property: rampup=50
2021-05-25 10:30:19,091 INFO o.a.j.JMeter: Copyright (c) 1998-2019 The Apache Software Foundation
2021-05-25 10:30:19,091 INFO o.a.j.JMeter: Version 5.1 r1853635
2021-05-25 10:30:19,091 INFO o.a.j.JMeter: java.version=1.8.0_121
2021-05-25 10:30:19,091 INFO o.a.j.JMeter: java.vm.name=Java HotSpot(TM) 64-Bit Server VM
2021-05-25 10:30:19,091 INFO o.a.j.JMeter: os.name=Windows 10
2021-05-25 10:30:19,092 INFO o.a.j.JMeter: os.arch=amd64
2021-05-25 10:30:19,092 INFO o.a.j.JMeter: os.version=10.0
2021-05-25 10:30:19,092 INFO o.a.j.JMeter: file.encoding=Cp1252
2021-05-25 10:30:19,092 INFO o.a.j.JMeter: java.awt.headless=true
2021-05-25 10:30:19,092 INFO o.a.j.JMeter: Max memory     =8589934592
2021-05-25 10:30:19,092 INFO o.a.j.JMeter: Available Processors =6
2021-05-25 10:30:19,095 INFO o.a.j.JMeter: Default Locale=English (EN)
2021-05-25 10:30:19,096 INFO o.a.j.JMeter: JMeter  Locale=English (EN)
2021-05-25 10:30:19,096 INFO o.a.j.JMeter: JMeterHome=D:\apache-jmeter-5.1\apache-jmeter-5.1
2021-05-25 10:30:19,096 INFO o.a.j.JMeter: user.dir  =D:\apache-jmeter-5.1\apache-jmeter-5.1\bin
2021-05-25 10:30:19,096 INFO o.a.j.JMeter: PWD       =D:\apache-jmeter-5.1\apache-jmeter-5.1\bin
2021-05-25 10:30:19,098 INFO o.a.j.JMeter: IP: 172.30.224.67 Name: ZIPLSY2278 FullName: ZIPLSY2278.zycus.net
2021-05-25 10:30:19,099 INFO o.a.j.JMeter: Setting property 'jmeter.reportgenerator.outputdir' to:'C:\xampp\htdocs\PerformancePostgres\L1_iSource_10_RFQSendRegretMail_2021-05-25_1'
2021-05-25 10:30:19,101 INFO o.a.j.s.FileServer: Default base='D:\apache-jmeter-5.1\apache-jmeter-5.1\bin'
2021-05-25 10:30:19,104 INFO o.a.j.s.FileServer: Set new base='D:\PostrgresMigration\iSource'
2021-05-25 10:30:19,201 INFO o.a.j.s.SaveService: Testplan (JMX) version: 2.2. Testlog (JTL) version: 2.2
2021-05-25 10:30:19,211 INFO o.a.j.s.SaveService: Using SaveService properties file encoding UTF-8
2021-05-25 10:30:19,215 INFO o.a.j.s.SaveService: Using SaveService properties version 5.0
2021-05-25 10:30:19,220 INFO o.a.j.s.SaveService: Loading file: D:\PostrgresMigration\iSource\L1_iSource_RFQSendRegretMail.jmx
2021-05-25 10:30:19,258 INFO o.a.j.p.h.c.CookieManager: Settings: Delete null: true Check: true Allow variable: true Save: false Prefix: COOKIE_
2021-05-25 10:30:19,265 INFO o.a.j.p.h.c.CacheManager: Will only cache the following methods: [GET]
2021-05-25 10:30:19,274 INFO o.a.j.p.h.s.HTTPSamplerBase: Parser for text/html is org.apache.jmeter.protocol.http.parser.LagartoBasedHtmlParser
2021-05-25 10:30:19,274 INFO o.a.j.p.h.s.HTTPSamplerBase: Parser for application/xhtml+xml is org.apache.jmeter.protocol.http.parser.LagartoBasedHtmlParser
2021-05-25 10:30:19,274 INFO o.a.j.p.h.s.HTTPSamplerBase: Parser for application/xml is org.apache.jmeter.protocol.http.parser.LagartoBasedHtmlParser
2021-05-25 10:30:19,274 INFO o.a.j.p.h.s.HTTPSamplerBase: Parser for text/xml is org.apache.jmeter.protocol.http.parser.LagartoBasedHtmlParser
2021-05-25 10:30:19,274 INFO o.a.j.p.h.s.HTTPSamplerBase: Parser for text/vnd.wap.wml is org.apache.jmeter.protocol.http.parser.RegexpHTMLParser
2021-05-25 10:30:19,275 INFO o.a.j.p.h.s.HTTPSamplerBase: Parser for text/css is org.apache.jmeter.protocol.http.parser.CssParser
2021-05-25 10:30:19,879 INFO o.a.j.JMeter: Creating summariser <summary>
2021-05-25 10:30:19,885 INFO o.a.j.r.d.ReportGenerator: ReportGenerator will use for Parsing the separator: ','
2021-05-25 10:30:19,885 INFO o.a.j.r.d.ReportGenerator: Will generate report at end of test from  results file: D:\PostrgresMigration\iSource\JTL\L1_iSource_10_RFQSendRegretMail_2021-05-25_1.jtl
2021-05-25 10:30:19,885 INFO o.a.j.r.d.ReportGenerator: Reading report generator properties from: D:\apache-jmeter-5.1\apache-jmeter-5.1\bin\reportgenerator.properties
2021-05-25 10:30:19,885 INFO o.a.j.r.d.ReportGenerator: Merging with JMeter properties
2021-05-25 10:30:19,891 INFO o.a.j.r.c.ReportGeneratorConfiguration: Property 'jmeter.reportgenerator.temp_dir' not found, using default value 'temp' instead.
2021-05-25 10:30:19,894 INFO o.a.j.r.c.ReportGeneratorConfiguration: Property 'jmeter.reportgenerator.apdex_per_transaction' not found, using default value 'null' instead.
2021-05-25 10:30:19,894 INFO o.a.j.r.c.ReportGeneratorConfiguration: apdex_per_transaction : {} is empty, not APDEX per transaction customization
2021-05-25 10:30:19,895 INFO o.a.j.r.c.ReportGeneratorConfiguration: Property 'jmeter.reportgenerator.sample_filter' not found, using default value 'null' instead.
2021-05-25 10:30:19,895 INFO o.a.j.r.c.ReportGeneratorConfiguration: Property 'jmeter.reportgenerator.report_title' not found, using default value 'null' instead.
2021-05-25 10:30:19,895 INFO o.a.j.r.c.ReportGeneratorConfiguration: Property 'jmeter.reportgenerator.start_date' not found, using default value 'null' instead.
2021-05-25 10:30:19,895 INFO o.a.j.r.c.ReportGeneratorConfiguration: Property 'jmeter.reportgenerator.end_date' not found, using default value 'null' instead.
2021-05-25 10:30:19,895 INFO o.a.j.r.c.ReportGeneratorConfiguration: Property 'jmeter.reportgenerator.date_format' not found, using default value 'null' instead.
2021-05-25 10:30:19,895 INFO o.a.j.r.c.ReportGeneratorConfiguration: Will use date range start date: null, end date: null
2021-05-25 10:30:19,899 INFO o.a.j.r.c.ReportGeneratorConfiguration: Property 'jmeter.reportgenerator.graph.totalTPS.exclude_controllers' not found, using default value 'false' instead.
2021-05-25 10:30:19,899 INFO o.a.j.r.c.ReportGeneratorConfiguration: Property 'jmeter.reportgenerator.graph.activeThreadsOverTime.exclude_controllers' not found, using default value 'false' instead.
2021-05-25 10:30:19,899 INFO o.a.j.r.c.ReportGeneratorConfiguration: Property 'jmeter.reportgenerator.graph.timeVsThreads.exclude_controllers' not found, using default value 'false' instead.
2021-05-25 10:30:19,899 INFO o.a.j.r.c.ReportGeneratorConfiguration: Property 'jmeter.reportgenerator.graph.responseTimeDistribution.exclude_controllers' not found, using default value 'false' instead.
2021-05-25 10:30:19,899 INFO o.a.j.r.c.ReportGeneratorConfiguration: Property 'jmeter.reportgenerator.graph.transactionsPerSecond.exclude_controllers' not found, using default value 'false' instead.
2021-05-25 10:30:19,899 INFO o.a.j.r.c.ReportGeneratorConfiguration: Property 'jmeter.reportgenerator.graph.responseTimePercentiles.exclude_controllers' not found, using default value 'false' instead.
2021-05-25 10:30:19,899 INFO o.a.j.r.c.ReportGeneratorConfiguration: Property 'jmeter.reportgenerator.graph.responseTimePercentilesOverTime.exclude_controllers' not found, using default value 'false' instead.
2021-05-25 10:30:19,899 INFO o.a.j.r.c.ReportGeneratorConfiguration: Property 'jmeter.reportgenerator.graph.responseTimesOverTime.exclude_controllers' not found, using default value 'false' instead.
2021-05-25 10:30:19,900 INFO o.a.j.r.c.ReportGeneratorConfiguration: Property 'jmeter.reportgenerator.graph.connectTimeOverTime.exclude_controllers' not found, using default value 'false' instead.
2021-05-25 10:30:19,900 INFO o.a.j.r.c.ReportGeneratorConfiguration: Property 'jmeter.reportgenerator.graph.latenciesOverTime.exclude_controllers' not found, using default value 'false' instead.
2021-05-25 10:30:19,900 INFO o.a.j.r.c.ReportGeneratorConfiguration: Property 'jmeter.reportgenerator.exporter.json.filters_only_sample_series' not found, using default value 'true' instead.
2021-05-25 10:30:19,900 INFO o.a.j.r.c.ReportGeneratorConfiguration: Property 'jmeter.reportgenerator.exporter.json.series_filter' not found, using default value '' instead.
2021-05-25 10:30:19,901 INFO o.a.j.r.c.ReportGeneratorConfiguration: Property 'jmeter.reportgenerator.exporter.json.show_controllers_only' not found, using default value 'false' instead.
2021-05-25 10:30:19,901 INFO o.a.j.r.c.ReportGeneratorConfiguration: Property 'jmeter.reportgenerator.exporter.html.filters_only_sample_series' not found, using default value 'true' instead.
2021-05-25 10:30:19,901 INFO o.a.j.r.c.ReportGeneratorConfiguration: Property 'jmeter.reportgenerator.exporter.html.series_filter' not found, using default value '' instead.
2021-05-25 10:30:19,901 INFO o.a.j.r.c.ReportGeneratorConfiguration: Property 'jmeter.reportgenerator.exporter.html.show_controllers_only' not found, using default value 'false' instead.
2021-05-25 10:30:19,905 INFO o.a.j.e.StandardJMeterEngine: Running the test!
2021-05-25 10:30:19,906 INFO o.a.j.s.SampleEvent: List of sample_variables: []
2021-05-25 10:30:19,906 INFO o.a.j.s.SampleEvent: List of sample_variables: []
2021-05-25 10:30:19,911 INFO o.a.j.e.u.CompoundVariable: Note: Function class names must contain the string: '.functions.'
2021-05-25 10:30:19,911 INFO o.a.j.e.u.CompoundVariable: Note: Function class names must not contain the string: '.gui.'
2021-05-25 10:30:20,466 INFO o.a.j.JMeter: Running test (1621918820466)
2021-05-25 10:30:20,541 INFO o.a.j.e.StandardJMeterEngine: Starting ThreadGroup: 1 : L1-iSource-RFQSendRegretMail-JOB
2021-05-25 10:30:20,541 INFO o.a.j.e.StandardJMeterEngine: Starting 10 threads for group L1-iSource-RFQSendRegretMail-JOB.
2021-05-25 10:30:20,541 INFO o.a.j.e.StandardJMeterEngine: Thread will stop on error
2021-05-25 10:30:20,541 INFO o.a.j.t.ThreadGroup: Starting thread group... number=1 threads=10 ramp-up=50 perThread=5000.0 delayedStart=false
2021-05-25 10:30:20,579 INFO o.a.j.s.SampleResult: Note: Sample TimeStamps are START times
2021-05-25 10:30:20,580 INFO o.a.j.s.SampleResult: sampleresult.default.encoding is set to ISO-8859-1
2021-05-25 10:30:20,580 INFO o.a.j.s.SampleResult: sampleresult.useNanoTime=true
2021-05-25 10:30:20,580 INFO o.a.j.s.SampleResult: sampleresult.nanoThreadSleep=5000
2021-05-25 10:30:20,596 INFO o.a.j.t.JMeterThread: Thread started: L1-iSource-RFQSendRegretMail-JOB 1-1
2021-05-25 10:30:20,598 INFO o.a.j.c.LoopController: iterationStart called on Loop Controller with source org.apache.jmeter.control.LoopController@3233876a and iteration 1
2021-05-25 10:30:20,599 INFO o.a.j.s.FileServer: Stored: D:\apache-jmeter-5.1\apache-jmeter-5.1\bin\excel\isource\Partner_ZCS_Users.csv
2021-05-25 10:30:20,621 INFO o.a.j.p.h.s.HTTPHCAbstractImpl: Local host = ZIPLSY2278
2021-05-25 10:30:20,628 INFO o.a.j.p.h.s.HTTPHC4Impl: HTTP request retry count = 0
2021-05-25 10:30:20,721 INFO o.a.j.p.h.s.h.LazyLayeredConnectionSocketFactory: Setting up HTTPS TrustAll Socket Factory
2021-05-25 10:30:20,729 INFO o.a.j.u.JsseSSLManager: Using default SSL protocol: TLS
2021-05-25 10:30:20,729 INFO o.a.j.u.JsseSSLManager: SSL session context: per-thread
2021-05-25 10:30:20,822 INFO o.a.j.t.ThreadGroup: Started thread group number 1
2021-05-25 10:30:20,822 INFO o.a.j.e.StandardJMeterEngine: All thread groups have been started
2021-05-25 10:30:21,323 INFO o.a.j.u.SSLManager: JmeterKeyStore Location:  type JKS
2021-05-25 10:30:21,325 INFO o.a.j.u.SSLManager: KeyStore created OK
2021-05-25 10:30:21,325 WARN o.a.j.u.SSLManager: Keystore file not found, loading empty keystore
2021-05-25 10:30:25,612 INFO o.a.j.t.JMeterThread: Thread started: L1-iSource-RFQSendRegretMail-JOB 1-2
2021-05-25 10:30:25,614 INFO o.a.j.c.LoopController: iterationStart called on Loop Controller with source org.apache.jmeter.control.LoopController@6c3c871e and iteration 1
2021-05-25 10:30:30,660 INFO o.a.j.t.JMeterThread: Thread started: L1-iSource-RFQSendRegretMail-JOB 1-3
2021-05-25 10:30:30,661 INFO o.a.j.c.LoopController: iterationStart called on Loop Controller with source org.apache.jmeter.control.LoopController@77a3d9af and iteration 1
2021-05-25 10:30:31,307 INFO o.a.j.r.Summariser: summary +      6 in 00:00:11 =    0.6/s Avg:   669 Min:   138 Max:  1673 Err:     0 (0.00%) Active: 3 Started: 3 Finished: 0
2021-05-25 10:30:35,709 INFO o.a.j.t.JMeterThread: Thread started: L1-iSource-RFQSendRegretMail-JOB 1-4
2021-05-25 10:30:35,710 INFO o.a.j.c.LoopController: iterationStart called on Loop Controller with source org.apache.jmeter.control.LoopController@3d1a0f48 and iteration 1
2021-05-25 10:30:40,740 INFO o.a.j.t.JMeterThread: Thread started: L1-iSource-RFQSendRegretMail-JOB 1-5
2021-05-25 10:30:40,742 INFO o.a.j.c.LoopController: iterationStart called on Loop Controller with source org.apache.jmeter.control.LoopController@50013c9f and iteration 1
2021-05-25 10:30:45,752 INFO o.a.j.t.JMeterThread: Thread started: L1-iSource-RFQSendRegretMail-JOB 1-6
2021-05-25 10:30:45,754 INFO o.a.j.c.LoopController: iterationStart called on Loop Controller with source org.apache.jmeter.control.LoopController@7faab080 and iteration 1
2021-05-25 10:30:50,773 INFO o.a.j.t.JMeterThread: Thread started: L1-iSource-RFQSendRegretMail-JOB 1-7
2021-05-25 10:30:50,774 INFO o.a.j.c.LoopController: iterationStart called on Loop Controller with source org.apache.jmeter.control.LoopController@6b40c13f and iteration 1
2021-05-25 10:30:55,793 INFO o.a.j.t.JMeterThread: Thread started: L1-iSource-RFQSendRegretMail-JOB 1-8
2021-05-25 10:30:55,794 INFO o.a.j.c.LoopController: iterationStart called on Loop Controller with source org.apache.jmeter.control.LoopController@51e4c4e3 and iteration 1
2021-05-25 10:31:00,452 INFO o.a.j.r.Summariser: summary +     82 in 00:00:29 =    2.8/s Avg:   800 Min:   135 Max:  7795 Err:     0 (0.00%) Active: 8 Started: 8 Finished: 0
2021-05-25 10:31:00,452 INFO o.a.j.r.Summariser: summary =     88 in 00:00:40 =    2.2/s Avg:   792 Min:   135 Max:  7795 Err:     0 (0.00%)
2021-05-25 10:31:00,810 INFO o.a.j.t.JMeterThread: Thread started: L1-iSource-RFQSendRegretMail-JOB 1-9
2021-05-25 10:31:00,810 INFO o.a.j.c.LoopController: iterationStart called on Loop Controller with source org.apache.jmeter.control.LoopController@49661203 and iteration 1
2021-05-25 10:31:05,830 INFO o.a.j.t.JMeterThread: Thread started: L1-iSource-RFQSendRegretMail-JOB 1-10
2021-05-25 10:31:05,831 INFO o.a.j.c.LoopController: iterationStart called on Loop Controller with source org.apache.jmeter.control.LoopController@3177eee3 and iteration 1
2021-05-25 10:31:30,647 INFO o.a.j.r.Summariser: summary +    124 in 00:00:30 =    4.1/s Avg:  2124 Min:   137 Max: 10716 Err:     0 (0.00%) Active: 10 Started: 10 Finished: 0
2021-05-25 10:31:30,648 INFO o.a.j.r.Summariser: summary =    212 in 00:01:10 =    3.0/s Avg:  1571 Min:   135 Max: 10716 Err:     0 (0.00%)
2021-05-25 10:32:00,267 INFO o.a.j.r.Summariser: summary +     82 in 00:00:30 =    2.8/s Avg:  2605 Min:   248 Max: 17581 Err:     0 (0.00%) Active: 10 Started: 10 Finished: 0
2021-05-25 10:32:00,268 INFO o.a.j.r.Summariser: summary =    294 in 00:01:40 =    2.9/s Avg:  1859 Min:   135 Max: 17581 Err:     0 (0.00%)
2021-05-25 10:32:30,046 INFO o.a.j.r.Summariser: summary +    162 in 00:00:30 =    5.4/s Avg:   927 Min:   279 Max: 13784 Err:     0 (0.00%) Active: 10 Started: 10 Finished: 0
2021-05-25 10:32:30,047 INFO o.a.j.r.Summariser: summary =    456 in 00:02:10 =    3.5/s Avg:  1528 Min:   135 Max: 17581 Err:     0 (0.00%)
2021-05-25 10:32:48,693 INFO o.a.j.s.FileServer: Stored: D:\apache-jmeter-5.1\apache-jmeter-5.1\bin\excel\isource\buyer_5_items.xlsx
2021-05-25 10:33:00,362 INFO o.a.j.r.Summariser: summary +     93 in 00:00:30 =    3.1/s Avg:  1432 Min:   292 Max:  7452 Err:     0 (0.00%) Active: 10 Started: 10 Finished: 0
2021-05-25 10:33:00,363 INFO o.a.j.r.Summariser: summary =    549 in 00:02:40 =    3.4/s Avg:  1512 Min:   135 Max: 17581 Err:     0 (0.00%)
2021-05-25 10:33:03,163 INFO o.a.j.t.JMeterThread: Stop Thread detected by thread: L1-iSource-RFQSendRegretMail-JOB 1-5
2021-05-25 10:33:03,164 INFO o.a.j.t.JMeterThread: Thread finished: L1-iSource-RFQSendRegretMail-JOB 1-5
2021-05-25 10:33:30,158 INFO o.a.j.r.Summariser: summary +    131 in 00:00:30 =    4.4/s Avg:  1310 Min:   282 Max:  7801 Err:     1 (0.76%) Active: 9 Started: 10 Finished: 1
2021-05-25 10:33:30,159 INFO o.a.j.r.Summariser: summary =    680 in 00:03:10 =    3.6/s Avg:  1473 Min:   135 Max: 17581 Err:     1 (0.15%)
2021-05-25 10:34:00,044 INFO o.a.j.r.Summariser: summary +    205 in 00:00:30 =    6.9/s Avg:   916 Min:   279 Max:  8299 Err:     0 (0.00%) Active: 9 Started: 10 Finished: 1
2021-05-25 10:34:00,044 INFO o.a.j.r.Summariser: summary =    885 in 00:03:40 =    4.0/s Avg:  1344 Min:   135 Max: 17581 Err:     1 (0.11%)
2021-05-25 10:34:00,689 ERROR o.a.j.u.BeanShellInterpreter: Error invoking bsh method: eval	Sourced file: inline evaluation of: ``String totalRecords = vars.get("totalRecords"); String perpage = vars.get("perpa . . . '' : Typed variable declaration : Method Invocation Integer.parseInt
2021-05-25 10:34:00,689 WARN o.a.j.e.BeanShellPostProcessor: Problem in BeanShell script: org.apache.jorphan.util.JMeterException: Error invoking bsh method: eval	Sourced file: inline evaluation of: ``String totalRecords = vars.get("totalRecords"); String perpage = vars.get("perpa . . . '' : Typed variable declaration : Method Invocation Integer.parseInt
2021-05-25 10:34:07,582 ERROR o.a.j.u.BeanShellInterpreter: Error invoking bsh method: eval	Sourced file: inline evaluation of: ``String totalRecords = vars.get("totalRecords"); String perpage = vars.get("perpa . . . '' : Typed variable declaration : Method Invocation Integer.parseInt
2021-05-25 10:34:07,582 WARN o.a.j.e.BeanShellPostProcessor: Problem in BeanShell script: org.apache.jorphan.util.JMeterException: Error invoking bsh method: eval	Sourced file: inline evaluation of: ``String totalRecords = vars.get("totalRecords"); String perpage = vars.get("perpa . . . '' : Typed variable declaration : Method Invocation Integer.parseInt
2021-05-25 10:34:09,267 ERROR o.a.j.u.BeanShellInterpreter: Error invoking bsh method: eval	Sourced file: inline evaluation of: ``String totalRecords = vars.get("totalRecords"); String perpage = vars.get("perpa . . . '' : Typed variable declaration : Method Invocation Integer.parseInt
2021-05-25 10:34:09,267 WARN o.a.j.e.BeanShellPostProcessor: Problem in BeanShell script: org.apache.jorphan.util.JMeterException: Error invoking bsh method: eval	Sourced file: inline evaluation of: ``String totalRecords = vars.get("totalRecords"); String perpage = vars.get("perpa . . . '' : Typed variable declaration : Method Invocation Integer.parseInt
2021-05-25 10:34:11,094 ERROR o.a.j.u.BeanShellInterpreter: Error invoking bsh method: eval	Sourced file: inline evaluation of: ``String totalRecords = vars.get("totalRecords"); String perpage = vars.get("perpa . . . '' : Typed variable declaration : Method Invocation Integer.parseInt
2021-05-25 10:34:11,094 WARN o.a.j.e.BeanShellPostProcessor: Problem in BeanShell script: org.apache.jorphan.util.JMeterException: Error invoking bsh method: eval	Sourced file: inline evaluation of: ``String totalRecords = vars.get("totalRecords"); String perpage = vars.get("perpa . . . '' : Typed variable declaration : Method Invocation Integer.parseInt
2021-05-25 10:34:13,521 ERROR o.a.j.u.BeanShellInterpreter: Error invoking bsh method: eval	Sourced file: inline evaluation of: ``String totalRecords = vars.get("totalRecords"); String perpage = vars.get("perpa . . . '' : Typed variable declaration : Method Invocation Integer.parseInt
2021-05-25 10:34:13,521 WARN o.a.j.e.BeanShellPostProcessor: Problem in BeanShell script: org.apache.jorphan.util.JMeterException: Error invoking bsh method: eval	Sourced file: inline evaluation of: ``String totalRecords = vars.get("totalRecords"); String perpage = vars.get("perpa . . . '' : Typed variable declaration : Method Invocation Integer.parseInt
2021-05-25 10:34:27,553 ERROR o.a.j.u.BeanShellInterpreter: Error invoking bsh method: eval	Sourced file: inline evaluation of: ``String totalRecords = vars.get("totalRecords"); String perpage = vars.get("perpa . . . '' : Typed variable declaration : Method Invocation Integer.parseInt
2021-05-25 10:34:27,553 WARN o.a.j.e.BeanShellPostProcessor: Problem in BeanShell script: org.apache.jorphan.util.JMeterException: Error invoking bsh method: eval	Sourced file: inline evaluation of: ``String totalRecords = vars.get("totalRecords"); String perpage = vars.get("perpa . . . '' : Typed variable declaration : Method Invocation Integer.parseInt
2021-05-25 10:34:29,336 ERROR o.a.j.u.BeanShellInterpreter: Error invoking bsh method: eval	Sourced file: inline evaluation of: ``String totalRecords = vars.get("totalRecords"); String perpage = vars.get("perpa . . . '' : Typed variable declaration : Method Invocation Integer.parseInt
2021-05-25 10:34:29,336 WARN o.a.j.e.BeanShellPostProcessor: Problem in BeanShell script: org.apache.jorphan.util.JMeterException: Error invoking bsh method: eval	Sourced file: inline evaluation of: ``String totalRecords = vars.get("totalRecords"); String perpage = vars.get("perpa . . . '' : Typed variable declaration : Method Invocation Integer.parseInt
2021-05-25 10:34:30,488 INFO o.a.j.r.Summariser: summary +    151 in 00:00:30 =    5.0/s Avg:  1042 Min:   276 Max:  9427 Err:     0 (0.00%) Active: 9 Started: 10 Finished: 1
2021-05-25 10:34:30,489 INFO o.a.j.r.Summariser: summary =   1036 in 00:04:10 =    4.1/s Avg:  1300 Min:   135 Max: 17581 Err:     1 (0.10%)
2021-05-25 10:34:31,074 ERROR o.a.j.u.BeanShellInterpreter: Error invoking bsh method: eval	Sourced file: inline evaluation of: ``String totalRecords = vars.get("totalRecords"); String perpage = vars.get("perpa . . . '' : Typed variable declaration : Method Invocation Integer.parseInt
2021-05-25 10:34:31,074 WARN o.a.j.e.BeanShellPostProcessor: Problem in BeanShell script: org.apache.jorphan.util.JMeterException: Error invoking bsh method: eval	Sourced file: inline evaluation of: ``String totalRecords = vars.get("totalRecords"); String perpage = vars.get("perpa . . . '' : Typed variable declaration : Method Invocation Integer.parseInt
2021-05-25 10:34:47,403 ERROR o.a.j.u.BeanShellInterpreter: Error invoking bsh method: eval	Sourced file: inline evaluation of: ``String totalRecords = vars.get("totalRecords"); String perpage = vars.get("perpa . . . '' : Typed variable declaration : Method Invocation Integer.parseInt
2021-05-25 10:34:47,403 WARN o.a.j.e.BeanShellPostProcessor: Problem in BeanShell script: org.apache.jorphan.util.JMeterException: Error invoking bsh method: eval	Sourced file: inline evaluation of: ``String totalRecords = vars.get("totalRecords"); String perpage = vars.get("perpa . . . '' : Typed variable declaration : Method Invocation Integer.parseInt
2021-05-25 10:35:00,728 INFO o.a.j.r.Summariser: summary +     48 in 00:00:30 =    1.6/s Avg:  4033 Min:   376 Max: 17029 Err:     0 (0.00%) Active: 9 Started: 10 Finished: 1
2021-05-25 10:35:00,729 INFO o.a.j.r.Summariser: summary =   1084 in 00:04:40 =    3.9/s Avg:  1421 Min:   135 Max: 17581 Err:     1 (0.09%)
2021-05-25 10:35:31,184 INFO o.a.j.r.Summariser: summary +     95 in 00:00:30 =    3.1/s Avg:  2244 Min:   247 Max: 13054 Err:     0 (0.00%) Active: 9 Started: 10 Finished: 1
2021-05-25 10:35:31,185 INFO o.a.j.r.Summariser: summary =   1179 in 00:05:11 =    3.8/s Avg:  1487 Min:   135 Max: 17581 Err:     1 (0.08%)
2021-05-25 10:35:47,424 INFO o.a.j.s.FileServer: Stored: D:\apache-jmeter-5.1\apache-jmeter-5.1\bin\excel\isource\suppliers_partner.csv Alias: D:\apache-jmeter-5.1\apache-jmeter-5.1\bin\excel\isource\suppliers_partner.csv@1790229151
2021-05-25 10:36:00,226 INFO o.a.j.r.Summariser: summary +    100 in 00:00:29 =    3.4/s Avg:  2301 Min:   221 Max: 17180 Err:     0 (0.00%) Active: 9 Started: 10 Finished: 1
2021-05-25 10:36:00,226 INFO o.a.j.r.Summariser: summary =   1279 in 00:05:40 =    3.8/s Avg:  1551 Min:   135 Max: 17581 Err:     1 (0.08%)
2021-05-25 10:36:30,735 INFO o.a.j.r.Summariser: summary +    161 in 00:00:31 =    5.3/s Avg:  1632 Min:   213 Max: 18619 Err:     0 (0.00%) Active: 9 Started: 10 Finished: 1
2021-05-25 10:36:30,736 INFO o.a.j.r.Summariser: summary =   1440 in 00:06:10 =    3.9/s Avg:  1560 Min:   135 Max: 18619 Err:     1 (0.07%)
2021-05-25 10:36:31,218 INFO o.a.j.s.FileServer: Stored: D:\apache-jmeter-5.1\apache-jmeter-5.1\bin\excel\isource\1310239841_ItemTableTemplate_Section1.0.xlsx
2021-05-25 10:37:00,123 INFO o.a.j.r.Summariser: summary +    182 in 00:00:29 =    6.2/s Avg:  1504 Min:   215 Max: 13588 Err:     0 (0.00%) Active: 9 Started: 10 Finished: 1
2021-05-25 10:37:00,123 INFO o.a.j.r.Summariser: summary =   1622 in 00:06:40 =    4.1/s Avg:  1554 Min:   135 Max: 18619 Err:     1 (0.06%)
2021-05-25 10:37:30,169 INFO o.a.j.r.Summariser: summary +    202 in 00:00:30 =    6.7/s Avg:  1310 Min:   212 Max:  7709 Err:     0 (0.00%) Active: 9 Started: 10 Finished: 1
2021-05-25 10:37:30,169 INFO o.a.j.r.Summariser: summary =   1824 in 00:07:10 =    4.2/s Avg:  1527 Min:   135 Max: 18619 Err:     1 (0.05%)
2021-05-25 10:38:00,057 INFO o.a.j.r.Summariser: summary +    210 in 00:00:30 =    7.0/s Avg:  1276 Min:   204 Max:  6525 Err:     0 (0.00%) Active: 9 Started: 10 Finished: 1
2021-05-25 10:38:00,057 INFO o.a.j.r.Summariser: summary =   2034 in 00:07:40 =    4.4/s Avg:  1501 Min:   135 Max: 18619 Err:     1 (0.05%)
2021-05-25 10:38:30,114 INFO o.a.j.r.Summariser: summary +    162 in 00:00:30 =    5.4/s Avg:  1507 Min:   211 Max:  9011 Err:     0 (0.00%) Active: 9 Started: 10 Finished: 1
2021-05-25 10:38:30,115 INFO o.a.j.r.Summariser: summary =   2196 in 00:08:10 =    4.5/s Avg:  1501 Min:   135 Max: 18619 Err:     1 (0.05%)
2021-05-25 10:39:00,078 INFO o.a.j.r.Summariser: summary +    100 in 00:00:30 =    3.3/s Avg:  1532 Min:   219 Max: 12256 Err:     0 (0.00%) Active: 9 Started: 10 Finished: 1
2021-05-25 10:39:00,078 INFO o.a.j.r.Summariser: summary =   2296 in 00:08:40 =    4.4/s Avg:  1503 Min:   135 Max: 18619 Err:     1 (0.04%)
2021-05-25 10:39:30,215 INFO o.a.j.r.Summariser: summary +    102 in 00:00:30 =    3.4/s Avg:  1268 Min:   217 Max: 13664 Err:     0 (0.00%) Active: 9 Started: 10 Finished: 1
2021-05-25 10:39:30,216 INFO o.a.j.r.Summariser: summary =   2398 in 00:09:10 =    4.4/s Avg:  1493 Min:   135 Max: 18619 Err:     1 (0.04%)
2021-05-25 10:40:00,099 INFO o.a.j.r.Summariser: summary +    103 in 00:00:30 =    3.4/s Avg:  2165 Min:   252 Max: 14051 Err:     0 (0.00%) Active: 9 Started: 10 Finished: 1
2021-05-25 10:40:00,099 INFO o.a.j.r.Summariser: summary =   2501 in 00:09:40 =    4.3/s Avg:  1520 Min:   135 Max: 18619 Err:     1 (0.04%)
2021-05-25 10:40:30,236 INFO o.a.j.r.Summariser: summary +    121 in 00:00:30 =    4.0/s Avg:  1975 Min:   259 Max: 14960 Err:     0 (0.00%) Active: 9 Started: 10 Finished: 1
2021-05-25 10:40:30,236 INFO o.a.j.r.Summariser: summary =   2622 in 00:10:10 =    4.3/s Avg:  1541 Min:   135 Max: 18619 Err:     1 (0.04%)
2021-05-25 10:41:00,325 INFO o.a.j.r.Summariser: summary +     91 in 00:00:30 =    3.0/s Avg:  2456 Min:   283 Max: 14191 Err:     0 (0.00%) Active: 9 Started: 10 Finished: 1
2021-05-25 10:41:00,325 INFO o.a.j.r.Summariser: summary =   2713 in 00:10:40 =    4.2/s Avg:  1572 Min:   135 Max: 18619 Err:     1 (0.04%)
2021-05-25 10:41:30,039 INFO o.a.j.r.Summariser: summary +     53 in 00:00:30 =    1.8/s Avg:  4246 Min:   300 Max: 28699 Err:     0 (0.00%) Active: 9 Started: 10 Finished: 1
2021-05-25 10:41:30,039 INFO o.a.j.r.Summariser: summary =   2766 in 00:11:10 =    4.1/s Avg:  1623 Min:   135 Max: 28699 Err:     1 (0.04%)
2021-05-25 10:42:01,661 INFO o.a.j.r.Summariser: summary +     54 in 00:00:32 =    1.7/s Avg:  5159 Min:   312 Max: 26530 Err:     0 (0.00%) Active: 9 Started: 10 Finished: 1
2021-05-25 10:42:01,661 INFO o.a.j.r.Summariser: summary =   2820 in 00:11:41 =    4.0/s Avg:  1691 Min:   135 Max: 28699 Err:     1 (0.04%)
2021-05-25 10:42:30,015 INFO o.a.j.r.Summariser: summary +     59 in 00:00:28 =    2.1/s Avg:  2178 Min:   292 Max: 24497 Err:     0 (0.00%) Active: 9 Started: 10 Finished: 1
2021-05-25 10:42:30,015 INFO o.a.j.r.Summariser: summary =   2879 in 00:12:10 =    3.9/s Avg:  1701 Min:   135 Max: 28699 Err:     1 (0.03%)
2021-05-25 10:42:55,819 INFO o.a.j.t.JMeterThread: Thread is done: L1-iSource-RFQSendRegretMail-JOB 1-4
2021-05-25 10:42:55,819 INFO o.a.j.t.JMeterThread: Thread finished: L1-iSource-RFQSendRegretMail-JOB 1-4
2021-05-25 10:42:57,586 INFO o.a.j.t.JMeterThread: Thread is done: L1-iSource-RFQSendRegretMail-JOB 1-2
2021-05-25 10:42:57,586 INFO o.a.j.t.JMeterThread: Thread finished: L1-iSource-RFQSendRegretMail-JOB 1-2
2021-05-25 10:43:00,335 INFO o.a.j.r.Summariser: summary +     96 in 00:00:30 =    3.2/s Avg:  1091 Min:   282 Max: 22214 Err:     0 (0.00%) Active: 7 Started: 10 Finished: 3
2021-05-25 10:43:00,335 INFO o.a.j.r.Summariser: summary =   2975 in 00:12:40 =    3.9/s Avg:  1681 Min:   135 Max: 28699 Err:     1 (0.03%)
2021-05-25 10:43:09,573 INFO o.a.j.t.JMeterThread: Thread is done: L1-iSource-RFQSendRegretMail-JOB 1-7
2021-05-25 10:43:09,573 INFO o.a.j.t.JMeterThread: Thread finished: L1-iSource-RFQSendRegretMail-JOB 1-7
2021-05-25 10:43:13,175 INFO o.a.j.t.JMeterThread: Thread is done: L1-iSource-RFQSendRegretMail-JOB 1-3
2021-05-25 10:43:13,175 INFO o.a.j.t.JMeterThread: Thread finished: L1-iSource-RFQSendRegretMail-JOB 1-3
2021-05-25 10:43:13,208 INFO o.a.j.t.JMeterThread: Thread is done: L1-iSource-RFQSendRegretMail-JOB 1-6
2021-05-25 10:43:13,208 INFO o.a.j.t.JMeterThread: Thread finished: L1-iSource-RFQSendRegretMail-JOB 1-6
2021-05-25 10:43:15,161 INFO o.a.j.t.JMeterThread: Thread is done: L1-iSource-RFQSendRegretMail-JOB 1-1
2021-05-25 10:43:15,161 INFO o.a.j.t.JMeterThread: Thread finished: L1-iSource-RFQSendRegretMail-JOB 1-1
2021-05-25 10:43:31,831 INFO o.a.j.r.Summariser: summary +     46 in 00:00:31 =    1.5/s Avg:   904 Min:   271 Max:  2464 Err:     0 (0.00%) Active: 3 Started: 10 Finished: 7
2021-05-25 10:43:31,832 INFO o.a.j.r.Summariser: summary =   3021 in 00:13:11 =    3.8/s Avg:  1669 Min:   135 Max: 28699 Err:     1 (0.03%)
2021-05-25 10:43:34,371 INFO o.a.j.t.JMeterThread: Thread is done: L1-iSource-RFQSendRegretMail-JOB 1-10
2021-05-25 10:43:34,371 INFO o.a.j.t.JMeterThread: Thread finished: L1-iSource-RFQSendRegretMail-JOB 1-10
2021-05-25 10:43:34,518 INFO o.a.j.t.JMeterThread: Thread is done: L1-iSource-RFQSendRegretMail-JOB 1-9
2021-05-25 10:43:34,518 INFO o.a.j.t.JMeterThread: Thread finished: L1-iSource-RFQSendRegretMail-JOB 1-9
2021-05-25 10:43:54,312 INFO o.a.j.t.JMeterThread: Thread is done: L1-iSource-RFQSendRegretMail-JOB 1-8
2021-05-25 10:43:54,312 INFO o.a.j.t.JMeterThread: Thread finished: L1-iSource-RFQSendRegretMail-JOB 1-8
2021-05-25 10:43:54,312 INFO o.a.j.e.StandardJMeterEngine: Notifying test listeners of end of test
2021-05-25 10:43:54,312 INFO o.a.j.s.FileServer: Close: D:\apache-jmeter-5.1\apache-jmeter-5.1\bin\excel\isource\Partner_ZCS_Users.csv
2021-05-25 10:43:54,312 INFO o.a.j.s.FileServer: Close: D:\apache-jmeter-5.1\apache-jmeter-5.1\bin\excel\isource\suppliers_partner.csv@1790229151
2021-05-25 10:43:54,313 INFO o.a.j.r.Summariser: summary +      6 in 00:00:22 =    0.3/s Avg:   703 Min:   313 Max:  2364 Err:     0 (0.00%) Active: 0 Started: 10 Finished: 10
2021-05-25 10:43:54,313 INFO o.a.j.r.Summariser: summary =   3027 in 00:13:34 =    3.7/s Avg:  1667 Min:   135 Max: 28699 Err:     1 (0.03%)
2021-05-25 10:43:54,314 INFO o.a.j.JMeter: Generating Dashboard
2021-05-25 10:43:54,314 INFO o.a.j.r.d.ReportGenerator: Flushing result collector before report Generation
2021-05-25 10:43:54,323 INFO o.a.j.r.p.NormalizerSampleConsumer: Using format, 'ms', to parse timeStamp field
2021-05-25 10:43:54,528 INFO o.a.j.r.p.AbstractSampleConsumer: class org.apache.jmeter.report.processor.AggregateConsumer#stopProducing(): beginDate produced 0 samples
2021-05-25 10:43:54,528 INFO o.a.j.r.p.AbstractSampleConsumer: class org.apache.jmeter.report.processor.AggregateConsumer#stopProducing(): endDate produced 0 samples
2021-05-25 10:43:54,530 INFO o.a.j.r.p.AbstractSampleConsumer: class org.apache.jmeter.report.processor.ApdexSummaryConsumer#stopProducing(): apdexSummary produced 0 samples
2021-05-25 10:43:54,530 INFO o.a.j.r.p.AbstractSampleConsumer: class org.apache.jmeter.report.processor.RequestsSummaryConsumer#stopProducing(): requestsSummary produced 0 samples
2021-05-25 10:43:54,539 INFO o.a.j.r.p.AbstractSampleConsumer: class org.apache.jmeter.report.processor.StatisticsSummaryConsumer#stopProducing(): statisticsSummary produced 0 samples
2021-05-25 10:43:54,542 INFO o.a.j.r.p.AbstractSampleConsumer: class org.apache.jmeter.report.processor.Top5ErrorsBySamplerConsumer#stopProducing(): top5ErrorsBySampler produced 0 samples
2021-05-25 10:43:54,543 INFO o.a.j.r.p.AbstractSampleConsumer: class org.apache.jmeter.report.processor.ErrorsSummaryConsumer#stopProducing(): errorsSummary produced 0 samples
2021-05-25 10:43:54,543 INFO o.a.j.r.p.AbstractSampleConsumer: class org.apache.jmeter.report.processor.graph.impl.HitsPerSecondGraphConsumer#stopProducing(): hitsPerSecond produced 0 samples
2021-05-25 10:43:54,573 INFO o.a.j.r.p.AbstractSampleConsumer: class org.apache.jmeter.report.processor.graph.impl.LatencyVSRequestGraphConsumer#stopProducing(): latencyVsRequest produced 0 samples
2021-05-25 10:43:54,573 INFO o.a.j.r.p.AbstractSampleConsumer: class org.apache.jmeter.report.processor.graph.impl.SyntheticResponseTimeDistributionGraphConsumer#stopProducing(): syntheticResponseTimeDistribution produced 0 samples
2021-05-25 10:43:54,574 INFO o.a.j.r.p.AbstractSampleConsumer: class org.apache.jmeter.report.processor.graph.impl.BytesThroughputGraphConsumer#stopProducing(): bytesThroughputOverTime produced 0 samples
2021-05-25 10:43:54,574 INFO o.a.j.r.p.AbstractSampleConsumer: class org.apache.jmeter.report.processor.graph.impl.CodesPerSecondGraphConsumer#stopProducing(): codesPerSecond produced 0 samples
2021-05-25 10:43:54,600 INFO o.a.j.r.p.AbstractSampleConsumer: class org.apache.jmeter.report.processor.graph.impl.ResponseTimeVSRequestGraphConsumer#stopProducing(): responseTimeVsRequest produced 0 samples
2021-05-25 10:43:54,600 INFO o.a.j.r.p.AbstractSampleConsumer: class org.apache.jmeter.report.processor.FilterConsumer#stopProducing(): startIntervalControlerFilter produced 21189 samples
2021-05-25 10:43:54,600 INFO o.a.j.r.p.AbstractSampleConsumer: class org.apache.jmeter.report.processor.graph.impl.TotalTPSGraphConsumer#stopProducing(): totalTPS produced 0 samples
2021-05-25 10:43:54,600 INFO o.a.j.r.p.AbstractSampleConsumer: class org.apache.jmeter.report.processor.graph.impl.ActiveThreadsGraphConsumer#stopProducing(): activeThreadsOverTime produced 0 samples
2021-05-25 10:43:54,600 INFO o.a.j.r.p.AbstractSampleConsumer: class org.apache.jmeter.report.processor.graph.impl.TimeVSThreadGraphConsumer#stopProducing(): timeVsThreads produced 0 samples
2021-05-25 10:43:54,614 INFO o.a.j.r.p.AbstractSampleConsumer: class org.apache.jmeter.report.processor.graph.impl.ResponseTimeDistributionGraphConsumer#stopProducing(): responseTimeDistribution produced 0 samples
2021-05-25 10:43:54,617 INFO o.a.j.r.p.AbstractSampleConsumer: class org.apache.jmeter.report.processor.graph.impl.TransactionsPerSecondGraphConsumer#stopProducing(): transactionsPerSecond produced 0 samples
2021-05-25 10:43:54,619 INFO o.a.j.r.p.AbstractSampleConsumer: class org.apache.jmeter.report.processor.graph.impl.ResponseTimePercentilesGraphConsumer#stopProducing(): responseTimePercentiles produced 0 samples
2021-05-25 10:43:54,648 INFO o.a.j.r.p.AbstractSampleConsumer: class org.apache.jmeter.report.processor.graph.impl.ResponseTimePercentilesOverTimeGraphConsumer#stopProducing(): responseTimePercentilesOverTime produced 0 samples
2021-05-25 10:43:54,649 INFO o.a.j.r.p.AbstractSampleConsumer: class org.apache.jmeter.report.processor.graph.impl.ResponseTimeOverTimeGraphConsumer#stopProducing(): responseTimesOverTime produced 0 samples
2021-05-25 10:43:54,651 INFO o.a.j.r.p.AbstractSampleConsumer: class org.apache.jmeter.report.processor.graph.impl.ConnectTimeOverTimeGraphConsumer#stopProducing(): connectTimeOverTime produced 0 samples
2021-05-25 10:43:54,653 INFO o.a.j.r.p.AbstractSampleConsumer: class org.apache.jmeter.report.processor.graph.impl.LatencyOverTimeGraphConsumer#stopProducing(): latenciesOverTime produced 0 samples
2021-05-25 10:43:54,656 INFO o.a.j.r.p.AbstractSampleConsumer: class org.apache.jmeter.report.processor.FilterConsumer#stopProducing(): nameFilter produced 52290 samples
2021-05-25 10:43:54,656 INFO o.a.j.r.p.AbstractSampleConsumer: class org.apache.jmeter.report.processor.FilterConsumer#stopProducing(): dateRangeFilter produced 10458 samples
2021-05-25 10:43:54,656 INFO o.a.j.r.p.AbstractSampleConsumer: class org.apache.jmeter.report.processor.NormalizerSampleConsumer#stopProducing(): normalizer produced 3486 samples
2021-05-25 10:43:54,656 INFO o.a.j.r.p.CsvFileSampleSource: produce(): 3486 samples produced in 314ms on channel 0
2021-05-25 10:43:54,656 INFO o.a.j.r.d.ReportGenerator: Exporting data using exporter:'json' of className:'org.apache.jmeter.report.dashboard.JsonExporter'
2021-05-25 10:43:54,659 INFO o.a.j.r.d.JsonExporter: Found data for consumer statisticsSummary in context
2021-05-25 10:43:54,659 INFO o.a.j.r.d.JsonExporter: Creating statistics for overall
2021-05-25 10:43:54,659 INFO o.a.j.r.d.JsonExporter: Creating statistics for other transactions
2021-05-25 10:43:54,660 INFO o.a.j.r.d.JsonExporter: Checking output folder
2021-05-25 10:43:54,661 INFO o.a.j.r.d.JsonExporter: Writing statistics JSON to C:\xampp\htdocs\PerformancePostgres\L1_iSource_10_RFQSendRegretMail_2021-05-25_1\statistics.json
2021-05-25 10:43:54,801 INFO o.a.j.r.d.ReportGenerator: Exporting data using exporter:'html' of className:'org.apache.jmeter.report.dashboard.HtmlTemplateExporter'
2021-05-25 10:43:54,803 INFO o.a.j.r.d.HtmlTemplateExporter: Will generate dashboard in folder: C:\xampp\htdocs\PerformancePostgres\L1_iSource_10_RFQSendRegretMail_2021-05-25_1
2021-05-25 10:43:55,168 INFO o.a.j.r.d.HtmlTemplateExporter: Report will be generated in: C:\xampp\htdocs\PerformancePostgres\L1_iSource_10_RFQSendRegretMail_2021-05-25_1, creating folder structure
2021-05-25 10:43:55,171 INFO o.a.j.r.d.TemplateVisitor: Copying folder from 'D:\apache-jmeter-5.1\apache-jmeter-5.1\bin\report-template' to 'C:\xampp\htdocs\PerformancePostgres\L1_iSource_10_RFQSendRegretMail_2021-05-25_1', got message:[C:\xampp\htdocs\PerformancePostgres\L1_iSource_10_RFQSendRegretMail_2021-05-25_1\statistics.json], found non empty folder with following content {}, will be ignored
2021-05-25 10:43:55,874 INFO o.a.j.JMeter: Dashboard generated
