2021-06-11 12:57:05,141 INFO o.a.j.u.JMeterUtils: Setting Locale to en_EN
2021-06-11 12:57:05,153 INFO o.a.j.JMeter: Loading user properties from: user.properties
2021-06-11 12:57:05,153 INFO o.a.j.JMeter: Loading system properties from: system.properties
2021-06-11 12:57:05,154 INFO o.a.j.JMeter: Setting JMeter property: meter.reportgenerator.report_title=RFQSendRegretMail
2021-06-11 12:57:05,156 INFO o.a.j.JMeter: Setting JMeter property: thread=10
2021-06-11 12:57:05,156 INFO o.a.j.JMeter: Setting JMeter property: rampup=30
2021-06-11 12:57:05,161 INFO o.a.j.JMeter: Copyright (c) 1998-2019 The Apache Software Foundation
2021-06-11 12:57:05,161 INFO o.a.j.JMeter: Version 5.1 r1853635
2021-06-11 12:57:05,161 INFO o.a.j.JMeter: java.version=1.8.0_121
2021-06-11 12:57:05,162 INFO o.a.j.JMeter: java.vm.name=Java HotSpot(TM) 64-Bit Server VM
2021-06-11 12:57:05,162 INFO o.a.j.JMeter: os.name=Windows 10
2021-06-11 12:57:05,162 INFO o.a.j.JMeter: os.arch=amd64
2021-06-11 12:57:05,162 INFO o.a.j.JMeter: os.version=10.0
2021-06-11 12:57:05,162 INFO o.a.j.JMeter: file.encoding=Cp1252
2021-06-11 12:57:05,162 INFO o.a.j.JMeter: java.awt.headless=true
2021-06-11 12:57:05,162 INFO o.a.j.JMeter: Max memory     =8589934592
2021-06-11 12:57:05,162 INFO o.a.j.JMeter: Available Processors =6
2021-06-11 12:57:05,165 INFO o.a.j.JMeter: Default Locale=English (EN)
2021-06-11 12:57:05,166 INFO o.a.j.JMeter: JMeter  Locale=English (EN)
2021-06-11 12:57:05,166 INFO o.a.j.JMeter: JMeterHome=D:\apache-jmeter-5.1\apache-jmeter-5.1
2021-06-11 12:57:05,166 INFO o.a.j.JMeter: user.dir  =D:\apache-jmeter-5.1\apache-jmeter-5.1\bin
2021-06-11 12:57:05,166 INFO o.a.j.JMeter: PWD       =D:\apache-jmeter-5.1\apache-jmeter-5.1\bin
2021-06-11 12:57:05,168 INFO o.a.j.JMeter: IP: 172.30.225.123 Name: ZIPLSY2278 FullName: ZIPLSY2278.zycus.net
2021-06-11 12:57:05,170 INFO o.a.j.JMeter: Setting property 'jmeter.reportgenerator.outputdir' to:'C:\xampp\htdocs\PerformancePostgres\L1_iSource_10_RFQSendRegretMail_2021-06-11_4'
2021-06-11 12:57:05,174 INFO o.a.j.s.FileServer: Default base='D:\apache-jmeter-5.1\apache-jmeter-5.1\bin'
2021-06-11 12:57:05,177 INFO o.a.j.s.FileServer: Set new base='D:\PostrgresMigration\iSource'
2021-06-11 12:57:05,298 INFO o.a.j.s.SaveService: Testplan (JMX) version: 2.2. Testlog (JTL) version: 2.2
2021-06-11 12:57:05,308 INFO o.a.j.s.SaveService: Using SaveService properties file encoding UTF-8
2021-06-11 12:57:05,312 INFO o.a.j.s.SaveService: Using SaveService properties version 5.0
2021-06-11 12:57:05,317 INFO o.a.j.s.SaveService: Loading file: D:\PostrgresMigration\iSource\L1_iSource_RFQSendRegretMail.jmx
2021-06-11 12:57:05,357 INFO o.a.j.p.h.c.CookieManager: Settings: Delete null: true Check: true Allow variable: true Save: false Prefix: COOKIE_
2021-06-11 12:57:05,361 INFO o.a.j.p.h.c.CacheManager: Will only cache the following methods: [GET]
2021-06-11 12:57:05,369 INFO o.a.j.p.h.s.HTTPSamplerBase: Parser for text/html is org.apache.jmeter.protocol.http.parser.LagartoBasedHtmlParser
2021-06-11 12:57:05,369 INFO o.a.j.p.h.s.HTTPSamplerBase: Parser for application/xhtml+xml is org.apache.jmeter.protocol.http.parser.LagartoBasedHtmlParser
2021-06-11 12:57:05,369 INFO o.a.j.p.h.s.HTTPSamplerBase: Parser for application/xml is org.apache.jmeter.protocol.http.parser.LagartoBasedHtmlParser
2021-06-11 12:57:05,369 INFO o.a.j.p.h.s.HTTPSamplerBase: Parser for text/xml is org.apache.jmeter.protocol.http.parser.LagartoBasedHtmlParser
2021-06-11 12:57:05,369 INFO o.a.j.p.h.s.HTTPSamplerBase: Parser for text/vnd.wap.wml is org.apache.jmeter.protocol.http.parser.RegexpHTMLParser
2021-06-11 12:57:05,369 INFO o.a.j.p.h.s.HTTPSamplerBase: Parser for text/css is org.apache.jmeter.protocol.http.parser.CssParser
2021-06-11 12:57:05,953 INFO o.a.j.JMeter: Creating summariser <summary>
2021-06-11 12:57:05,959 INFO o.a.j.r.d.ReportGenerator: ReportGenerator will use for Parsing the separator: ','
2021-06-11 12:57:05,959 INFO o.a.j.r.d.ReportGenerator: Will generate report at end of test from  results file: D:\PostrgresMigration\iSource\JTL\L1_iSource_10_RFQSendRegretMail_2021-06-11_4.jtl
2021-06-11 12:57:05,959 INFO o.a.j.r.d.ReportGenerator: Reading report generator properties from: D:\apache-jmeter-5.1\apache-jmeter-5.1\bin\reportgenerator.properties
2021-06-11 12:57:05,960 INFO o.a.j.r.d.ReportGenerator: Merging with JMeter properties
2021-06-11 12:57:05,964 INFO o.a.j.r.c.ReportGeneratorConfiguration: Property 'jmeter.reportgenerator.temp_dir' not found, using default value 'temp' instead.
2021-06-11 12:57:05,966 INFO o.a.j.r.c.ReportGeneratorConfiguration: Property 'jmeter.reportgenerator.apdex_per_transaction' not found, using default value 'null' instead.
2021-06-11 12:57:05,966 INFO o.a.j.r.c.ReportGeneratorConfiguration: apdex_per_transaction : {} is empty, not APDEX per transaction customization
2021-06-11 12:57:05,966 INFO o.a.j.r.c.ReportGeneratorConfiguration: Property 'jmeter.reportgenerator.sample_filter' not found, using default value 'null' instead.
2021-06-11 12:57:05,966 INFO o.a.j.r.c.ReportGeneratorConfiguration: Property 'jmeter.reportgenerator.report_title' not found, using default value 'null' instead.
2021-06-11 12:57:05,966 INFO o.a.j.r.c.ReportGeneratorConfiguration: Property 'jmeter.reportgenerator.start_date' not found, using default value 'null' instead.
2021-06-11 12:57:05,967 INFO o.a.j.r.c.ReportGeneratorConfiguration: Property 'jmeter.reportgenerator.end_date' not found, using default value 'null' instead.
2021-06-11 12:57:05,967 INFO o.a.j.r.c.ReportGeneratorConfiguration: Property 'jmeter.reportgenerator.date_format' not found, using default value 'null' instead.
2021-06-11 12:57:05,967 INFO o.a.j.r.c.ReportGeneratorConfiguration: Will use date range start date: null, end date: null
2021-06-11 12:57:05,970 INFO o.a.j.r.c.ReportGeneratorConfiguration: Property 'jmeter.reportgenerator.graph.totalTPS.exclude_controllers' not found, using default value 'false' instead.
2021-06-11 12:57:05,970 INFO o.a.j.r.c.ReportGeneratorConfiguration: Property 'jmeter.reportgenerator.graph.activeThreadsOverTime.exclude_controllers' not found, using default value 'false' instead.
2021-06-11 12:57:05,971 INFO o.a.j.r.c.ReportGeneratorConfiguration: Property 'jmeter.reportgenerator.graph.timeVsThreads.exclude_controllers' not found, using default value 'false' instead.
2021-06-11 12:57:05,971 INFO o.a.j.r.c.ReportGeneratorConfiguration: Property 'jmeter.reportgenerator.graph.responseTimeDistribution.exclude_controllers' not found, using default value 'false' instead.
2021-06-11 12:57:05,971 INFO o.a.j.r.c.ReportGeneratorConfiguration: Property 'jmeter.reportgenerator.graph.transactionsPerSecond.exclude_controllers' not found, using default value 'false' instead.
2021-06-11 12:57:05,971 INFO o.a.j.r.c.ReportGeneratorConfiguration: Property 'jmeter.reportgenerator.graph.responseTimePercentiles.exclude_controllers' not found, using default value 'false' instead.
2021-06-11 12:57:05,971 INFO o.a.j.r.c.ReportGeneratorConfiguration: Property 'jmeter.reportgenerator.graph.responseTimePercentilesOverTime.exclude_controllers' not found, using default value 'false' instead.
2021-06-11 12:57:05,971 INFO o.a.j.r.c.ReportGeneratorConfiguration: Property 'jmeter.reportgenerator.graph.responseTimesOverTime.exclude_controllers' not found, using default value 'false' instead.
2021-06-11 12:57:05,971 INFO o.a.j.r.c.ReportGeneratorConfiguration: Property 'jmeter.reportgenerator.graph.connectTimeOverTime.exclude_controllers' not found, using default value 'false' instead.
2021-06-11 12:57:05,972 INFO o.a.j.r.c.ReportGeneratorConfiguration: Property 'jmeter.reportgenerator.graph.latenciesOverTime.exclude_controllers' not found, using default value 'false' instead.
2021-06-11 12:57:05,973 INFO o.a.j.r.c.ReportGeneratorConfiguration: Property 'jmeter.reportgenerator.exporter.json.filters_only_sample_series' not found, using default value 'true' instead.
2021-06-11 12:57:05,973 INFO o.a.j.r.c.ReportGeneratorConfiguration: Property 'jmeter.reportgenerator.exporter.json.series_filter' not found, using default value '' instead.
2021-06-11 12:57:05,973 INFO o.a.j.r.c.ReportGeneratorConfiguration: Property 'jmeter.reportgenerator.exporter.json.show_controllers_only' not found, using default value 'false' instead.
2021-06-11 12:57:05,973 INFO o.a.j.r.c.ReportGeneratorConfiguration: Property 'jmeter.reportgenerator.exporter.html.filters_only_sample_series' not found, using default value 'true' instead.
2021-06-11 12:57:05,973 INFO o.a.j.r.c.ReportGeneratorConfiguration: Property 'jmeter.reportgenerator.exporter.html.series_filter' not found, using default value '' instead.
2021-06-11 12:57:05,974 INFO o.a.j.r.c.ReportGeneratorConfiguration: Property 'jmeter.reportgenerator.exporter.html.show_controllers_only' not found, using default value 'false' instead.
2021-06-11 12:57:05,977 INFO o.a.j.e.StandardJMeterEngine: Running the test!
2021-06-11 12:57:05,978 INFO o.a.j.s.SampleEvent: List of sample_variables: []
2021-06-11 12:57:05,978 INFO o.a.j.s.SampleEvent: List of sample_variables: []
2021-06-11 12:57:05,983 INFO o.a.j.e.u.CompoundVariable: Note: Function class names must contain the string: '.functions.'
2021-06-11 12:57:05,983 INFO o.a.j.e.u.CompoundVariable: Note: Function class names must not contain the string: '.gui.'
2021-06-11 12:57:06,378 INFO o.a.j.JMeter: Running test (1623396426378)
2021-06-11 12:57:06,445 INFO o.a.j.e.StandardJMeterEngine: Starting ThreadGroup: 1 : L1-iSource-RFQSendRegretMail-JOB
2021-06-11 12:57:06,445 INFO o.a.j.e.StandardJMeterEngine: Starting 10 threads for group L1-iSource-RFQSendRegretMail-JOB.
2021-06-11 12:57:06,445 INFO o.a.j.e.StandardJMeterEngine: Thread will stop on error
2021-06-11 12:57:06,445 INFO o.a.j.t.ThreadGroup: Starting thread group... number=1 threads=10 ramp-up=30 perThread=3000.0 delayedStart=false
2021-06-11 12:57:06,498 INFO o.a.j.s.SampleResult: Note: Sample TimeStamps are START times
2021-06-11 12:57:06,498 INFO o.a.j.s.SampleResult: sampleresult.default.encoding is set to ISO-8859-1
2021-06-11 12:57:06,498 INFO o.a.j.s.SampleResult: sampleresult.useNanoTime=true
2021-06-11 12:57:06,499 INFO o.a.j.s.SampleResult: sampleresult.nanoThreadSleep=5000
2021-06-11 12:57:06,516 INFO o.a.j.t.JMeterThread: Thread started: L1-iSource-RFQSendRegretMail-JOB 1-1
2021-06-11 12:57:06,519 INFO o.a.j.c.LoopController: iterationStart called on Loop Controller with source org.apache.jmeter.control.LoopController@2f812a23 and iteration 1
2021-06-11 12:57:06,519 INFO o.a.j.s.FileServer: Stored: D:\apache-jmeter-5.1\apache-jmeter-5.1\bin\excel\isource\Partner_ZCS_Users.csv
2021-06-11 12:57:06,545 INFO o.a.j.p.h.s.HTTPHCAbstractImpl: Local host = ZIPLSY2278
2021-06-11 12:57:06,553 INFO o.a.j.p.h.s.HTTPHC4Impl: HTTP request retry count = 0
2021-06-11 12:57:06,797 INFO o.a.j.t.ThreadGroup: Started thread group number 1
2021-06-11 12:57:06,797 INFO o.a.j.e.StandardJMeterEngine: All thread groups have been started
2021-06-11 12:57:06,807 INFO o.a.j.p.h.s.h.LazyLayeredConnectionSocketFactory: Setting up HTTPS TrustAll Socket Factory
2021-06-11 12:57:06,812 INFO o.a.j.u.JsseSSLManager: Using default SSL protocol: TLS
2021-06-11 12:57:06,812 INFO o.a.j.u.JsseSSLManager: SSL session context: per-thread
2021-06-11 12:57:07,392 INFO o.a.j.u.SSLManager: JmeterKeyStore Location:  type JKS
2021-06-11 12:57:07,396 INFO o.a.j.u.SSLManager: KeyStore created OK
2021-06-11 12:57:07,396 WARN o.a.j.u.SSLManager: Keystore file not found, loading empty keystore
2021-06-11 12:57:09,548 INFO o.a.j.t.JMeterThread: Thread started: L1-iSource-RFQSendRegretMail-JOB 1-2
2021-06-11 12:57:09,549 INFO o.a.j.c.LoopController: iterationStart called on Loop Controller with source org.apache.jmeter.control.LoopController@195ed02 and iteration 1
2021-06-11 12:57:12,601 INFO o.a.j.t.JMeterThread: Thread started: L1-iSource-RFQSendRegretMail-JOB 1-3
2021-06-11 12:57:12,602 INFO o.a.j.c.LoopController: iterationStart called on Loop Controller with source org.apache.jmeter.control.LoopController@2021c289 and iteration 1
2021-06-11 12:57:15,652 INFO o.a.j.t.JMeterThread: Thread started: L1-iSource-RFQSendRegretMail-JOB 1-4
2021-06-11 12:57:15,654 INFO o.a.j.c.LoopController: iterationStart called on Loop Controller with source org.apache.jmeter.control.LoopController@779f5c57 and iteration 1
2021-06-11 12:57:18,696 INFO o.a.j.t.JMeterThread: Thread started: L1-iSource-RFQSendRegretMail-JOB 1-5
2021-06-11 12:57:18,699 INFO o.a.j.c.LoopController: iterationStart called on Loop Controller with source org.apache.jmeter.control.LoopController@2b4351b1 and iteration 1
2021-06-11 12:57:21,721 INFO o.a.j.t.JMeterThread: Thread started: L1-iSource-RFQSendRegretMail-JOB 1-6
2021-06-11 12:57:21,721 INFO o.a.j.c.LoopController: iterationStart called on Loop Controller with source org.apache.jmeter.control.LoopController@563478f3 and iteration 1
2021-06-11 12:57:24,744 INFO o.a.j.t.JMeterThread: Thread started: L1-iSource-RFQSendRegretMail-JOB 1-7
2021-06-11 12:57:24,746 INFO o.a.j.c.LoopController: iterationStart called on Loop Controller with source org.apache.jmeter.control.LoopController@1267b975 and iteration 1
2021-06-11 12:57:27,767 INFO o.a.j.t.JMeterThread: Thread started: L1-iSource-RFQSendRegretMail-JOB 1-8
2021-06-11 12:57:27,768 INFO o.a.j.c.LoopController: iterationStart called on Loop Controller with source org.apache.jmeter.control.LoopController@2f9d0354 and iteration 1
2021-06-11 12:57:30,016 INFO o.a.j.r.Summariser: summary +     92 in 00:00:24 =    3.9/s Avg:   454 Min:   138 Max:  1770 Err:     0 (0.00%) Active: 8 Started: 8 Finished: 0
2021-06-11 12:57:30,786 INFO o.a.j.t.JMeterThread: Thread started: L1-iSource-RFQSendRegretMail-JOB 1-9
2021-06-11 12:57:30,787 INFO o.a.j.c.LoopController: iterationStart called on Loop Controller with source org.apache.jmeter.control.LoopController@45181c9 and iteration 1
2021-06-11 12:57:33,805 INFO o.a.j.t.JMeterThread: Thread started: L1-iSource-RFQSendRegretMail-JOB 1-10
2021-06-11 12:57:33,806 INFO o.a.j.c.LoopController: iterationStart called on Loop Controller with source org.apache.jmeter.control.LoopController@42c4f395 and iteration 1
2021-06-11 12:58:00,605 INFO o.a.j.r.Summariser: summary +    148 in 00:00:31 =    4.8/s Avg:  1066 Min:    95 Max: 20634 Err:     0 (0.00%) Active: 10 Started: 10 Finished: 0
2021-06-11 12:58:00,606 INFO o.a.j.r.Summariser: summary =    240 in 00:00:54 =    4.4/s Avg:   832 Min:    95 Max: 20634 Err:     0 (0.00%)
2021-06-11 12:58:23,234 INFO o.a.j.t.JMeterThread: Stop Thread detected by thread: L1-iSource-RFQSendRegretMail-JOB 1-1
2021-06-11 12:58:23,234 INFO o.a.j.t.JMeterThread: Thread finished: L1-iSource-RFQSendRegretMail-JOB 1-1
2021-06-11 12:58:27,135 INFO o.a.j.t.JMeterThread: Stop Thread detected by thread: L1-iSource-RFQSendRegretMail-JOB 1-2
2021-06-11 12:58:27,136 INFO o.a.j.t.JMeterThread: Thread finished: L1-iSource-RFQSendRegretMail-JOB 1-2
2021-06-11 12:58:30,479 INFO o.a.j.r.Summariser: summary +     67 in 00:00:30 =    2.2/s Avg:  3711 Min:   286 Max: 20602 Err:     3 (4.48%) Active: 8 Started: 10 Finished: 2
2021-06-11 12:58:30,479 INFO o.a.j.r.Summariser: summary =    307 in 00:01:24 =    3.7/s Avg:  1460 Min:    95 Max: 20634 Err:     3 (0.98%)
2021-06-11 12:58:30,479 INFO o.a.j.t.JMeterThread: Stop Thread detected by thread: L1-iSource-RFQSendRegretMail-JOB 1-3
2021-06-11 12:58:30,479 INFO o.a.j.t.JMeterThread: Thread finished: L1-iSource-RFQSendRegretMail-JOB 1-3
2021-06-11 12:58:31,831 INFO o.a.j.t.JMeterThread: Stop Thread detected by thread: L1-iSource-RFQSendRegretMail-JOB 1-4
2021-06-11 12:58:31,831 INFO o.a.j.t.JMeterThread: Thread finished: L1-iSource-RFQSendRegretMail-JOB 1-4
2021-06-11 12:58:34,951 INFO o.a.j.t.JMeterThread: Stop Thread detected by thread: L1-iSource-RFQSendRegretMail-JOB 1-5
2021-06-11 12:58:34,951 INFO o.a.j.t.JMeterThread: Thread finished: L1-iSource-RFQSendRegretMail-JOB 1-5
2021-06-11 12:58:36,531 INFO o.a.j.t.JMeterThread: Stop Thread detected by thread: L1-iSource-RFQSendRegretMail-JOB 1-6
2021-06-11 12:58:36,531 INFO o.a.j.t.JMeterThread: Thread finished: L1-iSource-RFQSendRegretMail-JOB 1-6
2021-06-11 12:58:42,241 INFO o.a.j.t.JMeterThread: Stop Thread detected by thread: L1-iSource-RFQSendRegretMail-JOB 1-8
2021-06-11 12:58:42,242 INFO o.a.j.t.JMeterThread: Thread finished: L1-iSource-RFQSendRegretMail-JOB 1-8
2021-06-11 12:58:42,765 INFO o.a.j.t.JMeterThread: Stop Thread detected by thread: L1-iSource-RFQSendRegretMail-JOB 1-7
2021-06-11 12:58:42,765 INFO o.a.j.t.JMeterThread: Thread finished: L1-iSource-RFQSendRegretMail-JOB 1-7
2021-06-11 12:58:46,693 INFO o.a.j.t.JMeterThread: Stop Thread detected by thread: L1-iSource-RFQSendRegretMail-JOB 1-9
2021-06-11 12:58:46,694 INFO o.a.j.t.JMeterThread: Thread finished: L1-iSource-RFQSendRegretMail-JOB 1-9
2021-06-11 12:58:47,817 INFO o.a.j.t.JMeterThread: Stop Thread detected by thread: L1-iSource-RFQSendRegretMail-JOB 1-10
2021-06-11 12:58:47,817 INFO o.a.j.t.JMeterThread: Thread finished: L1-iSource-RFQSendRegretMail-JOB 1-10
2021-06-11 12:58:47,818 INFO o.a.j.e.StandardJMeterEngine: Notifying test listeners of end of test
2021-06-11 12:58:47,818 INFO o.a.j.s.FileServer: Close: D:\apache-jmeter-5.1\apache-jmeter-5.1\bin\excel\isource\Partner_ZCS_Users.csv
2021-06-11 12:58:47,819 INFO o.a.j.r.Summariser: summary +     13 in 00:00:17 =    0.7/s Avg:   783 Min:   331 Max:  1966 Err:     7 (53.85%) Active: 0 Started: 10 Finished: 10
2021-06-11 12:58:47,820 INFO o.a.j.r.Summariser: summary =    320 in 00:01:41 =    3.2/s Avg:  1432 Min:    95 Max: 20634 Err:    10 (3.12%)
2021-06-11 12:58:47,820 INFO o.a.j.JMeter: Generating Dashboard
2021-06-11 12:58:47,820 INFO o.a.j.r.d.ReportGenerator: Flushing result collector before report Generation
2021-06-11 12:58:47,829 INFO o.a.j.r.p.NormalizerSampleConsumer: Using format, 'ms', to parse timeStamp field
2021-06-11 12:58:47,917 INFO o.a.j.r.p.AbstractSampleConsumer: class org.apache.jmeter.report.processor.AggregateConsumer#stopProducing(): beginDate produced 0 samples
2021-06-11 12:58:47,917 INFO o.a.j.r.p.AbstractSampleConsumer: class org.apache.jmeter.report.processor.AggregateConsumer#stopProducing(): endDate produced 0 samples
2021-06-11 12:58:47,919 INFO o.a.j.r.p.AbstractSampleConsumer: class org.apache.jmeter.report.processor.ApdexSummaryConsumer#stopProducing(): apdexSummary produced 0 samples
2021-06-11 12:58:47,919 INFO o.a.j.r.p.AbstractSampleConsumer: class org.apache.jmeter.report.processor.RequestsSummaryConsumer#stopProducing(): requestsSummary produced 0 samples
2021-06-11 12:58:47,924 INFO o.a.j.r.p.AbstractSampleConsumer: class org.apache.jmeter.report.processor.StatisticsSummaryConsumer#stopProducing(): statisticsSummary produced 0 samples
2021-06-11 12:58:47,929 INFO o.a.j.r.p.AbstractSampleConsumer: class org.apache.jmeter.report.processor.Top5ErrorsBySamplerConsumer#stopProducing(): top5ErrorsBySampler produced 0 samples
2021-06-11 12:58:47,929 INFO o.a.j.r.p.AbstractSampleConsumer: class org.apache.jmeter.report.processor.ErrorsSummaryConsumer#stopProducing(): errorsSummary produced 0 samples
2021-06-11 12:58:47,929 INFO o.a.j.r.p.AbstractSampleConsumer: class org.apache.jmeter.report.processor.graph.impl.HitsPerSecondGraphConsumer#stopProducing(): hitsPerSecond produced 0 samples
2021-06-11 12:58:47,943 INFO o.a.j.r.p.AbstractSampleConsumer: class org.apache.jmeter.report.processor.graph.impl.LatencyVSRequestGraphConsumer#stopProducing(): latencyVsRequest produced 0 samples
2021-06-11 12:58:47,943 INFO o.a.j.r.p.AbstractSampleConsumer: class org.apache.jmeter.report.processor.graph.impl.SyntheticResponseTimeDistributionGraphConsumer#stopProducing(): syntheticResponseTimeDistribution produced 0 samples
2021-06-11 12:58:47,943 INFO o.a.j.r.p.AbstractSampleConsumer: class org.apache.jmeter.report.processor.graph.impl.BytesThroughputGraphConsumer#stopProducing(): bytesThroughputOverTime produced 0 samples
2021-06-11 12:58:47,943 INFO o.a.j.r.p.AbstractSampleConsumer: class org.apache.jmeter.report.processor.graph.impl.CodesPerSecondGraphConsumer#stopProducing(): codesPerSecond produced 0 samples
2021-06-11 12:58:47,943 INFO o.a.j.r.p.AbstractSampleConsumer: class org.apache.jmeter.report.processor.graph.impl.ResponseTimeVSRequestGraphConsumer#stopProducing(): responseTimeVsRequest produced 0 samples
2021-06-11 12:58:47,943 INFO o.a.j.r.p.AbstractSampleConsumer: class org.apache.jmeter.report.processor.FilterConsumer#stopProducing(): startIntervalControlerFilter produced 2240 samples
2021-06-11 12:58:47,943 INFO o.a.j.r.p.AbstractSampleConsumer: class org.apache.jmeter.report.processor.graph.impl.TotalTPSGraphConsumer#stopProducing(): totalTPS produced 0 samples
2021-06-11 12:58:47,943 INFO o.a.j.r.p.AbstractSampleConsumer: class org.apache.jmeter.report.processor.graph.impl.ActiveThreadsGraphConsumer#stopProducing(): activeThreadsOverTime produced 0 samples
2021-06-11 12:58:47,943 INFO o.a.j.r.p.AbstractSampleConsumer: class org.apache.jmeter.report.processor.graph.impl.TimeVSThreadGraphConsumer#stopProducing(): timeVsThreads produced 0 samples
2021-06-11 12:58:47,943 INFO o.a.j.r.p.AbstractSampleConsumer: class org.apache.jmeter.report.processor.graph.impl.ResponseTimeDistributionGraphConsumer#stopProducing(): responseTimeDistribution produced 0 samples
2021-06-11 12:58:47,943 INFO o.a.j.r.p.AbstractSampleConsumer: class org.apache.jmeter.report.processor.graph.impl.TransactionsPerSecondGraphConsumer#stopProducing(): transactionsPerSecond produced 0 samples
2021-06-11 12:58:47,943 INFO o.a.j.r.p.AbstractSampleConsumer: class org.apache.jmeter.report.processor.graph.impl.ResponseTimePercentilesGraphConsumer#stopProducing(): responseTimePercentiles produced 0 samples
2021-06-11 12:58:47,943 INFO o.a.j.r.p.AbstractSampleConsumer: class org.apache.jmeter.report.processor.graph.impl.ResponseTimePercentilesOverTimeGraphConsumer#stopProducing(): responseTimePercentilesOverTime produced 0 samples
2021-06-11 12:58:47,943 INFO o.a.j.r.p.AbstractSampleConsumer: class org.apache.jmeter.report.processor.graph.impl.ResponseTimeOverTimeGraphConsumer#stopProducing(): responseTimesOverTime produced 0 samples
2021-06-11 12:58:47,943 INFO o.a.j.r.p.AbstractSampleConsumer: class org.apache.jmeter.report.processor.graph.impl.ConnectTimeOverTimeGraphConsumer#stopProducing(): connectTimeOverTime produced 0 samples
2021-06-11 12:58:47,943 INFO o.a.j.r.p.AbstractSampleConsumer: class org.apache.jmeter.report.processor.graph.impl.LatencyOverTimeGraphConsumer#stopProducing(): latenciesOverTime produced 0 samples
2021-06-11 12:58:47,943 INFO o.a.j.r.p.AbstractSampleConsumer: class org.apache.jmeter.report.processor.FilterConsumer#stopProducing(): nameFilter produced 5550 samples
2021-06-11 12:58:47,943 INFO o.a.j.r.p.AbstractSampleConsumer: class org.apache.jmeter.report.processor.FilterConsumer#stopProducing(): dateRangeFilter produced 1110 samples
2021-06-11 12:58:47,943 INFO o.a.j.r.p.AbstractSampleConsumer: class org.apache.jmeter.report.processor.NormalizerSampleConsumer#stopProducing(): normalizer produced 370 samples
2021-06-11 12:58:47,943 INFO o.a.j.r.p.CsvFileSampleSource: produce(): 370 samples produced in 100ms on channel 0
2021-06-11 12:58:47,943 INFO o.a.j.r.d.ReportGenerator: Exporting data using exporter:'json' of className:'org.apache.jmeter.report.dashboard.JsonExporter'
2021-06-11 12:58:47,960 INFO o.a.j.r.d.JsonExporter: Found data for consumer statisticsSummary in context
2021-06-11 12:58:47,960 INFO o.a.j.r.d.JsonExporter: Creating statistics for overall
2021-06-11 12:58:47,961 INFO o.a.j.r.d.JsonExporter: Creating statistics for other transactions
2021-06-11 12:58:47,961 INFO o.a.j.r.d.JsonExporter: Checking output folder
2021-06-11 12:58:47,963 INFO o.a.j.r.d.JsonExporter: Writing statistics JSON to C:\xampp\htdocs\PerformancePostgres\L1_iSource_10_RFQSendRegretMail_2021-06-11_4\statistics.json
2021-06-11 12:58:48,077 INFO o.a.j.r.d.ReportGenerator: Exporting data using exporter:'html' of className:'org.apache.jmeter.report.dashboard.HtmlTemplateExporter'
2021-06-11 12:58:48,077 INFO o.a.j.r.d.HtmlTemplateExporter: Will generate dashboard in folder: C:\xampp\htdocs\PerformancePostgres\L1_iSource_10_RFQSendRegretMail_2021-06-11_4
2021-06-11 12:58:48,179 INFO o.a.j.r.d.HtmlTemplateExporter: Report will be generated in: C:\xampp\htdocs\PerformancePostgres\L1_iSource_10_RFQSendRegretMail_2021-06-11_4, creating folder structure
2021-06-11 12:58:48,182 INFO o.a.j.r.d.TemplateVisitor: Copying folder from 'D:\apache-jmeter-5.1\apache-jmeter-5.1\bin\report-template' to 'C:\xampp\htdocs\PerformancePostgres\L1_iSource_10_RFQSendRegretMail_2021-06-11_4', got message:[C:\xampp\htdocs\PerformancePostgres\L1_iSource_10_RFQSendRegretMail_2021-06-11_4\statistics.json], found non empty folder with following content {}, will be ignored
2021-06-11 12:58:48,869 INFO o.a.j.JMeter: Dashboard generated
