2021-05-25 10:11:07,326 INFO o.a.j.u.JMeterUtils: Setting Locale to en_EN
2021-05-25 10:11:07,336 INFO o.a.j.JMeter: Loading user properties from: user.properties
2021-05-25 10:11:07,337 INFO o.a.j.JMeter: Loading system properties from: system.properties
2021-05-25 10:11:07,337 INFO o.a.j.JMeter: Setting JMeter property: meter.reportgenerator.report_title=AuctionNonPricingRescheduleEvent
2021-05-25 10:11:07,337 INFO o.a.j.JMeter: Setting JMeter property: thread=10
2021-05-25 10:11:07,337 INFO o.a.j.JMeter: Setting JMeter property: rampup=30
2021-05-25 10:11:07,341 INFO o.a.j.JMeter: Copyright (c) 1998-2019 The Apache Software Foundation
2021-05-25 10:11:07,341 INFO o.a.j.JMeter: Version 5.1 r1853635
2021-05-25 10:11:07,341 INFO o.a.j.JMeter: java.version=1.8.0_121
2021-05-25 10:11:07,341 INFO o.a.j.JMeter: java.vm.name=Java HotSpot(TM) 64-Bit Server VM
2021-05-25 10:11:07,341 INFO o.a.j.JMeter: os.name=Windows 10
2021-05-25 10:11:07,341 INFO o.a.j.JMeter: os.arch=amd64
2021-05-25 10:11:07,341 INFO o.a.j.JMeter: os.version=10.0
2021-05-25 10:11:07,341 INFO o.a.j.JMeter: file.encoding=Cp1252
2021-05-25 10:11:07,341 INFO o.a.j.JMeter: java.awt.headless=true
2021-05-25 10:11:07,341 INFO o.a.j.JMeter: Max memory     =8589934592
2021-05-25 10:11:07,341 INFO o.a.j.JMeter: Available Processors =6
2021-05-25 10:11:07,344 INFO o.a.j.JMeter: Default Locale=English (EN)
2021-05-25 10:11:07,344 INFO o.a.j.JMeter: JMeter  Locale=English (EN)
2021-05-25 10:11:07,344 INFO o.a.j.JMeter: JMeterHome=D:\apache-jmeter-5.1\apache-jmeter-5.1
2021-05-25 10:11:07,344 INFO o.a.j.JMeter: user.dir  =D:\apache-jmeter-5.1\apache-jmeter-5.1\bin
2021-05-25 10:11:07,345 INFO o.a.j.JMeter: PWD       =D:\apache-jmeter-5.1\apache-jmeter-5.1\bin
2021-05-25 10:11:07,346 INFO o.a.j.JMeter: IP: 172.30.224.67 Name: ZIPLSY2278 FullName: ZIPLSY2278.zycus.net
2021-05-25 10:11:07,348 INFO o.a.j.JMeter: Setting property 'jmeter.reportgenerator.outputdir' to:'C:\xampp\htdocs\PerformancePostgres\L1_iSource_10_AuctionNonPricingRescheduleEvent_2021-05-25_3'
2021-05-25 10:11:07,349 INFO o.a.j.s.FileServer: Default base='D:\apache-jmeter-5.1\apache-jmeter-5.1\bin'
2021-05-25 10:11:07,352 INFO o.a.j.s.FileServer: Set new base='D:\PostrgresMigration\iSource'
2021-05-25 10:11:07,446 INFO o.a.j.s.SaveService: Testplan (JMX) version: 2.2. Testlog (JTL) version: 2.2
2021-05-25 10:11:07,457 INFO o.a.j.s.SaveService: Using SaveService properties file encoding UTF-8
2021-05-25 10:11:07,462 INFO o.a.j.s.SaveService: Using SaveService properties version 5.0
2021-05-25 10:11:07,467 INFO o.a.j.s.SaveService: Loading file: D:\PostrgresMigration\iSource\L1_iSource_AuctionNonPricingRescheduleEvent.jmx
2021-05-25 10:11:07,505 INFO o.a.j.p.h.c.CookieManager: Settings: Delete null: true Check: true Allow variable: true Save: false Prefix: COOKIE_
2021-05-25 10:11:07,509 INFO o.a.j.p.h.c.CacheManager: Will only cache the following methods: [GET]
2021-05-25 10:11:07,517 INFO o.a.j.p.h.s.HTTPSamplerBase: Parser for text/html is org.apache.jmeter.protocol.http.parser.LagartoBasedHtmlParser
2021-05-25 10:11:07,517 INFO o.a.j.p.h.s.HTTPSamplerBase: Parser for application/xhtml+xml is org.apache.jmeter.protocol.http.parser.LagartoBasedHtmlParser
2021-05-25 10:11:07,517 INFO o.a.j.p.h.s.HTTPSamplerBase: Parser for application/xml is org.apache.jmeter.protocol.http.parser.LagartoBasedHtmlParser
2021-05-25 10:11:07,517 INFO o.a.j.p.h.s.HTTPSamplerBase: Parser for text/xml is org.apache.jmeter.protocol.http.parser.LagartoBasedHtmlParser
2021-05-25 10:11:07,518 INFO o.a.j.p.h.s.HTTPSamplerBase: Parser for text/vnd.wap.wml is org.apache.jmeter.protocol.http.parser.RegexpHTMLParser
2021-05-25 10:11:07,518 INFO o.a.j.p.h.s.HTTPSamplerBase: Parser for text/css is org.apache.jmeter.protocol.http.parser.CssParser
2021-05-25 10:11:07,909 INFO o.a.j.JMeter: Creating summariser <summary>
2021-05-25 10:11:07,916 INFO o.a.j.r.d.ReportGenerator: ReportGenerator will use for Parsing the separator: ','
2021-05-25 10:11:07,916 INFO o.a.j.r.d.ReportGenerator: Will generate report at end of test from  results file: D:\PostrgresMigration\iSource\JTL\L1_iSource_10_AuctionNonPricingRescheduleEvent_2021-05-25_3.jtl
2021-05-25 10:11:07,916 INFO o.a.j.r.d.ReportGenerator: Reading report generator properties from: D:\apache-jmeter-5.1\apache-jmeter-5.1\bin\reportgenerator.properties
2021-05-25 10:11:07,917 INFO o.a.j.r.d.ReportGenerator: Merging with JMeter properties
2021-05-25 10:11:07,922 INFO o.a.j.r.c.ReportGeneratorConfiguration: Property 'jmeter.reportgenerator.temp_dir' not found, using default value 'temp' instead.
2021-05-25 10:11:07,925 INFO o.a.j.r.c.ReportGeneratorConfiguration: Property 'jmeter.reportgenerator.apdex_per_transaction' not found, using default value 'null' instead.
2021-05-25 10:11:07,925 INFO o.a.j.r.c.ReportGeneratorConfiguration: apdex_per_transaction : {} is empty, not APDEX per transaction customization
2021-05-25 10:11:07,925 INFO o.a.j.r.c.ReportGeneratorConfiguration: Property 'jmeter.reportgenerator.sample_filter' not found, using default value 'null' instead.
2021-05-25 10:11:07,925 INFO o.a.j.r.c.ReportGeneratorConfiguration: Property 'jmeter.reportgenerator.report_title' not found, using default value 'null' instead.
2021-05-25 10:11:07,925 INFO o.a.j.r.c.ReportGeneratorConfiguration: Property 'jmeter.reportgenerator.start_date' not found, using default value 'null' instead.
2021-05-25 10:11:07,925 INFO o.a.j.r.c.ReportGeneratorConfiguration: Property 'jmeter.reportgenerator.end_date' not found, using default value 'null' instead.
2021-05-25 10:11:07,925 INFO o.a.j.r.c.ReportGeneratorConfiguration: Property 'jmeter.reportgenerator.date_format' not found, using default value 'null' instead.
2021-05-25 10:11:07,925 INFO o.a.j.r.c.ReportGeneratorConfiguration: Will use date range start date: null, end date: null
2021-05-25 10:11:07,930 INFO o.a.j.r.c.ReportGeneratorConfiguration: Property 'jmeter.reportgenerator.graph.totalTPS.exclude_controllers' not found, using default value 'false' instead.
2021-05-25 10:11:07,930 INFO o.a.j.r.c.ReportGeneratorConfiguration: Property 'jmeter.reportgenerator.graph.activeThreadsOverTime.exclude_controllers' not found, using default value 'false' instead.
2021-05-25 10:11:07,930 INFO o.a.j.r.c.ReportGeneratorConfiguration: Property 'jmeter.reportgenerator.graph.timeVsThreads.exclude_controllers' not found, using default value 'false' instead.
2021-05-25 10:11:07,931 INFO o.a.j.r.c.ReportGeneratorConfiguration: Property 'jmeter.reportgenerator.graph.responseTimeDistribution.exclude_controllers' not found, using default value 'false' instead.
2021-05-25 10:11:07,931 INFO o.a.j.r.c.ReportGeneratorConfiguration: Property 'jmeter.reportgenerator.graph.transactionsPerSecond.exclude_controllers' not found, using default value 'false' instead.
2021-05-25 10:11:07,931 INFO o.a.j.r.c.ReportGeneratorConfiguration: Property 'jmeter.reportgenerator.graph.responseTimePercentiles.exclude_controllers' not found, using default value 'false' instead.
2021-05-25 10:11:07,931 INFO o.a.j.r.c.ReportGeneratorConfiguration: Property 'jmeter.reportgenerator.graph.responseTimePercentilesOverTime.exclude_controllers' not found, using default value 'false' instead.
2021-05-25 10:11:07,931 INFO o.a.j.r.c.ReportGeneratorConfiguration: Property 'jmeter.reportgenerator.graph.responseTimesOverTime.exclude_controllers' not found, using default value 'false' instead.
2021-05-25 10:11:07,931 INFO o.a.j.r.c.ReportGeneratorConfiguration: Property 'jmeter.reportgenerator.graph.connectTimeOverTime.exclude_controllers' not found, using default value 'false' instead.
2021-05-25 10:11:07,931 INFO o.a.j.r.c.ReportGeneratorConfiguration: Property 'jmeter.reportgenerator.graph.latenciesOverTime.exclude_controllers' not found, using default value 'false' instead.
2021-05-25 10:11:07,932 INFO o.a.j.r.c.ReportGeneratorConfiguration: Property 'jmeter.reportgenerator.exporter.json.filters_only_sample_series' not found, using default value 'true' instead.
2021-05-25 10:11:07,932 INFO o.a.j.r.c.ReportGeneratorConfiguration: Property 'jmeter.reportgenerator.exporter.json.series_filter' not found, using default value '' instead.
2021-05-25 10:11:07,932 INFO o.a.j.r.c.ReportGeneratorConfiguration: Property 'jmeter.reportgenerator.exporter.json.show_controllers_only' not found, using default value 'false' instead.
2021-05-25 10:11:07,933 INFO o.a.j.r.c.ReportGeneratorConfiguration: Property 'jmeter.reportgenerator.exporter.html.filters_only_sample_series' not found, using default value 'true' instead.
2021-05-25 10:11:07,933 INFO o.a.j.r.c.ReportGeneratorConfiguration: Property 'jmeter.reportgenerator.exporter.html.series_filter' not found, using default value '' instead.
2021-05-25 10:11:07,933 INFO o.a.j.r.c.ReportGeneratorConfiguration: Property 'jmeter.reportgenerator.exporter.html.show_controllers_only' not found, using default value 'false' instead.
2021-05-25 10:11:07,937 INFO o.a.j.e.StandardJMeterEngine: Running the test!
2021-05-25 10:11:07,938 INFO o.a.j.s.SampleEvent: List of sample_variables: []
2021-05-25 10:11:07,938 INFO o.a.j.s.SampleEvent: List of sample_variables: []
2021-05-25 10:11:07,944 INFO o.a.j.e.u.CompoundVariable: Note: Function class names must contain the string: '.functions.'
2021-05-25 10:11:07,944 INFO o.a.j.e.u.CompoundVariable: Note: Function class names must not contain the string: '.gui.'
2021-05-25 10:11:08,408 INFO o.a.j.JMeter: Running test (1621917668408)
2021-05-25 10:11:08,475 INFO o.a.j.e.StandardJMeterEngine: Starting ThreadGroup: 1 : L1-iSource-Auction-NonPricingRescheduleEvent-JOB
2021-05-25 10:11:08,475 INFO o.a.j.e.StandardJMeterEngine: Starting 10 threads for group L1-iSource-Auction-NonPricingRescheduleEvent-JOB.
2021-05-25 10:11:08,475 INFO o.a.j.e.StandardJMeterEngine: Thread will stop on error
2021-05-25 10:11:08,475 INFO o.a.j.t.ThreadGroup: Starting thread group... number=1 threads=10 ramp-up=30 perThread=3000.0 delayedStart=false
2021-05-25 10:11:08,522 INFO o.a.j.s.SampleResult: Note: Sample TimeStamps are START times
2021-05-25 10:11:08,523 INFO o.a.j.s.SampleResult: sampleresult.default.encoding is set to ISO-8859-1
2021-05-25 10:11:08,523 INFO o.a.j.s.SampleResult: sampleresult.useNanoTime=true
2021-05-25 10:11:08,523 INFO o.a.j.s.SampleResult: sampleresult.nanoThreadSleep=5000
2021-05-25 10:11:08,537 INFO o.a.j.t.JMeterThread: Thread started: L1-iSource-Auction-NonPricingRescheduleEvent-JOB 1-1
2021-05-25 10:11:08,540 INFO o.a.j.c.LoopController: iterationStart called on Loop Controller with source org.apache.jmeter.control.LoopController@69d7c344 and iteration 1
2021-05-25 10:11:08,540 INFO o.a.j.c.LoopController: iterationStart called on 5.6# Questions_Text with source org.apache.jmeter.control.LoopController@69d7c344 and iteration 1
2021-05-25 10:11:08,541 INFO o.a.j.s.FileServer: Stored: D:\apache-jmeter-5.1\apache-jmeter-5.1\bin\excel\isource\Partner_ZCS_Users.csv
2021-05-25 10:11:08,561 INFO o.a.j.p.h.s.HTTPHCAbstractImpl: Local host = ZIPLSY2278
2021-05-25 10:11:08,571 INFO o.a.j.p.h.s.HTTPHC4Impl: HTTP request retry count = 0
2021-05-25 10:11:08,664 INFO o.a.j.p.h.s.h.LazyLayeredConnectionSocketFactory: Setting up HTTPS TrustAll Socket Factory
2021-05-25 10:11:08,671 INFO o.a.j.u.JsseSSLManager: Using default SSL protocol: TLS
2021-05-25 10:11:08,671 INFO o.a.j.u.JsseSSLManager: SSL session context: per-thread
2021-05-25 10:11:08,863 INFO o.a.j.t.ThreadGroup: Started thread group number 1
2021-05-25 10:11:08,863 INFO o.a.j.e.StandardJMeterEngine: All thread groups have been started
2021-05-25 10:11:09,134 INFO o.a.j.u.SSLManager: JmeterKeyStore Location:  type JKS
2021-05-25 10:11:09,135 INFO o.a.j.u.SSLManager: KeyStore created OK
2021-05-25 10:11:09,135 WARN o.a.j.u.SSLManager: Keystore file not found, loading empty keystore
2021-05-25 10:11:11,571 INFO o.a.j.t.JMeterThread: Thread started: L1-iSource-Auction-NonPricingRescheduleEvent-JOB 1-2
2021-05-25 10:11:11,572 INFO o.a.j.c.LoopController: iterationStart called on Loop Controller with source org.apache.jmeter.control.LoopController@45bfc258 and iteration 1
2021-05-25 10:11:11,572 INFO o.a.j.c.LoopController: iterationStart called on 5.6# Questions_Text with source org.apache.jmeter.control.LoopController@45bfc258 and iteration 1
2021-05-25 10:11:14,632 INFO o.a.j.t.JMeterThread: Thread started: L1-iSource-Auction-NonPricingRescheduleEvent-JOB 1-3
2021-05-25 10:11:14,634 INFO o.a.j.c.LoopController: iterationStart called on Loop Controller with source org.apache.jmeter.control.LoopController@42e33376 and iteration 1
2021-05-25 10:11:14,634 INFO o.a.j.c.LoopController: iterationStart called on 5.6# Questions_Text with source org.apache.jmeter.control.LoopController@42e33376 and iteration 1
2021-05-25 10:11:17,681 INFO o.a.j.t.JMeterThread: Thread started: L1-iSource-Auction-NonPricingRescheduleEvent-JOB 1-4
2021-05-25 10:11:17,682 INFO o.a.j.c.LoopController: iterationStart called on Loop Controller with source org.apache.jmeter.control.LoopController@219ce25f and iteration 1
2021-05-25 10:11:17,682 INFO o.a.j.c.LoopController: iterationStart called on 5.6# Questions_Text with source org.apache.jmeter.control.LoopController@219ce25f and iteration 1
2021-05-25 10:11:20,717 INFO o.a.j.t.JMeterThread: Thread started: L1-iSource-Auction-NonPricingRescheduleEvent-JOB 1-5
2021-05-25 10:11:20,720 INFO o.a.j.c.LoopController: iterationStart called on Loop Controller with source org.apache.jmeter.control.LoopController@25161bf3 and iteration 1
2021-05-25 10:11:20,720 INFO o.a.j.c.LoopController: iterationStart called on 5.6# Questions_Text with source org.apache.jmeter.control.LoopController@25161bf3 and iteration 1
2021-05-25 10:11:23,750 INFO o.a.j.t.JMeterThread: Thread started: L1-iSource-Auction-NonPricingRescheduleEvent-JOB 1-6
2021-05-25 10:11:23,753 INFO o.a.j.c.LoopController: iterationStart called on Loop Controller with source org.apache.jmeter.control.LoopController@75a861d0 and iteration 1
2021-05-25 10:11:23,753 INFO o.a.j.c.LoopController: iterationStart called on 5.6# Questions_Text with source org.apache.jmeter.control.LoopController@75a861d0 and iteration 1
2021-05-25 10:11:26,784 INFO o.a.j.t.JMeterThread: Thread started: L1-iSource-Auction-NonPricingRescheduleEvent-JOB 1-7
2021-05-25 10:11:26,784 INFO o.a.j.c.LoopController: iterationStart called on Loop Controller with source org.apache.jmeter.control.LoopController@38322542 and iteration 1
2021-05-25 10:11:26,784 INFO o.a.j.c.LoopController: iterationStart called on 5.6# Questions_Text with source org.apache.jmeter.control.LoopController@38322542 and iteration 1
2021-05-25 10:11:29,814 INFO o.a.j.t.JMeterThread: Thread started: L1-iSource-Auction-NonPricingRescheduleEvent-JOB 1-8
2021-05-25 10:11:29,814 INFO o.a.j.c.LoopController: iterationStart called on Loop Controller with source org.apache.jmeter.control.LoopController@349a6877 and iteration 1
2021-05-25 10:11:29,814 INFO o.a.j.c.LoopController: iterationStart called on 5.6# Questions_Text with source org.apache.jmeter.control.LoopController@349a6877 and iteration 1
2021-05-25 10:11:30,139 INFO o.a.j.r.Summariser: summary +     88 in 00:00:22 =    4.0/s Avg:   328 Min:    15 Max:  1823 Err:     0 (0.00%) Active: 8 Started: 8 Finished: 0
2021-05-25 10:11:32,840 INFO o.a.j.t.JMeterThread: Thread started: L1-iSource-Auction-NonPricingRescheduleEvent-JOB 1-9
2021-05-25 10:11:32,841 INFO o.a.j.c.LoopController: iterationStart called on Loop Controller with source org.apache.jmeter.control.LoopController@116188b8 and iteration 1
2021-05-25 10:11:32,841 INFO o.a.j.c.LoopController: iterationStart called on 5.6# Questions_Text with source org.apache.jmeter.control.LoopController@116188b8 and iteration 1
2021-05-25 10:11:35,872 INFO o.a.j.t.JMeterThread: Thread started: L1-iSource-Auction-NonPricingRescheduleEvent-JOB 1-10
2021-05-25 10:11:35,872 INFO o.a.j.c.LoopController: iterationStart called on Loop Controller with source org.apache.jmeter.control.LoopController@14ab8c88 and iteration 1
2021-05-25 10:11:35,873 INFO o.a.j.c.LoopController: iterationStart called on 5.6# Questions_Text with source org.apache.jmeter.control.LoopController@14ab8c88 and iteration 1
2021-05-25 10:12:00,461 INFO o.a.j.r.Summariser: summary +    175 in 00:00:30 =    5.8/s Avg:  1023 Min:    13 Max: 15133 Err:     0 (0.00%) Active: 10 Started: 10 Finished: 0
2021-05-25 10:12:00,462 INFO o.a.j.r.Summariser: summary =    263 in 00:00:52 =    5.1/s Avg:   790 Min:    13 Max: 15133 Err:     0 (0.00%)
2021-05-25 10:12:30,306 INFO o.a.j.r.Summariser: summary +    107 in 00:00:30 =    3.6/s Avg:  1661 Min:   271 Max: 14816 Err:     0 (0.00%) Active: 10 Started: 10 Finished: 0
2021-05-25 10:12:30,307 INFO o.a.j.r.Summariser: summary =    370 in 00:01:22 =    4.5/s Avg:  1042 Min:    13 Max: 15133 Err:     0 (0.00%)
2021-05-25 10:12:59,063 INFO o.a.j.s.FileServer: Stored: D:\apache-jmeter-5.1\apache-jmeter-5.1\bin\excel\isource\buyer_5_items.xlsx
2021-05-25 10:13:00,123 INFO o.a.j.r.Summariser: summary +    158 in 00:00:30 =    5.3/s Avg:   662 Min:   281 Max:  2353 Err:     0 (0.00%) Active: 10 Started: 10 Finished: 0
2021-05-25 10:13:00,124 INFO o.a.j.r.Summariser: summary =    528 in 00:01:52 =    4.7/s Avg:   928 Min:    13 Max: 15133 Err:     0 (0.00%)
2021-05-25 10:13:30,102 INFO o.a.j.r.Summariser: summary +    102 in 00:00:30 =    3.4/s Avg:  1802 Min:   244 Max:  8431 Err:     0 (0.00%) Active: 10 Started: 10 Finished: 0
2021-05-25 10:13:30,103 INFO o.a.j.r.Summariser: summary =    630 in 00:02:22 =    4.4/s Avg:  1070 Min:    13 Max: 15133 Err:     0 (0.00%)
2021-05-25 10:14:00,033 INFO o.a.j.r.Summariser: summary +    230 in 00:00:30 =    7.7/s Avg:   888 Min:   281 Max:  6853 Err:     0 (0.00%) Active: 10 Started: 10 Finished: 0
2021-05-25 10:14:00,033 INFO o.a.j.r.Summariser: summary =    860 in 00:02:52 =    5.0/s Avg:  1021 Min:    13 Max: 15133 Err:     0 (0.00%)
2021-05-25 10:14:10,323 INFO o.a.j.t.JMeterThread: Stop Thread detected by thread: L1-iSource-Auction-NonPricingRescheduleEvent-JOB 1-3
2021-05-25 10:14:10,323 INFO o.a.j.t.JMeterThread: Thread finished: L1-iSource-Auction-NonPricingRescheduleEvent-JOB 1-3
2021-05-25 10:14:19,514 ERROR o.a.j.u.BeanShellInterpreter: Error invoking bsh method: eval	Sourced file: inline evaluation of: ``String totalRecords = vars.get("totalRecords"); String perpage = vars.get("perpa . . . '' : Typed variable declaration : Method Invocation Integer.parseInt
2021-05-25 10:14:19,514 WARN o.a.j.e.BeanShellPostProcessor: Problem in BeanShell script: org.apache.jorphan.util.JMeterException: Error invoking bsh method: eval	Sourced file: inline evaluation of: ``String totalRecords = vars.get("totalRecords"); String perpage = vars.get("perpa . . . '' : Typed variable declaration : Method Invocation Integer.parseInt
2021-05-25 10:14:21,831 ERROR o.a.j.u.BeanShellInterpreter: Error invoking bsh method: eval	Sourced file: inline evaluation of: ``String totalRecords = vars.get("totalRecords"); String perpage = vars.get("perpa . . . '' : Typed variable declaration : Method Invocation Integer.parseInt
2021-05-25 10:14:21,831 WARN o.a.j.e.BeanShellPostProcessor: Problem in BeanShell script: org.apache.jorphan.util.JMeterException: Error invoking bsh method: eval	Sourced file: inline evaluation of: ``String totalRecords = vars.get("totalRecords"); String perpage = vars.get("perpa . . . '' : Typed variable declaration : Method Invocation Integer.parseInt
2021-05-25 10:14:24,101 ERROR o.a.j.u.BeanShellInterpreter: Error invoking bsh method: eval	Sourced file: inline evaluation of: ``String totalRecords = vars.get("totalRecords"); String perpage = vars.get("perpa . . . '' : Typed variable declaration : Method Invocation Integer.parseInt
2021-05-25 10:14:24,101 WARN o.a.j.e.BeanShellPostProcessor: Problem in BeanShell script: org.apache.jorphan.util.JMeterException: Error invoking bsh method: eval	Sourced file: inline evaluation of: ``String totalRecords = vars.get("totalRecords"); String perpage = vars.get("perpa . . . '' : Typed variable declaration : Method Invocation Integer.parseInt
2021-05-25 10:14:26,134 ERROR o.a.j.u.BeanShellInterpreter: Error invoking bsh method: eval	Sourced file: inline evaluation of: ``String totalRecords = vars.get("totalRecords"); String perpage = vars.get("perpa . . . '' : Typed variable declaration : Method Invocation Integer.parseInt
2021-05-25 10:14:26,134 WARN o.a.j.e.BeanShellPostProcessor: Problem in BeanShell script: org.apache.jorphan.util.JMeterException: Error invoking bsh method: eval	Sourced file: inline evaluation of: ``String totalRecords = vars.get("totalRecords"); String perpage = vars.get("perpa . . . '' : Typed variable declaration : Method Invocation Integer.parseInt
2021-05-25 10:14:28,939 ERROR o.a.j.u.BeanShellInterpreter: Error invoking bsh method: eval	Sourced file: inline evaluation of: ``String totalRecords = vars.get("totalRecords"); String perpage = vars.get("perpa . . . '' : Typed variable declaration : Method Invocation Integer.parseInt
2021-05-25 10:14:28,939 WARN o.a.j.e.BeanShellPostProcessor: Problem in BeanShell script: org.apache.jorphan.util.JMeterException: Error invoking bsh method: eval	Sourced file: inline evaluation of: ``String totalRecords = vars.get("totalRecords"); String perpage = vars.get("perpa . . . '' : Typed variable declaration : Method Invocation Integer.parseInt
2021-05-25 10:14:30,017 INFO o.a.j.r.Summariser: summary +    259 in 00:00:30 =    8.6/s Avg:   682 Min:   276 Max:  5779 Err:     1 (0.39%) Active: 9 Started: 10 Finished: 1
2021-05-25 10:14:30,017 INFO o.a.j.r.Summariser: summary =   1119 in 00:03:22 =    5.6/s Avg:   943 Min:    13 Max: 15133 Err:     1 (0.09%)
2021-05-25 10:14:31,380 ERROR o.a.j.u.BeanShellInterpreter: Error invoking bsh method: eval	Sourced file: inline evaluation of: ``String totalRecords = vars.get("totalRecords"); String perpage = vars.get("perpa . . . '' : Typed variable declaration : Method Invocation Integer.parseInt
2021-05-25 10:14:31,380 WARN o.a.j.e.BeanShellPostProcessor: Problem in BeanShell script: org.apache.jorphan.util.JMeterException: Error invoking bsh method: eval	Sourced file: inline evaluation of: ``String totalRecords = vars.get("totalRecords"); String perpage = vars.get("perpa . . . '' : Typed variable declaration : Method Invocation Integer.parseInt
2021-05-25 10:14:35,543 ERROR o.a.j.u.BeanShellInterpreter: Error invoking bsh method: eval	Sourced file: inline evaluation of: ``String totalRecords = vars.get("totalRecords"); String perpage = vars.get("perpa . . . '' : Typed variable declaration : Method Invocation Integer.parseInt
2021-05-25 10:14:35,543 WARN o.a.j.e.BeanShellPostProcessor: Problem in BeanShell script: org.apache.jorphan.util.JMeterException: Error invoking bsh method: eval	Sourced file: inline evaluation of: ``String totalRecords = vars.get("totalRecords"); String perpage = vars.get("perpa . . . '' : Typed variable declaration : Method Invocation Integer.parseInt
2021-05-25 10:14:37,461 ERROR o.a.j.u.BeanShellInterpreter: Error invoking bsh method: eval	Sourced file: inline evaluation of: ``String totalRecords = vars.get("totalRecords"); String perpage = vars.get("perpa . . . '' : Typed variable declaration : Method Invocation Integer.parseInt
2021-05-25 10:14:37,461 WARN o.a.j.e.BeanShellPostProcessor: Problem in BeanShell script: org.apache.jorphan.util.JMeterException: Error invoking bsh method: eval	Sourced file: inline evaluation of: ``String totalRecords = vars.get("totalRecords"); String perpage = vars.get("perpa . . . '' : Typed variable declaration : Method Invocation Integer.parseInt
2021-05-25 10:14:41,537 ERROR o.a.j.u.BeanShellInterpreter: Error invoking bsh method: eval	Sourced file: inline evaluation of: ``String totalRecords = vars.get("totalRecords"); String perpage = vars.get("perpa . . . '' : Typed variable declaration : Method Invocation Integer.parseInt
2021-05-25 10:14:41,537 WARN o.a.j.e.BeanShellPostProcessor: Problem in BeanShell script: org.apache.jorphan.util.JMeterException: Error invoking bsh method: eval	Sourced file: inline evaluation of: ``String totalRecords = vars.get("totalRecords"); String perpage = vars.get("perpa . . . '' : Typed variable declaration : Method Invocation Integer.parseInt
2021-05-25 10:15:00,310 INFO o.a.j.r.Summariser: summary +     52 in 00:00:30 =    1.7/s Avg:  3475 Min:   301 Max: 10581 Err:     0 (0.00%) Active: 9 Started: 10 Finished: 1
2021-05-25 10:15:00,310 INFO o.a.j.r.Summariser: summary =   1171 in 00:03:52 =    5.0/s Avg:  1055 Min:    13 Max: 15133 Err:     1 (0.09%)
2021-05-25 10:15:30,289 INFO o.a.j.r.Summariser: summary +     93 in 00:00:30 =    3.1/s Avg:  2332 Min:   249 Max: 10938 Err:     0 (0.00%) Active: 9 Started: 10 Finished: 1
2021-05-25 10:15:30,289 INFO o.a.j.r.Summariser: summary =   1264 in 00:04:22 =    4.8/s Avg:  1149 Min:    13 Max: 15133 Err:     1 (0.08%)
2021-05-25 10:16:00,134 INFO o.a.j.r.Summariser: summary +    106 in 00:00:30 =    3.6/s Avg:  2081 Min:   253 Max: 15610 Err:     0 (0.00%) Active: 9 Started: 10 Finished: 1
2021-05-25 10:16:00,134 INFO o.a.j.r.Summariser: summary =   1370 in 00:04:52 =    4.7/s Avg:  1221 Min:    13 Max: 15610 Err:     1 (0.07%)
2021-05-25 10:16:13,920 INFO o.a.j.s.FileServer: Stored: D:\apache-jmeter-5.1\apache-jmeter-5.1\bin\excel\isource\suppliers_partner.csv Alias: D:\apache-jmeter-5.1\apache-jmeter-5.1\bin\excel\isource\suppliers_partner.csv@584157293
2021-05-25 10:16:30,425 INFO o.a.j.r.Summariser: summary +     94 in 00:00:30 =    3.1/s Avg:  1893 Min:   245 Max: 14989 Err:     0 (0.00%) Active: 9 Started: 10 Finished: 1
2021-05-25 10:16:30,425 INFO o.a.j.r.Summariser: summary =   1464 in 00:05:22 =    4.5/s Avg:  1264 Min:    13 Max: 15610 Err:     1 (0.07%)
2021-05-25 10:17:00,074 INFO o.a.j.r.Summariser: summary +     91 in 00:00:30 =    3.1/s Avg:  1310 Min:   229 Max:  9478 Err:     0 (0.00%) Active: 9 Started: 10 Finished: 1
2021-05-25 10:17:00,074 INFO o.a.j.r.Summariser: summary =   1555 in 00:05:52 =    4.4/s Avg:  1267 Min:    13 Max: 15610 Err:     1 (0.06%)
2021-05-25 10:17:30,095 INFO o.a.j.r.Summariser: summary +    128 in 00:00:30 =    4.3/s Avg:  1388 Min:   214 Max:  9181 Err:     0 (0.00%) Active: 9 Started: 10 Finished: 1
2021-05-25 10:17:30,095 INFO o.a.j.r.Summariser: summary =   1683 in 00:06:22 =    4.4/s Avg:  1276 Min:    13 Max: 15610 Err:     1 (0.06%)
2021-05-25 10:18:00,758 INFO o.a.j.r.Summariser: summary +    101 in 00:00:31 =    3.3/s Avg:  1700 Min:   214 Max:  6594 Err:     0 (0.00%) Active: 9 Started: 10 Finished: 1
2021-05-25 10:18:00,758 INFO o.a.j.r.Summariser: summary =   1784 in 00:06:52 =    4.3/s Avg:  1300 Min:    13 Max: 15610 Err:     1 (0.06%)
2021-05-25 10:19:30,932 INFO o.a.j.r.Summariser: summary +     23 in 00:01:30 =    0.3/s Avg:  2099 Min:   222 Max:  7777 Err:     0 (0.00%) Active: 9 Started: 10 Finished: 1
2021-05-25 10:19:30,933 INFO o.a.j.r.Summariser: summary =   1807 in 00:08:23 =    3.6/s Avg:  1310 Min:    13 Max: 15610 Err:     1 (0.06%)
2021-05-25 10:20:00,532 INFO o.a.j.r.Summariser: summary +     77 in 00:00:30 =    2.6/s Avg:  1772 Min:   211 Max:  8490 Err:     0 (0.00%) Active: 9 Started: 10 Finished: 1
2021-05-25 10:20:00,533 INFO o.a.j.r.Summariser: summary =   1884 in 00:08:52 =    3.5/s Avg:  1329 Min:    13 Max: 15610 Err:     1 (0.05%)
2021-05-25 10:20:30,253 INFO o.a.j.r.Summariser: summary +     96 in 00:00:30 =    3.2/s Avg:  2369 Min:   215 Max:  8929 Err:     0 (0.00%) Active: 9 Started: 10 Finished: 1
2021-05-25 10:20:30,253 INFO o.a.j.r.Summariser: summary =   1980 in 00:09:22 =    3.5/s Avg:  1380 Min:    13 Max: 15610 Err:     1 (0.05%)
2021-05-25 10:21:00,015 INFO o.a.j.r.Summariser: summary +    105 in 00:00:30 =    3.5/s Avg:  1025 Min:   209 Max:  7382 Err:     0 (0.00%) Active: 9 Started: 10 Finished: 1
2021-05-25 10:21:00,015 INFO o.a.j.r.Summariser: summary =   2085 in 00:09:52 =    3.5/s Avg:  1362 Min:    13 Max: 15610 Err:     1 (0.05%)
2021-05-25 10:21:30,275 INFO o.a.j.r.Summariser: summary +    137 in 00:00:30 =    4.5/s Avg:  1239 Min:   218 Max:  7941 Err:     0 (0.00%) Active: 9 Started: 10 Finished: 1
2021-05-25 10:21:30,275 INFO o.a.j.r.Summariser: summary =   2222 in 00:10:22 =    3.6/s Avg:  1354 Min:    13 Max: 15610 Err:     1 (0.05%)
2021-05-25 10:22:00,042 INFO o.a.j.r.Summariser: summary +    102 in 00:00:30 =    3.4/s Avg:  1511 Min:   212 Max:  5838 Err:     0 (0.00%) Active: 9 Started: 10 Finished: 1
2021-05-25 10:22:00,042 INFO o.a.j.r.Summariser: summary =   2324 in 00:10:52 =    3.6/s Avg:  1361 Min:    13 Max: 15610 Err:     1 (0.04%)
2021-05-25 10:23:32,906 INFO o.a.j.r.Summariser: summary +     53 in 00:01:33 =    0.6/s Avg:  1453 Min:   211 Max:  7191 Err:     0 (0.00%) Active: 9 Started: 10 Finished: 1
2021-05-25 10:23:32,907 INFO o.a.j.r.Summariser: summary =   2377 in 00:12:24 =    3.2/s Avg:  1363 Min:    13 Max: 15610 Err:     1 (0.04%)
2021-05-25 10:24:00,367 INFO o.a.j.r.Summariser: summary +     70 in 00:00:27 =    2.5/s Avg:  1464 Min:   214 Max:  8126 Err:     0 (0.00%) Active: 9 Started: 10 Finished: 1
2021-05-25 10:24:00,367 INFO o.a.j.r.Summariser: summary =   2447 in 00:12:52 =    3.2/s Avg:  1366 Min:    13 Max: 15610 Err:     1 (0.04%)
2021-05-25 10:24:30,050 INFO o.a.j.r.Summariser: summary +    116 in 00:00:30 =    3.9/s Avg:  1925 Min:   215 Max:  8662 Err:     0 (0.00%) Active: 9 Started: 10 Finished: 1
2021-05-25 10:24:30,050 INFO o.a.j.r.Summariser: summary =   2563 in 00:13:22 =    3.2/s Avg:  1391 Min:    13 Max: 15610 Err:     1 (0.04%)
2021-05-25 10:25:00,301 INFO o.a.j.r.Summariser: summary +    141 in 00:00:30 =    4.7/s Avg:  1544 Min:   232 Max: 14487 Err:     0 (0.00%) Active: 9 Started: 10 Finished: 1
2021-05-25 10:25:00,302 INFO o.a.j.r.Summariser: summary =   2704 in 00:13:52 =    3.3/s Avg:  1399 Min:    13 Max: 15610 Err:     1 (0.04%)
2021-05-25 10:25:30,195 INFO o.a.j.r.Summariser: summary +    110 in 00:00:30 =    3.7/s Avg:  1706 Min:   279 Max: 14241 Err:     0 (0.00%) Active: 9 Started: 10 Finished: 1
2021-05-25 10:25:30,195 INFO o.a.j.r.Summariser: summary =   2814 in 00:14:22 =    3.3/s Avg:  1411 Min:    13 Max: 15610 Err:     1 (0.04%)
2021-05-25 10:26:20,304 INFO o.a.j.t.JMeterThread: Stop Thread detected by thread: L1-iSource-Auction-NonPricingRescheduleEvent-JOB 1-1
2021-05-25 10:26:20,305 INFO o.a.j.t.JMeterThread: Thread finished: L1-iSource-Auction-NonPricingRescheduleEvent-JOB 1-1
2021-05-25 10:26:30,007 INFO o.a.j.r.Summariser: summary +     92 in 00:01:00 =    1.5/s Avg:  7772 Min:   274 Max: 600631 Err:     1 (1.09%) Active: 8 Started: 10 Finished: 2
2021-05-25 10:26:30,008 INFO o.a.j.r.Summariser: summary =   2906 in 00:15:22 =    3.2/s Avg:  1613 Min:    13 Max: 600631 Err:     2 (0.07%)
2021-05-25 10:27:02,018 INFO o.a.j.r.Summariser: summary +     68 in 00:00:32 =    2.1/s Avg:  1904 Min:   271 Max: 12101 Err:     0 (0.00%) Active: 8 Started: 10 Finished: 2
2021-05-25 10:27:02,018 INFO o.a.j.r.Summariser: summary =   2974 in 00:15:54 =    3.1/s Avg:  1619 Min:    13 Max: 600631 Err:     2 (0.07%)
2021-05-25 10:27:29,375 INFO o.a.j.t.JMeterThread: Thread is done: L1-iSource-Auction-NonPricingRescheduleEvent-JOB 1-2
2021-05-25 10:27:29,375 INFO o.a.j.t.JMeterThread: Thread finished: L1-iSource-Auction-NonPricingRescheduleEvent-JOB 1-2
2021-05-25 10:27:30,072 INFO o.a.j.r.Summariser: summary +     23 in 00:00:28 =    0.8/s Avg:  1503 Min:   260 Max: 11221 Err:     0 (0.00%) Active: 7 Started: 10 Finished: 3
2021-05-25 10:27:30,073 INFO o.a.j.r.Summariser: summary =   2997 in 00:16:22 =    3.1/s Avg:  1618 Min:    13 Max: 600631 Err:     2 (0.07%)
2021-05-25 10:27:35,017 INFO o.a.j.t.JMeterThread: Thread is done: L1-iSource-Auction-NonPricingRescheduleEvent-JOB 1-4
2021-05-25 10:27:35,018 INFO o.a.j.t.JMeterThread: Thread finished: L1-iSource-Auction-NonPricingRescheduleEvent-JOB 1-4
2021-05-25 10:27:36,292 INFO o.a.j.t.JMeterThread: Thread is done: L1-iSource-Auction-NonPricingRescheduleEvent-JOB 1-6
2021-05-25 10:27:36,292 INFO o.a.j.t.JMeterThread: Thread finished: L1-iSource-Auction-NonPricingRescheduleEvent-JOB 1-6
2021-05-25 10:27:36,452 INFO o.a.j.t.JMeterThread: Thread is done: L1-iSource-Auction-NonPricingRescheduleEvent-JOB 1-7
2021-05-25 10:27:36,452 INFO o.a.j.t.JMeterThread: Thread finished: L1-iSource-Auction-NonPricingRescheduleEvent-JOB 1-7
2021-05-25 10:27:45,588 INFO o.a.j.t.JMeterThread: Thread is done: L1-iSource-Auction-NonPricingRescheduleEvent-JOB 1-5
2021-05-25 10:27:45,588 INFO o.a.j.t.JMeterThread: Thread finished: L1-iSource-Auction-NonPricingRescheduleEvent-JOB 1-5
2021-05-25 10:27:55,743 INFO o.a.j.t.JMeterThread: Thread is done: L1-iSource-Auction-NonPricingRescheduleEvent-JOB 1-9
2021-05-25 10:27:55,744 INFO o.a.j.t.JMeterThread: Thread finished: L1-iSource-Auction-NonPricingRescheduleEvent-JOB 1-9
2021-05-25 10:27:55,933 INFO o.a.j.t.JMeterThread: Thread is done: L1-iSource-Auction-NonPricingRescheduleEvent-JOB 1-8
2021-05-25 10:27:55,933 INFO o.a.j.t.JMeterThread: Thread finished: L1-iSource-Auction-NonPricingRescheduleEvent-JOB 1-8
2021-05-25 10:27:57,766 INFO o.a.j.t.JMeterThread: Thread is done: L1-iSource-Auction-NonPricingRescheduleEvent-JOB 1-10
2021-05-25 10:27:57,766 INFO o.a.j.t.JMeterThread: Thread finished: L1-iSource-Auction-NonPricingRescheduleEvent-JOB 1-10
2021-05-25 10:27:57,768 INFO o.a.j.e.StandardJMeterEngine: Notifying test listeners of end of test
2021-05-25 10:27:57,768 INFO o.a.j.s.FileServer: Close: D:\apache-jmeter-5.1\apache-jmeter-5.1\bin\excel\isource\suppliers_partner.csv@584157293
2021-05-25 10:27:57,768 INFO o.a.j.s.FileServer: Close: D:\apache-jmeter-5.1\apache-jmeter-5.1\bin\excel\isource\Partner_ZCS_Users.csv
2021-05-25 10:27:57,770 INFO o.a.j.r.Summariser: summary +     68 in 00:00:28 =    2.5/s Avg:   625 Min:   248 Max:  1418 Err:     0 (0.00%) Active: 0 Started: 10 Finished: 10
2021-05-25 10:27:57,770 INFO o.a.j.r.Summariser: summary =   3065 in 00:16:49 =    3.0/s Avg:  1596 Min:    13 Max: 600631 Err:     2 (0.07%)
2021-05-25 10:27:57,771 INFO o.a.j.JMeter: Generating Dashboard
2021-05-25 10:27:57,771 INFO o.a.j.r.d.ReportGenerator: Flushing result collector before report Generation
2021-05-25 10:27:57,786 INFO o.a.j.r.p.NormalizerSampleConsumer: Using format, 'ms', to parse timeStamp field
2021-05-25 10:27:57,985 INFO o.a.j.r.p.AbstractSampleConsumer: class org.apache.jmeter.report.processor.AggregateConsumer#stopProducing(): beginDate produced 0 samples
2021-05-25 10:27:57,986 INFO o.a.j.r.p.AbstractSampleConsumer: class org.apache.jmeter.report.processor.AggregateConsumer#stopProducing(): endDate produced 0 samples
2021-05-25 10:27:57,988 INFO o.a.j.r.p.AbstractSampleConsumer: class org.apache.jmeter.report.processor.ApdexSummaryConsumer#stopProducing(): apdexSummary produced 0 samples
2021-05-25 10:27:57,988 INFO o.a.j.r.p.AbstractSampleConsumer: class org.apache.jmeter.report.processor.RequestsSummaryConsumer#stopProducing(): requestsSummary produced 0 samples
2021-05-25 10:27:57,997 INFO o.a.j.r.p.AbstractSampleConsumer: class org.apache.jmeter.report.processor.StatisticsSummaryConsumer#stopProducing(): statisticsSummary produced 0 samples
2021-05-25 10:27:58,001 INFO o.a.j.r.p.AbstractSampleConsumer: class org.apache.jmeter.report.processor.Top5ErrorsBySamplerConsumer#stopProducing(): top5ErrorsBySampler produced 0 samples
2021-05-25 10:27:58,001 INFO o.a.j.r.p.AbstractSampleConsumer: class org.apache.jmeter.report.processor.ErrorsSummaryConsumer#stopProducing(): errorsSummary produced 0 samples
2021-05-25 10:27:58,001 INFO o.a.j.r.p.AbstractSampleConsumer: class org.apache.jmeter.report.processor.graph.impl.HitsPerSecondGraphConsumer#stopProducing(): hitsPerSecond produced 0 samples
2021-05-25 10:27:58,031 INFO o.a.j.r.p.AbstractSampleConsumer: class org.apache.jmeter.report.processor.graph.impl.LatencyVSRequestGraphConsumer#stopProducing(): latencyVsRequest produced 0 samples
2021-05-25 10:27:58,032 INFO o.a.j.r.p.AbstractSampleConsumer: class org.apache.jmeter.report.processor.graph.impl.SyntheticResponseTimeDistributionGraphConsumer#stopProducing(): syntheticResponseTimeDistribution produced 0 samples
2021-05-25 10:27:58,032 INFO o.a.j.r.p.AbstractSampleConsumer: class org.apache.jmeter.report.processor.graph.impl.BytesThroughputGraphConsumer#stopProducing(): bytesThroughputOverTime produced 0 samples
2021-05-25 10:27:58,032 INFO o.a.j.r.p.AbstractSampleConsumer: class org.apache.jmeter.report.processor.graph.impl.CodesPerSecondGraphConsumer#stopProducing(): codesPerSecond produced 0 samples
2021-05-25 10:27:58,059 INFO o.a.j.r.p.AbstractSampleConsumer: class org.apache.jmeter.report.processor.graph.impl.ResponseTimeVSRequestGraphConsumer#stopProducing(): responseTimeVsRequest produced 0 samples
2021-05-25 10:27:58,060 INFO o.a.j.r.p.AbstractSampleConsumer: class org.apache.jmeter.report.processor.FilterConsumer#stopProducing(): startIntervalControlerFilter produced 21455 samples
2021-05-25 10:27:58,060 INFO o.a.j.r.p.AbstractSampleConsumer: class org.apache.jmeter.report.processor.graph.impl.TotalTPSGraphConsumer#stopProducing(): totalTPS produced 0 samples
2021-05-25 10:27:58,060 INFO o.a.j.r.p.AbstractSampleConsumer: class org.apache.jmeter.report.processor.graph.impl.ActiveThreadsGraphConsumer#stopProducing(): activeThreadsOverTime produced 0 samples
2021-05-25 10:27:58,060 INFO o.a.j.r.p.AbstractSampleConsumer: class org.apache.jmeter.report.processor.graph.impl.TimeVSThreadGraphConsumer#stopProducing(): timeVsThreads produced 0 samples
2021-05-25 10:27:58,076 INFO o.a.j.r.p.AbstractSampleConsumer: class org.apache.jmeter.report.processor.graph.impl.ResponseTimeDistributionGraphConsumer#stopProducing(): responseTimeDistribution produced 0 samples
2021-05-25 10:27:58,079 INFO o.a.j.r.p.AbstractSampleConsumer: class org.apache.jmeter.report.processor.graph.impl.TransactionsPerSecondGraphConsumer#stopProducing(): transactionsPerSecond produced 0 samples
2021-05-25 10:27:58,081 INFO o.a.j.r.p.AbstractSampleConsumer: class org.apache.jmeter.report.processor.graph.impl.ResponseTimePercentilesGraphConsumer#stopProducing(): responseTimePercentiles produced 0 samples
2021-05-25 10:27:58,112 INFO o.a.j.r.p.AbstractSampleConsumer: class org.apache.jmeter.report.processor.graph.impl.ResponseTimePercentilesOverTimeGraphConsumer#stopProducing(): responseTimePercentilesOverTime produced 0 samples
2021-05-25 10:27:58,112 INFO o.a.j.r.p.AbstractSampleConsumer: class org.apache.jmeter.report.processor.graph.impl.ResponseTimeOverTimeGraphConsumer#stopProducing(): responseTimesOverTime produced 0 samples
2021-05-25 10:27:58,115 INFO o.a.j.r.p.AbstractSampleConsumer: class org.apache.jmeter.report.processor.graph.impl.ConnectTimeOverTimeGraphConsumer#stopProducing(): connectTimeOverTime produced 0 samples
2021-05-25 10:27:58,117 INFO o.a.j.r.p.AbstractSampleConsumer: class org.apache.jmeter.report.processor.graph.impl.LatencyOverTimeGraphConsumer#stopProducing(): latenciesOverTime produced 0 samples
2021-05-25 10:27:58,119 INFO o.a.j.r.p.AbstractSampleConsumer: class org.apache.jmeter.report.processor.FilterConsumer#stopProducing(): nameFilter produced 53445 samples
2021-05-25 10:27:58,119 INFO o.a.j.r.p.AbstractSampleConsumer: class org.apache.jmeter.report.processor.FilterConsumer#stopProducing(): dateRangeFilter produced 10689 samples
2021-05-25 10:27:58,119 INFO o.a.j.r.p.AbstractSampleConsumer: class org.apache.jmeter.report.processor.NormalizerSampleConsumer#stopProducing(): normalizer produced 3563 samples
2021-05-25 10:27:58,120 INFO o.a.j.r.p.CsvFileSampleSource: produce(): 3563 samples produced in 316ms on channel 0
2021-05-25 10:27:58,120 INFO o.a.j.r.d.ReportGenerator: Exporting data using exporter:'json' of className:'org.apache.jmeter.report.dashboard.JsonExporter'
2021-05-25 10:27:58,121 INFO o.a.j.r.d.JsonExporter: Found data for consumer statisticsSummary in context
2021-05-25 10:27:58,121 INFO o.a.j.r.d.JsonExporter: Creating statistics for overall
2021-05-25 10:27:58,122 INFO o.a.j.r.d.JsonExporter: Creating statistics for other transactions
2021-05-25 10:27:58,123 INFO o.a.j.r.d.JsonExporter: Checking output folder
2021-05-25 10:27:58,124 INFO o.a.j.r.d.JsonExporter: Writing statistics JSON to C:\xampp\htdocs\PerformancePostgres\L1_iSource_10_AuctionNonPricingRescheduleEvent_2021-05-25_3\statistics.json
2021-05-25 10:27:58,259 INFO o.a.j.r.d.ReportGenerator: Exporting data using exporter:'html' of className:'org.apache.jmeter.report.dashboard.HtmlTemplateExporter'
2021-05-25 10:27:58,261 INFO o.a.j.r.d.HtmlTemplateExporter: Will generate dashboard in folder: C:\xampp\htdocs\PerformancePostgres\L1_iSource_10_AuctionNonPricingRescheduleEvent_2021-05-25_3
2021-05-25 10:27:58,658 INFO o.a.j.r.d.HtmlTemplateExporter: Report will be generated in: C:\xampp\htdocs\PerformancePostgres\L1_iSource_10_AuctionNonPricingRescheduleEvent_2021-05-25_3, creating folder structure
2021-05-25 10:27:58,661 INFO o.a.j.r.d.TemplateVisitor: Copying folder from 'D:\apache-jmeter-5.1\apache-jmeter-5.1\bin\report-template' to 'C:\xampp\htdocs\PerformancePostgres\L1_iSource_10_AuctionNonPricingRescheduleEvent_2021-05-25_3', got message:[C:\xampp\htdocs\PerformancePostgres\L1_iSource_10_AuctionNonPricingRescheduleEvent_2021-05-25_3\statistics.json], found non empty folder with following content {}, will be ignored
2021-05-25 10:27:59,369 INFO o.a.j.JMeter: Dashboard generated
